<?xml version="1.0"?>
<!--BedMasterEx StpToXml Converter Version 8.2-->
<BedMasterEx>
      <FileInfo>
            <Filename>R:\RNICU_3311-3-1513885893.Stp</Filename>
            <Size>106422</Size>
            <EndByte />
            <Unit>RNICU</Unit>
            <Bed>3311</Bed>
            <FamilyType>Philips</FamilyType>
      </FileInfo>


<Segment N="0" Offset="0">
      <Waveforms CollectionTime="12/21/2017 1:51:34 PM" CollectionTimeUTC="1513885894" TTX="" DisplayOrder="">
            <WaveformData ID="3230796" Label="RESP" UOM="Ohms" Cal="0,1,1230,2867" SampleRate="125" SamplePeriodInMsec="1000" Samples="125">-0.2,-0.2,-0.2,-0.2,-0.2,-0.2,-0.2,-0.2,-0.2,-0.2,-0.2,-0.2,-0.2,-0.2,-0.2,-0.2,-0.2,-0.2,-0.2,-0.2,-0.2,-0.2,-0.2,-0.1,-0.1,-0.1,-0.1,-0.1,-0.1,-0.1,-0.1,-0.1,-0.1,-0.1,-0.1,-0.1,-0.1,-0.1,-0.1,-0.1,-0.1,-0.1,-0.1,-0.1,-0.1,-0.1,-0.1,-0.1,-0.1,-0.1,-0.1,-0.1,-0.1,-0.1,-0.1,-0.1,-0.1,-0.1,-0.1,0.0,0.0,0.0,0.0,0.1,0.1,0.1,0.2,0.2,0.2,0.3,0.3,0.3,0.4,0.4,0.5,0.5,0.5,0.6,0.6,0.7,0.7,0.7,0.8,0.8,0.8,0.8,0.9,0.9,0.9,0.9,0.9,0.9,1.0,1.0,1.0,1.0,1.0,1.0,1.0,1.0,1.0,1.0,1.0,1.0,1.0,1.0,1.0,1.0,1.0,0.9,0.9,0.9,0.9,0.9,0.8,0.8,0.8,0.8,0.7,0.7,0.7,0.6,0.6,0.6,0.5</WaveformData>
            <WaveformData ID="4487318" Label="II" UOM="mV" Cal="0,1,1023,3071" SampleRate="125" SamplePeriodInMsec="1000" Samples="125">0.75,0.755,0.675,0.595,0.56,0.56,0.565,0.57,0.58,0.59,0.605,0.59,0.585,1.04,1.5,1.5,0.885,0.42,0.545,0.7,0.725,0.73,0.74,0.745,0.75,0.755,0.755,0.765,0.77,0.785,0.805,0.83,0.855,0.89,0.925,0.955,0.985,1.005,1.01,1.005,0.985,0.955,0.91,0.87,0.825,0.775,0.73,0.68,0.635,0.595,0.56,0.535,0.55,0.6,0.66,0.67,0.61,0.525,0.475,0.46,0.46,0.46,0.46,0.46,0.47,0.455,0.445,0.815,1.5,1.5,0.925,0.275,0.255,0.515,0.55,0.555,0.56,0.565,0.57,0.57,0.565,0.565,0.57,0.58,0.595,0.62,0.65,0.69,0.725,0.755,0.785,0.81,0.825,0.825,0.81,0.785,0.755,0.715,0.675,0.635,0.595,0.555,0.52,0.495,0.48,0.47,0.485,0.54,0.62,0.665,0.635,0.565,0.505,0.485,0.49,0.5,0.51,0.525,0.545,0.56,0.54,0.65,1.21,1.5,1.405</WaveformData>
            <WaveformData ID="4214093" Label="SPO2" UOM="Uncalib" Cal="0,0,0,0" SampleRate="125" SamplePeriodInMsec="1000" Samples="125">1194.0,1160.0,1135.0,1118.0,1126.0,1143.0,1194.0,1263.0,1348.0,1459.0,1570.0,1698.0,1817.0,1937.0,2048.0,2133.0,2210.0,2269.0,2312.0,2329.0,2338.0,2338.0,2329.0,2312.0,2295.0,2278.0,2261.0,2244.0,2227.0,2210.0,2193.0,2167.0,2150.0,2116.0,2090.0,2056.0,2031.0,1996.0,1954.0,1920.0,1877.0,1843.0,1800.0,1758.0,1715.0,1672.0,1630.0,1587.0,1536.0,1493.0,1442.0,1399.0,1348.0,1305.0,1263.0,1237.0,1211.0,1203.0,1211.0,1229.0,1288.0,1357.0,1442.0,1553.0,1664.0,1792.0,1920.0,2039.0,2141.0,2235.0,2312.0,2363.0,2406.0,2423.0,2431.0,2431.0,2414.0,2397.0,2380.0,2363.0,2346.0,2338.0,2321.0,2303.0,2286.0,2269.0,2244.0,2218.0,2193.0,2167.0,2133.0,2099.0,2065.0,2039.0,2022.0,2013.0,1988.0,1945.0,1911.0,1868.0,1834.0,1792.0,1749.0,1715.0,1672.0,1630.0,1587.0,1544.0,1502.0,1467.0,1433.0,1416.0,1416.0,1425.0,1467.0,1519.0,1612.0,1715.0,1834.0,1979.0,2116.0,2261.0,2406.0,2551.0,2670.0</WaveformData>
            <WaveformData ID="3289908" Label="ABP" UOM="mmHg" Cal="30,60,307,3378" SampleRate="125" SamplePeriodInMsec="1000" Samples="125">45.6,45.1,44.9,44.9,45.0,45.2,45.2,45.2,45.1,44.8,44.5,44.1,43.6,43.1,42.6,42.1,41.8,41.4,41.1,40.7,40.5,40.3,40.1,40.0,39.9,39.7,39.5,39.2,38.9,38.6,38.3,38.1,37.7,37.4,37.2,36.9,36.8,36.8,37.1,38.0,39.9,42.9,46.6,50.6,54.1,56.8,58.4,58.9,58.2,56.6,54.4,52.1,50.0,48.2,47.1,46.4,46.2,46.2,46.4,46.6,46.7,46.8,46.7,46.6,46.3,46.0,45.6,45.2,44.8,44.3,43.9,43.5,43.1,42.7,42.5,42.3,42.0,41.8,41.6,41.4,41.1,40.9,40.6,40.4,40.1,39.9,39.6,39.3,39.0,38.7,38.5,38.4,38.6,39.4,41.4,44.5,48.4,52.5,56.2,59.0,60.7,61.3,60.7,59.2,57.2,54.8,52.5,50.5,49.0,47.9,47.3,47.1,47.1,47.2,47.3,47.3,47.2,46.9,46.6,46.3,45.9,45.5,45.0,44.5,44.1</WaveformData>
            <WaveformData ID="4214108" Label="Unk lbl 4214108" UOM="Uncalib" Cal="0,0,0,0" SampleRate="125" SamplePeriodInMsec="1000" Samples="125">2342,2380,2406,2419,2419,2406,2380,2355,2316,2278,2240,2201,2163,2124,2086,2048,2022,1984,1958,1920,1881,1843,1792,1753,1715,1676,1638,1587,1548,1510,1472,1433,1395,1356,1331,1292,1267,1241,1216,1203,1177,1177,1190,1216,1254,1292,1369,1446,1536,1638,1740,1843,1945,2048,2112,2188,2227,2265,2291,2291,2291,2278,2252,2227,2201,2176,2137,2112,2073,2048,2035,1996,1971,1932,1907,1868,1830,1792,1766,1728,1689,1651,1612,1587,1548,1510,1484,1446,1420,1395,1369,1344,1318,1305,1292,1292,1292,1318,1356,1408,1484,1574,1676,1779,1894,1996,2086,2176,2265,2329,2380,2432,2444,2444,2444,2432,2406,2380,2342,2316,2278,2252,2227,2201,2163</WaveformData>
      </Waveforms>
      <VitalSigns CollectionTime="12/21/2017 1:51:34 PM" CollectionTimeUTC="1513885894">
            <VitalSign>
                  <Parameter>HR</Parameter>
                  <BpChannel />
                  <Time>12/21/2017 1:51:34 PM</Time>
                  <TimeUTC>1513885894</TimeUTC>
                  <Value UOM="Bpm" Q="">139</Value>
                  <AlarmLimitLow />
                  <AlarmLimitHigh />
            </VitalSign>
            <VitalSign>
                  <Parameter>NBP-S</Parameter>
                  <BpChannel />
                  <Time>12/21/2017 8:23:00 PM</Time>
                  <TimeUTC>1513909380</TimeUTC>
                  <Value UOM="mmHg" Q="">NODATA</Value>
                  <AlarmLimitLow />
                  <AlarmLimitHigh />
            </VitalSign>
            <VitalSign>
                  <Parameter>NBP-D</Parameter>
                  <BpChannel />
                  <Time>12/21/2017 8:23:00 PM</Time>
                  <TimeUTC>1513909380</TimeUTC>
                  <Value UOM="mmHg" Q="">NODATA</Value>
                  <AlarmLimitLow />
                  <AlarmLimitHigh />
            </VitalSign>
            <VitalSign>
                  <Parameter>NBP-M</Parameter>
                  <BpChannel />
                  <Time>12/21/2017 8:23:00 PM</Time>
                  <TimeUTC>1513909380</TimeUTC>
                  <Value UOM="mmHg" Q="">NODATA</Value>
                  <AlarmLimitLow />
                  <AlarmLimitHigh />
            </VitalSign>
            <VitalSign>
                  <Parameter>PVC</Parameter>
                  <BpChannel />
                  <Time>12/21/2017 1:51:34 PM</Time>
                  <TimeUTC>1513885894</TimeUTC>
                  <Value UOM="Bpm" Q="">0</Value>
                  <AlarmLimitLow />
                  <AlarmLimitHigh />
            </VitalSign>
            <VitalSign>
                  <Parameter>RHY</Parameter>
                  <BpChannel />
                  <Time>12/21/2017 1:51:34 PM</Time>
                  <TimeUTC>1513885894</TimeUTC>
                  <Value UOM="" Q="">SINUS RHYTHM</Value>
                  <AlarmLimitLow />
                  <AlarmLimitHigh />
            </VitalSign>
            <VitalSign>
                  <Parameter>ECT</Parameter>
                  <BpChannel />
                  <Time>12/21/2017 1:51:34 PM</Time>
                  <TimeUTC>1513885894</TimeUTC>
                  <Value UOM="" Q="" />
                  <AlarmLimitLow />
                  <AlarmLimitHigh />
            </VitalSign>
            <VitalSign>
                  <Parameter>RESP</Parameter>
                  <BpChannel />
                  <Time>12/21/2017 1:51:34 PM</Time>
                  <TimeUTC>1513885894</TimeUTC>
                  <Value UOM="BrMin" Q="">35</Value>
                  <AlarmLimitLow />
                  <AlarmLimitHigh />
            </VitalSign>
            <VitalSign>
                  <Parameter>SPO2</Parameter>
                  <BpChannel />
                  <Time>12/21/2017 1:51:34 PM</Time>
                  <TimeUTC>1513885894</TimeUTC>
                  <Value UOM="%" Q="">100</Value>
                  <AlarmLimitLow />
                  <AlarmLimitHigh />
            </VitalSign>
            <VitalSign>
                  <Parameter>PULSE</Parameter>
                  <BpChannel />
                  <Time>12/21/2017 1:51:34 PM</Time>
                  <TimeUTC>1513885894</TimeUTC>
                  <Value UOM="BPM" Q="">139</Value>
                  <AlarmLimitLow />
                  <AlarmLimitHigh />
            </VitalSign>
            <VitalSign>
                  <Parameter>ABP-S</Parameter>
                  <BpChannel />
                  <Time>12/21/2017 1:51:34 PM</Time>
                  <TimeUTC>1513885894</TimeUTC>
                  <Value UOM="mmHg" Q="">58</Value>
                  <AlarmLimitLow />
                  <AlarmLimitHigh />
            </VitalSign>
            <VitalSign>
                  <Parameter>ABP-D</Parameter>
                  <BpChannel />
                  <Time>12/21/2017 1:51:34 PM</Time>
                  <TimeUTC>1513885894</TimeUTC>
                  <Value UOM="mmHg" Q="">38</Value>
                  <AlarmLimitLow />
                  <AlarmLimitHigh />
            </VitalSign>
            <VitalSign>
                  <Parameter>ABP-M</Parameter>
                  <BpChannel />
                  <Time>12/21/2017 1:51:34 PM</Time>
                  <TimeUTC>1513885894</TimeUTC>
                  <Value UOM="mmHg" Q="">45</Value>
                  <AlarmLimitLow />
                  <AlarmLimitHigh />
            </VitalSign>
      </VitalSigns>
      <Alarms />
      <ImportedData />
      <Waveforms CollectionTime="12/21/2017 1:51:35 PM" CollectionTimeUTC="1513885895" TTX="" DisplayOrder="">
            <WaveformData ID="3230796" Label="RESP" UOM="Ohms" Cal="0,1,1230,2867" SampleRate="125" SamplePeriodInMsec="1000" Samples="125">0.5,0.5,0.5,0.4,0.4,0.4,0.3,0.3,0.3,0.3,0.2,0.2,0.2,0.2,0.2,0.1,0.1,0.1,0.1,0.1,0.1,0.1,0.0,0.0,0.0,0.0,0.0,0.0,0.0,0.0,0.0,0.0,-0.1,-0.1,-0.1,-0.1,-0.1,-0.1,-0.1,-0.1,-0.1,-0.1,-0.1,-0.1,-0.1,-0.1,-0.1,-0.1,-0.1,-0.1,-0.2,-0.2,-0.2,-0.2,-0.2,-0.2,-0.2,-0.2,-0.2,-0.1,-0.1,-0.1,-0.1,-0.1,-0.1,-0.1,-0.1,-0.1,-0.1,-0.1,-0.1,-0.1,-0.1,-0.1,-0.1,-0.1,-0.1,-0.1,-0.1,-0.1,-0.1,-0.1,-0.1,-0.1,-0.1,-0.1,-0.1,-0.1,-0.1,-0.1,-0.1,-0.2,-0.2,-0.2,-0.2,-0.2,-0.2,-0.2,-0.2,-0.2,-0.2,-0.2,-0.2,-0.2,-0.2,-0.2,-0.2,-0.2,-0.2,-0.2,-0.2,-0.2,-0.2,-0.2,-0.2,-0.2,-0.2,-0.2,-0.1,-0.1,-0.1,-0.1,-0.1,-0.1,-0.1</WaveformData>
            <WaveformData ID="4487318" Label="II" UOM="mV" Cal="0,1,1023,3071" SampleRate="125" SamplePeriodInMsec="1000" Samples="125">0.61,0.41,0.595,0.7,0.715,0.725,0.735,0.745,0.75,0.755,0.765,0.77,0.78,0.8,0.825,0.86,0.895,0.93,0.97,1.005,1.03,1.04,1.045,1.03,1.005,0.965,0.925,0.88,0.835,0.79,0.745,0.7,0.66,0.635,0.605,0.6,0.635,0.705,0.765,0.775,0.705,0.625,0.585,0.585,0.59,0.595,0.605,0.615,0.63,0.62,0.615,1.03,1.5,1.5,0.95,0.455,0.57,0.73,0.755,0.765,0.77,0.78,0.78,0.78,0.785,0.79,0.8,0.81,0.83,0.855,0.885,0.915,0.945,0.975,1.005,1.025,1.03,1.02,0.995,0.965,0.925,0.88,0.835,0.79,0.75,0.705,0.66,0.625,0.6,0.58,0.595,0.65,0.725,0.76,0.72,0.635,0.57,0.555,0.56,0.565,0.57,0.58,0.595,0.6,0.58,0.755,1.405,1.5,1.345,0.555,0.42,0.64,0.72,0.725,0.735,0.74,0.75,0.75,0.755,0.76,0.765,0.775,0.795,0.815,0.84</WaveformData>
            <WaveformData ID="4214093" Label="SPO2" UOM="Uncalib" Cal="0,0,0,0" SampleRate="125" SamplePeriodInMsec="1000" Samples="125">2773.0,2858.0,3006.0,3053.0,3081.0,3099.0,3099.0,3090.0,3081.0,3071.0,3053.0,3034.0,3016.0,2997.0,2978.0,2950.0,2922.0,2895.0,2857.0,2811.0,2755.0,2699.0,2634.0,2578.0,2522.0,2457.0,2401.0,2345.0,2280.0,2224.0,2169.0,2122.0,2066.0,2020.0,1964.0,1908.0,1852.0,1796.0,1750.0,1694.0,1657.0,1619.0,1601.0,1601.0,1619.0,1666.0,1722.0,1796.0,1889.0,1992.0,2094.0,2196.0,2290.0,2373.0,2448.0,2494.0,2522.0,2541.0,2541.0,2522.0,2504.0,2494.0,2485.0,2457.0,2429.0,2401.0,2373.0,2345.0,2317.0,2290.0,2262.0,2224.0,2187.0,2150.0,2113.0,2066.0,2029.0,1982.0,1936.0,1889.0,1843.0,1787.0,1740.0,1694.0,1638.0,1592.0,1536.0,1480.0,1424.0,1377.0,1322.0,1266.0,1210.0,1154.0,1107.0,1061.0,1033.0,1014.0,1014.0,1042.0,1080.0,1154.0,1247.0,1349.0,1480.0,1619.0,1750.0,1889.0,2020.0,2113.0,2206.0,2280.0,2327.0,2355.0,2373.0,2373.0,2364.0,2345.0,2336.0,2317.0,2308.0,2308.0,2290.0,2271.0,2252.0</WaveformData>
            <WaveformData ID="3289908" Label="ABP" UOM="mmHg" Cal="30,60,307,3378" SampleRate="125" SamplePeriodInMsec="1000" Samples="125">43.6,43.2,42.8,42.5,42.3,42.1,41.9,41.7,41.5,41.2,40.9,40.6,40.3,40.0,39.7,39.4,39.1,38.8,38.5,38.2,38.1,38.0,38.2,39.1,40.8,43.5,46.9,50.5,53.6,55.8,56.7,56.6,55.3,53.4,51.1,48.9,47.1,45.9,45.2,44.8,44.7,44.8,44.9,44.9,44.9,44.8,44.7,44.4,44.1,43.6,43.2,42.7,42.3,41.8,41.4,41.0,40.7,40.4,40.2,40.0,39.8,39.6,39.4,39.3,39.1,38.9,38.6,38.3,38.0,37.7,37.5,37.2,36.9,36.6,36.4,36.4,36.6,37.4,39.1,41.6,45.1,48.8,52.3,55.1,56.8,57.4,57.0,55.7,53.7,51.3,48.9,47.1,45.9,45.2,44.9,44.9,45.0,45.2,45.2,45.2,45.1,44.9,44.6,44.2,43.7,43.3,42.8,42.4,41.9,41.6,41.2,40.9,40.6,40.4,40.2,40.1,39.9,39.7,39.6,39.3,39.1,38.8,38.5,38.2,37.9</WaveformData>
            <WaveformData ID="4214108" Label="Unk lbl 4214108" UOM="Uncalib" Cal="0,0,0,0" SampleRate="125" SamplePeriodInMsec="1000" Samples="125">2150,2124,2099,2073,2048,2048,2022,1996,1984,1958,1945,1920,1907,1894,1881,1868,1856,1843,1830,1817,1804,1792,1779,1792,1792,1817,1856,1894,1971,2048,2137,2252,2368,2496,2624,2752,2867,2982,3059,3136,3187,3212,3317,3303,3303,3276,3249,3222,3167,3112,3058,2989,2935,2880,2826,2757,2703,2648,2580,2525,2457,2402,2334,2280,2211,2157,2102,2048,2007,1952,1911,1856,1816,1775,1734,1693,1652,1624,1597,1583,1570,1583,1611,1652,1706,1761,1843,1938,2020,2088,2184,2252,2307,2361,2389,2402,2416,2402,2375,2348,2307,2280,2239,2198,2157,2116,2075,2048,2007,1966,1925,1884,1843,1802,1761,1720,1679,1638,1597,1542,1502,1461,1420,1379,1338</WaveformData>
      </Waveforms>
      <VitalSigns CollectionTime="12/21/2017 1:51:35 PM" CollectionTimeUTC="1513885895">
            <VitalSign>
                  <Parameter>HR</Parameter>
                  <BpChannel />
                  <Time>12/21/2017 1:51:35 PM</Time>
                  <TimeUTC>1513885895</TimeUTC>
                  <Value UOM="Bpm" Q="">138</Value>
                  <AlarmLimitLow />
                  <AlarmLimitHigh />
            </VitalSign>
            <VitalSign>
                  <Parameter>NBP-S</Parameter>
                  <BpChannel />
                  <Time>12/21/2017 8:23:00 PM</Time>
                  <TimeUTC>1513909380</TimeUTC>
                  <Value UOM="mmHg" Q="">NODATA</Value>
                  <AlarmLimitLow />
                  <AlarmLimitHigh />
            </VitalSign>
            <VitalSign>
                  <Parameter>NBP-D</Parameter>
                  <BpChannel />
                  <Time>12/21/2017 8:23:00 PM</Time>
                  <TimeUTC>1513909380</TimeUTC>
                  <Value UOM="mmHg" Q="">NODATA</Value>
                  <AlarmLimitLow />
                  <AlarmLimitHigh />
            </VitalSign>
            <VitalSign>
                  <Parameter>NBP-M</Parameter>
                  <BpChannel />
                  <Time>12/21/2017 8:23:00 PM</Time>
                  <TimeUTC>1513909380</TimeUTC>
                  <Value UOM="mmHg" Q="">NODATA</Value>
                  <AlarmLimitLow />
                  <AlarmLimitHigh />
            </VitalSign>
            <VitalSign>
                  <Parameter>PVC</Parameter>
                  <BpChannel />
                  <Time>12/21/2017 1:51:35 PM</Time>
                  <TimeUTC>1513885895</TimeUTC>
                  <Value UOM="Bpm" Q="">0</Value>
                  <AlarmLimitLow />
                  <AlarmLimitHigh />
            </VitalSign>
            <VitalSign>
                  <Parameter>RHY</Parameter>
                  <BpChannel />
                  <Time>12/21/2017 1:51:35 PM</Time>
                  <TimeUTC>1513885895</TimeUTC>
                  <Value UOM="" Q="">SINUS RHYTHM</Value>
                  <AlarmLimitLow />
                  <AlarmLimitHigh />
            </VitalSign>
            <VitalSign>
                  <Parameter>ECT</Parameter>
                  <BpChannel />
                  <Time>12/21/2017 1:51:35 PM</Time>
                  <TimeUTC>1513885895</TimeUTC>
                  <Value UOM="" Q="" />
                  <AlarmLimitLow />
                  <AlarmLimitHigh />
            </VitalSign>
            <VitalSign>
                  <Parameter>RESP</Parameter>
                  <BpChannel />
                  <Time>12/21/2017 1:51:35 PM</Time>
                  <TimeUTC>1513885895</TimeUTC>
                  <Value UOM="BrMin" Q="">35</Value>
                  <AlarmLimitLow />
                  <AlarmLimitHigh />
            </VitalSign>
            <VitalSign>
                  <Parameter>SPO2</Parameter>
                  <BpChannel />
                  <Time>12/21/2017 1:51:35 PM</Time>
                  <TimeUTC>1513885895</TimeUTC>
                  <Value UOM="%" Q="">100</Value>
                  <AlarmLimitLow />
                  <AlarmLimitHigh />
            </VitalSign>
            <VitalSign>
                  <Parameter>PULSE</Parameter>
                  <BpChannel />
                  <Time>12/21/2017 1:51:35 PM</Time>
                  <TimeUTC>1513885895</TimeUTC>
                  <Value UOM="BPM" Q="">138</Value>
                  <AlarmLimitLow />
                  <AlarmLimitHigh />
            </VitalSign>
            <VitalSign>
                  <Parameter>ABP-S</Parameter>
                  <BpChannel />
                  <Time>12/21/2017 1:51:35 PM</Time>
                  <TimeUTC>1513885895</TimeUTC>
                  <Value UOM="mmHg" Q="">58</Value>
                  <AlarmLimitLow />
                  <AlarmLimitHigh />
            </VitalSign>
            <VitalSign>
                  <Parameter>ABP-D</Parameter>
                  <BpChannel />
                  <Time>12/21/2017 1:51:35 PM</Time>
                  <TimeUTC>1513885895</TimeUTC>
                  <Value UOM="mmHg" Q="">38</Value>
                  <AlarmLimitLow />
                  <AlarmLimitHigh />
            </VitalSign>
            <VitalSign>
                  <Parameter>ABP-M</Parameter>
                  <BpChannel />
                  <Time>12/21/2017 1:51:35 PM</Time>
                  <TimeUTC>1513885895</TimeUTC>
                  <Value UOM="mmHg" Q="">45</Value>
                  <AlarmLimitLow />
                  <AlarmLimitHigh />
            </VitalSign>
      </VitalSigns>
      <Alarms />
      <ImportedData />
      <Waveforms CollectionTime="12/21/2017 1:51:36 PM" CollectionTimeUTC="1513885896" TTX="" DisplayOrder="">
            <WaveformData ID="3230796" Label="RESP" UOM="Ohms" Cal="0,1,1230,2867" SampleRate="125" SamplePeriodInMsec="1000" Samples="125">-0.1,-0.1,-0.1,-0.1,-0.1,-0.1,-0.1,-0.1,-0.1,-0.1,-0.1,-0.1,-0.1,-0.1,-0.1,-0.1,-0.1,-0.1,-0.1,-0.1,-0.1,-0.1,-0.1,-0.1,0.0,0.0,0.0,0.0,0.1,0.1,0.1,0.2,0.2,0.2,0.3,0.3,0.4,0.4,0.4,0.5,0.5,0.5,0.6,0.6,0.6,0.7,0.7,0.7,0.8,0.8,0.8,0.8,0.9,0.9,0.9,0.9,0.9,0.9,1.0,1.0,1.0,1.0,1.0,1.0,1.0,1.0,1.0,1.0,1.0,1.0,1.0,1.0,0.9,0.9,0.9,0.9,0.9,0.9,0.8,0.8,0.8,0.8,0.7,0.7,0.7,0.6,0.6,0.6,0.5,0.5,0.5,0.4,0.4,0.4,0.3,0.3,0.3,0.3,0.2,0.2,0.2,0.2,0.1,0.1,0.1,0.1,0.1,0.1,0.1,0.0,0.0,0.0,0.0,0.0,0.0,0.0,0.0,0.0,-0.1,-0.1,-0.1,-0.1,-0.1,-0.1,-0.1</WaveformData>
            <WaveformData ID="4487318" Label="II" UOM="mV" Cal="0,1,1023,3071" SampleRate="125" SamplePeriodInMsec="1000" Samples="125">0.875,0.905,0.94,0.975,0.995,1.01,1.015,0.99,0.96,0.92,0.88,0.835,0.785,0.74,0.69,0.645,0.605,0.565,0.53,0.515,0.55,0.615,0.665,0.64,0.555,0.48,0.45,0.445,0.445,0.44,0.445,0.455,0.46,0.44,0.535,1.105,1.5,1.495,0.56,0.24,0.415,0.525,0.54,0.545,0.55,0.545,0.545,0.55,0.555,0.56,0.57,0.585,0.61,0.635,0.67,0.705,0.745,0.78,0.81,0.83,0.84,0.835,0.815,0.785,0.75,0.715,0.675,0.635,0.595,0.56,0.53,0.51,0.5,0.495,0.53,0.6,0.67,0.7,0.65,0.575,0.52,0.51,0.52,0.525,0.535,0.55,0.565,0.57,0.555,0.77,1.425,1.5,1.175,0.5,0.42,0.66,0.72,0.73,0.74,0.75,0.76,0.765,0.765,0.77,0.78,0.79,0.81,0.84,0.875,0.91,0.95,0.985,1.015,1.035,1.045,1.045,1.025,0.995,0.955,0.91,0.87,0.825,0.78,0.735,0.69</WaveformData>
            <WaveformData ID="4214093" Label="SPO2" UOM="Uncalib" Cal="0,0,0,0" SampleRate="125" SamplePeriodInMsec="1000" Samples="125">2234.0,2232.0,2201.0,2170.0,2140.0,2099.0,2058.0,2027.0,1976.0,1935.0,1884.0,1843.0,1792.0,1740.0,1699.0,1648.0,1597.0,1546.0,1495.0,1443.0,1392.0,1331.0,1280.0,1218.0,1157.0,1116.0,1065.0,1034.0,1024.0,1024.0,1054.0,1126.0,1218.0,1341.0,1484.0,1638.0,1802.0,1966.0,2109.0,2252.0,2365.0,2457.0,2529.0,2570.0,2600.0,2611.0,2600.0,2590.0,2570.0,2549.0,2519.0,2498.0,2478.0,2457.0,2437.0,2416.0,2396.0,2365.0,2334.0,2304.0,2263.0,2232.0,2191.0,2140.0,2099.0,2058.0,2017.0,1976.0,1925.0,1884.0,1833.0,1781.0,1730.0,1679.0,1638.0,1587.0,1536.0,1484.0,1443.0,1402.0,1372.0,1362.0,1372.0,1392.0,1454.0,1525.0,1638.0,1771.0,1914.0,2068.0,2242.0,2416.0,2580.0,2744.0,2877.0,2990.0,3082.0,3143.0,3194.0,3215.0,3225.0,3225.0,3225.0,3205.0,3194.0,3174.0,3153.0,3133.0,3112.0,3072.0,3020.0,2979.0,2918.0,2856.0,2795.0,2734.0,2662.0,2600.0,2529.0,2467.0,2406.0,2334.0,2273.0,2211.0,2150.0</WaveformData>
            <WaveformData ID="3289908" Label="ABP" UOM="mmHg" Cal="30,60,307,3378" SampleRate="125" SamplePeriodInMsec="1000" Samples="125">37.6,37.4,37.1,36.9,36.8,36.9,37.5,38.9,41.4,44.9,48.9,52.8,56.1,58.3,59.3,59.1,57.9,55.9,53.6,51.3,49.3,47.8,46.9,46.4,46.2,46.3,46.5,46.6,46.7,46.7,46.5,46.3,46.1,45.7,45.4,44.9,44.5,44.1,43.6,43.2,42.7,42.4,42.1,41.9,41.8,41.6,41.4,41.2,41.0,40.7,40.5,40.2,39.9,39.7,39.4,39.1,38.7,38.4,38.2,38.1,38.4,39.6,41.9,45.3,49.4,53.5,56.9,59.4,60.8,61.1,60.1,58.4,56.2,53.8,51.6,49.8,48.4,47.6,47.2,47.0,47.0,47.1,47.2,47.2,47.1,46.9,46.6,46.2,45.8,45.4,44.8,44.3,43.8,43.4,43.0,42.6,42.4,42.1,41.9,41.8,41.6,41.4,41.2,40.9,40.5,40.2,39.9,39.6,39.3,39.0,38.7,38.4,38.2,38.0,38.0,38.4,39.6,41.7,44.6,48.1,51.5,54.3,56.2,56.9,56.4</WaveformData>
            <WaveformData ID="4214108" Label="Unk lbl 4214108" UOM="Uncalib" Cal="0,0,0,0" SampleRate="125" SamplePeriodInMsec="1000" Samples="125">1310,1269,1228,1201,1174,1147,1119,1119,1106,1119,1133,1174,1242,1324,1420,1529,1652,1775,1897,2007,2102,2198,2266,2321,2361,2375,2389,2375,2361,2348,2307,2280,2239,2211,2170,2143,2102,2075,2048,2020,1979,1945,1901,1857,1814,1770,1726,1697,1653,1609,1565,1521,1477,1448,1404,1375,1331,1302,1272,1243,1214,1199,1199,1199,1214,1258,1331,1404,1506,1609,1726,1857,1989,2106,2208,2311,2399,2472,2516,2545,2559,2545,2545,2516,2486,2457,2413,2384,2355,2325,2296,2267,2238,2208,2179,2165,2135,2106,2091,2062,2048,2018,2004,1974,1960,1931,1916,1901,1887,1872,1843,1828,1828,1814,1814,1814,1814,1843,1872,1931,2004,2077,2179,2296,2428</WaveformData>
      </Waveforms>
      <VitalSigns CollectionTime="12/21/2017 1:51:36 PM" CollectionTimeUTC="1513885896">
            <VitalSign>
                  <Parameter>HR</Parameter>
                  <BpChannel />
                  <Time>12/21/2017 1:51:36 PM</Time>
                  <TimeUTC>1513885896</TimeUTC>
                  <Value UOM="Bpm" Q="">138</Value>
                  <AlarmLimitLow />
                  <AlarmLimitHigh />
            </VitalSign>
            <VitalSign>
                  <Parameter>NBP-S</Parameter>
                  <BpChannel />
                  <Time>12/21/2017 8:23:00 PM</Time>
                  <TimeUTC>1513909380</TimeUTC>
                  <Value UOM="mmHg" Q="">NODATA</Value>
                  <AlarmLimitLow />
                  <AlarmLimitHigh />
            </VitalSign>
            <VitalSign>
                  <Parameter>NBP-D</Parameter>
                  <BpChannel />
                  <Time>12/21/2017 8:23:00 PM</Time>
                  <TimeUTC>1513909380</TimeUTC>
                  <Value UOM="mmHg" Q="">NODATA</Value>
                  <AlarmLimitLow />
                  <AlarmLimitHigh />
            </VitalSign>
            <VitalSign>
                  <Parameter>NBP-M</Parameter>
                  <BpChannel />
                  <Time>12/21/2017 8:23:00 PM</Time>
                  <TimeUTC>1513909380</TimeUTC>
                  <Value UOM="mmHg" Q="">NODATA</Value>
                  <AlarmLimitLow />
                  <AlarmLimitHigh />
            </VitalSign>
            <VitalSign>
                  <Parameter>PVC</Parameter>
                  <BpChannel />
                  <Time>12/21/2017 1:51:36 PM</Time>
                  <TimeUTC>1513885896</TimeUTC>
                  <Value UOM="Bpm" Q="">0</Value>
                  <AlarmLimitLow />
                  <AlarmLimitHigh />
            </VitalSign>
            <VitalSign>
                  <Parameter>RHY</Parameter>
                  <BpChannel />
                  <Time>12/21/2017 1:51:36 PM</Time>
                  <TimeUTC>1513885896</TimeUTC>
                  <Value UOM="" Q="">SINUS RHYTHM</Value>
                  <AlarmLimitLow />
                  <AlarmLimitHigh />
            </VitalSign>
            <VitalSign>
                  <Parameter>ECT</Parameter>
                  <BpChannel />
                  <Time>12/21/2017 1:51:36 PM</Time>
                  <TimeUTC>1513885896</TimeUTC>
                  <Value UOM="" Q="" />
                  <AlarmLimitLow />
                  <AlarmLimitHigh />
            </VitalSign>
            <VitalSign>
                  <Parameter>RESP</Parameter>
                  <BpChannel />
                  <Time>12/21/2017 1:51:36 PM</Time>
                  <TimeUTC>1513885896</TimeUTC>
                  <Value UOM="BrMin" Q="">35</Value>
                  <AlarmLimitLow />
                  <AlarmLimitHigh />
            </VitalSign>
            <VitalSign>
                  <Parameter>SPO2</Parameter>
                  <BpChannel />
                  <Time>12/21/2017 1:51:36 PM</Time>
                  <TimeUTC>1513885896</TimeUTC>
                  <Value UOM="%" Q="">100</Value>
                  <AlarmLimitLow />
                  <AlarmLimitHigh />
            </VitalSign>
            <VitalSign>
                  <Parameter>PULSE</Parameter>
                  <BpChannel />
                  <Time>12/21/2017 1:51:36 PM</Time>
                  <TimeUTC>1513885896</TimeUTC>
                  <Value UOM="BPM" Q="">138</Value>
                  <AlarmLimitLow />
                  <AlarmLimitHigh />
            </VitalSign>
            <VitalSign>
                  <Parameter>ABP-S</Parameter>
                  <BpChannel />
                  <Time>12/21/2017 1:51:36 PM</Time>
                  <TimeUTC>1513885896</TimeUTC>
                  <Value UOM="mmHg" Q="">58</Value>
                  <AlarmLimitLow />
                  <AlarmLimitHigh />
            </VitalSign>
            <VitalSign>
                  <Parameter>ABP-D</Parameter>
                  <BpChannel />
                  <Time>12/21/2017 1:51:36 PM</Time>
                  <TimeUTC>1513885896</TimeUTC>
                  <Value UOM="mmHg" Q="">38</Value>
                  <AlarmLimitLow />
                  <AlarmLimitHigh />
            </VitalSign>
            <VitalSign>
                  <Parameter>ABP-M</Parameter>
                  <BpChannel />
                  <Time>12/21/2017 1:51:36 PM</Time>
                  <TimeUTC>1513885896</TimeUTC>
                  <Value UOM="mmHg" Q="">45</Value>
                  <AlarmLimitLow />
                  <AlarmLimitHigh />
            </VitalSign>
      </VitalSigns>
      <Alarms />
      <ImportedData />
      <Waveforms CollectionTime="12/21/2017 1:51:37 PM" CollectionTimeUTC="1513885897" TTX="" DisplayOrder="">
            <WaveformData ID="3230796" Label="RESP" UOM="Ohms" Cal="0,1,1230,2867" SampleRate="125" SamplePeriodInMsec="1000" Samples="125">-0.1,-0.1,-0.1,-0.1,-0.1,-0.1,-0.1,-0.1,-0.2,-0.2,-0.2,-0.2,-0.2,-0.2,-0.2,-0.2,-0.2,-0.2,-0.2,-0.2,-0.2,-0.2,-0.2,-0.2,-0.2,-0.2,-0.2,-0.2,-0.2,-0.2,-0.2,-0.2,-0.2,-0.2,-0.2,-0.2,-0.2,-0.2,-0.2,-0.1,-0.1,-0.1,-0.2,-0.2,-0.2,-0.2,-0.2,-0.2,-0.2,-0.2,-0.2,-0.2,-0.2,-0.2,-0.2,-0.2,-0.2,-0.2,-0.2,-0.2,-0.2,-0.2,-0.2,-0.2,-0.2,-0.2,-0.2,-0.2,-0.2,-0.2,-0.2,-0.2,-0.2,-0.2,-0.2,-0.2,-0.2,-0.2,-0.2,-0.2,-0.2,-0.2,-0.2,-0.2,-0.2,-0.2,-0.2,-0.2,-0.2,-0.1,-0.1,-0.1,-0.1,-0.1,-0.1,-0.1,-0.1,-0.1,-0.1,-0.1,-0.1,-0.1,-0.1,-0.1,-0.1,-0.1,-0.1,-0.1,-0.1,-0.1,-0.1,-0.1,0.0,0.0,0.0,0.0,0.0,0.1,0.1,0.1,0.2,0.2,0.2,0.3,0.3</WaveformData>
            <WaveformData ID="4487318" Label="II" UOM="mV" Cal="0,1,1023,3071" SampleRate="125" SamplePeriodInMsec="1000" Samples="125">0.65,0.62,0.595,0.6,0.64,0.715,0.77,0.775,0.685,0.605,0.575,0.58,0.585,0.595,0.605,0.62,0.63,0.61,0.665,1.14,1.5,1.5,0.805,0.445,0.6,0.735,0.75,0.76,0.765,0.775,0.78,0.785,0.785,0.79,0.8,0.81,0.82,0.845,0.875,0.905,0.945,0.975,1,1.015,1.02,1.01,0.985,0.95,0.91,0.87,0.825,0.775,0.735,0.69,0.65,0.615,0.585,0.57,0.595,0.66,0.73,0.75,0.695,0.615,0.56,0.55,0.555,0.56,0.57,0.58,0.59,0.595,0.575,0.83,1.5,1.5,1.17,0.48,0.415,0.66,0.71,0.715,0.725,0.74,0.745,0.75,0.755,0.76,0.765,0.77,0.785,0.81,0.84,0.87,0.905,0.935,0.965,0.98,0.99,0.98,0.96,0.935,0.895,0.85,0.805,0.76,0.705,0.66,0.615,0.575,0.535,0.495,0.49,0.53,0.6,0.64,0.61,0.525,0.455,0.43,0.43,0.425,0.425,0.43,0.44</WaveformData>
            <WaveformData ID="4214093" Label="SPO2" UOM="Uncalib" Cal="0,0,0,0" SampleRate="125" SamplePeriodInMsec="1000" Samples="125">2088.0,2037.0,1976.0,1914.0,1853.0,1792.0,1730.0,1679.0,1618.0,1566.0,1525.0,1495.0,1484.0,1495.0,1515.0,1577.0,1648.0,1740.0,1843.0,1955.0,2068.0,2181.0,2293.0,2375.0,2447.0,2498.0,2529.0,2549.0,2549.0,2539.0,2508.0,2488.0,2457.0,2426.0,2396.0,2365.0,2344.0,2314.0,2283.0,2252.0,2211.0,2170.0,2129.0,2088.0,2048.0,1996.0,1945.0,1894.0,1833.0,1781.0,1730.0,1669.0,1618.0,1556.0,1505.0,1454.0,1392.0,1341.0,1280.0,1228.0,1167.0,1106.0,1054.0,1003.0,972.0,942.0,942.0,962.0,993.0,1075.0,1157.0,1290.0,1443.0,1597.0,1761.0,1914.0,2058.0,2170.0,2283.0,2355.0,2416.0,2457.0,2467.0,2478.0,2467.0,2447.0,2426.0,2406.0,2385.0,2355.0,2334.0,2314.0,2283.0,2263.0,2232.0,2191.0,2160.0,2119.0,2078.0,2048.0,2007.0,1955.0,1914.0,1863.0,1822.0,1771.0,1730.0,1679.0,1628.0,1577.0,1525.0,1474.0,1413.0,1362.0,1300.0,1239.0,1177.0,1126.0,1085.0,1054.0,1054.0,1065.0,1106.0,1177.0,1380.0</WaveformData>
            <WaveformData ID="3289908" Label="ABP" UOM="mmHg" Cal="30,60,307,3378" SampleRate="125" SamplePeriodInMsec="1000" Samples="125">55.0,52.9,50.6,48.4,46.7,45.6,45.1,44.8,44.6,44.7,44.8,44.9,44.9,44.8,44.6,44.4,44.0,43.6,43.2,42.7,42.2,41.8,41.4,41.0,40.7,40.4,40.2,40.0,39.8,39.7,39.5,39.3,39.1,38.9,38.6,38.3,38.1,37.8,37.6,37.2,36.9,36.7,36.5,36.4,36.7,37.6,39.4,42.2,45.7,49.6,53.1,55.7,57.2,57.6,56.7,55.0,52.8,50.4,48.4,46.7,45.7,45.2,45.0,45.0,45.1,45.2,45.2,45.2,45.1,44.9,44.6,44.2,43.7,43.3,42.8,42.3,41.9,41.5,41.2,40.9,40.7,40.5,40.3,40.2,40.1,39.9,39.7,39.4,39.1,38.9,38.6,38.2,38.0,37.7,37.5,37.3,37.1,37.1,37.4,38.1,39.7,42.2,45.4,49.2,53.2,56.4,58.5,59.3,58.9,57.6,55.5,53.2,51.1,49.2,47.8,47.0,46.6,46.6,46.7,46.9,47.1,47.2,47.1,46.9,46.6</WaveformData>
            <WaveformData ID="4214108" Label="Unk lbl 4214108" UOM="Uncalib" Cal="0,0,0,0" SampleRate="125" SamplePeriodInMsec="1000" Samples="125">2574,2706,2852,2984,3101,3203,3276,3335,3393,3408,3408,3408,3379,3335,3291,3232,3159,3101,3028,2969,2911,2837,2779,2706,2647,2574,2516,2442,2384,2311,2252,2194,2121,2062,2018,1960,1916,1872,1814,1770,1726,1682,1638,1594,1565,1536,1506,1506,1506,1521,1565,1609,1682,1755,1857,1945,2048,2121,2208,2282,2340,2384,2413,2428,2428,2399,2384,2340,2311,2267,2223,2179,2135,2091,2048,2018,1974,1931,1901,1857,1814,1770,1726,1667,1623,1580,1536,1492,1448,1404,1360,1316,1272,1228,1199,1155,1126,1097,1068,1053,1038,1038,1053,1097,1155,1243,1345,1448,1580,1697,1843,1960,2077,2179,2267,2340,2399,2428,2442,2442,2442,2413,2384,2355,2311</WaveformData>
      </Waveforms>
      <VitalSigns CollectionTime="12/21/2017 1:51:37 PM" CollectionTimeUTC="1513885897">
            <VitalSign>
                  <Parameter>HR</Parameter>
                  <BpChannel />
                  <Time>12/21/2017 1:51:37 PM</Time>
                  <TimeUTC>1513885897</TimeUTC>
                  <Value UOM="Bpm" Q="">138</Value>
                  <AlarmLimitLow />
                  <AlarmLimitHigh />
            </VitalSign>
            <VitalSign>
                  <Parameter>NBP-S</Parameter>
                  <BpChannel />
                  <Time>12/21/2017 8:23:00 PM</Time>
                  <TimeUTC>1513909380</TimeUTC>
                  <Value UOM="mmHg" Q="">NODATA</Value>
                  <AlarmLimitLow />
                  <AlarmLimitHigh />
            </VitalSign>
            <VitalSign>
                  <Parameter>NBP-D</Parameter>
                  <BpChannel />
                  <Time>12/21/2017 8:23:00 PM</Time>
                  <TimeUTC>1513909380</TimeUTC>
                  <Value UOM="mmHg" Q="">NODATA</Value>
                  <AlarmLimitLow />
                  <AlarmLimitHigh />
            </VitalSign>
            <VitalSign>
                  <Parameter>NBP-M</Parameter>
                  <BpChannel />
                  <Time>12/21/2017 8:23:00 PM</Time>
                  <TimeUTC>1513909380</TimeUTC>
                  <Value UOM="mmHg" Q="">NODATA</Value>
                  <AlarmLimitLow />
                  <AlarmLimitHigh />
            </VitalSign>
            <VitalSign>
                  <Parameter>PVC</Parameter>
                  <BpChannel />
                  <Time>12/21/2017 1:51:37 PM</Time>
                  <TimeUTC>1513885897</TimeUTC>
                  <Value UOM="Bpm" Q="">0</Value>
                  <AlarmLimitLow />
                  <AlarmLimitHigh />
            </VitalSign>
            <VitalSign>
                  <Parameter>RHY</Parameter>
                  <BpChannel />
                  <Time>12/21/2017 1:51:37 PM</Time>
                  <TimeUTC>1513885897</TimeUTC>
                  <Value UOM="" Q="">SINUS RHYTHM</Value>
                  <AlarmLimitLow />
                  <AlarmLimitHigh />
            </VitalSign>
            <VitalSign>
                  <Parameter>ECT</Parameter>
                  <BpChannel />
                  <Time>12/21/2017 1:51:37 PM</Time>
                  <TimeUTC>1513885897</TimeUTC>
                  <Value UOM="" Q="" />
                  <AlarmLimitLow />
                  <AlarmLimitHigh />
            </VitalSign>
            <VitalSign>
                  <Parameter>RESP</Parameter>
                  <BpChannel />
                  <Time>12/21/2017 1:51:37 PM</Time>
                  <TimeUTC>1513885897</TimeUTC>
                  <Value UOM="BrMin" Q="">35</Value>
                  <AlarmLimitLow />
                  <AlarmLimitHigh />
            </VitalSign>
            <VitalSign>
                  <Parameter>SPO2</Parameter>
                  <BpChannel />
                  <Time>12/21/2017 1:51:37 PM</Time>
                  <TimeUTC>1513885897</TimeUTC>
                  <Value UOM="%" Q="">100</Value>
                  <AlarmLimitLow />
                  <AlarmLimitHigh />
            </VitalSign>
            <VitalSign>
                  <Parameter>PULSE</Parameter>
                  <BpChannel />
                  <Time>12/21/2017 1:51:37 PM</Time>
                  <TimeUTC>1513885897</TimeUTC>
                  <Value UOM="BPM" Q="">138</Value>
                  <AlarmLimitLow />
                  <AlarmLimitHigh />
            </VitalSign>
            <VitalSign>
                  <Parameter>ABP-S</Parameter>
                  <BpChannel />
                  <Time>12/21/2017 1:51:37 PM</Time>
                  <TimeUTC>1513885897</TimeUTC>
                  <Value UOM="mmHg" Q="">58</Value>
                  <AlarmLimitLow />
                  <AlarmLimitHigh />
            </VitalSign>
            <VitalSign>
                  <Parameter>ABP-D</Parameter>
                  <BpChannel />
                  <Time>12/21/2017 1:51:37 PM</Time>
                  <TimeUTC>1513885897</TimeUTC>
                  <Value UOM="mmHg" Q="">38</Value>
                  <AlarmLimitLow />
                  <AlarmLimitHigh />
            </VitalSign>
            <VitalSign>
                  <Parameter>ABP-M</Parameter>
                  <BpChannel />
                  <Time>12/21/2017 1:51:37 PM</Time>
                  <TimeUTC>1513885897</TimeUTC>
                  <Value UOM="mmHg" Q="">45</Value>
                  <AlarmLimitLow />
                  <AlarmLimitHigh />
            </VitalSign>
      </VitalSigns>
      <Alarms />
      <ImportedData />
      <Waveforms CollectionTime="12/21/2017 1:51:38 PM" CollectionTimeUTC="1513885898" TTX="" DisplayOrder="">
            <WaveformData ID="3230796" Label="RESP" UOM="Ohms" Cal="0,1,1230,2867" SampleRate="125" SamplePeriodInMsec="1000" Samples="125">0.4,0.4,0.4,0.5,0.5,0.5,0.6,0.6,0.6,0.7,0.7,0.7,0.8,0.8,0.8,0.8,0.9,0.9,0.9,0.9,0.9,0.9,0.9,1.0,1.0,1.0,1.0,1.0,1.0,1.0,1.0,1.0,1.0,1.0,1.0,1.0,1.0,0.9,0.9,0.9,0.9,0.9,0.8,0.8,0.8,0.8,0.7,0.7,0.7,0.6,0.6,0.6,0.5,0.5,0.5,0.4,0.4,0.4,0.3,0.3,0.3,0.3,0.2,0.2,0.2,0.2,0.1,0.1,0.1,0.1,0.1,0.1,0.0,0.0,0.0,0.0,0.0,0.0,0.0,0.0,0.0,-0.1,-0.1,-0.1,-0.1,-0.1,-0.1,-0.1,-0.1,-0.1,-0.1,-0.1,-0.1,-0.1,-0.1,-0.1,-0.1,-0.2,-0.2,-0.2,-0.2,-0.2,-0.2,-0.2,-0.2,-0.2,-0.2,-0.2,-0.2,-0.2,-0.2,-0.2,-0.2,-0.2,-0.2,-0.2,-0.2,-0.2,-0.2,-0.2,-0.2,-0.2,-0.2,-0.2,-0.2</WaveformData>
            <WaveformData ID="4487318" Label="II" UOM="mV" Cal="0,1,1023,3071" SampleRate="125" SamplePeriodInMsec="1000" Samples="125">0.445,0.42,0.58,1.23,1.5,1.315,0.43,0.24,0.43,0.505,0.51,0.515,0.525,0.535,0.54,0.55,0.555,0.56,0.575,0.6,0.625,0.66,0.7,0.74,0.775,0.81,0.84,0.86,0.865,0.855,0.835,0.805,0.77,0.735,0.695,0.655,0.615,0.58,0.55,0.525,0.51,0.515,0.55,0.62,0.69,0.71,0.65,0.575,0.53,0.525,0.53,0.54,0.55,0.565,0.58,0.57,0.56,0.845,1.5,1.5,1.06,0.475,0.445,0.69,0.735,0.745,0.755,0.765,0.77,0.775,0.78,0.785,0.795,0.805,0.825,0.855,0.89,0.925,0.96,0.995,1.02,1.04,1.05,1.045,1.025,0.99,0.95,0.91,0.865,0.82,0.77,0.73,0.69,0.65,0.62,0.595,0.605,0.655,0.73,0.775,0.75,0.675,0.605,0.58,0.58,0.585,0.595,0.605,0.62,0.625,0.605,0.705,1.255,1.5,1.5,0.695,0.46,0.64,0.745,0.755,0.76,0.765,0.77,0.775,0.78</WaveformData>
            <WaveformData ID="4214093" Label="SPO2" UOM="Uncalib" Cal="0,0,0,0" SampleRate="125" SamplePeriodInMsec="1000" Samples="125">1487.0,1620.0,1754.0,1896.0,2030.0,2137.0,2243.0,2341.0,2404.0,2457.0,2493.0,2511.0,2519.0,2511.0,2502.0,2493.0,2475.0,2466.0,2448.0,2439.0,2430.0,2413.0,2395.0,2377.0,2350.0,2324.0,2288.0,2261.0,2226.0,2190.0,2145.0,2110.0,2065.0,2039.0,1994.0,1950.0,1914.0,1870.0,1834.0,1798.0,1754.0,1718.0,1674.0,1638.0,1602.0,1567.0,1531.0,1513.0,1504.0,1522.0,1549.0,1602.0,1683.0,1772.0,1896.0,2030.0,2163.0,2315.0,2457.0,2600.0,2724.0,2840.0,2920.0,2991.0,3036.0,3063.0,3080.0,3080.0,3080.0,3071.0,3054.0,3045.0,3027.0,3009.0,2991.0,2965.0,2947.0,2911.0,2867.0,2822.0,2769.0,2715.0,2653.0,2600.0,2537.0,2484.0,2421.0,2359.0,2306.0,2243.0,2190.0,2137.0,2083.0,2039.0,1994.0,1941.0,1887.0,1834.0,1780.0,1727.0,1674.0,1629.0,1593.0,1576.0,1576.0,1585.0,1620.0,1674.0,1745.0,1834.0,1932.0,2030.0,2128.0,2217.0,2306.0,2377.0,2430.0,2466.0,2484.0,2493.0,2493.0,2475.0,2448.0,2430.0,2404.0</WaveformData>
            <WaveformData ID="3289908" Label="ABP" UOM="mmHg" Cal="30,60,307,3378" SampleRate="125" SamplePeriodInMsec="1000" Samples="125">46.2,45.9,45.5,45.1,44.6,44.1,43.7,43.3,42.9,42.6,42.3,42.1,41.9,41.8,41.6,41.4,41.1,40.9,40.6,40.2,40.0,39.7,39.4,39.0,38.7,38.3,38.1,38.0,38.4,39.9,42.4,46.0,50.1,54.1,57.3,59.6,60.8,60.9,59.9,58.2,55.9,53.4,51.1,49.4,48.2,47.4,47.1,47.1,47.1,47.2,47.2,47.1,46.9,46.7,46.4,46.1,45.6,45.2,44.6,44.2,43.7,43.3,42.9,42.6,42.3,42.1,41.9,41.8,41.6,41.4,41.1,40.9,40.6,40.2,39.9,39.6,39.3,38.9,38.6,38.3,38.1,37.9,38.0,38.5,39.7,41.9,44.9,48.5,51.9,54.6,56.3,56.8,56.2,54.7,52.6,50.3,48.2,46.6,45.6,45.0,44.8,44.8,44.9,45.0,45.1,45.0,44.9,44.7,44.4,44.0,43.6,43.2,42.7,42.3,41.8,41.4,41.1,40.8,40.6,40.4,40.2,40.0,39.9,39.7,39.4</WaveformData>
            <WaveformData ID="4214108" Label="Unk lbl 4214108" UOM="Uncalib" Cal="0,0,0,0" SampleRate="125" SamplePeriodInMsec="1000" Samples="125">2282,2238,2194,2165,2121,2091,2048,2018,1989,1945,1901,1857,1814,1770,1726,1682,1638,1609,1565,1521,1477,1448,1404,1375,1331,1302,1272,1243,1214,1199,1199,1199,1228,1258,1331,1419,1521,1638,1755,1907,2022,2112,2214,2304,2368,2419,2470,2483,2496,2496,2483,2470,2444,2419,2393,2368,2342,2316,2291,2278,2252,2240,2214,2201,2176,2150,2137,2112,2086,2060,2048,2035,2009,1996,1971,1958,1945,1932,1920,1907,1907,1894,1894,1907,1920,1945,1984,2035,2073,2150,2252,2342,2457,2572,2688,2790,2905,2995,3072,3136,3174,3212,3225,3225,3212,3187,3161,3110,3059,2995,2944,2880,2828,2764,2700,2649,2585,2534,2470,2419,2355,2304,2252,2188,2137</WaveformData>
      </Waveforms>
      <VitalSigns CollectionTime="12/21/2017 1:51:38 PM" CollectionTimeUTC="1513885898">
            <VitalSign>
                  <Parameter>HR</Parameter>
                  <BpChannel />
                  <Time>12/21/2017 1:51:38 PM</Time>
                  <TimeUTC>1513885898</TimeUTC>
                  <Value UOM="Bpm" Q="">138</Value>
                  <AlarmLimitLow />
                  <AlarmLimitHigh />
            </VitalSign>
            <VitalSign>
                  <Parameter>NBP-S</Parameter>
                  <BpChannel />
                  <Time>12/21/2017 8:23:00 PM</Time>
                  <TimeUTC>1513909380</TimeUTC>
                  <Value UOM="mmHg" Q="">NODATA</Value>
                  <AlarmLimitLow />
                  <AlarmLimitHigh />
            </VitalSign>
            <VitalSign>
                  <Parameter>NBP-D</Parameter>
                  <BpChannel />
                  <Time>12/21/2017 8:23:00 PM</Time>
                  <TimeUTC>1513909380</TimeUTC>
                  <Value UOM="mmHg" Q="">NODATA</Value>
                  <AlarmLimitLow />
                  <AlarmLimitHigh />
            </VitalSign>
            <VitalSign>
                  <Parameter>NBP-M</Parameter>
                  <BpChannel />
                  <Time>12/21/2017 8:23:00 PM</Time>
                  <TimeUTC>1513909380</TimeUTC>
                  <Value UOM="mmHg" Q="">NODATA</Value>
                  <AlarmLimitLow />
                  <AlarmLimitHigh />
            </VitalSign>
            <VitalSign>
                  <Parameter>PVC</Parameter>
                  <BpChannel />
                  <Time>12/21/2017 1:51:38 PM</Time>
                  <TimeUTC>1513885898</TimeUTC>
                  <Value UOM="Bpm" Q="">0</Value>
                  <AlarmLimitLow />
                  <AlarmLimitHigh />
            </VitalSign>
            <VitalSign>
                  <Parameter>RHY</Parameter>
                  <BpChannel />
                  <Time>12/21/2017 1:51:38 PM</Time>
                  <TimeUTC>1513885898</TimeUTC>
                  <Value UOM="" Q="">SINUS RHYTHM</Value>
                  <AlarmLimitLow />
                  <AlarmLimitHigh />
            </VitalSign>
            <VitalSign>
                  <Parameter>ECT</Parameter>
                  <BpChannel />
                  <Time>12/21/2017 1:51:38 PM</Time>
                  <TimeUTC>1513885898</TimeUTC>
                  <Value UOM="" Q="" />
                  <AlarmLimitLow />
                  <AlarmLimitHigh />
            </VitalSign>
            <VitalSign>
                  <Parameter>RESP</Parameter>
                  <BpChannel />
                  <Time>12/21/2017 1:51:38 PM</Time>
                  <TimeUTC>1513885898</TimeUTC>
                  <Value UOM="BrMin" Q="">35</Value>
                  <AlarmLimitLow />
                  <AlarmLimitHigh />
            </VitalSign>
            <VitalSign>
                  <Parameter>SPO2</Parameter>
                  <BpChannel />
                  <Time>12/21/2017 1:51:38 PM</Time>
                  <TimeUTC>1513885898</TimeUTC>
                  <Value UOM="%" Q="">100</Value>
                  <AlarmLimitLow />
                  <AlarmLimitHigh />
            </VitalSign>
            <VitalSign>
                  <Parameter>PULSE</Parameter>
                  <BpChannel />
                  <Time>12/21/2017 1:51:38 PM</Time>
                  <TimeUTC>1513885898</TimeUTC>
                  <Value UOM="BPM" Q="">138</Value>
                  <AlarmLimitLow />
                  <AlarmLimitHigh />
            </VitalSign>
            <VitalSign>
                  <Parameter>ABP-S</Parameter>
                  <BpChannel />
                  <Time>12/21/2017 1:51:38 PM</Time>
                  <TimeUTC>1513885898</TimeUTC>
                  <Value UOM="mmHg" Q="">57</Value>
                  <AlarmLimitLow />
                  <AlarmLimitHigh />
            </VitalSign>
            <VitalSign>
                  <Parameter>ABP-D</Parameter>
                  <BpChannel />
                  <Time>12/21/2017 1:51:38 PM</Time>
                  <TimeUTC>1513885898</TimeUTC>
                  <Value UOM="mmHg" Q="">38</Value>
                  <AlarmLimitLow />
                  <AlarmLimitHigh />
            </VitalSign>
            <VitalSign>
                  <Parameter>ABP-M</Parameter>
                  <BpChannel />
                  <Time>12/21/2017 1:51:38 PM</Time>
                  <TimeUTC>1513885898</TimeUTC>
                  <Value UOM="mmHg" Q="">45</Value>
                  <AlarmLimitLow />
                  <AlarmLimitHigh />
            </VitalSign>
      </VitalSigns>
      <Alarms />
      <ImportedData />
      <Waveforms CollectionTime="12/21/2017 1:51:39 PM" CollectionTimeUTC="1513885899" TTX="" DisplayOrder="">
            <WaveformData ID="3230796" Label="RESP" UOM="Ohms" Cal="0,1,1230,2867" SampleRate="125" SamplePeriodInMsec="1000" Samples="125">-0.2,-0.2,-0.2,-0.2,-0.2,-0.2,-0.2,-0.2,-0.2,-0.2,-0.2,-0.2,-0.2,-0.2,-0.2,-0.2,-0.2,-0.2,-0.2,-0.2,-0.2,-0.2,-0.2,-0.2,-0.2,-0.2,-0.2,-0.2,-0.2,-0.2,-0.2,-0.2,-0.2,-0.2,-0.2,-0.2,-0.2,-0.2,-0.2,-0.2,-0.2,-0.2,-0.2,-0.2,-0.2,-0.2,-0.2,-0.2,-0.2,-0.2,-0.2,-0.2,-0.2,-0.2,-0.2,-0.2,-0.2,-0.1,-0.1,-0.1,-0.1,-0.1,-0.1,-0.1,-0.1,-0.1,-0.1,-0.1,-0.1,-0.1,-0.1,-0.1,-0.1,-0.1,-0.1,-0.1,0.0,0.0,0.0,0.0,0.0,0.1,0.1,0.1,0.2,0.2,0.2,0.2,0.3,0.3,0.3,0.4,0.4,0.5,0.5,0.5,0.6,0.6,0.6,0.7,0.7,0.7,0.7,0.8,0.8,0.8,0.8,0.8,0.9,0.9,0.9,0.9,0.9,0.9,0.9,0.9,0.9,0.9,0.9,1.0,1.0,1.0,0.9,0.9,0.9</WaveformData>
            <WaveformData ID="4487318" Label="II" UOM="mV" Cal="0,1,1023,3071" SampleRate="125" SamplePeriodInMsec="1000" Samples="125">0.785,0.785,0.795,0.815,0.835,0.86,0.895,0.925,0.96,0.99,1.015,1.03,1.035,1.02,0.995,0.96,0.915,0.875,0.83,0.785,0.74,0.7,0.66,0.625,0.595,0.59,0.625,0.69,0.755,0.765,0.705,0.62,0.58,0.575,0.58,0.585,0.59,0.605,0.615,0.605,0.59,0.945,1.5,1.5,1.015,0.455,0.535,0.705,0.74,0.745,0.755,0.765,0.765,0.77,0.77,0.77,0.775,0.785,0.8,0.82,0.85,0.88,0.91,0.935,0.955,0.975,0.98,0.97,0.945,0.91,0.865,0.815,0.77,0.73,0.685,0.635,0.595,0.555,0.515,0.485,0.49,0.54,0.605,0.63,0.58,0.5,0.445,0.425,0.425,0.425,0.425,0.43,0.44,0.445,0.42,0.675,1.415,1.5,1.085,0.3,0.21,0.445,0.5,0.51,0.525,0.535,0.545,0.555,0.56,0.575,0.585,0.605,0.63,0.66,0.69,0.73,0.77,0.81,0.845,0.875,0.89,0.895,0.88,0.855,0.82</WaveformData>
            <WaveformData ID="4214093" Label="SPO2" UOM="Uncalib" Cal="0,0,0,0" SampleRate="125" SamplePeriodInMsec="1000" Samples="125">2377.0,2350.0,2332.0,2306.0,2279.0,2252.0,2217.0,2181.0,2145.0,2110.0,2065.0,2030.0,1985.0,1941.0,1896.0,1843.0,1798.0,1754.0,1700.0,1656.0,1602.0,1549.0,1504.0,1451.0,1398.0,1353.0,1300.0,1246.0,1202.0,1157.0,1122.0,1095.0,1086.0,1086.0,1122.0,1166.0,1237.0,1326.0,1433.0,1558.0,1683.0,1816.0,1932.0,2048.0,2137.0,2217.0,2288.0,2324.0,2350.0,2359.0,2359.0,2350.0,2332.0,2315.0,2297.0,2279.0,2261.0,2243.0,2226.0,2208.0,2181.0,2154.0,2128.0,2101.0,2065.0,2039.0,2003.0,1967.0,1923.0,1887.0,1843.0,1798.0,1763.0,1718.0,1674.0,1620.0,1576.0,1531.0,1478.0,1424.0,1380.0,1326.0,1273.0,1228.0,1193.0,1166.0,1148.0,1148.0,1184.0,1228.0,1300.0,1398.0,1513.0,1656.0,1789.0,1923.0,2048.0,2163.0,2270.0,2350.0,2421.0,2466.0,2493.0,2511.0,2511.0,2502.0,2493.0,2475.0,2466.0,2448.0,2439.0,2421.0,2413.0,2395.0,2377.0,2359.0,2332.0,2306.0,2279.0,2243.0,2208.0,2172.0,2124.0,2090.0,2048.0</WaveformData>
            <WaveformData ID="3289908" Label="ABP" UOM="mmHg" Cal="30,60,307,3378" SampleRate="125" SamplePeriodInMsec="1000" Samples="125">39.2,38.9,38.6,38.4,38.1,37.8,37.6,37.2,37.0,36.8,36.6,36.6,37.0,38.1,40.0,42.9,46.5,50.3,53.6,56.0,57.2,57.3,56.4,54.6,52.4,50.2,48.2,46.6,45.7,45.2,45.1,45.1,45.2,45.3,45.3,45.2,45.1,44.9,44.6,44.2,43.8,43.3,42.9,42.4,41.9,41.6,41.2,40.9,40.7,40.5,40.3,40.2,40.1,39.9,39.7,39.4,39.1,38.9,38.7,38.4,38.2,38.0,37.8,37.6,37.4,37.4,37.7,38.6,40.4,43.2,47.0,51.1,54.7,57.5,59.3,59.9,59.3,57.8,55.6,53.1,50.9,49.0,47.7,46.9,46.6,46.5,46.6,46.8,46.9,46.9,46.9,46.7,46.4,46.1,45.7,45.4,44.9,44.4,43.9,43.5,43.1,42.7,42.4,42.2,42.0,41.8,41.7,41.5,41.3,41.1,40.7,40.4,40.1,39.7,39.3,38.9,38.6,38.2,38.0,37.9,38.0,38.7,40.4,43.2,46.9</WaveformData>
            <WaveformData ID="4214108" Label="Unk lbl 4214108" UOM="Uncalib" Cal="0,0,0,0" SampleRate="125" SamplePeriodInMsec="1000" Samples="125">2086,2048,1996,1958,1907,1868,1830,1779,1740,1702,1664,1638,1600,1587,1574,1561,1574,1600,1638,1689,1740,1817,1894,1984,2060,2137,2214,2278,2316,2355,2380,2380,2368,2355,2329,2291,2265,2227,2180,2144,2108,2072,2048,2024,1987,1951,1915,1879,1843,1807,1771,1734,1698,1650,1614,1578,1542,1506,1469,1433,1397,1373,1337,1313,1277,1265,1241,1228,1216,1228,1241,1277,1325,1373,1445,1530,1626,1722,1831,1927,2011,2096,2156,2216,2252,2276,2288,2288,2276,2264,2240,2204,2180,2156,2120,2096,2060,2048,2011,1987,1951,1915,1891,1855,1819,1783,1758,1722,1686,1650,1614,1590,1554,1518,1493,1457,1433,1397,1373,1349,1325,1301,1301,1301,1301</WaveformData>
      </Waveforms>
      <VitalSigns CollectionTime="12/21/2017 1:51:39 PM" CollectionTimeUTC="1513885899">
            <VitalSign>
                  <Parameter>HR</Parameter>
                  <BpChannel />
                  <Time>12/21/2017 1:51:39 PM</Time>
                  <TimeUTC>1513885899</TimeUTC>
                  <Value UOM="Bpm" Q="">138</Value>
                  <AlarmLimitLow />
                  <AlarmLimitHigh />
            </VitalSign>
            <VitalSign>
                  <Parameter>NBP-S</Parameter>
                  <BpChannel />
                  <Time>12/21/2017 8:23:00 PM</Time>
                  <TimeUTC>1513909380</TimeUTC>
                  <Value UOM="mmHg" Q="">NODATA</Value>
                  <AlarmLimitLow />
                  <AlarmLimitHigh />
            </VitalSign>
            <VitalSign>
                  <Parameter>NBP-D</Parameter>
                  <BpChannel />
                  <Time>12/21/2017 8:23:00 PM</Time>
                  <TimeUTC>1513909380</TimeUTC>
                  <Value UOM="mmHg" Q="">NODATA</Value>
                  <AlarmLimitLow />
                  <AlarmLimitHigh />
            </VitalSign>
            <VitalSign>
                  <Parameter>NBP-M</Parameter>
                  <BpChannel />
                  <Time>12/21/2017 8:23:00 PM</Time>
                  <TimeUTC>1513909380</TimeUTC>
                  <Value UOM="mmHg" Q="">NODATA</Value>
                  <AlarmLimitLow />
                  <AlarmLimitHigh />
            </VitalSign>
            <VitalSign>
                  <Parameter>PVC</Parameter>
                  <BpChannel />
                  <Time>12/21/2017 1:51:39 PM</Time>
                  <TimeUTC>1513885899</TimeUTC>
                  <Value UOM="Bpm" Q="">0</Value>
                  <AlarmLimitLow />
                  <AlarmLimitHigh />
            </VitalSign>
            <VitalSign>
                  <Parameter>RHY</Parameter>
                  <BpChannel />
                  <Time>12/21/2017 1:51:39 PM</Time>
                  <TimeUTC>1513885899</TimeUTC>
                  <Value UOM="" Q="">SINUS RHYTHM</Value>
                  <AlarmLimitLow />
                  <AlarmLimitHigh />
            </VitalSign>
            <VitalSign>
                  <Parameter>ECT</Parameter>
                  <BpChannel />
                  <Time>12/21/2017 1:51:39 PM</Time>
                  <TimeUTC>1513885899</TimeUTC>
                  <Value UOM="" Q="" />
                  <AlarmLimitLow />
                  <AlarmLimitHigh />
            </VitalSign>
            <VitalSign>
                  <Parameter>RESP</Parameter>
                  <BpChannel />
                  <Time>12/21/2017 1:51:39 PM</Time>
                  <TimeUTC>1513885899</TimeUTC>
                  <Value UOM="BrMin" Q="">35</Value>
                  <AlarmLimitLow />
                  <AlarmLimitHigh />
            </VitalSign>
            <VitalSign>
                  <Parameter>SPO2</Parameter>
                  <BpChannel />
                  <Time>12/21/2017 1:51:39 PM</Time>
                  <TimeUTC>1513885899</TimeUTC>
                  <Value UOM="%" Q="">100</Value>
                  <AlarmLimitLow />
                  <AlarmLimitHigh />
            </VitalSign>
            <VitalSign>
                  <Parameter>PULSE</Parameter>
                  <BpChannel />
                  <Time>12/21/2017 1:51:39 PM</Time>
                  <TimeUTC>1513885899</TimeUTC>
                  <Value UOM="BPM" Q="">138</Value>
                  <AlarmLimitLow />
                  <AlarmLimitHigh />
            </VitalSign>
            <VitalSign>
                  <Parameter>ABP-S</Parameter>
                  <BpChannel />
                  <Time>12/21/2017 1:51:39 PM</Time>
                  <TimeUTC>1513885899</TimeUTC>
                  <Value UOM="mmHg" Q="">58</Value>
                  <AlarmLimitLow />
                  <AlarmLimitHigh />
            </VitalSign>
            <VitalSign>
                  <Parameter>ABP-D</Parameter>
                  <BpChannel />
                  <Time>12/21/2017 1:51:39 PM</Time>
                  <TimeUTC>1513885899</TimeUTC>
                  <Value UOM="mmHg" Q="">38</Value>
                  <AlarmLimitLow />
                  <AlarmLimitHigh />
            </VitalSign>
            <VitalSign>
                  <Parameter>ABP-M</Parameter>
                  <BpChannel />
                  <Time>12/21/2017 1:51:39 PM</Time>
                  <TimeUTC>1513885899</TimeUTC>
                  <Value UOM="mmHg" Q="">45</Value>
                  <AlarmLimitLow />
                  <AlarmLimitHigh />
            </VitalSign>
      </VitalSigns>
      <Alarms />
      <ImportedData />
      <Waveforms CollectionTime="12/21/2017 1:51:40 PM" CollectionTimeUTC="1513885900" TTX="" DisplayOrder="">
            <WaveformData ID="3230796" Label="RESP" UOM="Ohms" Cal="0,1,1230,2867" SampleRate="125" SamplePeriodInMsec="1000" Samples="125">0.9,0.9,0.9,0.9,0.9,0.9,0.8,0.8,0.8,0.7,0.7,0.7,0.6,0.6,0.6,0.5,0.5,0.5,0.4,0.4,0.4,0.3,0.3,0.3,0.2,0.2,0.2,0.1,0.1,0.1,0.1,0.0,0.0,0.0,0.0,0.0,0.0,0.0,-0.1,-0.1,-0.1,-0.1,-0.1,-0.1,-0.1,-0.1,-0.1,-0.1,-0.1,-0.1,-0.1,-0.1,-0.1,-0.2,-0.2,-0.2,-0.2,-0.2,-0.2,-0.2,-0.2,-0.2,-0.2,-0.2,-0.2,-0.2,-0.2,-0.2,-0.2,-0.2,-0.2,-0.2,-0.2,-0.2,-0.2,-0.2,-0.2,-0.2,-0.2,-0.2,-0.2,-0.2,-0.2,-0.2,-0.2,-0.2,-0.2,-0.2,-0.2,-0.2,-0.2,-0.2,-0.2,-0.2,-0.2,-0.2,-0.2,-0.2,-0.2,-0.2,-0.2,-0.2,-0.2,-0.2,-0.2,-0.2,-0.2,-0.2,-0.2,-0.2,-0.2,-0.2,-0.2,-0.2,-0.2,-0.2,-0.2,-0.2,-0.2,-0.2,-0.2,-0.2,-0.2,-0.2,-0.2</WaveformData>
            <WaveformData ID="4487318" Label="II" UOM="mV" Cal="0,1,1023,3071" SampleRate="125" SamplePeriodInMsec="1000" Samples="125">0.785,0.745,0.705,0.665,0.62,0.585,0.555,0.54,0.525,0.535,0.585,0.66,0.72,0.73,0.645,0.575,0.54,0.545,0.55,0.555,0.565,0.58,0.595,0.58,0.575,1.04,1.5,1.5,0.825,0.445,0.585,0.725,0.745,0.75,0.76,0.765,0.775,0.78,0.785,0.79,0.8,0.81,0.835,0.865,0.895,0.935,0.97,1.005,1.03,1.045,1.055,1.04,1.015,0.98,0.94,0.895,0.85,0.8,0.755,0.71,0.67,0.635,0.605,0.59,0.615,0.685,0.75,0.77,0.715,0.635,0.585,0.575,0.585,0.59,0.595,0.61,0.62,0.625,0.6,0.86,1.5,1.5,1.16,0.5,0.45,0.695,0.745,0.75,0.755,0.76,0.765,0.77,0.775,0.78,0.785,0.795,0.81,0.835,0.865,0.895,0.935,0.965,0.99,1.01,1.02,1.01,0.99,0.965,0.925,0.89,0.85,0.805,0.765,0.725,0.685,0.65,0.615,0.595,0.61,0.66,0.735,0.77,0.725,0.64,0.575</WaveformData>
            <WaveformData ID="4214093" Label="SPO2" UOM="Uncalib" Cal="0,0,0,0" SampleRate="125" SamplePeriodInMsec="1000" Samples="125">2013.0,1979.0,1937.0,1903.0,1868.0,1834.0,1792.0,1758.0,1723.0,1681.0,1647.0,1612.0,1587.0,1561.0,1553.0,1553.0,1570.0,1612.0,1672.0,1758.0,1860.0,1979.0,2099.0,2244.0,2380.0,2517.0,2645.0,2756.0,2850.0,2926.0,2977.0,3020.0,3037.0,3046.0,3037.0,3029.0,3020.0,3012.0,2995.0,2977.0,2960.0,2943.0,2918.0,2901.0,2875.0,2832.0,2790.0,2747.0,2696.0,2645.0,2594.0,2534.0,2483.0,2423.0,2363.0,2312.0,2252.0,2201.0,2150.0,2099.0,2056.0,2013.0,1971.0,1920.0,1868.0,1817.0,1766.0,1723.0,1672.0,1638.0,1604.0,1587.0,1578.0,1595.0,1630.0,1672.0,1749.0,1826.0,1920.0,2013.0,2107.0,2193.0,2278.0,2346.0,2397.0,2440.0,2457.0,2466.0,2457.0,2440.0,2414.0,2389.0,2363.0,2338.0,2312.0,2286.0,2261.0,2235.0,2210.0,2175.0,2141.0,2107.0,2073.0,2048.0,2005.0,1962.0,1920.0,1877.0,1826.0,1783.0,1740.0,1698.0,1647.0,1604.0,1553.0,1510.0,1459.0,1408.0,1365.0,1314.0,1263.0,1220.0,1177.0,1143.0,1118.0</WaveformData>
            <WaveformData ID="3289908" Label="ABP" UOM="mmHg" Cal="30,60,307,3378" SampleRate="125" SamplePeriodInMsec="1000" Samples="125">51.1,54.9,57.9,59.8,60.6,60.4,59.2,57.3,55.1,52.9,50.9,49.3,48.2,47.6,47.3,47.3,47.3,47.3,47.3,47.3,47.1,46.8,46.4,46.1,45.7,45.2,44.6,44.1,43.7,43.3,42.9,42.6,42.4,42.1,42.0,41.8,41.6,41.4,41.2,40.9,40.5,40.2,39.9,39.6,39.3,38.9,38.6,38.3,38.1,38.0,38.2,38.9,40.4,42.8,46.1,49.6,52.9,55.3,56.6,56.8,55.9,54.2,52.0,49.8,47.8,46.3,45.4,45.0,44.8,44.8,44.9,45.0,45.0,44.9,44.8,44.5,44.1,43.7,43.3,42.9,42.5,42.1,41.7,41.3,41.0,40.7,40.4,40.2,40.0,39.9,39.7,39.6,39.4,39.1,38.9,38.6,38.3,38.0,37.7,37.4,37.1,36.9,36.7,36.6,36.6,37.2,38.7,41.1,44.4,48.2,51.9,54.9,56.8,57.6,57.3,56.1,54.1,51.8,49.6,47.6,46.2,45.5,45.2,45.2,45.4</WaveformData>
            <WaveformData ID="4214108" Label="Unk lbl 4214108" UOM="Uncalib" Cal="0,0,0,0" SampleRate="125" SamplePeriodInMsec="1000" Samples="125">1337,1373,1421,1506,1602,1698,1807,1915,2024,2108,2204,2288,2349,2397,2445,2457,2469,2469,2457,2445,2421,2397,2373,2349,2337,2313,2288,2276,2252,2240,2216,2192,2180,2156,2132,2120,2096,2075,2048,2048,2020,2007,1979,1966,1952,1938,1938,1925,1925,1925,1925,1938,1952,1979,2020,2048,2116,2198,2293,2402,2512,2635,2757,2880,2976,3071,3153,3208,3249,3263,3276,3263,3235,3208,3153,3099,3044,2976,2908,2853,2785,2716,2662,2607,2539,2484,2430,2361,2307,2252,2198,2143,2075,2048,1993,1952,1897,1856,1802,1761,1720,1679,1638,1597,1556,1529,1515,1502,1502,1529,1556,1611,1679,1747,1829,1925,2007,2088,2170,2239,2293,2348,2375,2389,2389</WaveformData>
      </Waveforms>
      <VitalSigns CollectionTime="12/21/2017 1:51:40 PM" CollectionTimeUTC="1513885900">
            <VitalSign>
                  <Parameter>HR</Parameter>
                  <BpChannel />
                  <Time>12/21/2017 1:51:40 PM</Time>
                  <TimeUTC>1513885900</TimeUTC>
                  <Value UOM="Bpm" Q="">138</Value>
                  <AlarmLimitLow />
                  <AlarmLimitHigh />
            </VitalSign>
            <VitalSign>
                  <Parameter>NBP-S</Parameter>
                  <BpChannel />
                  <Time>12/21/2017 8:23:00 PM</Time>
                  <TimeUTC>1513909380</TimeUTC>
                  <Value UOM="mmHg" Q="">NODATA</Value>
                  <AlarmLimitLow />
                  <AlarmLimitHigh />
            </VitalSign>
            <VitalSign>
                  <Parameter>NBP-D</Parameter>
                  <BpChannel />
                  <Time>12/21/2017 8:23:00 PM</Time>
                  <TimeUTC>1513909380</TimeUTC>
                  <Value UOM="mmHg" Q="">NODATA</Value>
                  <AlarmLimitLow />
                  <AlarmLimitHigh />
            </VitalSign>
            <VitalSign>
                  <Parameter>NBP-M</Parameter>
                  <BpChannel />
                  <Time>12/21/2017 8:23:00 PM</Time>
                  <TimeUTC>1513909380</TimeUTC>
                  <Value UOM="mmHg" Q="">NODATA</Value>
                  <AlarmLimitLow />
                  <AlarmLimitHigh />
            </VitalSign>
            <VitalSign>
                  <Parameter>PVC</Parameter>
                  <BpChannel />
                  <Time>12/21/2017 1:51:40 PM</Time>
                  <TimeUTC>1513885900</TimeUTC>
                  <Value UOM="Bpm" Q="">0</Value>
                  <AlarmLimitLow />
                  <AlarmLimitHigh />
            </VitalSign>
            <VitalSign>
                  <Parameter>RHY</Parameter>
                  <BpChannel />
                  <Time>12/21/2017 1:51:40 PM</Time>
                  <TimeUTC>1513885900</TimeUTC>
                  <Value UOM="" Q="">SINUS RHYTHM</Value>
                  <AlarmLimitLow />
                  <AlarmLimitHigh />
            </VitalSign>
            <VitalSign>
                  <Parameter>ECT</Parameter>
                  <BpChannel />
                  <Time>12/21/2017 1:51:40 PM</Time>
                  <TimeUTC>1513885900</TimeUTC>
                  <Value UOM="" Q="" />
                  <AlarmLimitLow />
                  <AlarmLimitHigh />
            </VitalSign>
            <VitalSign>
                  <Parameter>RESP</Parameter>
                  <BpChannel />
                  <Time>12/21/2017 1:51:40 PM</Time>
                  <TimeUTC>1513885900</TimeUTC>
                  <Value UOM="BrMin" Q="">36</Value>
                  <AlarmLimitLow />
                  <AlarmLimitHigh />
            </VitalSign>
            <VitalSign>
                  <Parameter>SPO2</Parameter>
                  <BpChannel />
                  <Time>12/21/2017 1:51:40 PM</Time>
                  <TimeUTC>1513885900</TimeUTC>
                  <Value UOM="%" Q="">100</Value>
                  <AlarmLimitLow />
                  <AlarmLimitHigh />
            </VitalSign>
            <VitalSign>
                  <Parameter>PULSE</Parameter>
                  <BpChannel />
                  <Time>12/21/2017 1:51:40 PM</Time>
                  <TimeUTC>1513885900</TimeUTC>
                  <Value UOM="BPM" Q="">138</Value>
                  <AlarmLimitLow />
                  <AlarmLimitHigh />
            </VitalSign>
            <VitalSign>
                  <Parameter>ABP-S</Parameter>
                  <BpChannel />
                  <Time>12/21/2017 1:51:40 PM</Time>
                  <TimeUTC>1513885900</TimeUTC>
                  <Value UOM="mmHg" Q="">58</Value>
                  <AlarmLimitLow />
                  <AlarmLimitHigh />
            </VitalSign>
            <VitalSign>
                  <Parameter>ABP-D</Parameter>
                  <BpChannel />
                  <Time>12/21/2017 1:51:40 PM</Time>
                  <TimeUTC>1513885900</TimeUTC>
                  <Value UOM="mmHg" Q="">38</Value>
                  <AlarmLimitLow />
                  <AlarmLimitHigh />
            </VitalSign>
            <VitalSign>
                  <Parameter>ABP-M</Parameter>
                  <BpChannel />
                  <Time>12/21/2017 1:51:40 PM</Time>
                  <TimeUTC>1513885900</TimeUTC>
                  <Value UOM="mmHg" Q="">45</Value>
                  <AlarmLimitLow />
                  <AlarmLimitHigh />
            </VitalSign>
      </VitalSigns>
      <Alarms />
      <ImportedData />
      <Waveforms CollectionTime="12/21/2017 1:51:41 PM" CollectionTimeUTC="1513885901" TTX="" DisplayOrder="">
            <WaveformData ID="3230796" Label="RESP" UOM="Ohms" Cal="0,1,1230,2867" SampleRate="125" SamplePeriodInMsec="1000" Samples="125">-0.2,-0.2,-0.2,-0.2,-0.2,-0.2,-0.2,-0.2,-0.2,-0.2,-0.1,-0.1,-0.1,-0.1,-0.1,-0.1,0.0,0.0,0.0,0.0,0.1,0.1,0.2,0.2,0.2,0.3,0.3,0.4,0.4,0.4,0.5,0.5,0.6,0.6,0.6,0.7,0.7,0.7,0.7,0.8,0.8,0.8,0.8,0.9,0.9,0.9,0.9,0.9,0.9,0.9,0.9,0.9,0.9,0.9,0.9,0.9,0.9,0.9,0.9,0.9,0.9,0.9,0.9,0.9,0.9,0.9,0.9,0.9,0.8,0.8,0.8,0.8,0.8,0.7,0.7,0.7,0.7,0.6,0.6,0.6,0.6,0.5,0.5,0.5,0.4,0.4,0.4,0.3,0.3,0.3,0.3,0.2,0.2,0.2,0.2,0.1,0.1,0.1,0.1,0.1,0.0,0.0,0.0,0.0,0.0,0.0,0.0,-0.1,-0.1,-0.1,-0.1,-0.1,-0.1,-0.1,-0.1,-0.1,-0.1,-0.1,-0.1,-0.1,-0.1,-0.1,-0.1,-0.1,-0.1</WaveformData>
            <WaveformData ID="4487318" Label="II" UOM="mV" Cal="0,1,1023,3071" SampleRate="125" SamplePeriodInMsec="1000" Samples="125">0.555,0.555,0.56,0.56,0.565,0.575,0.58,0.555,0.74,1.41,1.5,1.27,0.47,0.35,0.565,0.63,0.635,0.64,0.64,0.64,0.635,0.625,0.625,0.625,0.63,0.645,0.665,0.69,0.715,0.74,0.765,0.79,0.805,0.81,0.805,0.785,0.755,0.71,0.665,0.625,0.59,0.55,0.51,0.47,0.44,0.41,0.395,0.405,0.455,0.53,0.59,0.575,0.5,0.44,0.42,0.425,0.435,0.45,0.465,0.485,0.5,0.49,0.585,1.1,1.5,1.435,0.625,0.37,0.545,0.66,0.68,0.69,0.7,0.71,0.725,0.73,0.735,0.745,0.76,0.775,0.8,0.835,0.875,0.91,0.95,0.985,1.01,1.025,1.025,1.01,0.985,0.945,0.905,0.865,0.82,0.77,0.73,0.69,0.65,0.615,0.585,0.58,0.615,0.685,0.75,0.76,0.695,0.615,0.575,0.57,0.575,0.585,0.59,0.605,0.615,0.62,0.595,0.97,1.5,1.5,0.99,0.465,0.555,0.715,0.745</WaveformData>
            <WaveformData ID="4214093" Label="SPO2" UOM="Uncalib" Cal="0,0,0,0" SampleRate="125" SamplePeriodInMsec="1000" Samples="125">1109.0,1109.0,1143.0,1194.0,1263.0,1357.0,1459.0,1578.0,1698.0,1826.0,1945.0,2048.0,2133.0,2210.0,2261.0,2295.0,2321.0,2321.0,2312.0,2295.0,2278.0,2261.0,2244.0,2218.0,2201.0,2184.0,2158.0,2141.0,2116.0,2090.0,2065.0,2039.0,2005.0,1971.0,1928.0,1885.0,1851.0,1809.0,1766.0,1723.0,1681.0,1638.0,1604.0,1561.0,1519.0,1476.0,1433.0,1391.0,1348.0,1305.0,1263.0,1229.0,1194.0,1186.0,1186.0,1211.0,1254.0,1322.0,1416.0,1536.0,1672.0,1817.0,1962.0,2099.0,2235.0,2372.0,2474.0,2568.0,2645.0,2696.0,2739.0,2756.0,2773.0,2773.0,2773.0,2764.0,2756.0,2747.0,2739.0,2730.0,2722.0,2704.0,2687.0,2670.0,2645.0,2619.0,2585.0,2559.0,2525.0,2491.0,2449.0,2414.0,2372.0,2329.0,2286.0,2244.0,2201.0,2150.0,2107.0,2056.0,2013.0,1962.0,1911.0,1860.0,1809.0,1758.0,1723.0,1689.0,1672.0,1672.0,1689.0,1723.0,1783.0,1860.0,1945.0,2048.0,2141.0,2244.0,2338.0,2431.0,2541.0,2606.0,2653.0,2671.0,2680.0</WaveformData>
            <WaveformData ID="3289908" Label="ABP" UOM="mmHg" Cal="30,60,307,3378" SampleRate="125" SamplePeriodInMsec="1000" Samples="125">45.6,45.8,45.9,45.8,45.7,45.4,45.1,44.8,44.4,43.9,43.5,43.1,42.7,42.4,42.1,41.9,41.6,41.4,41.3,41.2,41.1,40.9,40.7,40.4,40.2,39.9,39.7,39.4,39.1,38.8,38.5,38.2,38.1,38.2,38.9,40.5,43.2,47.1,51.2,55.3,58.4,60.6,61.6,61.3,59.9,57.8,55.4,52.9,50.8,49.2,48.0,47.4,47.1,47.1,47.1,47.1,47.1,47.0,46.8,46.6,46.2,45.9,45.5,45.0,44.4,43.9,43.5,43.1,42.6,42.3,41.9,41.7,41.5,41.3,41.1,40.9,40.7,40.5,40.2,39.9,39.6,39.3,38.9,38.7,38.4,38.1,37.9,37.8,38.1,38.9,40.7,43.4,46.9,50.5,53.7,56.1,57.2,57.2,56.1,54.2,51.9,49.7,47.7,46.3,45.5,45.1,44.9,44.9,45.1,45.1,45.1,45.1,44.9,44.7,44.3,43.9,43.4,43.0,42.6,42.1,41.7,41.2,40.9,40.6,40.4</WaveformData>
            <WaveformData ID="4214108" Label="Unk lbl 4214108" UOM="Uncalib" Cal="0,0,0,0" SampleRate="125" SamplePeriodInMsec="1000" Samples="125">2361,2348,2321,2280,2239,2198,2157,2129,2088,2048,2020,1979,1938,1897,1870,1829,1788,1747,1693,1652,1611,1570,1529,1488,1447,1406,1365,1324,1283,1256,1215,1188,1160,1147,1119,1119,1119,1133,1160,1215,1297,1379,1488,1597,1720,1843,1966,2075,2170,2252,2321,2375,2402,2416,2416,2402,2375,2348,2307,2266,2225,2184,2143,2088,2048,2020,1979,1938,1897,1856,1816,1775,1734,1693,1652,1611,1583,1542,1515,1502,1474,1447,1433,1420,1406,1392,1379,1379,1379,1392,1406,1433,1474,1529,1611,1706,1816,1925,2048,2184,2307,2443,2553,2662,2744,2826,2880,2908,2935,2949,2949,2935,2921,2908,2894,2867,2853,2826,2798,2771,2744,2716,2689,2648,2621</WaveformData>
      </Waveforms>
      <VitalSigns CollectionTime="12/21/2017 1:51:41 PM" CollectionTimeUTC="1513885901">
            <VitalSign>
                  <Parameter>HR</Parameter>
                  <BpChannel />
                  <Time>12/21/2017 1:51:41 PM</Time>
                  <TimeUTC>1513885901</TimeUTC>
                  <Value UOM="Bpm" Q="">138</Value>
                  <AlarmLimitLow />
                  <AlarmLimitHigh />
            </VitalSign>
            <VitalSign>
                  <Parameter>NBP-S</Parameter>
                  <BpChannel />
                  <Time>12/21/2017 8:23:00 PM</Time>
                  <TimeUTC>1513909380</TimeUTC>
                  <Value UOM="mmHg" Q="">NODATA</Value>
                  <AlarmLimitLow />
                  <AlarmLimitHigh />
            </VitalSign>
            <VitalSign>
                  <Parameter>NBP-D</Parameter>
                  <BpChannel />
                  <Time>12/21/2017 8:23:00 PM</Time>
                  <TimeUTC>1513909380</TimeUTC>
                  <Value UOM="mmHg" Q="">NODATA</Value>
                  <AlarmLimitLow />
                  <AlarmLimitHigh />
            </VitalSign>
            <VitalSign>
                  <Parameter>NBP-M</Parameter>
                  <BpChannel />
                  <Time>12/21/2017 8:23:00 PM</Time>
                  <TimeUTC>1513909380</TimeUTC>
                  <Value UOM="mmHg" Q="">NODATA</Value>
                  <AlarmLimitLow />
                  <AlarmLimitHigh />
            </VitalSign>
            <VitalSign>
                  <Parameter>PVC</Parameter>
                  <BpChannel />
                  <Time>12/21/2017 1:51:41 PM</Time>
                  <TimeUTC>1513885901</TimeUTC>
                  <Value UOM="Bpm" Q="">0</Value>
                  <AlarmLimitLow />
                  <AlarmLimitHigh />
            </VitalSign>
            <VitalSign>
                  <Parameter>RHY</Parameter>
                  <BpChannel />
                  <Time>12/21/2017 1:51:41 PM</Time>
                  <TimeUTC>1513885901</TimeUTC>
                  <Value UOM="" Q="">SINUS RHYTHM</Value>
                  <AlarmLimitLow />
                  <AlarmLimitHigh />
            </VitalSign>
            <VitalSign>
                  <Parameter>ECT</Parameter>
                  <BpChannel />
                  <Time>12/21/2017 1:51:41 PM</Time>
                  <TimeUTC>1513885901</TimeUTC>
                  <Value UOM="" Q="" />
                  <AlarmLimitLow />
                  <AlarmLimitHigh />
            </VitalSign>
            <VitalSign>
                  <Parameter>RESP</Parameter>
                  <BpChannel />
                  <Time>12/21/2017 1:51:41 PM</Time>
                  <TimeUTC>1513885901</TimeUTC>
                  <Value UOM="BrMin" Q="">36</Value>
                  <AlarmLimitLow />
                  <AlarmLimitHigh />
            </VitalSign>
            <VitalSign>
                  <Parameter>SPO2</Parameter>
                  <BpChannel />
                  <Time>12/21/2017 1:51:41 PM</Time>
                  <TimeUTC>1513885901</TimeUTC>
                  <Value UOM="%" Q="">100</Value>
                  <AlarmLimitLow />
                  <AlarmLimitHigh />
            </VitalSign>
            <VitalSign>
                  <Parameter>PULSE</Parameter>
                  <BpChannel />
                  <Time>12/21/2017 1:51:41 PM</Time>
                  <TimeUTC>1513885901</TimeUTC>
                  <Value UOM="BPM" Q="">138</Value>
                  <AlarmLimitLow />
                  <AlarmLimitHigh />
            </VitalSign>
            <VitalSign>
                  <Parameter>ABP-S</Parameter>
                  <BpChannel />
                  <Time>12/21/2017 1:51:41 PM</Time>
                  <TimeUTC>1513885901</TimeUTC>
                  <Value UOM="mmHg" Q="">58</Value>
                  <AlarmLimitLow />
                  <AlarmLimitHigh />
            </VitalSign>
            <VitalSign>
                  <Parameter>ABP-D</Parameter>
                  <BpChannel />
                  <Time>12/21/2017 1:51:41 PM</Time>
                  <TimeUTC>1513885901</TimeUTC>
                  <Value UOM="mmHg" Q="">38</Value>
                  <AlarmLimitLow />
                  <AlarmLimitHigh />
            </VitalSign>
            <VitalSign>
                  <Parameter>ABP-M</Parameter>
                  <BpChannel />
                  <Time>12/21/2017 1:51:41 PM</Time>
                  <TimeUTC>1513885901</TimeUTC>
                  <Value UOM="mmHg" Q="">45</Value>
                  <AlarmLimitLow />
                  <AlarmLimitHigh />
            </VitalSign>
      </VitalSigns>
      <Alarms />
      <ImportedData />
      <Waveforms CollectionTime="12/21/2017 1:51:42 PM" CollectionTimeUTC="1513885902" TTX="" DisplayOrder="">
            <WaveformData ID="3230796" Label="RESP" UOM="Ohms" Cal="0,1,1230,2867" SampleRate="125" SamplePeriodInMsec="1000" Samples="125">-0.1,-0.1,-0.1,-0.1,-0.1,-0.1,-0.1,-0.1,-0.1,-0.1,-0.1,-0.1,-0.1,-0.1,-0.1,-0.1,-0.1,-0.1,-0.1,-0.1,-0.1,-0.1,-0.2,-0.2,-0.2,-0.2,-0.2,-0.2,-0.2,-0.2,-0.2,-0.2,-0.2,-0.2,-0.2,-0.2,-0.2,-0.2,-0.2,-0.2,-0.2,-0.2,-0.2,-0.2,-0.2,-0.2,-0.2,-0.2,-0.2,-0.2,-0.2,-0.2,-0.2,-0.2,-0.2,-0.2,-0.1,-0.1,-0.1,-0.1,-0.1,-0.1,-0.1,-0.1,-0.1,-0.1,-0.1,-0.1,-0.1,-0.1,-0.1,-0.1,-0.1,-0.1,-0.1,-0.1,-0.1,-0.1,-0.1,-0.1,-0.1,-0.1,-0.1,-0.1,-0.1,-0.1,-0.1,-0.1,-0.2,-0.2,-0.2,-0.2,-0.2,-0.2,-0.2,-0.2,-0.2,-0.2,-0.1,-0.1,-0.1,-0.1,-0.1,-0.1,-0.1,-0.1,0.0,0.0,0.0,0.0,0.1,0.1,0.1,0.1,0.2,0.2,0.3,0.3,0.3,0.4,0.4,0.5,0.5,0.6,0.6</WaveformData>
            <WaveformData ID="4487318" Label="II" UOM="mV" Cal="0,1,1023,3071" SampleRate="125" SamplePeriodInMsec="1000" Samples="125">0.755,0.76,0.765,0.77,0.775,0.78,0.785,0.79,0.8,0.82,0.845,0.875,0.905,0.945,0.975,1.005,1.025,1.03,1.02,1,0.97,0.93,0.885,0.845,0.8,0.76,0.715,0.67,0.63,0.6,0.585,0.615,0.675,0.74,0.76,0.705,0.62,0.57,0.56,0.565,0.57,0.575,0.585,0.6,0.605,0.585,0.835,1.5,1.5,1.175,0.49,0.425,0.67,0.72,0.73,0.74,0.75,0.755,0.76,0.765,0.765,0.775,0.785,0.8,0.82,0.85,0.885,0.915,0.945,0.97,0.99,1,0.995,0.98,0.95,0.915,0.875,0.835,0.79,0.745,0.705,0.665,0.63,0.6,0.58,0.6,0.655,0.73,0.755,0.7,0.61,0.55,0.535,0.54,0.54,0.54,0.545,0.555,0.56,0.535,0.775,1.495,1.5,1.165,0.41,0.33,0.57,0.62,0.62,0.62,0.625,0.625,0.62,0.615,0.61,0.61,0.62,0.635,0.655,0.68,0.705,0.735,0.76,0.78,0.795</WaveformData>
            <WaveformData ID="4214093" Label="SPO2" UOM="Uncalib" Cal="0,0,0,0" SampleRate="125" SamplePeriodInMsec="1000" Samples="125">2671.0,2662.0,2634.0,2606.0,2578.0,2550.0,2522.0,2494.0,2466.0,2429.0,2401.0,2364.0,2327.0,2290.0,2243.0,2196.0,2150.0,2103.0,2057.0,2010.0,1964.0,1908.0,1861.0,1806.0,1759.0,1703.0,1657.0,1601.0,1545.0,1489.0,1433.0,1377.0,1331.0,1275.0,1228.0,1191.0,1163.0,1145.0,1163.0,1191.0,1238.0,1322.0,1415.0,1536.0,1657.0,1787.0,1927.0,2048.0,2159.0,2252.0,2336.0,2383.0,2429.0,2448.0,2448.0,2448.0,2429.0,2411.0,2392.0,2373.0,2355.0,2336.0,2317.0,2290.0,2271.0,2243.0,2215.0,2178.0,2150.0,2113.0,2066.0,2038.0,1992.0,1955.0,1908.0,1861.0,1824.0,1778.0,1731.0,1685.0,1638.0,1601.0,1545.0,1498.0,1452.0,1405.0,1349.0,1303.0,1266.0,1228.0,1210.0,1191.0,1210.0,1247.0,1303.0,1387.0,1489.0,1610.0,1740.0,1871.0,2001.0,2122.0,2234.0,2336.0,2411.0,2466.0,2504.0,2513.0,2522.0,2513.0,2504.0,2485.0,2466.0,2448.0,2420.0,2401.0,2383.0,2355.0,2327.0,2324.0,2293.0,2252.0,2211.0,2170.0,2119.0</WaveformData>
            <WaveformData ID="3289908" Label="ABP" UOM="mmHg" Cal="30,60,307,3378" SampleRate="125" SamplePeriodInMsec="1000" Samples="125">40.2,40.1,39.9,39.8,39.6,39.4,39.1,38.9,38.6,38.3,38.0,37.7,37.4,37.1,36.9,36.7,36.6,36.8,37.5,39.1,41.6,45.0,48.7,52.3,55.1,56.7,57.2,56.7,55.3,53.2,51.0,48.9,47.1,45.9,45.2,45.1,45.1,45.1,45.2,45.4,45.4,45.2,45.1,44.8,44.4,44.0,43.5,43.1,42.6,42.2,41.8,41.4,41.1,40.7,40.6,40.4,40.2,40.1,39.9,39.7,39.5,39.2,38.9,38.6,38.2,37.9,37.7,37.4,37.1,36.9,36.8,36.9,37.6,39.1,41.6,44.9,48.7,52.4,55.3,57.1,57.9,57.5,56.2,54.3,52.1,50.1,48.3,47.0,46.2,45.9,45.8,45.9,46.1,46.2,46.3,46.2,46.1,45.9,45.6,45.3,44.9,44.4,43.9,43.5,43.1,42.7,42.5,42.3,42.1,41.9,41.8,41.6,41.5,41.3,41.1,40.7,40.5,40.2,39.9,39.6,39.4,39.1,38.7,38.5,38.4</WaveformData>
            <WaveformData ID="4214108" Label="Unk lbl 4214108" UOM="Uncalib" Cal="0,0,0,0" SampleRate="125" SamplePeriodInMsec="1000" Samples="125">2580,2539,2498,2457,2416,2375,2321,2280,2239,2198,2143,2102,2061,2020,1979,1938,1897,1856,1829,1802,1802,1802,1816,1843,1897,1966,2034,2102,2198,2280,2375,2457,2512,2566,2607,2621,2635,2621,2594,2566,2525,2484,2443,2402,2361,2321,2266,2225,2184,2143,2102,2061,2034,1993,1952,1897,1856,1802,1761,1720,1665,1624,1570,1529,1488,1447,1406,1379,1338,1310,1269,1256,1228,1228,1228,1242,1269,1310,1379,1461,1556,1652,1761,1884,1993,2075,2170,2252,2307,2361,2389,2389,2402,2375,2361,2321,2293,2252,2225,2184,2157,2116,2088,2048,2034,1993,1966,1925,1884,1843,1802,1761,1720,1679,1652,1611,1570,1529,1488,1461,1420,1392,1365,1338,1310</WaveformData>
      </Waveforms>
      <VitalSigns CollectionTime="12/21/2017 1:51:42 PM" CollectionTimeUTC="1513885902">
            <VitalSign>
                  <Parameter>HR</Parameter>
                  <BpChannel />
                  <Time>12/21/2017 1:51:42 PM</Time>
                  <TimeUTC>1513885902</TimeUTC>
                  <Value UOM="Bpm" Q="">138</Value>
                  <AlarmLimitLow />
                  <AlarmLimitHigh />
            </VitalSign>
            <VitalSign>
                  <Parameter>NBP-S</Parameter>
                  <BpChannel />
                  <Time>12/21/2017 8:23:00 PM</Time>
                  <TimeUTC>1513909380</TimeUTC>
                  <Value UOM="mmHg" Q="">NODATA</Value>
                  <AlarmLimitLow />
                  <AlarmLimitHigh />
            </VitalSign>
            <VitalSign>
                  <Parameter>NBP-D</Parameter>
                  <BpChannel />
                  <Time>12/21/2017 8:23:00 PM</Time>
                  <TimeUTC>1513909380</TimeUTC>
                  <Value UOM="mmHg" Q="">NODATA</Value>
                  <AlarmLimitLow />
                  <AlarmLimitHigh />
            </VitalSign>
            <VitalSign>
                  <Parameter>NBP-M</Parameter>
                  <BpChannel />
                  <Time>12/21/2017 8:23:00 PM</Time>
                  <TimeUTC>1513909380</TimeUTC>
                  <Value UOM="mmHg" Q="">NODATA</Value>
                  <AlarmLimitLow />
                  <AlarmLimitHigh />
            </VitalSign>
            <VitalSign>
                  <Parameter>PVC</Parameter>
                  <BpChannel />
                  <Time>12/21/2017 1:51:42 PM</Time>
                  <TimeUTC>1513885902</TimeUTC>
                  <Value UOM="Bpm" Q="">0</Value>
                  <AlarmLimitLow />
                  <AlarmLimitHigh />
            </VitalSign>
            <VitalSign>
                  <Parameter>RHY</Parameter>
                  <BpChannel />
                  <Time>12/21/2017 1:51:42 PM</Time>
                  <TimeUTC>1513885902</TimeUTC>
                  <Value UOM="" Q="">SINUS RHYTHM</Value>
                  <AlarmLimitLow />
                  <AlarmLimitHigh />
            </VitalSign>
            <VitalSign>
                  <Parameter>ECT</Parameter>
                  <BpChannel />
                  <Time>12/21/2017 1:51:42 PM</Time>
                  <TimeUTC>1513885902</TimeUTC>
                  <Value UOM="" Q="" />
                  <AlarmLimitLow />
                  <AlarmLimitHigh />
            </VitalSign>
            <VitalSign>
                  <Parameter>RESP</Parameter>
                  <BpChannel />
                  <Time>12/21/2017 1:51:42 PM</Time>
                  <TimeUTC>1513885902</TimeUTC>
                  <Value UOM="BrMin" Q="">36</Value>
                  <AlarmLimitLow />
                  <AlarmLimitHigh />
            </VitalSign>
            <VitalSign>
                  <Parameter>SPO2</Parameter>
                  <BpChannel />
                  <Time>12/21/2017 1:51:42 PM</Time>
                  <TimeUTC>1513885902</TimeUTC>
                  <Value UOM="%" Q="">100</Value>
                  <AlarmLimitLow />
                  <AlarmLimitHigh />
            </VitalSign>
            <VitalSign>
                  <Parameter>PULSE</Parameter>
                  <BpChannel />
                  <Time>12/21/2017 1:51:42 PM</Time>
                  <TimeUTC>1513885902</TimeUTC>
                  <Value UOM="BPM" Q="">138</Value>
                  <AlarmLimitLow />
                  <AlarmLimitHigh />
            </VitalSign>
            <VitalSign>
                  <Parameter>ABP-S</Parameter>
                  <BpChannel />
                  <Time>12/21/2017 1:51:42 PM</Time>
                  <TimeUTC>1513885902</TimeUTC>
                  <Value UOM="mmHg" Q="">58</Value>
                  <AlarmLimitLow />
                  <AlarmLimitHigh />
            </VitalSign>
            <VitalSign>
                  <Parameter>ABP-D</Parameter>
                  <BpChannel />
                  <Time>12/21/2017 1:51:42 PM</Time>
                  <TimeUTC>1513885902</TimeUTC>
                  <Value UOM="mmHg" Q="">38</Value>
                  <AlarmLimitLow />
                  <AlarmLimitHigh />
            </VitalSign>
            <VitalSign>
                  <Parameter>ABP-M</Parameter>
                  <BpChannel />
                  <Time>12/21/2017 1:51:42 PM</Time>
                  <TimeUTC>1513885902</TimeUTC>
                  <Value UOM="mmHg" Q="">45</Value>
                  <AlarmLimitLow />
                  <AlarmLimitHigh />
            </VitalSign>
      </VitalSigns>
      <Alarms />
      <ImportedData />
      <Waveforms CollectionTime="12/21/2017 1:51:43 PM" CollectionTimeUTC="1513885903" TTX="" DisplayOrder="">
            <WaveformData ID="3230796" Label="RESP" UOM="Ohms" Cal="0,1,1230,2867" SampleRate="125" SamplePeriodInMsec="1000" Samples="125">0.6,0.7,0.7,0.7,0.7,0.8,0.8,0.8,0.8,0.9,0.9,0.9,0.9,0.9,0.9,0.9,0.9,0.9,0.9,0.9,0.9,0.9,0.9,0.9,0.9,0.9,0.9,0.9,0.9,0.9,0.9,0.9,0.9,0.9,0.9,0.8,0.8,0.8,0.8,0.8,0.7,0.7,0.7,0.6,0.6,0.6,0.6,0.5,0.5,0.5,0.4,0.4,0.4,0.4,0.3,0.3,0.3,0.2,0.2,0.2,0.2,0.2,0.1,0.1,0.1,0.1,0.1,0.0,0.0,0.0,0.0,0.0,0.0,0.0,-0.1,-0.1,-0.1,-0.1,-0.1,-0.1,-0.1,-0.1,-0.1,-0.1,-0.1,-0.1,-0.1,-0.1,-0.1,-0.1,-0.1,-0.1,-0.1,-0.1,-0.1,-0.1,-0.1,-0.1,-0.1,-0.1,-0.1,-0.1,-0.1,-0.1,-0.1,-0.1,-0.1,-0.1,-0.1,-0.1,-0.2,-0.2,-0.2,-0.2,-0.2,-0.2,-0.2,-0.2,-0.2,-0.2,-0.2,-0.2,-0.2,-0.2,-0.2</WaveformData>
            <WaveformData ID="4487318" Label="II" UOM="mV" Cal="0,1,1023,3071" SampleRate="125" SamplePeriodInMsec="1000" Samples="125">0.805,0.795,0.775,0.74,0.695,0.65,0.615,0.57,0.53,0.495,0.46,0.43,0.405,0.395,0.42,0.475,0.555,0.59,0.555,0.48,0.43,0.42,0.425,0.435,0.445,0.465,0.485,0.495,0.485,0.68,1.32,1.5,1.205,0.47,0.36,0.595,0.67,0.68,0.695,0.71,0.72,0.725,0.735,0.745,0.755,0.765,0.785,0.815,0.85,0.885,0.925,0.965,0.995,1.015,1.03,1.03,1.01,0.98,0.94,0.895,0.855,0.805,0.76,0.72,0.675,0.635,0.605,0.585,0.595,0.645,0.72,0.765,0.735,0.655,0.59,0.57,0.575,0.58,0.59,0.6,0.615,0.625,0.6,0.71,1.29,1.5,1.495,0.665,0.45,0.64,0.745,0.755,0.76,0.765,0.77,0.775,0.775,0.785,0.79,0.8,0.815,0.835,0.865,0.895,0.93,0.965,1,1.02,1.035,1.04,1.015,0.99,0.955,0.91,0.865,0.82,0.775,0.73,0.685,0.645,0.615,0.585,0.595,0.635,0.71</WaveformData>
            <WaveformData ID="4214093" Label="SPO2" UOM="Uncalib" Cal="0,0,0,0" SampleRate="125" SamplePeriodInMsec="1000" Samples="125">2068.0,2048.0,2048.0,2007.0,1955.0,1904.0,1853.0,1802.0,1751.0,1699.0,1648.0,1587.0,1536.0,1484.0,1433.0,1382.0,1321.0,1269.0,1228.0,1198.0,1177.0,1177.0,1187.0,1239.0,1310.0,1413.0,1546.0,1689.0,1853.0,2017.0,2181.0,2355.0,2508.0,2652.0,2764.0,2867.0,2928.0,2990.0,3020.0,3041.0,3051.0,3051.0,3051.0,3051.0,3051.0,3041.0,3031.0,3020.0,3010.0,2990.0,2959.0,2938.0,2897.0,2867.0,2826.0,2785.0,2723.0,2662.0,2600.0,2529.0,2467.0,2406.0,2344.0,2273.0,2211.0,2150.0,2088.0,2048.0,1986.0,1925.0,1863.0,1812.0,1751.0,1710.0,1679.0,1658.0,1648.0,1679.0,1720.0,1781.0,1874.0,1976.0,2078.0,2191.0,2314.0,2426.0,2529.0,2611.0,2672.0,2713.0,2734.0,2744.0,2734.0,2713.0,2693.0,2662.0,2631.0,2611.0,2580.0,2549.0,2519.0,2488.0,2447.0,2416.0,2375.0,2324.0,2283.0,2232.0,2181.0,2119.0,2068.0,2027.0,1976.0,1914.0,1863.0,1802.0,1751.0,1699.0,1638.0,1577.0,1515.0,1454.0,1392.0,1331.0,1269.0</WaveformData>
            <WaveformData ID="3289908" Label="ABP" UOM="mmHg" Cal="30,60,307,3378" SampleRate="125" SamplePeriodInMsec="1000" Samples="125">38.6,39.4,41.2,44.2,48.1,52.4,56.2,59.2,61.3,62.0,61.6,60.2,58.3,55.8,53.4,51.2,49.6,48.4,47.7,47.4,47.4,47.4,47.5,47.5,47.4,47.3,47.0,46.6,46.2,45.8,45.3,44.8,44.3,43.9,43.4,43.1,42.7,42.4,42.2,42.0,41.8,41.6,41.4,41.1,40.7,40.4,40.1,39.9,39.6,39.3,38.9,38.6,38.4,38.2,38.2,38.6,39.7,41.7,44.6,48.2,51.7,54.6,56.6,57.4,56.9,55.6,53.5,51.2,49.1,47.3,46.1,45.4,45.1,45.1,45.1,45.2,45.3,45.3,45.2,45.0,44.8,44.4,43.9,43.4,43.0,42.6,42.2,41.8,41.4,41.1,40.8,40.6,40.4,40.2,40.1,39.9,39.7,39.4,39.1,38.8,38.5,38.2,37.9,37.7,37.4,37.1,36.9,36.7,36.8,37.1,38.2,40.2,43.2,46.8,50.6,53.9,56.3,57.6,57.6,56.5,54.7,52.4,50.2,48.2,46.7</WaveformData>
            <WaveformData ID="4214108" Label="Unk lbl 4214108" UOM="Uncalib" Cal="0,0,0,0" SampleRate="125" SamplePeriodInMsec="1000" Samples="125">1283,1283,1269,1283,1297,1324,1379,1447,1529,1624,1734,1856,1979,2075,2184,2293,2375,2443,2498,2512,2539,2525,2512,2498,2457,2416,2375,2334,2293,2252,2211,2170,2129,2088,2048,2018,1974,1931,1887,1843,1814,1770,1726,1697,1667,1638,1609,1580,1565,1550,1536,1521,1506,1492,1492,1492,1506,1521,1565,1609,1682,1770,1872,1989,2106,2252,2399,2530,2662,2794,2896,2984,3057,3115,3145,3159,3174,3174,3174,3159,3130,3115,3086,3071,3042,3013,2954,2911,2852,2808,2750,2691,2633,2574,2516,2457,2399,2340,2296,2238,2179,2121,2077,2048,2004,1945,1901,1857,1828,1784,1755,1740,1740,1755,1784,1828,1887,1960,2048,2121,2223,2311,2399,2486,2545</WaveformData>
      </Waveforms>
      <VitalSigns CollectionTime="12/21/2017 1:51:43 PM" CollectionTimeUTC="1513885903">
            <VitalSign>
                  <Parameter>HR</Parameter>
                  <BpChannel />
                  <Time>12/21/2017 1:51:43 PM</Time>
                  <TimeUTC>1513885903</TimeUTC>
                  <Value UOM="Bpm" Q="">138</Value>
                  <AlarmLimitLow />
                  <AlarmLimitHigh />
            </VitalSign>
            <VitalSign>
                  <Parameter>NBP-S</Parameter>
                  <BpChannel />
                  <Time>12/21/2017 8:23:00 PM</Time>
                  <TimeUTC>1513909380</TimeUTC>
                  <Value UOM="mmHg" Q="">NODATA</Value>
                  <AlarmLimitLow />
                  <AlarmLimitHigh />
            </VitalSign>
            <VitalSign>
                  <Parameter>NBP-D</Parameter>
                  <BpChannel />
                  <Time>12/21/2017 8:23:00 PM</Time>
                  <TimeUTC>1513909380</TimeUTC>
                  <Value UOM="mmHg" Q="">NODATA</Value>
                  <AlarmLimitLow />
                  <AlarmLimitHigh />
            </VitalSign>
            <VitalSign>
                  <Parameter>NBP-M</Parameter>
                  <BpChannel />
                  <Time>12/21/2017 8:23:00 PM</Time>
                  <TimeUTC>1513909380</TimeUTC>
                  <Value UOM="mmHg" Q="">NODATA</Value>
                  <AlarmLimitLow />
                  <AlarmLimitHigh />
            </VitalSign>
            <VitalSign>
                  <Parameter>PVC</Parameter>
                  <BpChannel />
                  <Time>12/21/2017 1:51:43 PM</Time>
                  <TimeUTC>1513885903</TimeUTC>
                  <Value UOM="Bpm" Q="">0</Value>
                  <AlarmLimitLow />
                  <AlarmLimitHigh />
            </VitalSign>
            <VitalSign>
                  <Parameter>RHY</Parameter>
                  <BpChannel />
                  <Time>12/21/2017 1:51:43 PM</Time>
                  <TimeUTC>1513885903</TimeUTC>
                  <Value UOM="" Q="">SINUS RHYTHM</Value>
                  <AlarmLimitLow />
                  <AlarmLimitHigh />
            </VitalSign>
            <VitalSign>
                  <Parameter>ECT</Parameter>
                  <BpChannel />
                  <Time>12/21/2017 1:51:43 PM</Time>
                  <TimeUTC>1513885903</TimeUTC>
                  <Value UOM="" Q="" />
                  <AlarmLimitLow />
                  <AlarmLimitHigh />
            </VitalSign>
            <VitalSign>
                  <Parameter>RESP</Parameter>
                  <BpChannel />
                  <Time>12/21/2017 1:51:43 PM</Time>
                  <TimeUTC>1513885903</TimeUTC>
                  <Value UOM="BrMin" Q="">36</Value>
                  <AlarmLimitLow />
                  <AlarmLimitHigh />
            </VitalSign>
            <VitalSign>
                  <Parameter>SPO2</Parameter>
                  <BpChannel />
                  <Time>12/21/2017 1:51:43 PM</Time>
                  <TimeUTC>1513885903</TimeUTC>
                  <Value UOM="%" Q="">100</Value>
                  <AlarmLimitLow />
                  <AlarmLimitHigh />
            </VitalSign>
            <VitalSign>
                  <Parameter>PULSE</Parameter>
                  <BpChannel />
                  <Time>12/21/2017 1:51:43 PM</Time>
                  <TimeUTC>1513885903</TimeUTC>
                  <Value UOM="BPM" Q="">138</Value>
                  <AlarmLimitLow />
                  <AlarmLimitHigh />
            </VitalSign>
            <VitalSign>
                  <Parameter>ABP-S</Parameter>
                  <BpChannel />
                  <Time>12/21/2017 1:51:43 PM</Time>
                  <TimeUTC>1513885903</TimeUTC>
                  <Value UOM="mmHg" Q="">58</Value>
                  <AlarmLimitLow />
                  <AlarmLimitHigh />
            </VitalSign>
            <VitalSign>
                  <Parameter>ABP-D</Parameter>
                  <BpChannel />
                  <Time>12/21/2017 1:51:43 PM</Time>
                  <TimeUTC>1513885903</TimeUTC>
                  <Value UOM="mmHg" Q="">38</Value>
                  <AlarmLimitLow />
                  <AlarmLimitHigh />
            </VitalSign>
            <VitalSign>
                  <Parameter>ABP-M</Parameter>
                  <BpChannel />
                  <Time>12/21/2017 1:51:43 PM</Time>
                  <TimeUTC>1513885903</TimeUTC>
                  <Value UOM="mmHg" Q="">45</Value>
                  <AlarmLimitLow />
                  <AlarmLimitHigh />
            </VitalSign>
      </VitalSigns>
      <Alarms />
      <ImportedData />
      <Waveforms CollectionTime="12/21/2017 1:51:44 PM" CollectionTimeUTC="1513885904" TTX="" DisplayOrder="">
            <WaveformData ID="3230796" Label="RESP" UOM="Ohms" Cal="0,1,1230,2867" SampleRate="125" SamplePeriodInMsec="1000" Samples="125">-0.2,-0.2,-0.2,-0.2,-0.2,-0.2,-0.2,-0.2,-0.2,-0.2,-0.2,-0.2,-0.2,-0.2,-0.2,-0.2,-0.2,-0.2,-0.2,-0.2,-0.2,-0.2,-0.2,-0.2,-0.2,-0.2,-0.2,-0.1,-0.1,-0.1,-0.1,-0.1,-0.1,-0.1,-0.1,-0.1,-0.1,-0.1,-0.1,-0.1,-0.1,-0.1,-0.1,-0.1,-0.1,-0.1,-0.1,-0.2,-0.2,-0.2,-0.2,-0.2,-0.2,-0.2,-0.2,-0.2,-0.2,-0.2,-0.2,-0.2,-0.2,-0.2,-0.2,-0.2,-0.2,-0.2,-0.2,-0.1,-0.1,-0.1,-0.1,-0.1,-0.1,0.0,0.0,0.0,0.0,0.1,0.1,0.1,0.2,0.2,0.2,0.3,0.3,0.4,0.4,0.4,0.5,0.5,0.6,0.6,0.6,0.7,0.7,0.7,0.7,0.8,0.8,0.8,0.8,0.8,0.9,0.9,0.9,0.9,0.9,0.9,0.9,0.9,0.9,0.9,0.9,0.9,0.9,0.9,0.9,0.9,0.9,0.9,0.9,0.9,0.9,0.9,0.9</WaveformData>
            <WaveformData ID="4487318" Label="II" UOM="mV" Cal="0,1,1023,3071" SampleRate="125" SamplePeriodInMsec="1000" Samples="125">0.755,0.73,0.655,0.585,0.56,0.56,0.565,0.575,0.585,0.6,0.61,0.59,0.675,1.23,1.5,1.5,0.715,0.435,0.61,0.725,0.74,0.745,0.75,0.76,0.765,0.765,0.765,0.765,0.775,0.79,0.815,0.84,0.87,0.9,0.935,0.965,0.985,1,1.005,0.99,0.965,0.925,0.885,0.845,0.805,0.765,0.73,0.69,0.65,0.615,0.585,0.59,0.63,0.7,0.745,0.715,0.63,0.555,0.525,0.525,0.53,0.535,0.54,0.555,0.555,0.525,0.64,1.235,1.5,1.475,0.58,0.345,0.52,0.62,0.625,0.625,0.63,0.63,0.63,0.625,0.625,0.625,0.63,0.645,0.665,0.685,0.705,0.735,0.765,0.79,0.805,0.81,0.805,0.785,0.76,0.715,0.67,0.625,0.585,0.545,0.505,0.47,0.44,0.41,0.39,0.405,0.455,0.535,0.58,0.555,0.48,0.425,0.405,0.41,0.425,0.435,0.45,0.47,0.485,0.465,0.58,1.135,1.5,1.37,0.575</WaveformData>
            <WaveformData ID="4214093" Label="SPO2" UOM="Uncalib" Cal="0,0,0,0" SampleRate="125" SamplePeriodInMsec="1000" Samples="125">1208.0,1157.0,1116.0,1085.0,1075.0,1085.0,1126.0,1177.0,1269.0,1382.0,1505.0,1648.0,1792.0,1945.0,2068.0,2201.0,2293.0,2385.0,2447.0,2478.0,2498.0,2498.0,2488.0,2467.0,2447.0,2426.0,2396.0,2375.0,2355.0,2324.0,2304.0,2273.0,2242.0,2211.0,2170.0,2129.0,2088.0,2048.0,2007.0,1966.0,1914.0,1863.0,1822.0,1771.0,1720.0,1669.0,1618.0,1566.0,1505.0,1454.0,1402.0,1341.0,1290.0,1228.0,1177.0,1136.0,1095.0,1075.0,1075.0,1095.0,1146.0,1208.0,1310.0,1423.0,1556.0,1720.0,1863.0,2017.0,2140.0,2263.0,2355.0,2437.0,2498.0,2529.0,2549.0,2549.0,2539.0,2539.0,2529.0,2508.0,2488.0,2467.0,2447.0,2426.0,2396.0,2375.0,2355.0,2324.0,2293.0,2252.0,2211.0,2170.0,2129.0,2078.0,2048.0,1996.0,1945.0,1894.0,1843.0,1792.0,1730.0,1679.0,1628.0,1566.0,1515.0,1454.0,1402.0,1351.0,1300.0,1249.0,1208.0,1177.0,1157.0,1167.0,1187.0,1239.0,1331.0,1433.0,1566.0,1720.0,1884.0,2048.0,2222.0,2385.0,2539.0</WaveformData>
            <WaveformData ID="3289908" Label="ABP" UOM="mmHg" Cal="30,60,307,3378" SampleRate="125" SamplePeriodInMsec="1000" Samples="125">45.7,45.2,45.1,45.1,45.2,45.2,45.2,45.2,45.0,44.8,44.4,44.1,43.7,43.2,42.7,42.3,41.9,41.5,41.2,40.9,40.7,40.5,40.3,40.1,39.9,39.7,39.6,39.3,39.0,38.7,38.4,38.2,37.9,37.6,37.4,37.1,36.9,36.9,37.2,38.4,40.4,43.5,47.2,51.0,54.2,56.6,57.9,58.1,57.1,55.4,53.2,51.0,49.1,47.6,46.6,46.0,45.9,45.9,46.1,46.2,46.4,46.4,46.2,46.1,45.8,45.5,45.1,44.7,44.2,43.8,43.4,43.1,42.7,42.4,42.3,42.1,41.9,41.8,41.5,41.3,41.1,40.8,40.6,40.2,40.0,39.7,39.4,39.2,38.9,38.6,38.4,38.4,39.1,40.5,43.1,46.7,50.9,54.9,58.2,60.6,61.7,61.6,60.4,58.6,56.4,54.0,51.7,49.8,48.4,47.6,47.3,47.3,47.3,47.5,47.6,47.5,47.3,47.0,46.7,46.2,45.8,45.3,44.8,44.2,43.9</WaveformData>
            <WaveformData ID="4214108" Label="Unk lbl 4214108" UOM="Uncalib" Cal="0,0,0,0" SampleRate="125" SamplePeriodInMsec="1000" Samples="125">2589,2618,2633,2633,2618,2589,2545,2516,2457,2413,2369,2325,2282,2238,2194,2150,2106,2062,2033,1989,1931,1887,1843,1784,1740,1697,1638,1594,1550,1492,1448,1404,1375,1331,1287,1258,1228,1199,1170,1155,1155,1170,1199,1228,1302,1375,1477,1580,1697,1814,1931,2033,2121,2208,2282,2325,2355,2369,2384,2369,2340,2311,2282,2252,2208,2165,2135,2091,2062,2033,2004,1960,1931,1887,1843,1799,1770,1726,1682,1638,1594,1550,1506,1462,1433,1389,1360,1316,1287,1258,1228,1214,1199,1185,1185,1214,1243,1302,1389,1492,1594,1726,1857,1989,2106,2223,2340,2428,2501,2559,2589,2603,2603,2589,2559,2530,2486,2442,2399,2355,2296,2252,2208,2165,2121</WaveformData>
      </Waveforms>
      <VitalSigns CollectionTime="12/21/2017 1:51:44 PM" CollectionTimeUTC="1513885904">
            <VitalSign>
                  <Parameter>HR</Parameter>
                  <BpChannel />
                  <Time>12/21/2017 1:51:44 PM</Time>
                  <TimeUTC>1513885904</TimeUTC>
                  <Value UOM="Bpm" Q="">138</Value>
                  <AlarmLimitLow />
                  <AlarmLimitHigh />
            </VitalSign>
            <VitalSign>
                  <Parameter>NBP-S</Parameter>
                  <BpChannel />
                  <Time>12/21/2017 8:23:00 PM</Time>
                  <TimeUTC>1513909380</TimeUTC>
                  <Value UOM="mmHg" Q="">NODATA</Value>
                  <AlarmLimitLow />
                  <AlarmLimitHigh />
            </VitalSign>
            <VitalSign>
                  <Parameter>NBP-D</Parameter>
                  <BpChannel />
                  <Time>12/21/2017 8:23:00 PM</Time>
                  <TimeUTC>1513909380</TimeUTC>
                  <Value UOM="mmHg" Q="">NODATA</Value>
                  <AlarmLimitLow />
                  <AlarmLimitHigh />
            </VitalSign>
            <VitalSign>
                  <Parameter>NBP-M</Parameter>
                  <BpChannel />
                  <Time>12/21/2017 8:23:00 PM</Time>
                  <TimeUTC>1513909380</TimeUTC>
                  <Value UOM="mmHg" Q="">NODATA</Value>
                  <AlarmLimitLow />
                  <AlarmLimitHigh />
            </VitalSign>
            <VitalSign>
                  <Parameter>PVC</Parameter>
                  <BpChannel />
                  <Time>12/21/2017 1:51:44 PM</Time>
                  <TimeUTC>1513885904</TimeUTC>
                  <Value UOM="Bpm" Q="">0</Value>
                  <AlarmLimitLow />
                  <AlarmLimitHigh />
            </VitalSign>
            <VitalSign>
                  <Parameter>RHY</Parameter>
                  <BpChannel />
                  <Time>12/21/2017 1:51:44 PM</Time>
                  <TimeUTC>1513885904</TimeUTC>
                  <Value UOM="" Q="">SINUS RHYTHM</Value>
                  <AlarmLimitLow />
                  <AlarmLimitHigh />
            </VitalSign>
            <VitalSign>
                  <Parameter>ECT</Parameter>
                  <BpChannel />
                  <Time>12/21/2017 1:51:44 PM</Time>
                  <TimeUTC>1513885904</TimeUTC>
                  <Value UOM="" Q="" />
                  <AlarmLimitLow />
                  <AlarmLimitHigh />
            </VitalSign>
            <VitalSign>
                  <Parameter>RESP</Parameter>
                  <BpChannel />
                  <Time>12/21/2017 1:51:44 PM</Time>
                  <TimeUTC>1513885904</TimeUTC>
                  <Value UOM="BrMin" Q="">35</Value>
                  <AlarmLimitLow />
                  <AlarmLimitHigh />
            </VitalSign>
            <VitalSign>
                  <Parameter>SPO2</Parameter>
                  <BpChannel />
                  <Time>12/21/2017 1:51:44 PM</Time>
                  <TimeUTC>1513885904</TimeUTC>
                  <Value UOM="%" Q="">100</Value>
                  <AlarmLimitLow />
                  <AlarmLimitHigh />
            </VitalSign>
            <VitalSign>
                  <Parameter>PULSE</Parameter>
                  <BpChannel />
                  <Time>12/21/2017 1:51:44 PM</Time>
                  <TimeUTC>1513885904</TimeUTC>
                  <Value UOM="BPM" Q="">138</Value>
                  <AlarmLimitLow />
                  <AlarmLimitHigh />
            </VitalSign>
            <VitalSign>
                  <Parameter>ABP-S</Parameter>
                  <BpChannel />
                  <Time>12/21/2017 1:51:44 PM</Time>
                  <TimeUTC>1513885904</TimeUTC>
                  <Value UOM="mmHg" Q="">58</Value>
                  <AlarmLimitLow />
                  <AlarmLimitHigh />
            </VitalSign>
            <VitalSign>
                  <Parameter>ABP-D</Parameter>
                  <BpChannel />
                  <Time>12/21/2017 1:51:44 PM</Time>
                  <TimeUTC>1513885904</TimeUTC>
                  <Value UOM="mmHg" Q="">38</Value>
                  <AlarmLimitLow />
                  <AlarmLimitHigh />
            </VitalSign>
            <VitalSign>
                  <Parameter>ABP-M</Parameter>
                  <BpChannel />
                  <Time>12/21/2017 1:51:44 PM</Time>
                  <TimeUTC>1513885904</TimeUTC>
                  <Value UOM="mmHg" Q="">45</Value>
                  <AlarmLimitLow />
                  <AlarmLimitHigh />
            </VitalSign>
      </VitalSigns>
      <Alarms />
      <ImportedData />
      <Waveforms CollectionTime="12/21/2017 1:51:45 PM" CollectionTimeUTC="1513885905" TTX="" DisplayOrder="">
            <WaveformData ID="3230796" Label="RESP" UOM="Ohms" Cal="0,1,1230,2867" SampleRate="125" SamplePeriodInMsec="1000" Samples="125">0.9,0.8,0.8,0.8,0.8,0.7,0.7,0.7,0.7,0.6,0.6,0.6,0.5,0.5,0.5,0.5,0.4,0.4,0.4,0.3,0.3,0.3,0.3,0.2,0.2,0.2,0.2,0.1,0.1,0.1,0.1,0.1,0.0,0.0,0.0,0.0,0.0,0.0,0.0,-0.1,-0.1,-0.1,-0.1,-0.1,-0.1,-0.1,-0.1,-0.1,-0.1,-0.1,-0.1,-0.1,-0.1,-0.1,-0.1,-0.1,-0.1,-0.1,-0.2,-0.2,-0.2,-0.2,-0.2,-0.2,-0.2,-0.1,-0.1,-0.1,-0.1,-0.1,-0.1,-0.1,-0.1,-0.1,-0.1,-0.2,-0.2,-0.2,-0.2,-0.2,-0.2,-0.2,-0.2,-0.2,-0.2,-0.2,-0.2,-0.2,-0.2,-0.2,-0.2,-0.2,-0.2,-0.2,-0.2,-0.2,-0.2,-0.2,-0.2,-0.2,-0.2,-0.2,-0.2,-0.2,-0.2,-0.2,-0.2,-0.2,-0.2,-0.2,-0.2,-0.2,-0.2,-0.2,-0.2,-0.2,-0.2,-0.1,-0.1,-0.1,-0.1,-0.1,-0.1,-0.1,-0.1</WaveformData>
            <WaveformData ID="4487318" Label="II" UOM="mV" Cal="0,1,1023,3071" SampleRate="125" SamplePeriodInMsec="1000" Samples="125">0.36,0.55,0.65,0.665,0.68,0.69,0.705,0.71,0.715,0.725,0.735,0.75,0.765,0.795,0.83,0.865,0.905,0.94,0.975,0.995,1.015,1.015,0.995,0.97,0.93,0.89,0.845,0.805,0.76,0.715,0.67,0.63,0.6,0.575,0.58,0.63,0.705,0.75,0.73,0.655,0.585,0.56,0.565,0.57,0.575,0.585,0.605,0.615,0.595,0.675,1.2,1.5,1.5,0.725,0.45,0.615,0.725,0.735,0.745,0.755,0.76,0.765,0.765,0.77,0.78,0.79,0.8,0.825,0.85,0.88,0.915,0.95,0.98,1.005,1.015,1.02,1.005,0.975,0.94,0.9,0.86,0.82,0.775,0.73,0.685,0.64,0.605,0.58,0.59,0.635,0.71,0.75,0.72,0.645,0.575,0.555,0.555,0.56,0.57,0.58,0.595,0.605,0.58,0.675,1.22,1.5,1.5,0.675,0.43,0.61,0.715,0.725,0.735,0.74,0.75,0.755,0.755,0.76,0.765,0.775,0.785,0.8,0.825,0.86,0.89</WaveformData>
            <WaveformData ID="4214093" Label="SPO2" UOM="Uncalib" Cal="0,0,0,0" SampleRate="125" SamplePeriodInMsec="1000" Samples="125">2672.0,2775.0,2856.0,2928.0,2969.0,2990.0,3010.0,3010.0,3010.0,3000.0,3000.0,2990.0,2979.0,2969.0,2959.0,2938.0,2918.0,2887.0,2856.0,2826.0,2785.0,2744.0,2703.0,2652.0,2611.0,2560.0,2498.0,2437.0,2365.0,2314.0,2263.0,2201.0,2140.0,2088.0,2037.0,1976.0,1914.0,1853.0,1792.0,1740.0,1699.0,1669.0,1658.0,1658.0,1689.0,1751.0,1812.0,1914.0,2017.0,2119.0,2242.0,2355.0,2467.0,2549.0,2631.0,2682.0,2713.0,2723.0,2723.0,2703.0,2682.0,2652.0,2621.0,2590.0,2549.0,2519.0,2488.0,2457.0,2416.0,2385.0,2344.0,2293.0,2252.0,2201.0,2150.0,2099.0,2048.0,2007.0,1955.0,1894.0,1843.0,1792.0,1730.0,1679.0,1618.0,1566.0,1505.0,1443.0,1382.0,1321.0,1259.0,1208.0,1146.0,1106.0,1065.0,1044.0,1054.0,1075.0,1126.0,1208.0,1300.0,1423.0,1556.0,1699.0,1843.0,1986.0,2109.0,2222.0,2314.0,2375.0,2426.0,2457.0,2467.0,2467.0,2447.0,2437.0,2436.0,2403.0,2382.0,2360.0,2339.0,2317.0,2295.0,2263.0,2231.0</WaveformData>
            <WaveformData ID="3289908" Label="ABP" UOM="mmHg" Cal="30,60,307,3378" SampleRate="125" SamplePeriodInMsec="1000" Samples="125">43.4,43.1,42.7,42.4,42.2,41.9,41.8,41.6,41.3,41.0,40.7,40.4,40.2,39.9,39.6,39.3,39.0,38.7,38.4,38.2,38.1,38.4,39.3,41.1,43.9,47.3,50.8,53.9,55.9,56.9,56.7,55.6,53.6,51.4,49.2,47.4,46.2,45.4,45.1,45.0,45.1,45.2,45.3,45.3,45.2,45.0,44.7,44.3,43.9,43.4,42.9,42.4,42.1,41.7,41.3,41.0,40.7,40.5,40.3,40.1,39.9,39.8,39.6,39.4,39.2,38.9,38.6,38.2,37.9,37.7,37.4,37.2,36.9,36.8,36.7,37.0,38.1,40.0,42.9,46.6,50.3,53.6,55.9,57.2,57.3,56.4,54.7,52.5,50.3,48.2,46.7,45.7,45.2,45.1,45.1,45.1,45.2,45.3,45.2,45.1,44.9,44.7,44.3,43.9,43.4,42.9,42.4,42.0,41.6,41.3,41.0,40.7,40.5,40.4,40.2,40.1,39.9,39.7,39.4,39.1,38.8,38.5,38.2,38.0,37.7</WaveformData>
            <WaveformData ID="4214108" Label="Unk lbl 4214108" UOM="Uncalib" Cal="0,0,0,0" SampleRate="125" SamplePeriodInMsec="1000" Samples="125">2077,2048,2004,1960,1916,1872,1828,1799,1755,1726,1697,1667,1638,1609,1594,1580,1550,1536,1521,1521,1506,1506,1506,1536,1565,1609,1682,1755,1872,1989,2106,2238,2384,2530,2662,2779,2881,2984,3057,3101,3145,3159,3174,3174,3159,3145,3130,3115,3086,3057,3028,2998,2954,2911,2852,2794,2735,2677,2618,2559,2501,2442,2399,2340,2282,2223,2165,2121,2062,2033,1989,1945,1887,1843,1814,1770,1755,1726,1726,1740,1770,1814,1872,1945,2033,2106,2208,2296,2384,2457,2530,2574,2603,2618,2603,2589,2559,2530,2486,2442,2399,2340,2296,2252,2208,2165,2121,2077,2048,2004,1960,1916,1857,1814,1755,1711,1667,1609,1565,1521,1462,1419,1375,1345,1302</WaveformData>
      </Waveforms>
      <VitalSigns CollectionTime="12/21/2017 1:51:45 PM" CollectionTimeUTC="1513885905">
            <VitalSign>
                  <Parameter>HR</Parameter>
                  <BpChannel />
                  <Time>12/21/2017 1:51:45 PM</Time>
                  <TimeUTC>1513885905</TimeUTC>
                  <Value UOM="Bpm" Q="">138</Value>
                  <AlarmLimitLow />
                  <AlarmLimitHigh />
            </VitalSign>
            <VitalSign>
                  <Parameter>NBP-S</Parameter>
                  <BpChannel />
                  <Time>12/21/2017 8:23:00 PM</Time>
                  <TimeUTC>1513909380</TimeUTC>
                  <Value UOM="mmHg" Q="">NODATA</Value>
                  <AlarmLimitLow />
                  <AlarmLimitHigh />
            </VitalSign>
            <VitalSign>
                  <Parameter>NBP-D</Parameter>
                  <BpChannel />
                  <Time>12/21/2017 8:23:00 PM</Time>
                  <TimeUTC>1513909380</TimeUTC>
                  <Value UOM="mmHg" Q="">NODATA</Value>
                  <AlarmLimitLow />
                  <AlarmLimitHigh />
            </VitalSign>
            <VitalSign>
                  <Parameter>NBP-M</Parameter>
                  <BpChannel />
                  <Time>12/21/2017 8:23:00 PM</Time>
                  <TimeUTC>1513909380</TimeUTC>
                  <Value UOM="mmHg" Q="">NODATA</Value>
                  <AlarmLimitLow />
                  <AlarmLimitHigh />
            </VitalSign>
            <VitalSign>
                  <Parameter>PVC</Parameter>
                  <BpChannel />
                  <Time>12/21/2017 1:51:45 PM</Time>
                  <TimeUTC>1513885905</TimeUTC>
                  <Value UOM="Bpm" Q="">0</Value>
                  <AlarmLimitLow />
                  <AlarmLimitHigh />
            </VitalSign>
            <VitalSign>
                  <Parameter>RHY</Parameter>
                  <BpChannel />
                  <Time>12/21/2017 1:51:45 PM</Time>
                  <TimeUTC>1513885905</TimeUTC>
                  <Value UOM="" Q="">SINUS RHYTHM</Value>
                  <AlarmLimitLow />
                  <AlarmLimitHigh />
            </VitalSign>
            <VitalSign>
                  <Parameter>ECT</Parameter>
                  <BpChannel />
                  <Time>12/21/2017 1:51:45 PM</Time>
                  <TimeUTC>1513885905</TimeUTC>
                  <Value UOM="" Q="" />
                  <AlarmLimitLow />
                  <AlarmLimitHigh />
            </VitalSign>
            <VitalSign>
                  <Parameter>RESP</Parameter>
                  <BpChannel />
                  <Time>12/21/2017 1:51:45 PM</Time>
                  <TimeUTC>1513885905</TimeUTC>
                  <Value UOM="BrMin" Q="">35</Value>
                  <AlarmLimitLow />
                  <AlarmLimitHigh />
            </VitalSign>
            <VitalSign>
                  <Parameter>SPO2</Parameter>
                  <BpChannel />
                  <Time>12/21/2017 1:51:45 PM</Time>
                  <TimeUTC>1513885905</TimeUTC>
                  <Value UOM="%" Q="">100</Value>
                  <AlarmLimitLow />
                  <AlarmLimitHigh />
            </VitalSign>
            <VitalSign>
                  <Parameter>PULSE</Parameter>
                  <BpChannel />
                  <Time>12/21/2017 1:51:45 PM</Time>
                  <TimeUTC>1513885905</TimeUTC>
                  <Value UOM="BPM" Q="">138</Value>
                  <AlarmLimitLow />
                  <AlarmLimitHigh />
            </VitalSign>
            <VitalSign>
                  <Parameter>ABP-S</Parameter>
                  <BpChannel />
                  <Time>12/21/2017 1:51:45 PM</Time>
                  <TimeUTC>1513885905</TimeUTC>
                  <Value UOM="mmHg" Q="">58</Value>
                  <AlarmLimitLow />
                  <AlarmLimitHigh />
            </VitalSign>
            <VitalSign>
                  <Parameter>ABP-D</Parameter>
                  <BpChannel />
                  <Time>12/21/2017 1:51:45 PM</Time>
                  <TimeUTC>1513885905</TimeUTC>
                  <Value UOM="mmHg" Q="">38</Value>
                  <AlarmLimitLow />
                  <AlarmLimitHigh />
            </VitalSign>
            <VitalSign>
                  <Parameter>ABP-M</Parameter>
                  <BpChannel />
                  <Time>12/21/2017 1:51:45 PM</Time>
                  <TimeUTC>1513885905</TimeUTC>
                  <Value UOM="mmHg" Q="">45</Value>
                  <AlarmLimitLow />
                  <AlarmLimitHigh />
            </VitalSign>
      </VitalSigns>
      <Alarms />
      <ImportedData />
      <Waveforms CollectionTime="12/21/2017 1:51:46 PM" CollectionTimeUTC="1513885906" TTX="" DisplayOrder="">
            <WaveformData ID="3230796" Label="RESP" UOM="Ohms" Cal="0,1,1230,2867" SampleRate="125" SamplePeriodInMsec="1000" Samples="125">-0.1,-0.1,-0.1,-0.1,-0.1,-0.1,-0.1,-0.1,-0.1,-0.1,-0.1,-0.1,-0.1,-0.1,-0.1,-0.1,-0.2,-0.2,-0.2,-0.2,-0.2,-0.2,-0.2,-0.2,-0.2,-0.2,-0.2,-0.2,-0.2,-0.2,-0.1,-0.1,-0.1,-0.1,-0.1,-0.1,-0.1,-0.1,-0.1,0.0,0.0,0.0,0.1,0.1,0.1,0.2,0.2,0.2,0.3,0.3,0.4,0.4,0.4,0.5,0.5,0.5,0.6,0.6,0.6,0.7,0.7,0.7,0.8,0.8,0.8,0.8,0.9,0.9,0.9,0.9,0.9,0.9,0.9,0.9,0.9,0.9,0.9,0.9,0.9,0.9,0.9,0.9,0.9,0.9,0.9,0.9,0.9,0.9,0.9,0.9,0.9,0.8,0.8,0.8,0.8,0.8,0.7,0.7,0.7,0.7,0.6,0.6,0.6,0.5,0.5,0.5,0.4,0.4,0.4,0.3,0.3,0.3,0.3,0.2,0.2,0.2,0.2,0.1,0.1,0.1,0.1,0.1,0.0,0.0,0.0</WaveformData>
            <WaveformData ID="4487318" Label="II" UOM="mV" Cal="0,1,1023,3071" SampleRate="125" SamplePeriodInMsec="1000" Samples="125">0.925,0.955,0.975,0.99,0.995,0.98,0.95,0.915,0.875,0.835,0.8,0.76,0.715,0.675,0.64,0.605,0.58,0.595,0.645,0.715,0.75,0.705,0.615,0.55,0.53,0.53,0.535,0.535,0.54,0.55,0.555,0.53,0.695,1.345,1.5,1.325,0.495,0.34,0.545,0.625,0.625,0.63,0.635,0.635,0.63,0.625,0.625,0.625,0.635,0.65,0.67,0.695,0.72,0.745,0.765,0.785,0.805,0.815,0.805,0.785,0.75,0.71,0.665,0.62,0.58,0.54,0.5,0.465,0.43,0.405,0.39,0.41,0.475,0.55,0.585,0.545,0.47,0.42,0.41,0.42,0.43,0.44,0.46,0.48,0.485,0.48,0.685,1.34,1.5,1.165,0.445,0.35,0.585,0.655,0.67,0.68,0.695,0.705,0.71,0.72,0.73,0.745,0.755,0.775,0.805,0.84,0.88,0.915,0.95,0.98,1,1.015,1.01,0.985,0.955,0.92,0.88,0.835,0.79,0.75,0.705,0.665,0.625,0.59,0.575</WaveformData>
            <WaveformData ID="4214093" Label="SPO2" UOM="Uncalib" Cal="0,0,0,0" SampleRate="125" SamplePeriodInMsec="1000" Samples="125">2198.0,2155.0,2112.0,2069.0,2037.0,1983.0,1940.0,1886.0,1843.0,1789.0,1735.0,1681.0,1627.0,1573.0,1509.0,1455.0,1401.0,1336.0,1282.0,1218.0,1164.0,1110.0,1067.0,1045.0,1034.0,1056.0,1088.0,1164.0,1250.0,1379.0,1541.0,1703.0,1875.0,2037.0,2188.0,2317.0,2436.0,2533.0,2597.0,2651.0,2662.0,2673.0,2662.0,2651.0,2630.0,2597.0,2576.0,2543.0,2522.0,2489.0,2457.0,2425.0,2392.0,2360.0,2317.0,2274.0,2231.0,2188.0,2134.0,2080.0,2037.0,2026.0,2015.0,2015.0,1994.0,1940.0,1886.0,1832.0,1778.0,1724.0,1670.0,1606.0,1552.0,1498.0,1444.0,1379.0,1325.0,1272.0,1228.0,1196.0,1175.0,1196.0,1228.0,1282.0,1379.0,1498.0,1649.0,1810.0,1994.0,2177.0,2360.0,2533.0,2694.0,2834.0,2942.0,3039.0,3104.0,3147.0,3179.0,3190.0,3190.0,3179.0,3179.0,3168.0,3158.0,3136.0,3125.0,3104.0,3082.0,3061.0,3028.0,2974.0,2921.0,2856.0,2791.0,2693.0,2631.0,2560.0,2498.0,2437.0,2365.0,2304.0,2242.0,2181.0,2119.0</WaveformData>
            <WaveformData ID="3289908" Label="ABP" UOM="mmHg" Cal="30,60,307,3378" SampleRate="125" SamplePeriodInMsec="1000" Samples="125">37.4,37.1,36.9,37.0,37.4,38.6,40.7,43.8,47.6,51.4,54.8,57.2,58.4,58.5,57.5,55.8,53.6,51.5,49.6,47.9,46.7,46.1,45.9,46.0,46.1,46.2,46.3,46.4,46.3,46.1,45.9,45.6,45.2,44.9,44.4,44.0,43.6,43.2,42.9,42.6,42.4,42.3,42.1,41.9,41.8,41.5,41.2,40.9,40.7,40.4,40.1,39.9,39.6,39.4,39.0,38.7,38.6,38.7,39.4,41.0,43.7,47.6,51.7,55.8,59.1,61.3,62.3,62.1,60.8,58.8,56.4,54.0,51.7,49.9,48.7,47.9,47.5,47.4,47.5,47.6,47.6,47.5,47.3,47.0,46.7,46.3,45.9,45.4,44.9,44.4,44.0,43.5,43.1,42.7,42.4,42.1,41.9,41.8,41.6,41.4,41.1,40.8,40.5,40.2,39.9,39.6,39.3,39.0,38.7,38.4,38.2,38.2,38.6,39.7,41.9,44.9,48.4,51.9,54.8,56.7,57.4,56.9,55.4,53.3,50.9</WaveformData>
            <WaveformData ID="4214108" Label="Unk lbl 4214108" UOM="Uncalib" Cal="0,0,0,0" SampleRate="125" SamplePeriodInMsec="1000" Samples="125">1258,1228,1199,1170,1141,1141,1126,1155,1185,1228,1287,1375,1462,1580,1697,1814,1931,2048,2135,2223,2282,2340,2369,2384,2384,2369,2355,2372,2338,2286,2235,2201,2150,2116,2065,2048,1996,1945,1911,1860,1809,1757,1706,1672,1621,1570,1519,1467,1416,1382,1331,1297,1245,1211,1177,1126,1109,1075,1058,1058,1075,1126,1177,1263,1365,1484,1621,1757,1911,2048,2201,2338,2457,2559,2645,2713,2730,2747,2747,2730,2696,2645,2594,2542,2491,2440,2372,2321,2269,2218,2167,2116,2065,2031,1979,1928,1877,1826,1775,1740,1706,1672,1638,1604,1570,1553,1536,1519,1501,1484,1467,1467,1467,1467,1501,1553,1621,1706,1809,1928,2065,2218,2372,2542,2696</WaveformData>
      </Waveforms>
      <VitalSigns CollectionTime="12/21/2017 1:51:46 PM" CollectionTimeUTC="1513885906">
            <VitalSign>
                  <Parameter>HR</Parameter>
                  <BpChannel />
                  <Time>12/21/2017 1:51:46 PM</Time>
                  <TimeUTC>1513885906</TimeUTC>
                  <Value UOM="Bpm" Q="">138</Value>
                  <AlarmLimitLow />
                  <AlarmLimitHigh />
            </VitalSign>
            <VitalSign>
                  <Parameter>NBP-S</Parameter>
                  <BpChannel />
                  <Time>12/21/2017 8:23:00 PM</Time>
                  <TimeUTC>1513909380</TimeUTC>
                  <Value UOM="mmHg" Q="">NODATA</Value>
                  <AlarmLimitLow />
                  <AlarmLimitHigh />
            </VitalSign>
            <VitalSign>
                  <Parameter>NBP-D</Parameter>
                  <BpChannel />
                  <Time>12/21/2017 8:23:00 PM</Time>
                  <TimeUTC>1513909380</TimeUTC>
                  <Value UOM="mmHg" Q="">NODATA</Value>
                  <AlarmLimitLow />
                  <AlarmLimitHigh />
            </VitalSign>
            <VitalSign>
                  <Parameter>NBP-M</Parameter>
                  <BpChannel />
                  <Time>12/21/2017 8:23:00 PM</Time>
                  <TimeUTC>1513909380</TimeUTC>
                  <Value UOM="mmHg" Q="">NODATA</Value>
                  <AlarmLimitLow />
                  <AlarmLimitHigh />
            </VitalSign>
            <VitalSign>
                  <Parameter>PVC</Parameter>
                  <BpChannel />
                  <Time>12/21/2017 1:51:46 PM</Time>
                  <TimeUTC>1513885906</TimeUTC>
                  <Value UOM="Bpm" Q="">0</Value>
                  <AlarmLimitLow />
                  <AlarmLimitHigh />
            </VitalSign>
            <VitalSign>
                  <Parameter>RHY</Parameter>
                  <BpChannel />
                  <Time>12/21/2017 1:51:46 PM</Time>
                  <TimeUTC>1513885906</TimeUTC>
                  <Value UOM="" Q="">SINUS RHYTHM</Value>
                  <AlarmLimitLow />
                  <AlarmLimitHigh />
            </VitalSign>
            <VitalSign>
                  <Parameter>ECT</Parameter>
                  <BpChannel />
                  <Time>12/21/2017 1:51:46 PM</Time>
                  <TimeUTC>1513885906</TimeUTC>
                  <Value UOM="" Q="" />
                  <AlarmLimitLow />
                  <AlarmLimitHigh />
            </VitalSign>
            <VitalSign>
                  <Parameter>RESP</Parameter>
                  <BpChannel />
                  <Time>12/21/2017 1:51:46 PM</Time>
                  <TimeUTC>1513885906</TimeUTC>
                  <Value UOM="BrMin" Q="">35</Value>
                  <AlarmLimitLow />
                  <AlarmLimitHigh />
            </VitalSign>
            <VitalSign>
                  <Parameter>SPO2</Parameter>
                  <BpChannel />
                  <Time>12/21/2017 1:51:46 PM</Time>
                  <TimeUTC>1513885906</TimeUTC>
                  <Value UOM="%" Q="">100</Value>
                  <AlarmLimitLow />
                  <AlarmLimitHigh />
            </VitalSign>
            <VitalSign>
                  <Parameter>PULSE</Parameter>
                  <BpChannel />
                  <Time>12/21/2017 1:51:46 PM</Time>
                  <TimeUTC>1513885906</TimeUTC>
                  <Value UOM="BPM" Q="">139</Value>
                  <AlarmLimitLow />
                  <AlarmLimitHigh />
            </VitalSign>
            <VitalSign>
                  <Parameter>ABP-S</Parameter>
                  <BpChannel />
                  <Time>12/21/2017 1:51:46 PM</Time>
                  <TimeUTC>1513885906</TimeUTC>
                  <Value UOM="mmHg" Q="">58</Value>
                  <AlarmLimitLow />
                  <AlarmLimitHigh />
            </VitalSign>
            <VitalSign>
                  <Parameter>ABP-D</Parameter>
                  <BpChannel />
                  <Time>12/21/2017 1:51:46 PM</Time>
                  <TimeUTC>1513885906</TimeUTC>
                  <Value UOM="mmHg" Q="">38</Value>
                  <AlarmLimitLow />
                  <AlarmLimitHigh />
            </VitalSign>
            <VitalSign>
                  <Parameter>ABP-M</Parameter>
                  <BpChannel />
                  <Time>12/21/2017 1:51:46 PM</Time>
                  <TimeUTC>1513885906</TimeUTC>
                  <Value UOM="mmHg" Q="">45</Value>
                  <AlarmLimitLow />
                  <AlarmLimitHigh />
            </VitalSign>
      </VitalSigns>
      <Alarms />
      <ImportedData />
      <Waveforms CollectionTime="12/21/2017 1:51:47 PM" CollectionTimeUTC="1513885907" TTX="" DisplayOrder="">
            <WaveformData ID="3230796" Label="RESP" UOM="Ohms" Cal="0,1,1230,2867" SampleRate="125" SamplePeriodInMsec="1000" Samples="125">0.0,0.0,0.0,0.0,-0.1,-0.1,-0.1,-0.1,-0.1,-0.1,-0.1,-0.1,-0.1,-0.1,-0.1,-0.2,-0.2,-0.2,-0.2,-0.2,-0.2,-0.2,-0.2,-0.2,-0.2,-0.2,-0.2,-0.2,-0.2,-0.2,-0.2,-0.2,-0.2,-0.2,-0.2,-0.2,-0.2,-0.2,-0.2,-0.2,-0.2,-0.2,-0.2,-0.2,-0.2,-0.2,-0.2,-0.2,-0.2,-0.2,-0.2,-0.2,-0.2,-0.2,-0.2,-0.2,-0.2,-0.2,-0.2,-0.2,-0.2,-0.2,-0.2,-0.2,-0.2,-0.2,-0.2,-0.2,-0.2,-0.2,-0.2,-0.2,-0.2,-0.2,-0.2,-0.2,-0.2,-0.2,-0.2,-0.2,-0.2,-0.2,-0.2,-0.2,-0.2,-0.2,-0.2,-0.2,-0.2,-0.2,-0.2,-0.1,-0.1,-0.1,-0.1,-0.1,-0.1,-0.1,-0.1,-0.1,-0.1,-0.1,-0.1,-0.1,-0.1,-0.1,-0.2,-0.2,-0.2,-0.2,-0.2,-0.2,-0.2,-0.2,-0.2,-0.2,-0.2,-0.2,-0.2,-0.2,-0.2,-0.2,-0.2,-0.2,-0.1</WaveformData>
            <WaveformData ID="4487318" Label="II" UOM="mV" Cal="0,1,1023,3071" SampleRate="125" SamplePeriodInMsec="1000" Samples="125">0.595,0.655,0.725,0.755,0.705,0.62,0.565,0.555,0.56,0.57,0.58,0.59,0.605,0.61,0.585,0.79,1.47,1.5,1.275,0.53,0.425,0.66,0.725,0.735,0.74,0.75,0.755,0.76,0.765,0.77,0.775,0.785,0.8,0.825,0.855,0.89,0.92,0.955,0.985,1.005,1.015,1.02,0.995,0.965,0.925,0.885,0.84,0.8,0.76,0.715,0.675,0.64,0.605,0.595,0.62,0.68,0.745,0.76,0.705,0.62,0.565,0.56,0.57,0.575,0.58,0.59,0.605,0.61,0.585,0.84,1.5,1.5,1.19,0.505,0.445,0.68,0.73,0.735,0.745,0.755,0.76,0.765,0.765,0.77,0.775,0.785,0.8,0.82,0.85,0.885,0.92,0.95,0.975,0.995,1.005,0.995,0.975,0.945,0.91,0.87,0.825,0.785,0.745,0.705,0.665,0.625,0.595,0.585,0.62,0.68,0.735,0.745,0.66,0.58,0.53,0.525,0.53,0.535,0.54,0.55,0.555,0.535,0.525,0.95,1.5</WaveformData>
            <WaveformData ID="4214093" Label="SPO2" UOM="Uncalib" Cal="0,0,0,0" SampleRate="125" SamplePeriodInMsec="1000" Samples="125">2058.0,2017.0,1955.0,1894.0,1843.0,1781.0,1720.0,1679.0,1638.0,1607.0,1607.0,1618.0,1648.0,1710.0,1792.0,1894.0,2007.0,2119.0,2232.0,2355.0,2457.0,2549.0,2621.0,2662.0,2693.0,2693.0,2693.0,2672.0,2641.0,2611.0,2580.0,2549.0,2519.0,2488.0,2447.0,2416.0,2385.0,2344.0,2304.0,2263.0,2222.0,2170.0,2119.0,2068.0,2027.0,1976.0,1925.0,1874.0,1822.0,1771.0,1710.0,1658.0,1607.0,1546.0,1495.0,1433.0,1372.0,1310.0,1249.0,1187.0,1136.0,1085.0,1054.0,1034.0,1054.0,1075.0,1136.0,1218.0,1331.0,1454.0,1597.0,1740.0,1884.0,2027.0,2140.0,2252.0,2334.0,2396.0,2447.0,2457.0,2467.0,2457.0,2437.0,2416.0,2396.0,2365.0,2344.0,2324.0,2304.0,2273.0,2252.0,2222.0,2191.0,2150.0,2119.0,2078.0,2048.0,1996.0,1955.0,1904.0,1853.0,1802.0,1751.0,1710.0,1658.0,1607.0,1546.0,1495.0,1443.0,1382.0,1424.0,1371.0,1326.0,1282.0,1237.0,1211.0,1193.0,1193.0,1220.0,1255.0,1326.0,1407.0,1513.0,1638.0,1763.0</WaveformData>
            <WaveformData ID="3289908" Label="ABP" UOM="mmHg" Cal="30,60,307,3378" SampleRate="125" SamplePeriodInMsec="1000" Samples="125">48.7,47.0,45.9,45.3,45.1,45.1,45.2,45.3,45.4,45.3,45.1,44.9,44.6,44.3,43.9,43.4,42.9,42.4,42.0,41.6,41.3,41.0,40.7,40.5,40.3,40.1,40.0,39.8,39.6,39.4,39.1,38.8,38.5,38.2,38.1,37.8,37.5,37.2,36.9,36.8,36.9,37.4,38.7,41.1,44.2,47.9,51.6,54.7,56.8,57.8,57.5,56.2,54.2,51.9,49.6,47.7,46.4,45.5,45.2,45.1,45.1,45.2,45.2,45.3,45.2,45.1,44.9,44.6,44.2,43.7,43.2,42.7,42.4,41.9,41.6,41.2,40.9,40.7,40.6,40.4,40.2,40.1,39.9,39.7,39.4,39.1,38.7,38.5,38.2,37.9,37.6,37.4,37.1,36.9,37.1,37.7,39.1,41.3,44.6,48.6,52.6,55.6,57.4,58.2,57.9,56.6,54.7,52.4,50.3,48.5,47.1,46.2,45.9,45.7,45.9,46.1,46.2,46.3,46.3,46.1,45.9,45.7,45.4,45.0,44.6</WaveformData>
            <WaveformData ID="4214108" Label="Unk lbl 4214108" UOM="Uncalib" Cal="0,0,0,0" SampleRate="125" SamplePeriodInMsec="1000" Samples="125">2850,2986,3106,3208,3276,3327,3379,3396,3396,3396,3379,3362,3327,3310,3259,3208,3157,3089,3037,2969,2901,2850,2781,2713,2645,2577,2508,2440,2372,2303,2235,2184,2116,2048,2013,1945,1894,1843,1792,1740,1706,1655,1638,1621,1621,1655,1689,1757,1843,1928,2048,2133,2252,2355,2457,2542,2611,2662,2679,2696,2679,2662,2628,2577,2525,2474,2423,2372,2303,2252,2201,2150,2099,2048,2013,1962,1911,1860,1792,1740,1689,1621,1570,1501,1450,1399,1348,1297,1245,1194,1143,1109,1075,1041,1007,990,990,990,1024,1058,1126,1211,1331,1467,1621,1757,1911,2048,2167,2269,2355,2423,2474,2491,2491,2491,2457,2423,2389,2338,2286,2252,2201,2150,2116</WaveformData>
      </Waveforms>
      <VitalSigns CollectionTime="12/21/2017 1:51:47 PM" CollectionTimeUTC="1513885907">
            <VitalSign>
                  <Parameter>HR</Parameter>
                  <BpChannel />
                  <Time>12/21/2017 1:51:47 PM</Time>
                  <TimeUTC>1513885907</TimeUTC>
                  <Value UOM="Bpm" Q="">139</Value>
                  <AlarmLimitLow />
                  <AlarmLimitHigh />
            </VitalSign>
            <VitalSign>
                  <Parameter>NBP-S</Parameter>
                  <BpChannel />
                  <Time>12/21/2017 8:23:00 PM</Time>
                  <TimeUTC>1513909380</TimeUTC>
                  <Value UOM="mmHg" Q="">NODATA</Value>
                  <AlarmLimitLow />
                  <AlarmLimitHigh />
            </VitalSign>
            <VitalSign>
                  <Parameter>NBP-D</Parameter>
                  <BpChannel />
                  <Time>12/21/2017 8:23:00 PM</Time>
                  <TimeUTC>1513909380</TimeUTC>
                  <Value UOM="mmHg" Q="">NODATA</Value>
                  <AlarmLimitLow />
                  <AlarmLimitHigh />
            </VitalSign>
            <VitalSign>
                  <Parameter>NBP-M</Parameter>
                  <BpChannel />
                  <Time>12/21/2017 8:23:00 PM</Time>
                  <TimeUTC>1513909380</TimeUTC>
                  <Value UOM="mmHg" Q="">NODATA</Value>
                  <AlarmLimitLow />
                  <AlarmLimitHigh />
            </VitalSign>
            <VitalSign>
                  <Parameter>PVC</Parameter>
                  <BpChannel />
                  <Time>12/21/2017 1:51:47 PM</Time>
                  <TimeUTC>1513885907</TimeUTC>
                  <Value UOM="Bpm" Q="">0</Value>
                  <AlarmLimitLow />
                  <AlarmLimitHigh />
            </VitalSign>
            <VitalSign>
                  <Parameter>RHY</Parameter>
                  <BpChannel />
                  <Time>12/21/2017 1:51:47 PM</Time>
                  <TimeUTC>1513885907</TimeUTC>
                  <Value UOM="" Q="">SINUS RHYTHM</Value>
                  <AlarmLimitLow />
                  <AlarmLimitHigh />
            </VitalSign>
            <VitalSign>
                  <Parameter>ECT</Parameter>
                  <BpChannel />
                  <Time>12/21/2017 1:51:47 PM</Time>
                  <TimeUTC>1513885907</TimeUTC>
                  <Value UOM="" Q="" />
                  <AlarmLimitLow />
                  <AlarmLimitHigh />
            </VitalSign>
            <VitalSign>
                  <Parameter>RESP</Parameter>
                  <BpChannel />
                  <Time>12/21/2017 1:51:47 PM</Time>
                  <TimeUTC>1513885907</TimeUTC>
                  <Value UOM="BrMin" Q="">35</Value>
                  <AlarmLimitLow />
                  <AlarmLimitHigh />
            </VitalSign>
            <VitalSign>
                  <Parameter>SPO2</Parameter>
                  <BpChannel />
                  <Time>12/21/2017 1:51:47 PM</Time>
                  <TimeUTC>1513885907</TimeUTC>
                  <Value UOM="%" Q="">100</Value>
                  <AlarmLimitLow />
                  <AlarmLimitHigh />
            </VitalSign>
            <VitalSign>
                  <Parameter>PULSE</Parameter>
                  <BpChannel />
                  <Time>12/21/2017 1:51:47 PM</Time>
                  <TimeUTC>1513885907</TimeUTC>
                  <Value UOM="BPM" Q="">139</Value>
                  <AlarmLimitLow />
                  <AlarmLimitHigh />
            </VitalSign>
            <VitalSign>
                  <Parameter>ABP-S</Parameter>
                  <BpChannel />
                  <Time>12/21/2017 1:51:47 PM</Time>
                  <TimeUTC>1513885907</TimeUTC>
                  <Value UOM="mmHg" Q="">58</Value>
                  <AlarmLimitLow />
                  <AlarmLimitHigh />
            </VitalSign>
            <VitalSign>
                  <Parameter>ABP-D</Parameter>
                  <BpChannel />
                  <Time>12/21/2017 1:51:47 PM</Time>
                  <TimeUTC>1513885907</TimeUTC>
                  <Value UOM="mmHg" Q="">38</Value>
                  <AlarmLimitLow />
                  <AlarmLimitHigh />
            </VitalSign>
            <VitalSign>
                  <Parameter>ABP-M</Parameter>
                  <BpChannel />
                  <Time>12/21/2017 1:51:47 PM</Time>
                  <TimeUTC>1513885907</TimeUTC>
                  <Value UOM="mmHg" Q="">45</Value>
                  <AlarmLimitLow />
                  <AlarmLimitHigh />
            </VitalSign>
      </VitalSigns>
      <Alarms />
      <ImportedData />
      <Waveforms CollectionTime="12/21/2017 1:51:48 PM" CollectionTimeUTC="1513885908" TTX="" DisplayOrder="">
            <WaveformData ID="3230796" Label="RESP" UOM="Ohms" Cal="0,1,1230,2867" SampleRate="125" SamplePeriodInMsec="1000" Samples="125">-0.1,-0.1,-0.1,-0.1,-0.1,-0.1,0.0,0.0,0.0,0.1,0.1,0.1,0.2,0.2,0.2,0.3,0.3,0.4,0.4,0.4,0.5,0.5,0.6,0.6,0.6,0.7,0.7,0.7,0.7,0.8,0.8,0.8,0.8,0.8,0.9,0.9,0.9,0.9,0.9,0.9,0.9,0.9,0.9,0.9,0.9,0.9,0.9,0.9,0.9,0.9,0.9,0.9,0.9,0.9,0.9,0.9,0.9,0.9,0.8,0.8,0.8,0.8,0.8,0.7,0.7,0.7,0.7,0.6,0.6,0.6,0.5,0.5,0.5,0.4,0.4,0.4,0.3,0.3,0.3,0.3,0.2,0.2,0.2,0.2,0.1,0.1,0.1,0.1,0.1,0.0,0.0,0.0,0.0,0.0,0.0,-0.1,-0.1,-0.1,-0.1,-0.1,-0.1,-0.1,-0.1,-0.1,-0.1,-0.1,-0.1,-0.2,-0.2,-0.2,-0.2,-0.2,-0.2,-0.2,-0.2,-0.2,-0.2,-0.2,-0.2,-0.2,-0.2,-0.2,-0.2,-0.2,-0.2</WaveformData>
            <WaveformData ID="4487318" Label="II" UOM="mV" Cal="0,1,1023,3071" SampleRate="125" SamplePeriodInMsec="1000" Samples="125">1.5,0.86,0.35,0.455,0.605,0.625,0.625,0.63,0.63,0.63,0.625,0.625,0.625,0.63,0.64,0.655,0.675,0.7,0.73,0.76,0.79,0.81,0.82,0.82,0.805,0.78,0.745,0.7,0.655,0.61,0.565,0.525,0.485,0.45,0.42,0.395,0.39,0.44,0.52,0.58,0.585,0.5,0.435,0.415,0.415,0.425,0.44,0.455,0.475,0.49,0.485,0.56,1.04,1.5,1.48,0.665,0.355,0.52,0.645,0.665,0.675,0.69,0.705,0.715,0.725,0.73,0.74,0.75,0.765,0.79,0.825,0.865,0.905,0.94,0.975,1,1.015,1.02,1.005,0.98,0.945,0.9,0.855,0.81,0.765,0.72,0.675,0.635,0.605,0.575,0.585,0.635,0.71,0.755,0.73,0.65,0.585,0.565,0.57,0.575,0.585,0.595,0.61,0.615,0.59,0.685,1.22,1.5,1.5,0.71,0.435,0.615,0.725,0.74,0.75,0.76,0.765,0.77,0.78,0.785,0.79,0.8,0.815,0.835,0.865</WaveformData>
            <WaveformData ID="4214093" Label="SPO2" UOM="Uncalib" Cal="0,0,0,0" SampleRate="125" SamplePeriodInMsec="1000" Samples="125">1896.0,2021.0,2137.0,2234.0,2332.0,2395.0,2448.0,2475.0,2493.0,2493.0,2484.0,2475.0,2457.0,2439.0,2421.0,2404.0,2377.0,2359.0,2332.0,2306.0,2279.0,2243.0,2208.0,2163.0,2119.0,2083.0,2039.0,1994.0,1950.0,1905.0,1861.0,1816.0,1763.0,1718.0,1674.0,1629.0,1585.0,1540.0,1496.0,1451.0,1398.0,1362.0,1326.0,1291.0,1282.0,1282.0,1309.0,1353.0,1415.0,1513.0,1629.0,1763.0,1905.0,2048.0,2199.0,2350.0,2484.0,2600.0,2697.0,2769.0,2831.0,2867.0,2893.0,2902.0,2911.0,2902.0,2902.0,2893.0,2884.0,2876.0,2867.0,2849.0,2831.0,2813.0,2795.0,2769.0,2733.0,2697.0,2662.0,2626.0,2582.0,2537.0,2493.0,2448.0,2404.0,2350.0,2306.0,2261.0,2208.0,2163.0,2110.0,2056.0,2012.0,1959.0,1905.0,1861.0,1816.0,1780.0,1763.0,1745.0,1763.0,1789.0,1834.0,1905.0,1976.0,2065.0,2172.0,2270.0,2368.0,2466.0,2537.0,2600.0,2653.0,2671.0,2680.0,2680.0,2662.0,2635.0,2608.0,2582.0,2546.0,2519.0,2493.0,2466.0,2430.0</WaveformData>
            <WaveformData ID="3289908" Label="ABP" UOM="mmHg" Cal="30,60,307,3378" SampleRate="125" SamplePeriodInMsec="1000" Samples="125">44.1,43.6,43.2,42.9,42.5,42.3,42.1,41.9,41.8,41.7,41.6,41.3,41.1,40.9,40.6,40.3,40.1,39.7,39.4,39.1,38.8,38.6,38.5,38.8,39.9,42.1,45.4,49.6,53.7,57.4,60.1,61.7,62.1,61.5,59.9,57.8,55.3,52.9,50.9,49.3,48.3,47.7,47.4,47.4,47.4,47.4,47.4,47.3,47.1,46.8,46.5,46.2,45.7,45.2,44.6,44.2,43.7,43.3,42.9,42.6,42.3,42.1,41.9,41.7,41.5,41.3,41.0,40.7,40.4,40.0,39.7,39.4,39.1,38.9,38.6,38.4,38.2,38.4,39.3,40.9,43.6,46.9,50.6,53.7,56.1,57.3,57.4,56.3,54.5,52.2,50.0,48.0,46.6,45.6,45.2,45.1,45.2,45.2,45.4,45.4,45.2,45.1,44.8,44.5,44.1,43.7,43.2,42.7,42.3,41.8,41.4,41.1,40.7,40.5,40.4,40.2,40.1,40.0,39.7,39.5,39.2,38.9,38.6,38.3,38.1</WaveformData>
            <WaveformData ID="4214108" Label="Unk lbl 4214108" UOM="Uncalib" Cal="0,0,0,0" SampleRate="125" SamplePeriodInMsec="1000" Samples="125">2065,2031,1996,1945,1894,1843,1792,1740,1689,1638,1587,1536,1484,1450,1399,1348,1297,1263,1211,1177,1143,1109,1092,1058,1058,1269,1283,1338,1379,1461,1556,1652,1775,1884,2020,2116,2225,2334,2416,2484,2539,2580,2594,2594,2580,2566,2525,2484,2443,2402,2361,2321,2266,2225,2184,2143,2102,2048,2020,1979,1938,1897,1856,1816,1788,1747,1720,1693,1665,1638,1624,1597,1583,1570,1556,1542,1542,1542,1556,1570,1597,1652,1706,1788,1884,2007,2116,2239,2375,2498,2621,2744,2839,2921,2989,3030,3058,3085,3085,3085,3071,3058,3044,3017,3003,2976,2949,2921,2894,2867,2812,2757,2716,2662,2607,2553,2498,2443,2389,2334,2280,2225,2170,2129,2088</WaveformData>
      </Waveforms>
      <VitalSigns CollectionTime="12/21/2017 1:51:48 PM" CollectionTimeUTC="1513885908">
            <VitalSign>
                  <Parameter>HR</Parameter>
                  <BpChannel />
                  <Time>12/21/2017 1:51:48 PM</Time>
                  <TimeUTC>1513885908</TimeUTC>
                  <Value UOM="Bpm" Q="">139</Value>
                  <AlarmLimitLow />
                  <AlarmLimitHigh />
            </VitalSign>
            <VitalSign>
                  <Parameter>NBP-S</Parameter>
                  <BpChannel />
                  <Time>12/21/2017 8:23:00 PM</Time>
                  <TimeUTC>1513909380</TimeUTC>
                  <Value UOM="mmHg" Q="">NODATA</Value>
                  <AlarmLimitLow />
                  <AlarmLimitHigh />
            </VitalSign>
            <VitalSign>
                  <Parameter>NBP-D</Parameter>
                  <BpChannel />
                  <Time>12/21/2017 8:23:00 PM</Time>
                  <TimeUTC>1513909380</TimeUTC>
                  <Value UOM="mmHg" Q="">NODATA</Value>
                  <AlarmLimitLow />
                  <AlarmLimitHigh />
            </VitalSign>
            <VitalSign>
                  <Parameter>NBP-M</Parameter>
                  <BpChannel />
                  <Time>12/21/2017 8:23:00 PM</Time>
                  <TimeUTC>1513909380</TimeUTC>
                  <Value UOM="mmHg" Q="">NODATA</Value>
                  <AlarmLimitLow />
                  <AlarmLimitHigh />
            </VitalSign>
            <VitalSign>
                  <Parameter>PVC</Parameter>
                  <BpChannel />
                  <Time>12/21/2017 1:51:48 PM</Time>
                  <TimeUTC>1513885908</TimeUTC>
                  <Value UOM="Bpm" Q="">0</Value>
                  <AlarmLimitLow />
                  <AlarmLimitHigh />
            </VitalSign>
            <VitalSign>
                  <Parameter>RHY</Parameter>
                  <BpChannel />
                  <Time>12/21/2017 1:51:48 PM</Time>
                  <TimeUTC>1513885908</TimeUTC>
                  <Value UOM="" Q="">SINUS RHYTHM</Value>
                  <AlarmLimitLow />
                  <AlarmLimitHigh />
            </VitalSign>
            <VitalSign>
                  <Parameter>ECT</Parameter>
                  <BpChannel />
                  <Time>12/21/2017 1:51:48 PM</Time>
                  <TimeUTC>1513885908</TimeUTC>
                  <Value UOM="" Q="" />
                  <AlarmLimitLow />
                  <AlarmLimitHigh />
            </VitalSign>
            <VitalSign>
                  <Parameter>RESP</Parameter>
                  <BpChannel />
                  <Time>12/21/2017 1:51:48 PM</Time>
                  <TimeUTC>1513885908</TimeUTC>
                  <Value UOM="BrMin" Q="">35</Value>
                  <AlarmLimitLow />
                  <AlarmLimitHigh />
            </VitalSign>
            <VitalSign>
                  <Parameter>SPO2</Parameter>
                  <BpChannel />
                  <Time>12/21/2017 1:51:48 PM</Time>
                  <TimeUTC>1513885908</TimeUTC>
                  <Value UOM="%" Q="">100</Value>
                  <AlarmLimitLow />
                  <AlarmLimitHigh />
            </VitalSign>
            <VitalSign>
                  <Parameter>PULSE</Parameter>
                  <BpChannel />
                  <Time>12/21/2017 1:51:48 PM</Time>
                  <TimeUTC>1513885908</TimeUTC>
                  <Value UOM="BPM" Q="">139</Value>
                  <AlarmLimitLow />
                  <AlarmLimitHigh />
            </VitalSign>
            <VitalSign>
                  <Parameter>ABP-S</Parameter>
                  <BpChannel />
                  <Time>12/21/2017 1:51:48 PM</Time>
                  <TimeUTC>1513885908</TimeUTC>
                  <Value UOM="mmHg" Q="">58</Value>
                  <AlarmLimitLow />
                  <AlarmLimitHigh />
            </VitalSign>
            <VitalSign>
                  <Parameter>ABP-D</Parameter>
                  <BpChannel />
                  <Time>12/21/2017 1:51:48 PM</Time>
                  <TimeUTC>1513885908</TimeUTC>
                  <Value UOM="mmHg" Q="">38</Value>
                  <AlarmLimitLow />
                  <AlarmLimitHigh />
            </VitalSign>
            <VitalSign>
                  <Parameter>ABP-M</Parameter>
                  <BpChannel />
                  <Time>12/21/2017 1:51:48 PM</Time>
                  <TimeUTC>1513885908</TimeUTC>
                  <Value UOM="mmHg" Q="">45</Value>
                  <AlarmLimitLow />
                  <AlarmLimitHigh />
            </VitalSign>
      </VitalSigns>
      <Alarms />
      <ImportedData />
      <Waveforms CollectionTime="12/21/2017 1:51:49 PM" CollectionTimeUTC="1513885909" TTX="" DisplayOrder="">
            <WaveformData ID="3230796" Label="RESP" UOM="Ohms" Cal="0,1,1230,2867" SampleRate="125" SamplePeriodInMsec="1000" Samples="125">-0.2,-0.2,-0.2,-0.2,-0.2,-0.2,-0.2,-0.2,-0.2,-0.2,-0.2,-0.2,-0.2,-0.2,-0.2,-0.2,-0.2,-0.2,-0.2,-0.2,-0.2,-0.2,-0.2,-0.2,-0.2,-0.2,-0.2,-0.2,-0.2,-0.2,-0.2,-0.2,-0.2,-0.2,-0.2,-0.2,-0.2,-0.2,-0.2,-0.2,-0.2,-0.2,-0.2,-0.2,-0.2,-0.2,-0.2,-0.2,-0.2,-0.2,-0.2,-0.2,-0.1,-0.1,-0.1,-0.1,-0.1,-0.1,-0.1,-0.1,-0.1,-0.1,-0.1,-0.1,-0.1,-0.1,-0.1,-0.1,-0.1,-0.1,-0.1,-0.1,-0.1,-0.2,-0.2,-0.2,-0.2,-0.2,-0.2,-0.2,-0.2,-0.2,-0.2,-0.2,-0.2,-0.2,-0.1,-0.1,-0.1,-0.1,-0.1,-0.1,-0.1,-0.1,0.0,0.0,0.0,0.0,0.1,0.1,0.1,0.2,0.2,0.3,0.3,0.4,0.4,0.4,0.5,0.5,0.6,0.6,0.6,0.7,0.7,0.7,0.8,0.8,0.8,0.8,0.9,0.9,0.9,0.9,0.9</WaveformData>
            <WaveformData ID="4487318" Label="II" UOM="mV" Cal="0,1,1023,3071" SampleRate="125" SamplePeriodInMsec="1000" Samples="125">0.9,0.935,0.97,1,1.025,1.035,1.04,1.025,0.995,0.96,0.92,0.88,0.835,0.79,0.745,0.7,0.66,0.625,0.605,0.62,0.67,0.74,0.77,0.73,0.645,0.585,0.565,0.57,0.575,0.585,0.595,0.61,0.615,0.585,0.735,1.375,1.5,1.415,0.595,0.44,0.64,0.73,0.735,0.745,0.755,0.76,0.765,0.765,0.775,0.78,0.785,0.8,0.825,0.85,0.885,0.915,0.945,0.975,0.995,1.005,1.005,0.985,0.96,0.92,0.88,0.84,0.8,0.755,0.71,0.67,0.635,0.6,0.585,0.61,0.665,0.725,0.74,0.67,0.585,0.53,0.525,0.525,0.53,0.535,0.54,0.545,0.535,0.52,0.85,1.5,1.5,1,0.36,0.335,0.58,0.615,0.62,0.62,0.625,0.625,0.62,0.615,0.615,0.62,0.625,0.645,0.665,0.695,0.72,0.75,0.775,0.79,0.805,0.81,0.795,0.77,0.735,0.69,0.645,0.605,0.565,0.525,0.48,0.45,0.42</WaveformData>
            <WaveformData ID="4214093" Label="SPO2" UOM="Uncalib" Cal="0,0,0,0" SampleRate="125" SamplePeriodInMsec="1000" Samples="125">2404.0,2368.0,2332.0,2297.0,2252.0,2217.0,2172.0,2119.0,2074.0,2039.0,1985.0,1932.0,1887.0,1834.0,1780.0,1727.0,1683.0,1629.0,1576.0,1522.0,1469.0,1415.0,1362.0,1317.0,1273.0,1228.0,1202.0,1193.0,1193.0,1228.0,1273.0,1344.0,1442.0,1540.0,1665.0,1789.0,1914.0,2030.0,2137.0,2226.0,2297.0,2350.0,2386.0,2404.0,2404.0,2404.0,2386.0,2368.0,2350.0,2332.0,2306.0,2288.0,2270.0,2252.0,2226.0,2199.0,2172.0,2145.0,2110.0,2083.0,2048.0,2012.0,1976.0,1932.0,1887.0,1852.0,1807.0,1763.0,1718.0,1665.0,1620.0,1576.0,1522.0,1478.0,1424.0,1371.0,1326.0,1282.0,1246.0,1211.0,1202.0,1202.0,1220.0,1273.0,1335.0,1424.0,1531.0,1656.0,1789.0,1914.0,2048.0,2154.0,2270.0,2350.0,2421.0,2466.0,2493.0,2502.0,2502.0,2493.0,2475.0,2457.0,2439.0,2413.0,2395.0,2377.0,2359.0,2341.0,2340.0,2311.0,2272.0,2233.0,2194.0,2145.0,2096.0,2048.0,2009.0,1960.0,1901.0,1853.0,1804.0,1755.0,1706.0,1658.0,1599.0</WaveformData>
            <WaveformData ID="3289908" Label="ABP" UOM="mmHg" Cal="30,60,307,3378" SampleRate="125" SamplePeriodInMsec="1000" Samples="125">37.8,37.5,37.2,37.0,36.8,36.8,37.2,38.1,40.1,42.9,46.5,50.3,53.6,55.9,57.2,57.4,56.5,54.7,52.5,50.3,48.2,46.7,45.7,45.2,45.1,45.2,45.2,45.3,45.4,45.3,45.2,44.9,44.6,44.2,43.8,43.4,42.9,42.4,41.9,41.6,41.2,40.9,40.7,40.5,40.4,40.2,40.1,39.9,39.6,39.4,39.1,38.9,38.6,38.3,38.0,37.7,37.4,37.2,37.1,37.1,37.6,38.8,41.1,44.4,48.2,51.9,55.1,57.4,58.6,58.6,57.6,55.8,53.4,50.9,48.8,47.3,46.3,45.9,45.8,45.9,46.2,46.4,46.6,46.5,46.3,46.1,45.8,45.5,45.1,44.8,44.3,43.9,43.4,43.1,42.7,42.4,42.2,42.0,41.9,41.8,41.6,41.4,41.2,40.9,40.6,40.3,40.1,39.7,39.5,39.2,38.9,38.7,38.6,38.9,39.8,41.8,44.9,49.0,53.2,57.0,59.9,61.7,62.2,61.6,59.9</WaveformData>
            <WaveformData ID="4214108" Label="Unk lbl 4214108" UOM="Uncalib" Cal="0,0,0,0" SampleRate="125" SamplePeriodInMsec="1000" Samples="125">2048,2007,1966,1925,1884,1843,1816,1788,1775,1775,1788,1816,1856,1925,1993,2061,2143,2239,2321,2402,2471,2525,2566,2594,2594,2594,2566,2539,2498,2457,2416,2361,2321,2280,2239,2184,2143,2102,2061,2034,1993,1952,1897,1856,1816,1761,1720,1679,1624,1583,1542,1502,1461,1420,1379,1338,1310,1269,1242,1228,1201,1201,1201,1215,1256,1297,1365,1447,1542,1638,1747,1870,1966,2061,2143,2211,2280,2307,2334,2348,2334,2321,2293,2266,2239,2198,2157,2129,2088,2061,2034,1993,1966,1925,1884,1856,1816,1775,1734,1706,1665,1624,1583,1542,1502,1474,1433,1406,1365,1338,1310,1283,1256,1242,1228,1228,1228,1256,1283,1351,1433,1529,1638,1761,1884</WaveformData>
      </Waveforms>
      <VitalSigns CollectionTime="12/21/2017 1:51:49 PM" CollectionTimeUTC="1513885909">
            <VitalSign>
                  <Parameter>HR</Parameter>
                  <BpChannel />
                  <Time>12/21/2017 1:51:49 PM</Time>
                  <TimeUTC>1513885909</TimeUTC>
                  <Value UOM="Bpm" Q="">139</Value>
                  <AlarmLimitLow />
                  <AlarmLimitHigh />
            </VitalSign>
            <VitalSign>
                  <Parameter>NBP-S</Parameter>
                  <BpChannel />
                  <Time>12/21/2017 8:23:00 PM</Time>
                  <TimeUTC>1513909380</TimeUTC>
                  <Value UOM="mmHg" Q="">NODATA</Value>
                  <AlarmLimitLow />
                  <AlarmLimitHigh />
            </VitalSign>
            <VitalSign>
                  <Parameter>NBP-D</Parameter>
                  <BpChannel />
                  <Time>12/21/2017 8:23:00 PM</Time>
                  <TimeUTC>1513909380</TimeUTC>
                  <Value UOM="mmHg" Q="">NODATA</Value>
                  <AlarmLimitLow />
                  <AlarmLimitHigh />
            </VitalSign>
            <VitalSign>
                  <Parameter>NBP-M</Parameter>
                  <BpChannel />
                  <Time>12/21/2017 8:23:00 PM</Time>
                  <TimeUTC>1513909380</TimeUTC>
                  <Value UOM="mmHg" Q="">NODATA</Value>
                  <AlarmLimitLow />
                  <AlarmLimitHigh />
            </VitalSign>
            <VitalSign>
                  <Parameter>PVC</Parameter>
                  <BpChannel />
                  <Time>12/21/2017 1:51:49 PM</Time>
                  <TimeUTC>1513885909</TimeUTC>
                  <Value UOM="Bpm" Q="">0</Value>
                  <AlarmLimitLow />
                  <AlarmLimitHigh />
            </VitalSign>
            <VitalSign>
                  <Parameter>RHY</Parameter>
                  <BpChannel />
                  <Time>12/21/2017 1:51:49 PM</Time>
                  <TimeUTC>1513885909</TimeUTC>
                  <Value UOM="" Q="">SINUS RHYTHM</Value>
                  <AlarmLimitLow />
                  <AlarmLimitHigh />
            </VitalSign>
            <VitalSign>
                  <Parameter>ECT</Parameter>
                  <BpChannel />
                  <Time>12/21/2017 1:51:49 PM</Time>
                  <TimeUTC>1513885909</TimeUTC>
                  <Value UOM="" Q="" />
                  <AlarmLimitLow />
                  <AlarmLimitHigh />
            </VitalSign>
            <VitalSign>
                  <Parameter>RESP</Parameter>
                  <BpChannel />
                  <Time>12/21/2017 1:51:49 PM</Time>
                  <TimeUTC>1513885909</TimeUTC>
                  <Value UOM="BrMin" Q="">35</Value>
                  <AlarmLimitLow />
                  <AlarmLimitHigh />
            </VitalSign>
            <VitalSign>
                  <Parameter>SPO2</Parameter>
                  <BpChannel />
                  <Time>12/21/2017 1:51:49 PM</Time>
                  <TimeUTC>1513885909</TimeUTC>
                  <Value UOM="%" Q="">100</Value>
                  <AlarmLimitLow />
                  <AlarmLimitHigh />
            </VitalSign>
            <VitalSign>
                  <Parameter>PULSE</Parameter>
                  <BpChannel />
                  <Time>12/21/2017 1:51:49 PM</Time>
                  <TimeUTC>1513885909</TimeUTC>
                  <Value UOM="BPM" Q="">139</Value>
                  <AlarmLimitLow />
                  <AlarmLimitHigh />
            </VitalSign>
            <VitalSign>
                  <Parameter>ABP-S</Parameter>
                  <BpChannel />
                  <Time>12/21/2017 1:51:49 PM</Time>
                  <TimeUTC>1513885909</TimeUTC>
                  <Value UOM="mmHg" Q="">58</Value>
                  <AlarmLimitLow />
                  <AlarmLimitHigh />
            </VitalSign>
            <VitalSign>
                  <Parameter>ABP-D</Parameter>
                  <BpChannel />
                  <Time>12/21/2017 1:51:49 PM</Time>
                  <TimeUTC>1513885909</TimeUTC>
                  <Value UOM="mmHg" Q="">38</Value>
                  <AlarmLimitLow />
                  <AlarmLimitHigh />
            </VitalSign>
            <VitalSign>
                  <Parameter>ABP-M</Parameter>
                  <BpChannel />
                  <Time>12/21/2017 1:51:49 PM</Time>
                  <TimeUTC>1513885909</TimeUTC>
                  <Value UOM="mmHg" Q="">45</Value>
                  <AlarmLimitLow />
                  <AlarmLimitHigh />
            </VitalSign>
      </VitalSigns>
      <Alarms />
      <ImportedData />
      <Waveforms CollectionTime="12/21/2017 1:51:50 PM" CollectionTimeUTC="1513885910" TTX="" DisplayOrder="">
            <WaveformData ID="3230796" Label="RESP" UOM="Ohms" Cal="0,1,1230,2867" SampleRate="125" SamplePeriodInMsec="1000" Samples="125">0.9,0.9,1.0,1.0,1.0,1.0,1.0,1.0,1.0,1.0,1.0,1.0,1.0,1.0,1.0,1.0,0.9,0.9,0.9,0.9,0.9,0.9,0.9,0.9,0.8,0.8,0.8,0.8,0.7,0.7,0.7,0.7,0.6,0.6,0.6,0.6,0.5,0.5,0.5,0.4,0.4,0.4,0.3,0.3,0.3,0.3,0.2,0.2,0.2,0.2,0.2,0.1,0.1,0.1,0.1,0.1,0.1,0.0,0.0,0.0,0.0,0.0,0.0,0.0,0.0,-0.1,-0.1,-0.1,-0.1,-0.1,-0.1,-0.1,-0.1,-0.1,-0.1,-0.1,-0.1,-0.1,-0.1,-0.1,-0.1,-0.1,-0.1,-0.1,-0.1,-0.1,-0.1,-0.1,-0.1,-0.1,-0.1,-0.1,-0.1,-0.1,-0.1,-0.1,-0.1,-0.1,-0.1,-0.1,-0.1,-0.1,-0.1,-0.1,-0.1,-0.1,-0.2,-0.2,-0.2,-0.2,-0.2,-0.2,-0.2,-0.2,-0.2,-0.2,-0.2,-0.2,-0.2,-0.2,-0.2,-0.2,-0.2,-0.2,-0.2</WaveformData>
            <WaveformData ID="4487318" Label="II" UOM="mV" Cal="0,1,1023,3071" SampleRate="125" SamplePeriodInMsec="1000" Samples="125">0.395,0.4,0.445,0.52,0.58,0.59,0.51,0.44,0.415,0.42,0.43,0.44,0.45,0.47,0.485,0.48,0.525,0.95,1.5,1.5,0.75,0.36,0.505,0.645,0.665,0.675,0.69,0.705,0.715,0.725,0.73,0.74,0.75,0.765,0.79,0.825,0.865,0.905,0.94,0.975,1,1.015,1.02,1.005,0.98,0.945,0.905,0.865,0.82,0.77,0.725,0.68,0.64,0.61,0.585,0.59,0.635,0.71,0.755,0.73,0.65,0.58,0.56,0.56,0.565,0.575,0.585,0.6,0.61,0.59,0.675,1.2,1.5,1.5,0.72,0.445,0.61,0.725,0.74,0.745,0.755,0.765,0.765,0.775,0.78,0.79,0.8,0.815,0.835,0.865,0.895,0.93,0.96,0.995,1.02,1.035,1.035,1.02,0.99,0.955,0.91,0.865,0.82,0.78,0.735,0.69,0.65,0.61,0.595,0.615,0.665,0.73,0.76,0.705,0.62,0.565,0.555,0.56,0.565,0.57,0.58,0.595,0.6,0.575,0.76</WaveformData>
            <WaveformData ID="4214093" Label="SPO2" UOM="Uncalib" Cal="0,0,0,0" SampleRate="125" SamplePeriodInMsec="1000" Samples="125">1550.0,1501.0,1443.0,1394.0,1345.0,1297.0,1258.0,1228.0,1219.0,1228.0,1248.0,1316.0,1394.0,1501.0,1638.0,1784.0,1950.0,2116.0,2282.0,2438.0,2584.0,2711.0,2808.0,2896.0,2945.0,2984.0,3013.0,3023.0,3023.0,3013.0,3003.0,2993.0,2984.0,2974.0,2954.0,2945.0,2925.0,2896.0,2876.0,2847.0,2808.0,2779.0,2740.0,2701.0,2652.0,2594.0,2545.0,2516.0,2477.0,2418.0,2360.0,2301.0,2243.0,2194.0,2135.0,2077.0,2038.0,1979.0,1921.0,1862.0,1804.0,1755.0,1706.0,1677.0,1658.0,1667.0,1687.0,1726.0,1794.0,1882.0,1979.0,2077.0,2194.0,2301.0,2408.0,2496.0,2574.0,2633.0,2662.0,2681.0,2681.0,2662.0,2642.0,2613.0,2584.0,2555.0,2525.0,2486.0,2457.0,2428.0,2399.0,2360.0,2330.0,2291.0,2243.0,2204.0,2155.0,2116.0,2067.0,2028.0,1979.0,1931.0,1872.0,1823.0,1775.0,1716.0,1667.0,1609.0,1550.0,1492.0,1433.0,1375.0,1316.0,1258.0,1209.0,1160.0,1121.0,1102.0,1102.0,1121.0,1170.0,1238.0,1326.0,1433.0,1570.0</WaveformData>
            <WaveformData ID="3289908" Label="ABP" UOM="mmHg" Cal="30,60,307,3378" SampleRate="125" SamplePeriodInMsec="1000" Samples="125">57.7,55.2,52.8,50.8,49.2,48.2,47.6,47.4,47.5,47.6,47.6,47.6,47.5,47.3,47.1,46.7,46.2,45.8,45.3,44.8,44.3,43.8,43.4,43.1,42.7,42.4,42.3,42.0,41.8,41.6,41.4,41.1,40.7,40.5,40.2,39.9,39.6,39.3,38.9,38.7,38.5,38.4,38.5,39.3,40.8,43.4,46.6,50.1,53.2,55.5,56.8,57.1,56.2,54.4,52.2,50.0,48.1,46.6,45.7,45.4,45.2,45.2,45.3,45.4,45.4,45.2,45.1,44.9,44.6,44.1,43.7,43.2,42.8,42.4,42.0,41.6,41.2,40.9,40.6,40.4,40.3,40.2,40.0,39.8,39.6,39.3,39.0,38.7,38.4,38.2,37.9,37.6,37.4,37.1,37.0,36.9,37.2,38.2,40.1,43.0,46.6,50.3,53.6,55.9,57.2,57.3,56.4,54.7,52.6,50.4,48.4,46.8,45.7,45.2,45.1,45.2,45.3,45.4,45.4,45.4,45.2,44.9,44.6,44.2,43.7</WaveformData>
            <WaveformData ID="4214108" Label="Unk lbl 4214108" UOM="Uncalib" Cal="0,0,0,0" SampleRate="125" SamplePeriodInMsec="1000" Samples="125">2007,2102,2211,2307,2389,2457,2498,2525,2539,2539,2525,2498,2457,2430,2375,2334,2293,2252,2211,2157,2116,2075,2048,2018,1974,1931,1887,1843,1814,1770,1740,1711,1682,1653,1623,1609,1580,1565,1550,1536,1521,1521,1506,1506,1521,1536,1565,1623,1682,1770,1857,1974,2091,2223,2369,2501,2633,2750,2867,2954,3042,3086,3130,3159,3174,3174,3159,3145,3130,3115,3086,3057,3028,2998,2954,2896,2852,2794,2735,2677,2618,2559,2501,2442,2384,2325,2267,2208,2165,2106,2062,2018,1974,1931,1887,1843,1799,1755,1726,1711,1697,1711,1726,1770,1828,1901,1974,2048,2150,2238,2340,2413,2486,2530,2574,2589,2589,2574,2545,2516,2472,2428,2369,2325,2282</WaveformData>
      </Waveforms>
      <VitalSigns CollectionTime="12/21/2017 1:51:50 PM" CollectionTimeUTC="1513885910">
            <VitalSign>
                  <Parameter>HR</Parameter>
                  <BpChannel />
                  <Time>12/21/2017 1:51:50 PM</Time>
                  <TimeUTC>1513885910</TimeUTC>
                  <Value UOM="Bpm" Q="">139</Value>
                  <AlarmLimitLow />
                  <AlarmLimitHigh />
            </VitalSign>
            <VitalSign>
                  <Parameter>NBP-S</Parameter>
                  <BpChannel />
                  <Time>12/21/2017 8:23:00 PM</Time>
                  <TimeUTC>1513909380</TimeUTC>
                  <Value UOM="mmHg" Q="">NODATA</Value>
                  <AlarmLimitLow />
                  <AlarmLimitHigh />
            </VitalSign>
            <VitalSign>
                  <Parameter>NBP-D</Parameter>
                  <BpChannel />
                  <Time>12/21/2017 8:23:00 PM</Time>
                  <TimeUTC>1513909380</TimeUTC>
                  <Value UOM="mmHg" Q="">NODATA</Value>
                  <AlarmLimitLow />
                  <AlarmLimitHigh />
            </VitalSign>
            <VitalSign>
                  <Parameter>NBP-M</Parameter>
                  <BpChannel />
                  <Time>12/21/2017 8:23:00 PM</Time>
                  <TimeUTC>1513909380</TimeUTC>
                  <Value UOM="mmHg" Q="">NODATA</Value>
                  <AlarmLimitLow />
                  <AlarmLimitHigh />
            </VitalSign>
            <VitalSign>
                  <Parameter>PVC</Parameter>
                  <BpChannel />
                  <Time>12/21/2017 1:51:50 PM</Time>
                  <TimeUTC>1513885910</TimeUTC>
                  <Value UOM="Bpm" Q="">0</Value>
                  <AlarmLimitLow />
                  <AlarmLimitHigh />
            </VitalSign>
            <VitalSign>
                  <Parameter>RHY</Parameter>
                  <BpChannel />
                  <Time>12/21/2017 1:51:50 PM</Time>
                  <TimeUTC>1513885910</TimeUTC>
                  <Value UOM="" Q="">SINUS RHYTHM</Value>
                  <AlarmLimitLow />
                  <AlarmLimitHigh />
            </VitalSign>
            <VitalSign>
                  <Parameter>ECT</Parameter>
                  <BpChannel />
                  <Time>12/21/2017 1:51:50 PM</Time>
                  <TimeUTC>1513885910</TimeUTC>
                  <Value UOM="" Q="" />
                  <AlarmLimitLow />
                  <AlarmLimitHigh />
            </VitalSign>
            <VitalSign>
                  <Parameter>RESP</Parameter>
                  <BpChannel />
                  <Time>12/21/2017 1:51:50 PM</Time>
                  <TimeUTC>1513885910</TimeUTC>
                  <Value UOM="BrMin" Q="">35</Value>
                  <AlarmLimitLow />
                  <AlarmLimitHigh />
            </VitalSign>
            <VitalSign>
                  <Parameter>SPO2</Parameter>
                  <BpChannel />
                  <Time>12/21/2017 1:51:50 PM</Time>
                  <TimeUTC>1513885910</TimeUTC>
                  <Value UOM="%" Q="">100</Value>
                  <AlarmLimitLow />
                  <AlarmLimitHigh />
            </VitalSign>
            <VitalSign>
                  <Parameter>PULSE</Parameter>
                  <BpChannel />
                  <Time>12/21/2017 1:51:50 PM</Time>
                  <TimeUTC>1513885910</TimeUTC>
                  <Value UOM="BPM" Q="">139</Value>
                  <AlarmLimitLow />
                  <AlarmLimitHigh />
            </VitalSign>
            <VitalSign>
                  <Parameter>ABP-S</Parameter>
                  <BpChannel />
                  <Time>12/21/2017 1:51:50 PM</Time>
                  <TimeUTC>1513885910</TimeUTC>
                  <Value UOM="mmHg" Q="">58</Value>
                  <AlarmLimitLow />
                  <AlarmLimitHigh />
            </VitalSign>
            <VitalSign>
                  <Parameter>ABP-D</Parameter>
                  <BpChannel />
                  <Time>12/21/2017 1:51:50 PM</Time>
                  <TimeUTC>1513885910</TimeUTC>
                  <Value UOM="mmHg" Q="">38</Value>
                  <AlarmLimitLow />
                  <AlarmLimitHigh />
            </VitalSign>
            <VitalSign>
                  <Parameter>ABP-M</Parameter>
                  <BpChannel />
                  <Time>12/21/2017 1:51:50 PM</Time>
                  <TimeUTC>1513885910</TimeUTC>
                  <Value UOM="mmHg" Q="">45</Value>
                  <AlarmLimitLow />
                  <AlarmLimitHigh />
            </VitalSign>
      </VitalSigns>
      <Alarms />
      <ImportedData />
      <Waveforms CollectionTime="12/21/2017 1:51:51 PM" CollectionTimeUTC="1513885911" TTX="" DisplayOrder="">
            <WaveformData ID="3230796" Label="RESP" UOM="Ohms" Cal="0,1,1230,2867" SampleRate="125" SamplePeriodInMsec="1000" Samples="125">-0.2,-0.2,-0.2,-0.2,-0.2,-0.2,-0.2,-0.2,-0.2,-0.2,-0.1,-0.1,-0.1,-0.1,-0.1,-0.1,-0.1,-0.1,-0.1,-0.1,-0.1,-0.1,-0.1,-0.1,-0.1,-0.1,-0.1,-0.1,-0.1,-0.1,-0.1,-0.1,-0.1,-0.1,-0.1,-0.1,-0.1,-0.1,-0.1,-0.1,-0.1,-0.2,-0.2,-0.2,-0.2,-0.2,-0.2,-0.2,-0.2,-0.2,-0.2,-0.2,-0.2,-0.1,-0.1,-0.1,-0.1,-0.1,-0.1,-0.1,-0.1,0.0,0.0,0.0,0.1,0.1,0.1,0.1,0.2,0.2,0.2,0.3,0.3,0.4,0.4,0.5,0.5,0.5,0.6,0.6,0.6,0.7,0.7,0.7,0.8,0.8,0.8,0.8,0.8,0.9,0.9,0.9,0.9,0.9,0.9,0.9,0.9,0.9,0.9,0.9,0.9,0.9,0.9,0.9,0.9,0.9,0.9,0.9,0.9,0.9,0.9,0.9,0.9,0.8,0.8,0.8,0.8,0.8,0.7,0.7,0.7,0.7,0.6,0.6,0.6</WaveformData>
            <WaveformData ID="4487318" Label="II" UOM="mV" Cal="0,1,1023,3071" SampleRate="125" SamplePeriodInMsec="1000" Samples="125">1.43,1.5,1.325,0.545,0.415,0.645,0.72,0.725,0.735,0.745,0.75,0.755,0.76,0.765,0.765,0.775,0.795,0.815,0.845,0.88,0.915,0.945,0.97,0.99,1.005,1,0.98,0.95,0.91,0.87,0.825,0.785,0.745,0.7,0.66,0.62,0.59,0.58,0.605,0.67,0.73,0.74,0.665,0.58,0.53,0.525,0.53,0.535,0.535,0.54,0.55,0.535,0.52,0.9,1.5,1.5,0.935,0.35,0.435,0.595,0.625,0.625,0.63,0.635,0.63,0.625,0.625,0.625,0.625,0.635,0.655,0.675,0.7,0.73,0.76,0.785,0.805,0.815,0.815,0.805,0.785,0.75,0.7,0.655,0.61,0.56,0.52,0.48,0.445,0.415,0.385,0.38,0.415,0.485,0.555,0.575,0.515,0.445,0.41,0.41,0.42,0.43,0.44,0.46,0.48,0.47,0.495,0.84,1.5,1.5,0.885,0.365,0.46,0.62,0.655,0.67,0.68,0.695,0.705,0.715,0.725,0.735,0.745,0.76,0.785</WaveformData>
            <WaveformData ID="4214093" Label="SPO2" UOM="Uncalib" Cal="0,0,0,0" SampleRate="125" SamplePeriodInMsec="1000" Samples="125">1706.0,1843.0,1970.0,2087.0,2194.0,2282.0,2350.0,2399.0,2428.0,2428.0,2428.0,2418.0,2399.0,2379.0,2360.0,2330.0,2311.0,2291.0,2272.0,2243.0,2213.0,2184.0,2155.0,2116.0,2077.0,2048.0,1999.0,1960.0,1911.0,1862.0,1814.0,1775.0,1726.0,1677.0,1619.0,1570.0,1521.0,1472.0,1423.0,1365.0,1316.0,1258.0,1209.0,1170.0,1131.0,1111.0,1102.0,1121.0,1170.0,1228.0,1316.0,1433.0,1570.0,1726.0,1882.0,2028.0,2155.0,2282.0,2379.0,2457.0,2525.0,2555.0,2584.0,2584.0,2574.0,2555.0,2535.0,2516.0,2486.0,2467.0,2438.0,2408.0,2389.0,2360.0,2321.0,2291.0,2243.0,2204.0,2155.0,2106.0,2057.0,2018.0,1970.0,1921.0,1862.0,1814.0,1765.0,1716.0,1667.0,1619.0,1570.0,1511.0,1462.0,1414.0,1365.0,1316.0,1277.0,1248.0,1219.0,1228.0,1248.0,1287.0,1365.0,1462.0,1589.0,1736.0,1892.0,2048.0,2213.0,2379.0,2525.0,2652.0,2759.0,2847.0,2906.0,2954.0,2984.0,2984.0,2993.0,2984.0,2984.0,2974.0,2964.0,2954.0,2945.0</WaveformData>
            <WaveformData ID="3289908" Label="ABP" UOM="mmHg" Cal="30,60,307,3378" SampleRate="125" SamplePeriodInMsec="1000" Samples="125">43.2,42.7,42.3,41.9,41.5,41.2,40.9,40.7,40.5,40.3,40.1,39.9,39.7,39.5,39.3,39.0,38.7,38.4,38.2,37.9,37.6,37.3,37.1,36.9,36.9,37.5,38.8,41.2,44.6,48.4,52.2,55.3,57.3,58.3,58.0,56.8,54.9,52.8,50.6,48.7,47.3,46.4,46.0,45.9,46.0,46.1,46.3,46.4,46.4,46.2,46.0,45.7,45.4,45.0,44.6,44.1,43.7,43.2,42.9,42.6,42.3,42.1,42.0,41.8,41.6,41.4,41.2,41.1,40.9,40.6,40.4,40.1,39.8,39.5,39.2,38.9,38.7,38.6,38.9,39.9,41.9,45.1,49.2,53.4,57.0,59.8,61.6,62.3,61.7,60.1,57.8,55.1,52.7,50.6,49.1,48.1,47.6,47.4,47.4,47.5,47.6,47.6,47.4,47.3,46.9,46.6,46.1,45.6,45.1,44.6,44.1,43.7,43.4,43.0,42.6,42.4,42.1,42.0,41.8,41.6,41.3,41.0,40.7,40.4,40.1</WaveformData>
            <WaveformData ID="4214108" Label="Unk lbl 4214108" UOM="Uncalib" Cal="0,0,0,0" SampleRate="125" SamplePeriodInMsec="1000" Samples="125">2238,2194,2150,2106,2062,2018,1974,1931,1887,1843,1784,1740,1697,1638,1594,1550,1492,1448,1404,1360,1331,1287,1243,1214,1185,1155,1126,1126,1126,1126,1155,1199,1258,1345,1433,1550,1667,1784,1901,2004,2091,2179,2252,2296,2325,2340,2340,2325,2311,2282,2238,2208,2165,2121,2091,2048,2033,1989,1945,1916,1872,1828,1784,1755,1711,1667,1623,1580,1536,1506,1462,1419,1389,1345,1316,1272,1243,1214,1199,1185,1170,1170,1185,1228,1287,1360,1448,1550,1667,1799,1931,2048,2179,2296,2384,2472,2545,2589,2618,2618,2618,2589,2559,2516,2472,2428,2384,2340,2282,2238,2194,2150,2106,2062,2033,1974,1931,1887,1843,1814,1770,1726,1697,1667,1638</WaveformData>
      </Waveforms>
      <VitalSigns CollectionTime="12/21/2017 1:51:51 PM" CollectionTimeUTC="1513885911">
            <VitalSign>
                  <Parameter>HR</Parameter>
                  <BpChannel />
                  <Time>12/21/2017 1:51:51 PM</Time>
                  <TimeUTC>1513885911</TimeUTC>
                  <Value UOM="Bpm" Q="">139</Value>
                  <AlarmLimitLow />
                  <AlarmLimitHigh />
            </VitalSign>
            <VitalSign>
                  <Parameter>NBP-S</Parameter>
                  <BpChannel />
                  <Time>12/21/2017 8:23:00 PM</Time>
                  <TimeUTC>1513909380</TimeUTC>
                  <Value UOM="mmHg" Q="">NODATA</Value>
                  <AlarmLimitLow />
                  <AlarmLimitHigh />
            </VitalSign>
            <VitalSign>
                  <Parameter>NBP-D</Parameter>
                  <BpChannel />
                  <Time>12/21/2017 8:23:00 PM</Time>
                  <TimeUTC>1513909380</TimeUTC>
                  <Value UOM="mmHg" Q="">NODATA</Value>
                  <AlarmLimitLow />
                  <AlarmLimitHigh />
            </VitalSign>
            <VitalSign>
                  <Parameter>NBP-M</Parameter>
                  <BpChannel />
                  <Time>12/21/2017 8:23:00 PM</Time>
                  <TimeUTC>1513909380</TimeUTC>
                  <Value UOM="mmHg" Q="">NODATA</Value>
                  <AlarmLimitLow />
                  <AlarmLimitHigh />
            </VitalSign>
            <VitalSign>
                  <Parameter>PVC</Parameter>
                  <BpChannel />
                  <Time>12/21/2017 1:51:51 PM</Time>
                  <TimeUTC>1513885911</TimeUTC>
                  <Value UOM="Bpm" Q="">0</Value>
                  <AlarmLimitLow />
                  <AlarmLimitHigh />
            </VitalSign>
            <VitalSign>
                  <Parameter>RHY</Parameter>
                  <BpChannel />
                  <Time>12/21/2017 1:51:51 PM</Time>
                  <TimeUTC>1513885911</TimeUTC>
                  <Value UOM="" Q="">SINUS RHYTHM</Value>
                  <AlarmLimitLow />
                  <AlarmLimitHigh />
            </VitalSign>
            <VitalSign>
                  <Parameter>ECT</Parameter>
                  <BpChannel />
                  <Time>12/21/2017 1:51:51 PM</Time>
                  <TimeUTC>1513885911</TimeUTC>
                  <Value UOM="" Q="" />
                  <AlarmLimitLow />
                  <AlarmLimitHigh />
            </VitalSign>
            <VitalSign>
                  <Parameter>RESP</Parameter>
                  <BpChannel />
                  <Time>12/21/2017 1:51:51 PM</Time>
                  <TimeUTC>1513885911</TimeUTC>
                  <Value UOM="BrMin" Q="">35</Value>
                  <AlarmLimitLow />
                  <AlarmLimitHigh />
            </VitalSign>
            <VitalSign>
                  <Parameter>SPO2</Parameter>
                  <BpChannel />
                  <Time>12/21/2017 1:51:51 PM</Time>
                  <TimeUTC>1513885911</TimeUTC>
                  <Value UOM="%" Q="">100</Value>
                  <AlarmLimitLow />
                  <AlarmLimitHigh />
            </VitalSign>
            <VitalSign>
                  <Parameter>PULSE</Parameter>
                  <BpChannel />
                  <Time>12/21/2017 1:51:51 PM</Time>
                  <TimeUTC>1513885911</TimeUTC>
                  <Value UOM="BPM" Q="">140</Value>
                  <AlarmLimitLow />
                  <AlarmLimitHigh />
            </VitalSign>
            <VitalSign>
                  <Parameter>ABP-S</Parameter>
                  <BpChannel />
                  <Time>12/21/2017 1:51:51 PM</Time>
                  <TimeUTC>1513885911</TimeUTC>
                  <Value UOM="mmHg" Q="">58</Value>
                  <AlarmLimitLow />
                  <AlarmLimitHigh />
            </VitalSign>
            <VitalSign>
                  <Parameter>ABP-D</Parameter>
                  <BpChannel />
                  <Time>12/21/2017 1:51:51 PM</Time>
                  <TimeUTC>1513885911</TimeUTC>
                  <Value UOM="mmHg" Q="">38</Value>
                  <AlarmLimitLow />
                  <AlarmLimitHigh />
            </VitalSign>
            <VitalSign>
                  <Parameter>ABP-M</Parameter>
                  <BpChannel />
                  <Time>12/21/2017 1:51:51 PM</Time>
                  <TimeUTC>1513885911</TimeUTC>
                  <Value UOM="mmHg" Q="">45</Value>
                  <AlarmLimitLow />
                  <AlarmLimitHigh />
            </VitalSign>
      </VitalSigns>
      <Alarms />
      <ImportedData />
      <Waveforms CollectionTime="12/21/2017 1:51:52 PM" CollectionTimeUTC="1513885912" TTX="" DisplayOrder="">
            <WaveformData ID="3230796" Label="RESP" UOM="Ohms" Cal="0,1,1230,2867" SampleRate="125" SamplePeriodInMsec="1000" Samples="125">0.5,0.5,0.5,0.5,0.4,0.4,0.4,0.3,0.3,0.3,0.2,0.2,0.2,0.2,0.2,0.1,0.1,0.1,0.1,0.1,0.0,0.0,0.0,0.0,0.0,0.0,0.0,-0.1,-0.1,-0.1,-0.1,-0.1,-0.1,-0.1,-0.1,-0.1,-0.1,-0.1,-0.1,-0.1,-0.2,-0.2,-0.2,-0.2,-0.2,-0.2,-0.2,-0.2,-0.2,-0.2,-0.2,-0.2,-0.2,-0.2,-0.2,-0.2,-0.2,-0.2,-0.2,-0.2,-0.2,-0.2,-0.2,-0.2,-0.2,-0.2,-0.2,-0.2,-0.2,-0.2,-0.2,-0.2,-0.2,-0.2,-0.2,-0.2,-0.2,-0.2,-0.2,-0.2,-0.2,-0.2,-0.2,-0.2,-0.2,-0.2,-0.2,-0.2,-0.2,-0.2,-0.2,-0.2,-0.2,-0.2,-0.2,-0.2,-0.2,-0.2,-0.2,-0.2,-0.2,-0.2,-0.2,-0.2,-0.2,-0.1,-0.1,-0.1,-0.1,-0.1,-0.1,-0.1,-0.1,-0.1,-0.1,-0.1,-0.1,-0.1,-0.1,-0.1,-0.1,-0.1,-0.1,-0.1,-0.1</WaveformData>
            <WaveformData ID="4487318" Label="II" UOM="mV" Cal="0,1,1023,3071" SampleRate="125" SamplePeriodInMsec="1000" Samples="125">0.82,0.86,0.895,0.935,0.97,1,1.015,1.025,1.015,0.99,0.955,0.915,0.87,0.83,0.785,0.74,0.7,0.66,0.62,0.59,0.58,0.605,0.67,0.735,0.755,0.705,0.625,0.575,0.57,0.575,0.58,0.59,0.6,0.615,0.62,0.6,0.85,1.5,1.5,1.17,0.52,0.455,0.695,0.745,0.75,0.76,0.77,0.775,0.78,0.785,0.79,0.8,0.81,0.83,0.855,0.885,0.915,0.95,0.985,1.01,1.03,1.04,1.035,1.015,0.985,0.945,0.9,0.86,0.815,0.775,0.73,0.69,0.65,0.615,0.595,0.62,0.68,0.75,0.77,0.72,0.635,0.58,0.565,0.57,0.575,0.58,0.59,0.61,0.615,0.595,0.79,1.46,1.5,1.285,0.545,0.44,0.665,0.73,0.74,0.75,0.755,0.76,0.765,0.765,0.77,0.775,0.785,0.805,0.83,0.855,0.89,0.92,0.95,0.98,0.995,1.005,1,0.98,0.955,0.915,0.87,0.83,0.78,0.74,0.7</WaveformData>
            <WaveformData ID="4214093" Label="SPO2" UOM="Uncalib" Cal="0,0,0,0" SampleRate="125" SamplePeriodInMsec="1000" Samples="125">2925.0,2915.0,2886.0,2867.0,2837.0,2808.0,2769.0,2730.0,2691.0,2642.0,2603.0,2555.0,2506.0,2447.0,2389.0,2340.0,2291.0,2233.0,2184.0,2126.0,2067.0,2018.0,1960.0,1901.0,1843.0,1784.0,1745.0,1706.0,1697.0,1697.0,1716.0,1765.0,1823.0,1911.0,2009.0,2116.0,2223.0,2340.0,2438.0,2535.0,2613.0,2662.0,2701.0,2711.0,2720.0,2701.0,2681.0,2652.0,2623.0,2594.0,2564.0,2535.0,2496.0,2467.0,2438.0,2399.0,2360.0,2321.0,2272.0,2233.0,2184.0,2135.0,2077.0,2038.0,1989.0,1931.0,1882.0,1823.0,1775.0,1716.0,1667.0,1609.0,1550.0,1492.0,1433.0,1375.0,1316.0,1258.0,1209.0,1160.0,1121.0,1092.0,1082.0,1092.0,1141.0,1199.0,1287.0,1394.0,1511.0,1648.0,1784.0,1921.0,2048.0,2155.0,2243.0,2321.0,2379.0,2408.0,2428.0,2428.0,2418.0,2408.0,2389.0,2369.0,2350.0,2344.0,2324.0,2304.0,2273.0,2252.0,2222.0,2191.0,2160.0,2119.0,2078.0,2048.0,1996.0,1955.0,1904.0,1853.0,1802.0,1740.0,1689.0,1638.0,1587.0</WaveformData>
            <WaveformData ID="3289908" Label="ABP" UOM="mmHg" Cal="30,60,307,3378" SampleRate="125" SamplePeriodInMsec="1000" Samples="125">39.7,39.4,39.2,38.9,38.6,38.4,38.2,38.4,38.9,40.4,42.7,46.0,49.6,53.0,55.6,57.0,57.3,56.4,54.7,52.5,50.3,48.3,46.8,45.9,45.4,45.2,45.1,45.2,45.4,45.4,45.4,45.2,44.9,44.6,44.2,43.7,43.4,42.9,42.4,42.0,41.6,41.2,41.0,40.7,40.5,40.3,40.1,40.0,39.9,39.7,39.4,39.1,38.9,38.6,38.2,37.9,37.6,37.4,37.1,36.9,36.8,36.8,37.4,38.7,41.1,44.4,48.2,51.8,54.7,56.6,57.2,56.8,55.4,53.4,51.2,49.1,47.4,46.1,45.4,45.2,45.1,45.1,45.2,45.3,45.3,45.2,45.1,44.8,44.5,44.1,43.7,43.2,42.8,42.4,41.9,41.5,41.1,40.9,40.6,40.4,40.2,40.1,39.9,39.7,39.5,39.3,39.1,38.7,38.4,38.1,37.8,37.5,37.2,36.9,36.8,36.9,37.6,39.0,41.4,44.8,48.6,52.3,55.4,57.6,58.6</WaveformData>
            <WaveformData ID="4214108" Label="Unk lbl 4214108" UOM="Uncalib" Cal="0,0,0,0" SampleRate="125" SamplePeriodInMsec="1000" Samples="125">1609,1580,1565,1550,1536,1521,1506,1492,1492,1506,1521,1550,1594,1653,1740,1843,1945,2062,2194,2340,2472,2618,2735,2837,2940,3013,3071,3101,3115,3130,3130,3115,3101,3086,3071,3042,3028,2998,2969,2940,2896,2852,2794,2735,2677,2618,2559,2516,2457,2399,2340,2282,2223,2179,2121,2077,2048,1989,1945,1901,1857,1814,1770,1740,1726,1726,1726,1740,1784,1843,1916,2004,2077,2179,2267,2355,2442,2501,2559,2589,2603,2603,2589,2559,2530,2486,2442,2399,2340,2296,2252,2208,2165,2121,2077,2048,2004,1945,1901,1857,1814,1755,1711,1667,1609,1565,1521,1477,1433,1389,1345,1302,1272,1228,1199,1170,1141,1126,1126,1126,1155,1199,1243,1316,1419</WaveformData>
      </Waveforms>
      <VitalSigns CollectionTime="12/21/2017 1:51:52 PM" CollectionTimeUTC="1513885912">
            <VitalSign>
                  <Parameter>HR</Parameter>
                  <BpChannel />
                  <Time>12/21/2017 1:51:52 PM</Time>
                  <TimeUTC>1513885912</TimeUTC>
                  <Value UOM="Bpm" Q="">140</Value>
                  <AlarmLimitLow />
                  <AlarmLimitHigh />
            </VitalSign>
            <VitalSign>
                  <Parameter>NBP-S</Parameter>
                  <BpChannel />
                  <Time>12/21/2017 8:23:00 PM</Time>
                  <TimeUTC>1513909380</TimeUTC>
                  <Value UOM="mmHg" Q="">NODATA</Value>
                  <AlarmLimitLow />
                  <AlarmLimitHigh />
            </VitalSign>
            <VitalSign>
                  <Parameter>NBP-D</Parameter>
                  <BpChannel />
                  <Time>12/21/2017 8:23:00 PM</Time>
                  <TimeUTC>1513909380</TimeUTC>
                  <Value UOM="mmHg" Q="">NODATA</Value>
                  <AlarmLimitLow />
                  <AlarmLimitHigh />
            </VitalSign>
            <VitalSign>
                  <Parameter>NBP-M</Parameter>
                  <BpChannel />
                  <Time>12/21/2017 8:23:00 PM</Time>
                  <TimeUTC>1513909380</TimeUTC>
                  <Value UOM="mmHg" Q="">NODATA</Value>
                  <AlarmLimitLow />
                  <AlarmLimitHigh />
            </VitalSign>
            <VitalSign>
                  <Parameter>PVC</Parameter>
                  <BpChannel />
                  <Time>12/21/2017 1:51:52 PM</Time>
                  <TimeUTC>1513885912</TimeUTC>
                  <Value UOM="Bpm" Q="">0</Value>
                  <AlarmLimitLow />
                  <AlarmLimitHigh />
            </VitalSign>
            <VitalSign>
                  <Parameter>RHY</Parameter>
                  <BpChannel />
                  <Time>12/21/2017 1:51:52 PM</Time>
                  <TimeUTC>1513885912</TimeUTC>
                  <Value UOM="" Q="">SINUS RHYTHM</Value>
                  <AlarmLimitLow />
                  <AlarmLimitHigh />
            </VitalSign>
            <VitalSign>
                  <Parameter>ECT</Parameter>
                  <BpChannel />
                  <Time>12/21/2017 1:51:52 PM</Time>
                  <TimeUTC>1513885912</TimeUTC>
                  <Value UOM="" Q="" />
                  <AlarmLimitLow />
                  <AlarmLimitHigh />
            </VitalSign>
            <VitalSign>
                  <Parameter>RESP</Parameter>
                  <BpChannel />
                  <Time>12/21/2017 1:51:52 PM</Time>
                  <TimeUTC>1513885912</TimeUTC>
                  <Value UOM="BrMin" Q="">35</Value>
                  <AlarmLimitLow />
                  <AlarmLimitHigh />
            </VitalSign>
            <VitalSign>
                  <Parameter>SPO2</Parameter>
                  <BpChannel />
                  <Time>12/21/2017 1:51:52 PM</Time>
                  <TimeUTC>1513885912</TimeUTC>
                  <Value UOM="%" Q="">100</Value>
                  <AlarmLimitLow />
                  <AlarmLimitHigh />
            </VitalSign>
            <VitalSign>
                  <Parameter>PULSE</Parameter>
                  <BpChannel />
                  <Time>12/21/2017 1:51:52 PM</Time>
                  <TimeUTC>1513885912</TimeUTC>
                  <Value UOM="BPM" Q="">139</Value>
                  <AlarmLimitLow />
                  <AlarmLimitHigh />
            </VitalSign>
            <VitalSign>
                  <Parameter>ABP-S</Parameter>
                  <BpChannel />
                  <Time>12/21/2017 1:51:52 PM</Time>
                  <TimeUTC>1513885912</TimeUTC>
                  <Value UOM="mmHg" Q="">58</Value>
                  <AlarmLimitLow />
                  <AlarmLimitHigh />
            </VitalSign>
            <VitalSign>
                  <Parameter>ABP-D</Parameter>
                  <BpChannel />
                  <Time>12/21/2017 1:51:52 PM</Time>
                  <TimeUTC>1513885912</TimeUTC>
                  <Value UOM="mmHg" Q="">38</Value>
                  <AlarmLimitLow />
                  <AlarmLimitHigh />
            </VitalSign>
            <VitalSign>
                  <Parameter>ABP-M</Parameter>
                  <BpChannel />
                  <Time>12/21/2017 1:51:52 PM</Time>
                  <TimeUTC>1513885912</TimeUTC>
                  <Value UOM="mmHg" Q="">45</Value>
                  <AlarmLimitLow />
                  <AlarmLimitHigh />
            </VitalSign>
      </VitalSigns>
      <Alarms />
      <ImportedData />
      <Waveforms CollectionTime="12/21/2017 1:51:53 PM" CollectionTimeUTC="1513885913" TTX="" DisplayOrder="">
            <WaveformData ID="3230796" Label="RESP" UOM="Ohms" Cal="0,1,1230,2867" SampleRate="125" SamplePeriodInMsec="1000" Samples="125">-0.1,-0.1,-0.1,-0.2,-0.2,-0.2,-0.2,-0.2,-0.2,-0.2,-0.2,-0.2,-0.2,-0.2,-0.2,-0.2,-0.2,-0.2,-0.2,-0.1,-0.1,-0.1,-0.1,-0.1,-0.1,0.0,0.0,0.0,0.0,0.1,0.1,0.1,0.2,0.2,0.2,0.3,0.3,0.4,0.4,0.4,0.5,0.5,0.6,0.6,0.6,0.7,0.7,0.7,0.8,0.8,0.8,0.8,0.8,0.9,0.9,0.9,0.9,0.9,0.9,0.9,0.9,0.9,0.9,0.9,0.9,0.9,0.9,0.9,0.9,0.9,0.9,0.9,0.9,0.9,0.9,0.9,0.9,0.9,0.8,0.8,0.8,0.8,0.8,0.7,0.7,0.7,0.6,0.6,0.6,0.5,0.5,0.5,0.5,0.4,0.4,0.4,0.3,0.3,0.3,0.3,0.2,0.2,0.2,0.2,0.1,0.1,0.1,0.1,0.1,0.1,0.0,0.0,0.0,0.0,0.0,0.0,0.0,-0.1,-0.1,-0.1,-0.1,-0.1,-0.1,-0.1,-0.1</WaveformData>
            <WaveformData ID="4487318" Label="II" UOM="mV" Cal="0,1,1023,3071" SampleRate="125" SamplePeriodInMsec="1000" Samples="125">0.66,0.625,0.59,0.57,0.585,0.64,0.71,0.74,0.69,0.605,0.54,0.525,0.525,0.53,0.53,0.535,0.54,0.545,0.515,0.73,1.43,1.5,1.195,0.41,0.31,0.54,0.6,0.605,0.61,0.615,0.615,0.61,0.605,0.605,0.61,0.62,0.63,0.655,0.68,0.71,0.735,0.76,0.775,0.79,0.8,0.795,0.77,0.735,0.695,0.65,0.61,0.57,0.53,0.49,0.455,0.425,0.4,0.39,0.405,0.46,0.54,0.59,0.555,0.48,0.43,0.415,0.42,0.435,0.445,0.46,0.48,0.49,0.475,0.625,1.23,1.5,1.265,0.505,0.355,0.565,0.65,0.665,0.675,0.69,0.7,0.71,0.715,0.725,0.735,0.75,0.77,0.8,0.835,0.875,0.91,0.95,0.985,1.005,1.02,1.015,1,0.97,0.935,0.895,0.85,0.805,0.76,0.715,0.67,0.63,0.6,0.575,0.585,0.635,0.71,0.76,0.74,0.665,0.59,0.565,0.565,0.575,0.585,0.595,0.605</WaveformData>
            <WaveformData ID="4214093" Label="SPO2" UOM="Uncalib" Cal="0,0,0,0" SampleRate="125" SamplePeriodInMsec="1000" Samples="125">1525.0,1474.0,1423.0,1362.0,1310.0,1249.0,1198.0,1146.0,1106.0,1075.0,1054.0,1065.0,1085.0,1146.0,1218.0,1331.0,1474.0,1628.0,1792.0,1955.0,2088.0,2232.0,2355.0,2457.0,2529.0,2590.0,2611.0,2631.0,2631.0,2621.0,2600.0,2590.0,2590.0,2560.0,2539.0,2508.0,2488.0,2457.0,2426.0,2396.0,2365.0,2324.0,2283.0,2242.0,2191.0,2140.0,2088.0,2048.0,1996.0,1945.0,1894.0,1843.0,1792.0,1740.0,1689.0,1638.0,1587.0,1536.0,1484.0,1433.0,1382.0,1331.0,1280.0,1239.0,1218.0,1198.0,1208.0,1239.0,1290.0,1382.0,1495.0,1628.0,1792.0,1955.0,2129.0,2293.0,2467.0,2611.0,2754.0,2856.0,2938.0,3010.0,3041.0,3072.0,3082.0,3082.0,3082.0,3072.0,3061.0,3051.0,3041.0,3020.0,3010.0,2990.0,2969.0,2938.0,2908.0,2877.0,2836.0,2785.0,2723.0,2662.0,2600.0,2529.0,2467.0,2406.0,2344.0,2283.0,2211.0,2150.0,2099.0,2048.0,1986.0,1925.0,1874.0,1812.0,1751.0,1699.0,1658.0,1628.0,1618.0,1628.0,1648.0,1710.0,1781.0</WaveformData>
            <WaveformData ID="3289908" Label="ABP" UOM="mmHg" Cal="30,60,307,3378" SampleRate="125" SamplePeriodInMsec="1000" Samples="125">58.4,57.2,55.1,52.9,50.7,48.7,47.4,46.5,46.1,46.0,46.1,46.4,46.5,46.6,46.4,46.2,46.0,45.7,45.4,45.1,44.7,44.2,43.7,43.3,42.9,42.6,42.4,42.1,42.0,41.8,41.7,41.6,41.3,41.1,40.8,40.6,40.3,40.1,39.7,39.4,39.2,38.9,38.6,38.4,38.6,39.4,41.1,44.1,47.9,52.1,56.0,59.1,61.1,61.9,61.6,60.3,58.3,55.9,53.6,51.4,49.8,48.6,47.9,47.6,47.4,47.5,47.6,47.6,47.5,47.3,47.0,46.7,46.3,45.9,45.4,44.9,44.4,43.9,43.5,43.1,42.7,42.5,42.3,42.1,41.8,41.6,41.4,41.1,40.8,40.5,40.2,39.9,39.6,39.3,39.1,38.7,38.5,38.2,38.2,38.6,39.6,41.5,44.4,47.9,51.5,54.6,56.6,57.5,57.2,55.9,53.9,51.6,49.3,47.5,46.2,45.5,45.2,45.0,45.0,45.1,45.2,45.2,45.1,45.0,44.8</WaveformData>
            <WaveformData ID="4214108" Label="Unk lbl 4214108" UOM="Uncalib" Cal="0,0,0,0" SampleRate="125" SamplePeriodInMsec="1000" Samples="125">1521,1638,1755,1872,1989,2077,2165,2238,2296,2325,2355,2355,2355,2325,2296,2267,2223,2194,2150,2106,2077,2048,2004,1974,1931,1901,1857,1814,1770,1740,1697,1653,1609,1565,1521,1492,1448,1404,1375,1331,1302,1272,1243,1214,1185,1170,1170,1170,1199,1243,1302,1375,1477,1580,1697,1828,1974,2091,2208,2325,2413,2501,2559,2589,2618,2618,2603,2574,2545,2501,2457,2413,2369,2325,2267,2223,2179,2135,2091,2048,2018,1974,1931,1901,1857,1814,1784,1740,1711,1682,1653,1638,1609,1594,1580,1565,1550,1536,1536,1536,1536,1565,1580,1638,1697,1770,1872,1989,2106,2238,2384,2530,2662,2794,2911,2998,3086,3145,3188,3218,3232,3232,3218,3203,3188</WaveformData>
      </Waveforms>
      <VitalSigns CollectionTime="12/21/2017 1:51:53 PM" CollectionTimeUTC="1513885913">
            <VitalSign>
                  <Parameter>HR</Parameter>
                  <BpChannel />
                  <Time>12/21/2017 1:51:53 PM</Time>
                  <TimeUTC>1513885913</TimeUTC>
                  <Value UOM="Bpm" Q="">140</Value>
                  <AlarmLimitLow />
                  <AlarmLimitHigh />
            </VitalSign>
            <VitalSign>
                  <Parameter>NBP-S</Parameter>
                  <BpChannel />
                  <Time>12/21/2017 8:23:00 PM</Time>
                  <TimeUTC>1513909380</TimeUTC>
                  <Value UOM="mmHg" Q="">NODATA</Value>
                  <AlarmLimitLow />
                  <AlarmLimitHigh />
            </VitalSign>
            <VitalSign>
                  <Parameter>NBP-D</Parameter>
                  <BpChannel />
                  <Time>12/21/2017 8:23:00 PM</Time>
                  <TimeUTC>1513909380</TimeUTC>
                  <Value UOM="mmHg" Q="">NODATA</Value>
                  <AlarmLimitLow />
                  <AlarmLimitHigh />
            </VitalSign>
            <VitalSign>
                  <Parameter>NBP-M</Parameter>
                  <BpChannel />
                  <Time>12/21/2017 8:23:00 PM</Time>
                  <TimeUTC>1513909380</TimeUTC>
                  <Value UOM="mmHg" Q="">NODATA</Value>
                  <AlarmLimitLow />
                  <AlarmLimitHigh />
            </VitalSign>
            <VitalSign>
                  <Parameter>PVC</Parameter>
                  <BpChannel />
                  <Time>12/21/2017 1:51:53 PM</Time>
                  <TimeUTC>1513885913</TimeUTC>
                  <Value UOM="Bpm" Q="">0</Value>
                  <AlarmLimitLow />
                  <AlarmLimitHigh />
            </VitalSign>
            <VitalSign>
                  <Parameter>RHY</Parameter>
                  <BpChannel />
                  <Time>12/21/2017 1:51:53 PM</Time>
                  <TimeUTC>1513885913</TimeUTC>
                  <Value UOM="" Q="">SINUS RHYTHM</Value>
                  <AlarmLimitLow />
                  <AlarmLimitHigh />
            </VitalSign>
            <VitalSign>
                  <Parameter>ECT</Parameter>
                  <BpChannel />
                  <Time>12/21/2017 1:51:53 PM</Time>
                  <TimeUTC>1513885913</TimeUTC>
                  <Value UOM="" Q="" />
                  <AlarmLimitLow />
                  <AlarmLimitHigh />
            </VitalSign>
            <VitalSign>
                  <Parameter>RESP</Parameter>
                  <BpChannel />
                  <Time>12/21/2017 1:51:53 PM</Time>
                  <TimeUTC>1513885913</TimeUTC>
                  <Value UOM="BrMin" Q="">35</Value>
                  <AlarmLimitLow />
                  <AlarmLimitHigh />
            </VitalSign>
            <VitalSign>
                  <Parameter>SPO2</Parameter>
                  <BpChannel />
                  <Time>12/21/2017 1:51:53 PM</Time>
                  <TimeUTC>1513885913</TimeUTC>
                  <Value UOM="%" Q="">100</Value>
                  <AlarmLimitLow />
                  <AlarmLimitHigh />
            </VitalSign>
            <VitalSign>
                  <Parameter>PULSE</Parameter>
                  <BpChannel />
                  <Time>12/21/2017 1:51:53 PM</Time>
                  <TimeUTC>1513885913</TimeUTC>
                  <Value UOM="BPM" Q="">139</Value>
                  <AlarmLimitLow />
                  <AlarmLimitHigh />
            </VitalSign>
            <VitalSign>
                  <Parameter>ABP-S</Parameter>
                  <BpChannel />
                  <Time>12/21/2017 1:51:53 PM</Time>
                  <TimeUTC>1513885913</TimeUTC>
                  <Value UOM="mmHg" Q="">58</Value>
                  <AlarmLimitLow />
                  <AlarmLimitHigh />
            </VitalSign>
            <VitalSign>
                  <Parameter>ABP-D</Parameter>
                  <BpChannel />
                  <Time>12/21/2017 1:51:53 PM</Time>
                  <TimeUTC>1513885913</TimeUTC>
                  <Value UOM="mmHg" Q="">38</Value>
                  <AlarmLimitLow />
                  <AlarmLimitHigh />
            </VitalSign>
            <VitalSign>
                  <Parameter>ABP-M</Parameter>
                  <BpChannel />
                  <Time>12/21/2017 1:51:53 PM</Time>
                  <TimeUTC>1513885913</TimeUTC>
                  <Value UOM="mmHg" Q="">45</Value>
                  <AlarmLimitLow />
                  <AlarmLimitHigh />
            </VitalSign>
      </VitalSigns>
      <Alarms />
      <ImportedData />
      <Waveforms CollectionTime="12/21/2017 1:51:54 PM" CollectionTimeUTC="1513885914" TTX="" DisplayOrder="">
            <WaveformData ID="3230796" Label="RESP" UOM="Ohms" Cal="0,1,1230,2867" SampleRate="125" SamplePeriodInMsec="1000" Samples="125">-0.1,-0.1,-0.1,-0.1,-0.1,-0.1,-0.2,-0.2,-0.2,-0.2,-0.2,-0.2,-0.2,-0.2,-0.2,-0.2,-0.2,-0.2,-0.2,-0.2,-0.2,-0.2,-0.2,-0.2,-0.2,-0.2,-0.2,-0.2,-0.2,-0.2,-0.2,-0.2,-0.2,-0.2,-0.2,-0.2,-0.2,-0.2,-0.2,-0.2,-0.2,-0.2,-0.2,-0.2,-0.2,-0.2,-0.2,-0.2,-0.2,-0.2,-0.2,-0.2,-0.2,-0.2,-0.2,-0.2,-0.2,-0.2,-0.2,-0.2,-0.2,-0.2,-0.2,-0.2,-0.2,-0.2,-0.2,-0.2,-0.2,-0.2,-0.2,-0.2,-0.2,-0.2,-0.2,-0.2,-0.2,-0.2,-0.2,-0.2,-0.2,-0.1,-0.1,-0.1,-0.1,-0.1,-0.1,-0.1,-0.1,-0.1,-0.1,-0.1,-0.1,-0.1,-0.2,-0.2,-0.2,-0.2,-0.2,-0.2,-0.2,-0.2,-0.2,-0.2,-0.2,-0.2,-0.2,-0.2,-0.2,-0.2,-0.2,-0.2,-0.1,-0.1,-0.1,-0.1,-0.1,-0.1,0.0,0.0,0.0,0.1,0.1,0.1,0.2</WaveformData>
            <WaveformData ID="4487318" Label="II" UOM="mV" Cal="0,1,1023,3071" SampleRate="125" SamplePeriodInMsec="1000" Samples="125">0.62,0.595,0.665,1.165,1.5,1.5,0.755,0.435,0.605,0.73,0.745,0.755,0.76,0.765,0.765,0.775,0.78,0.785,0.795,0.81,0.83,0.855,0.89,0.925,0.96,0.99,1.01,1.025,1.03,1.015,0.99,0.955,0.91,0.865,0.825,0.78,0.74,0.695,0.65,0.615,0.58,0.575,0.615,0.685,0.745,0.755,0.67,0.59,0.555,0.555,0.555,0.565,0.57,0.585,0.6,0.585,0.58,1.01,1.5,1.5,0.91,0.42,0.54,0.695,0.72,0.73,0.735,0.745,0.75,0.75,0.755,0.765,0.77,0.78,0.8,0.82,0.85,0.885,0.915,0.945,0.97,0.99,0.995,0.98,0.955,0.92,0.885,0.84,0.8,0.76,0.715,0.675,0.64,0.605,0.575,0.565,0.595,0.66,0.72,0.735,0.655,0.57,0.52,0.515,0.515,0.52,0.52,0.53,0.54,0.525,0.51,0.92,1.5,1.5,0.88,0.32,0.415,0.58,0.61,0.61,0.62,0.62,0.62,0.615,0.615</WaveformData>
            <WaveformData ID="4214093" Label="SPO2" UOM="Uncalib" Cal="0,0,0,0" SampleRate="125" SamplePeriodInMsec="1000" Samples="125">1874.0,1986.0,2088.0,2211.0,2324.0,2437.0,2519.0,2600.0,2652.0,2693.0,2703.0,2703.0,2682.0,2662.0,2631.0,2600.0,2570.0,2539.0,2508.0,2478.0,2447.0,2416.0,2375.0,2344.0,2304.0,2263.0,2222.0,2170.0,2119.0,2068.0,2027.0,1976.0,1914.0,1853.0,1802.0,1740.0,1679.0,1618.0,1566.0,1505.0,1443.0,1382.0,1321.0,1259.0,1198.0,1136.0,1085.0,1054.0,1024.0,1024.0,1044.0,1085.0,1167.0,1249.0,1372.0,1515.0,1658.0,1812.0,1955.0,2078.0,2201.0,2304.0,2375.0,2437.0,2467.0,2478.0,2488.0,2478.0,2457.0,2437.0,2416.0,2396.0,2375.0,2355.0,2334.0,2314.0,2283.0,2252.0,2222.0,2181.0,2140.0,2099.0,2048.0,2007.0,1955.0,1914.0,1863.0,1812.0,1751.0,1699.0,1648.0,1597.0,1536.0,1484.0,1423.0,1372.0,1310.0,1259.0,1198.0,1146.0,1106.0,1075.0,1054.0,1154.0,1182.0,1228.0,1303.0,1387.0,1508.0,1629.0,1768.0,1908.0,2038.0,2159.0,2262.0,2355.0,2420.0,2476.0,2504.0,2522.0,2522.0,2504.0,2494.0,2494.0,2485.0</WaveformData>
            <WaveformData ID="3289908" Label="ABP" UOM="mmHg" Cal="30,60,307,3378" SampleRate="125" SamplePeriodInMsec="1000" Samples="125">44.5,44.1,43.7,43.2,42.7,42.3,41.8,41.4,41.1,40.8,40.6,40.4,40.2,40.1,39.9,39.7,39.5,39.3,38.9,38.6,38.4,38.1,37.8,37.5,37.2,36.9,36.8,36.8,37.1,38.1,39.9,42.7,46.3,50.2,53.6,56.2,57.6,58.0,57.2,55.4,53.1,50.7,48.6,46.9,45.9,45.3,45.1,45.1,45.2,45.3,45.4,45.4,45.3,45.1,44.9,44.5,44.1,43.6,43.1,42.6,42.2,41.8,41.4,41.1,40.8,40.6,40.5,40.4,40.2,40.0,39.8,39.6,39.3,38.9,38.6,38.4,38.1,37.9,37.6,37.3,37.1,37.1,37.2,38.1,39.9,42.7,46.2,50.1,53.6,56.1,57.6,58.0,57.3,55.8,53.8,51.6,49.7,48.1,47.1,46.4,46.1,46.1,46.2,46.4,46.4,46.4,46.3,46.1,45.9,45.6,45.2,44.8,44.4,43.9,43.5,43.1,42.7,42.5,42.3,42.1,41.9,41.8,41.7,41.5,41.3</WaveformData>
            <WaveformData ID="4214108" Label="Unk lbl 4214108" UOM="Uncalib" Cal="0,0,0,0" SampleRate="125" SamplePeriodInMsec="1000" Samples="125">3174,3145,3115,3086,3028,2984,2925,2881,2823,2764,2691,2633,2574,2516,2457,2399,2340,2282,2223,2165,2121,2062,2033,1989,1931,1887,1843,1799,1770,1740,1711,1711,1711,1726,1770,1814,1887,1960,2048,2135,2238,2325,2413,2486,2530,2574,2603,2603,2603,2574,2545,2501,2457,2413,2369,2311,2267,2223,2179,2135,2091,2048,2018,1960,1916,1872,1828,1770,1726,1682,1623,1580,1536,1477,1433,1389,1345,1316,1272,1243,1199,1170,1155,1141,1126,1126,1155,1185,1243,1302,1389,1492,1609,1726,1843,1960,2048,2150,2223,2296,2340,2369,2369,2369,2355,2325,2296,2267,2223,2194,2150,2121,2077,2048,2018,1989,1945,1901,1857,1828,1784,1740,1697,1653,1609</WaveformData>
      </Waveforms>
      <VitalSigns CollectionTime="12/21/2017 1:51:54 PM" CollectionTimeUTC="1513885914">
            <VitalSign>
                  <Parameter>HR</Parameter>
                  <BpChannel />
                  <Time>12/21/2017 1:51:54 PM</Time>
                  <TimeUTC>1513885914</TimeUTC>
                  <Value UOM="Bpm" Q="">139</Value>
                  <AlarmLimitLow />
                  <AlarmLimitHigh />
            </VitalSign>
            <VitalSign>
                  <Parameter>NBP-S</Parameter>
                  <BpChannel />
                  <Time>12/21/2017 8:23:00 PM</Time>
                  <TimeUTC>1513909380</TimeUTC>
                  <Value UOM="mmHg" Q="">NODATA</Value>
                  <AlarmLimitLow />
                  <AlarmLimitHigh />
            </VitalSign>
            <VitalSign>
                  <Parameter>NBP-D</Parameter>
                  <BpChannel />
                  <Time>12/21/2017 8:23:00 PM</Time>
                  <TimeUTC>1513909380</TimeUTC>
                  <Value UOM="mmHg" Q="">NODATA</Value>
                  <AlarmLimitLow />
                  <AlarmLimitHigh />
            </VitalSign>
            <VitalSign>
                  <Parameter>NBP-M</Parameter>
                  <BpChannel />
                  <Time>12/21/2017 8:23:00 PM</Time>
                  <TimeUTC>1513909380</TimeUTC>
                  <Value UOM="mmHg" Q="">NODATA</Value>
                  <AlarmLimitLow />
                  <AlarmLimitHigh />
            </VitalSign>
            <VitalSign>
                  <Parameter>PVC</Parameter>
                  <BpChannel />
                  <Time>12/21/2017 1:51:54 PM</Time>
                  <TimeUTC>1513885914</TimeUTC>
                  <Value UOM="Bpm" Q="">0</Value>
                  <AlarmLimitLow />
                  <AlarmLimitHigh />
            </VitalSign>
            <VitalSign>
                  <Parameter>RHY</Parameter>
                  <BpChannel />
                  <Time>12/21/2017 1:51:54 PM</Time>
                  <TimeUTC>1513885914</TimeUTC>
                  <Value UOM="" Q="">SINUS RHYTHM</Value>
                  <AlarmLimitLow />
                  <AlarmLimitHigh />
            </VitalSign>
            <VitalSign>
                  <Parameter>ECT</Parameter>
                  <BpChannel />
                  <Time>12/21/2017 1:51:54 PM</Time>
                  <TimeUTC>1513885914</TimeUTC>
                  <Value UOM="" Q="" />
                  <AlarmLimitLow />
                  <AlarmLimitHigh />
            </VitalSign>
            <VitalSign>
                  <Parameter>RESP</Parameter>
                  <BpChannel />
                  <Time>12/21/2017 1:51:54 PM</Time>
                  <TimeUTC>1513885914</TimeUTC>
                  <Value UOM="BrMin" Q="">35</Value>
                  <AlarmLimitLow />
                  <AlarmLimitHigh />
            </VitalSign>
            <VitalSign>
                  <Parameter>SPO2</Parameter>
                  <BpChannel />
                  <Time>12/21/2017 1:51:54 PM</Time>
                  <TimeUTC>1513885914</TimeUTC>
                  <Value UOM="%" Q="">100</Value>
                  <AlarmLimitLow />
                  <AlarmLimitHigh />
            </VitalSign>
            <VitalSign>
                  <Parameter>PULSE</Parameter>
                  <BpChannel />
                  <Time>12/21/2017 1:51:54 PM</Time>
                  <TimeUTC>1513885914</TimeUTC>
                  <Value UOM="BPM" Q="">139</Value>
                  <AlarmLimitLow />
                  <AlarmLimitHigh />
            </VitalSign>
            <VitalSign>
                  <Parameter>ABP-S</Parameter>
                  <BpChannel />
                  <Time>12/21/2017 1:51:54 PM</Time>
                  <TimeUTC>1513885914</TimeUTC>
                  <Value UOM="mmHg" Q="">58</Value>
                  <AlarmLimitLow />
                  <AlarmLimitHigh />
            </VitalSign>
            <VitalSign>
                  <Parameter>ABP-D</Parameter>
                  <BpChannel />
                  <Time>12/21/2017 1:51:54 PM</Time>
                  <TimeUTC>1513885914</TimeUTC>
                  <Value UOM="mmHg" Q="">38</Value>
                  <AlarmLimitLow />
                  <AlarmLimitHigh />
            </VitalSign>
            <VitalSign>
                  <Parameter>ABP-M</Parameter>
                  <BpChannel />
                  <Time>12/21/2017 1:51:54 PM</Time>
                  <TimeUTC>1513885914</TimeUTC>
                  <Value UOM="mmHg" Q="">45</Value>
                  <AlarmLimitLow />
                  <AlarmLimitHigh />
            </VitalSign>
      </VitalSigns>
      <Alarms />
      <ImportedData />
      <Waveforms CollectionTime="12/21/2017 1:51:55 PM" CollectionTimeUTC="1513885915" TTX="" DisplayOrder="">
            <WaveformData ID="3230796" Label="RESP" UOM="Ohms" Cal="0,1,1230,2867" SampleRate="125" SamplePeriodInMsec="1000" Samples="125">0.2,0.2,0.3,0.3,0.4,0.4,0.4,0.5,0.5,0.5,0.6,0.6,0.7,0.7,0.7,0.8,0.8,0.8,0.8,0.8,0.9,0.9,0.9,0.9,0.9,0.9,0.9,0.9,0.9,0.9,0.9,0.9,0.9,0.9,0.9,0.9,0.9,0.9,0.9,0.9,0.9,0.9,0.9,0.9,0.9,0.8,0.8,0.8,0.8,0.8,0.7,0.7,0.7,0.6,0.6,0.6,0.5,0.5,0.5,0.5,0.4,0.4,0.4,0.3,0.3,0.3,0.2,0.2,0.2,0.2,0.1,0.1,0.1,0.1,0.1,0.0,0.0,0.0,0.0,0.0,0.0,-0.1,-0.1,-0.1,-0.1,-0.1,-0.1,-0.1,-0.1,-0.1,-0.1,-0.2,-0.2,-0.2,-0.2,-0.2,-0.2,-0.2,-0.2,-0.2,-0.2,-0.2,-0.2,-0.2,-0.2,-0.2,-0.2,-0.2,-0.2,-0.2,-0.2,-0.2,-0.2,-0.2,-0.2,-0.2,-0.2,-0.2,-0.2,-0.2,-0.2,-0.2,-0.2,-0.2,-0.2</WaveformData>
            <WaveformData ID="4487318" Label="II" UOM="mV" Cal="0,1,1023,3071" SampleRate="125" SamplePeriodInMsec="1000" Samples="125">0.615,0.62,0.625,0.645,0.665,0.695,0.725,0.75,0.775,0.79,0.8,0.81,0.795,0.77,0.73,0.685,0.635,0.595,0.555,0.515,0.48,0.445,0.415,0.39,0.385,0.42,0.485,0.555,0.58,0.53,0.46,0.415,0.415,0.425,0.43,0.445,0.465,0.485,0.49,0.475,0.77,1.47,1.5,0.995,0.38,0.345,0.605,0.655,0.665,0.675,0.685,0.7,0.71,0.72,0.735,0.745,0.76,0.785,0.82,0.855,0.895,0.93,0.97,1,1.02,1.03,1.02,1,0.97,0.93,0.89,0.845,0.8,0.755,0.71,0.67,0.63,0.6,0.585,0.605,0.665,0.74,0.77,0.73,0.645,0.59,0.575,0.58,0.585,0.59,0.605,0.62,0.625,0.595,0.765,1.42,1.5,1.37,0.58,0.445,0.67,0.75,0.755,0.765,0.77,0.77,0.78,0.785,0.79,0.795,0.805,0.825,0.845,0.875,0.91,0.945,0.975,1.005,1.025,1.04,1.035,1.015,0.99,0.95,0.91</WaveformData>
            <WaveformData ID="4214093" Label="SPO2" UOM="Uncalib" Cal="0,0,0,0" SampleRate="125" SamplePeriodInMsec="1000" Samples="125">2466.0,2438.0,2420.0,2401.0,2373.0,2355.0,2327.0,2290.0,2262.0,2224.0,2187.0,2141.0,2103.0,2057.0,2020.0,1973.0,1917.0,1871.0,1824.0,1778.0,1731.0,1685.0,1638.0,1592.0,1545.0,1498.0,1443.0,1396.0,1349.0,1303.0,1266.0,1238.0,1228.0,1228.0,1256.0,1312.0,1387.0,1498.0,1619.0,1759.0,1917.0,2075.0,2234.0,2383.0,2532.0,2643.0,2755.0,2829.0,2885.0,2922.0,2950.0,2960.0,2969.0,2969.0,2960.0,2950.0,2941.0,2932.0,2922.0,2904.0,2895.0,2867.0,2848.0,2820.0,2792.0,2755.0,2718.0,2680.0,2634.0,2597.0,2550.0,2504.0,2466.0,2420.0,2373.0,2317.0,2271.0,2215.0,2169.0,2113.0,2048.0,2001.0,1945.0,1889.0,1834.0,1796.0,1768.0,1740.0,1750.0,1778.0,1815.0,1889.0,1964.0,2057.0,2159.0,2271.0,2373.0,2476.0,2550.0,2625.0,2671.0,2699.0,2680.0,2680.0,2662.0,2644.0,2617.0,2582.0,2555.0,2528.0,2502.0,2466.0,2439.0,2413.0,2377.0,2341.0,2306.0,2261.0,2226.0,2181.0,2137.0,2083.0,2048.0,2003.0,1950.0</WaveformData>
            <WaveformData ID="3289908" Label="ABP" UOM="mmHg" Cal="30,60,307,3378" SampleRate="125" SamplePeriodInMsec="1000" Samples="125">41.1,40.8,40.6,40.2,40.0,39.7,39.4,39.1,38.8,38.6,38.4,38.7,39.8,41.8,44.8,48.6,53.1,57.0,59.9,61.6,62.1,61.4,59.7,57.6,55.1,52.8,50.8,49.2,48.2,47.7,47.6,47.6,47.7,47.7,47.7,47.6,47.3,47.0,46.6,46.2,45.7,45.2,44.7,44.2,43.8,43.4,43.0,42.7,42.4,42.2,42.0,41.8,41.6,41.4,41.1,40.8,40.5,40.2,39.9,39.6,39.3,39.0,38.7,38.4,38.3,38.4,38.9,40.1,42.4,45.5,49.1,52.6,55.3,56.9,57.6,57.0,55.5,53.2,50.8,48.7,47.0,45.9,45.4,45.2,45.1,45.2,45.3,45.4,45.3,45.2,44.9,44.7,44.3,43.9,43.5,43.1,42.6,42.2,41.8,41.4,41.1,40.8,40.6,40.4,40.2,40.1,39.9,39.7,39.4,39.2,38.9,38.6,38.3,38.1,37.7,37.5,37.3,37.1,36.9,36.9,37.4,38.6,40.7,43.9,47.6</WaveformData>
            <WaveformData ID="4214108" Label="Unk lbl 4214108" UOM="Uncalib" Cal="0,0,0,0" SampleRate="125" SamplePeriodInMsec="1000" Samples="125">1565,1536,1492,1448,1419,1375,1345,1316,1272,1243,1228,1199,1185,1185,1199,1214,1272,1331,1474,1570,1679,1788,1911,2034,2143,2252,2334,2416,2484,2525,2553,2566,2553,2539,2512,2471,2443,2389,2348,2307,2266,2211,2170,2129,2088,2048,2020,1979,1938,1897,1856,1816,1788,1747,1720,1693,1665,1638,1624,1611,1583,1570,1570,1556,1542,1542,1542,1556,1570,1611,1652,1706,1775,1829,1884,1938,1952,1952,1911,1816,1693,1515,1297,1051,764,464,164,1,1,1,1,1,1,1,1,1,1,1,1,1,54,259,464,655,819,983,1147,1269,1392,1502,1583,1665,1734,1788,1843,1870,1897,1925,1938,1938,1952,1952,1966,1993,2020</WaveformData>
      </Waveforms>
      <VitalSigns CollectionTime="12/21/2017 1:51:55 PM" CollectionTimeUTC="1513885915">
            <VitalSign>
                  <Parameter>HR</Parameter>
                  <BpChannel />
                  <Time>12/21/2017 1:51:55 PM</Time>
                  <TimeUTC>1513885915</TimeUTC>
                  <Value UOM="Bpm" Q="">139</Value>
                  <AlarmLimitLow />
                  <AlarmLimitHigh />
            </VitalSign>
            <VitalSign>
                  <Parameter>NBP-S</Parameter>
                  <BpChannel />
                  <Time>12/21/2017 8:23:00 PM</Time>
                  <TimeUTC>1513909380</TimeUTC>
                  <Value UOM="mmHg" Q="">NODATA</Value>
                  <AlarmLimitLow />
                  <AlarmLimitHigh />
            </VitalSign>
            <VitalSign>
                  <Parameter>NBP-D</Parameter>
                  <BpChannel />
                  <Time>12/21/2017 8:23:00 PM</Time>
                  <TimeUTC>1513909380</TimeUTC>
                  <Value UOM="mmHg" Q="">NODATA</Value>
                  <AlarmLimitLow />
                  <AlarmLimitHigh />
            </VitalSign>
            <VitalSign>
                  <Parameter>NBP-M</Parameter>
                  <BpChannel />
                  <Time>12/21/2017 8:23:00 PM</Time>
                  <TimeUTC>1513909380</TimeUTC>
                  <Value UOM="mmHg" Q="">NODATA</Value>
                  <AlarmLimitLow />
                  <AlarmLimitHigh />
            </VitalSign>
            <VitalSign>
                  <Parameter>PVC</Parameter>
                  <BpChannel />
                  <Time>12/21/2017 1:51:55 PM</Time>
                  <TimeUTC>1513885915</TimeUTC>
                  <Value UOM="Bpm" Q="">0</Value>
                  <AlarmLimitLow />
                  <AlarmLimitHigh />
            </VitalSign>
            <VitalSign>
                  <Parameter>RHY</Parameter>
                  <BpChannel />
                  <Time>12/21/2017 1:51:55 PM</Time>
                  <TimeUTC>1513885915</TimeUTC>
                  <Value UOM="" Q="">SINUS RHYTHM</Value>
                  <AlarmLimitLow />
                  <AlarmLimitHigh />
            </VitalSign>
            <VitalSign>
                  <Parameter>ECT</Parameter>
                  <BpChannel />
                  <Time>12/21/2017 1:51:55 PM</Time>
                  <TimeUTC>1513885915</TimeUTC>
                  <Value UOM="" Q="" />
                  <AlarmLimitLow />
                  <AlarmLimitHigh />
            </VitalSign>
            <VitalSign>
                  <Parameter>RESP</Parameter>
                  <BpChannel />
                  <Time>12/21/2017 1:51:55 PM</Time>
                  <TimeUTC>1513885915</TimeUTC>
                  <Value UOM="BrMin" Q="">35</Value>
                  <AlarmLimitLow />
                  <AlarmLimitHigh />
            </VitalSign>
            <VitalSign>
                  <Parameter>SPO2</Parameter>
                  <BpChannel />
                  <Time>12/21/2017 1:51:55 PM</Time>
                  <TimeUTC>1513885915</TimeUTC>
                  <Value UOM="%" Q="">100</Value>
                  <AlarmLimitLow />
                  <AlarmLimitHigh />
            </VitalSign>
            <VitalSign>
                  <Parameter>PULSE</Parameter>
                  <BpChannel />
                  <Time>12/21/2017 1:51:55 PM</Time>
                  <TimeUTC>1513885915</TimeUTC>
                  <Value UOM="BPM" Q="">139</Value>
                  <AlarmLimitLow />
                  <AlarmLimitHigh />
            </VitalSign>
            <VitalSign>
                  <Parameter>ABP-S</Parameter>
                  <BpChannel />
                  <Time>12/21/2017 1:51:55 PM</Time>
                  <TimeUTC>1513885915</TimeUTC>
                  <Value UOM="mmHg" Q="">58</Value>
                  <AlarmLimitLow />
                  <AlarmLimitHigh />
            </VitalSign>
            <VitalSign>
                  <Parameter>ABP-D</Parameter>
                  <BpChannel />
                  <Time>12/21/2017 1:51:55 PM</Time>
                  <TimeUTC>1513885915</TimeUTC>
                  <Value UOM="mmHg" Q="">38</Value>
                  <AlarmLimitLow />
                  <AlarmLimitHigh />
            </VitalSign>
            <VitalSign>
                  <Parameter>ABP-M</Parameter>
                  <BpChannel />
                  <Time>12/21/2017 1:51:55 PM</Time>
                  <TimeUTC>1513885915</TimeUTC>
                  <Value UOM="mmHg" Q="">45</Value>
                  <AlarmLimitLow />
                  <AlarmLimitHigh />
            </VitalSign>
      </VitalSigns>
      <Alarms />
      <ImportedData />
      <Waveforms CollectionTime="12/21/2017 1:51:56 PM" CollectionTimeUTC="1513885916" TTX="" DisplayOrder="">
            <WaveformData ID="3230796" Label="RESP" UOM="Ohms" Cal="0,1,1230,2867" SampleRate="125" SamplePeriodInMsec="1000" Samples="125">-0.2,-0.2,-0.2,-0.2,-0.2,-0.2,-0.2,-0.2,-0.2,-0.2,-0.2,-0.2,-0.2,-0.2,-0.2,-0.2,-0.2,-0.2,-0.2,-0.2,-0.2,-0.2,-0.2,-0.2,-0.2,-0.2,-0.2,-0.2,-0.2,-0.2,-0.2,-0.2,-0.2,-0.2,-0.2,-0.2,-0.2,-0.2,-0.2,-0.2,-0.2,-0.2,-0.2,-0.2,-0.1,-0.1,-0.1,-0.1,-0.1,-0.1,-0.1,-0.1,-0.1,-0.1,-0.1,-0.1,-0.1,-0.1,-0.1,-0.1,-0.1,-0.1,-0.1,-0.2,-0.2,-0.2,-0.2,-0.2,-0.2,-0.2,-0.2,-0.2,-0.2,-0.2,-0.2,-0.2,-0.2,-0.1,-0.1,-0.1,-0.1,-0.1,-0.1,-0.1,-0.1,0.0,0.0,0.0,0.1,0.1,0.1,0.2,0.2,0.2,0.3,0.3,0.4,0.4,0.4,0.5,0.5,0.6,0.6,0.6,0.7,0.7,0.7,0.7,0.8,0.8,0.8,0.8,0.9,0.9,0.9,0.9,0.9,0.9,0.9,0.9,0.9,0.9,0.9,0.9,0.9</WaveformData>
            <WaveformData ID="4487318" Label="II" UOM="mV" Cal="0,1,1023,3071" SampleRate="125" SamplePeriodInMsec="1000" Samples="125">0.87,0.825,0.775,0.73,0.69,0.65,0.615,0.595,0.605,0.655,0.725,0.765,0.735,0.655,0.585,0.565,0.57,0.58,0.585,0.595,0.61,0.62,0.59,0.715,1.315,1.5,1.5,0.66,0.45,0.64,0.735,0.74,0.75,0.76,0.765,0.765,0.77,0.775,0.78,0.79,0.805,0.82,0.85,0.885,0.915,0.945,0.97,0.995,1.01,1.005,0.985,0.96,0.92,0.88,0.84,0.795,0.755,0.715,0.675,0.64,0.605,0.58,0.59,0.635,0.705,0.745,0.705,0.62,0.545,0.525,0.525,0.53,0.535,0.535,0.545,0.54,0.515,0.65,1.275,1.5,1.385,0.525,0.34,0.52,0.6,0.61,0.615,0.62,0.62,0.615,0.61,0.605,0.605,0.615,0.625,0.645,0.67,0.695,0.725,0.75,0.775,0.79,0.8,0.79,0.77,0.745,0.7,0.655,0.615,0.57,0.525,0.485,0.45,0.42,0.395,0.38,0.39,0.445,0.52,0.575,0.55,0.48,0.42,0.4,0.41</WaveformData>
            <WaveformData ID="4214093" Label="SPO2" UOM="Uncalib" Cal="0,0,0,0" SampleRate="125" SamplePeriodInMsec="1000" Samples="125">1905.0,1852.0,1807.0,1754.0,1709.0,1656.0,1602.0,1549.0,1496.0,1442.0,1389.0,1335.0,1291.0,1246.0,1211.0,1193.0,1184.0,1202.0,1237.0,1300.0,1380.0,1478.0,1593.0,1718.0,1852.0,1976.0,2083.0,2181.0,2270.0,2332.0,2377.0,2413.0,2421.0,2421.0,2413.0,2404.0,2386.0,2368.0,2350.0,2332.0,2315.0,2297.0,2270.0,2252.0,2226.0,2199.0,2172.0,2137.0,2101.0,2065.0,2030.0,1994.0,1950.0,1905.0,1861.0,1816.0,1772.0,1718.0,1674.0,1629.0,1576.0,1531.0,1478.0,1424.0,1380.0,1335.0,1291.0,1255.0,1228.0,1220.0,1228.0,1255.0,1300.0,1371.0,1469.0,1576.0,1700.0,1834.0,1967.0,2083.0,2208.0,2315.0,2404.0,2466.0,2519.0,2555.0,2564.0,2564.0,2555.0,2546.0,2528.0,2502.0,2484.0,2466.0,2439.0,2421.0,2395.0,2368.0,2341.0,2306.0,2270.0,2243.0,2204.0,2155.0,2106.0,2057.0,2018.0,1960.0,1911.0,1862.0,1814.0,1755.0,1706.0,1658.0,1609.0,1560.0,1511.0,1462.0,1414.0,1365.0,1326.0,1297.0,1287.0,1287.0,1316.0</WaveformData>
            <WaveformData ID="3289908" Label="ABP" UOM="mmHg" Cal="30,60,307,3378" SampleRate="125" SamplePeriodInMsec="1000" Samples="125">51.4,54.6,56.7,57.7,57.4,56.2,54.2,51.9,49.7,47.8,46.4,45.6,45.3,45.3,45.4,45.5,45.6,45.6,45.5,45.3,45.1,44.8,44.3,43.9,43.4,42.9,42.4,42.1,41.7,41.4,41.1,40.9,40.7,40.6,40.4,40.2,40.1,39.7,39.5,39.2,38.9,38.6,38.4,38.1,37.8,37.5,37.2,37.1,37.1,37.6,38.9,40.9,43.9,47.6,51.5,55.0,57.4,58.6,58.6,57.6,55.8,53.6,51.4,49.4,47.9,46.9,46.3,46.2,46.2,46.4,46.6,46.7,46.7,46.6,46.4,46.1,45.7,45.4,45.0,44.6,44.1,43.8,43.4,43.1,42.8,42.6,42.3,42.2,42.1,41.9,41.8,41.6,41.3,41.0,40.7,40.4,40.1,39.9,39.6,39.3,39.1,38.9,38.9,39.6,41.0,43.7,47.4,51.6,55.6,58.8,61.1,62.1,62.0,60.9,59.2,56.9,54.4,52.1,50.3,48.9,48.2,47.8,47.7,47.8,47.9</WaveformData>
            <WaveformData ID="4214108" Label="Unk lbl 4214108" UOM="Uncalib" Cal="0,0,0,0" SampleRate="125" SamplePeriodInMsec="1000" Samples="125">2048,2102,2157,2239,2307,2402,2484,2566,2635,2689,2730,2757,2757,2744,2716,2662,2607,2328,2290,2245,2207,2169,2131,2093,2055,2025,1987,1949,1911,1873,1828,1790,1744,1691,1638,1585,1524,1456,1388,1312,1229,1145,1054,956,857,743,629,516,409,311,212,121,30,1,1,1,1,1,1,1,1,1,1,1,1,1,1,1,1,1,1,1,1,1,1,1,1,1,1,30,83,136,197,250,311,372,432,493,554,614,667,720,773,811,857,887,918,940,956,971,986,993,1001,1009,1016,1031,1054,1084,1115,1168,1229,1289,1365,1441,1524,1608,1684,1752,1812,1858,1896,1926,1934,1934,1919</WaveformData>
      </Waveforms>
      <VitalSigns CollectionTime="12/21/2017 1:51:56 PM" CollectionTimeUTC="1513885916">
            <VitalSign>
                  <Parameter>HR</Parameter>
                  <BpChannel />
                  <Time>12/21/2017 1:51:56 PM</Time>
                  <TimeUTC>1513885916</TimeUTC>
                  <Value UOM="Bpm" Q="">139</Value>
                  <AlarmLimitLow />
                  <AlarmLimitHigh />
            </VitalSign>
            <VitalSign>
                  <Parameter>NBP-S</Parameter>
                  <BpChannel />
                  <Time>12/21/2017 8:23:00 PM</Time>
                  <TimeUTC>1513909380</TimeUTC>
                  <Value UOM="mmHg" Q="">NODATA</Value>
                  <AlarmLimitLow />
                  <AlarmLimitHigh />
            </VitalSign>
            <VitalSign>
                  <Parameter>NBP-D</Parameter>
                  <BpChannel />
                  <Time>12/21/2017 8:23:00 PM</Time>
                  <TimeUTC>1513909380</TimeUTC>
                  <Value UOM="mmHg" Q="">NODATA</Value>
                  <AlarmLimitLow />
                  <AlarmLimitHigh />
            </VitalSign>
            <VitalSign>
                  <Parameter>NBP-M</Parameter>
                  <BpChannel />
                  <Time>12/21/2017 8:23:00 PM</Time>
                  <TimeUTC>1513909380</TimeUTC>
                  <Value UOM="mmHg" Q="">NODATA</Value>
                  <AlarmLimitLow />
                  <AlarmLimitHigh />
            </VitalSign>
            <VitalSign>
                  <Parameter>PVC</Parameter>
                  <BpChannel />
                  <Time>12/21/2017 1:51:56 PM</Time>
                  <TimeUTC>1513885916</TimeUTC>
                  <Value UOM="Bpm" Q="">0</Value>
                  <AlarmLimitLow />
                  <AlarmLimitHigh />
            </VitalSign>
            <VitalSign>
                  <Parameter>RHY</Parameter>
                  <BpChannel />
                  <Time>12/21/2017 1:51:56 PM</Time>
                  <TimeUTC>1513885916</TimeUTC>
                  <Value UOM="" Q="">SINUS RHYTHM</Value>
                  <AlarmLimitLow />
                  <AlarmLimitHigh />
            </VitalSign>
            <VitalSign>
                  <Parameter>ECT</Parameter>
                  <BpChannel />
                  <Time>12/21/2017 1:51:56 PM</Time>
                  <TimeUTC>1513885916</TimeUTC>
                  <Value UOM="" Q="" />
                  <AlarmLimitLow />
                  <AlarmLimitHigh />
            </VitalSign>
            <VitalSign>
                  <Parameter>RESP</Parameter>
                  <BpChannel />
                  <Time>12/21/2017 1:51:56 PM</Time>
                  <TimeUTC>1513885916</TimeUTC>
                  <Value UOM="BrMin" Q="">35</Value>
                  <AlarmLimitLow />
                  <AlarmLimitHigh />
            </VitalSign>
            <VitalSign>
                  <Parameter>SPO2</Parameter>
                  <BpChannel />
                  <Time>12/21/2017 1:51:56 PM</Time>
                  <TimeUTC>1513885916</TimeUTC>
                  <Value UOM="%" Q="">100</Value>
                  <AlarmLimitLow />
                  <AlarmLimitHigh />
            </VitalSign>
            <VitalSign>
                  <Parameter>PULSE</Parameter>
                  <BpChannel />
                  <Time>12/21/2017 1:51:56 PM</Time>
                  <TimeUTC>1513885916</TimeUTC>
                  <Value UOM="BPM" Q="">139</Value>
                  <AlarmLimitLow />
                  <AlarmLimitHigh />
            </VitalSign>
            <VitalSign>
                  <Parameter>ABP-S</Parameter>
                  <BpChannel />
                  <Time>12/21/2017 1:51:56 PM</Time>
                  <TimeUTC>1513885916</TimeUTC>
                  <Value UOM="mmHg" Q="">58</Value>
                  <AlarmLimitLow />
                  <AlarmLimitHigh />
            </VitalSign>
            <VitalSign>
                  <Parameter>ABP-D</Parameter>
                  <BpChannel />
                  <Time>12/21/2017 1:51:56 PM</Time>
                  <TimeUTC>1513885916</TimeUTC>
                  <Value UOM="mmHg" Q="">38</Value>
                  <AlarmLimitLow />
                  <AlarmLimitHigh />
            </VitalSign>
            <VitalSign>
                  <Parameter>ABP-M</Parameter>
                  <BpChannel />
                  <Time>12/21/2017 1:51:56 PM</Time>
                  <TimeUTC>1513885916</TimeUTC>
                  <Value UOM="mmHg" Q="">45</Value>
                  <AlarmLimitLow />
                  <AlarmLimitHigh />
            </VitalSign>
      </VitalSigns>
      <Alarms />
      <ImportedData />
      <Waveforms CollectionTime="12/21/2017 1:51:57 PM" CollectionTimeUTC="1513885917" TTX="" DisplayOrder="">
            <WaveformData ID="3230796" Label="RESP" UOM="Ohms" Cal="0,1,1230,2867" SampleRate="125" SamplePeriodInMsec="1000" Samples="125">0.9,0.9,0.9,0.9,0.9,0.9,0.9,0.9,0.9,0.9,0.9,0.9,0.8,0.8,0.8,0.8,0.8,0.7,0.7,0.7,0.7,0.6,0.6,0.6,0.5,0.5,0.5,0.4,0.4,0.4,0.3,0.3,0.3,0.3,0.2,0.2,0.2,0.2,0.2,0.1,0.1,0.1,0.1,0.1,0.0,0.0,0.0,0.0,0.0,0.0,0.0,-0.1,-0.1,-0.1,-0.1,-0.1,-0.1,-0.1,-0.1,-0.1,-0.1,-0.1,-0.1,-0.1,-0.1,-0.1,-0.2,-0.2,-0.2,-0.2,-0.2,-0.2,-0.2,-0.2,-0.2,-0.2,-0.1,-0.1,-0.1,-0.1,-0.1,-0.1,-0.1,-0.1,-0.2,-0.2,-0.2,-0.2,-0.2,-0.2,-0.2,-0.2,-0.2,-0.2,-0.2,-0.2,-0.2,-0.2,-0.2,-0.2,-0.2,-0.2,-0.2,-0.2,-0.2,-0.2,-0.2,-0.2,-0.2,-0.2,-0.2,-0.2,-0.2,-0.2,-0.2,-0.2,-0.2,-0.2,-0.2,-0.2,-0.2,-0.2,-0.2,-0.2,-0.2</WaveformData>
            <WaveformData ID="4487318" Label="II" UOM="mV" Cal="0,1,1023,3071" SampleRate="125" SamplePeriodInMsec="1000" Samples="125">0.42,0.43,0.445,0.465,0.48,0.465,0.585,1.15,1.5,1.345,0.555,0.365,0.55,0.65,0.66,0.67,0.685,0.695,0.71,0.72,0.73,0.745,0.76,0.78,0.815,0.85,0.885,0.925,0.965,0.995,1.015,1.03,1.03,1.015,0.985,0.95,0.905,0.865,0.82,0.775,0.73,0.685,0.65,0.62,0.59,0.6,0.645,0.72,0.765,0.75,0.68,0.61,0.58,0.58,0.585,0.595,0.605,0.615,0.625,0.61,0.67,1.16,1.5,1.5,0.78,0.46,0.625,0.745,0.76,0.765,0.77,0.775,0.78,0.785,0.795,0.8,0.805,0.82,0.84,0.865,0.895,0.93,0.965,0.995,1.02,1.035,1.04,1.025,1,0.965,0.92,0.88,0.835,0.79,0.75,0.705,0.665,0.63,0.605,0.6,0.645,0.715,0.76,0.765,0.67,0.595,0.565,0.57,0.575,0.58,0.59,0.605,0.62,0.6,0.66,1.135,1.5,1.5,0.795,0.445,0.6,0.725,0.74,0.745,0.755</WaveformData>
            <WaveformData ID="4214093" Label="SPO2" UOM="Uncalib" Cal="0,0,0,0" SampleRate="125" SamplePeriodInMsec="1000" Samples="125">1365.0,1433.0,1540.0,1658.0,1804.0,1960.0,2116.0,2282.0,2438.0,2584.0,2701.0,2818.0,2896.0,2954.0,3003.0,3023.0,3032.0,3042.0,3032.0,3032.0,3023.0,3013.0,3003.0,2993.0,2974.0,2954.0,2935.0,2915.0,2886.0,2857.0,2818.0,2759.0,2711.0,2652.0,2594.0,2535.0,2467.0,2408.0,2350.0,2291.0,2223.0,2165.0,2116.0,2057.0,2009.0,1950.0,1892.0,1833.0,1784.0,1726.0,1687.0,1658.0,1638.0,1638.0,1667.0,1706.0,1784.0,1862.0,1970.0,2067.0,2184.0,2301.0,2408.0,2496.0,2574.0,2633.0,2672.0,2691.0,2691.0,2672.0,2652.0,2652.0,2633.0,2603.0,2574.0,2545.0,2506.0,2477.0,2447.0,2418.0,2389.0,2350.0,2311.0,2272.0,2233.0,2184.0,2135.0,2087.0,2048.0,1999.0,1940.0,1892.0,1843.0,1784.0,1736.0,1677.0,1628.0,1570.0,1511.0,1453.0,1394.0,1336.0,1277.0,1219.0,1170.0,1131.0,1092.0,1082.0,1082.0,1102.0,1160.0,1228.0,1326.0,1443.0,1580.0,1716.0,1853.0,1989.0,2106.0,2213.0,2301.0,2369.0,2408.0,2438.0,2447.0</WaveformData>
            <WaveformData ID="3289908" Label="ABP" UOM="mmHg" Cal="30,60,307,3378" SampleRate="125" SamplePeriodInMsec="1000" Samples="125">47.9,47.8,47.7,47.4,47.0,46.6,46.2,45.7,45.2,44.7,44.2,43.8,43.4,43.1,42.7,42.4,42.3,42.0,41.8,41.6,41.3,41.1,40.7,40.4,40.1,39.8,39.5,39.3,38.9,38.7,38.5,38.4,38.7,39.6,41.5,44.3,47.7,51.4,54.4,56.6,57.6,57.4,56.2,54.2,51.9,49.7,47.8,46.5,45.7,45.4,45.4,45.4,45.6,45.7,45.7,45.6,45.3,45.0,44.6,44.2,43.8,43.4,42.9,42.4,42.0,41.6,41.3,41.0,40.8,40.6,40.4,40.2,40.1,39.9,39.7,39.4,39.1,38.9,38.6,38.2,37.9,37.7,37.4,37.2,37.1,37.0,37.3,38.2,40.1,42.9,46.6,50.4,53.8,56.4,57.8,58.1,57.2,55.4,53.1,50.7,48.7,47.1,46.0,45.4,45.3,45.4,45.5,45.6,45.7,45.7,45.5,45.2,44.9,44.6,44.1,43.6,43.2,42.7,42.3,41.9,41.6,41.2,41.0,40.8,40.6</WaveformData>
            <WaveformData ID="4214108" Label="Unk lbl 4214108" UOM="Uncalib" Cal="0,0,0,0" SampleRate="125" SamplePeriodInMsec="1000" Samples="125">1904,1881,1850,1820,1790,1752,1721,1684,1653,1615,1585,1547,1517,1486,1456,1426,1558,1536,1519,1502,1484,1467,1456,1445,1439,1433,1428,1422,1422,1422,1422,1428,1433,1445,1456,1479,1502,1536,1570,1615,1667,1723,1780,1843,1900,1957,2008,2048,2070,2099,2110,2121,2127,2121,2116,2104,2093,2082,2065,2053,2042,2031,2019,2002,1991,1974,1962,1951,1934,1917,1905,1888,1877,1860,1849,1831,1820,1803,1792,1780,1763,1752,1740,1729,1718,1706,1695,1689,1689,1695,1706,1729,1752,1786,1826,1871,1922,1974,2031,2076,2121,2161,2201,2224,2247,2258,2264,2269,2264,2258,2247,2241,2230,2218,2207,2195,2190,2178,2167,2161,2150,2139,2127,2116,2104</WaveformData>
      </Waveforms>
      <VitalSigns CollectionTime="12/21/2017 1:51:57 PM" CollectionTimeUTC="1513885917">
            <VitalSign>
                  <Parameter>HR</Parameter>
                  <BpChannel />
                  <Time>12/21/2017 1:51:57 PM</Time>
                  <TimeUTC>1513885917</TimeUTC>
                  <Value UOM="Bpm" Q="">139</Value>
                  <AlarmLimitLow />
                  <AlarmLimitHigh />
            </VitalSign>
            <VitalSign>
                  <Parameter>NBP-S</Parameter>
                  <BpChannel />
                  <Time>12/21/2017 8:23:00 PM</Time>
                  <TimeUTC>1513909380</TimeUTC>
                  <Value UOM="mmHg" Q="">NODATA</Value>
                  <AlarmLimitLow />
                  <AlarmLimitHigh />
            </VitalSign>
            <VitalSign>
                  <Parameter>NBP-D</Parameter>
                  <BpChannel />
                  <Time>12/21/2017 8:23:00 PM</Time>
                  <TimeUTC>1513909380</TimeUTC>
                  <Value UOM="mmHg" Q="">NODATA</Value>
                  <AlarmLimitLow />
                  <AlarmLimitHigh />
            </VitalSign>
            <VitalSign>
                  <Parameter>NBP-M</Parameter>
                  <BpChannel />
                  <Time>12/21/2017 8:23:00 PM</Time>
                  <TimeUTC>1513909380</TimeUTC>
                  <Value UOM="mmHg" Q="">NODATA</Value>
                  <AlarmLimitLow />
                  <AlarmLimitHigh />
            </VitalSign>
            <VitalSign>
                  <Parameter>PVC</Parameter>
                  <BpChannel />
                  <Time>12/21/2017 1:51:57 PM</Time>
                  <TimeUTC>1513885917</TimeUTC>
                  <Value UOM="Bpm" Q="">0</Value>
                  <AlarmLimitLow />
                  <AlarmLimitHigh />
            </VitalSign>
            <VitalSign>
                  <Parameter>RHY</Parameter>
                  <BpChannel />
                  <Time>12/21/2017 1:51:57 PM</Time>
                  <TimeUTC>1513885917</TimeUTC>
                  <Value UOM="" Q="">SINUS RHYTHM</Value>
                  <AlarmLimitLow />
                  <AlarmLimitHigh />
            </VitalSign>
            <VitalSign>
                  <Parameter>ECT</Parameter>
                  <BpChannel />
                  <Time>12/21/2017 1:51:57 PM</Time>
                  <TimeUTC>1513885917</TimeUTC>
                  <Value UOM="" Q="" />
                  <AlarmLimitLow />
                  <AlarmLimitHigh />
            </VitalSign>
            <VitalSign>
                  <Parameter>RESP</Parameter>
                  <BpChannel />
                  <Time>12/21/2017 1:51:57 PM</Time>
                  <TimeUTC>1513885917</TimeUTC>
                  <Value UOM="BrMin" Q="">35</Value>
                  <AlarmLimitLow />
                  <AlarmLimitHigh />
            </VitalSign>
            <VitalSign>
                  <Parameter>SPO2</Parameter>
                  <BpChannel />
                  <Time>12/21/2017 1:51:57 PM</Time>
                  <TimeUTC>1513885917</TimeUTC>
                  <Value UOM="%" Q="">100</Value>
                  <AlarmLimitLow />
                  <AlarmLimitHigh />
            </VitalSign>
            <VitalSign>
                  <Parameter>PULSE</Parameter>
                  <BpChannel />
                  <Time>12/21/2017 1:51:57 PM</Time>
                  <TimeUTC>1513885917</TimeUTC>
                  <Value UOM="BPM" Q="">139</Value>
                  <AlarmLimitLow />
                  <AlarmLimitHigh />
            </VitalSign>
            <VitalSign>
                  <Parameter>ABP-S</Parameter>
                  <BpChannel />
                  <Time>12/21/2017 1:51:57 PM</Time>
                  <TimeUTC>1513885917</TimeUTC>
                  <Value UOM="mmHg" Q="">58</Value>
                  <AlarmLimitLow />
                  <AlarmLimitHigh />
            </VitalSign>
            <VitalSign>
                  <Parameter>ABP-D</Parameter>
                  <BpChannel />
                  <Time>12/21/2017 1:51:57 PM</Time>
                  <TimeUTC>1513885917</TimeUTC>
                  <Value UOM="mmHg" Q="">38</Value>
                  <AlarmLimitLow />
                  <AlarmLimitHigh />
            </VitalSign>
            <VitalSign>
                  <Parameter>ABP-M</Parameter>
                  <BpChannel />
                  <Time>12/21/2017 1:51:57 PM</Time>
                  <TimeUTC>1513885917</TimeUTC>
                  <Value UOM="mmHg" Q="">45</Value>
                  <AlarmLimitLow />
                  <AlarmLimitHigh />
            </VitalSign>
      </VitalSigns>
      <Alarms />
      <ImportedData />
      <Waveforms CollectionTime="12/21/2017 1:51:58 PM" CollectionTimeUTC="1513885918" TTX="" DisplayOrder="">
            <WaveformData ID="3230796" Label="RESP" UOM="Ohms" Cal="0,1,1230,2867" SampleRate="125" SamplePeriodInMsec="1000" Samples="125">-0.2,-0.1,-0.1,-0.1,-0.1,-0.1,-0.1,-0.1,-0.1,-0.1,-0.1,-0.1,-0.1,-0.1,-0.1,-0.1,-0.1,-0.1,-0.1,-0.1,-0.1,-0.1,-0.1,-0.1,-0.1,-0.1,-0.1,-0.1,-0.1,-0.1,-0.2,-0.2,-0.2,-0.2,-0.2,-0.2,-0.2,-0.2,-0.2,-0.2,-0.2,-0.1,-0.1,-0.1,-0.1,-0.1,-0.1,-0.1,-0.1,0.0,0.0,0.0,0.0,0.0,0.1,0.1,0.2,0.2,0.2,0.3,0.3,0.4,0.4,0.5,0.5,0.5,0.6,0.6,0.6,0.7,0.7,0.7,0.8,0.8,0.8,0.8,0.9,0.9,0.9,0.9,0.9,0.9,0.9,0.9,0.9,0.9,1.0,1.0,1.0,1.0,1.0,1.0,1.0,1.0,0.9,0.9,0.9,0.9,0.9,0.9,0.9,0.9,0.9,0.9,0.8,0.8,0.8,0.8,0.7,0.7,0.7,0.7,0.6,0.6,0.6,0.5,0.5,0.5,0.4,0.4,0.4,0.3,0.3,0.3,0.3</WaveformData>
            <WaveformData ID="4487318" Label="II" UOM="mV" Cal="0,1,1023,3071" SampleRate="125" SamplePeriodInMsec="1000" Samples="125">0.76,0.765,0.765,0.765,0.775,0.78,0.795,0.815,0.845,0.875,0.905,0.935,0.965,0.985,1,1.005,0.99,0.965,0.93,0.885,0.84,0.795,0.755,0.715,0.68,0.64,0.605,0.58,0.575,0.625,0.69,0.735,0.705,0.62,0.54,0.51,0.51,0.515,0.515,0.525,0.53,0.535,0.51,0.615,1.185,1.5,1.465,0.58,0.315,0.49,0.59,0.6,0.605,0.605,0.61,0.61,0.605,0.6,0.6,0.605,0.62,0.635,0.66,0.69,0.72,0.745,0.765,0.775,0.79,0.79,0.775,0.745,0.705,0.66,0.62,0.575,0.535,0.495,0.455,0.425,0.4,0.385,0.4,0.45,0.525,0.575,0.55,0.48,0.425,0.41,0.415,0.425,0.435,0.445,0.47,0.485,0.47,0.595,1.155,1.5,1.35,0.555,0.355,0.545,0.645,0.66,0.675,0.685,0.695,0.71,0.72,0.73,0.745,0.76,0.78,0.81,0.845,0.88,0.92,0.955,0.99,1.02,1.03,1.035,1.015</WaveformData>
            <WaveformData ID="4214093" Label="SPO2" UOM="Uncalib" Cal="0,0,0,0" SampleRate="125" SamplePeriodInMsec="1000" Samples="125">2447.0,2428.0,2418.0,2399.0,2369.0,2350.0,2330.0,2311.0,2291.0,2262.0,2243.0,2213.0,2174.0,2145.0,2106.0,2067.0,2028.0,1989.0,1940.0,1901.0,1853.0,1804.0,1755.0,1706.0,1648.0,1599.0,1550.0,1492.0,1443.0,1384.0,1336.0,1277.0,1228.0,1180.0,1150.0,1121.0,1121.0,1131.0,1170.0,1228.0,1306.0,1423.0,1550.0,1687.0,1833.0,1979.0,2106.0,2233.0,2350.0,2428.0,2506.0,2535.0,2564.0,2574.0,2564.0,2555.0,2535.0,2506.0,2486.0,2457.0,2438.0,2408.0,2389.0,2360.0,2330.0,2291.0,2262.0,2213.0,2174.0,2126.0,2087.0,2048.0,1999.0,1940.0,1892.0,1843.0,1794.0,1745.0,1697.0,1648.0,1599.0,1550.0,1501.0,1453.0,1394.0,1345.0,1306.0,1267.0,1238.0,1228.0,1248.0,1277.0,1345.0,1433.0,1550.0,1687.0,1843.0,2009.0,2165.0,2330.0,2486.0,2633.0,2750.0,2847.0,2925.0,2974.0,3013.0,3032.0,3042.0,3042.0,3042.0,3032.0,3023.0,3013.0,3003.0,2993.0,2974.0,2954.0,2935.0,2906.0,2867.0,2837.0,2798.0,2750.0,2701.0</WaveformData>
            <WaveformData ID="3289908" Label="ABP" UOM="mmHg" Cal="30,60,307,3378" SampleRate="125" SamplePeriodInMsec="1000" Samples="125">40.4,40.3,40.2,39.9,39.7,39.4,39.1,38.8,38.6,38.2,38.0,37.7,37.4,37.2,37.2,37.6,38.6,40.6,43.6,47.4,51.2,54.6,57.1,58.5,58.8,58.1,56.5,54.5,52.2,50.1,48.3,47.1,46.6,46.4,46.4,46.6,46.7,46.8,46.8,46.6,46.4,46.2,45.9,45.5,45.1,44.7,44.2,43.8,43.4,43.1,42.8,42.6,42.4,42.3,42.1,42.0,41.8,41.6,41.3,41.1,40.8,40.5,40.2,39.9,39.6,39.3,38.9,38.7,38.7,39.3,40.7,43.4,47.1,51.2,55.3,58.7,61.0,62.2,62.1,61.0,59.1,56.8,54.4,52.2,50.4,49.1,48.3,47.9,47.9,47.9,47.9,47.9,47.9,47.7,47.5,47.1,46.7,46.3,45.9,45.4,44.9,44.4,44.0,43.6,43.2,42.9,42.6,42.4,42.3,42.1,41.8,41.5,41.2,40.9,40.6,40.3,40.1,39.7,39.4,39.1,38.9,38.7,38.6,38.9,39.8</WaveformData>
            <WaveformData ID="4214108" Label="Unk lbl 4214108" UOM="Uncalib" Cal="0,0,0,0" SampleRate="125" SamplePeriodInMsec="1000" Samples="125">2093,2082,2070,2059,2048,2042,2031,2019,2013,2002,1996,1985,1979,1974,1974,1976,1976,1981,1992,2014,2042,2070,2108,2153,2208,2269,2324,2385,2446,2501,2551,2595,2629,2656,2678,2695,2701,2706,2706,2706,2701,2701,2695,2689,2689,2684,2678,2678,2673,2667,2662,2656,2651,2640,2634,2612,2595,2573,2557,2534,2518,2501,2485,2474,2463,2451,2440,2429,2424,2424,2424,2429,2440,2457,2474,2507,2540,2584,2629,2678,2728,2778,2828,2872,2911,2938,2955,2972,2972,2972,2961,2944,2927,2905,2883,2855,2833,2806,2784,2761,2734,2712,2689,2667,2640,2618,2595,2579,2557,2534,2518,2501,2485,2468,2457,2440,2429,2418,2413,2402,2396,2391,2385,2385,2391</WaveformData>
      </Waveforms>
      <VitalSigns CollectionTime="12/21/2017 1:51:58 PM" CollectionTimeUTC="1513885918">
            <VitalSign>
                  <Parameter>HR</Parameter>
                  <BpChannel />
                  <Time>12/21/2017 1:51:58 PM</Time>
                  <TimeUTC>1513885918</TimeUTC>
                  <Value UOM="Bpm" Q="">139</Value>
                  <AlarmLimitLow />
                  <AlarmLimitHigh />
            </VitalSign>
            <VitalSign>
                  <Parameter>NBP-S</Parameter>
                  <BpChannel />
                  <Time>12/21/2017 8:23:00 PM</Time>
                  <TimeUTC>1513909380</TimeUTC>
                  <Value UOM="mmHg" Q="">NODATA</Value>
                  <AlarmLimitLow />
                  <AlarmLimitHigh />
            </VitalSign>
            <VitalSign>
                  <Parameter>NBP-D</Parameter>
                  <BpChannel />
                  <Time>12/21/2017 8:23:00 PM</Time>
                  <TimeUTC>1513909380</TimeUTC>
                  <Value UOM="mmHg" Q="">NODATA</Value>
                  <AlarmLimitLow />
                  <AlarmLimitHigh />
            </VitalSign>
            <VitalSign>
                  <Parameter>NBP-M</Parameter>
                  <BpChannel />
                  <Time>12/21/2017 8:23:00 PM</Time>
                  <TimeUTC>1513909380</TimeUTC>
                  <Value UOM="mmHg" Q="">NODATA</Value>
                  <AlarmLimitLow />
                  <AlarmLimitHigh />
            </VitalSign>
            <VitalSign>
                  <Parameter>PVC</Parameter>
                  <BpChannel />
                  <Time>12/21/2017 1:51:58 PM</Time>
                  <TimeUTC>1513885918</TimeUTC>
                  <Value UOM="Bpm" Q="">0</Value>
                  <AlarmLimitLow />
                  <AlarmLimitHigh />
            </VitalSign>
            <VitalSign>
                  <Parameter>RHY</Parameter>
                  <BpChannel />
                  <Time>12/21/2017 1:51:58 PM</Time>
                  <TimeUTC>1513885918</TimeUTC>
                  <Value UOM="" Q="">SINUS RHYTHM</Value>
                  <AlarmLimitLow />
                  <AlarmLimitHigh />
            </VitalSign>
            <VitalSign>
                  <Parameter>ECT</Parameter>
                  <BpChannel />
                  <Time>12/21/2017 1:51:58 PM</Time>
                  <TimeUTC>1513885918</TimeUTC>
                  <Value UOM="" Q="" />
                  <AlarmLimitLow />
                  <AlarmLimitHigh />
            </VitalSign>
            <VitalSign>
                  <Parameter>RESP</Parameter>
                  <BpChannel />
                  <Time>12/21/2017 1:51:58 PM</Time>
                  <TimeUTC>1513885918</TimeUTC>
                  <Value UOM="BrMin" Q="">35</Value>
                  <AlarmLimitLow />
                  <AlarmLimitHigh />
            </VitalSign>
            <VitalSign>
                  <Parameter>SPO2</Parameter>
                  <BpChannel />
                  <Time>12/21/2017 1:51:58 PM</Time>
                  <TimeUTC>1513885918</TimeUTC>
                  <Value UOM="%" Q="">100</Value>
                  <AlarmLimitLow />
                  <AlarmLimitHigh />
            </VitalSign>
            <VitalSign>
                  <Parameter>PULSE</Parameter>
                  <BpChannel />
                  <Time>12/21/2017 1:51:58 PM</Time>
                  <TimeUTC>1513885918</TimeUTC>
                  <Value UOM="BPM" Q="">139</Value>
                  <AlarmLimitLow />
                  <AlarmLimitHigh />
            </VitalSign>
            <VitalSign>
                  <Parameter>ABP-S</Parameter>
                  <BpChannel />
                  <Time>12/21/2017 1:51:58 PM</Time>
                  <TimeUTC>1513885918</TimeUTC>
                  <Value UOM="mmHg" Q="">58</Value>
                  <AlarmLimitLow />
                  <AlarmLimitHigh />
            </VitalSign>
            <VitalSign>
                  <Parameter>ABP-D</Parameter>
                  <BpChannel />
                  <Time>12/21/2017 1:51:58 PM</Time>
                  <TimeUTC>1513885918</TimeUTC>
                  <Value UOM="mmHg" Q="">38</Value>
                  <AlarmLimitLow />
                  <AlarmLimitHigh />
            </VitalSign>
            <VitalSign>
                  <Parameter>ABP-M</Parameter>
                  <BpChannel />
                  <Time>12/21/2017 1:51:58 PM</Time>
                  <TimeUTC>1513885918</TimeUTC>
                  <Value UOM="mmHg" Q="">45</Value>
                  <AlarmLimitLow />
                  <AlarmLimitHigh />
            </VitalSign>
      </VitalSigns>
      <Alarms />
      <ImportedData />
      <Waveforms CollectionTime="12/21/2017 1:51:59 PM" CollectionTimeUTC="1513885919" TTX="" DisplayOrder="">
            <WaveformData ID="3230796" Label="RESP" UOM="Ohms" Cal="0,1,1230,2867" SampleRate="125" SamplePeriodInMsec="1000" Samples="125">0.2,0.2,0.2,0.2,0.1,0.1,0.1,0.1,0.1,0.1,0.0,0.0,0.0,0.0,0.0,0.0,0.0,-0.1,-0.1,-0.1,-0.1,-0.1,-0.1,-0.1,-0.1,-0.1,-0.1,-0.1,-0.1,-0.1,-0.1,-0.1,-0.1,-0.1,-0.1,-0.1,-0.1,-0.1,-0.1,-0.1,-0.1,-0.1,-0.1,-0.1,-0.1,-0.1,-0.1,-0.1,-0.1,-0.1,-0.1,-0.1,-0.1,-0.1,-0.1,-0.2,-0.2,-0.2,-0.2,-0.2,-0.2,-0.2,-0.2,-0.2,-0.2,-0.2,-0.2,-0.2,-0.2,-0.2,-0.2,-0.2,-0.2,-0.2,-0.2,-0.2,-0.2,-0.2,-0.2,-0.2,-0.2,-0.2,-0.2,-0.2,-0.2,-0.2,-0.2,-0.2,-0.2,-0.2,-0.2,-0.2,-0.2,-0.2,-0.2,-0.1,-0.1,-0.1,-0.1,-0.1,-0.1,-0.1,-0.1,-0.1,-0.1,-0.1,-0.1,-0.1,-0.1,-0.1,-0.1,-0.1,-0.1,-0.1,-0.1,-0.1,-0.1,-0.1,-0.1,-0.1,-0.1,-0.2,-0.2,-0.2,-0.2</WaveformData>
            <WaveformData ID="4487318" Label="II" UOM="mV" Cal="0,1,1023,3071" SampleRate="125" SamplePeriodInMsec="1000" Samples="125">0.985,0.945,0.905,0.86,0.815,0.77,0.725,0.685,0.645,0.615,0.585,0.595,0.645,0.72,0.76,0.73,0.65,0.59,0.57,0.57,0.575,0.585,0.595,0.615,0.625,0.6,0.715,1.29,1.5,1.5,0.67,0.455,0.64,0.74,0.75,0.76,0.765,0.77,0.78,0.785,0.785,0.79,0.8,0.815,0.835,0.865,0.895,0.93,0.965,0.995,1.015,1.03,1.035,1.015,0.99,0.955,0.91,0.865,0.82,0.775,0.735,0.69,0.65,0.615,0.595,0.61,0.66,0.725,0.755,0.715,0.635,0.575,0.555,0.56,0.57,0.58,0.59,0.6,0.605,0.585,0.735,1.375,1.5,1.415,0.6,0.435,0.64,0.725,0.735,0.74,0.745,0.75,0.755,0.755,0.765,0.77,0.785,0.795,0.815,0.84,0.875,0.905,0.94,0.97,0.985,1,1,0.98,0.945,0.905,0.865,0.825,0.785,0.745,0.7,0.66,0.625,0.59,0.57,0.59,0.645,0.71,0.735,0.675,0.585</WaveformData>
            <WaveformData ID="4214093" Label="SPO2" UOM="Uncalib" Cal="0,0,0,0" SampleRate="125" SamplePeriodInMsec="1000" Samples="125">2642.0,2574.0,2516.0,2457.0,2399.0,2340.0,2272.0,2213.0,2165.0,2106.0,2057.0,2009.0,1950.0,1892.0,1833.0,1784.0,1736.0,1697.0,1677.0,1677.0,1687.0,1736.0,1794.0,1872.0,1970.0,2057.0,2174.0,2291.0,2389.0,2486.0,2574.0,2623.0,2672.0,2691.0,2701.0,2691.0,2672.0,2662.0,2652.0,2633.0,2603.0,2574.0,2545.0,2516.0,2477.0,2447.0,2418.0,2379.0,2340.0,2301.0,2262.0,2213.0,2165.0,2116.0,2067.0,2018.0,1970.0,1921.0,1862.0,1814.0,1765.0,1706.0,1658.0,1609.0,1550.0,1501.0,1443.0,1384.0,1326.0,1267.0,1219.0,1160.0,1131.0,1111.0,1102.0,1121.0,1160.0,1228.0,1326.0,1433.0,1560.0,1697.0,1833.0,1970.0,2087.0,2194.0,2282.0,2350.0,2399.0,2428.0,2438.0,2438.0,2428.0,2408.0,2389.0,2369.0,2350.0,2330.0,2324.0,2304.0,2283.0,2252.0,2222.0,2191.0,2150.0,2109.0,2068.0,2027.0,1986.0,1935.0,1894.0,1843.0,1792.0,1740.0,1689.0,1638.0,1587.0,1536.0,1484.0,1423.0,1372.0,1310.0,1259.0,1208.0,1157.0</WaveformData>
            <WaveformData ID="3289908" Label="ABP" UOM="mmHg" Cal="30,60,307,3378" SampleRate="125" SamplePeriodInMsec="1000" Samples="125">41.6,44.4,47.9,51.5,54.6,56.8,57.8,57.7,56.4,54.5,52.2,49.9,48.1,46.7,45.9,45.6,45.6,45.6,45.7,45.7,45.7,45.7,45.5,45.2,44.9,44.5,44.1,43.5,43.0,42.6,42.2,41.8,41.4,41.2,40.9,40.8,40.7,40.5,40.3,40.1,39.9,39.6,39.3,39.1,38.7,38.5,38.2,37.9,37.6,37.4,37.2,37.2,37.6,38.7,40.7,43.7,47.4,51.1,54.3,56.6,57.7,57.7,56.6,54.7,52.6,50.6,48.7,47.3,46.2,45.6,45.5,45.6,45.7,45.8,45.9,45.8,45.7,45.4,45.1,44.6,44.2,43.7,43.2,42.7,42.3,41.9,41.6,41.3,41.1,40.9,40.7,40.6,40.4,40.2,40.0,39.7,39.4,39.1,38.8,38.6,38.2,38.0,37.7,37.5,37.3,37.4,37.7,38.9,41.2,44.6,48.5,52.3,55.4,57.6,58.6,58.5,57.3,55.4,53.2,51.0,49.1,47.7,46.9,46.5,46.4</WaveformData>
            <WaveformData ID="4214108" Label="Unk lbl 4214108" UOM="Uncalib" Cal="0,0,0,0" SampleRate="125" SamplePeriodInMsec="1000" Samples="125">2396,2407,2429,2457,2490,2529,2579,2629,2684,2739,2795,2844,2894,2933,3517,3561,3579,3588,3588,3579,3561,3534,3508,3472,3445,3410,3365,3330,3294,3250,3214,3169,3125,3089,3045,3000,2965,2920,2884,2840,2804,2769,2724,2689,2653,2617,2582,2546,2519,2484,2457,2430,2413,2395,2386,2386,2395,2421,2448,2493,2537,2591,2653,2715,2778,2831,2876,2911,2938,2956,2956,2947,2929,2902,2867,2831,2795,2751,2715,2671,2635,2600,2555,2519,2484,2448,2413,2377,2341,2306,2270,2243,2208,2172,2145,2110,2092,2065,2048,2030,2012,1994,1967,1950,1941,1923,1914,1914,1914,1923,1950,1985,2030,2074,2137,2208,2288,2359,2439,2511,2573,2635,2680,2706,2733</WaveformData>
      </Waveforms>
      <VitalSigns CollectionTime="12/21/2017 1:51:59 PM" CollectionTimeUTC="1513885919">
            <VitalSign>
                  <Parameter>HR</Parameter>
                  <BpChannel />
                  <Time>12/21/2017 1:51:59 PM</Time>
                  <TimeUTC>1513885919</TimeUTC>
                  <Value UOM="Bpm" Q="">139</Value>
                  <AlarmLimitLow />
                  <AlarmLimitHigh />
            </VitalSign>
            <VitalSign>
                  <Parameter>NBP-S</Parameter>
                  <BpChannel />
                  <Time>12/21/2017 8:23:00 PM</Time>
                  <TimeUTC>1513909380</TimeUTC>
                  <Value UOM="mmHg" Q="">NODATA</Value>
                  <AlarmLimitLow />
                  <AlarmLimitHigh />
            </VitalSign>
            <VitalSign>
                  <Parameter>NBP-D</Parameter>
                  <BpChannel />
                  <Time>12/21/2017 8:23:00 PM</Time>
                  <TimeUTC>1513909380</TimeUTC>
                  <Value UOM="mmHg" Q="">NODATA</Value>
                  <AlarmLimitLow />
                  <AlarmLimitHigh />
            </VitalSign>
            <VitalSign>
                  <Parameter>NBP-M</Parameter>
                  <BpChannel />
                  <Time>12/21/2017 8:23:00 PM</Time>
                  <TimeUTC>1513909380</TimeUTC>
                  <Value UOM="mmHg" Q="">NODATA</Value>
                  <AlarmLimitLow />
                  <AlarmLimitHigh />
            </VitalSign>
            <VitalSign>
                  <Parameter>PVC</Parameter>
                  <BpChannel />
                  <Time>12/21/2017 1:51:59 PM</Time>
                  <TimeUTC>1513885919</TimeUTC>
                  <Value UOM="Bpm" Q="">0</Value>
                  <AlarmLimitLow />
                  <AlarmLimitHigh />
            </VitalSign>
            <VitalSign>
                  <Parameter>RHY</Parameter>
                  <BpChannel />
                  <Time>12/21/2017 1:51:59 PM</Time>
                  <TimeUTC>1513885919</TimeUTC>
                  <Value UOM="" Q="">SINUS RHYTHM</Value>
                  <AlarmLimitLow />
                  <AlarmLimitHigh />
            </VitalSign>
            <VitalSign>
                  <Parameter>ECT</Parameter>
                  <BpChannel />
                  <Time>12/21/2017 1:51:59 PM</Time>
                  <TimeUTC>1513885919</TimeUTC>
                  <Value UOM="" Q="" />
                  <AlarmLimitLow />
                  <AlarmLimitHigh />
            </VitalSign>
            <VitalSign>
                  <Parameter>RESP</Parameter>
                  <BpChannel />
                  <Time>12/21/2017 1:51:59 PM</Time>
                  <TimeUTC>1513885919</TimeUTC>
                  <Value UOM="BrMin" Q="">35</Value>
                  <AlarmLimitLow />
                  <AlarmLimitHigh />
            </VitalSign>
            <VitalSign>
                  <Parameter>SPO2</Parameter>
                  <BpChannel />
                  <Time>12/21/2017 1:51:59 PM</Time>
                  <TimeUTC>1513885919</TimeUTC>
                  <Value UOM="%" Q="">100</Value>
                  <AlarmLimitLow />
                  <AlarmLimitHigh />
            </VitalSign>
            <VitalSign>
                  <Parameter>PULSE</Parameter>
                  <BpChannel />
                  <Time>12/21/2017 1:51:59 PM</Time>
                  <TimeUTC>1513885919</TimeUTC>
                  <Value UOM="BPM" Q="">139</Value>
                  <AlarmLimitLow />
                  <AlarmLimitHigh />
            </VitalSign>
            <VitalSign>
                  <Parameter>ABP-S</Parameter>
                  <BpChannel />
                  <Time>12/21/2017 1:51:59 PM</Time>
                  <TimeUTC>1513885919</TimeUTC>
                  <Value UOM="mmHg" Q="">58</Value>
                  <AlarmLimitLow />
                  <AlarmLimitHigh />
            </VitalSign>
            <VitalSign>
                  <Parameter>ABP-D</Parameter>
                  <BpChannel />
                  <Time>12/21/2017 1:51:59 PM</Time>
                  <TimeUTC>1513885919</TimeUTC>
                  <Value UOM="mmHg" Q="">38</Value>
                  <AlarmLimitLow />
                  <AlarmLimitHigh />
            </VitalSign>
            <VitalSign>
                  <Parameter>ABP-M</Parameter>
                  <BpChannel />
                  <Time>12/21/2017 1:51:59 PM</Time>
                  <TimeUTC>1513885919</TimeUTC>
                  <Value UOM="mmHg" Q="">45</Value>
                  <AlarmLimitLow />
                  <AlarmLimitHigh />
            </VitalSign>
      </VitalSigns>
      <Alarms />
      <ImportedData />
      <Waveforms CollectionTime="12/21/2017 1:52:00 PM" CollectionTimeUTC="1513885920" TTX="" DisplayOrder="">
            <WaveformData ID="3230796" Label="RESP" UOM="Ohms" Cal="0,1,1230,2867" SampleRate="125" SamplePeriodInMsec="1000" Samples="125">-0.2,-0.2,-0.2,-0.2,-0.2,-0.2,-0.2,-0.2,-0.1,-0.1,-0.1,-0.1,-0.1,-0.1,-0.1,-0.1,0.0,0.0,0.0,0.0,0.1,0.1,0.1,0.2,0.2,0.2,0.3,0.3,0.4,0.4,0.5,0.5,0.6,0.6,0.6,0.7,0.7,0.7,0.8,0.8,0.8,0.8,0.8,0.9,0.9,0.9,0.9,0.9,0.9,0.9,0.9,0.9,0.9,0.9,0.9,0.9,0.9,0.9,0.9,0.9,0.9,0.9,0.9,0.9,0.9,0.9,0.9,0.9,0.9,0.8,0.8,0.8,0.8,0.8,0.7,0.7,0.7,0.7,0.6,0.6,0.6,0.5,0.5,0.5,0.4,0.4,0.4,0.4,0.3,0.3,0.3,0.2,0.2,0.2,0.2,0.1,0.1,0.1,0.1,0.1,0.1,0.0,0.0,0.0,0.0,0.0,0.0,0.0,-0.1,-0.1,-0.1,-0.1,-0.1,-0.1,-0.1,-0.1,-0.1,-0.1,-0.1,-0.1,-0.1,-0.1,-0.1,-0.1,-0.1</WaveformData>
            <WaveformData ID="4487318" Label="II" UOM="mV" Cal="0,1,1023,3071" SampleRate="125" SamplePeriodInMsec="1000" Samples="125">0.53,0.515,0.515,0.52,0.525,0.53,0.54,0.53,0.515,0.775,1.5,1.5,1.08,0.38,0.32,0.555,0.605,0.605,0.61,0.61,0.615,0.605,0.6,0.6,0.605,0.61,0.625,0.645,0.675,0.7,0.725,0.755,0.77,0.785,0.79,0.785,0.765,0.73,0.685,0.64,0.6,0.56,0.52,0.48,0.445,0.41,0.385,0.375,0.41,0.485,0.55,0.57,0.51,0.44,0.41,0.41,0.42,0.43,0.44,0.46,0.48,0.47,0.49,0.805,1.495,1.5,0.91,0.37,0.365,0.615,0.655,0.67,0.68,0.69,0.705,0.715,0.72,0.73,0.745,0.765,0.79,0.83,0.87,0.905,0.945,0.98,1.01,1.025,1.035,1.025,1.005,0.97,0.93,0.885,0.84,0.795,0.75,0.705,0.665,0.63,0.6,0.59,0.63,0.695,0.76,0.765,0.69,0.615,0.575,0.57,0.58,0.585,0.595,0.61,0.625,0.615,0.6,0.995,1.5,1.5,0.965,0.46,0.56,0.72,0.75</WaveformData>
            <WaveformData ID="4214093" Label="SPO2" UOM="Uncalib" Cal="0,0,0,0" SampleRate="125" SamplePeriodInMsec="1000" Samples="125">1116.0,1095.0,1085.0,1106.0,1146.0,1198.0,1300.0,1402.0,1536.0,1689.0,1843.0,1986.0,2119.0,2252.0,2355.0,2457.0,2519.0,2560.0,2590.0,2590.0,2590.0,2570.0,2560.0,2539.0,2508.0,2488.0,2467.0,2447.0,2416.0,2385.0,2355.0,2324.0,2283.0,2242.0,2201.0,2150.0,2099.0,2048.0,2007.0,1955.0,1904.0,1843.0,1792.0,1740.0,1679.0,1628.0,1577.0,1515.0,1464.0,1413.0,1362.0,1300.0,1259.0,1218.0,1198.0,1198.0,1208.0,1259.0,1321.0,1423.0,1546.0,1689.0,1853.0,2027.0,2191.0,2365.0,2519.0,2662.0,2785.0,2887.0,2949.0,3010.0,3041.0,3061.0,3072.0,3061.0,3061.0,3051.0,3041.0,3031.0,3020.0,3000.0,2979.0,2959.0,2938.0,2908.0,2877.0,2836.0,2795.0,2744.0,2682.0,2621.0,2560.0,2539.0,2498.0,2437.0,2375.0,2314.0,2242.0,2181.0,2129.0,2068.0,2017.0,1966.0,1904.0,1843.0,1781.0,1730.0,1679.0,1638.0,1597.0,1597.0,1597.0,1628.0,1689.0,1761.0,1853.0,2011.0,2124.0,2237.0,2396.0,2488.0,2560.0,2611.0,2646.0</WaveformData>
            <WaveformData ID="3289908" Label="ABP" UOM="mmHg" Cal="30,60,307,3378" SampleRate="125" SamplePeriodInMsec="1000" Samples="125">46.6,46.7,46.9,46.9,46.9,46.7,46.4,46.1,45.7,45.4,44.9,44.6,44.1,43.7,43.4,43.1,42.8,42.7,42.6,42.4,42.3,42.1,41.9,41.6,41.4,41.1,40.7,40.4,40.1,39.8,39.6,39.3,39.1,38.9,39.2,40.0,41.9,44.9,48.9,53.1,56.9,59.7,61.7,62.4,61.9,60.4,58.3,55.9,53.6,51.5,49.9,48.8,48.2,47.9,47.9,47.9,48.1,48.1,47.9,47.7,47.4,47.0,46.6,46.2,45.7,45.2,44.6,44.2,43.8,43.4,43.1,42.7,42.5,42.3,42.1,41.9,41.7,41.4,41.1,40.8,40.4,40.1,39.9,39.6,39.3,39.1,38.8,38.7,38.7,39.3,40.6,43.0,46.2,49.8,53.1,55.7,57.2,57.5,56.8,55.1,52.9,50.6,48.6,47.1,46.2,45.7,45.5,45.5,45.6,45.6,45.7,45.6,45.4,45.2,44.9,44.5,44.1,43.7,43.2,42.7,42.3,41.9,41.6,41.2,41.0</WaveformData>
            <WaveformData ID="4214108" Label="Unk lbl 4214108" UOM="Uncalib" Cal="0,0,0,0" SampleRate="125" SamplePeriodInMsec="1000" Samples="125">2742,2742,2733,2715,2697,2680,2653,2626,2608,2582,2555,2528,2502,2399,2384,2362,2340,2311,2289,2267,2245,2223,2194,2172,2150,2128,2106,2084,2062,2048,2026,2011,1989,1974,1960,1953,1953,1953,1960,1982,2011,2048,2084,2143,2201,2260,2325,2391,2450,2501,2552,2581,2611,2625,2633,2633,2625,2611,2589,2574,2552,2530,2508,2486,2464,2442,2421,2399,2377,2355,2333,2311,2289,2267,2245,2230,2208,2194,2179,2165,2150,2143,2128,2121,2106,2099,2091,2091,2084,2084,2091,2106,2128,2157,2201,2245,2303,2369,2435,2508,2581,2655,2720,2772,2823,2859,2896,2911,2925,2925,2925,2911,2889,2859,2830,2801,2772,2735,2706,2669,2640,2603,2567,2530,2494</WaveformData>
      </Waveforms>
      <VitalSigns CollectionTime="12/21/2017 1:52:00 PM" CollectionTimeUTC="1513885920">
            <VitalSign>
                  <Parameter>HR</Parameter>
                  <BpChannel />
                  <Time>12/21/2017 1:52:00 PM</Time>
                  <TimeUTC>1513885920</TimeUTC>
                  <Value UOM="Bpm" Q="">139</Value>
                  <AlarmLimitLow />
                  <AlarmLimitHigh />
            </VitalSign>
            <VitalSign>
                  <Parameter>NBP-S</Parameter>
                  <BpChannel />
                  <Time>12/21/2017 8:23:00 PM</Time>
                  <TimeUTC>1513909380</TimeUTC>
                  <Value UOM="mmHg" Q="">NODATA</Value>
                  <AlarmLimitLow />
                  <AlarmLimitHigh />
            </VitalSign>
            <VitalSign>
                  <Parameter>NBP-D</Parameter>
                  <BpChannel />
                  <Time>12/21/2017 8:23:00 PM</Time>
                  <TimeUTC>1513909380</TimeUTC>
                  <Value UOM="mmHg" Q="">NODATA</Value>
                  <AlarmLimitLow />
                  <AlarmLimitHigh />
            </VitalSign>
            <VitalSign>
                  <Parameter>NBP-M</Parameter>
                  <BpChannel />
                  <Time>12/21/2017 8:23:00 PM</Time>
                  <TimeUTC>1513909380</TimeUTC>
                  <Value UOM="mmHg" Q="">NODATA</Value>
                  <AlarmLimitLow />
                  <AlarmLimitHigh />
            </VitalSign>
            <VitalSign>
                  <Parameter>PVC</Parameter>
                  <BpChannel />
                  <Time>12/21/2017 1:52:00 PM</Time>
                  <TimeUTC>1513885920</TimeUTC>
                  <Value UOM="Bpm" Q="">0</Value>
                  <AlarmLimitLow />
                  <AlarmLimitHigh />
            </VitalSign>
            <VitalSign>
                  <Parameter>RHY</Parameter>
                  <BpChannel />
                  <Time>12/21/2017 1:52:00 PM</Time>
                  <TimeUTC>1513885920</TimeUTC>
                  <Value UOM="" Q="">SINUS RHYTHM</Value>
                  <AlarmLimitLow />
                  <AlarmLimitHigh />
            </VitalSign>
            <VitalSign>
                  <Parameter>ECT</Parameter>
                  <BpChannel />
                  <Time>12/21/2017 1:52:00 PM</Time>
                  <TimeUTC>1513885920</TimeUTC>
                  <Value UOM="" Q="" />
                  <AlarmLimitLow />
                  <AlarmLimitHigh />
            </VitalSign>
            <VitalSign>
                  <Parameter>RESP</Parameter>
                  <BpChannel />
                  <Time>12/21/2017 1:52:00 PM</Time>
                  <TimeUTC>1513885920</TimeUTC>
                  <Value UOM="BrMin" Q="">35</Value>
                  <AlarmLimitLow />
                  <AlarmLimitHigh />
            </VitalSign>
            <VitalSign>
                  <Parameter>SPO2</Parameter>
                  <BpChannel />
                  <Time>12/21/2017 1:52:00 PM</Time>
                  <TimeUTC>1513885920</TimeUTC>
                  <Value UOM="%" Q="">100</Value>
                  <AlarmLimitLow />
                  <AlarmLimitHigh />
            </VitalSign>
            <VitalSign>
                  <Parameter>PULSE</Parameter>
                  <BpChannel />
                  <Time>12/21/2017 1:52:00 PM</Time>
                  <TimeUTC>1513885920</TimeUTC>
                  <Value UOM="BPM" Q="">139</Value>
                  <AlarmLimitLow />
                  <AlarmLimitHigh />
            </VitalSign>
            <VitalSign>
                  <Parameter>ABP-S</Parameter>
                  <BpChannel />
                  <Time>12/21/2017 1:52:00 PM</Time>
                  <TimeUTC>1513885920</TimeUTC>
                  <Value UOM="mmHg" Q="">58</Value>
                  <AlarmLimitLow />
                  <AlarmLimitHigh />
            </VitalSign>
            <VitalSign>
                  <Parameter>ABP-D</Parameter>
                  <BpChannel />
                  <Time>12/21/2017 1:52:00 PM</Time>
                  <TimeUTC>1513885920</TimeUTC>
                  <Value UOM="mmHg" Q="">38</Value>
                  <AlarmLimitLow />
                  <AlarmLimitHigh />
            </VitalSign>
            <VitalSign>
                  <Parameter>ABP-M</Parameter>
                  <BpChannel />
                  <Time>12/21/2017 1:52:00 PM</Time>
                  <TimeUTC>1513885920</TimeUTC>
                  <Value UOM="mmHg" Q="">45</Value>
                  <AlarmLimitLow />
                  <AlarmLimitHigh />
            </VitalSign>
      </VitalSigns>
      <Alarms />
      <ImportedData />
      <Waveforms CollectionTime="12/21/2017 1:52:01 PM" CollectionTimeUTC="1513885921" TTX="" DisplayOrder="">
            <WaveformData ID="3230796" Label="RESP" UOM="Ohms" Cal="0,1,1230,2867" SampleRate="125" SamplePeriodInMsec="1000" Samples="125">-0.1,-0.1,-0.1,-0.1,-0.1,-0.1,-0.1,-0.1,-0.1,-0.1,-0.1,-0.1,-0.1,-0.1,-0.1,-0.1,-0.1,-0.1,-0.1,-0.1,-0.1,-0.1,-0.1,-0.2,-0.2,-0.2,-0.2,-0.2,-0.2,-0.2,-0.2,-0.2,-0.2,-0.2,-0.2,-0.2,-0.2,-0.2,-0.2,-0.2,-0.2,-0.2,-0.2,-0.2,-0.2,-0.2,-0.2,-0.2,-0.2,-0.2,-0.2,-0.2,-0.2,-0.2,-0.2,-0.2,-0.2,-0.2,-0.2,-0.2,-0.2,-0.2,-0.2,-0.1,-0.1,-0.1,-0.1,-0.1,-0.1,-0.1,-0.1,-0.1,-0.1,-0.1,-0.1,-0.1,-0.1,-0.1,-0.1,-0.1,-0.1,-0.1,-0.1,-0.1,-0.1,-0.2,-0.2,-0.2,-0.2,-0.2,-0.2,-0.2,-0.2,-0.2,-0.2,-0.2,-0.2,-0.2,-0.2,-0.2,-0.1,-0.1,-0.1,-0.1,-0.1,-0.1,-0.1,0.0,0.0,0.0,0.0,0.1,0.1,0.1,0.2,0.2,0.2,0.3,0.3,0.4,0.4,0.4,0.5,0.5,0.6</WaveformData>
            <WaveformData ID="4487318" Label="II" UOM="mV" Cal="0,1,1023,3071" SampleRate="125" SamplePeriodInMsec="1000" Samples="125">0.76,0.765,0.77,0.775,0.78,0.785,0.79,0.8,0.81,0.83,0.855,0.885,0.915,0.955,0.985,1.01,1.03,1.035,1.025,1,0.965,0.925,0.885,0.84,0.795,0.75,0.705,0.665,0.625,0.595,0.59,0.635,0.705,0.755,0.735,0.66,0.585,0.555,0.56,0.565,0.57,0.58,0.59,0.605,0.59,0.655,1.135,1.5,1.5,0.795,0.42,0.58,0.71,0.73,0.735,0.745,0.75,0.755,0.76,0.765,0.77,0.775,0.79,0.81,0.835,0.865,0.895,0.93,0.96,0.985,1,1.005,0.99,0.965,0.925,0.885,0.84,0.795,0.755,0.715,0.67,0.63,0.595,0.57,0.585,0.635,0.705,0.735,0.69,0.605,0.54,0.52,0.52,0.525,0.525,0.535,0.545,0.55,0.515,0.685,1.36,1.5,1.31,0.475,0.325,0.535,0.605,0.615,0.62,0.625,0.625,0.625,0.615,0.61,0.615,0.625,0.64,0.66,0.685,0.71,0.735,0.76,0.785,0.805,0.815</WaveformData>
            <WaveformData ID="4214093" Label="SPO2" UOM="Uncalib" Cal="0,0,0,0" SampleRate="125" SamplePeriodInMsec="1000" Samples="125">2652.0,2646.0,2595.0,2564.0,2534.0,2472.0,2441.0,2411.0,2365.0,2324.0,2283.0,2242.0,2201.0,2150.0,2109.0,2058.0,2017.0,1966.0,1914.0,1863.0,1802.0,1751.0,1689.0,1638.0,1577.0,1515.0,1454.0,1392.0,1331.0,1269.0,1208.0,1146.0,1095.0,1044.0,1013.0,993.0,1003.0,1034.0,1095.0,1167.0,1269.0,1402.0,1536.0,1689.0,1833.0,1976.0,2088.0,2201.0,2293.0,2365.0,2416.0,2437.0,2447.0,2447.0,2426.0,2416.0,2396.0,2365.0,2344.0,2324.0,2293.0,2273.0,2242.0,2222.0,2181.0,2150.0,2109.0,2068.0,2037.0,1996.0,1945.0,1904.0,1853.0,1802.0,1761.0,1710.0,1658.0,1607.0,1556.0,1505.0,1443.0,1392.0,1331.0,1280.0,1228.0,1177.0,1126.0,1095.0,1075.0,1085.0,1106.0,1157.0,1312.0,1396.0,1526.0,1666.0,1806.0,1964.0,2085.0,2215.0,2327.0,2429.0,2504.0,2550.0,2587.0,2597.0,2597.0,2587.0,2569.0,2541.0,2522.0,2494.0,2466.0,2438.0,2420.0,2392.0,2364.0,2327.0,2290.0,2252.0,2215.0,2169.0,2131.0,2085.0,2048.0</WaveformData>
            <WaveformData ID="3289908" Label="ABP" UOM="mmHg" Cal="30,60,307,3378" SampleRate="125" SamplePeriodInMsec="1000" Samples="125">40.7,40.6,40.4,40.2,40.1,39.9,39.6,39.3,39.0,38.7,38.5,38.2,38.0,37.7,37.4,37.2,37.1,37.3,38.1,39.7,42.3,45.7,49.6,53.1,55.9,57.5,58.1,57.4,55.9,53.8,51.5,49.4,47.6,46.4,45.7,45.5,45.5,45.6,45.7,45.8,45.7,45.6,45.4,45.1,44.8,44.3,43.9,43.4,42.9,42.5,42.1,41.8,41.5,41.2,41.0,40.8,40.6,40.5,40.3,40.1,39.8,39.6,39.3,39.0,38.7,38.4,38.2,37.9,37.6,37.4,37.4,37.7,38.7,40.7,43.7,47.5,51.4,54.7,57.3,58.7,59.2,58.4,56.7,54.4,52.0,49.9,48.2,47.0,46.4,46.1,46.2,46.3,46.5,46.6,46.7,46.6,46.4,46.1,45.9,45.6,45.2,44.8,44.4,43.9,43.6,43.2,42.9,42.6,42.4,42.3,42.2,42.1,41.9,41.6,41.4,41.1,40.8,40.5,40.2,39.9,39.6,39.3,39.1,38.9,39.1</WaveformData>
            <WaveformData ID="4214108" Label="Unk lbl 4214108" UOM="Uncalib" Cal="0,0,0,0" SampleRate="125" SamplePeriodInMsec="1000" Samples="125">2457,2421,2384,2355,2318,2282,2252,2223,2186,2157,2135,2106,2084,2062,2048,2018,2004,1982,1967,1953,1953,1953,1967,1989,2011,2048,2084,2135,2186,2238,2282,2325,2362,2384,2406,2413,2413,2413,2399,2377,2355,2333,2303,2282,2252,2230,2201,2179,2157,2128,2106,2084,2062,2040,2018,1989,1967,1938,1916,1887,1865,1835,1814,1792,1770,1748,1726,1704,1689,1667,1653,1645,1638,1638,1645,1660,1682,1711,1755,1806,1857,1923,1982,2048,2099,2150,2194,2238,2267,2282,2296,2296,2289,2282,2260,2245,2230,2208,2186,2165,2150,2128,2106,2084,2069,2048,2033,2011,1989,1967,1945,1923,1894,1872,1850,1828,1806,1784,1770,1748,1733,1711,1697,1682,1675</WaveformData>
      </Waveforms>
      <VitalSigns CollectionTime="12/21/2017 1:52:01 PM" CollectionTimeUTC="1513885921">
            <VitalSign>
                  <Parameter>HR</Parameter>
                  <BpChannel />
                  <Time>12/21/2017 1:52:01 PM</Time>
                  <TimeUTC>1513885921</TimeUTC>
                  <Value UOM="Bpm" Q="">139</Value>
                  <AlarmLimitLow />
                  <AlarmLimitHigh />
            </VitalSign>
            <VitalSign>
                  <Parameter>NBP-S</Parameter>
                  <BpChannel />
                  <Time>12/21/2017 8:23:00 PM</Time>
                  <TimeUTC>1513909380</TimeUTC>
                  <Value UOM="mmHg" Q="">NODATA</Value>
                  <AlarmLimitLow />
                  <AlarmLimitHigh />
            </VitalSign>
            <VitalSign>
                  <Parameter>NBP-D</Parameter>
                  <BpChannel />
                  <Time>12/21/2017 8:23:00 PM</Time>
                  <TimeUTC>1513909380</TimeUTC>
                  <Value UOM="mmHg" Q="">NODATA</Value>
                  <AlarmLimitLow />
                  <AlarmLimitHigh />
            </VitalSign>
            <VitalSign>
                  <Parameter>NBP-M</Parameter>
                  <BpChannel />
                  <Time>12/21/2017 8:23:00 PM</Time>
                  <TimeUTC>1513909380</TimeUTC>
                  <Value UOM="mmHg" Q="">NODATA</Value>
                  <AlarmLimitLow />
                  <AlarmLimitHigh />
            </VitalSign>
            <VitalSign>
                  <Parameter>PVC</Parameter>
                  <BpChannel />
                  <Time>12/21/2017 1:52:01 PM</Time>
                  <TimeUTC>1513885921</TimeUTC>
                  <Value UOM="Bpm" Q="">0</Value>
                  <AlarmLimitLow />
                  <AlarmLimitHigh />
            </VitalSign>
            <VitalSign>
                  <Parameter>RHY</Parameter>
                  <BpChannel />
                  <Time>12/21/2017 1:52:01 PM</Time>
                  <TimeUTC>1513885921</TimeUTC>
                  <Value UOM="" Q="">SINUS RHYTHM</Value>
                  <AlarmLimitLow />
                  <AlarmLimitHigh />
            </VitalSign>
            <VitalSign>
                  <Parameter>ECT</Parameter>
                  <BpChannel />
                  <Time>12/21/2017 1:52:01 PM</Time>
                  <TimeUTC>1513885921</TimeUTC>
                  <Value UOM="" Q="" />
                  <AlarmLimitLow />
                  <AlarmLimitHigh />
            </VitalSign>
            <VitalSign>
                  <Parameter>RESP</Parameter>
                  <BpChannel />
                  <Time>12/21/2017 1:52:01 PM</Time>
                  <TimeUTC>1513885921</TimeUTC>
                  <Value UOM="BrMin" Q="">35</Value>
                  <AlarmLimitLow />
                  <AlarmLimitHigh />
            </VitalSign>
            <VitalSign>
                  <Parameter>SPO2</Parameter>
                  <BpChannel />
                  <Time>12/21/2017 1:52:01 PM</Time>
                  <TimeUTC>1513885921</TimeUTC>
                  <Value UOM="%" Q="">100</Value>
                  <AlarmLimitLow />
                  <AlarmLimitHigh />
            </VitalSign>
            <VitalSign>
                  <Parameter>PULSE</Parameter>
                  <BpChannel />
                  <Time>12/21/2017 1:52:01 PM</Time>
                  <TimeUTC>1513885921</TimeUTC>
                  <Value UOM="BPM" Q="">139</Value>
                  <AlarmLimitLow />
                  <AlarmLimitHigh />
            </VitalSign>
            <VitalSign>
                  <Parameter>ABP-S</Parameter>
                  <BpChannel />
                  <Time>12/21/2017 1:52:01 PM</Time>
                  <TimeUTC>1513885921</TimeUTC>
                  <Value UOM="mmHg" Q="">58</Value>
                  <AlarmLimitLow />
                  <AlarmLimitHigh />
            </VitalSign>
            <VitalSign>
                  <Parameter>ABP-D</Parameter>
                  <BpChannel />
                  <Time>12/21/2017 1:52:01 PM</Time>
                  <TimeUTC>1513885921</TimeUTC>
                  <Value UOM="mmHg" Q="">38</Value>
                  <AlarmLimitLow />
                  <AlarmLimitHigh />
            </VitalSign>
            <VitalSign>
                  <Parameter>ABP-M</Parameter>
                  <BpChannel />
                  <Time>12/21/2017 1:52:01 PM</Time>
                  <TimeUTC>1513885921</TimeUTC>
                  <Value UOM="mmHg" Q="">45</Value>
                  <AlarmLimitLow />
                  <AlarmLimitHigh />
            </VitalSign>
      </VitalSigns>
      <Alarms />
      <ImportedData />
      <Waveforms CollectionTime="12/21/2017 1:52:02 PM" CollectionTimeUTC="1513885922" TTX="" DisplayOrder="">
            <WaveformData ID="3230796" Label="RESP" UOM="Ohms" Cal="0,1,1230,2867" SampleRate="125" SamplePeriodInMsec="1000" Samples="125">0.6,0.7,0.7,0.7,0.7,0.8,0.8,0.8,0.8,0.9,0.9,0.9,0.9,0.9,0.9,0.9,0.9,0.9,0.9,0.9,0.9,0.9,0.9,0.9,0.9,0.9,0.9,0.9,0.9,0.9,0.9,0.9,0.9,0.9,0.9,0.9,0.9,0.8,0.8,0.8,0.8,0.7,0.7,0.7,0.6,0.6,0.6,0.6,0.5,0.5,0.5,0.4,0.4,0.4,0.3,0.3,0.3,0.3,0.2,0.2,0.2,0.2,0.1,0.1,0.1,0.1,0.1,0.0,0.0,0.0,0.0,0.0,0.0,-0.1,-0.1,-0.1,-0.1,-0.1,-0.1,-0.1,-0.1,-0.1,-0.1,-0.1,-0.1,-0.1,-0.1,-0.1,-0.2,-0.2,-0.2,-0.2,-0.2,-0.2,-0.2,-0.2,-0.2,-0.2,-0.2,-0.2,-0.2,-0.2,-0.2,-0.2,-0.2,-0.2,-0.2,-0.2,-0.2,-0.2,-0.2,-0.2,-0.2,-0.2,-0.2,-0.2,-0.2,-0.2,-0.2,-0.2,-0.2,-0.2,-0.2,-0.2,-0.2</WaveformData>
            <WaveformData ID="4487318" Label="II" UOM="mV" Cal="0,1,1023,3071" SampleRate="125" SamplePeriodInMsec="1000" Samples="125">0.805,0.79,0.76,0.715,0.67,0.62,0.58,0.535,0.495,0.455,0.425,0.395,0.385,0.41,0.475,0.55,0.57,0.515,0.445,0.405,0.405,0.415,0.425,0.435,0.455,0.47,0.475,0.46,0.755,1.45,1.5,0.985,0.385,0.345,0.6,0.65,0.665,0.675,0.69,0.705,0.715,0.73,0.74,0.75,0.765,0.795,0.83,0.87,0.905,0.945,0.98,1.01,1.03,1.04,1.03,1.01,0.98,0.935,0.895,0.85,0.805,0.76,0.715,0.675,0.635,0.605,0.595,0.635,0.71,0.77,0.78,0.705,0.62,0.58,0.58,0.59,0.595,0.605,0.62,0.63,0.62,0.61,0.995,1.5,1.5,0.99,0.48,0.575,0.73,0.76,0.765,0.77,0.78,0.785,0.79,0.795,0.8,0.81,0.825,0.84,0.865,0.895,0.925,0.965,0.995,1.02,1.04,1.045,1.04,1.015,0.98,0.94,0.895,0.855,0.805,0.76,0.715,0.675,0.635,0.605,0.6,0.65,0.725,0.77,0.745</WaveformData>
            <WaveformData ID="4214093" Label="SPO2" UOM="Uncalib" Cal="0,0,0,0" SampleRate="125" SamplePeriodInMsec="1000" Samples="125">1992.0,1945.0,1899.0,1852.0,1806.0,1759.0,1713.0,1666.0,1610.0,1564.0,1517.0,1471.0,1415.0,1377.0,1331.0,1303.0,1294.0,1284.0,1312.0,1359.0,1424.0,1526.0,1638.0,1778.0,1927.0,2075.0,2234.0,2383.0,2513.0,2634.0,2736.0,2801.0,2857.0,2895.0,2913.0,2922.0,2922.0,2922.0,2913.0,2904.0,2895.0,2885.0,2876.0,2867.0,2848.0,2829.0,2811.0,2783.0,2755.0,2718.0,2690.0,2653.0,2606.0,2569.0,2522.0,2476.0,2429.0,2383.0,2336.0,2280.0,2224.0,2169.0,2113.0,2057.0,2001.0,1945.0,1889.0,1834.0,1787.0,1750.0,1722.0,1713.0,1722.0,1759.0,1806.0,1880.0,1964.0,2057.0,2169.0,2271.0,2373.0,2476.0,2550.0,2615.0,2662.0,2680.0,2690.0,2690.0,2671.0,2653.0,2625.0,2597.0,2569.0,2541.0,2513.0,2485.0,2457.0,2429.0,2392.0,2355.0,2308.0,2271.0,2224.0,2178.0,2122.0,2075.0,2029.0,1982.0,1927.0,1871.0,1824.0,1768.0,1713.0,1657.0,1601.0,1545.0,1489.0,1433.0,1377.0,1322.0,1275.0,1228.0,1191.0,1163.0,1154.0</WaveformData>
            <WaveformData ID="3289908" Label="ABP" UOM="mmHg" Cal="30,60,307,3378" SampleRate="125" SamplePeriodInMsec="1000" Samples="125">39.7,41.3,44.1,47.9,52.1,56.0,59.1,61.3,62.2,62.0,60.8,58.7,56.3,53.9,51.7,50.0,48.9,48.2,47.9,47.9,47.9,47.9,47.9,47.8,47.6,47.3,47.0,46.6,46.2,45.7,45.2,44.8,44.2,43.8,43.4,43.1,42.8,42.6,42.4,42.1,41.9,41.7,41.4,41.1,40.8,40.5,40.2,39.9,39.6,39.3,38.9,38.7,38.6,38.6,39.2,40.5,42.8,45.9,49.6,53.0,55.7,57.3,57.8,57.0,55.4,53.2,51.0,49.0,47.4,46.3,45.7,45.6,45.6,45.7,45.8,45.9,45.8,45.7,45.4,45.1,44.7,44.2,43.7,43.2,42.7,42.3,41.9,41.6,41.3,41.1,40.9,40.7,40.6,40.4,40.2,40.0,39.7,39.4,39.2,38.9,38.6,38.3,38.0,37.7,37.4,37.2,37.2,37.4,38.1,39.7,42.3,45.7,49.5,53.1,55.8,57.5,58.0,57.5,56.1,53.9,51.5,49.1,47.4,46.2,45.6</WaveformData>
            <WaveformData ID="4214108" Label="Unk lbl 4214108" UOM="Uncalib" Cal="0,0,0,0" SampleRate="125" SamplePeriodInMsec="1000" Samples="125">1667,1660,1667,1682,1697,1726,1762,1814,1865,1931,1996,2060,2168,2264,2361,2433,2505,2541,2578,2590,2590,2578,2553,2529,2505,2469,2433,2397,2349,2313,2276,2240,2204,2168,2132,2096,2072,2048,2011,1975,1939,1915,1879,1855,1831,1819,1795,1783,1771,1758,1746,1734,1734,1734,1734,1746,1783,1819,1867,1939,2024,2108,2216,2337,2457,2578,2698,2806,2903,2987,3047,3096,3132,3156,3168,3156,3156,3144,3120,3096,3059,3023,2987,2939,2891,2843,2794,2746,2698,2650,2590,2541,2481,2433,2385,2337,2276,2228,2180,2132,2096,2048,2024,1975,1939,1903,1867,1843,1819,1807,1795,1807,1831,1867,1915,1975,2048,2120,2204,2288,2361,2433,2493,2541,2565</WaveformData>
      </Waveforms>
      <VitalSigns CollectionTime="12/21/2017 1:52:02 PM" CollectionTimeUTC="1513885922">
            <VitalSign>
                  <Parameter>HR</Parameter>
                  <BpChannel />
                  <Time>12/21/2017 1:52:02 PM</Time>
                  <TimeUTC>1513885922</TimeUTC>
                  <Value UOM="Bpm" Q="">139</Value>
                  <AlarmLimitLow />
                  <AlarmLimitHigh />
            </VitalSign>
            <VitalSign>
                  <Parameter>NBP-S</Parameter>
                  <BpChannel />
                  <Time>12/21/2017 8:23:00 PM</Time>
                  <TimeUTC>1513909380</TimeUTC>
                  <Value UOM="mmHg" Q="">NODATA</Value>
                  <AlarmLimitLow />
                  <AlarmLimitHigh />
            </VitalSign>
            <VitalSign>
                  <Parameter>NBP-D</Parameter>
                  <BpChannel />
                  <Time>12/21/2017 8:23:00 PM</Time>
                  <TimeUTC>1513909380</TimeUTC>
                  <Value UOM="mmHg" Q="">NODATA</Value>
                  <AlarmLimitLow />
                  <AlarmLimitHigh />
            </VitalSign>
            <VitalSign>
                  <Parameter>NBP-M</Parameter>
                  <BpChannel />
                  <Time>12/21/2017 8:23:00 PM</Time>
                  <TimeUTC>1513909380</TimeUTC>
                  <Value UOM="mmHg" Q="">NODATA</Value>
                  <AlarmLimitLow />
                  <AlarmLimitHigh />
            </VitalSign>
            <VitalSign>
                  <Parameter>PVC</Parameter>
                  <BpChannel />
                  <Time>12/21/2017 1:52:02 PM</Time>
                  <TimeUTC>1513885922</TimeUTC>
                  <Value UOM="Bpm" Q="">0</Value>
                  <AlarmLimitLow />
                  <AlarmLimitHigh />
            </VitalSign>
            <VitalSign>
                  <Parameter>RHY</Parameter>
                  <BpChannel />
                  <Time>12/21/2017 1:52:02 PM</Time>
                  <TimeUTC>1513885922</TimeUTC>
                  <Value UOM="" Q="">SINUS RHYTHM</Value>
                  <AlarmLimitLow />
                  <AlarmLimitHigh />
            </VitalSign>
            <VitalSign>
                  <Parameter>ECT</Parameter>
                  <BpChannel />
                  <Time>12/21/2017 1:52:02 PM</Time>
                  <TimeUTC>1513885922</TimeUTC>
                  <Value UOM="" Q="" />
                  <AlarmLimitLow />
                  <AlarmLimitHigh />
            </VitalSign>
            <VitalSign>
                  <Parameter>RESP</Parameter>
                  <BpChannel />
                  <Time>12/21/2017 1:52:02 PM</Time>
                  <TimeUTC>1513885922</TimeUTC>
                  <Value UOM="BrMin" Q="">35</Value>
                  <AlarmLimitLow />
                  <AlarmLimitHigh />
            </VitalSign>
            <VitalSign>
                  <Parameter>SPO2</Parameter>
                  <BpChannel />
                  <Time>12/21/2017 1:52:02 PM</Time>
                  <TimeUTC>1513885922</TimeUTC>
                  <Value UOM="%" Q="">100</Value>
                  <AlarmLimitLow />
                  <AlarmLimitHigh />
            </VitalSign>
            <VitalSign>
                  <Parameter>PULSE</Parameter>
                  <BpChannel />
                  <Time>12/21/2017 1:52:02 PM</Time>
                  <TimeUTC>1513885922</TimeUTC>
                  <Value UOM="BPM" Q="">139</Value>
                  <AlarmLimitLow />
                  <AlarmLimitHigh />
            </VitalSign>
            <VitalSign>
                  <Parameter>ABP-S</Parameter>
                  <BpChannel />
                  <Time>12/21/2017 1:52:02 PM</Time>
                  <TimeUTC>1513885922</TimeUTC>
                  <Value UOM="mmHg" Q="">58</Value>
                  <AlarmLimitLow />
                  <AlarmLimitHigh />
            </VitalSign>
            <VitalSign>
                  <Parameter>ABP-D</Parameter>
                  <BpChannel />
                  <Time>12/21/2017 1:52:02 PM</Time>
                  <TimeUTC>1513885922</TimeUTC>
                  <Value UOM="mmHg" Q="">39</Value>
                  <AlarmLimitLow />
                  <AlarmLimitHigh />
            </VitalSign>
            <VitalSign>
                  <Parameter>ABP-M</Parameter>
                  <BpChannel />
                  <Time>12/21/2017 1:52:02 PM</Time>
                  <TimeUTC>1513885922</TimeUTC>
                  <Value UOM="mmHg" Q="">45</Value>
                  <AlarmLimitLow />
                  <AlarmLimitHigh />
            </VitalSign>
      </VitalSigns>
      <Alarms />
      <ImportedData />
      <Waveforms CollectionTime="12/21/2017 1:52:03 PM" CollectionTimeUTC="1513885923" TTX="" DisplayOrder="">
            <WaveformData ID="3230796" Label="RESP" UOM="Ohms" Cal="0,1,1230,2867" SampleRate="125" SamplePeriodInMsec="1000" Samples="125">-0.2,-0.2,-0.2,-0.2,-0.2,-0.2,-0.2,-0.2,-0.2,-0.2,-0.2,-0.2,-0.2,-0.2,-0.2,-0.2,-0.2,-0.2,-0.2,-0.2,-0.2,-0.2,-0.2,-0.2,-0.2,-0.2,-0.2,-0.2,-0.1,-0.1,-0.1,-0.1,-0.1,-0.1,-0.1,-0.1,-0.1,-0.1,-0.1,-0.1,-0.1,-0.1,-0.1,-0.1,-0.1,-0.1,-0.1,-0.1,-0.2,-0.2,-0.2,-0.2,-0.2,-0.2,-0.2,-0.2,-0.2,-0.2,-0.2,-0.2,-0.2,-0.2,-0.2,-0.2,-0.1,-0.1,-0.1,-0.1,-0.1,-0.1,-0.1,0.0,0.0,0.0,0.1,0.1,0.1,0.2,0.2,0.2,0.3,0.3,0.4,0.4,0.5,0.5,0.5,0.6,0.6,0.6,0.7,0.7,0.7,0.8,0.8,0.8,0.8,0.9,0.9,0.9,0.9,0.9,0.9,0.9,0.9,1.0,1.0,1.0,1.0,1.0,1.0,1.0,1.0,1.0,1.0,1.0,1.0,0.9,0.9,0.9,0.9,0.9,0.9,0.9,0.9</WaveformData>
            <WaveformData ID="4487318" Label="II" UOM="mV" Cal="0,1,1023,3071" SampleRate="125" SamplePeriodInMsec="1000" Samples="125">0.665,0.595,0.57,0.575,0.58,0.585,0.595,0.605,0.62,0.6,0.67,1.175,1.5,1.5,0.755,0.435,0.6,0.72,0.735,0.74,0.75,0.755,0.76,0.765,0.77,0.775,0.785,0.795,0.82,0.845,0.875,0.905,0.94,0.97,0.99,1.005,1.01,0.99,0.96,0.925,0.885,0.84,0.795,0.755,0.71,0.67,0.63,0.595,0.57,0.585,0.64,0.71,0.74,0.68,0.59,0.53,0.515,0.515,0.52,0.525,0.53,0.54,0.545,0.515,0.74,1.465,1.5,1.18,0.41,0.315,0.55,0.605,0.61,0.61,0.615,0.62,0.615,0.605,0.605,0.615,0.625,0.64,0.66,0.685,0.715,0.74,0.765,0.785,0.8,0.805,0.8,0.78,0.745,0.7,0.65,0.61,0.565,0.525,0.485,0.45,0.42,0.395,0.39,0.43,0.505,0.57,0.585,0.52,0.455,0.42,0.425,0.435,0.445,0.455,0.48,0.495,0.485,0.51,0.875,1.5,1.5,0.865,0.38,0.485,0.635</WaveformData>
            <WaveformData ID="4214093" Label="SPO2" UOM="Uncalib" Cal="0,0,0,0" SampleRate="125" SamplePeriodInMsec="1000" Samples="125">1163.0,1201.0,1256.0,1340.0,1433.0,1545.0,1675.0,1806.0,1936.0,2048.0,2159.0,2252.0,2327.0,2383.0,2411.0,2429.0,2429.0,2429.0,2429.0,2411.0,2392.0,2373.0,2345.0,2327.0,2299.0,2280.0,2252.0,2224.0,2206.0,2169.0,2141.0,2103.0,2066.0,2038.0,1992.0,1955.0,1908.0,1861.0,1815.0,1778.0,1731.0,1685.0,1638.0,1592.0,1545.0,1489.0,1443.0,1396.0,1340.0,1294.0,1247.0,1201.0,1163.0,1145.0,1135.0,1154.0,1182.0,1247.0,1322.0,1424.0,1545.0,1675.0,1806.0,1936.0,2057.0,2169.0,2271.0,2345.0,2392.0,2438.0,2448.0,2457.0,2448.0,2429.0,2411.0,2392.0,2373.0,2355.0,2336.0,2317.0,2290.0,2271.0,2243.0,2215.0,2187.0,2150.0,2113.0,2066.0,2038.0,1992.0,1940.0,1892.0,1833.0,1784.0,1736.0,1687.0,1638.0,1589.0,1540.0,1482.0,1433.0,1384.0,1326.0,1277.0,1238.0,1199.0,1180.0,1170.0,1189.0,1238.0,1297.0,1404.0,1531.0,1667.0,1833.0,1989.0,2155.0,2311.0,2467.0,2594.0,2711.0,2789.0,2857.0,2906.0,2935.0</WaveformData>
            <WaveformData ID="3289908" Label="ABP" UOM="mmHg" Cal="30,60,307,3378" SampleRate="125" SamplePeriodInMsec="1000" Samples="125">45.4,45.5,45.6,45.6,45.7,45.6,45.6,45.3,45.1,44.6,44.2,43.7,43.3,42.9,42.4,42.1,41.7,41.4,41.1,40.9,40.7,40.6,40.4,40.2,40.1,39.8,39.5,39.3,38.9,38.6,38.3,38.1,37.7,37.5,37.3,37.2,37.6,38.7,40.7,43.7,47.4,51.3,54.6,57.1,58.4,58.4,57.4,55.6,53.4,51.1,49.1,47.7,46.7,46.2,46.1,46.2,46.4,46.6,46.6,46.6,46.4,46.2,45.9,45.7,45.3,44.9,44.5,44.1,43.6,43.2,42.9,42.7,42.5,42.3,42.2,42.0,41.8,41.6,41.4,41.1,40.9,40.6,40.3,40.0,39.7,39.4,39.1,38.9,38.8,39.0,39.8,41.6,44.5,48.3,52.4,56.1,58.9,61.0,62.0,61.7,60.2,58.1,55.7,53.2,51.1,49.6,48.4,47.9,47.7,47.7,47.8,47.9,47.9,47.7,47.4,47.1,46.6,46.3,45.9,45.4,44.9,44.4,43.9,43.6,43.2</WaveformData>
            <WaveformData ID="4214108" Label="Unk lbl 4214108" UOM="Uncalib" Cal="0,0,0,0" SampleRate="125" SamplePeriodInMsec="1000" Samples="125">2578,2578,2578,2553,2517,2481,2445,2409,2361,2325,2291,2252,2214,2163,2124,2086,2048,2009,1971,1932,1881,1843,1792,1740,1702,1651,1612,1561,1523,1484,1446,1408,1369,1344,1318,1292,1267,1254,1254,1267,1292,1331,1395,1472,1561,1664,1766,1868,1984,2073,2163,2240,2304,2342,2368,2380,2380,2368,2355,2316,2291,2252,2214,2176,2150,2112,2073,2048,2009,1984,1945,1907,1868,1830,1792,1753,1715,1664,1625,1587,1548,1510,1484,1446,1408,1382,1356,1331,1305,1292,1280,1280,1280,1305,1344,1408,1472,1548,1664,1766,1881,1996,2099,2201,2291,2368,2432,2470,2496,2508,2508,2483,2457,2432,2393,2355,2304,2265,2227,2188,2150,2112,2073,2048,2009</WaveformData>
      </Waveforms>
      <VitalSigns CollectionTime="12/21/2017 1:52:03 PM" CollectionTimeUTC="1513885923">
            <VitalSign>
                  <Parameter>HR</Parameter>
                  <BpChannel />
                  <Time>12/21/2017 1:52:03 PM</Time>
                  <TimeUTC>1513885923</TimeUTC>
                  <Value UOM="Bpm" Q="">139</Value>
                  <AlarmLimitLow />
                  <AlarmLimitHigh />
            </VitalSign>
            <VitalSign>
                  <Parameter>NBP-S</Parameter>
                  <BpChannel />
                  <Time>12/21/2017 8:23:00 PM</Time>
                  <TimeUTC>1513909380</TimeUTC>
                  <Value UOM="mmHg" Q="">NODATA</Value>
                  <AlarmLimitLow />
                  <AlarmLimitHigh />
            </VitalSign>
            <VitalSign>
                  <Parameter>NBP-D</Parameter>
                  <BpChannel />
                  <Time>12/21/2017 8:23:00 PM</Time>
                  <TimeUTC>1513909380</TimeUTC>
                  <Value UOM="mmHg" Q="">NODATA</Value>
                  <AlarmLimitLow />
                  <AlarmLimitHigh />
            </VitalSign>
            <VitalSign>
                  <Parameter>NBP-M</Parameter>
                  <BpChannel />
                  <Time>12/21/2017 8:23:00 PM</Time>
                  <TimeUTC>1513909380</TimeUTC>
                  <Value UOM="mmHg" Q="">NODATA</Value>
                  <AlarmLimitLow />
                  <AlarmLimitHigh />
            </VitalSign>
            <VitalSign>
                  <Parameter>PVC</Parameter>
                  <BpChannel />
                  <Time>12/21/2017 1:52:03 PM</Time>
                  <TimeUTC>1513885923</TimeUTC>
                  <Value UOM="Bpm" Q="">0</Value>
                  <AlarmLimitLow />
                  <AlarmLimitHigh />
            </VitalSign>
            <VitalSign>
                  <Parameter>RHY</Parameter>
                  <BpChannel />
                  <Time>12/21/2017 1:52:03 PM</Time>
                  <TimeUTC>1513885923</TimeUTC>
                  <Value UOM="" Q="">SINUS RHYTHM</Value>
                  <AlarmLimitLow />
                  <AlarmLimitHigh />
            </VitalSign>
            <VitalSign>
                  <Parameter>ECT</Parameter>
                  <BpChannel />
                  <Time>12/21/2017 1:52:03 PM</Time>
                  <TimeUTC>1513885923</TimeUTC>
                  <Value UOM="" Q="" />
                  <AlarmLimitLow />
                  <AlarmLimitHigh />
            </VitalSign>
            <VitalSign>
                  <Parameter>RESP</Parameter>
                  <BpChannel />
                  <Time>12/21/2017 1:52:03 PM</Time>
                  <TimeUTC>1513885923</TimeUTC>
                  <Value UOM="BrMin" Q="">35</Value>
                  <AlarmLimitLow />
                  <AlarmLimitHigh />
            </VitalSign>
            <VitalSign>
                  <Parameter>SPO2</Parameter>
                  <BpChannel />
                  <Time>12/21/2017 1:52:03 PM</Time>
                  <TimeUTC>1513885923</TimeUTC>
                  <Value UOM="%" Q="">100</Value>
                  <AlarmLimitLow />
                  <AlarmLimitHigh />
            </VitalSign>
            <VitalSign>
                  <Parameter>PULSE</Parameter>
                  <BpChannel />
                  <Time>12/21/2017 1:52:03 PM</Time>
                  <TimeUTC>1513885923</TimeUTC>
                  <Value UOM="BPM" Q="">139</Value>
                  <AlarmLimitLow />
                  <AlarmLimitHigh />
            </VitalSign>
            <VitalSign>
                  <Parameter>ABP-S</Parameter>
                  <BpChannel />
                  <Time>12/21/2017 1:52:03 PM</Time>
                  <TimeUTC>1513885923</TimeUTC>
                  <Value UOM="mmHg" Q="">58</Value>
                  <AlarmLimitLow />
                  <AlarmLimitHigh />
            </VitalSign>
            <VitalSign>
                  <Parameter>ABP-D</Parameter>
                  <BpChannel />
                  <Time>12/21/2017 1:52:03 PM</Time>
                  <TimeUTC>1513885923</TimeUTC>
                  <Value UOM="mmHg" Q="">39</Value>
                  <AlarmLimitLow />
                  <AlarmLimitHigh />
            </VitalSign>
            <VitalSign>
                  <Parameter>ABP-M</Parameter>
                  <BpChannel />
                  <Time>12/21/2017 1:52:03 PM</Time>
                  <TimeUTC>1513885923</TimeUTC>
                  <Value UOM="mmHg" Q="">45</Value>
                  <AlarmLimitLow />
                  <AlarmLimitHigh />
            </VitalSign>
      </VitalSigns>
      <Alarms />
      <ImportedData />
      <Waveforms CollectionTime="12/21/2017 1:52:04 PM" CollectionTimeUTC="1513885924" TTX="" DisplayOrder="">
            <WaveformData ID="3230796" Label="RESP" UOM="Ohms" Cal="0,1,1230,2867" SampleRate="125" SamplePeriodInMsec="1000" Samples="125">0.8,0.8,0.8,0.8,0.7,0.7,0.7,0.6,0.6,0.6,0.5,0.5,0.5,0.4,0.4,0.4,0.4,0.3,0.3,0.3,0.2,0.2,0.2,0.2,0.2,0.1,0.1,0.1,0.1,0.1,0.0,0.0,0.0,0.0,0.0,0.0,0.0,0.0,-0.1,-0.1,-0.1,-0.1,-0.1,-0.1,-0.1,-0.1,-0.1,-0.1,-0.1,-0.1,-0.1,-0.1,-0.1,-0.1,-0.1,-0.1,-0.1,-0.1,-0.1,-0.1,-0.1,-0.1,-0.1,-0.1,-0.1,-0.1,-0.1,-0.1,-0.1,-0.1,-0.2,-0.2,-0.2,-0.2,-0.2,-0.2,-0.2,-0.2,-0.2,-0.2,-0.2,-0.2,-0.2,-0.2,-0.2,-0.2,-0.2,-0.2,-0.2,-0.2,-0.2,-0.2,-0.2,-0.2,-0.2,-0.2,-0.2,-0.2,-0.2,-0.2,-0.2,-0.2,-0.2,-0.2,-0.2,-0.2,-0.2,-0.2,-0.2,-0.2,-0.2,-0.2,-0.2,-0.2,-0.2,-0.2,-0.2,-0.2,-0.2,-0.2,-0.2,-0.2,-0.2,-0.2,-0.2</WaveformData>
            <WaveformData ID="4487318" Label="II" UOM="mV" Cal="0,1,1023,3071" SampleRate="125" SamplePeriodInMsec="1000" Samples="125">0.665,0.675,0.69,0.705,0.715,0.725,0.735,0.745,0.76,0.78,0.81,0.845,0.88,0.92,0.965,1,1.025,1.04,1.045,1.035,1.01,0.975,0.935,0.89,0.85,0.805,0.76,0.72,0.68,0.64,0.61,0.615,0.66,0.735,0.775,0.755,0.675,0.605,0.58,0.585,0.595,0.605,0.615,0.625,0.635,0.62,0.685,1.18,1.5,1.5,0.78,0.47,0.635,0.75,0.765,0.77,0.78,0.79,0.795,0.8,0.805,0.815,0.825,0.84,0.86,0.89,0.915,0.95,0.985,1.015,1.04,1.05,1.05,1.04,1.01,0.975,0.935,0.89,0.845,0.8,0.755,0.71,0.67,0.63,0.61,0.625,0.685,0.75,0.77,0.715,0.63,0.575,0.565,0.57,0.58,0.59,0.6,0.615,0.62,0.6,0.805,1.475,1.5,1.285,0.54,0.43,0.665,0.73,0.74,0.75,0.755,0.755,0.76,0.765,0.77,0.78,0.79,0.8,0.82,0.85,0.885,0.915,0.95,0.975,0.995</WaveformData>
            <WaveformData ID="4214093" Label="SPO2" UOM="Uncalib" Cal="0,0,0,0" SampleRate="125" SamplePeriodInMsec="1000" Samples="125">2945.0,2954.0,2954.0,2954.0,2945.0,2945.0,2935.0,2925.0,2915.0,2896.0,2876.0,2857.0,2828.0,2798.0,2759.0,2720.0,2681.0,2633.0,2584.0,2535.0,2486.0,2438.0,2389.0,2330.0,2282.0,2223.0,2174.0,2116.0,2057.0,2009.0,1950.0,1901.0,1843.0,1794.0,1755.0,1726.0,1706.0,1726.0,1755.0,1804.0,1872.0,1960.0,2057.0,2165.0,2282.0,2389.0,2486.0,2574.0,2633.0,2691.0,2711.0,2720.0,2720.0,2701.0,2681.0,2652.0,2623.0,2584.0,2555.0,2525.0,2496.0,2467.0,2438.0,2399.0,2369.0,2321.0,2282.0,2233.0,2184.0,2135.0,2087.0,2038.0,1989.0,1931.0,1882.0,1823.0,1765.0,1716.0,1658.0,1599.0,1550.0,1492.0,1433.0,1375.0,1316.0,1258.0,1209.0,1170.0,1141.0,1034.0,1034.0,1078.0,1131.0,1218.0,1336.0,1455.0,1606.0,1746.0,1897.0,2037.0,2155.0,2263.0,2349.0,2414.0,2446.0,2468.0,2468.0,2468.0,2446.0,2425.0,2403.0,2382.0,2360.0,2339.0,2317.0,2285.0,2263.0,2231.0,2198.0,2155.0,2112.0,2069.0,2037.0,1983.0,1929.0</WaveformData>
            <WaveformData ID="3289908" Label="ABP" UOM="mmHg" Cal="30,60,307,3378" SampleRate="125" SamplePeriodInMsec="1000" Samples="125">42.9,42.6,42.4,42.2,42.0,41.8,41.6,41.2,40.9,40.6,40.2,39.9,39.7,39.4,39.1,38.8,38.6,38.4,38.6,39.3,40.7,43.2,46.4,50.1,53.5,56.0,57.4,57.7,56.8,55.1,52.9,50.7,48.7,47.1,46.0,45.5,45.4,45.5,45.6,45.8,45.8,45.7,45.5,45.2,44.9,44.4,44.0,43.6,43.1,42.6,42.2,41.8,41.5,41.2,40.9,40.7,40.6,40.4,40.3,40.1,39.9,39.6,39.3,39.0,38.7,38.4,38.1,37.9,37.6,37.4,37.2,37.2,37.4,38.2,40.1,43.0,46.6,50.4,53.7,56.2,57.6,57.8,56.9,55.2,53.0,50.7,48.6,47.0,46.0,45.5,45.3,45.3,45.4,45.6,45.6,45.6,45.4,45.2,44.9,44.6,44.1,43.6,43.1,42.6,42.2,41.8,41.4,41.2,41.0,40.8,40.6,40.5,40.3,40.1,39.9,39.6,39.3,39.0,38.7,38.4,38.1,37.9,37.6,37.4,37.2</WaveformData>
            <WaveformData ID="4214108" Label="Unk lbl 4214108" UOM="Uncalib" Cal="0,0,0,0" SampleRate="125" SamplePeriodInMsec="1000" Samples="125">1984,1945,1907,1868,1843,1804,1779,1753,1728,1715,1689,1676,1664,1651,1638,1625,1625,1625,1625,1638,1651,1676,1728,1792,1868,1958,2060,2188,2304,2444,2572,2700,2803,2918,2995,3059,3110,3136,3161,3161,3161,3161,3136,3123,3097,3072,3046,3020,2982,2931,2880,2828,2764,2713,2662,2598,2534,2483,2419,2368,2304,2252,2201,2150,2099,2060,2022,1984,1932,1894,1856,1817,1792,1766,1753,1753,1766,1792,1843,1894,1971,2048,2124,2214,2304,2380,2444,2496,2547,2572,2572,2572,2547,2521,2483,2444,2406,2355,2316,2265,2227,2188,2150,2099,2060,2035,1996,1945,1907,1856,1817,1766,1728,1676,1638,1587,1548,1510,1472,1433,1395,1356,1318,1292,1267</WaveformData>
      </Waveforms>
      <VitalSigns CollectionTime="12/21/2017 1:52:04 PM" CollectionTimeUTC="1513885924">
            <VitalSign>
                  <Parameter>HR</Parameter>
                  <BpChannel />
                  <Time>12/21/2017 1:52:04 PM</Time>
                  <TimeUTC>1513885924</TimeUTC>
                  <Value UOM="Bpm" Q="">139</Value>
                  <AlarmLimitLow />
                  <AlarmLimitHigh />
            </VitalSign>
            <VitalSign>
                  <Parameter>NBP-S</Parameter>
                  <BpChannel />
                  <Time>12/21/2017 8:23:00 PM</Time>
                  <TimeUTC>1513909380</TimeUTC>
                  <Value UOM="mmHg" Q="">NODATA</Value>
                  <AlarmLimitLow />
                  <AlarmLimitHigh />
            </VitalSign>
            <VitalSign>
                  <Parameter>NBP-D</Parameter>
                  <BpChannel />
                  <Time>12/21/2017 8:23:00 PM</Time>
                  <TimeUTC>1513909380</TimeUTC>
                  <Value UOM="mmHg" Q="">NODATA</Value>
                  <AlarmLimitLow />
                  <AlarmLimitHigh />
            </VitalSign>
            <VitalSign>
                  <Parameter>NBP-M</Parameter>
                  <BpChannel />
                  <Time>12/21/2017 8:23:00 PM</Time>
                  <TimeUTC>1513909380</TimeUTC>
                  <Value UOM="mmHg" Q="">NODATA</Value>
                  <AlarmLimitLow />
                  <AlarmLimitHigh />
            </VitalSign>
            <VitalSign>
                  <Parameter>PVC</Parameter>
                  <BpChannel />
                  <Time>12/21/2017 1:52:04 PM</Time>
                  <TimeUTC>1513885924</TimeUTC>
                  <Value UOM="Bpm" Q="">0</Value>
                  <AlarmLimitLow />
                  <AlarmLimitHigh />
            </VitalSign>
            <VitalSign>
                  <Parameter>RHY</Parameter>
                  <BpChannel />
                  <Time>12/21/2017 1:52:04 PM</Time>
                  <TimeUTC>1513885924</TimeUTC>
                  <Value UOM="" Q="">SINUS RHYTHM</Value>
                  <AlarmLimitLow />
                  <AlarmLimitHigh />
            </VitalSign>
            <VitalSign>
                  <Parameter>ECT</Parameter>
                  <BpChannel />
                  <Time>12/21/2017 1:52:04 PM</Time>
                  <TimeUTC>1513885924</TimeUTC>
                  <Value UOM="" Q="" />
                  <AlarmLimitLow />
                  <AlarmLimitHigh />
            </VitalSign>
            <VitalSign>
                  <Parameter>RESP</Parameter>
                  <BpChannel />
                  <Time>12/21/2017 1:52:04 PM</Time>
                  <TimeUTC>1513885924</TimeUTC>
                  <Value UOM="BrMin" Q="">35</Value>
                  <AlarmLimitLow />
                  <AlarmLimitHigh />
            </VitalSign>
            <VitalSign>
                  <Parameter>SPO2</Parameter>
                  <BpChannel />
                  <Time>12/21/2017 1:52:04 PM</Time>
                  <TimeUTC>1513885924</TimeUTC>
                  <Value UOM="%" Q="">100</Value>
                  <AlarmLimitLow />
                  <AlarmLimitHigh />
            </VitalSign>
            <VitalSign>
                  <Parameter>PULSE</Parameter>
                  <BpChannel />
                  <Time>12/21/2017 1:52:04 PM</Time>
                  <TimeUTC>1513885924</TimeUTC>
                  <Value UOM="BPM" Q="">140</Value>
                  <AlarmLimitLow />
                  <AlarmLimitHigh />
            </VitalSign>
            <VitalSign>
                  <Parameter>ABP-S</Parameter>
                  <BpChannel />
                  <Time>12/21/2017 1:52:04 PM</Time>
                  <TimeUTC>1513885924</TimeUTC>
                  <Value UOM="mmHg" Q="">58</Value>
                  <AlarmLimitLow />
                  <AlarmLimitHigh />
            </VitalSign>
            <VitalSign>
                  <Parameter>ABP-D</Parameter>
                  <BpChannel />
                  <Time>12/21/2017 1:52:04 PM</Time>
                  <TimeUTC>1513885924</TimeUTC>
                  <Value UOM="mmHg" Q="">39</Value>
                  <AlarmLimitLow />
                  <AlarmLimitHigh />
            </VitalSign>
            <VitalSign>
                  <Parameter>ABP-M</Parameter>
                  <BpChannel />
                  <Time>12/21/2017 1:52:04 PM</Time>
                  <TimeUTC>1513885924</TimeUTC>
                  <Value UOM="mmHg" Q="">45</Value>
                  <AlarmLimitLow />
                  <AlarmLimitHigh />
            </VitalSign>
      </VitalSigns>
      <Alarms />
      <ImportedData />
      <Waveforms CollectionTime="12/21/2017 1:52:05 PM" CollectionTimeUTC="1513885925" TTX="" DisplayOrder="">
            <WaveformData ID="3230796" Label="RESP" UOM="Ohms" Cal="0,1,1230,2867" SampleRate="125" SamplePeriodInMsec="1000" Samples="125">-0.2,-0.1,-0.1,-0.1,-0.2,-0.2,-0.2,-0.2,-0.2,-0.2,-0.2,-0.2,-0.2,-0.2,-0.2,-0.2,-0.2,-0.2,-0.2,-0.2,-0.2,-0.2,-0.2,-0.2,-0.2,-0.2,-0.2,-0.2,-0.2,-0.2,-0.1,-0.1,-0.1,-0.1,-0.1,-0.1,0.0,0.0,0.0,0.0,0.1,0.1,0.2,0.2,0.2,0.3,0.3,0.4,0.4,0.5,0.5,0.5,0.6,0.6,0.6,0.7,0.7,0.7,0.8,0.8,0.8,0.8,0.8,0.9,0.9,0.9,0.9,0.9,0.9,0.9,0.9,0.9,0.9,0.9,0.9,0.9,0.9,0.9,0.9,0.9,0.9,0.9,0.9,0.9,0.9,0.9,0.9,0.9,0.9,0.8,0.8,0.8,0.8,0.7,0.7,0.7,0.7,0.6,0.6,0.6,0.6,0.5,0.5,0.4,0.4,0.4,0.3,0.3,0.3,0.3,0.2,0.2,0.2,0.2,0.1,0.1,0.1,0.1,0.1,0.0,0.0,0.0,0.0,0.0,0.0</WaveformData>
            <WaveformData ID="4487318" Label="II" UOM="mV" Cal="0,1,1023,3071" SampleRate="125" SamplePeriodInMsec="1000" Samples="125">1.005,1,0.975,0.945,0.905,0.865,0.825,0.78,0.735,0.695,0.65,0.615,0.58,0.57,0.605,0.67,0.725,0.73,0.635,0.555,0.515,0.51,0.51,0.51,0.52,0.53,0.535,0.515,0.51,1.025,1.5,1.5,0.745,0.315,0.455,0.59,0.605,0.61,0.61,0.615,0.615,0.615,0.61,0.61,0.615,0.625,0.645,0.665,0.69,0.72,0.75,0.77,0.79,0.805,0.805,0.79,0.76,0.72,0.675,0.63,0.59,0.545,0.5,0.465,0.43,0.405,0.385,0.39,0.445,0.525,0.58,0.56,0.485,0.425,0.41,0.415,0.425,0.435,0.455,0.47,0.485,0.47,0.565,1.095,1.5,1.405,0.605,0.36,0.54,0.645,0.66,0.675,0.685,0.7,0.715,0.725,0.74,0.75,0.765,0.785,0.815,0.855,0.895,0.93,0.975,1.01,1.03,1.045,1.045,1.025,1,0.965,0.925,0.88,0.835,0.79,0.745,0.7,0.66,0.625,0.6,0.615,0.665,0.74,0.78</WaveformData>
            <WaveformData ID="4214093" Label="SPO2" UOM="Uncalib" Cal="0,0,0,0" SampleRate="125" SamplePeriodInMsec="1000" Samples="125">1886.0,1832.0,1778.0,1724.0,1670.0,1616.0,1563.0,1509.0,1444.0,1390.0,1336.0,1272.0,1218.0,1164.0,1110.0,1067.0,1034.0,1013.0,1024.0,1056.0,1121.0,1196.0,1325.0,1476.0,1627.0,1800.0,1972.0,2123.0,2263.0,2392.0,2479.0,2554.0,2608.0,2640.0,2651.0,2640.0,2630.0,2608.0,2576.0,2554.0,2522.0,2489.0,2468.0,2436.0,2392.0,2360.0,2317.0,2274.0,2231.0,2177.0,2134.0,2080.0,2037.0,1972.0,1918.0,1864.0,1810.0,1757.0,1757.0,1757.0,1757.0,1713.0,1660.0,1606.0,1552.0,1498.0,1444.0,1379.0,1325.0,1272.0,1228.0,1185.0,1153.0,1142.0,1153.0,1175.0,1250.0,1336.0,1455.0,1606.0,1767.0,1951.0,2123.0,2306.0,2479.0,2640.0,2770.0,2877.0,2918.0,2969.0,3010.0,3031.0,3041.0,3051.0,3041.0,3031.0,3031.0,3020.0,3010.0,2990.0,2979.0,2959.0,2938.0,2908.0,2877.0,2836.0,2805.0,2754.0,2713.0,2652.0,2590.0,2529.0,2467.0,2396.0,2334.0,2273.0,2211.0,2160.0,2099.0,2048.0,1996.0,1935.0,1874.0,1812.0,1751.0</WaveformData>
            <WaveformData ID="3289908" Label="ABP" UOM="mmHg" Cal="30,60,307,3378" SampleRate="125" SamplePeriodInMsec="1000" Samples="125">37.2,37.9,39.3,41.7,45.1,48.9,52.6,55.4,57.2,58.2,58.1,56.9,55.1,52.9,50.7,48.9,47.6,46.8,46.4,46.3,46.3,46.4,46.4,46.4,46.3,46.2,46.0,45.7,45.5,45.2,44.8,44.3,43.9,43.6,43.2,42.9,42.6,42.4,42.3,42.1,41.9,41.7,41.5,41.3,41.1,40.7,40.4,40.1,39.8,39.5,39.3,39.0,38.7,38.7,39.1,40.2,42.6,46.1,50.2,54.3,57.9,60.5,62.0,62.2,61.3,59.4,56.9,54.4,52.1,50.3,48.9,48.1,47.7,47.6,47.7,47.9,47.9,47.8,47.6,47.3,46.9,46.5,46.1,45.7,45.2,44.7,44.2,43.8,43.4,42.9,42.7,42.4,42.3,42.1,41.9,41.6,41.3,41.1,40.7,40.4,40.1,39.9,39.6,39.3,38.9,38.6,38.4,38.4,38.7,39.6,41.4,44.1,47.6,51.1,54.2,56.4,57.4,57.2,56.1,54.2,52.0,49.8,48.0,46.6,45.8</WaveformData>
            <WaveformData ID="4214108" Label="Unk lbl 4214108" UOM="Uncalib" Cal="0,0,0,0" SampleRate="125" SamplePeriodInMsec="1000" Samples="125">1241,1228,1216,1228,1254,1280,1331,1395,1355,1465,1591,1733,1859,2000,2095,2205,2284,2363,2394,2426,2441,2426,2410,2378,2331,2300,2252,2205,2158,2111,2063,2048,2000,1953,1906,1859,1811,1780,1717,1670,1622,1575,1528,1481,1433,1386,1339,1292,1260,1228,1181,1150,1118,1102,1087,1087,1102,1150,1197,1276,1370,1481,1607,1748,1906,2048,2174,2315,2426,2520,2599,2662,2693,2709,2709,2693,2662,2615,2583,2520,2473,2426,2378,2331,2268,2221,2174,2126,2079,2032,1985,1937,1890,1859,1811,1764,1733,1701,1670,1654,1622,1607,1591,1575,1559,1544,1544,1544,1544,1559,1591,1638,1717,1811,1922,2048,2174,2331,2489,2646,2788,2930,3056,3166,3260</WaveformData>
      </Waveforms>
      <VitalSigns CollectionTime="12/21/2017 1:52:05 PM" CollectionTimeUTC="1513885925">
            <VitalSign>
                  <Parameter>HR</Parameter>
                  <BpChannel />
                  <Time>12/21/2017 1:52:05 PM</Time>
                  <TimeUTC>1513885925</TimeUTC>
                  <Value UOM="Bpm" Q="">140</Value>
                  <AlarmLimitLow />
                  <AlarmLimitHigh />
            </VitalSign>
            <VitalSign>
                  <Parameter>NBP-S</Parameter>
                  <BpChannel />
                  <Time>12/21/2017 8:23:00 PM</Time>
                  <TimeUTC>1513909380</TimeUTC>
                  <Value UOM="mmHg" Q="">NODATA</Value>
                  <AlarmLimitLow />
                  <AlarmLimitHigh />
            </VitalSign>
            <VitalSign>
                  <Parameter>NBP-D</Parameter>
                  <BpChannel />
                  <Time>12/21/2017 8:23:00 PM</Time>
                  <TimeUTC>1513909380</TimeUTC>
                  <Value UOM="mmHg" Q="">NODATA</Value>
                  <AlarmLimitLow />
                  <AlarmLimitHigh />
            </VitalSign>
            <VitalSign>
                  <Parameter>NBP-M</Parameter>
                  <BpChannel />
                  <Time>12/21/2017 8:23:00 PM</Time>
                  <TimeUTC>1513909380</TimeUTC>
                  <Value UOM="mmHg" Q="">NODATA</Value>
                  <AlarmLimitLow />
                  <AlarmLimitHigh />
            </VitalSign>
            <VitalSign>
                  <Parameter>PVC</Parameter>
                  <BpChannel />
                  <Time>12/21/2017 1:52:05 PM</Time>
                  <TimeUTC>1513885925</TimeUTC>
                  <Value UOM="Bpm" Q="">0</Value>
                  <AlarmLimitLow />
                  <AlarmLimitHigh />
            </VitalSign>
            <VitalSign>
                  <Parameter>RHY</Parameter>
                  <BpChannel />
                  <Time>12/21/2017 1:52:05 PM</Time>
                  <TimeUTC>1513885925</TimeUTC>
                  <Value UOM="" Q="">SINUS RHYTHM</Value>
                  <AlarmLimitLow />
                  <AlarmLimitHigh />
            </VitalSign>
            <VitalSign>
                  <Parameter>ECT</Parameter>
                  <BpChannel />
                  <Time>12/21/2017 1:52:05 PM</Time>
                  <TimeUTC>1513885925</TimeUTC>
                  <Value UOM="" Q="" />
                  <AlarmLimitLow />
                  <AlarmLimitHigh />
            </VitalSign>
            <VitalSign>
                  <Parameter>RESP</Parameter>
                  <BpChannel />
                  <Time>12/21/2017 1:52:05 PM</Time>
                  <TimeUTC>1513885925</TimeUTC>
                  <Value UOM="BrMin" Q="">35</Value>
                  <AlarmLimitLow />
                  <AlarmLimitHigh />
            </VitalSign>
            <VitalSign>
                  <Parameter>SPO2</Parameter>
                  <BpChannel />
                  <Time>12/21/2017 1:52:05 PM</Time>
                  <TimeUTC>1513885925</TimeUTC>
                  <Value UOM="%" Q="">100</Value>
                  <AlarmLimitLow />
                  <AlarmLimitHigh />
            </VitalSign>
            <VitalSign>
                  <Parameter>PULSE</Parameter>
                  <BpChannel />
                  <Time>12/21/2017 1:52:05 PM</Time>
                  <TimeUTC>1513885925</TimeUTC>
                  <Value UOM="BPM" Q="">140</Value>
                  <AlarmLimitLow />
                  <AlarmLimitHigh />
            </VitalSign>
            <VitalSign>
                  <Parameter>ABP-S</Parameter>
                  <BpChannel />
                  <Time>12/21/2017 1:52:05 PM</Time>
                  <TimeUTC>1513885925</TimeUTC>
                  <Value UOM="mmHg" Q="">58</Value>
                  <AlarmLimitLow />
                  <AlarmLimitHigh />
            </VitalSign>
            <VitalSign>
                  <Parameter>ABP-D</Parameter>
                  <BpChannel />
                  <Time>12/21/2017 1:52:05 PM</Time>
                  <TimeUTC>1513885925</TimeUTC>
                  <Value UOM="mmHg" Q="">39</Value>
                  <AlarmLimitLow />
                  <AlarmLimitHigh />
            </VitalSign>
            <VitalSign>
                  <Parameter>ABP-M</Parameter>
                  <BpChannel />
                  <Time>12/21/2017 1:52:05 PM</Time>
                  <TimeUTC>1513885925</TimeUTC>
                  <Value UOM="mmHg" Q="">45</Value>
                  <AlarmLimitLow />
                  <AlarmLimitHigh />
            </VitalSign>
      </VitalSigns>
      <Alarms />
      <ImportedData />
      <Waveforms CollectionTime="12/21/2017 1:52:06 PM" CollectionTimeUTC="1513885926" TTX="" DisplayOrder="">
            <WaveformData ID="3230796" Label="RESP" UOM="Ohms" Cal="0,1,1230,2867" SampleRate="125" SamplePeriodInMsec="1000" Samples="125">-0.1,-0.1,-0.1,-0.1,-0.1,-0.1,-0.1,-0.1,-0.1,-0.1,-0.1,-0.1,-0.1,-0.1,-0.1,-0.1,-0.1,-0.2,-0.2,-0.2,-0.2,-0.2,-0.2,-0.2,-0.2,-0.2,-0.2,-0.2,-0.2,-0.2,-0.2,-0.2,-0.2,-0.2,-0.2,-0.2,-0.2,-0.2,-0.2,-0.2,-0.2,-0.2,-0.2,-0.2,-0.2,-0.2,-0.2,-0.2,-0.2,-0.2,-0.2,-0.2,-0.2,-0.2,-0.2,-0.2,-0.2,-0.2,-0.2,-0.2,-0.2,-0.2,-0.2,-0.2,-0.2,-0.2,-0.2,-0.2,-0.2,-0.2,-0.2,-0.2,-0.2,-0.2,-0.2,-0.2,-0.2,-0.2,-0.2,-0.2,-0.2,-0.2,-0.2,-0.1,-0.1,-0.1,-0.1,-0.1,-0.1,-0.1,-0.1,-0.1,-0.1,-0.1,-0.1,-0.1,-0.1,-0.1,-0.1,-0.1,-0.1,-0.1,-0.1,-0.1,-0.1,-0.1,-0.1,-0.2,-0.2,-0.2,-0.2,-0.2,-0.2,-0.2,-0.2,-0.2,-0.2,-0.1,-0.1,-0.1,-0.1,-0.1,-0.1,-0.1,-0.1</WaveformData>
            <WaveformData ID="4487318" Label="II" UOM="mV" Cal="0,1,1023,3071" SampleRate="125" SamplePeriodInMsec="1000" Samples="125">0.745,0.665,0.605,0.585,0.59,0.595,0.6,0.61,0.625,0.635,0.61,0.72,1.285,1.5,1.495,0.69,0.48,0.665,0.76,0.765,0.77,0.775,0.78,0.79,0.795,0.8,0.81,0.815,0.83,0.855,0.88,0.91,0.95,0.985,1.01,1.035,1.045,1.05,1.03,1,0.96,0.915,0.875,0.83,0.78,0.74,0.695,0.65,0.615,0.59,0.61,0.67,0.735,0.765,0.71,0.63,0.575,0.56,0.565,0.57,0.58,0.59,0.605,0.615,0.595,0.78,1.435,1.5,1.32,0.555,0.435,0.66,0.73,0.735,0.745,0.75,0.76,0.765,0.765,0.765,0.77,0.78,0.795,0.815,0.845,0.88,0.91,0.945,0.97,0.99,1,0.995,0.975,0.945,0.905,0.865,0.82,0.775,0.735,0.695,0.65,0.61,0.575,0.56,0.585,0.645,0.715,0.73,0.655,0.57,0.52,0.51,0.51,0.51,0.515,0.525,0.535,0.54,0.51,0.855,1.5,1.5,0.95,0.325,0.31</WaveformData>
            <WaveformData ID="4214093" Label="SPO2" UOM="Uncalib" Cal="0,0,0,0" SampleRate="125" SamplePeriodInMsec="1000" Samples="125">1710.0,1669.0,1638.0,1638.0,1648.0,1689.0,1751.0,1833.0,1925.0,2037.0,2150.0,2263.0,2375.0,2478.0,2570.0,2631.0,2682.0,2703.0,2713.0,2703.0,2682.0,2662.0,2631.0,2600.0,2570.0,2539.0,2508.0,2478.0,2437.0,2406.0,2365.0,2324.0,2283.0,2242.0,2191.0,2140.0,2078.0,2037.0,1986.0,1925.0,1863.0,1812.0,1751.0,1689.0,1638.0,1577.0,1515.0,1454.0,1392.0,1331.0,1269.0,1208.0,1146.0,1095.0,1054.0,1024.0,1024.0,1034.0,1065.0,1136.0,1218.0,1331.0,1464.0,1607.0,1751.0,1904.0,2037.0,2150.0,2263.0,2344.0,2406.0,2437.0,2457.0,2467.0,2447.0,2437.0,2406.0,2385.0,2365.0,2334.0,2314.0,2283.0,2263.0,2232.0,2201.0,2170.0,2129.0,2087.0,2048.0,2018.0,1970.0,1931.0,1882.0,1833.0,1784.0,1736.0,1687.0,1638.0,1589.0,1540.0,1492.0,1433.0,1384.0,1336.0,1277.0,1228.0,1180.0,1141.0,1111.0,1102.0,1111.0,1141.0,1189.0,1267.0,1365.0,1501.0,1648.0,1794.0,1950.0,2077.0,2204.0,2311.0,2399.0,2467.0,2516.0</WaveformData>
            <WaveformData ID="3289908" Label="ABP" UOM="mmHg" Cal="30,60,307,3378" SampleRate="125" SamplePeriodInMsec="1000" Samples="125">45.4,45.3,45.3,45.4,45.5,45.5,45.4,45.2,44.9,44.6,44.2,43.7,43.2,42.7,42.3,41.8,41.4,41.1,40.9,40.6,40.4,40.3,40.2,40.1,39.9,39.7,39.4,39.1,38.8,38.5,38.2,37.9,37.6,37.3,37.1,36.9,36.9,37.3,38.4,40.4,43.4,47.0,50.7,54.0,56.4,57.6,57.6,56.6,54.7,52.4,50.2,48.2,46.7,45.8,45.4,45.2,45.3,45.4,45.4,45.5,45.4,45.2,45.0,44.7,44.3,43.9,43.4,43.0,42.6,42.1,41.7,41.4,41.1,40.8,40.6,40.4,40.2,40.1,39.9,39.7,39.4,39.1,38.9,38.6,38.3,38.1,37.7,37.5,37.2,37.1,37.1,37.6,39.0,41.4,44.7,48.6,52.3,55.4,57.4,58.4,58.1,56.9,54.9,52.6,50.4,48.5,47.2,46.4,46.1,46.1,46.2,46.4,46.6,46.6,46.6,46.4,46.1,45.8,45.5,45.2,44.8,44.2,43.8,43.4,43.1</WaveformData>
            <WaveformData ID="4214108" Label="Unk lbl 4214108" UOM="Uncalib" Cal="0,0,0,0" SampleRate="125" SamplePeriodInMsec="1000" Samples="125">3323,3371,3386,3402,3402,3386,3371,3355,3308,3260,3213,3166,3103,3040,2977,2914,2851,2788,2709,2646,2567,2504,2441,2378,2300,2237,2174,2111,2063,2016,1953,1906,1859,1811,1764,1717,1670,1638,1622,1607,1622,1654,1685,1764,1843,1937,2048,2142,2252,2347,2441,2520,2583,2615,2630,2630,2615,2599,2552,2504,2457,2410,2347,2300,2252,2189,2142,2095,2048,2000,1953,1906,1843,1796,1733,1685,1622,1575,1512,1465,1418,1355,1307,1260,1213,1165,1118,1087,1039,1024,992,976,976,992,1024,1071,1150,1260,1386,1528,1654,1811,1953,2063,2189,2284,2363,2410,2457,2457,2457,2441,2410,2378,2347,2300,2252,2205,2158,2111,2063,2048,2000,1953,1906</WaveformData>
      </Waveforms>
      <VitalSigns CollectionTime="12/21/2017 1:52:06 PM" CollectionTimeUTC="1513885926">
            <VitalSign>
                  <Parameter>HR</Parameter>
                  <BpChannel />
                  <Time>12/21/2017 1:52:06 PM</Time>
                  <TimeUTC>1513885926</TimeUTC>
                  <Value UOM="Bpm" Q="">140</Value>
                  <AlarmLimitLow />
                  <AlarmLimitHigh />
            </VitalSign>
            <VitalSign>
                  <Parameter>NBP-S</Parameter>
                  <BpChannel />
                  <Time>12/21/2017 8:23:00 PM</Time>
                  <TimeUTC>1513909380</TimeUTC>
                  <Value UOM="mmHg" Q="">NODATA</Value>
                  <AlarmLimitLow />
                  <AlarmLimitHigh />
            </VitalSign>
            <VitalSign>
                  <Parameter>NBP-D</Parameter>
                  <BpChannel />
                  <Time>12/21/2017 8:23:00 PM</Time>
                  <TimeUTC>1513909380</TimeUTC>
                  <Value UOM="mmHg" Q="">NODATA</Value>
                  <AlarmLimitLow />
                  <AlarmLimitHigh />
            </VitalSign>
            <VitalSign>
                  <Parameter>NBP-M</Parameter>
                  <BpChannel />
                  <Time>12/21/2017 8:23:00 PM</Time>
                  <TimeUTC>1513909380</TimeUTC>
                  <Value UOM="mmHg" Q="">NODATA</Value>
                  <AlarmLimitLow />
                  <AlarmLimitHigh />
            </VitalSign>
            <VitalSign>
                  <Parameter>PVC</Parameter>
                  <BpChannel />
                  <Time>12/21/2017 1:52:06 PM</Time>
                  <TimeUTC>1513885926</TimeUTC>
                  <Value UOM="Bpm" Q="">0</Value>
                  <AlarmLimitLow />
                  <AlarmLimitHigh />
            </VitalSign>
            <VitalSign>
                  <Parameter>RHY</Parameter>
                  <BpChannel />
                  <Time>12/21/2017 1:52:06 PM</Time>
                  <TimeUTC>1513885926</TimeUTC>
                  <Value UOM="" Q="">SINUS RHYTHM</Value>
                  <AlarmLimitLow />
                  <AlarmLimitHigh />
            </VitalSign>
            <VitalSign>
                  <Parameter>ECT</Parameter>
                  <BpChannel />
                  <Time>12/21/2017 1:52:06 PM</Time>
                  <TimeUTC>1513885926</TimeUTC>
                  <Value UOM="" Q="" />
                  <AlarmLimitLow />
                  <AlarmLimitHigh />
            </VitalSign>
            <VitalSign>
                  <Parameter>RESP</Parameter>
                  <BpChannel />
                  <Time>12/21/2017 1:52:06 PM</Time>
                  <TimeUTC>1513885926</TimeUTC>
                  <Value UOM="BrMin" Q="">35</Value>
                  <AlarmLimitLow />
                  <AlarmLimitHigh />
            </VitalSign>
            <VitalSign>
                  <Parameter>SPO2</Parameter>
                  <BpChannel />
                  <Time>12/21/2017 1:52:06 PM</Time>
                  <TimeUTC>1513885926</TimeUTC>
                  <Value UOM="%" Q="">100</Value>
                  <AlarmLimitLow />
                  <AlarmLimitHigh />
            </VitalSign>
            <VitalSign>
                  <Parameter>PULSE</Parameter>
                  <BpChannel />
                  <Time>12/21/2017 1:52:06 PM</Time>
                  <TimeUTC>1513885926</TimeUTC>
                  <Value UOM="BPM" Q="">139</Value>
                  <AlarmLimitLow />
                  <AlarmLimitHigh />
            </VitalSign>
            <VitalSign>
                  <Parameter>ABP-S</Parameter>
                  <BpChannel />
                  <Time>12/21/2017 1:52:06 PM</Time>
                  <TimeUTC>1513885926</TimeUTC>
                  <Value UOM="mmHg" Q="">58</Value>
                  <AlarmLimitLow />
                  <AlarmLimitHigh />
            </VitalSign>
            <VitalSign>
                  <Parameter>ABP-D</Parameter>
                  <BpChannel />
                  <Time>12/21/2017 1:52:06 PM</Time>
                  <TimeUTC>1513885926</TimeUTC>
                  <Value UOM="mmHg" Q="">38</Value>
                  <AlarmLimitLow />
                  <AlarmLimitHigh />
            </VitalSign>
            <VitalSign>
                  <Parameter>ABP-M</Parameter>
                  <BpChannel />
                  <Time>12/21/2017 1:52:06 PM</Time>
                  <TimeUTC>1513885926</TimeUTC>
                  <Value UOM="mmHg" Q="">45</Value>
                  <AlarmLimitLow />
                  <AlarmLimitHigh />
            </VitalSign>
      </VitalSigns>
      <Alarms />
      <ImportedData />
      <Waveforms CollectionTime="12/21/2017 1:52:07 PM" CollectionTimeUTC="1513885927" TTX="" DisplayOrder="">
            <WaveformData ID="3230796" Label="RESP" UOM="Ohms" Cal="0,1,1230,2867" SampleRate="125" SamplePeriodInMsec="1000" Samples="125">0.0,0.0,0.0,0.0,0.1,0.1,0.1,0.2,0.2,0.2,0.3,0.3,0.4,0.4,0.5,0.5,0.5,0.6,0.6,0.7,0.7,0.7,0.7,0.8,0.8,0.8,0.8,0.9,0.9,0.9,0.9,0.9,0.9,0.9,0.9,1.0,1.0,1.0,1.0,1.0,1.0,1.0,1.0,1.0,1.0,1.0,1.0,1.0,0.9,0.9,0.9,0.9,0.9,0.9,0.9,0.8,0.8,0.8,0.8,0.7,0.7,0.7,0.7,0.6,0.6,0.6,0.5,0.5,0.5,0.4,0.4,0.4,0.4,0.3,0.3,0.3,0.2,0.2,0.2,0.2,0.2,0.1,0.1,0.1,0.1,0.1,0.1,0.0,0.0,0.0,0.0,0.0,0.0,0.0,-0.1,-0.1,-0.1,-0.1,-0.1,-0.1,-0.1,-0.1,-0.1,-0.1,-0.1,-0.1,-0.1,-0.1,-0.1,-0.1,-0.1,-0.1,-0.1,-0.1,-0.1,-0.1,-0.1,-0.1,-0.1,-0.1,-0.1,-0.1,-0.1,-0.1,-0.1</WaveformData>
            <WaveformData ID="4487318" Label="II" UOM="mV" Cal="0,1,1023,3071" SampleRate="125" SamplePeriodInMsec="1000" Samples="125">0.565,0.6,0.605,0.61,0.615,0.615,0.61,0.605,0.605,0.61,0.62,0.635,0.655,0.685,0.71,0.745,0.77,0.79,0.8,0.8,0.79,0.765,0.73,0.685,0.635,0.59,0.55,0.505,0.47,0.435,0.405,0.385,0.385,0.425,0.5,0.565,0.58,0.51,0.44,0.41,0.41,0.425,0.435,0.445,0.465,0.485,0.475,0.47,0.89,1.5,1.5,0.825,0.355,0.47,0.625,0.655,0.665,0.68,0.695,0.705,0.72,0.73,0.745,0.76,0.775,0.8,0.84,0.88,0.915,0.955,0.99,1.02,1.035,1.04,1.03,1.01,0.975,0.93,0.885,0.845,0.8,0.755,0.71,0.67,0.63,0.6,0.6,0.64,0.71,0.765,0.77,0.69,0.615,0.575,0.575,0.585,0.595,0.605,0.615,0.63,0.615,0.605,1.035,1.5,1.5,0.935,0.465,0.58,0.725,0.75,0.755,0.765,0.77,0.775,0.78,0.78,0.79,0.8,0.81,0.83,0.855,0.885,0.92,0.955,0.985</WaveformData>
            <WaveformData ID="4214093" Label="SPO2" UOM="Uncalib" Cal="0,0,0,0" SampleRate="125" SamplePeriodInMsec="1000" Samples="125">2535.0,2545.0,2545.0,2525.0,2506.0,2486.0,2467.0,2438.0,2418.0,2399.0,2369.0,2350.0,2321.0,2282.0,2252.0,2213.0,2174.0,2126.0,2077.0,2048.0,1999.0,1940.0,1892.0,1843.0,1794.0,1745.0,1687.0,1638.0,1589.0,1531.0,1482.0,1433.0,1375.0,1326.0,1277.0,1238.0,1209.0,1199.0,1209.0,1238.0,1297.0,1384.0,1492.0,1628.0,1775.0,1940.0,2096.0,2262.0,2428.0,2564.0,2691.0,2798.0,2876.0,2935.0,2974.0,2993.0,3013.0,3013.0,3013.0,3003.0,2993.0,2984.0,2974.0,2964.0,2945.0,2925.0,2906.0,2876.0,2847.0,2808.0,2769.0,2730.0,2681.0,2633.0,2584.0,2525.0,2457.0,2399.0,2330.0,2282.0,2223.0,2174.0,2116.0,2057.0,2009.0,1950.0,1899.0,1843.0,1796.0,1750.0,1713.0,1694.0,1685.0,1703.0,1731.0,1796.0,1861.0,1955.0,2048.0,2150.0,2262.0,2364.0,2457.0,2532.0,2597.0,2634.0,2662.0,2671.0,2662.0,2653.0,2625.0,2597.0,2569.0,2541.0,2513.0,2485.0,2448.0,2420.0,2383.0,2345.0,2308.0,2271.0,2224.0,2187.0,2131.0</WaveformData>
            <WaveformData ID="3289908" Label="ABP" UOM="mmHg" Cal="30,60,307,3378" SampleRate="125" SamplePeriodInMsec="1000" Samples="125">42.7,42.5,42.3,42.1,42.0,41.8,41.7,41.4,41.2,40.9,40.6,40.4,40.1,39.8,39.5,39.3,38.9,38.7,38.6,38.9,39.9,41.8,44.6,48.5,52.9,56.9,59.9,61.7,62.4,61.7,60.1,57.9,55.4,53.0,50.9,49.4,48.3,47.7,47.6,47.6,47.6,47.6,47.6,47.5,47.3,46.9,46.6,46.2,45.7,45.3,44.8,44.4,43.9,43.5,43.1,42.7,42.4,42.3,42.0,41.8,41.6,41.3,41.0,40.7,40.4,40.1,39.9,39.6,39.3,38.9,38.7,38.4,38.3,38.4,39.1,40.7,43.1,46.4,50.0,53.3,55.8,57.1,57.3,56.4,54.7,52.6,50.4,48.4,46.9,46.0,45.6,45.4,45.4,45.5,45.6,45.6,45.4,45.2,45.0,44.7,44.2,43.8,43.4,42.9,42.5,42.1,41.8,41.4,41.1,40.8,40.6,40.4,40.2,40.1,39.9,39.6,39.4,39.1,38.8,38.6,38.2,37.9,37.6,37.4,37.1</WaveformData>
            <WaveformData ID="4214108" Label="Unk lbl 4214108" UOM="Uncalib" Cal="0,0,0,0" SampleRate="125" SamplePeriodInMsec="1000" Samples="125">1859,1811,1764,1701,1654,1607,1651,1612,1574,1536,1497,1459,1420,1395,1356,1331,1305,1280,1267,1254,1254,1254,1280,1318,1369,1459,1548,1651,1766,1894,2022,2112,2227,2316,2406,2470,2508,2547,2547,2547,2534,2508,2470,2432,2393,2355,2316,2278,2227,2188,2150,2112,2073,2048,2009,1971,1932,1894,1868,1830,1804,1766,1740,1728,1702,1689,1664,1651,1651,1638,1625,1625,1625,1625,1638,1664,1715,1766,1843,1920,2022,2124,2252,2380,2508,2636,2752,2854,2944,3020,3072,3110,3136,3148,3148,3136,3123,3110,3084,3059,3033,3008,2956,2918,2867,2816,2752,2700,2649,2585,2534,2470,2419,2368,2304,2252,2201,2150,2099,2060,2022,1984,1932,1894,1843</WaveformData>
      </Waveforms>
      <VitalSigns CollectionTime="12/21/2017 1:52:07 PM" CollectionTimeUTC="1513885927">
            <VitalSign>
                  <Parameter>HR</Parameter>
                  <BpChannel />
                  <Time>12/21/2017 1:52:07 PM</Time>
                  <TimeUTC>1513885927</TimeUTC>
                  <Value UOM="Bpm" Q="">140</Value>
                  <AlarmLimitLow />
                  <AlarmLimitHigh />
            </VitalSign>
            <VitalSign>
                  <Parameter>NBP-S</Parameter>
                  <BpChannel />
                  <Time>12/21/2017 8:23:00 PM</Time>
                  <TimeUTC>1513909380</TimeUTC>
                  <Value UOM="mmHg" Q="">NODATA</Value>
                  <AlarmLimitLow />
                  <AlarmLimitHigh />
            </VitalSign>
            <VitalSign>
                  <Parameter>NBP-D</Parameter>
                  <BpChannel />
                  <Time>12/21/2017 8:23:00 PM</Time>
                  <TimeUTC>1513909380</TimeUTC>
                  <Value UOM="mmHg" Q="">NODATA</Value>
                  <AlarmLimitLow />
                  <AlarmLimitHigh />
            </VitalSign>
            <VitalSign>
                  <Parameter>NBP-M</Parameter>
                  <BpChannel />
                  <Time>12/21/2017 8:23:00 PM</Time>
                  <TimeUTC>1513909380</TimeUTC>
                  <Value UOM="mmHg" Q="">NODATA</Value>
                  <AlarmLimitLow />
                  <AlarmLimitHigh />
            </VitalSign>
            <VitalSign>
                  <Parameter>PVC</Parameter>
                  <BpChannel />
                  <Time>12/21/2017 1:52:07 PM</Time>
                  <TimeUTC>1513885927</TimeUTC>
                  <Value UOM="Bpm" Q="">0</Value>
                  <AlarmLimitLow />
                  <AlarmLimitHigh />
            </VitalSign>
            <VitalSign>
                  <Parameter>RHY</Parameter>
                  <BpChannel />
                  <Time>12/21/2017 1:52:07 PM</Time>
                  <TimeUTC>1513885927</TimeUTC>
                  <Value UOM="" Q="">SINUS RHYTHM</Value>
                  <AlarmLimitLow />
                  <AlarmLimitHigh />
            </VitalSign>
            <VitalSign>
                  <Parameter>ECT</Parameter>
                  <BpChannel />
                  <Time>12/21/2017 1:52:07 PM</Time>
                  <TimeUTC>1513885927</TimeUTC>
                  <Value UOM="" Q="" />
                  <AlarmLimitLow />
                  <AlarmLimitHigh />
            </VitalSign>
            <VitalSign>
                  <Parameter>RESP</Parameter>
                  <BpChannel />
                  <Time>12/21/2017 1:52:07 PM</Time>
                  <TimeUTC>1513885927</TimeUTC>
                  <Value UOM="BrMin" Q="">35</Value>
                  <AlarmLimitLow />
                  <AlarmLimitHigh />
            </VitalSign>
            <VitalSign>
                  <Parameter>SPO2</Parameter>
                  <BpChannel />
                  <Time>12/21/2017 1:52:07 PM</Time>
                  <TimeUTC>1513885927</TimeUTC>
                  <Value UOM="%" Q="">100</Value>
                  <AlarmLimitLow />
                  <AlarmLimitHigh />
            </VitalSign>
            <VitalSign>
                  <Parameter>PULSE</Parameter>
                  <BpChannel />
                  <Time>12/21/2017 1:52:07 PM</Time>
                  <TimeUTC>1513885927</TimeUTC>
                  <Value UOM="BPM" Q="">140</Value>
                  <AlarmLimitLow />
                  <AlarmLimitHigh />
            </VitalSign>
            <VitalSign>
                  <Parameter>ABP-S</Parameter>
                  <BpChannel />
                  <Time>12/21/2017 1:52:07 PM</Time>
                  <TimeUTC>1513885927</TimeUTC>
                  <Value UOM="mmHg" Q="">58</Value>
                  <AlarmLimitLow />
                  <AlarmLimitHigh />
            </VitalSign>
            <VitalSign>
                  <Parameter>ABP-D</Parameter>
                  <BpChannel />
                  <Time>12/21/2017 1:52:07 PM</Time>
                  <TimeUTC>1513885927</TimeUTC>
                  <Value UOM="mmHg" Q="">38</Value>
                  <AlarmLimitLow />
                  <AlarmLimitHigh />
            </VitalSign>
            <VitalSign>
                  <Parameter>ABP-M</Parameter>
                  <BpChannel />
                  <Time>12/21/2017 1:52:07 PM</Time>
                  <TimeUTC>1513885927</TimeUTC>
                  <Value UOM="mmHg" Q="">45</Value>
                  <AlarmLimitLow />
                  <AlarmLimitHigh />
            </VitalSign>
      </VitalSigns>
      <Alarms />
      <ImportedData />
      <Waveforms CollectionTime="12/21/2017 1:52:08 PM" CollectionTimeUTC="1513885928" TTX="" DisplayOrder="">
            <WaveformData ID="3230796" Label="RESP" UOM="Ohms" Cal="0,1,1230,2867" SampleRate="125" SamplePeriodInMsec="1000" Samples="125">-0.1,-0.1,-0.1,-0.1,-0.1,-0.1,-0.1,-0.1,-0.1,-0.1,-0.1,-0.1,-0.1,-0.1,-0.1,-0.1,-0.1,-0.2,-0.2,-0.2,-0.2,-0.2,-0.2,-0.2,-0.2,-0.2,-0.2,-0.2,-0.2,-0.2,-0.2,-0.2,-0.2,-0.2,-0.2,-0.2,-0.2,-0.2,-0.2,-0.2,-0.2,-0.2,-0.2,-0.1,-0.1,-0.1,-0.1,-0.1,-0.1,-0.1,-0.1,-0.1,-0.1,-0.1,-0.1,-0.1,-0.1,-0.1,-0.1,-0.1,-0.1,-0.1,-0.1,-0.1,-0.1,-0.1,-0.1,-0.1,-0.1,-0.1,-0.1,-0.1,-0.1,-0.2,-0.2,-0.2,-0.2,-0.2,-0.2,-0.2,-0.2,-0.2,-0.2,-0.2,-0.1,-0.1,-0.1,-0.1,-0.1,-0.1,-0.1,0.0,0.0,0.0,0.0,0.1,0.1,0.1,0.2,0.2,0.2,0.3,0.3,0.4,0.4,0.4,0.5,0.5,0.6,0.6,0.6,0.7,0.7,0.7,0.8,0.8,0.8,0.8,0.9,0.9,0.9,0.9,0.9,0.9,0.9</WaveformData>
            <WaveformData ID="4487318" Label="II" UOM="mV" Cal="0,1,1023,3071" SampleRate="125" SamplePeriodInMsec="1000" Samples="125">1.01,1.025,1.03,1.015,0.995,0.96,0.92,0.88,0.835,0.785,0.74,0.695,0.655,0.62,0.585,0.59,0.635,0.705,0.755,0.735,0.66,0.585,0.555,0.555,0.565,0.57,0.58,0.59,0.605,0.585,0.635,1.095,1.5,1.5,0.81,0.425,0.57,0.7,0.72,0.725,0.735,0.745,0.75,0.755,0.76,0.765,0.77,0.78,0.8,0.83,0.86,0.895,0.93,0.96,0.98,0.995,0.995,0.98,0.955,0.92,0.88,0.835,0.795,0.75,0.705,0.665,0.625,0.59,0.555,0.565,0.61,0.675,0.715,0.68,0.595,0.52,0.5,0.5,0.5,0.5,0.51,0.52,0.525,0.5,0.63,1.235,1.5,1.38,0.52,0.32,0.5,0.59,0.595,0.6,0.605,0.61,0.605,0.595,0.59,0.59,0.6,0.61,0.63,0.655,0.68,0.715,0.745,0.765,0.78,0.79,0.79,0.77,0.74,0.695,0.65,0.605,0.565,0.525,0.48,0.445,0.415,0.39,0.38,0.4,0.46</WaveformData>
            <WaveformData ID="4214093" Label="SPO2" UOM="Uncalib" Cal="0,0,0,0" SampleRate="125" SamplePeriodInMsec="1000" Samples="125">2085.0,2048.0,2001.0,1945.0,1889.0,1843.0,1787.0,1740.0,1685.0,1629.0,1573.0,1517.0,1471.0,1415.0,1359.0,1303.0,1247.0,1201.0,1163.0,1135.0,1126.0,1135.0,1173.0,1219.0,1312.0,1405.0,1526.0,1647.0,1787.0,1917.0,2038.0,2141.0,2234.0,2317.0,2373.0,2411.0,2429.0,2429.0,2420.0,2411.0,2392.0,2364.0,2345.0,2327.0,2308.0,2290.0,2262.0,2243.0,2215.0,2178.0,2150.0,2113.0,2075.0,2038.0,2001.0,1955.0,1917.0,1871.0,1824.0,1778.0,1768.0,1759.0,1722.0,1675.0,1619.0,1573.0,1526.0,1480.0,1424.0,1368.0,1322.0,1266.0,1219.0,1182.0,1154.0,1145.0,1154.0,1191.0,1247.0,1322.0,1424.0,1545.0,1675.0,1815.0,1955.0,2077.0,2194.0,2311.0,2389.0,2457.0,2506.0,2525.0,2535.0,2525.0,2516.0,2496.0,2477.0,2457.0,2438.0,2408.0,2389.0,2360.0,2340.0,2301.0,2272.0,2233.0,2194.0,2145.0,2106.0,2057.0,2009.0,1960.0,1911.0,1862.0,1804.0,1755.0,1706.0,1658.0,1609.0,1560.0,1511.0,1462.0,1404.0,1355.0,1306.0</WaveformData>
            <WaveformData ID="3289908" Label="ABP" UOM="mmHg" Cal="30,60,307,3378" SampleRate="125" SamplePeriodInMsec="1000" Samples="125">36.9,36.8,37.1,37.9,39.6,42.3,45.7,49.5,52.9,55.6,57.2,57.7,57.0,55.4,53.2,50.9,48.8,47.1,46.1,45.5,45.3,45.3,45.4,45.4,45.4,45.4,45.2,45.1,44.8,44.4,44.1,43.6,43.1,42.7,42.3,41.9,41.5,41.2,40.9,40.6,40.4,40.3,40.2,40.0,39.8,39.5,39.2,38.9,38.6,38.2,38.0,37.7,37.5,37.2,37.1,37.0,37.3,38.3,40.2,43.2,46.9,50.8,54.2,56.7,58.1,58.2,57.3,55.6,53.4,51.2,49.2,47.7,46.7,46.2,46.1,46.1,46.2,46.4,46.5,46.5,46.4,46.2,45.9,45.6,45.2,44.8,44.3,43.9,43.5,43.2,42.9,42.6,42.3,42.1,41.9,41.8,41.6,41.4,41.2,41.0,40.7,40.4,40.2,39.9,39.6,39.3,39.0,38.7,38.6,38.6,39.2,40.7,43.4,47.1,51.3,55.3,58.6,60.8,61.8,61.7,60.4,58.4,56.1,53.6,51.4</WaveformData>
            <WaveformData ID="4214108" Label="Unk lbl 4214108" UOM="Uncalib" Cal="0,0,0,0" SampleRate="125" SamplePeriodInMsec="1000" Samples="125">1804,1766,1740,1728,1715,1728,1740,1779,1830,1894,1971,2048,2124,2214,2304,2368,2432,2483,2521,2534,2534,2521,2496,2470,2432,2393,2355,2304,2265,2214,2176,2137,2099,2048,2022,1984,1932,1894,1843,1804,1753,1715,1664,1612,1574,1536,1484,1446,1408,1369,1331,1292,1267,1241,1216,1190,1177,1177,1190,1203,1254,1305,1382,1472,1561,1664,1779,1894,1996,2086,2163,2227,2291,2316,2342,2342,2329,2316,2291,2252,2214,2188,2150,2112,2073,2048,2009,1971,1945,1907,1868,1830,1792,1753,1715,1676,1638,1600,1561,1523,1484,1446,1408,1382,1344,1318,1292,1267,1254,1241,1228,1241,1254,1292,1344,1420,1523,1625,1740,1868,1984,2086,2201,2291,2380</WaveformData>
      </Waveforms>
      <VitalSigns CollectionTime="12/21/2017 1:52:08 PM" CollectionTimeUTC="1513885928">
            <VitalSign>
                  <Parameter>HR</Parameter>
                  <BpChannel />
                  <Time>12/21/2017 1:52:08 PM</Time>
                  <TimeUTC>1513885928</TimeUTC>
                  <Value UOM="Bpm" Q="">140</Value>
                  <AlarmLimitLow />
                  <AlarmLimitHigh />
            </VitalSign>
            <VitalSign>
                  <Parameter>NBP-S</Parameter>
                  <BpChannel />
                  <Time>12/21/2017 8:23:00 PM</Time>
                  <TimeUTC>1513909380</TimeUTC>
                  <Value UOM="mmHg" Q="">NODATA</Value>
                  <AlarmLimitLow />
                  <AlarmLimitHigh />
            </VitalSign>
            <VitalSign>
                  <Parameter>NBP-D</Parameter>
                  <BpChannel />
                  <Time>12/21/2017 8:23:00 PM</Time>
                  <TimeUTC>1513909380</TimeUTC>
                  <Value UOM="mmHg" Q="">NODATA</Value>
                  <AlarmLimitLow />
                  <AlarmLimitHigh />
            </VitalSign>
            <VitalSign>
                  <Parameter>NBP-M</Parameter>
                  <BpChannel />
                  <Time>12/21/2017 8:23:00 PM</Time>
                  <TimeUTC>1513909380</TimeUTC>
                  <Value UOM="mmHg" Q="">NODATA</Value>
                  <AlarmLimitLow />
                  <AlarmLimitHigh />
            </VitalSign>
            <VitalSign>
                  <Parameter>PVC</Parameter>
                  <BpChannel />
                  <Time>12/21/2017 1:52:08 PM</Time>
                  <TimeUTC>1513885928</TimeUTC>
                  <Value UOM="Bpm" Q="">0</Value>
                  <AlarmLimitLow />
                  <AlarmLimitHigh />
            </VitalSign>
            <VitalSign>
                  <Parameter>RHY</Parameter>
                  <BpChannel />
                  <Time>12/21/2017 1:52:08 PM</Time>
                  <TimeUTC>1513885928</TimeUTC>
                  <Value UOM="" Q="">SINUS RHYTHM</Value>
                  <AlarmLimitLow />
                  <AlarmLimitHigh />
            </VitalSign>
            <VitalSign>
                  <Parameter>ECT</Parameter>
                  <BpChannel />
                  <Time>12/21/2017 1:52:08 PM</Time>
                  <TimeUTC>1513885928</TimeUTC>
                  <Value UOM="" Q="" />
                  <AlarmLimitLow />
                  <AlarmLimitHigh />
            </VitalSign>
            <VitalSign>
                  <Parameter>RESP</Parameter>
                  <BpChannel />
                  <Time>12/21/2017 1:52:08 PM</Time>
                  <TimeUTC>1513885928</TimeUTC>
                  <Value UOM="BrMin" Q="">35</Value>
                  <AlarmLimitLow />
                  <AlarmLimitHigh />
            </VitalSign>
            <VitalSign>
                  <Parameter>SPO2</Parameter>
                  <BpChannel />
                  <Time>12/21/2017 1:52:08 PM</Time>
                  <TimeUTC>1513885928</TimeUTC>
                  <Value UOM="%" Q="">100</Value>
                  <AlarmLimitLow />
                  <AlarmLimitHigh />
            </VitalSign>
            <VitalSign>
                  <Parameter>PULSE</Parameter>
                  <BpChannel />
                  <Time>12/21/2017 1:52:08 PM</Time>
                  <TimeUTC>1513885928</TimeUTC>
                  <Value UOM="BPM" Q="">139</Value>
                  <AlarmLimitLow />
                  <AlarmLimitHigh />
            </VitalSign>
            <VitalSign>
                  <Parameter>ABP-S</Parameter>
                  <BpChannel />
                  <Time>12/21/2017 1:52:08 PM</Time>
                  <TimeUTC>1513885928</TimeUTC>
                  <Value UOM="mmHg" Q="">58</Value>
                  <AlarmLimitLow />
                  <AlarmLimitHigh />
            </VitalSign>
            <VitalSign>
                  <Parameter>ABP-D</Parameter>
                  <BpChannel />
                  <Time>12/21/2017 1:52:08 PM</Time>
                  <TimeUTC>1513885928</TimeUTC>
                  <Value UOM="mmHg" Q="">38</Value>
                  <AlarmLimitLow />
                  <AlarmLimitHigh />
            </VitalSign>
            <VitalSign>
                  <Parameter>ABP-M</Parameter>
                  <BpChannel />
                  <Time>12/21/2017 1:52:08 PM</Time>
                  <TimeUTC>1513885928</TimeUTC>
                  <Value UOM="mmHg" Q="">45</Value>
                  <AlarmLimitLow />
                  <AlarmLimitHigh />
            </VitalSign>
      </VitalSigns>
      <Alarms />
      <ImportedData />
      <Waveforms CollectionTime="12/21/2017 1:52:09 PM" CollectionTimeUTC="1513885929" TTX="" DisplayOrder="">
            <WaveformData ID="3230796" Label="RESP" UOM="Ohms" Cal="0,1,1230,2867" SampleRate="125" SamplePeriodInMsec="1000" Samples="125">0.9,0.9,0.9,0.9,0.9,0.9,0.9,0.9,0.9,0.9,0.9,0.9,0.9,0.9,0.9,0.9,0.9,0.9,0.9,0.9,0.8,0.8,0.8,0.8,0.7,0.7,0.7,0.6,0.6,0.6,0.6,0.5,0.5,0.5,0.4,0.4,0.4,0.4,0.3,0.3,0.3,0.2,0.2,0.2,0.2,0.1,0.1,0.1,0.1,0.1,0.1,0.0,0.0,0.0,0.0,0.0,0.0,0.0,-0.1,-0.1,-0.1,-0.1,-0.1,-0.1,-0.1,-0.1,-0.1,-0.1,-0.1,-0.1,-0.1,-0.1,-0.1,-0.2,-0.2,-0.2,-0.2,-0.2,-0.2,-0.2,-0.2,-0.2,-0.2,-0.2,-0.2,-0.2,-0.2,-0.2,-0.2,-0.2,-0.2,-0.2,-0.2,-0.2,-0.2,-0.2,-0.2,-0.2,-0.2,-0.2,-0.2,-0.2,-0.2,-0.2,-0.2,-0.2,-0.2,-0.2,-0.2,-0.2,-0.2,-0.2,-0.2,-0.2,-0.2,-0.2,-0.2,-0.2,-0.2,-0.2,-0.2,-0.2,-0.2,-0.2,-0.2</WaveformData>
            <WaveformData ID="4487318" Label="II" UOM="mV" Cal="0,1,1023,3071" SampleRate="125" SamplePeriodInMsec="1000" Samples="125">0.535,0.575,0.53,0.46,0.41,0.4,0.41,0.42,0.43,0.445,0.47,0.48,0.465,0.645,1.275,1.5,1.19,0.45,0.335,0.565,0.645,0.655,0.67,0.685,0.695,0.71,0.725,0.735,0.745,0.765,0.79,0.82,0.855,0.895,0.935,0.975,1.01,1.03,1.04,1.035,1.015,0.99,0.95,0.905,0.865,0.82,0.77,0.73,0.685,0.645,0.615,0.595,0.615,0.675,0.745,0.77,0.72,0.64,0.585,0.575,0.58,0.59,0.595,0.61,0.625,0.63,0.61,0.805,1.475,1.5,1.315,0.56,0.455,0.68,0.75,0.755,0.765,0.77,0.78,0.785,0.79,0.795,0.8,0.81,0.825,0.845,0.875,0.91,0.945,0.975,1.005,1.02,1.035,1.03,1.01,0.98,0.94,0.9,0.855,0.81,0.765,0.72,0.68,0.64,0.605,0.585,0.61,0.67,0.735,0.75,0.69,0.61,0.56,0.555,0.56,0.57,0.575,0.59,0.6,0.605,0.585,0.85,1.5,1.5,1.155</WaveformData>
            <WaveformData ID="4214093" Label="SPO2" UOM="Uncalib" Cal="0,0,0,0" SampleRate="125" SamplePeriodInMsec="1000" Samples="125">1258.0,1228.0,1199.0,1189.0,1199.0,1228.0,1297.0,1384.0,1501.0,1638.0,1794.0,1960.0,2116.0,2282.0,2428.0,2574.0,2691.0,2779.0,2857.0,2906.0,2945.0,2964.0,2974.0,2974.0,2974.0,2964.0,2954.0,2945.0,2935.0,2915.0,2906.0,2886.0,2857.0,2837.0,2808.0,2769.0,2730.0,2691.0,2652.0,2613.0,2564.0,2516.0,2467.0,2408.0,2360.0,2301.0,2252.0,2194.0,2135.0,2077.0,2028.0,1979.0,1921.0,1862.0,1804.0,1765.0,1726.0,1706.0,1706.0,1716.0,1765.0,1823.0,1901.0,1999.0,2096.0,2213.0,2321.0,2428.0,2525.0,2603.0,2652.0,2691.0,2711.0,2711.0,2701.0,2681.0,2652.0,2623.0,2594.0,2564.0,2535.0,2506.0,2477.0,2447.0,2418.0,2379.0,2340.0,2301.0,2252.0,2204.0,2155.0,2106.0,2048.0,2009.0,1950.0,1892.0,1843.0,1784.0,1726.0,1667.0,1619.0,1560.0,1501.0,1443.0,1384.0,1326.0,1267.0,1209.0,1160.0,1131.0,1102.0,1092.0,1111.0,1141.0,1209.0,1297.0,1404.0,1531.0,1658.0,1804.0,1940.0,2057.0,2165.0,2262.0,2340.0</WaveformData>
            <WaveformData ID="3289908" Label="ABP" UOM="mmHg" Cal="30,60,307,3378" SampleRate="125" SamplePeriodInMsec="1000" Samples="125">49.7,48.5,47.8,47.4,47.4,47.5,47.6,47.6,47.6,47.4,47.1,46.7,46.4,46.1,45.6,45.1,44.6,44.1,43.7,43.2,42.9,42.6,42.3,42.1,41.9,41.8,41.6,41.2,40.9,40.6,40.2,39.9,39.6,39.4,39.1,38.8,38.6,38.3,38.2,38.6,39.6,41.7,44.6,48.2,51.7,54.7,56.7,57.4,57.0,55.6,53.5,51.1,49.0,47.3,46.1,45.5,45.2,45.2,45.2,45.4,45.5,45.5,45.4,45.2,44.9,44.5,44.1,43.6,43.1,42.6,42.2,41.8,41.4,41.1,40.9,40.6,40.5,40.3,40.2,40.0,39.8,39.5,39.3,38.9,38.7,38.4,38.1,37.8,37.6,37.3,37.1,36.9,36.9,37.4,38.7,40.9,44.1,47.8,51.5,54.6,56.7,57.7,57.4,56.1,54.1,51.7,49.6,47.7,46.4,45.6,45.2,45.1,45.1,45.2,45.4,45.4,45.2,45.1,44.9,44.6,44.2,43.7,43.2,42.8,42.3</WaveformData>
            <WaveformData ID="4214108" Label="Unk lbl 4214108" UOM="Uncalib" Cal="0,0,0,0" SampleRate="125" SamplePeriodInMsec="1000" Samples="125">2484,2525,2566,2580,2580,2566,2539,2512,2471,2430,2389,2334,2293,2252,2198,2157,2116,2075,2048,2007,1966,1925,1884,1856,1816,1775,1747,1720,1693,1665,1652,1624,1611,1597,1583,1583,1570,1570,1570,1597,1611,1652,1706,1788,1870,1979,2088,2225,2361,2498,2635,2757,2880,2976,3058,3126,3181,3194,3222,3222,3208,3194,3181,3153,3140,3112,3071,3030,2976,2921,2867,2812,2757,2689,2635,2580,2512,2457,2402,2334,2280,2225,2170,2116,2061,2034,1979,1938,1884,1843,1802,1761,1734,1706,1693,1693,1720,1747,1802,1856,1938,2020,2102,2198,2280,2361,2430,2498,2525,2553,2553,2553,2525,2498,2457,2416,2361,2321,2280,2225,2184,2143,2088,2048,2020</WaveformData>
      </Waveforms>
      <VitalSigns CollectionTime="12/21/2017 1:52:09 PM" CollectionTimeUTC="1513885929">
            <VitalSign>
                  <Parameter>HR</Parameter>
                  <BpChannel />
                  <Time>12/21/2017 1:52:09 PM</Time>
                  <TimeUTC>1513885929</TimeUTC>
                  <Value UOM="Bpm" Q="">140</Value>
                  <AlarmLimitLow />
                  <AlarmLimitHigh />
            </VitalSign>
            <VitalSign>
                  <Parameter>NBP-S</Parameter>
                  <BpChannel />
                  <Time>12/21/2017 8:23:00 PM</Time>
                  <TimeUTC>1513909380</TimeUTC>
                  <Value UOM="mmHg" Q="">NODATA</Value>
                  <AlarmLimitLow />
                  <AlarmLimitHigh />
            </VitalSign>
            <VitalSign>
                  <Parameter>NBP-D</Parameter>
                  <BpChannel />
                  <Time>12/21/2017 8:23:00 PM</Time>
                  <TimeUTC>1513909380</TimeUTC>
                  <Value UOM="mmHg" Q="">NODATA</Value>
                  <AlarmLimitLow />
                  <AlarmLimitHigh />
            </VitalSign>
            <VitalSign>
                  <Parameter>NBP-M</Parameter>
                  <BpChannel />
                  <Time>12/21/2017 8:23:00 PM</Time>
                  <TimeUTC>1513909380</TimeUTC>
                  <Value UOM="mmHg" Q="">NODATA</Value>
                  <AlarmLimitLow />
                  <AlarmLimitHigh />
            </VitalSign>
            <VitalSign>
                  <Parameter>PVC</Parameter>
                  <BpChannel />
                  <Time>12/21/2017 1:52:09 PM</Time>
                  <TimeUTC>1513885929</TimeUTC>
                  <Value UOM="Bpm" Q="">0</Value>
                  <AlarmLimitLow />
                  <AlarmLimitHigh />
            </VitalSign>
            <VitalSign>
                  <Parameter>RHY</Parameter>
                  <BpChannel />
                  <Time>12/21/2017 1:52:09 PM</Time>
                  <TimeUTC>1513885929</TimeUTC>
                  <Value UOM="" Q="">SINUS RHYTHM</Value>
                  <AlarmLimitLow />
                  <AlarmLimitHigh />
            </VitalSign>
            <VitalSign>
                  <Parameter>ECT</Parameter>
                  <BpChannel />
                  <Time>12/21/2017 1:52:09 PM</Time>
                  <TimeUTC>1513885929</TimeUTC>
                  <Value UOM="" Q="" />
                  <AlarmLimitLow />
                  <AlarmLimitHigh />
            </VitalSign>
            <VitalSign>
                  <Parameter>RESP</Parameter>
                  <BpChannel />
                  <Time>12/21/2017 1:52:09 PM</Time>
                  <TimeUTC>1513885929</TimeUTC>
                  <Value UOM="BrMin" Q="">35</Value>
                  <AlarmLimitLow />
                  <AlarmLimitHigh />
            </VitalSign>
            <VitalSign>
                  <Parameter>SPO2</Parameter>
                  <BpChannel />
                  <Time>12/21/2017 1:52:09 PM</Time>
                  <TimeUTC>1513885929</TimeUTC>
                  <Value UOM="%" Q="">100</Value>
                  <AlarmLimitLow />
                  <AlarmLimitHigh />
            </VitalSign>
            <VitalSign>
                  <Parameter>PULSE</Parameter>
                  <BpChannel />
                  <Time>12/21/2017 1:52:09 PM</Time>
                  <TimeUTC>1513885929</TimeUTC>
                  <Value UOM="BPM" Q="">140</Value>
                  <AlarmLimitLow />
                  <AlarmLimitHigh />
            </VitalSign>
            <VitalSign>
                  <Parameter>ABP-S</Parameter>
                  <BpChannel />
                  <Time>12/21/2017 1:52:09 PM</Time>
                  <TimeUTC>1513885929</TimeUTC>
                  <Value UOM="mmHg" Q="">58</Value>
                  <AlarmLimitLow />
                  <AlarmLimitHigh />
            </VitalSign>
            <VitalSign>
                  <Parameter>ABP-D</Parameter>
                  <BpChannel />
                  <Time>12/21/2017 1:52:09 PM</Time>
                  <TimeUTC>1513885929</TimeUTC>
                  <Value UOM="mmHg" Q="">38</Value>
                  <AlarmLimitLow />
                  <AlarmLimitHigh />
            </VitalSign>
            <VitalSign>
                  <Parameter>ABP-M</Parameter>
                  <BpChannel />
                  <Time>12/21/2017 1:52:09 PM</Time>
                  <TimeUTC>1513885929</TimeUTC>
                  <Value UOM="mmHg" Q="">45</Value>
                  <AlarmLimitLow />
                  <AlarmLimitHigh />
            </VitalSign>
      </VitalSigns>
      <Alarms />
      <ImportedData />
      <Waveforms CollectionTime="12/21/2017 1:52:10 PM" CollectionTimeUTC="1513885930" TTX="" DisplayOrder="">
            <WaveformData ID="3230796" Label="RESP" UOM="Ohms" Cal="0,1,1230,2867" SampleRate="125" SamplePeriodInMsec="1000" Samples="125">-0.2,-0.2,-0.2,-0.2,-0.2,-0.2,-0.2,-0.2,-0.2,-0.2,-0.2,-0.2,-0.2,-0.1,-0.1,-0.1,-0.1,-0.1,-0.1,-0.1,-0.1,-0.1,-0.1,-0.1,-0.1,-0.1,-0.1,-0.1,-0.1,-0.1,-0.1,-0.1,-0.1,-0.1,-0.2,-0.2,-0.2,-0.2,-0.2,-0.2,-0.2,-0.2,-0.2,-0.2,-0.2,-0.2,-0.2,-0.2,-0.2,-0.2,-0.1,-0.1,-0.1,-0.1,-0.1,-0.1,-0.1,0.0,0.0,0.0,0.1,0.1,0.1,0.2,0.2,0.3,0.3,0.3,0.4,0.4,0.5,0.5,0.5,0.6,0.6,0.6,0.7,0.7,0.7,0.8,0.8,0.8,0.8,0.9,0.9,0.9,0.9,0.9,0.9,0.9,0.9,0.9,0.9,0.9,0.9,0.9,0.9,0.9,0.9,0.9,0.9,0.9,0.9,0.9,0.9,0.9,0.9,0.9,0.9,0.8,0.8,0.8,0.8,0.8,0.7,0.7,0.7,0.6,0.6,0.6,0.5,0.5,0.5,0.5,0.4</WaveformData>
            <WaveformData ID="4487318" Label="II" UOM="mV" Cal="0,1,1023,3071" SampleRate="125" SamplePeriodInMsec="1000" Samples="125">0.485,0.425,0.675,0.725,0.73,0.74,0.75,0.755,0.755,0.76,0.765,0.77,0.78,0.8,0.825,0.855,0.885,0.915,0.945,0.975,0.99,1,0.995,0.97,0.94,0.9,0.86,0.815,0.775,0.735,0.69,0.65,0.615,0.575,0.565,0.605,0.665,0.72,0.725,0.63,0.55,0.51,0.51,0.51,0.515,0.515,0.52,0.525,0.505,0.55,0.99,1.5,1.5,0.75,0.31,0.44,0.58,0.595,0.595,0.6,0.6,0.6,0.595,0.59,0.59,0.6,0.61,0.63,0.655,0.685,0.71,0.74,0.76,0.775,0.785,0.79,0.775,0.745,0.705,0.66,0.62,0.575,0.535,0.49,0.46,0.425,0.4,0.38,0.39,0.445,0.52,0.575,0.55,0.48,0.425,0.405,0.415,0.425,0.435,0.445,0.47,0.485,0.465,0.565,1.095,1.5,1.4,0.6,0.355,0.53,0.645,0.66,0.67,0.68,0.695,0.705,0.72,0.73,0.745,0.76,0.78,0.81,0.85,0.89,0.93</WaveformData>
            <WaveformData ID="4214093" Label="SPO2" UOM="Uncalib" Cal="0,0,0,0" SampleRate="125" SamplePeriodInMsec="1000" Samples="125">2389.0,2418.0,2438.0,2438.0,2428.0,2408.0,2389.0,2369.0,2350.0,2330.0,2311.0,2291.0,2262.0,2243.0,2213.0,2184.0,2145.0,2106.0,2067.0,2028.0,1989.0,1940.0,1892.0,1843.0,1794.0,1745.0,1697.0,1638.0,1589.0,1540.0,1492.0,1433.0,1384.0,1326.0,1267.0,1219.0,1170.0,1131.0,1111.0,1092.0,1111.0,1141.0,1189.0,1277.0,1375.0,1501.0,1648.0,1804.0,1940.0,2077.0,2204.0,2311.0,2399.0,2457.0,2506.0,2525.0,2535.0,2535.0,2516.0,2496.0,2477.0,2467.0,2467.0,2467.0,2457.0,2428.0,2408.0,2379.0,2360.0,2330.0,2301.0,2272.0,2233.0,2194.0,2155.0,2106.0,2057.0,2028.0,1979.0,1931.0,1882.0,1823.0,1775.0,1726.0,1677.0,1628.0,1580.0,1521.0,1472.0,1423.0,1375.0,1326.0,1277.0,1238.0,1219.0,1199.0,1209.0,1238.0,1287.0,1375.0,1482.0,1609.0,1765.0,1931.0,2096.0,2262.0,2428.0,2574.0,2701.0,2808.0,2896.0,2954.0,2993.0,3023.0,3032.0,3032.0,3023.0,3023.0,3013.0,3003.0,2993.0,2974.0,2964.0,2945.0,2925.0</WaveformData>
            <WaveformData ID="3289908" Label="ABP" UOM="mmHg" Cal="30,60,307,3378" SampleRate="125" SamplePeriodInMsec="1000" Samples="125">41.9,41.6,41.2,41.0,40.8,40.6,40.5,40.2,40.1,39.8,39.6,39.3,39.0,38.7,38.4,38.1,37.8,37.5,37.2,37.1,36.9,37.1,37.7,39.3,41.8,45.2,49.1,52.8,55.6,57.5,58.3,57.8,56.4,54.4,52.1,49.9,48.2,46.9,46.1,45.8,45.8,46.0,46.2,46.4,46.4,46.4,46.2,45.9,45.7,45.3,44.9,44.5,44.1,43.6,43.2,42.9,42.6,42.4,42.3,42.1,41.9,41.8,41.5,41.2,41.0,40.7,40.5,40.2,39.9,39.7,39.4,39.1,38.7,38.5,38.5,38.8,39.8,41.8,45.1,49.5,54.1,57.8,60.6,62.1,62.4,61.6,59.8,57.4,54.9,52.5,50.4,48.9,47.9,47.4,47.3,47.4,47.6,47.7,47.7,47.6,47.3,46.9,46.6,46.1,45.7,45.2,44.7,44.2,43.7,43.3,42.9,42.6,42.3,42.1,41.9,41.8,41.6,41.2,40.9,40.6,40.4,40.1,39.8,39.5,39.2</WaveformData>
            <WaveformData ID="4214108" Label="Unk lbl 4214108" UOM="Uncalib" Cal="0,0,0,0" SampleRate="125" SamplePeriodInMsec="1000" Samples="125">1966,1925,1870,1829,1775,1734,1679,1638,1583,1542,1488,1447,1406,1365,1324,1283,1242,1201,1174,1147,1119,1106,1106,1119,1133,1174,1228,1297,1392,1488,1611,1734,1856,1966,2061,2157,2225,2280,2321,2348,2348,2334,2321,2293,2266,2225,2184,2143,2102,2061,2048,2007,1966,1925,1884,1843,1802,1761,1720,1679,1638,1597,1556,1515,1474,1433,1392,1365,1324,1297,1256,1228,1201,1188,1174,1160,1174,1215,1256,1324,1406,1502,1611,1734,1856,1993,2102,2225,2334,2416,2484,2553,2580,2594,2594,2580,2566,2525,2484,2443,2402,2361,2307,2266,2225,2184,2143,2088,2048,2020,1979,1938,1911,1870,1829,1802,1761,1734,1706,1693,1665,1652,1638,1624,1611</WaveformData>
      </Waveforms>
      <VitalSigns CollectionTime="12/21/2017 1:52:10 PM" CollectionTimeUTC="1513885930">
            <VitalSign>
                  <Parameter>HR</Parameter>
                  <BpChannel />
                  <Time>12/21/2017 1:52:10 PM</Time>
                  <TimeUTC>1513885930</TimeUTC>
                  <Value UOM="Bpm" Q="">140</Value>
                  <AlarmLimitLow />
                  <AlarmLimitHigh />
            </VitalSign>
            <VitalSign>
                  <Parameter>NBP-S</Parameter>
                  <BpChannel />
                  <Time>12/21/2017 8:23:00 PM</Time>
                  <TimeUTC>1513909380</TimeUTC>
                  <Value UOM="mmHg" Q="">NODATA</Value>
                  <AlarmLimitLow />
                  <AlarmLimitHigh />
            </VitalSign>
            <VitalSign>
                  <Parameter>NBP-D</Parameter>
                  <BpChannel />
                  <Time>12/21/2017 8:23:00 PM</Time>
                  <TimeUTC>1513909380</TimeUTC>
                  <Value UOM="mmHg" Q="">NODATA</Value>
                  <AlarmLimitLow />
                  <AlarmLimitHigh />
            </VitalSign>
            <VitalSign>
                  <Parameter>NBP-M</Parameter>
                  <BpChannel />
                  <Time>12/21/2017 8:23:00 PM</Time>
                  <TimeUTC>1513909380</TimeUTC>
                  <Value UOM="mmHg" Q="">NODATA</Value>
                  <AlarmLimitLow />
                  <AlarmLimitHigh />
            </VitalSign>
            <VitalSign>
                  <Parameter>PVC</Parameter>
                  <BpChannel />
                  <Time>12/21/2017 1:52:10 PM</Time>
                  <TimeUTC>1513885930</TimeUTC>
                  <Value UOM="Bpm" Q="">0</Value>
                  <AlarmLimitLow />
                  <AlarmLimitHigh />
            </VitalSign>
            <VitalSign>
                  <Parameter>RHY</Parameter>
                  <BpChannel />
                  <Time>12/21/2017 1:52:10 PM</Time>
                  <TimeUTC>1513885930</TimeUTC>
                  <Value UOM="" Q="">SINUS RHYTHM</Value>
                  <AlarmLimitLow />
                  <AlarmLimitHigh />
            </VitalSign>
            <VitalSign>
                  <Parameter>ECT</Parameter>
                  <BpChannel />
                  <Time>12/21/2017 1:52:10 PM</Time>
                  <TimeUTC>1513885930</TimeUTC>
                  <Value UOM="" Q="" />
                  <AlarmLimitLow />
                  <AlarmLimitHigh />
            </VitalSign>
            <VitalSign>
                  <Parameter>RESP</Parameter>
                  <BpChannel />
                  <Time>12/21/2017 1:52:10 PM</Time>
                  <TimeUTC>1513885930</TimeUTC>
                  <Value UOM="BrMin" Q="">35</Value>
                  <AlarmLimitLow />
                  <AlarmLimitHigh />
            </VitalSign>
            <VitalSign>
                  <Parameter>SPO2</Parameter>
                  <BpChannel />
                  <Time>12/21/2017 1:52:10 PM</Time>
                  <TimeUTC>1513885930</TimeUTC>
                  <Value UOM="%" Q="">100</Value>
                  <AlarmLimitLow />
                  <AlarmLimitHigh />
            </VitalSign>
            <VitalSign>
                  <Parameter>PULSE</Parameter>
                  <BpChannel />
                  <Time>12/21/2017 1:52:10 PM</Time>
                  <TimeUTC>1513885930</TimeUTC>
                  <Value UOM="BPM" Q="">140</Value>
                  <AlarmLimitLow />
                  <AlarmLimitHigh />
            </VitalSign>
            <VitalSign>
                  <Parameter>ABP-S</Parameter>
                  <BpChannel />
                  <Time>12/21/2017 1:52:10 PM</Time>
                  <TimeUTC>1513885930</TimeUTC>
                  <Value UOM="mmHg" Q="">58</Value>
                  <AlarmLimitLow />
                  <AlarmLimitHigh />
            </VitalSign>
            <VitalSign>
                  <Parameter>ABP-D</Parameter>
                  <BpChannel />
                  <Time>12/21/2017 1:52:10 PM</Time>
                  <TimeUTC>1513885930</TimeUTC>
                  <Value UOM="mmHg" Q="">38</Value>
                  <AlarmLimitLow />
                  <AlarmLimitHigh />
            </VitalSign>
            <VitalSign>
                  <Parameter>ABP-M</Parameter>
                  <BpChannel />
                  <Time>12/21/2017 1:52:10 PM</Time>
                  <TimeUTC>1513885930</TimeUTC>
                  <Value UOM="mmHg" Q="">45</Value>
                  <AlarmLimitLow />
                  <AlarmLimitHigh />
            </VitalSign>
      </VitalSigns>
      <Alarms />
      <ImportedData />
      <Waveforms CollectionTime="12/21/2017 1:52:11 PM" CollectionTimeUTC="1513885931" TTX="" DisplayOrder="">
            <WaveformData ID="3230796" Label="RESP" UOM="Ohms" Cal="0,1,1230,2867" SampleRate="125" SamplePeriodInMsec="1000" Samples="125">0.4,0.4,0.3,0.3,0.3,0.2,0.2,0.2,0.2,0.1,0.1,0.1,0.1,0.1,0.0,0.0,0.0,0.0,0.0,0.0,-0.1,-0.1,-0.1,-0.1,-0.1,-0.1,-0.1,-0.1,-0.1,-0.1,-0.1,-0.2,-0.2,-0.2,-0.2,-0.2,-0.2,-0.2,-0.2,-0.2,-0.2,-0.2,-0.2,-0.2,-0.2,-0.2,-0.2,-0.2,-0.2,-0.2,-0.2,-0.2,-0.2,-0.2,-0.2,-0.2,-0.2,-0.2,-0.2,-0.2,-0.2,-0.2,-0.2,-0.2,-0.2,-0.2,-0.2,-0.2,-0.2,-0.2,-0.2,-0.2,-0.2,-0.2,-0.2,-0.2,-0.2,-0.2,-0.2,-0.2,-0.2,-0.2,-0.2,-0.2,-0.2,-0.2,-0.2,-0.2,-0.2,-0.2,-0.2,-0.2,-0.2,-0.2,-0.2,-0.2,-0.2,-0.2,-0.2,-0.2,-0.2,-0.2,-0.2,-0.2,-0.2,-0.2,-0.2,-0.2,-0.2,-0.2,-0.1,-0.1,-0.1,-0.1,-0.1,-0.1,-0.1,-0.1,-0.1,-0.1,-0.2,-0.2,-0.2,-0.2,-0.2</WaveformData>
            <WaveformData ID="4487318" Label="II" UOM="mV" Cal="0,1,1023,3071" SampleRate="125" SamplePeriodInMsec="1000" Samples="125">0.97,1,1.025,1.04,1.04,1.02,0.995,0.96,0.915,0.875,0.83,0.785,0.74,0.7,0.66,0.625,0.6,0.615,0.665,0.74,0.775,0.74,0.66,0.605,0.585,0.59,0.6,0.605,0.615,0.625,0.635,0.615,0.74,1.33,1.5,1.47,0.66,0.475,0.66,0.755,0.76,0.77,0.775,0.78,0.785,0.785,0.79,0.8,0.81,0.825,0.85,0.875,0.91,0.94,0.975,1.005,1.025,1.04,1.04,1.02,0.99,0.95,0.905,0.865,0.82,0.775,0.73,0.685,0.645,0.61,0.595,0.615,0.67,0.73,0.75,0.695,0.615,0.565,0.555,0.56,0.565,0.575,0.585,0.6,0.605,0.585,0.815,1.5,1.5,1.25,0.515,0.425,0.665,0.725,0.73,0.735,0.74,0.75,0.75,0.755,0.76,0.765,0.775,0.79,0.815,0.84,0.875,0.905,0.94,0.97,0.99,1,0.99,0.965,0.935,0.895,0.855,0.81,0.765,0.72,0.685,0.645,0.605,0.565,0.555</WaveformData>
            <WaveformData ID="4214093" Label="SPO2" UOM="Uncalib" Cal="0,0,0,0" SampleRate="125" SamplePeriodInMsec="1000" Samples="125">2896.0,2867.0,2828.0,2789.0,2750.0,2701.0,2642.0,2584.0,2525.0,2467.0,2399.0,2340.0,2282.0,2223.0,2174.0,2116.0,2057.0,2009.0,1950.0,1892.0,1833.0,1775.0,1726.0,1687.0,1658.0,1648.0,1667.0,1687.0,1755.0,1823.0,1911.0,2018.0,2126.0,2233.0,2340.0,2438.0,2525.0,2594.0,2633.0,2662.0,2672.0,2662.0,2642.0,2613.0,2584.0,2555.0,2516.0,2486.0,2457.0,2428.0,2399.0,2360.0,2330.0,2291.0,2252.0,2213.0,2165.0,2116.0,2067.0,2028.0,1979.0,1921.0,1872.0,1814.0,1765.0,1706.0,1648.0,1589.0,1540.0,1472.0,1414.0,1355.0,1297.0,1238.0,1180.0,1121.0,1082.0,1053.0,1033.0,1053.0,1082.0,1141.0,1198.0,1300.0,1433.0,1577.0,1730.0,1884.0,2027.0,2140.0,2252.0,2344.0,2396.0,2437.0,2457.0,2457.0,2447.0,2426.0,2406.0,2385.0,2365.0,2334.0,2314.0,2293.0,2263.0,2242.0,2211.0,2170.0,2140.0,2099.0,2058.0,2017.0,1966.0,1925.0,1874.0,1822.0,1771.0,1720.0,1669.0,1618.0,1566.0,1515.0,1454.0,1402.0,1351.0</WaveformData>
            <WaveformData ID="3289908" Label="ABP" UOM="mmHg" Cal="30,60,307,3378" SampleRate="125" SamplePeriodInMsec="1000" Samples="125">38.9,38.6,38.4,38.3,38.6,39.4,41.2,43.9,47.3,50.9,54.0,56.1,57.2,57.1,55.9,53.9,51.6,49.4,47.6,46.2,45.5,45.2,45.1,45.1,45.2,45.2,45.2,45.1,44.9,44.6,44.3,43.9,43.5,43.1,42.6,42.2,41.8,41.4,41.1,40.7,40.5,40.2,40.1,40.0,39.8,39.6,39.4,39.1,38.8,38.5,38.2,38.0,37.7,37.4,37.1,36.9,36.8,36.8,37.2,38.3,40.4,43.4,47.1,50.7,53.9,56.2,57.4,57.4,56.4,54.6,52.3,50.0,48.1,46.6,45.7,45.2,45.1,45.1,45.1,45.2,45.2,45.2,45.1,44.8,44.6,44.1,43.7,43.2,42.7,42.3,41.9,41.6,41.2,40.9,40.7,40.5,40.4,40.2,40.1,39.8,39.6,39.3,39.0,38.7,38.4,38.1,37.8,37.6,37.3,37.1,37.0,37.1,37.7,39.1,41.6,44.9,48.8,52.6,55.6,57.6,58.5,58.1,56.8,54.8,52.5</WaveformData>
            <WaveformData ID="4214108" Label="Unk lbl 4214108" UOM="Uncalib" Cal="0,0,0,0" SampleRate="125" SamplePeriodInMsec="1000" Samples="125">1597,1597,1597,1597,1611,1638,1665,1720,1788,1870,1979,2088,2211,2348,2484,2621,2744,2867,2962,3044,3112,3153,3194,3208,3222,3208,3194,3181,3167,3140,3112,3085,3030,2976,2935,2880,2812,2757,2703,2635,2580,2512,2457,2402,2334,2280,2225,2170,2116,2061,2034,1979,1938,1884,1843,1802,1761,1734,1706,1706,1693,1720,1747,1788,1856,1938,2020,2088,2184,2280,2361,2416,2471,2512,2539,2539,2539,2512,2484,2443,2402,2361,2307,2266,2211,2170,2116,2075,2048,1993,1952,1897,1856,1802,1761,1706,1665,1611,1570,1515,1474,1433,1392,1351,1310,1269,1228,1201,1160,1133,1119,1092,1092,1106,1119,1160,1215,1297,1379,1502,1624,1747,1881,1996,2073</WaveformData>
      </Waveforms>
      <VitalSigns CollectionTime="12/21/2017 1:52:11 PM" CollectionTimeUTC="1513885931">
            <VitalSign>
                  <Parameter>HR</Parameter>
                  <BpChannel />
                  <Time>12/21/2017 1:52:11 PM</Time>
                  <TimeUTC>1513885931</TimeUTC>
                  <Value UOM="Bpm" Q="">139</Value>
                  <AlarmLimitLow />
                  <AlarmLimitHigh />
            </VitalSign>
            <VitalSign>
                  <Parameter>NBP-S</Parameter>
                  <BpChannel />
                  <Time>12/21/2017 8:23:00 PM</Time>
                  <TimeUTC>1513909380</TimeUTC>
                  <Value UOM="mmHg" Q="">NODATA</Value>
                  <AlarmLimitLow />
                  <AlarmLimitHigh />
            </VitalSign>
            <VitalSign>
                  <Parameter>NBP-D</Parameter>
                  <BpChannel />
                  <Time>12/21/2017 8:23:00 PM</Time>
                  <TimeUTC>1513909380</TimeUTC>
                  <Value UOM="mmHg" Q="">NODATA</Value>
                  <AlarmLimitLow />
                  <AlarmLimitHigh />
            </VitalSign>
            <VitalSign>
                  <Parameter>NBP-M</Parameter>
                  <BpChannel />
                  <Time>12/21/2017 8:23:00 PM</Time>
                  <TimeUTC>1513909380</TimeUTC>
                  <Value UOM="mmHg" Q="">NODATA</Value>
                  <AlarmLimitLow />
                  <AlarmLimitHigh />
            </VitalSign>
            <VitalSign>
                  <Parameter>PVC</Parameter>
                  <BpChannel />
                  <Time>12/21/2017 1:52:11 PM</Time>
                  <TimeUTC>1513885931</TimeUTC>
                  <Value UOM="Bpm" Q="">0</Value>
                  <AlarmLimitLow />
                  <AlarmLimitHigh />
            </VitalSign>
            <VitalSign>
                  <Parameter>RHY</Parameter>
                  <BpChannel />
                  <Time>12/21/2017 1:52:11 PM</Time>
                  <TimeUTC>1513885931</TimeUTC>
                  <Value UOM="" Q="">SINUS RHYTHM</Value>
                  <AlarmLimitLow />
                  <AlarmLimitHigh />
            </VitalSign>
            <VitalSign>
                  <Parameter>ECT</Parameter>
                  <BpChannel />
                  <Time>12/21/2017 1:52:11 PM</Time>
                  <TimeUTC>1513885931</TimeUTC>
                  <Value UOM="" Q="" />
                  <AlarmLimitLow />
                  <AlarmLimitHigh />
            </VitalSign>
            <VitalSign>
                  <Parameter>RESP</Parameter>
                  <BpChannel />
                  <Time>12/21/2017 1:52:11 PM</Time>
                  <TimeUTC>1513885931</TimeUTC>
                  <Value UOM="BrMin" Q="">35</Value>
                  <AlarmLimitLow />
                  <AlarmLimitHigh />
            </VitalSign>
            <VitalSign>
                  <Parameter>SPO2</Parameter>
                  <BpChannel />
                  <Time>12/21/2017 1:52:11 PM</Time>
                  <TimeUTC>1513885931</TimeUTC>
                  <Value UOM="%" Q="">100</Value>
                  <AlarmLimitLow />
                  <AlarmLimitHigh />
            </VitalSign>
            <VitalSign>
                  <Parameter>PULSE</Parameter>
                  <BpChannel />
                  <Time>12/21/2017 1:52:11 PM</Time>
                  <TimeUTC>1513885931</TimeUTC>
                  <Value UOM="BPM" Q="">140</Value>
                  <AlarmLimitLow />
                  <AlarmLimitHigh />
            </VitalSign>
            <VitalSign>
                  <Parameter>ABP-S</Parameter>
                  <BpChannel />
                  <Time>12/21/2017 1:52:11 PM</Time>
                  <TimeUTC>1513885931</TimeUTC>
                  <Value UOM="mmHg" Q="">58</Value>
                  <AlarmLimitLow />
                  <AlarmLimitHigh />
            </VitalSign>
            <VitalSign>
                  <Parameter>ABP-D</Parameter>
                  <BpChannel />
                  <Time>12/21/2017 1:52:11 PM</Time>
                  <TimeUTC>1513885931</TimeUTC>
                  <Value UOM="mmHg" Q="">38</Value>
                  <AlarmLimitLow />
                  <AlarmLimitHigh />
            </VitalSign>
            <VitalSign>
                  <Parameter>ABP-M</Parameter>
                  <BpChannel />
                  <Time>12/21/2017 1:52:11 PM</Time>
                  <TimeUTC>1513885931</TimeUTC>
                  <Value UOM="mmHg" Q="">45</Value>
                  <AlarmLimitLow />
                  <AlarmLimitHigh />
            </VitalSign>
      </VitalSigns>
      <Alarms />
      <ImportedData />
      <Waveforms CollectionTime="12/21/2017 1:52:12 PM" CollectionTimeUTC="1513885932" TTX="" DisplayOrder="">
            <WaveformData ID="3230796" Label="RESP" UOM="Ohms" Cal="0,1,1230,2867" SampleRate="125" SamplePeriodInMsec="1000" Samples="125">-0.2,-0.2,-0.2,-0.2,-0.2,-0.2,-0.2,-0.2,-0.2,-0.2,-0.2,-0.2,-0.2,-0.2,-0.2,-0.1,-0.1,-0.1,-0.1,-0.1,-0.1,-0.1,0.0,0.0,0.0,0.0,0.1,0.1,0.2,0.2,0.2,0.3,0.3,0.4,0.4,0.4,0.5,0.5,0.6,0.6,0.6,0.7,0.7,0.7,0.7,0.8,0.8,0.8,0.8,0.9,0.9,0.9,0.9,0.9,0.9,0.9,0.9,0.9,0.9,0.9,0.9,0.9,0.9,0.9,0.9,0.9,0.9,0.9,0.9,0.9,0.9,0.9,0.9,0.9,0.9,0.8,0.8,0.8,0.8,0.7,0.7,0.7,0.7,0.6,0.6,0.6,0.5,0.5,0.5,0.4,0.4,0.4,0.3,0.3,0.3,0.3,0.2,0.2,0.2,0.2,0.1,0.1,0.1,0.1,0.1,0.0,0.0,0.0,0.0,0.0,0.0,-0.1,-0.1,-0.1,-0.1,-0.1,-0.1,-0.1,-0.1,-0.1,-0.1,-0.1,-0.1,-0.1,-0.1</WaveformData>
            <WaveformData ID="4487318" Label="II" UOM="mV" Cal="0,1,1023,3071" SampleRate="125" SamplePeriodInMsec="1000" Samples="125">0.59,0.65,0.705,0.71,0.615,0.535,0.495,0.49,0.495,0.495,0.505,0.515,0.52,0.5,0.49,0.96,1.5,1.5,0.765,0.305,0.43,0.565,0.585,0.585,0.59,0.595,0.595,0.59,0.59,0.585,0.59,0.605,0.625,0.65,0.675,0.705,0.73,0.76,0.775,0.78,0.785,0.765,0.74,0.7,0.655,0.615,0.57,0.525,0.485,0.45,0.415,0.385,0.365,0.375,0.435,0.515,0.565,0.535,0.465,0.41,0.395,0.405,0.415,0.425,0.44,0.46,0.475,0.46,0.58,1.14,1.5,1.32,0.54,0.355,0.535,0.635,0.65,0.665,0.675,0.69,0.705,0.715,0.73,0.74,0.76,0.785,0.815,0.855,0.895,0.935,0.975,1.01,1.03,1.04,1.045,1.025,0.995,0.96,0.915,0.87,0.83,0.785,0.74,0.7,0.655,0.62,0.605,0.625,0.68,0.755,0.78,0.73,0.65,0.595,0.585,0.595,0.6,0.61,0.62,0.635,0.64,0.625,0.815,1.475,1.5</WaveformData>
            <WaveformData ID="4214093" Label="SPO2" UOM="Uncalib" Cal="0,0,0,0" SampleRate="125" SamplePeriodInMsec="1000" Samples="125">1290.0,1239.0,1187.0,1136.0,1095.0,1065.0,1054.0,1065.0,1095.0,1157.0,1249.0,1372.0,1515.0,1669.0,1833.0,1996.0,2140.0,2283.0,2385.0,2488.0,2560.0,2600.0,2631.0,2631.0,2631.0,2611.0,2590.0,2560.0,2529.0,2508.0,2478.0,2457.0,2426.0,2396.0,2365.0,2334.0,2293.0,2252.0,2211.0,2160.0,2119.0,2058.0,2017.0,1966.0,1914.0,1853.0,1802.0,1751.0,1689.0,1638.0,1587.0,1525.0,1474.0,1423.0,1362.0,1310.0,1269.0,1228.0,1198.0,1187.0,1198.0,1228.0,1300.0,1382.0,1505.0,1638.0,1802.0,1976.0,2140.0,2314.0,2478.0,2631.0,2754.0,2856.0,2938.0,2990.0,3031.0,3051.0,3061.0,3061.0,3051.0,3051.0,3041.0,3031.0,3020.0,3000.0,2990.0,2969.0,2949.0,2918.0,2887.0,2846.0,2805.0,2754.0,2693.0,2631.0,2560.0,2498.0,2437.0,2365.0,2304.0,2242.0,2181.0,2119.0,2058.0,2007.0,1945.0,1884.0,1822.0,1761.0,1710.0,1658.0,1618.0,1597.0,1597.0,1618.0,1669.0,1730.0,1822.0,1925.0,2048.0,2160.0,2283.0,2385.0,2488.0</WaveformData>
            <WaveformData ID="3289908" Label="ABP" UOM="mmHg" Cal="30,60,307,3378" SampleRate="125" SamplePeriodInMsec="1000" Samples="125">50.3,48.4,47.0,46.2,45.8,45.8,46.0,46.2,46.3,46.4,46.4,46.2,45.9,45.7,45.4,45.0,44.6,44.1,43.6,43.2,42.9,42.6,42.3,42.1,41.9,41.8,41.7,41.5,41.2,41.0,40.7,40.4,40.2,39.9,39.7,39.4,39.1,38.8,38.6,38.5,38.9,40.0,42.2,45.6,49.8,53.9,57.5,60.1,61.7,62.0,61.1,59.3,57.0,54.5,52.2,50.3,48.8,47.9,47.4,47.3,47.4,47.4,47.4,47.4,47.3,47.0,46.7,46.3,45.9,45.4,44.9,44.4,44.0,43.6,43.2,42.8,42.4,42.2,41.9,41.8,41.6,41.3,41.1,40.7,40.4,40.1,39.9,39.6,39.3,39.1,38.7,38.4,38.2,38.1,38.4,39.4,41.2,44.0,47.5,51.1,54.1,56.2,57.2,57.0,55.8,53.7,51.5,49.3,47.5,46.2,45.5,45.2,45.1,45.1,45.2,45.2,45.2,45.1,44.9,44.6,44.3,43.9,43.4,42.9,42.4</WaveformData>
            <WaveformData ID="4214108" Label="Unk lbl 4214108" UOM="Uncalib" Cal="0,0,0,0" SampleRate="125" SamplePeriodInMsec="1000" Samples="125">2163,2240,2278,2316,2342,2342,2342,2316,2291,2265,2227,2188,2150,2112,2073,2048,2022,1984,1945,1907,1868,1830,1792,1753,1715,1676,1638,1600,1548,1510,1484,1446,1408,1382,1344,1318,1292,1267,1254,1228,1228,1241,1254,1305,1356,1433,1536,1638,1753,1868,1996,2099,2214,2304,2393,2457,2508,2547,2560,2560,2547,2521,2496,2457,2419,2380,2329,2291,2252,2214,2176,2124,2086,2048,2022,1984,1945,1907,1881,1843,1817,1779,1753,1728,1715,1689,1676,1664,1651,1638,1625,1612,1612,1625,1638,1664,1702,1753,1817,1907,2009,2112,2240,2368,2496,2611,2739,2841,2931,2995,3059,3097,3123,3136,3136,3123,3110,3097,3072,3046,3020,2995,2969,2918,2867</WaveformData>
      </Waveforms>
      <VitalSigns CollectionTime="12/21/2017 1:52:12 PM" CollectionTimeUTC="1513885932">
            <VitalSign>
                  <Parameter>HR</Parameter>
                  <BpChannel />
                  <Time>12/21/2017 1:52:12 PM</Time>
                  <TimeUTC>1513885932</TimeUTC>
                  <Value UOM="Bpm" Q="">139</Value>
                  <AlarmLimitLow />
                  <AlarmLimitHigh />
            </VitalSign>
            <VitalSign>
                  <Parameter>NBP-S</Parameter>
                  <BpChannel />
                  <Time>12/21/2017 8:23:00 PM</Time>
                  <TimeUTC>1513909380</TimeUTC>
                  <Value UOM="mmHg" Q="">NODATA</Value>
                  <AlarmLimitLow />
                  <AlarmLimitHigh />
            </VitalSign>
            <VitalSign>
                  <Parameter>NBP-D</Parameter>
                  <BpChannel />
                  <Time>12/21/2017 8:23:00 PM</Time>
                  <TimeUTC>1513909380</TimeUTC>
                  <Value UOM="mmHg" Q="">NODATA</Value>
                  <AlarmLimitLow />
                  <AlarmLimitHigh />
            </VitalSign>
            <VitalSign>
                  <Parameter>NBP-M</Parameter>
                  <BpChannel />
                  <Time>12/21/2017 8:23:00 PM</Time>
                  <TimeUTC>1513909380</TimeUTC>
                  <Value UOM="mmHg" Q="">NODATA</Value>
                  <AlarmLimitLow />
                  <AlarmLimitHigh />
            </VitalSign>
            <VitalSign>
                  <Parameter>PVC</Parameter>
                  <BpChannel />
                  <Time>12/21/2017 1:52:12 PM</Time>
                  <TimeUTC>1513885932</TimeUTC>
                  <Value UOM="Bpm" Q="">0</Value>
                  <AlarmLimitLow />
                  <AlarmLimitHigh />
            </VitalSign>
            <VitalSign>
                  <Parameter>RHY</Parameter>
                  <BpChannel />
                  <Time>12/21/2017 1:52:12 PM</Time>
                  <TimeUTC>1513885932</TimeUTC>
                  <Value UOM="" Q="">SINUS RHYTHM</Value>
                  <AlarmLimitLow />
                  <AlarmLimitHigh />
            </VitalSign>
            <VitalSign>
                  <Parameter>ECT</Parameter>
                  <BpChannel />
                  <Time>12/21/2017 1:52:12 PM</Time>
                  <TimeUTC>1513885932</TimeUTC>
                  <Value UOM="" Q="" />
                  <AlarmLimitLow />
                  <AlarmLimitHigh />
            </VitalSign>
            <VitalSign>
                  <Parameter>RESP</Parameter>
                  <BpChannel />
                  <Time>12/21/2017 1:52:12 PM</Time>
                  <TimeUTC>1513885932</TimeUTC>
                  <Value UOM="BrMin" Q="">35</Value>
                  <AlarmLimitLow />
                  <AlarmLimitHigh />
            </VitalSign>
            <VitalSign>
                  <Parameter>SPO2</Parameter>
                  <BpChannel />
                  <Time>12/21/2017 1:52:12 PM</Time>
                  <TimeUTC>1513885932</TimeUTC>
                  <Value UOM="%" Q="">100</Value>
                  <AlarmLimitLow />
                  <AlarmLimitHigh />
            </VitalSign>
            <VitalSign>
                  <Parameter>PULSE</Parameter>
                  <BpChannel />
                  <Time>12/21/2017 1:52:12 PM</Time>
                  <TimeUTC>1513885932</TimeUTC>
                  <Value UOM="BPM" Q="">140</Value>
                  <AlarmLimitLow />
                  <AlarmLimitHigh />
            </VitalSign>
            <VitalSign>
                  <Parameter>ABP-S</Parameter>
                  <BpChannel />
                  <Time>12/21/2017 1:52:12 PM</Time>
                  <TimeUTC>1513885932</TimeUTC>
                  <Value UOM="mmHg" Q="">58</Value>
                  <AlarmLimitLow />
                  <AlarmLimitHigh />
            </VitalSign>
            <VitalSign>
                  <Parameter>ABP-D</Parameter>
                  <BpChannel />
                  <Time>12/21/2017 1:52:12 PM</Time>
                  <TimeUTC>1513885932</TimeUTC>
                  <Value UOM="mmHg" Q="">38</Value>
                  <AlarmLimitLow />
                  <AlarmLimitHigh />
            </VitalSign>
            <VitalSign>
                  <Parameter>ABP-M</Parameter>
                  <BpChannel />
                  <Time>12/21/2017 1:52:12 PM</Time>
                  <TimeUTC>1513885932</TimeUTC>
                  <Value UOM="mmHg" Q="">45</Value>
                  <AlarmLimitLow />
                  <AlarmLimitHigh />
            </VitalSign>
      </VitalSigns>
      <Alarms />
      <ImportedData />
      <Waveforms CollectionTime="12/21/2017 1:52:13 PM" CollectionTimeUTC="1513885933" TTX="" DisplayOrder="">
            <WaveformData ID="3230796" Label="RESP" UOM="Ohms" Cal="0,1,1230,2867" SampleRate="125" SamplePeriodInMsec="1000" Samples="125">-0.2,-0.2,-0.2,-0.2,-0.2,-0.2,-0.2,-0.2,-0.2,-0.2,-0.2,-0.2,-0.2,-0.2,-0.2,-0.2,-0.2,-0.2,-0.2,-0.2,-0.2,-0.2,-0.2,-0.2,-0.2,-0.2,-0.2,-0.2,-0.2,-0.2,-0.2,-0.2,-0.2,-0.2,-0.2,-0.2,-0.2,-0.2,-0.2,-0.2,-0.2,-0.2,-0.2,-0.2,-0.2,-0.2,-0.2,-0.2,-0.2,-0.2,-0.2,-0.2,-0.2,-0.2,-0.2,-0.2,-0.2,-0.2,-0.2,-0.2,-0.2,-0.2,-0.2,-0.2,-0.2,-0.2,-0.2,-0.1,-0.1,-0.1,-0.1,-0.1,-0.1,-0.1,-0.1,-0.1,-0.1,-0.1,-0.1,-0.1,-0.1,-0.1,-0.1,-0.1,-0.1,-0.1,-0.1,-0.1,-0.1,-0.2,-0.2,-0.2,-0.2,-0.2,-0.2,-0.2,-0.2,-0.2,-0.2,-0.2,-0.2,-0.2,-0.2,-0.2,-0.1,-0.1,-0.1,-0.1,-0.1,-0.1,-0.1,-0.1,0.0,0.0,0.0,0.1,0.1,0.1,0.2,0.2,0.2,0.3,0.3,0.4,0.4</WaveformData>
            <WaveformData ID="4487318" Label="II" UOM="mV" Cal="0,1,1023,3071" SampleRate="125" SamplePeriodInMsec="1000" Samples="125">1.32,0.575,0.465,0.685,0.755,0.765,0.77,0.78,0.785,0.79,0.795,0.795,0.805,0.82,0.835,0.86,0.885,0.915,0.95,0.985,1.015,1.035,1.04,1.04,1.02,0.985,0.945,0.905,0.865,0.82,0.775,0.735,0.69,0.65,0.62,0.61,0.64,0.705,0.76,0.765,0.69,0.61,0.57,0.565,0.57,0.58,0.59,0.6,0.615,0.605,0.59,0.97,1.5,1.5,1,0.45,0.535,0.705,0.74,0.745,0.755,0.76,0.765,0.765,0.765,0.77,0.78,0.795,0.815,0.835,0.865,0.895,0.93,0.965,0.99,1.005,1.01,0.995,0.97,0.935,0.895,0.85,0.81,0.765,0.72,0.68,0.64,0.605,0.57,0.575,0.62,0.685,0.72,0.68,0.595,0.525,0.505,0.505,0.51,0.51,0.515,0.525,0.53,0.5,0.64,1.265,1.5,1.35,0.5,0.325,0.505,0.59,0.595,0.6,0.605,0.61,0.605,0.6,0.595,0.6,0.605,0.62,0.64,0.665,0.695</WaveformData>
            <WaveformData ID="4214093" Label="SPO2" UOM="Uncalib" Cal="0,0,0,0" SampleRate="125" SamplePeriodInMsec="1000" Samples="125">2570.0,2631.0,2682.0,2693.0,2703.0,2693.0,2672.0,2641.0,2611.0,2580.0,2539.0,2508.0,2478.0,2447.0,2416.0,2375.0,2334.0,2293.0,2252.0,2201.0,2150.0,2099.0,2048.0,1996.0,1935.0,1884.0,1822.0,1761.0,1710.0,1648.0,1587.0,1525.0,1464.0,1402.0,1341.0,1280.0,1218.0,1157.0,1095.0,1054.0,1024.0,1003.0,1003.0,1024.0,1085.0,1157.0,1259.0,1382.0,1515.0,1669.0,1812.0,1955.0,2078.0,2191.0,2283.0,2355.0,2416.0,2437.0,2447.0,2447.0,2426.0,2406.0,2385.0,2355.0,2334.0,2304.0,2283.0,2263.0,2232.0,2201.0,2170.0,2140.0,2099.0,2058.0,2027.0,1986.0,1935.0,1884.0,1843.0,1792.0,1755.0,1697.0,1648.0,1599.0,1550.0,1501.0,1443.0,1394.0,1336.0,1287.0,1238.0,1189.0,1141.0,1111.0,1082.0,1082.0,1111.0,1141.0,1219.0,1326.0,1453.0,1589.0,1745.0,1901.0,2048.0,2174.0,2291.0,2389.0,2467.0,2525.0,2555.0,2574.0,2574.0,2564.0,2545.0,2525.0,2496.0,2477.0,2447.0,2428.0,2399.0,2379.0,2350.0,2311.0,2282.0</WaveformData>
            <WaveformData ID="3289908" Label="ABP" UOM="mmHg" Cal="30,60,307,3378" SampleRate="125" SamplePeriodInMsec="1000" Samples="125">42.0,41.6,41.2,40.9,40.6,40.4,40.2,40.1,40.0,39.8,39.6,39.4,39.1,38.8,38.5,38.2,37.9,37.7,37.4,37.2,36.9,36.8,36.8,37.2,38.5,40.7,43.8,47.5,51.1,54.1,56.1,57.1,56.8,55.6,53.7,51.5,49.3,47.5,46.1,45.4,45.1,45.0,45.0,45.1,45.2,45.2,45.2,45.0,44.7,44.3,43.9,43.5,43.0,42.6,42.1,41.7,41.3,41.0,40.7,40.6,40.4,40.2,40.1,39.9,39.7,39.4,39.2,38.9,38.6,38.4,38.1,37.8,37.6,37.2,37.1,36.9,37.1,38.0,39.7,42.4,45.9,49.8,53.4,56.1,57.8,58.3,57.6,56.0,53.9,51.8,49.8,48.1,46.7,46.0,45.7,45.7,45.9,46.1,46.2,46.2,46.2,45.9,45.7,45.4,45.1,44.7,44.2,43.7,43.4,43.0,42.7,42.4,42.2,41.9,41.8,41.6,41.5,41.4,41.2,40.9,40.7,40.4,40.1,39.8,39.5</WaveformData>
            <WaveformData ID="4214108" Label="Unk lbl 4214108" UOM="Uncalib" Cal="0,0,0,0" SampleRate="125" SamplePeriodInMsec="1000" Samples="125">2816,2764,2713,2662,2598,2547,2483,2432,2380,2316,2265,2214,2163,2112,2073,2035,1996,1945,1907,1856,1817,1792,1753,1740,1728,1740,1753,1792,1843,1894,1971,2048,2124,2214,2291,2368,2432,2470,2508,2521,2521,2508,2483,2457,2419,2380,2329,2291,2240,2201,2150,2112,2073,2035,1996,1958,1907,1868,1817,1779,1728,1689,1638,1600,1548,1510,1472,1420,1382,1344,1318,1280,1241,1216,1190,1177,1164,1164,1177,1203,1254,1305,1382,1472,1561,1676,1779,1894,1996,2073,2150,2214,2265,2291,2304,2304,2291,2265,2240,2214,2176,2137,2112,2073,2048,2009,1971,1945,1907,1868,1830,1792,1753,1715,1676,1638,1600,1561,1523,1484,1446,1408,1369,1344,1318</WaveformData>
      </Waveforms>
      <VitalSigns CollectionTime="12/21/2017 1:52:13 PM" CollectionTimeUTC="1513885933">
            <VitalSign>
                  <Parameter>HR</Parameter>
                  <BpChannel />
                  <Time>12/21/2017 1:52:13 PM</Time>
                  <TimeUTC>1513885933</TimeUTC>
                  <Value UOM="Bpm" Q="">139</Value>
                  <AlarmLimitLow />
                  <AlarmLimitHigh />
            </VitalSign>
            <VitalSign>
                  <Parameter>NBP-S</Parameter>
                  <BpChannel />
                  <Time>12/21/2017 8:23:00 PM</Time>
                  <TimeUTC>1513909380</TimeUTC>
                  <Value UOM="mmHg" Q="">NODATA</Value>
                  <AlarmLimitLow />
                  <AlarmLimitHigh />
            </VitalSign>
            <VitalSign>
                  <Parameter>NBP-D</Parameter>
                  <BpChannel />
                  <Time>12/21/2017 8:23:00 PM</Time>
                  <TimeUTC>1513909380</TimeUTC>
                  <Value UOM="mmHg" Q="">NODATA</Value>
                  <AlarmLimitLow />
                  <AlarmLimitHigh />
            </VitalSign>
            <VitalSign>
                  <Parameter>NBP-M</Parameter>
                  <BpChannel />
                  <Time>12/21/2017 8:23:00 PM</Time>
                  <TimeUTC>1513909380</TimeUTC>
                  <Value UOM="mmHg" Q="">NODATA</Value>
                  <AlarmLimitLow />
                  <AlarmLimitHigh />
            </VitalSign>
            <VitalSign>
                  <Parameter>PVC</Parameter>
                  <BpChannel />
                  <Time>12/21/2017 1:52:13 PM</Time>
                  <TimeUTC>1513885933</TimeUTC>
                  <Value UOM="Bpm" Q="">0</Value>
                  <AlarmLimitLow />
                  <AlarmLimitHigh />
            </VitalSign>
            <VitalSign>
                  <Parameter>RHY</Parameter>
                  <BpChannel />
                  <Time>12/21/2017 1:52:13 PM</Time>
                  <TimeUTC>1513885933</TimeUTC>
                  <Value UOM="" Q="">SINUS RHYTHM</Value>
                  <AlarmLimitLow />
                  <AlarmLimitHigh />
            </VitalSign>
            <VitalSign>
                  <Parameter>ECT</Parameter>
                  <BpChannel />
                  <Time>12/21/2017 1:52:13 PM</Time>
                  <TimeUTC>1513885933</TimeUTC>
                  <Value UOM="" Q="" />
                  <AlarmLimitLow />
                  <AlarmLimitHigh />
            </VitalSign>
            <VitalSign>
                  <Parameter>RESP</Parameter>
                  <BpChannel />
                  <Time>12/21/2017 1:52:13 PM</Time>
                  <TimeUTC>1513885933</TimeUTC>
                  <Value UOM="BrMin" Q="">35</Value>
                  <AlarmLimitLow />
                  <AlarmLimitHigh />
            </VitalSign>
            <VitalSign>
                  <Parameter>SPO2</Parameter>
                  <BpChannel />
                  <Time>12/21/2017 1:52:13 PM</Time>
                  <TimeUTC>1513885933</TimeUTC>
                  <Value UOM="%" Q="">100</Value>
                  <AlarmLimitLow />
                  <AlarmLimitHigh />
            </VitalSign>
            <VitalSign>
                  <Parameter>PULSE</Parameter>
                  <BpChannel />
                  <Time>12/21/2017 1:52:13 PM</Time>
                  <TimeUTC>1513885933</TimeUTC>
                  <Value UOM="BPM" Q="">140</Value>
                  <AlarmLimitLow />
                  <AlarmLimitHigh />
            </VitalSign>
            <VitalSign>
                  <Parameter>ABP-S</Parameter>
                  <BpChannel />
                  <Time>12/21/2017 1:52:13 PM</Time>
                  <TimeUTC>1513885933</TimeUTC>
                  <Value UOM="mmHg" Q="">58</Value>
                  <AlarmLimitLow />
                  <AlarmLimitHigh />
            </VitalSign>
            <VitalSign>
                  <Parameter>ABP-D</Parameter>
                  <BpChannel />
                  <Time>12/21/2017 1:52:13 PM</Time>
                  <TimeUTC>1513885933</TimeUTC>
                  <Value UOM="mmHg" Q="">38</Value>
                  <AlarmLimitLow />
                  <AlarmLimitHigh />
            </VitalSign>
            <VitalSign>
                  <Parameter>ABP-M</Parameter>
                  <BpChannel />
                  <Time>12/21/2017 1:52:13 PM</Time>
                  <TimeUTC>1513885933</TimeUTC>
                  <Value UOM="mmHg" Q="">45</Value>
                  <AlarmLimitLow />
                  <AlarmLimitHigh />
            </VitalSign>
      </VitalSigns>
      <Alarms />
      <ImportedData />
      <Waveforms CollectionTime="12/21/2017 1:52:14 PM" CollectionTimeUTC="1513885934" TTX="" DisplayOrder="">
            <WaveformData ID="3230796" Label="RESP" UOM="Ohms" Cal="0,1,1230,2867" SampleRate="125" SamplePeriodInMsec="1000" Samples="125">0.5,0.5,0.5,0.6,0.6,0.7,0.7,0.7,0.7,0.8,0.8,0.8,0.8,0.9,0.9,0.9,0.9,0.9,0.9,0.9,0.9,1.0,1.0,1.0,1.0,1.0,1.0,1.0,1.0,1.0,1.0,1.0,1.0,0.9,0.9,0.9,0.9,0.9,0.9,0.9,0.8,0.8,0.8,0.8,0.8,0.7,0.7,0.7,0.6,0.6,0.6,0.6,0.5,0.5,0.5,0.4,0.4,0.4,0.3,0.3,0.3,0.3,0.2,0.2,0.2,0.2,0.1,0.1,0.1,0.1,0.1,0.1,0.0,0.0,0.0,0.0,0.0,0.0,-0.1,-0.1,-0.1,-0.1,-0.1,-0.1,-0.1,-0.1,-0.1,-0.1,-0.1,-0.1,-0.1,-0.1,-0.1,-0.2,-0.2,-0.2,-0.2,-0.2,-0.2,-0.2,-0.2,-0.2,-0.2,-0.2,-0.2,-0.2,-0.2,-0.2,-0.2,-0.2,-0.2,-0.2,-0.2,-0.2,-0.2,-0.2,-0.2,-0.2,-0.2,-0.2,-0.2,-0.2,-0.2,-0.2,-0.2</WaveformData>
            <WaveformData ID="4487318" Label="II" UOM="mV" Cal="0,1,1023,3071" SampleRate="125" SamplePeriodInMsec="1000" Samples="125">0.725,0.75,0.77,0.79,0.795,0.79,0.77,0.74,0.695,0.65,0.605,0.56,0.52,0.48,0.445,0.415,0.385,0.375,0.41,0.48,0.55,0.565,0.505,0.435,0.405,0.405,0.415,0.425,0.44,0.455,0.475,0.48,0.47,0.82,1.5,1.5,0.9,0.365,0.36,0.615,0.655,0.67,0.685,0.695,0.705,0.72,0.735,0.75,0.765,0.785,0.81,0.845,0.89,0.93,0.97,1.005,1.035,1.05,1.06,1.05,1.03,1,0.955,0.91,0.87,0.825,0.78,0.735,0.695,0.655,0.625,0.625,0.675,0.75,0.795,0.775,0.695,0.63,0.605,0.61,0.615,0.62,0.625,0.64,0.65,0.63,0.71,1.225,1.5,1.5,0.785,0.47,0.64,0.765,0.775,0.78,0.79,0.795,0.795,0.8,0.805,0.81,0.82,0.835,0.86,0.885,0.915,0.95,0.98,1.01,1.035,1.045,1.05,1.035,1.01,0.97,0.93,0.89,0.845,0.8,0.755,0.71,0.67,0.63,0.61</WaveformData>
            <WaveformData ID="4214093" Label="SPO2" UOM="Uncalib" Cal="0,0,0,0" SampleRate="125" SamplePeriodInMsec="1000" Samples="125">2243.0,2204.0,2155.0,2116.0,2067.0,2028.0,1970.0,1921.0,1872.0,1814.0,1765.0,1716.0,1667.0,1609.0,1560.0,1501.0,1453.0,1394.0,1345.0,1297.0,1258.0,1219.0,1209.0,1199.0,1228.0,1287.0,1355.0,1472.0,1589.0,1745.0,1901.0,2057.0,2223.0,2389.0,2525.0,2652.0,2759.0,2837.0,2906.0,2945.0,2964.0,2974.0,2984.0,2974.0,2974.0,2964.0,2964.0,2954.0,2945.0,2925.0,2915.0,2896.0,2867.0,2837.0,2808.0,2769.0,2730.0,2691.0,2642.0,2594.0,2545.0,2496.0,2438.0,2389.0,2330.0,2282.0,2223.0,2165.0,2106.0,2048.0,1999.0,1940.0,1872.0,1823.0,1775.0,1750.0,1731.0,1713.0,1740.0,1768.0,1834.0,1908.0,2001.0,2103.0,2215.0,2327.0,2429.0,2522.0,2597.0,2653.0,2699.0,2718.0,2727.0,2708.0,2690.0,2662.0,2634.0,2597.0,2569.0,2541.0,2504.0,2476.0,2438.0,2411.0,2373.0,2336.0,2290.0,2252.0,2206.0,2159.0,2103.0,2057.0,2020.0,1964.0,1908.0,1861.0,1806.0,1750.0,1694.0,1638.0,1582.0,1526.0,1471.0,1415.0,1359.0</WaveformData>
            <WaveformData ID="3289908" Label="ABP" UOM="mmHg" Cal="30,60,307,3378" SampleRate="125" SamplePeriodInMsec="1000" Samples="125">39.2,38.9,38.6,38.4,38.4,39.1,40.6,43.2,47.0,51.2,55.3,58.5,60.7,61.7,61.4,60.2,58.2,55.8,53.3,51.2,49.6,48.4,47.7,47.4,47.4,47.6,47.6,47.6,47.6,47.3,47.0,46.6,46.2,45.8,45.4,44.8,44.3,43.8,43.4,43.0,42.6,42.3,42.1,41.9,41.6,41.4,41.2,40.9,40.6,40.3,40.0,39.7,39.4,39.1,38.9,38.6,38.4,38.2,38.3,38.9,40.2,42.6,45.8,49.4,52.8,55.4,57.0,57.4,56.6,54.8,52.6,50.2,48.1,46.6,45.6,45.1,45.0,45.0,45.1,45.2,45.2,45.2,45.0,44.8,44.5,44.1,43.6,43.1,42.7,42.2,41.8,41.4,41.1,40.8,40.6,40.4,40.2,40.0,39.9,39.7,39.4,39.2,38.9,38.6,38.3,38.1,37.8,37.5,37.2,37.0,36.8,36.8,37.1,38.1,39.9,42.8,46.4,50.1,53.4,55.8,57.1,57.2,56.2,54.5,52.3</WaveformData>
            <WaveformData ID="4214108" Label="Unk lbl 4214108" UOM="Uncalib" Cal="0,0,0,0" SampleRate="125" SamplePeriodInMsec="1000" Samples="125">1280,1267,1241,1228,1216,1216,1228,1267,1318,1395,1472,1574,1676,1792,1920,2048,2150,2240,2342,2406,2470,2508,2534,2547,2534,2508,2483,2444,2419,2368,2329,2291,2252,2201,2163,2124,2086,2048,2022,1984,1945,1907,1868,1823,1791,1759,1715,1702,1676,1664,1638,1625,1625,1612,1600,1600,1600,1612,1638,1664,1715,1779,1856,1945,2048,2163,2291,2419,2547,2675,2790,2880,2956,3033,3072,3110,3123,3123,3123,3110,3097,3072,3059,3033,3008,2982,2944,2905,2854,2803,2739,2688,2636,2572,2495,2438,2380,2304,2252,2188,2137,2086,2048,2022,1971,1932,1881,1843,1804,1779,1753,1753,1753,1766,1792,1830,1894,1971,2048,2124,2201,2291,2368,2432,2483</WaveformData>
      </Waveforms>
      <VitalSigns CollectionTime="12/21/2017 1:52:14 PM" CollectionTimeUTC="1513885934">
            <VitalSign>
                  <Parameter>HR</Parameter>
                  <BpChannel />
                  <Time>12/21/2017 1:52:14 PM</Time>
                  <TimeUTC>1513885934</TimeUTC>
                  <Value UOM="Bpm" Q="">140</Value>
                  <AlarmLimitLow />
                  <AlarmLimitHigh />
            </VitalSign>
            <VitalSign>
                  <Parameter>NBP-S</Parameter>
                  <BpChannel />
                  <Time>12/21/2017 8:23:00 PM</Time>
                  <TimeUTC>1513909380</TimeUTC>
                  <Value UOM="mmHg" Q="">NODATA</Value>
                  <AlarmLimitLow />
                  <AlarmLimitHigh />
            </VitalSign>
            <VitalSign>
                  <Parameter>NBP-D</Parameter>
                  <BpChannel />
                  <Time>12/21/2017 8:23:00 PM</Time>
                  <TimeUTC>1513909380</TimeUTC>
                  <Value UOM="mmHg" Q="">NODATA</Value>
                  <AlarmLimitLow />
                  <AlarmLimitHigh />
            </VitalSign>
            <VitalSign>
                  <Parameter>NBP-M</Parameter>
                  <BpChannel />
                  <Time>12/21/2017 8:23:00 PM</Time>
                  <TimeUTC>1513909380</TimeUTC>
                  <Value UOM="mmHg" Q="">NODATA</Value>
                  <AlarmLimitLow />
                  <AlarmLimitHigh />
            </VitalSign>
            <VitalSign>
                  <Parameter>PVC</Parameter>
                  <BpChannel />
                  <Time>12/21/2017 1:52:14 PM</Time>
                  <TimeUTC>1513885934</TimeUTC>
                  <Value UOM="Bpm" Q="">0</Value>
                  <AlarmLimitLow />
                  <AlarmLimitHigh />
            </VitalSign>
            <VitalSign>
                  <Parameter>RHY</Parameter>
                  <BpChannel />
                  <Time>12/21/2017 1:52:14 PM</Time>
                  <TimeUTC>1513885934</TimeUTC>
                  <Value UOM="" Q="">SINUS RHYTHM</Value>
                  <AlarmLimitLow />
                  <AlarmLimitHigh />
            </VitalSign>
            <VitalSign>
                  <Parameter>ECT</Parameter>
                  <BpChannel />
                  <Time>12/21/2017 1:52:14 PM</Time>
                  <TimeUTC>1513885934</TimeUTC>
                  <Value UOM="" Q="" />
                  <AlarmLimitLow />
                  <AlarmLimitHigh />
            </VitalSign>
            <VitalSign>
                  <Parameter>RESP</Parameter>
                  <BpChannel />
                  <Time>12/21/2017 1:52:14 PM</Time>
                  <TimeUTC>1513885934</TimeUTC>
                  <Value UOM="BrMin" Q="">35</Value>
                  <AlarmLimitLow />
                  <AlarmLimitHigh />
            </VitalSign>
            <VitalSign>
                  <Parameter>SPO2</Parameter>
                  <BpChannel />
                  <Time>12/21/2017 1:52:14 PM</Time>
                  <TimeUTC>1513885934</TimeUTC>
                  <Value UOM="%" Q="">100</Value>
                  <AlarmLimitLow />
                  <AlarmLimitHigh />
            </VitalSign>
            <VitalSign>
                  <Parameter>PULSE</Parameter>
                  <BpChannel />
                  <Time>12/21/2017 1:52:14 PM</Time>
                  <TimeUTC>1513885934</TimeUTC>
                  <Value UOM="BPM" Q="">140</Value>
                  <AlarmLimitLow />
                  <AlarmLimitHigh />
            </VitalSign>
            <VitalSign>
                  <Parameter>ABP-S</Parameter>
                  <BpChannel />
                  <Time>12/21/2017 1:52:14 PM</Time>
                  <TimeUTC>1513885934</TimeUTC>
                  <Value UOM="mmHg" Q="">58</Value>
                  <AlarmLimitLow />
                  <AlarmLimitHigh />
            </VitalSign>
            <VitalSign>
                  <Parameter>ABP-D</Parameter>
                  <BpChannel />
                  <Time>12/21/2017 1:52:14 PM</Time>
                  <TimeUTC>1513885934</TimeUTC>
                  <Value UOM="mmHg" Q="">38</Value>
                  <AlarmLimitLow />
                  <AlarmLimitHigh />
            </VitalSign>
            <VitalSign>
                  <Parameter>ABP-M</Parameter>
                  <BpChannel />
                  <Time>12/21/2017 1:52:14 PM</Time>
                  <TimeUTC>1513885934</TimeUTC>
                  <Value UOM="mmHg" Q="">45</Value>
                  <AlarmLimitLow />
                  <AlarmLimitHigh />
            </VitalSign>
      </VitalSigns>
      <Alarms />
      <ImportedData />
      <Waveforms CollectionTime="12/21/2017 1:52:15 PM" CollectionTimeUTC="1513885935" TTX="" DisplayOrder="">
            <WaveformData ID="3230796" Label="RESP" UOM="Ohms" Cal="0,1,1230,2867" SampleRate="125" SamplePeriodInMsec="1000" Samples="125">-0.2,-0.2,-0.2,-0.2,-0.2,-0.2,-0.2,-0.2,-0.2,-0.2,-0.2,-0.2,-0.2,-0.2,-0.2,-0.2,-0.2,-0.2,-0.2,-0.2,-0.2,-0.2,-0.2,-0.2,-0.2,-0.2,-0.2,-0.2,-0.2,-0.2,-0.1,-0.1,-0.1,-0.1,-0.1,-0.1,-0.1,-0.1,-0.1,-0.1,-0.1,-0.1,-0.1,-0.1,-0.1,-0.1,-0.1,-0.1,-0.1,-0.1,-0.1,-0.1,-0.1,-0.1,-0.1,-0.1,-0.2,-0.2,-0.2,-0.2,-0.2,-0.2,-0.2,-0.2,-0.2,-0.2,-0.2,-0.2,-0.1,-0.1,-0.1,-0.1,-0.1,-0.1,-0.1,0.0,0.0,0.0,0.0,0.1,0.1,0.1,0.2,0.2,0.3,0.3,0.3,0.4,0.4,0.4,0.5,0.5,0.6,0.6,0.7,0.7,0.7,0.8,0.8,0.8,0.8,0.9,0.9,0.9,0.9,0.9,0.9,0.9,0.9,0.9,1.0,1.0,1.0,1.0,1.0,1.0,1.0,1.0,1.0,1.0,1.0,0.9,0.9,0.9,0.9</WaveformData>
            <WaveformData ID="4487318" Label="II" UOM="mV" Cal="0,1,1023,3071" SampleRate="125" SamplePeriodInMsec="1000" Samples="125">0.63,0.685,0.745,0.765,0.705,0.62,0.575,0.565,0.57,0.575,0.585,0.595,0.61,0.615,0.595,0.835,1.5,1.5,1.22,0.51,0.44,0.675,0.725,0.735,0.74,0.75,0.755,0.755,0.76,0.765,0.775,0.79,0.805,0.825,0.855,0.885,0.915,0.95,0.975,0.995,1.005,0.995,0.975,0.945,0.905,0.865,0.825,0.78,0.735,0.695,0.655,0.615,0.58,0.58,0.62,0.685,0.725,0.69,0.605,0.525,0.5,0.5,0.5,0.495,0.505,0.515,0.52,0.49,0.595,1.165,1.5,1.42,0.55,0.305,0.475,0.575,0.585,0.585,0.59,0.595,0.595,0.59,0.59,0.59,0.6,0.61,0.63,0.655,0.685,0.715,0.745,0.765,0.78,0.79,0.785,0.765,0.735,0.69,0.645,0.605,0.56,0.515,0.475,0.44,0.405,0.375,0.365,0.4,0.47,0.54,0.555,0.495,0.425,0.39,0.395,0.405,0.415,0.43,0.45,0.47,0.475,0.46,0.815,1.5,1.5</WaveformData>
            <WaveformData ID="4214093" Label="SPO2" UOM="Uncalib" Cal="0,0,0,0" SampleRate="125" SamplePeriodInMsec="1000" Samples="125">1303.0,1247.0,1201.0,1163.0,1145.0,1145.0,1154.0,1201.0,1266.0,1359.0,1461.0,1582.0,1713.0,1843.0,1973.0,2085.0,2196.0,2280.0,2345.0,2392.0,2420.0,2429.0,2429.0,2420.0,2401.0,2373.0,2355.0,2336.0,2308.0,2290.0,2262.0,2243.0,2215.0,2187.0,2159.0,2122.0,2085.0,2048.0,2020.0,1982.0,1936.0,1908.0,1908.0,1880.0,1834.0,1787.0,1740.0,1694.0,1647.0,1592.0,1545.0,1489.0,1443.0,1387.0,1331.0,1284.0,1238.0,1191.0,1163.0,1154.0,1154.0,1191.0,1228.0,1312.0,1415.0,1526.0,1666.0,1796.0,1945.0,2066.0,2196.0,2299.0,2392.0,2457.0,2525.0,2555.0,2555.0,2555.0,2545.0,2525.0,2506.0,2477.0,2457.0,2438.0,2418.0,2389.0,2369.0,2340.0,2311.0,2272.0,2233.0,2194.0,2155.0,2106.0,2057.0,2018.0,1970.0,1911.0,1862.0,1804.0,1755.0,1706.0,1648.0,1599.0,1540.0,1492.0,1433.0,1384.0,1336.0,1287.0,1258.0,1228.0,1228.0,1238.0,1277.0,1345.0,1433.0,1560.0,1697.0,1862.0,2028.0,2184.0,2350.0,2506.0,2642.0</WaveformData>
            <WaveformData ID="3289908" Label="ABP" UOM="mmHg" Cal="30,60,307,3378" SampleRate="125" SamplePeriodInMsec="1000" Samples="125">50.1,48.1,46.6,45.7,45.2,45.1,45.1,45.2,45.4,45.4,45.4,45.1,44.9,44.5,44.1,43.6,43.2,42.7,42.3,41.9,41.5,41.2,40.9,40.7,40.5,40.3,40.2,40.0,39.8,39.6,39.3,39.0,38.7,38.4,38.2,37.9,37.6,37.4,37.1,37.0,37.1,37.7,39.3,41.8,45.2,49.1,52.8,55.8,57.6,58.4,58.0,56.6,54.6,52.3,50.1,48.3,47.0,46.2,45.8,45.7,45.9,46.1,46.3,46.3,46.2,46.1,45.9,45.6,45.2,44.9,44.4,44.0,43.6,43.2,42.9,42.6,42.3,42.1,42.0,41.9,41.7,41.4,41.2,41.0,40.8,40.5,40.2,39.9,39.6,39.3,39.0,38.7,38.6,38.6,39.1,40.5,43.1,46.7,50.9,55.0,58.4,60.8,62.0,62.0,60.9,59.0,56.5,53.8,51.6,49.8,48.6,47.8,47.4,47.3,47.3,47.4,47.4,47.4,47.2,46.9,46.6,46.3,45.9,45.4,44.9</WaveformData>
            <WaveformData ID="4214108" Label="Unk lbl 4214108" UOM="Uncalib" Cal="0,0,0,0" SampleRate="125" SamplePeriodInMsec="1000" Samples="125">2521,2534,2547,2534,2508,2483,2444,2406,2355,2316,2265,2227,2176,2137,2099,2060,2022,1984,1945,1894,1856,1804,1766,1715,1644,1599,1555,1497,1446,1408,1369,1331,1305,1267,1241,1216,1190,1177,1177,1190,1216,1254,1305,1382,1472,1561,1676,1779,1894,1996,2073,2150,2214,2265,2304,2316,2316,2304,2291,2252,2227,2188,2163,2124,2086,2048,2022,1984,1958,1920,1881,1843,1804,1766,1728,1670,1631,1593,1536,1497,1459,1420,1382,1356,1331,1292,1267,1254,1241,1228,1228,1241,1280,1331,1395,1484,1587,1689,1817,1932,2048,2150,2252,2355,2432,2496,2534,2560,2560,2560,2547,2508,2483,2444,2430,2375,2334,2293,2239,2198,2157,2116,2075,2048,2007</WaveformData>
      </Waveforms>
      <VitalSigns CollectionTime="12/21/2017 1:52:15 PM" CollectionTimeUTC="1513885935">
            <VitalSign>
                  <Parameter>HR</Parameter>
                  <BpChannel />
                  <Time>12/21/2017 1:52:15 PM</Time>
                  <TimeUTC>1513885935</TimeUTC>
                  <Value UOM="Bpm" Q="">140</Value>
                  <AlarmLimitLow />
                  <AlarmLimitHigh />
            </VitalSign>
            <VitalSign>
                  <Parameter>NBP-S</Parameter>
                  <BpChannel />
                  <Time>12/21/2017 8:23:00 PM</Time>
                  <TimeUTC>1513909380</TimeUTC>
                  <Value UOM="mmHg" Q="">NODATA</Value>
                  <AlarmLimitLow />
                  <AlarmLimitHigh />
            </VitalSign>
            <VitalSign>
                  <Parameter>NBP-D</Parameter>
                  <BpChannel />
                  <Time>12/21/2017 8:23:00 PM</Time>
                  <TimeUTC>1513909380</TimeUTC>
                  <Value UOM="mmHg" Q="">NODATA</Value>
                  <AlarmLimitLow />
                  <AlarmLimitHigh />
            </VitalSign>
            <VitalSign>
                  <Parameter>NBP-M</Parameter>
                  <BpChannel />
                  <Time>12/21/2017 8:23:00 PM</Time>
                  <TimeUTC>1513909380</TimeUTC>
                  <Value UOM="mmHg" Q="">NODATA</Value>
                  <AlarmLimitLow />
                  <AlarmLimitHigh />
            </VitalSign>
            <VitalSign>
                  <Parameter>PVC</Parameter>
                  <BpChannel />
                  <Time>12/21/2017 1:52:15 PM</Time>
                  <TimeUTC>1513885935</TimeUTC>
                  <Value UOM="Bpm" Q="">0</Value>
                  <AlarmLimitLow />
                  <AlarmLimitHigh />
            </VitalSign>
            <VitalSign>
                  <Parameter>RHY</Parameter>
                  <BpChannel />
                  <Time>12/21/2017 1:52:15 PM</Time>
                  <TimeUTC>1513885935</TimeUTC>
                  <Value UOM="" Q="">SINUS RHYTHM</Value>
                  <AlarmLimitLow />
                  <AlarmLimitHigh />
            </VitalSign>
            <VitalSign>
                  <Parameter>ECT</Parameter>
                  <BpChannel />
                  <Time>12/21/2017 1:52:15 PM</Time>
                  <TimeUTC>1513885935</TimeUTC>
                  <Value UOM="" Q="" />
                  <AlarmLimitLow />
                  <AlarmLimitHigh />
            </VitalSign>
            <VitalSign>
                  <Parameter>RESP</Parameter>
                  <BpChannel />
                  <Time>12/21/2017 1:52:15 PM</Time>
                  <TimeUTC>1513885935</TimeUTC>
                  <Value UOM="BrMin" Q="">35</Value>
                  <AlarmLimitLow />
                  <AlarmLimitHigh />
            </VitalSign>
            <VitalSign>
                  <Parameter>SPO2</Parameter>
                  <BpChannel />
                  <Time>12/21/2017 1:52:15 PM</Time>
                  <TimeUTC>1513885935</TimeUTC>
                  <Value UOM="%" Q="">100</Value>
                  <AlarmLimitLow />
                  <AlarmLimitHigh />
            </VitalSign>
            <VitalSign>
                  <Parameter>PULSE</Parameter>
                  <BpChannel />
                  <Time>12/21/2017 1:52:15 PM</Time>
                  <TimeUTC>1513885935</TimeUTC>
                  <Value UOM="BPM" Q="">140</Value>
                  <AlarmLimitLow />
                  <AlarmLimitHigh />
            </VitalSign>
            <VitalSign>
                  <Parameter>ABP-S</Parameter>
                  <BpChannel />
                  <Time>12/21/2017 1:52:15 PM</Time>
                  <TimeUTC>1513885935</TimeUTC>
                  <Value UOM="mmHg" Q="">58</Value>
                  <AlarmLimitLow />
                  <AlarmLimitHigh />
            </VitalSign>
            <VitalSign>
                  <Parameter>ABP-D</Parameter>
                  <BpChannel />
                  <Time>12/21/2017 1:52:15 PM</Time>
                  <TimeUTC>1513885935</TimeUTC>
                  <Value UOM="mmHg" Q="">38</Value>
                  <AlarmLimitLow />
                  <AlarmLimitHigh />
            </VitalSign>
            <VitalSign>
                  <Parameter>ABP-M</Parameter>
                  <BpChannel />
                  <Time>12/21/2017 1:52:15 PM</Time>
                  <TimeUTC>1513885935</TimeUTC>
                  <Value UOM="mmHg" Q="">45</Value>
                  <AlarmLimitLow />
                  <AlarmLimitHigh />
            </VitalSign>
      </VitalSigns>
      <Alarms />
      <ImportedData />
      <Waveforms CollectionTime="12/21/2017 1:52:16 PM" CollectionTimeUTC="1513885936" TTX="" DisplayOrder="">
            <WaveformData ID="3230796" Label="RESP" UOM="Ohms" Cal="0,1,1230,2867" SampleRate="125" SamplePeriodInMsec="1000" Samples="125">0.9,0.9,0.9,0.9,0.9,0.8,0.8,0.8,0.8,0.7,0.7,0.7,0.7,0.6,0.6,0.6,0.5,0.5,0.5,0.4,0.4,0.4,0.4,0.3,0.3,0.3,0.2,0.2,0.2,0.2,0.1,0.1,0.1,0.1,0.1,0.1,0.0,0.0,0.0,0.0,0.0,0.0,0.0,-0.1,-0.1,-0.1,-0.1,-0.1,-0.1,-0.1,-0.1,-0.1,-0.1,-0.1,-0.1,-0.1,-0.1,-0.1,-0.1,-0.1,-0.1,-0.1,-0.1,-0.1,-0.1,-0.1,-0.1,-0.1,-0.1,-0.1,-0.1,-0.1,-0.1,-0.1,-0.1,-0.1,-0.1,-0.1,-0.1,-0.1,-0.2,-0.2,-0.2,-0.2,-0.2,-0.2,-0.2,-0.2,-0.2,-0.2,-0.2,-0.2,-0.2,-0.2,-0.2,-0.2,-0.2,-0.2,-0.2,-0.2,-0.2,-0.2,-0.2,-0.2,-0.2,-0.2,-0.2,-0.2,-0.2,-0.2,-0.2,-0.2,-0.2,-0.2,-0.2,-0.2,-0.2,-0.2,-0.1,-0.1,-0.1,-0.1,-0.1,-0.1,-0.1</WaveformData>
            <WaveformData ID="4487318" Label="II" UOM="mV" Cal="0,1,1023,3071" SampleRate="125" SamplePeriodInMsec="1000" Samples="125">0.89,0.345,0.34,0.605,0.64,0.65,0.665,0.685,0.7,0.715,0.725,0.74,0.755,0.78,0.805,0.84,0.88,0.92,0.96,0.995,1.02,1.04,1.045,1.035,1.01,0.975,0.935,0.895,0.85,0.805,0.76,0.715,0.675,0.635,0.605,0.615,0.665,0.735,0.775,0.745,0.665,0.6,0.585,0.59,0.595,0.605,0.615,0.625,0.635,0.61,0.71,1.27,1.5,1.5,0.715,0.475,0.65,0.755,0.765,0.77,0.78,0.785,0.79,0.795,0.795,0.805,0.815,0.83,0.85,0.88,0.91,0.945,0.98,1.01,1.03,1.04,1.045,1.025,0.995,0.955,0.91,0.865,0.82,0.775,0.73,0.69,0.65,0.61,0.6,0.63,0.69,0.745,0.75,0.68,0.6,0.56,0.555,0.56,0.565,0.575,0.59,0.605,0.61,0.585,0.935,1.5,1.5,1.025,0.46,0.45,0.695,0.725,0.735,0.745,0.75,0.755,0.755,0.76,0.765,0.77,0.785,0.8,0.825,0.855,0.895</WaveformData>
            <WaveformData ID="4214093" Label="SPO2" UOM="Uncalib" Cal="0,0,0,0" SampleRate="125" SamplePeriodInMsec="1000" Samples="125">2750.0,2857.0,2915.0,2964.0,3003.0,3013.0,3023.0,3013.0,3013.0,3003.0,2993.0,2974.0,2964.0,2945.0,2925.0,2906.0,2876.0,2847.0,2818.0,2779.0,2740.0,2691.0,2652.0,2603.0,2545.0,2486.0,2428.0,2369.0,2311.0,2252.0,2204.0,2145.0,2096.0,2048.0,1979.0,1921.0,1862.0,1804.0,1755.0,1716.0,1687.0,1677.0,1677.0,1716.0,1765.0,1843.0,1931.0,2038.0,2145.0,2262.0,2369.0,2467.0,2555.0,2623.0,2672.0,2701.0,2711.0,2701.0,2681.0,2672.0,2672.0,2642.0,2603.0,2574.0,2535.0,2506.0,2477.0,2438.0,2408.0,2369.0,2330.0,2291.0,2252.0,2220.0,2177.0,2123.0,2058.0,2015.0,1961.0,1907.0,1843.0,1789.0,1724.0,1670.0,1606.0,1552.0,1487.0,1422.0,1358.0,1293.0,1228.0,1164.0,1099.0,1045.0,1013.0,981.0,981.0,1002.0,1056.0,1131.0,1239.0,1358.0,1498.0,1649.0,1810.0,1951.0,2091.0,2209.0,2306.0,2382.0,2436.0,2468.0,2479.0,2479.0,2457.0,2436.0,2414.0,2392.0,2360.0,2339.0,2317.0,2285.0,2252.0,2231.0,2198.0</WaveformData>
            <WaveformData ID="3289908" Label="ABP" UOM="mmHg" Cal="30,60,307,3378" SampleRate="125" SamplePeriodInMsec="1000" Samples="125">44.4,43.9,43.4,43.1,42.7,42.4,42.2,41.9,41.8,41.5,41.3,41.1,40.7,40.4,40.1,39.8,39.5,39.3,38.9,38.7,38.4,38.2,38.3,38.9,40.2,42.6,45.8,49.5,52.9,55.5,57.0,57.3,56.5,54.8,52.6,50.3,48.2,46.6,45.6,45.1,45.0,44.9,45.0,45.1,45.2,45.2,45.0,44.8,44.4,44.1,43.7,43.2,42.8,42.3,41.9,41.5,41.2,40.9,40.6,40.4,40.2,40.1,39.9,39.7,39.5,39.3,38.9,38.6,38.4,38.1,37.7,37.5,37.2,37.1,36.9,36.9,37.2,38.2,40.2,43.2,46.8,50.4,53.4,55.6,56.7,57.0,56.1,54.2,52.1,49.9,47.9,46.4,45.5,45.1,45.0,45.1,45.2,45.3,45.3,45.2,45.1,44.8,44.5,44.1,43.6,43.2,42.7,42.3,41.9,41.4,41.1,40.9,40.7,40.5,40.4,40.2,40.1,39.8,39.6,39.3,39.0,38.7,38.4,38.1,37.9</WaveformData>
            <WaveformData ID="4214108" Label="Unk lbl 4214108" UOM="Uncalib" Cal="0,0,0,0" SampleRate="125" SamplePeriodInMsec="1000" Samples="125">1966,1925,1884,1843,1816,1775,1747,1720,1693,1679,1652,1638,1624,1611,1597,1597,1597,1597,1611,1638,1665,1720,1788,1870,1979,2075,2211,2334,2484,2607,2744,2853,2949,3044,3099,3153,3181,3194,3208,3194,3181,3167,3140,3112,3099,3058,3017,2976,2921,2867,2812,2757,2689,2635,2566,2512,2457,2389,2334,2280,2225,2170,2116,2061,2034,1979,1938,1897,1843,1802,1775,1734,1720,1706,1706,1734,1775,1816,1884,1966,2048,2129,2225,2307,2389,2443,2498,2539,2553,2553,2539,2512,2484,2443,2402,2348,2307,2252,2211,2157,2116,2061,2034,1993,1938,1897,1843,1802,1761,1706,1665,1611,1556,1382,1331,1263,1211,1160,1109,1058,1024,972,938,904,887</WaveformData>
      </Waveforms>
      <VitalSigns CollectionTime="12/21/2017 1:52:16 PM" CollectionTimeUTC="1513885936">
            <VitalSign>
                  <Parameter>HR</Parameter>
                  <BpChannel />
                  <Time>12/21/2017 1:52:16 PM</Time>
                  <TimeUTC>1513885936</TimeUTC>
                  <Value UOM="Bpm" Q="">140</Value>
                  <AlarmLimitLow />
                  <AlarmLimitHigh />
            </VitalSign>
            <VitalSign>
                  <Parameter>NBP-S</Parameter>
                  <BpChannel />
                  <Time>12/21/2017 8:23:00 PM</Time>
                  <TimeUTC>1513909380</TimeUTC>
                  <Value UOM="mmHg" Q="">NODATA</Value>
                  <AlarmLimitLow />
                  <AlarmLimitHigh />
            </VitalSign>
            <VitalSign>
                  <Parameter>NBP-D</Parameter>
                  <BpChannel />
                  <Time>12/21/2017 8:23:00 PM</Time>
                  <TimeUTC>1513909380</TimeUTC>
                  <Value UOM="mmHg" Q="">NODATA</Value>
                  <AlarmLimitLow />
                  <AlarmLimitHigh />
            </VitalSign>
            <VitalSign>
                  <Parameter>NBP-M</Parameter>
                  <BpChannel />
                  <Time>12/21/2017 8:23:00 PM</Time>
                  <TimeUTC>1513909380</TimeUTC>
                  <Value UOM="mmHg" Q="">NODATA</Value>
                  <AlarmLimitLow />
                  <AlarmLimitHigh />
            </VitalSign>
            <VitalSign>
                  <Parameter>PVC</Parameter>
                  <BpChannel />
                  <Time>12/21/2017 1:52:16 PM</Time>
                  <TimeUTC>1513885936</TimeUTC>
                  <Value UOM="Bpm" Q="">0</Value>
                  <AlarmLimitLow />
                  <AlarmLimitHigh />
            </VitalSign>
            <VitalSign>
                  <Parameter>RHY</Parameter>
                  <BpChannel />
                  <Time>12/21/2017 1:52:16 PM</Time>
                  <TimeUTC>1513885936</TimeUTC>
                  <Value UOM="" Q="">SINUS RHYTHM</Value>
                  <AlarmLimitLow />
                  <AlarmLimitHigh />
            </VitalSign>
            <VitalSign>
                  <Parameter>ECT</Parameter>
                  <BpChannel />
                  <Time>12/21/2017 1:52:16 PM</Time>
                  <TimeUTC>1513885936</TimeUTC>
                  <Value UOM="" Q="" />
                  <AlarmLimitLow />
                  <AlarmLimitHigh />
            </VitalSign>
            <VitalSign>
                  <Parameter>RESP</Parameter>
                  <BpChannel />
                  <Time>12/21/2017 1:52:16 PM</Time>
                  <TimeUTC>1513885936</TimeUTC>
                  <Value UOM="BrMin" Q="">35</Value>
                  <AlarmLimitLow />
                  <AlarmLimitHigh />
            </VitalSign>
            <VitalSign>
                  <Parameter>SPO2</Parameter>
                  <BpChannel />
                  <Time>12/21/2017 1:52:16 PM</Time>
                  <TimeUTC>1513885936</TimeUTC>
                  <Value UOM="%" Q="">100</Value>
                  <AlarmLimitLow />
                  <AlarmLimitHigh />
            </VitalSign>
            <VitalSign>
                  <Parameter>PULSE</Parameter>
                  <BpChannel />
                  <Time>12/21/2017 1:52:16 PM</Time>
                  <TimeUTC>1513885936</TimeUTC>
                  <Value UOM="BPM" Q="">140</Value>
                  <AlarmLimitLow />
                  <AlarmLimitHigh />
            </VitalSign>
            <VitalSign>
                  <Parameter>ABP-S</Parameter>
                  <BpChannel />
                  <Time>12/21/2017 1:52:16 PM</Time>
                  <TimeUTC>1513885936</TimeUTC>
                  <Value UOM="mmHg" Q="">58</Value>
                  <AlarmLimitLow />
                  <AlarmLimitHigh />
            </VitalSign>
            <VitalSign>
                  <Parameter>ABP-D</Parameter>
                  <BpChannel />
                  <Time>12/21/2017 1:52:16 PM</Time>
                  <TimeUTC>1513885936</TimeUTC>
                  <Value UOM="mmHg" Q="">38</Value>
                  <AlarmLimitLow />
                  <AlarmLimitHigh />
            </VitalSign>
            <VitalSign>
                  <Parameter>ABP-M</Parameter>
                  <BpChannel />
                  <Time>12/21/2017 1:52:16 PM</Time>
                  <TimeUTC>1513885936</TimeUTC>
                  <Value UOM="mmHg" Q="">45</Value>
                  <AlarmLimitLow />
                  <AlarmLimitHigh />
            </VitalSign>
      </VitalSigns>
      <Alarms />
      <ImportedData />
      <Waveforms CollectionTime="12/21/2017 1:52:17 PM" CollectionTimeUTC="1513885937" TTX="" DisplayOrder="">
            <WaveformData ID="3230796" Label="RESP" UOM="Ohms" Cal="0,1,1230,2867" SampleRate="125" SamplePeriodInMsec="1000" Samples="125">-0.1,-0.1,-0.1,-0.1,-0.1,-0.1,-0.1,-0.1,-0.1,-0.1,-0.1,-0.1,-0.1,-0.1,-0.1,-0.1,-0.1,-0.1,-0.1,-0.1,-0.1,-0.1,-0.2,-0.2,-0.2,-0.2,-0.2,-0.2,-0.2,-0.2,-0.2,-0.2,-0.1,-0.1,-0.1,-0.1,-0.1,-0.1,-0.1,-0.1,-0.1,0.0,0.0,0.0,0.1,0.1,0.1,0.2,0.2,0.2,0.3,0.3,0.4,0.4,0.4,0.5,0.5,0.5,0.6,0.6,0.7,0.7,0.7,0.8,0.8,0.8,0.8,0.8,0.9,0.9,0.9,0.9,0.9,0.9,0.9,0.9,0.9,0.9,0.9,1.0,1.0,1.0,1.0,1.0,0.9,0.9,0.9,0.9,0.9,0.9,0.9,0.9,0.9,0.9,0.9,0.8,0.8,0.8,0.8,0.8,0.7,0.7,0.7,0.6,0.6,0.6,0.5,0.5,0.5,0.5,0.4,0.4,0.4,0.3,0.3,0.3,0.3,0.2,0.2,0.2,0.2,0.1,0.1,0.1,0.1</WaveformData>
            <WaveformData ID="4487318" Label="II" UOM="mV" Cal="0,1,1023,3071" SampleRate="125" SamplePeriodInMsec="1000" Samples="125">0.925,0.96,0.985,1,1.005,0.995,0.97,0.935,0.895,0.85,0.805,0.765,0.72,0.675,0.63,0.595,0.57,0.585,0.64,0.705,0.735,0.68,0.585,0.525,0.505,0.51,0.51,0.51,0.52,0.525,0.53,0.505,0.71,1.4,1.5,1.205,0.42,0.305,0.53,0.59,0.6,0.605,0.605,0.605,0.6,0.595,0.595,0.595,0.6,0.615,0.635,0.66,0.685,0.715,0.74,0.765,0.78,0.79,0.78,0.76,0.73,0.69,0.645,0.595,0.55,0.505,0.465,0.425,0.39,0.36,0.355,0.405,0.475,0.53,0.515,0.45,0.395,0.38,0.385,0.4,0.41,0.425,0.45,0.465,0.45,0.525,1.025,1.5,1.465,0.645,0.34,0.505,0.625,0.645,0.66,0.67,0.69,0.705,0.715,0.73,0.745,0.765,0.79,0.825,0.865,0.9,0.94,0.98,1.015,1.035,1.05,1.05,1.04,1.015,0.975,0.93,0.89,0.845,0.8,0.755,0.71,0.675,0.635,0.62,0.645</WaveformData>
            <WaveformData ID="4214093" Label="SPO2" UOM="Uncalib" Cal="0,0,0,0" SampleRate="125" SamplePeriodInMsec="1000" Samples="125">2155.0,2112.0,2080.0,2037.0,1994.0,1951.0,1897.0,1854.0,1800.0,1746.0,1692.0,1638.0,1584.0,1530.0,1466.0,1412.0,1347.0,1293.0,1228.0,1164.0,1110.0,1067.0,1024.0,1013.0,1013.0,1034.0,1099.0,1185.0,1315.0,1466.0,1627.0,1800.0,1972.0,2134.0,2274.0,2414.0,2511.0,2597.0,2651.0,2683.0,2694.0,2683.0,2673.0,2651.0,2619.0,2586.0,2565.0,2533.0,2500.0,2479.0,2446.0,2403.0,2371.0,2328.0,2285.0,2242.0,2188.0,2134.0,2080.0,2026.0,1972.0,1918.0,1864.0,1800.0,1746.0,1692.0,1638.0,1584.0,1519.0,1466.0,1401.0,1347.0,1321.0,1269.0,1228.0,1198.0,1187.0,1208.0,1239.0,1300.0,1402.0,1515.0,1669.0,1822.0,1996.0,2160.0,2334.0,2488.0,2631.0,2754.0,2836.0,2918.0,2959.0,2990.0,3010.0,3010.0,3010.0,3000.0,2990.0,2979.0,2969.0,2959.0,2949.0,2938.0,2918.0,2897.0,2867.0,2846.0,2805.0,2775.0,2723.0,2682.0,2621.0,2570.0,2508.0,2447.0,2375.0,2314.0,2252.0,2201.0,2140.0,2078.0,2027.0,1966.0,1904.0</WaveformData>
            <WaveformData ID="3289908" Label="ABP" UOM="mmHg" Cal="30,60,307,3378" SampleRate="125" SamplePeriodInMsec="1000" Samples="125">37.6,37.2,37.1,37.0,37.2,38.1,39.7,42.5,46.0,49.9,53.5,56.2,58.0,58.5,57.9,56.4,54.2,52.1,50.0,48.3,47.0,46.1,45.7,45.7,45.9,46.1,46.2,46.2,46.1,45.9,45.7,45.4,45.2,44.8,44.4,43.9,43.6,43.1,42.7,42.4,42.2,42.0,41.9,41.8,41.6,41.4,41.2,41.0,40.7,40.4,40.1,39.9,39.6,39.3,39.0,38.7,38.6,38.7,39.4,41.1,43.9,47.8,52.1,56.0,59.1,61.1,62.0,61.6,60.1,58.0,55.5,53.0,50.9,49.4,48.3,47.8,47.6,47.6,47.6,47.6,47.6,47.4,47.2,46.9,46.6,46.2,45.8,45.3,44.8,44.2,43.8,43.4,42.9,42.6,42.3,42.0,41.8,41.6,41.4,41.2,40.9,40.6,40.2,39.9,39.7,39.4,39.2,38.9,38.6,38.4,38.3,38.5,39.3,41.1,43.7,47.2,50.8,54.1,56.4,57.6,57.5,56.4,54.4,52.0,49.6</WaveformData>
            <WaveformData ID="4214108" Label="Unk lbl 4214108" UOM="Uncalib" Cal="0,0,0,0" SampleRate="125" SamplePeriodInMsec="1000" Samples="125">870,887,904,955,1041,1126,1263,1382,1536,1689,1843,1996,2116,2252,2338,2423,2474,2491,2508,2491,2474,2440,2406,2355,2303,2252,2201,2150,2099,2048,2031,1979,1928,1877,1826,1775,1706,1655,1604,1553,1501,1433,1382,1331,1280,1245,1194,1143,1109,1075,1041,1007,1007,1007,1024,1058,1109,1194,1297,1416,1553,1706,1860,2031,2167,2321,2457,2559,2645,2713,2764,2781,2781,2764,2730,2696,2645,2594,2542,2474,2423,2355,2303,2252,2184,2133,2082,2031,1979,1928,1877,1826,1775,1723,1672,1638,1604,1570,1553,1519,1501,1484,1467,1450,1450,1450,1450,1484,1519,1570,1638,1740,1860,1996,2133,2286,2457,2645,2798,2952,3089,3208,3293,3362,3413</WaveformData>
      </Waveforms>
      <VitalSigns CollectionTime="12/21/2017 1:52:17 PM" CollectionTimeUTC="1513885937">
            <VitalSign>
                  <Parameter>HR</Parameter>
                  <BpChannel />
                  <Time>12/21/2017 1:52:17 PM</Time>
                  <TimeUTC>1513885937</TimeUTC>
                  <Value UOM="Bpm" Q="">140</Value>
                  <AlarmLimitLow />
                  <AlarmLimitHigh />
            </VitalSign>
            <VitalSign>
                  <Parameter>NBP-S</Parameter>
                  <BpChannel />
                  <Time>12/21/2017 8:23:00 PM</Time>
                  <TimeUTC>1513909380</TimeUTC>
                  <Value UOM="mmHg" Q="">NODATA</Value>
                  <AlarmLimitLow />
                  <AlarmLimitHigh />
            </VitalSign>
            <VitalSign>
                  <Parameter>NBP-D</Parameter>
                  <BpChannel />
                  <Time>12/21/2017 8:23:00 PM</Time>
                  <TimeUTC>1513909380</TimeUTC>
                  <Value UOM="mmHg" Q="">NODATA</Value>
                  <AlarmLimitLow />
                  <AlarmLimitHigh />
            </VitalSign>
            <VitalSign>
                  <Parameter>NBP-M</Parameter>
                  <BpChannel />
                  <Time>12/21/2017 8:23:00 PM</Time>
                  <TimeUTC>1513909380</TimeUTC>
                  <Value UOM="mmHg" Q="">NODATA</Value>
                  <AlarmLimitLow />
                  <AlarmLimitHigh />
            </VitalSign>
            <VitalSign>
                  <Parameter>PVC</Parameter>
                  <BpChannel />
                  <Time>12/21/2017 1:52:17 PM</Time>
                  <TimeUTC>1513885937</TimeUTC>
                  <Value UOM="Bpm" Q="">0</Value>
                  <AlarmLimitLow />
                  <AlarmLimitHigh />
            </VitalSign>
            <VitalSign>
                  <Parameter>RHY</Parameter>
                  <BpChannel />
                  <Time>12/21/2017 1:52:17 PM</Time>
                  <TimeUTC>1513885937</TimeUTC>
                  <Value UOM="" Q="">SINUS RHYTHM</Value>
                  <AlarmLimitLow />
                  <AlarmLimitHigh />
            </VitalSign>
            <VitalSign>
                  <Parameter>ECT</Parameter>
                  <BpChannel />
                  <Time>12/21/2017 1:52:17 PM</Time>
                  <TimeUTC>1513885937</TimeUTC>
                  <Value UOM="" Q="" />
                  <AlarmLimitLow />
                  <AlarmLimitHigh />
            </VitalSign>
            <VitalSign>
                  <Parameter>RESP</Parameter>
                  <BpChannel />
                  <Time>12/21/2017 1:52:17 PM</Time>
                  <TimeUTC>1513885937</TimeUTC>
                  <Value UOM="BrMin" Q="">35</Value>
                  <AlarmLimitLow />
                  <AlarmLimitHigh />
            </VitalSign>
            <VitalSign>
                  <Parameter>SPO2</Parameter>
                  <BpChannel />
                  <Time>12/21/2017 1:52:17 PM</Time>
                  <TimeUTC>1513885937</TimeUTC>
                  <Value UOM="%" Q="">100</Value>
                  <AlarmLimitLow />
                  <AlarmLimitHigh />
            </VitalSign>
            <VitalSign>
                  <Parameter>PULSE</Parameter>
                  <BpChannel />
                  <Time>12/21/2017 1:52:17 PM</Time>
                  <TimeUTC>1513885937</TimeUTC>
                  <Value UOM="BPM" Q="">140</Value>
                  <AlarmLimitLow />
                  <AlarmLimitHigh />
            </VitalSign>
            <VitalSign>
                  <Parameter>ABP-S</Parameter>
                  <BpChannel />
                  <Time>12/21/2017 1:52:17 PM</Time>
                  <TimeUTC>1513885937</TimeUTC>
                  <Value UOM="mmHg" Q="">58</Value>
                  <AlarmLimitLow />
                  <AlarmLimitHigh />
            </VitalSign>
            <VitalSign>
                  <Parameter>ABP-D</Parameter>
                  <BpChannel />
                  <Time>12/21/2017 1:52:17 PM</Time>
                  <TimeUTC>1513885937</TimeUTC>
                  <Value UOM="mmHg" Q="">38</Value>
                  <AlarmLimitLow />
                  <AlarmLimitHigh />
            </VitalSign>
            <VitalSign>
                  <Parameter>ABP-M</Parameter>
                  <BpChannel />
                  <Time>12/21/2017 1:52:17 PM</Time>
                  <TimeUTC>1513885937</TimeUTC>
                  <Value UOM="mmHg" Q="">45</Value>
                  <AlarmLimitLow />
                  <AlarmLimitHigh />
            </VitalSign>
      </VitalSigns>
      <Alarms />
      <ImportedData />
      <Waveforms CollectionTime="12/21/2017 1:52:18 PM" CollectionTimeUTC="1513885938" TTX="" DisplayOrder="">
            <WaveformData ID="3230796" Label="RESP" UOM="Ohms" Cal="0,1,1230,2867" SampleRate="125" SamplePeriodInMsec="1000" Samples="125">0.0,0.0,0.0,0.0,0.0,0.0,0.0,-0.1,-0.1,-0.1,-0.1,-0.1,-0.1,-0.1,-0.1,-0.1,-0.1,-0.1,-0.1,-0.1,-0.1,-0.1,-0.1,-0.1,-0.1,-0.1,-0.1,-0.1,-0.1,-0.1,-0.1,-0.1,-0.2,-0.2,-0.2,-0.2,-0.2,-0.2,-0.2,-0.2,-0.2,-0.2,-0.2,-0.2,-0.2,-0.2,-0.2,-0.2,-0.2,-0.2,-0.2,-0.2,-0.2,-0.2,-0.2,-0.2,-0.2,-0.2,-0.2,-0.2,-0.2,-0.2,-0.2,-0.2,-0.2,-0.2,-0.2,-0.2,-0.2,-0.2,-0.2,-0.2,-0.2,-0.2,-0.2,-0.2,-0.2,-0.2,-0.2,-0.2,-0.2,-0.2,-0.2,-0.2,-0.2,-0.1,-0.1,-0.1,-0.1,-0.1,-0.1,-0.1,-0.1,-0.1,-0.1,-0.1,-0.1,-0.1,-0.1,-0.1,-0.1,-0.1,-0.1,-0.1,-0.1,-0.1,-0.1,-0.2,-0.2,-0.2,-0.2,-0.2,-0.2,-0.2,-0.2,-0.2,-0.2,-0.2,-0.2,-0.1,-0.1,-0.1,-0.1,-0.1,-0.1</WaveformData>
            <WaveformData ID="4487318" Label="II" UOM="mV" Cal="0,1,1023,3071" SampleRate="125" SamplePeriodInMsec="1000" Samples="125">0.71,0.775,0.79,0.73,0.65,0.605,0.6,0.605,0.61,0.62,0.63,0.645,0.64,0.63,0.88,1.5,1.5,1.2,0.55,0.485,0.73,0.775,0.785,0.79,0.795,0.8,0.805,0.805,0.815,0.825,0.835,0.85,0.875,0.905,0.94,0.975,1.005,1.03,1.045,1.055,1.045,1.025,0.995,0.95,0.905,0.865,0.82,0.775,0.73,0.685,0.645,0.615,0.625,0.665,0.735,0.765,0.73,0.645,0.58,0.56,0.57,0.575,0.585,0.595,0.61,0.62,0.595,0.705,1.275,1.5,1.5,0.675,0.44,0.62,0.725,0.74,0.745,0.755,0.755,0.76,0.76,0.765,0.77,0.78,0.795,0.815,0.845,0.875,0.905,0.94,0.97,0.99,1,1.005,0.985,0.955,0.92,0.875,0.835,0.79,0.75,0.705,0.665,0.62,0.585,0.575,0.615,0.675,0.72,0.7,0.62,0.535,0.5,0.495,0.5,0.495,0.5,0.51,0.515,0.495,0.485,1,1.5,1.5,0.715</WaveformData>
            <WaveformData ID="4214093" Label="SPO2" UOM="Uncalib" Cal="0,0,0,0" SampleRate="125" SamplePeriodInMsec="1000" Samples="125">1843.0,1781.0,1720.0,1679.0,1648.0,1638.0,1648.0,1669.0,1730.0,1812.0,1904.0,2017.0,2129.0,2252.0,2375.0,2488.0,2580.0,2662.0,2713.0,2744.0,2764.0,2754.0,2744.0,2713.0,2682.0,2652.0,2611.0,2580.0,2539.0,2508.0,2478.0,2437.0,2396.0,2355.0,2314.0,2273.0,2222.0,2170.0,2109.0,2058.0,2007.0,1955.0,1894.0,1833.0,1781.0,1720.0,1658.0,1597.0,1536.0,1474.0,1413.0,1351.0,1290.0,1218.0,1167.0,1116.0,1065.0,1044.0,1034.0,1054.0,1095.0,1157.0,1249.0,1362.0,1495.0,1638.0,1781.0,1925.0,2048.0,2160.0,2263.0,2334.0,2385.0,2416.0,2426.0,2426.0,2416.0,2396.0,2365.0,2344.0,2314.0,2293.0,2273.0,2242.0,2222.0,2191.0,2160.0,2129.0,2088.0,2048.0,2017.0,1976.0,1925.0,1884.0,1833.0,1781.0,1730.0,1679.0,1628.0,1577.0,1525.0,1474.0,1413.0,1362.0,1300.0,1249.0,1187.0,1136.0,1085.0,1054.0,1024.0,1024.0,1034.0,1075.0,1157.0,1259.0,1392.0,1525.0,1679.0,1843.0,1996.0,2119.0,2242.0,2344.0,2416.0</WaveformData>
            <WaveformData ID="3289908" Label="ABP" UOM="mmHg" Cal="30,60,307,3378" SampleRate="125" SamplePeriodInMsec="1000" Samples="125">47.7,46.3,45.5,45.1,45.1,45.1,45.2,45.4,45.3,45.2,44.9,44.7,44.3,43.9,43.5,43.1,42.6,42.2,41.8,41.4,41.1,40.8,40.6,40.4,40.2,40.1,39.9,39.7,39.5,39.2,38.9,38.6,38.4,38.1,37.7,37.5,37.2,37.0,36.9,36.9,37.5,38.9,41.2,44.4,48.1,51.7,54.5,56.3,57.0,56.5,55.1,53.1,50.7,48.7,47.0,45.8,45.2,44.9,45.0,45.1,45.2,45.2,45.2,45.1,44.9,44.6,44.2,43.8,43.4,42.9,42.4,42.0,41.6,41.2,40.9,40.7,40.4,40.2,40.1,40.0,39.8,39.6,39.3,39.0,38.7,38.4,38.1,37.9,37.6,37.3,37.1,36.9,36.9,37.2,38.4,40.5,43.6,47.4,51.2,54.5,56.8,58.0,57.9,56.9,55.1,52.8,50.6,48.6,47.1,46.2,45.7,45.7,45.7,45.9,46.0,46.1,46.1,46.0,45.8,45.6,45.2,44.8,44.3,43.8,43.4</WaveformData>
            <WaveformData ID="4214108" Label="Unk lbl 4214108" UOM="Uncalib" Cal="0,0,0,0" SampleRate="125" SamplePeriodInMsec="1000" Samples="125">3430,3447,3447,3430,3413,3379,3345,3310,3259,3191,3140,3089,3020,2969,2901,2833,2764,2696,2611,2542,2474,2406,2338,2269,2201,2133,2065,2031,1962,1911,1860,1809,1757,1706,1672,1638,1621,1621,1638,1672,1723,1809,1894,2013,2099,2218,2321,2440,2525,2594,2645,2679,2696,2679,2662,2628,2577,2525,2457,2406,2338,2286,2218,2167,2116,2048,2013,1962,1894,1843,1792,1723,1672,1604,1553,1484,1433,1365,1314,1263,1194,1143,1092,1058,1007,972,938,904,887,887,904,921,990,1075,1194,1331,1467,1621,1775,1928,2048,2184,2286,2372,2423,2457,2491,2474,2457,2423,2389,2265,2227,2201,2163,2124,2086,2048,2022,1984,1945,1907,1868,1830,1792</WaveformData>
      </Waveforms>
      <VitalSigns CollectionTime="12/21/2017 1:52:18 PM" CollectionTimeUTC="1513885938">
            <VitalSign>
                  <Parameter>HR</Parameter>
                  <BpChannel />
                  <Time>12/21/2017 1:52:18 PM</Time>
                  <TimeUTC>1513885938</TimeUTC>
                  <Value UOM="Bpm" Q="">140</Value>
                  <AlarmLimitLow />
                  <AlarmLimitHigh />
            </VitalSign>
            <VitalSign>
                  <Parameter>NBP-S</Parameter>
                  <BpChannel />
                  <Time>12/21/2017 8:23:00 PM</Time>
                  <TimeUTC>1513909380</TimeUTC>
                  <Value UOM="mmHg" Q="">NODATA</Value>
                  <AlarmLimitLow />
                  <AlarmLimitHigh />
            </VitalSign>
            <VitalSign>
                  <Parameter>NBP-D</Parameter>
                  <BpChannel />
                  <Time>12/21/2017 8:23:00 PM</Time>
                  <TimeUTC>1513909380</TimeUTC>
                  <Value UOM="mmHg" Q="">NODATA</Value>
                  <AlarmLimitLow />
                  <AlarmLimitHigh />
            </VitalSign>
            <VitalSign>
                  <Parameter>NBP-M</Parameter>
                  <BpChannel />
                  <Time>12/21/2017 8:23:00 PM</Time>
                  <TimeUTC>1513909380</TimeUTC>
                  <Value UOM="mmHg" Q="">NODATA</Value>
                  <AlarmLimitLow />
                  <AlarmLimitHigh />
            </VitalSign>
            <VitalSign>
                  <Parameter>PVC</Parameter>
                  <BpChannel />
                  <Time>12/21/2017 1:52:18 PM</Time>
                  <TimeUTC>1513885938</TimeUTC>
                  <Value UOM="Bpm" Q="">0</Value>
                  <AlarmLimitLow />
                  <AlarmLimitHigh />
            </VitalSign>
            <VitalSign>
                  <Parameter>RHY</Parameter>
                  <BpChannel />
                  <Time>12/21/2017 1:52:18 PM</Time>
                  <TimeUTC>1513885938</TimeUTC>
                  <Value UOM="" Q="">SINUS RHYTHM</Value>
                  <AlarmLimitLow />
                  <AlarmLimitHigh />
            </VitalSign>
            <VitalSign>
                  <Parameter>ECT</Parameter>
                  <BpChannel />
                  <Time>12/21/2017 1:52:18 PM</Time>
                  <TimeUTC>1513885938</TimeUTC>
                  <Value UOM="" Q="" />
                  <AlarmLimitLow />
                  <AlarmLimitHigh />
            </VitalSign>
            <VitalSign>
                  <Parameter>RESP</Parameter>
                  <BpChannel />
                  <Time>12/21/2017 1:52:18 PM</Time>
                  <TimeUTC>1513885938</TimeUTC>
                  <Value UOM="BrMin" Q="">35</Value>
                  <AlarmLimitLow />
                  <AlarmLimitHigh />
            </VitalSign>
            <VitalSign>
                  <Parameter>SPO2</Parameter>
                  <BpChannel />
                  <Time>12/21/2017 1:52:18 PM</Time>
                  <TimeUTC>1513885938</TimeUTC>
                  <Value UOM="%" Q="">100</Value>
                  <AlarmLimitLow />
                  <AlarmLimitHigh />
            </VitalSign>
            <VitalSign>
                  <Parameter>PULSE</Parameter>
                  <BpChannel />
                  <Time>12/21/2017 1:52:18 PM</Time>
                  <TimeUTC>1513885938</TimeUTC>
                  <Value UOM="BPM" Q="">140</Value>
                  <AlarmLimitLow />
                  <AlarmLimitHigh />
            </VitalSign>
            <VitalSign>
                  <Parameter>ABP-S</Parameter>
                  <BpChannel />
                  <Time>12/21/2017 1:52:18 PM</Time>
                  <TimeUTC>1513885938</TimeUTC>
                  <Value UOM="mmHg" Q="">58</Value>
                  <AlarmLimitLow />
                  <AlarmLimitHigh />
            </VitalSign>
            <VitalSign>
                  <Parameter>ABP-D</Parameter>
                  <BpChannel />
                  <Time>12/21/2017 1:52:18 PM</Time>
                  <TimeUTC>1513885938</TimeUTC>
                  <Value UOM="mmHg" Q="">38</Value>
                  <AlarmLimitLow />
                  <AlarmLimitHigh />
            </VitalSign>
            <VitalSign>
                  <Parameter>ABP-M</Parameter>
                  <BpChannel />
                  <Time>12/21/2017 1:52:18 PM</Time>
                  <TimeUTC>1513885938</TimeUTC>
                  <Value UOM="mmHg" Q="">45</Value>
                  <AlarmLimitLow />
                  <AlarmLimitHigh />
            </VitalSign>
      </VitalSigns>
      <Alarms />
      <ImportedData />
      <Waveforms CollectionTime="12/21/2017 1:52:19 PM" CollectionTimeUTC="1513885939" TTX="" DisplayOrder="">
            <WaveformData ID="3230796" Label="RESP" UOM="Ohms" Cal="0,1,1230,2867" SampleRate="125" SamplePeriodInMsec="1000" Samples="125">-0.1,-0.1,-0.1,0.0,0.0,0.0,0.0,0.1,0.1,0.1,0.2,0.2,0.3,0.3,0.4,0.4,0.4,0.5,0.5,0.6,0.6,0.6,0.7,0.7,0.7,0.8,0.8,0.8,0.8,0.9,0.9,0.9,0.9,0.9,0.9,0.9,0.9,0.9,0.9,0.9,0.9,0.9,0.9,0.9,0.9,0.9,0.9,0.9,0.9,0.9,0.9,0.9,0.9,0.9,0.9,0.9,0.8,0.8,0.8,0.8,0.8,0.7,0.7,0.7,0.6,0.6,0.6,0.6,0.5,0.5,0.5,0.4,0.4,0.4,0.3,0.3,0.3,0.3,0.2,0.2,0.2,0.2,0.1,0.1,0.1,0.1,0.1,0.0,0.0,0.0,0.0,0.0,0.0,-0.1,-0.1,-0.1,-0.1,-0.1,-0.1,-0.1,-0.1,-0.1,-0.1,-0.1,-0.1,-0.1,-0.1,-0.2,-0.2,-0.2,-0.2,-0.2,-0.2,-0.2,-0.2,-0.2,-0.2,-0.2,-0.2,-0.2,-0.2,-0.2,-0.2,-0.2,-0.2</WaveformData>
            <WaveformData ID="4487318" Label="II" UOM="mV" Cal="0,1,1023,3071" SampleRate="125" SamplePeriodInMsec="1000" Samples="125">0.295,0.435,0.56,0.575,0.58,0.58,0.585,0.585,0.58,0.575,0.575,0.575,0.585,0.605,0.625,0.65,0.685,0.71,0.735,0.755,0.765,0.765,0.75,0.72,0.68,0.635,0.59,0.55,0.505,0.47,0.43,0.4,0.365,0.355,0.385,0.455,0.525,0.545,0.49,0.425,0.39,0.39,0.4,0.41,0.42,0.44,0.455,0.465,0.45,0.755,1.445,1.5,0.96,0.37,0.34,0.6,0.645,0.66,0.675,0.69,0.7,0.715,0.725,0.74,0.76,0.78,0.81,0.845,0.885,0.925,0.97,1.01,1.035,1.05,1.06,1.05,1.025,0.995,0.955,0.91,0.865,0.82,0.775,0.73,0.69,0.655,0.625,0.635,0.685,0.755,0.79,0.76,0.68,0.615,0.6,0.605,0.61,0.62,0.625,0.64,0.65,0.625,0.725,1.28,1.5,1.5,0.725,0.48,0.655,0.765,0.775,0.78,0.79,0.795,0.8,0.8,0.81,0.815,0.825,0.84,0.865,0.89,0.925,0.96,0.99</WaveformData>
            <WaveformData ID="4214093" Label="SPO2" UOM="Uncalib" Cal="0,0,0,0" SampleRate="125" SamplePeriodInMsec="1000" Samples="125">2478.0,2508.0,2529.0,2539.0,2529.0,2519.0,2519.0,2508.0,2488.0,2467.0,2437.0,2416.0,2385.0,2355.0,2324.0,2283.0,2242.0,2201.0,2160.0,2109.0,2058.0,2017.0,1966.0,1914.0,1863.0,1802.0,1751.0,1699.0,1658.0,1607.0,1556.0,1505.0,1443.0,1392.0,1341.0,1280.0,1228.0,1177.0,1136.0,1116.0,1106.0,1116.0,1167.0,1239.0,1341.0,1474.0,1618.0,1792.0,1966.0,2140.0,2314.0,2478.0,2621.0,2734.0,2836.0,2897.0,2959.0,2979.0,3000.0,3000.0,3000.0,3000.0,2990.0,2979.0,2969.0,2959.0,2949.0,2938.0,2928.0,2908.0,2811.0,2783.0,2755.0,2727.0,2690.0,2653.0,2606.0,2569.0,2522.0,2476.0,2429.0,2373.0,2327.0,2280.0,2224.0,2178.0,2122.0,2066.0,2020.0,1964.0,1899.0,1843.0,1796.0,1750.0,1713.0,1694.0,1694.0,1713.0,1750.0,1815.0,1889.0,1992.0,2085.0,2196.0,2308.0,2411.0,2504.0,2578.0,2634.0,2671.0,2690.0,2690.0,2680.0,2662.0,2634.0,2606.0,2578.0,2541.0,2513.0,2485.0,2448.0,2420.0,2383.0,2345.0,2308.0</WaveformData>
            <WaveformData ID="3289908" Label="ABP" UOM="mmHg" Cal="30,60,307,3378" SampleRate="125" SamplePeriodInMsec="1000" Samples="125">43.0,42.6,42.3,42.1,41.9,41.8,41.6,41.4,41.2,41.1,40.9,40.7,40.4,40.2,39.9,39.6,39.3,38.9,38.7,38.4,38.4,38.7,40.0,42.3,45.8,49.9,54.1,57.7,60.2,61.6,61.7,60.8,59.1,56.9,54.4,51.9,50.0,48.7,47.8,47.4,47.3,47.3,47.4,47.4,47.3,47.2,46.9,46.6,46.2,45.8,45.4,44.9,44.3,43.9,43.5,43.1,42.7,42.4,42.2,41.9,41.8,41.6,41.3,41.1,40.7,40.4,40.1,39.7,39.5,39.2,38.9,38.6,38.4,38.2,38.2,38.7,40.1,42.4,45.5,49.1,52.6,55.2,56.7,57.1,56.4,54.7,52.6,50.3,48.2,46.7,45.7,45.2,45.1,45.1,45.2,45.2,45.3,45.3,45.1,44.8,44.5,44.1,43.6,43.1,42.7,42.3,41.8,41.4,41.1,40.9,40.6,40.4,40.2,40.1,39.9,39.7,39.5,39.3,39.0,38.7,38.4,38.1,37.8,37.6,37.2</WaveformData>
            <WaveformData ID="4214108" Label="Unk lbl 4214108" UOM="Uncalib" Cal="0,0,0,0" SampleRate="125" SamplePeriodInMsec="1000" Samples="125">1740,1702,1664,1625,1574,1536,1497,1459,1433,1395,1356,1331,1305,1280,1254,1241,1228,1228,1241,1254,1318,1382,1459,1561,1664,1779,1894,2022,2112,2214,2291,2368,2419,2457,2470,2483,2470,2457,2432,2393,2355,2329,2291,2252,2214,2176,2137,2099,2060,2035,1996,1945,1907,1868,1830,1792,1753,1715,1689,1664,1638,1625,1600,1587,1574,1561,1561,1548,1548,1561,1574,1600,1638,1689,1753,1830,1932,2048,2150,2278,2406,2521,2636,2739,2828,2918,2969,3008,3033,3046,3059,3046,3033,3020,2995,2982,2956,2918,2892,2867,2828,2803,2764,2713,2649,2598,2547,2483,2432,2368,2316,2265,2214,2163,2124,2073,2048,1996,1958,1907,1868,1830,1792,1753,1740</WaveformData>
      </Waveforms>
      <VitalSigns CollectionTime="12/21/2017 1:52:19 PM" CollectionTimeUTC="1513885939">
            <VitalSign>
                  <Parameter>HR</Parameter>
                  <BpChannel />
                  <Time>12/21/2017 1:52:19 PM</Time>
                  <TimeUTC>1513885939</TimeUTC>
                  <Value UOM="Bpm" Q="">140</Value>
                  <AlarmLimitLow />
                  <AlarmLimitHigh />
            </VitalSign>
            <VitalSign>
                  <Parameter>NBP-S</Parameter>
                  <BpChannel />
                  <Time>12/21/2017 8:23:00 PM</Time>
                  <TimeUTC>1513909380</TimeUTC>
                  <Value UOM="mmHg" Q="">NODATA</Value>
                  <AlarmLimitLow />
                  <AlarmLimitHigh />
            </VitalSign>
            <VitalSign>
                  <Parameter>NBP-D</Parameter>
                  <BpChannel />
                  <Time>12/21/2017 8:23:00 PM</Time>
                  <TimeUTC>1513909380</TimeUTC>
                  <Value UOM="mmHg" Q="">NODATA</Value>
                  <AlarmLimitLow />
                  <AlarmLimitHigh />
            </VitalSign>
            <VitalSign>
                  <Parameter>NBP-M</Parameter>
                  <BpChannel />
                  <Time>12/21/2017 8:23:00 PM</Time>
                  <TimeUTC>1513909380</TimeUTC>
                  <Value UOM="mmHg" Q="">NODATA</Value>
                  <AlarmLimitLow />
                  <AlarmLimitHigh />
            </VitalSign>
            <VitalSign>
                  <Parameter>PVC</Parameter>
                  <BpChannel />
                  <Time>12/21/2017 1:52:19 PM</Time>
                  <TimeUTC>1513885939</TimeUTC>
                  <Value UOM="Bpm" Q="">0</Value>
                  <AlarmLimitLow />
                  <AlarmLimitHigh />
            </VitalSign>
            <VitalSign>
                  <Parameter>RHY</Parameter>
                  <BpChannel />
                  <Time>12/21/2017 1:52:19 PM</Time>
                  <TimeUTC>1513885939</TimeUTC>
                  <Value UOM="" Q="">SINUS RHYTHM</Value>
                  <AlarmLimitLow />
                  <AlarmLimitHigh />
            </VitalSign>
            <VitalSign>
                  <Parameter>ECT</Parameter>
                  <BpChannel />
                  <Time>12/21/2017 1:52:19 PM</Time>
                  <TimeUTC>1513885939</TimeUTC>
                  <Value UOM="" Q="" />
                  <AlarmLimitLow />
                  <AlarmLimitHigh />
            </VitalSign>
            <VitalSign>
                  <Parameter>RESP</Parameter>
                  <BpChannel />
                  <Time>12/21/2017 1:52:19 PM</Time>
                  <TimeUTC>1513885939</TimeUTC>
                  <Value UOM="BrMin" Q="">35</Value>
                  <AlarmLimitLow />
                  <AlarmLimitHigh />
            </VitalSign>
            <VitalSign>
                  <Parameter>SPO2</Parameter>
                  <BpChannel />
                  <Time>12/21/2017 1:52:19 PM</Time>
                  <TimeUTC>1513885939</TimeUTC>
                  <Value UOM="%" Q="">100</Value>
                  <AlarmLimitLow />
                  <AlarmLimitHigh />
            </VitalSign>
            <VitalSign>
                  <Parameter>PULSE</Parameter>
                  <BpChannel />
                  <Time>12/21/2017 1:52:19 PM</Time>
                  <TimeUTC>1513885939</TimeUTC>
                  <Value UOM="BPM" Q="">140</Value>
                  <AlarmLimitLow />
                  <AlarmLimitHigh />
            </VitalSign>
            <VitalSign>
                  <Parameter>ABP-S</Parameter>
                  <BpChannel />
                  <Time>12/21/2017 1:52:19 PM</Time>
                  <TimeUTC>1513885939</TimeUTC>
                  <Value UOM="mmHg" Q="">58</Value>
                  <AlarmLimitLow />
                  <AlarmLimitHigh />
            </VitalSign>
            <VitalSign>
                  <Parameter>ABP-D</Parameter>
                  <BpChannel />
                  <Time>12/21/2017 1:52:19 PM</Time>
                  <TimeUTC>1513885939</TimeUTC>
                  <Value UOM="mmHg" Q="">38</Value>
                  <AlarmLimitLow />
                  <AlarmLimitHigh />
            </VitalSign>
            <VitalSign>
                  <Parameter>ABP-M</Parameter>
                  <BpChannel />
                  <Time>12/21/2017 1:52:19 PM</Time>
                  <TimeUTC>1513885939</TimeUTC>
                  <Value UOM="mmHg" Q="">45</Value>
                  <AlarmLimitLow />
                  <AlarmLimitHigh />
            </VitalSign>
      </VitalSigns>
      <Alarms />
      <ImportedData />
      <Waveforms CollectionTime="12/21/2017 1:52:20 PM" CollectionTimeUTC="1513885940" TTX="" DisplayOrder="">
            <WaveformData ID="3230796" Label="RESP" UOM="Ohms" Cal="0,1,1230,2867" SampleRate="125" SamplePeriodInMsec="1000" Samples="125">-0.2,-0.2,-0.2,-0.2,-0.2,-0.2,-0.2,-0.2,-0.2,-0.2,-0.2,-0.2,-0.2,-0.2,-0.2,-0.2,-0.2,-0.2,-0.2,-0.2,-0.2,-0.2,-0.2,-0.2,-0.2,-0.2,-0.2,-0.2,-0.2,-0.2,-0.2,-0.2,-0.2,-0.2,-0.2,-0.2,-0.2,-0.2,-0.2,-0.2,-0.2,-0.2,-0.2,-0.2,-0.2,-0.2,-0.2,-0.2,-0.2,-0.2,-0.2,-0.2,-0.2,-0.1,-0.1,-0.1,-0.1,-0.1,-0.1,-0.1,-0.1,-0.1,-0.1,-0.1,-0.1,-0.1,-0.1,-0.1,-0.2,-0.2,-0.2,-0.2,-0.2,-0.2,-0.2,-0.2,-0.2,-0.2,-0.2,-0.2,-0.2,-0.2,-0.2,-0.2,-0.2,-0.1,-0.1,-0.1,-0.1,-0.1,-0.1,0.0,0.0,0.0,0.0,0.1,0.1,0.1,0.2,0.2,0.3,0.3,0.3,0.4,0.4,0.5,0.5,0.5,0.6,0.6,0.7,0.7,0.7,0.8,0.8,0.8,0.8,0.9,0.9,0.9,0.9,0.9,0.9,0.9,0.9</WaveformData>
            <WaveformData ID="4487318" Label="II" UOM="mV" Cal="0,1,1023,3071" SampleRate="125" SamplePeriodInMsec="1000" Samples="125">1.02,1.04,1.05,1.045,1.03,1,0.96,0.915,0.875,0.83,0.785,0.74,0.7,0.655,0.62,0.61,0.64,0.705,0.755,0.76,0.675,0.6,0.565,0.565,0.57,0.575,0.585,0.595,0.61,0.6,0.585,0.965,1.5,1.5,0.99,0.455,0.545,0.705,0.735,0.74,0.75,0.755,0.76,0.765,0.765,0.77,0.775,0.79,0.815,0.84,0.87,0.9,0.935,0.965,0.985,1.005,1.005,0.99,0.965,0.93,0.895,0.85,0.805,0.76,0.715,0.67,0.63,0.595,0.57,0.59,0.645,0.71,0.725,0.65,0.56,0.505,0.495,0.495,0.49,0.495,0.5,0.51,0.5,0.485,0.77,1.5,1.5,1.025,0.335,0.28,0.525,0.57,0.575,0.58,0.59,0.59,0.585,0.58,0.58,0.585,0.595,0.615,0.63,0.66,0.69,0.725,0.75,0.765,0.775,0.78,0.765,0.745,0.71,0.66,0.62,0.575,0.53,0.49,0.455,0.42,0.385,0.36,0.375,0.43,0.505</WaveformData>
            <WaveformData ID="4214093" Label="SPO2" UOM="Uncalib" Cal="0,0,0,0" SampleRate="125" SamplePeriodInMsec="1000" Samples="125">2262.0,2215.0,2169.0,2122.0,2075.0,2038.0,1982.0,1936.0,1880.0,1834.0,1778.0,1731.0,1675.0,1619.0,1564.0,1508.0,1452.0,1396.0,1340.0,1284.0,1228.0,1191.0,1163.0,1145.0,1145.0,1173.0,1210.0,1294.0,1387.0,1489.0,1619.0,1750.0,1880.0,2001.0,2113.0,2206.0,2290.0,2345.0,2383.0,2401.0,2401.0,2392.0,2383.0,2355.0,2336.0,2308.0,2290.0,2271.0,2243.0,2224.0,2196.0,2169.0,2141.0,2113.0,2075.0,2048.0,2010.0,1964.0,1917.0,1880.0,1834.0,1787.0,1740.0,1694.0,1647.0,1601.0,1545.0,1498.0,1443.0,1365.0,1306.0,1248.0,1199.0,1150.0,1111.0,1082.0,1072.0,1082.0,1111.0,1170.0,1248.0,1375.0,1511.0,1658.0,1814.0,1970.0,2096.0,2223.0,2330.0,2418.0,2486.0,2525.0,2545.0,2555.0,2555.0,2535.0,2516.0,2496.0,2477.0,2447.0,2428.0,2399.0,2379.0,2350.0,2321.0,2282.0,2243.0,2204.0,2165.0,2116.0,2067.0,2028.0,1979.0,1931.0,1872.0,1823.0,1775.0,1726.0,1677.0,1619.0,1570.0,1521.0,1462.0,1414.0,1355.0</WaveformData>
            <WaveformData ID="3289908" Label="ABP" UOM="mmHg" Cal="30,60,307,3378" SampleRate="125" SamplePeriodInMsec="1000" Samples="125">37.0,36.8,36.8,37.2,38.2,40.1,43.0,46.6,50.3,53.5,55.8,57.1,57.1,55.9,54.1,51.9,49.6,47.6,46.1,45.2,44.9,44.8,44.8,44.8,44.9,44.9,44.9,44.8,44.5,44.2,43.8,43.4,43.0,42.6,42.1,41.8,41.4,41.1,40.7,40.4,40.3,40.1,40.0,39.7,39.6,39.3,39.1,38.8,38.6,38.2,38.0,37.7,37.4,37.1,36.9,36.8,37.1,37.9,39.6,42.4,45.9,49.8,53.2,55.9,57.4,57.8,57.1,55.5,53.4,51.2,49.2,47.8,46.7,46.2,45.9,45.9,46.0,46.1,46.2,46.2,46.1,45.8,45.6,45.4,45.1,44.6,44.2,43.7,43.4,42.9,42.6,42.3,42.1,41.9,41.7,41.6,41.4,41.2,41.0,40.7,40.5,40.2,39.9,39.6,39.3,39.0,38.7,38.5,38.4,38.5,39.4,41.2,44.3,48.3,52.6,56.4,59.3,61.1,61.7,61.1,59.4,57.2,54.7,52.3,50.3</WaveformData>
            <WaveformData ID="4214108" Label="Unk lbl 4214108" UOM="Uncalib" Cal="0,0,0,0" SampleRate="125" SamplePeriodInMsec="1000" Samples="125">1715,1715,1728,1766,1804,1856,1932,2009,2073,2163,2240,2316,2393,2444,2470,2508,2508,2496,2483,2457,2419,2380,2329,2291,2240,2201,2163,2112,2073,2048,2009,1958,1920,1881,1830,1792,1740,1689,1651,1600,1548,1510,1459,1420,1369,1331,1292,1254,1228,1190,1164,1139,1126,1113,1113,1126,1164,1203,1267,1344,1433,1548,1664,1779,1894,1984,2060,2137,2188,2240,2265,2278,2278,2252,2240,2201,2176,2137,2099,2060,2035,1996,1958,1920,1881,1843,1804,1766,1728,1689,1651,1612,1574,1536,1497,1459,1420,1395,1356,1331,1292,1267,1241,1216,1203,1177,1190,1203,1228,1280,1344,1420,1510,1612,1728,1856,1984,2048,2048,2060,2060,2073,2137,2240,2342</WaveformData>
      </Waveforms>
      <VitalSigns CollectionTime="12/21/2017 1:52:20 PM" CollectionTimeUTC="1513885940">
            <VitalSign>
                  <Parameter>HR</Parameter>
                  <BpChannel />
                  <Time>12/21/2017 1:52:20 PM</Time>
                  <TimeUTC>1513885940</TimeUTC>
                  <Value UOM="Bpm" Q="">141</Value>
                  <AlarmLimitLow />
                  <AlarmLimitHigh />
            </VitalSign>
            <VitalSign>
                  <Parameter>NBP-S</Parameter>
                  <BpChannel />
                  <Time>12/21/2017 8:23:00 PM</Time>
                  <TimeUTC>1513909380</TimeUTC>
                  <Value UOM="mmHg" Q="">NODATA</Value>
                  <AlarmLimitLow />
                  <AlarmLimitHigh />
            </VitalSign>
            <VitalSign>
                  <Parameter>NBP-D</Parameter>
                  <BpChannel />
                  <Time>12/21/2017 8:23:00 PM</Time>
                  <TimeUTC>1513909380</TimeUTC>
                  <Value UOM="mmHg" Q="">NODATA</Value>
                  <AlarmLimitLow />
                  <AlarmLimitHigh />
            </VitalSign>
            <VitalSign>
                  <Parameter>NBP-M</Parameter>
                  <BpChannel />
                  <Time>12/21/2017 8:23:00 PM</Time>
                  <TimeUTC>1513909380</TimeUTC>
                  <Value UOM="mmHg" Q="">NODATA</Value>
                  <AlarmLimitLow />
                  <AlarmLimitHigh />
            </VitalSign>
            <VitalSign>
                  <Parameter>PVC</Parameter>
                  <BpChannel />
                  <Time>12/21/2017 1:52:20 PM</Time>
                  <TimeUTC>1513885940</TimeUTC>
                  <Value UOM="Bpm" Q="">0</Value>
                  <AlarmLimitLow />
                  <AlarmLimitHigh />
            </VitalSign>
            <VitalSign>
                  <Parameter>RHY</Parameter>
                  <BpChannel />
                  <Time>12/21/2017 1:52:20 PM</Time>
                  <TimeUTC>1513885940</TimeUTC>
                  <Value UOM="" Q="">SINUS RHYTHM</Value>
                  <AlarmLimitLow />
                  <AlarmLimitHigh />
            </VitalSign>
            <VitalSign>
                  <Parameter>ECT</Parameter>
                  <BpChannel />
                  <Time>12/21/2017 1:52:20 PM</Time>
                  <TimeUTC>1513885940</TimeUTC>
                  <Value UOM="" Q="" />
                  <AlarmLimitLow />
                  <AlarmLimitHigh />
            </VitalSign>
            <VitalSign>
                  <Parameter>RESP</Parameter>
                  <BpChannel />
                  <Time>12/21/2017 1:52:20 PM</Time>
                  <TimeUTC>1513885940</TimeUTC>
                  <Value UOM="BrMin" Q="">35</Value>
                  <AlarmLimitLow />
                  <AlarmLimitHigh />
            </VitalSign>
            <VitalSign>
                  <Parameter>SPO2</Parameter>
                  <BpChannel />
                  <Time>12/21/2017 1:52:20 PM</Time>
                  <TimeUTC>1513885940</TimeUTC>
                  <Value UOM="%" Q="">100</Value>
                  <AlarmLimitLow />
                  <AlarmLimitHigh />
            </VitalSign>
            <VitalSign>
                  <Parameter>PULSE</Parameter>
                  <BpChannel />
                  <Time>12/21/2017 1:52:20 PM</Time>
                  <TimeUTC>1513885940</TimeUTC>
                  <Value UOM="BPM" Q="">140</Value>
                  <AlarmLimitLow />
                  <AlarmLimitHigh />
            </VitalSign>
            <VitalSign>
                  <Parameter>ABP-S</Parameter>
                  <BpChannel />
                  <Time>12/21/2017 1:52:20 PM</Time>
                  <TimeUTC>1513885940</TimeUTC>
                  <Value UOM="mmHg" Q="">58</Value>
                  <AlarmLimitLow />
                  <AlarmLimitHigh />
            </VitalSign>
            <VitalSign>
                  <Parameter>ABP-D</Parameter>
                  <BpChannel />
                  <Time>12/21/2017 1:52:20 PM</Time>
                  <TimeUTC>1513885940</TimeUTC>
                  <Value UOM="mmHg" Q="">38</Value>
                  <AlarmLimitLow />
                  <AlarmLimitHigh />
            </VitalSign>
            <VitalSign>
                  <Parameter>ABP-M</Parameter>
                  <BpChannel />
                  <Time>12/21/2017 1:52:20 PM</Time>
                  <TimeUTC>1513885940</TimeUTC>
                  <Value UOM="mmHg" Q="">45</Value>
                  <AlarmLimitLow />
                  <AlarmLimitHigh />
            </VitalSign>
      </VitalSigns>
      <Alarms />
      <ImportedData />
      <Waveforms CollectionTime="12/21/2017 1:52:21 PM" CollectionTimeUTC="1513885941" TTX="" DisplayOrder="">
            <WaveformData ID="3230796" Label="RESP" UOM="Ohms" Cal="0,1,1230,2867" SampleRate="125" SamplePeriodInMsec="1000" Samples="125">0.9,1.0,1.0,1.0,1.0,1.0,1.0,1.0,1.0,1.0,1.0,0.9,0.9,0.9,0.9,0.9,0.9,0.9,0.9,0.9,0.8,0.8,0.8,0.8,0.7,0.7,0.7,0.6,0.6,0.6,0.6,0.5,0.5,0.5,0.4,0.4,0.4,0.3,0.3,0.3,0.3,0.2,0.2,0.2,0.2,0.1,0.1,0.1,0.1,0.1,0.0,0.0,0.0,0.0,0.0,0.0,-0.1,-0.1,-0.1,-0.1,-0.1,-0.1,-0.1,-0.1,-0.1,-0.1,-0.1,-0.1,-0.2,-0.2,-0.2,-0.2,-0.2,-0.2,-0.2,-0.2,-0.2,-0.2,-0.2,-0.2,-0.2,-0.2,-0.2,-0.2,-0.2,-0.2,-0.2,-0.2,-0.2,-0.2,-0.2,-0.2,-0.2,-0.2,-0.2,-0.2,-0.2,-0.2,-0.2,-0.2,-0.2,-0.2,-0.2,-0.2,-0.2,-0.2,-0.2,-0.2,-0.2,-0.2,-0.2,-0.2,-0.2,-0.2,-0.2,-0.2,-0.2,-0.2,-0.2,-0.2,-0.2,-0.2,-0.2,-0.2,-0.2</WaveformData>
            <WaveformData ID="4487318" Label="II" UOM="mV" Cal="0,1,1023,3071" SampleRate="125" SamplePeriodInMsec="1000" Samples="125">0.545,0.515,0.445,0.39,0.38,0.385,0.395,0.41,0.425,0.445,0.46,0.445,0.58,1.17,1.5,1.295,0.51,0.34,0.535,0.63,0.64,0.655,0.67,0.69,0.705,0.72,0.735,0.75,0.765,0.79,0.825,0.865,0.905,0.945,0.985,1.02,1.04,1.055,1.05,1.035,1.01,0.97,0.93,0.885,0.835,0.79,0.745,0.705,0.665,0.63,0.625,0.66,0.735,0.785,0.79,0.7,0.63,0.6,0.6,0.605,0.61,0.62,0.63,0.645,0.63,0.625,1.025,1.5,1.5,0.965,0.49,0.595,0.745,0.765,0.775,0.78,0.79,0.795,0.795,0.8,0.805,0.815,0.83,0.85,0.875,0.9,0.935,0.97,1.005,1.03,1.04,1.045,1.035,1.005,0.97,0.93,0.89,0.845,0.8,0.75,0.705,0.66,0.62,0.605,0.63,0.685,0.74,0.755,0.69,0.61,0.56,0.555,0.56,0.565,0.575,0.585,0.6,0.605,0.59,0.84,1.5,1.5,1.19,0.495,0.425</WaveformData>
            <WaveformData ID="4214093" Label="SPO2" UOM="Uncalib" Cal="0,0,0,0" SampleRate="125" SamplePeriodInMsec="1000" Samples="125">1306.0,1258.0,1228.0,1209.0,1199.0,1228.0,1267.0,1345.0,1443.0,1570.0,1716.0,1882.0,2048.0,2204.0,2369.0,2516.0,2652.0,2759.0,2847.0,2915.0,2954.0,2984.0,2993.0,3003.0,2993.0,2993.0,2984.0,2974.0,2964.0,2954.0,2935.0,2925.0,2896.0,2876.0,2847.0,2808.0,2779.0,2740.0,2691.0,2652.0,2603.0,2555.0,2486.0,2428.0,2360.0,2311.0,2252.0,2204.0,2145.0,2087.0,2038.0,1970.0,1911.0,1853.0,1804.0,1745.0,1716.0,1687.0,1687.0,1706.0,1745.0,1804.0,1882.0,1989.0,2087.0,2204.0,2311.0,2418.0,2516.0,2594.0,2662.0,2691.0,2711.0,2711.0,2691.0,2672.0,2642.0,2603.0,2574.0,2535.0,2506.0,2477.0,2438.0,2408.0,2379.0,2340.0,2301.0,2252.0,2213.0,2165.0,2116.0,2067.0,2028.0,1979.0,1921.0,1872.0,1823.0,1765.0,1716.0,1658.0,1599.0,1540.0,1482.0,1423.0,1365.0,1297.0,1238.0,1189.0,1141.0,1111.0,1092.0,1092.0,1121.0,1170.0,1248.0,1345.0,1462.0,1599.0,1736.0,1872.0,2009.0,2126.0,2223.0,2311.0,2379.0</WaveformData>
            <WaveformData ID="3289908" Label="ABP" UOM="mmHg" Cal="30,60,307,3378" SampleRate="125" SamplePeriodInMsec="1000" Samples="125">48.8,47.8,47.3,47.2,47.3,47.4,47.4,47.4,47.3,47.1,46.7,46.3,45.9,45.4,44.9,44.4,43.9,43.5,43.1,42.7,42.4,42.1,41.9,41.8,41.5,41.3,41.0,40.7,40.5,40.2,39.9,39.6,39.3,39.0,38.7,38.4,38.2,38.2,38.5,39.5,41.4,44.2,47.6,51.2,54.2,56.2,57.1,56.9,55.5,53.5,51.2,48.9,47.1,45.8,45.1,44.8,44.7,44.8,44.9,45.0,45.0,44.9,44.8,44.5,44.1,43.7,43.3,42.9,42.4,42.0,41.6,41.2,40.9,40.6,40.4,40.2,40.1,39.9,39.7,39.5,39.3,38.9,38.7,38.4,38.2,37.9,37.6,37.3,37.1,36.8,36.7,36.9,37.7,39.3,42.0,45.4,49.2,52.6,55.2,56.7,57.1,56.4,54.7,52.7,50.4,48.4,46.7,45.7,45.1,44.9,44.9,45.0,45.1,45.2,45.1,45.0,44.8,44.5,44.2,43.7,43.3,42.9,42.4,41.9,41.5</WaveformData>
            <WaveformData ID="4214108" Label="Unk lbl 4214108" UOM="Uncalib" Cal="0,0,0,0" SampleRate="125" SamplePeriodInMsec="1000" Samples="125">2432,2496,2547,2585,2598,2611,2598,2572,2547,2508,2470,2432,2393,2355,2316,2278,2252,2211,2170,2129,2088,2048,2034,1993,1952,1925,1884,1856,1829,1802,1788,1775,1761,1747,1734,1720,1706,1706,1706,1720,1734,1761,1816,1870,1938,2034,2129,2252,2389,2525,2662,2798,2908,3017,3112,3194,3249,3290,3303,3317,3317,3303,3290,3263,3222,3181,3126,3071,3030,2976,2908,2853,2798,2730,2675,2607,2553,2484,2430,2361,2307,2252,2198,2143,2088,2048,2007,1952,1911,1870,1829,1788,1761,1734,1720,1720,1734,1761,1816,1870,1952,2034,2102,2198,2293,2375,2443,2512,2553,2580,2580,2580,2566,2525,2498,2443,2402,2348,2307,2252,2211,2157,2116,2075,2034</WaveformData>
      </Waveforms>
      <VitalSigns CollectionTime="12/21/2017 1:52:21 PM" CollectionTimeUTC="1513885941">
            <VitalSign>
                  <Parameter>HR</Parameter>
                  <BpChannel />
                  <Time>12/21/2017 1:52:21 PM</Time>
                  <TimeUTC>1513885941</TimeUTC>
                  <Value UOM="Bpm" Q="">141</Value>
                  <AlarmLimitLow />
                  <AlarmLimitHigh />
            </VitalSign>
            <VitalSign>
                  <Parameter>NBP-S</Parameter>
                  <BpChannel />
                  <Time>12/21/2017 8:23:00 PM</Time>
                  <TimeUTC>1513909380</TimeUTC>
                  <Value UOM="mmHg" Q="">NODATA</Value>
                  <AlarmLimitLow />
                  <AlarmLimitHigh />
            </VitalSign>
            <VitalSign>
                  <Parameter>NBP-D</Parameter>
                  <BpChannel />
                  <Time>12/21/2017 8:23:00 PM</Time>
                  <TimeUTC>1513909380</TimeUTC>
                  <Value UOM="mmHg" Q="">NODATA</Value>
                  <AlarmLimitLow />
                  <AlarmLimitHigh />
            </VitalSign>
            <VitalSign>
                  <Parameter>NBP-M</Parameter>
                  <BpChannel />
                  <Time>12/21/2017 8:23:00 PM</Time>
                  <TimeUTC>1513909380</TimeUTC>
                  <Value UOM="mmHg" Q="">NODATA</Value>
                  <AlarmLimitLow />
                  <AlarmLimitHigh />
            </VitalSign>
            <VitalSign>
                  <Parameter>PVC</Parameter>
                  <BpChannel />
                  <Time>12/21/2017 1:52:21 PM</Time>
                  <TimeUTC>1513885941</TimeUTC>
                  <Value UOM="Bpm" Q="">0</Value>
                  <AlarmLimitLow />
                  <AlarmLimitHigh />
            </VitalSign>
            <VitalSign>
                  <Parameter>RHY</Parameter>
                  <BpChannel />
                  <Time>12/21/2017 1:52:21 PM</Time>
                  <TimeUTC>1513885941</TimeUTC>
                  <Value UOM="" Q="">SINUS RHYTHM</Value>
                  <AlarmLimitLow />
                  <AlarmLimitHigh />
            </VitalSign>
            <VitalSign>
                  <Parameter>ECT</Parameter>
                  <BpChannel />
                  <Time>12/21/2017 1:52:21 PM</Time>
                  <TimeUTC>1513885941</TimeUTC>
                  <Value UOM="" Q="" />
                  <AlarmLimitLow />
                  <AlarmLimitHigh />
            </VitalSign>
            <VitalSign>
                  <Parameter>RESP</Parameter>
                  <BpChannel />
                  <Time>12/21/2017 1:52:21 PM</Time>
                  <TimeUTC>1513885941</TimeUTC>
                  <Value UOM="BrMin" Q="">35</Value>
                  <AlarmLimitLow />
                  <AlarmLimitHigh />
            </VitalSign>
            <VitalSign>
                  <Parameter>SPO2</Parameter>
                  <BpChannel />
                  <Time>12/21/2017 1:52:21 PM</Time>
                  <TimeUTC>1513885941</TimeUTC>
                  <Value UOM="%" Q="">100</Value>
                  <AlarmLimitLow />
                  <AlarmLimitHigh />
            </VitalSign>
            <VitalSign>
                  <Parameter>PULSE</Parameter>
                  <BpChannel />
                  <Time>12/21/2017 1:52:21 PM</Time>
                  <TimeUTC>1513885941</TimeUTC>
                  <Value UOM="BPM" Q="">140</Value>
                  <AlarmLimitLow />
                  <AlarmLimitHigh />
            </VitalSign>
            <VitalSign>
                  <Parameter>ABP-S</Parameter>
                  <BpChannel />
                  <Time>12/21/2017 1:52:21 PM</Time>
                  <TimeUTC>1513885941</TimeUTC>
                  <Value UOM="mmHg" Q="">57</Value>
                  <AlarmLimitLow />
                  <AlarmLimitHigh />
            </VitalSign>
            <VitalSign>
                  <Parameter>ABP-D</Parameter>
                  <BpChannel />
                  <Time>12/21/2017 1:52:21 PM</Time>
                  <TimeUTC>1513885941</TimeUTC>
                  <Value UOM="mmHg" Q="">38</Value>
                  <AlarmLimitLow />
                  <AlarmLimitHigh />
            </VitalSign>
            <VitalSign>
                  <Parameter>ABP-M</Parameter>
                  <BpChannel />
                  <Time>12/21/2017 1:52:21 PM</Time>
                  <TimeUTC>1513885941</TimeUTC>
                  <Value UOM="mmHg" Q="">45</Value>
                  <AlarmLimitLow />
                  <AlarmLimitHigh />
            </VitalSign>
      </VitalSigns>
      <Alarms />
      <ImportedData />
      <Waveforms CollectionTime="12/21/2017 1:52:22 PM" CollectionTimeUTC="1513885942" TTX="" DisplayOrder="">
            <WaveformData ID="3230796" Label="RESP" UOM="Ohms" Cal="0,1,1230,2867" SampleRate="125" SamplePeriodInMsec="1000" Samples="125">-0.2,-0.2,-0.2,-0.2,-0.2,-0.2,-0.2,-0.2,-0.2,-0.2,-0.1,-0.1,-0.1,-0.1,-0.1,-0.1,-0.1,-0.1,-0.1,-0.1,-0.1,-0.1,-0.1,-0.1,-0.1,-0.1,-0.1,-0.1,-0.1,-0.1,-0.1,-0.1,-0.1,-0.1,-0.1,-0.2,-0.2,-0.2,-0.2,-0.2,-0.2,-0.2,-0.2,-0.2,-0.2,-0.2,-0.2,-0.1,-0.1,-0.1,-0.1,-0.1,-0.1,-0.1,-0.1,0.0,0.0,0.0,0.1,0.1,0.1,0.2,0.2,0.3,0.3,0.3,0.4,0.4,0.5,0.5,0.5,0.6,0.6,0.7,0.7,0.7,0.8,0.8,0.8,0.8,0.9,0.9,0.9,0.9,0.9,0.9,1.0,1.0,1.0,1.0,1.0,1.0,1.0,1.0,1.0,1.0,1.0,1.0,1.0,1.0,1.0,1.0,1.0,0.9,0.9,0.9,0.9,0.9,0.9,0.9,0.8,0.8,0.8,0.8,0.7,0.7,0.7,0.7,0.6,0.6,0.6,0.5,0.5,0.5,0.4</WaveformData>
            <WaveformData ID="4487318" Label="II" UOM="mV" Cal="0,1,1023,3071" SampleRate="125" SamplePeriodInMsec="1000" Samples="125">0.67,0.725,0.73,0.74,0.745,0.75,0.755,0.755,0.76,0.765,0.78,0.8,0.825,0.855,0.885,0.915,0.95,0.97,0.99,0.995,0.99,0.965,0.935,0.895,0.85,0.805,0.765,0.72,0.68,0.64,0.6,0.57,0.58,0.63,0.695,0.72,0.665,0.575,0.515,0.495,0.495,0.495,0.495,0.505,0.515,0.51,0.485,0.655,1.33,1.5,1.25,0.435,0.3,0.505,0.57,0.575,0.58,0.585,0.59,0.585,0.575,0.575,0.575,0.585,0.605,0.625,0.65,0.68,0.71,0.735,0.755,0.77,0.775,0.77,0.75,0.715,0.665,0.62,0.575,0.535,0.49,0.45,0.41,0.38,0.355,0.36,0.41,0.49,0.545,0.52,0.45,0.395,0.385,0.39,0.4,0.41,0.425,0.445,0.465,0.45,0.545,1.075,1.5,1.38,0.58,0.33,0.505,0.62,0.64,0.655,0.67,0.685,0.7,0.715,0.73,0.745,0.765,0.79,0.82,0.86,0.905,0.945,0.985,1.015,1.04</WaveformData>
            <WaveformData ID="4214093" Label="SPO2" UOM="Uncalib" Cal="0,0,0,0" SampleRate="125" SamplePeriodInMsec="1000" Samples="125">2418.0,2447.0,2447.0,2447.0,2438.0,2418.0,2389.0,2369.0,2350.0,2321.0,2301.0,2282.0,2252.0,2223.0,2194.0,2165.0,2126.0,2087.0,2048.0,2009.0,1970.0,1921.0,1872.0,1823.0,1775.0,1726.0,1677.0,1619.0,1570.0,1511.0,1453.0,1394.0,1345.0,1287.0,1228.0,1180.0,1141.0,1111.0,1102.0,1111.0,1141.0,1199.0,1277.0,1384.0,1511.0,1648.0,1794.0,1940.0,2077.0,2204.0,2321.0,2399.0,2467.0,2516.0,2535.0,2545.0,2535.0,2516.0,2496.0,2467.0,2447.0,2418.0,2408.0,2408.0,2379.0,2350.0,2330.0,2291.0,2262.0,2223.0,2184.0,2145.0,2096.0,2048.0,2009.0,1960.0,1911.0,1853.0,1804.0,1755.0,1706.0,1658.0,1599.0,1550.0,1501.0,1453.0,1394.0,1345.0,1297.0,1248.0,1209.0,1180.0,1180.0,1189.0,1219.0,1287.0,1365.0,1492.0,1628.0,1784.0,1950.0,2116.0,2282.0,2438.0,2584.0,2701.0,2798.0,2876.0,2925.0,2964.0,2984.0,2984.0,2984.0,2974.0,2964.0,2954.0,2945.0,2935.0,2925.0,2906.0,2896.0,2876.0,2847.0,2818.0,2789.0</WaveformData>
            <WaveformData ID="3289908" Label="ABP" UOM="mmHg" Cal="30,60,307,3378" SampleRate="125" SamplePeriodInMsec="1000" Samples="125">41.1,40.9,40.6,40.4,40.3,40.2,40.0,39.8,39.6,39.3,39.0,38.7,38.4,38.1,37.8,37.6,37.3,37.1,36.9,37.1,37.7,39.1,41.6,45.0,48.9,52.5,55.4,57.2,58.0,57.6,56.1,54.0,51.7,49.6,47.8,46.6,45.8,45.6,45.6,45.7,45.9,46.0,46.0,45.9,45.8,45.6,45.4,45.1,44.6,44.2,43.7,43.4,42.9,42.6,42.3,42.0,41.8,41.6,41.5,41.4,41.2,41.1,40.9,40.6,40.3,40.0,39.7,39.4,39.1,38.9,38.6,38.4,38.5,39.3,40.9,43.7,47.6,51.8,55.8,59.0,61.1,62.0,61.6,60.2,58.2,55.8,53.3,51.2,49.5,48.4,47.7,47.4,47.3,47.4,47.4,47.4,47.3,47.1,46.8,46.4,46.1,45.7,45.3,44.8,44.3,43.9,43.5,43.1,42.7,42.3,42.1,41.9,41.7,41.4,41.2,40.9,40.6,40.3,40.1,39.7,39.4,39.2,38.9,38.6,38.4</WaveformData>
            <WaveformData ID="4214108" Label="Unk lbl 4214108" UOM="Uncalib" Cal="0,0,0,0" SampleRate="125" SamplePeriodInMsec="1000" Samples="125">1993,1952,1897,1856,1802,1761,1720,1665,1624,1570,1529,1474,1433,1392,1351,1310,1269,1242,1201,1188,1160,1147,1147,1160,1188,1228,1297,1379,1461,1570,1679,1802,1911,2020,2102,2198,2266,2307,2348,2361,2361,2348,2321,2293,2252,2225,2184,2143,2102,2061,2048,2007,1966,1925,1884,1856,1816,1775,1720,1679,1638,1597,1556,1515,1474,1433,1406,1365,1338,1297,1269,1242,1228,1215,1201,1201,1215,1269,1324,1406,1502,1597,1720,1843,1979,2088,2211,2321,2402,2484,2539,2580,2594,2594,2580,2553,2525,2484,2443,2389,2348,2293,2252,2211,2157,2116,2075,2048,2009,1971,1932,1894,1856,1830,1792,1766,1740,1715,1689,1676,1664,1651,1638,1625,1612</WaveformData>
      </Waveforms>
      <VitalSigns CollectionTime="12/21/2017 1:52:22 PM" CollectionTimeUTC="1513885942">
            <VitalSign>
                  <Parameter>HR</Parameter>
                  <BpChannel />
                  <Time>12/21/2017 1:52:22 PM</Time>
                  <TimeUTC>1513885942</TimeUTC>
                  <Value UOM="Bpm" Q="">141</Value>
                  <AlarmLimitLow />
                  <AlarmLimitHigh />
            </VitalSign>
            <VitalSign>
                  <Parameter>NBP-S</Parameter>
                  <BpChannel />
                  <Time>12/21/2017 8:23:00 PM</Time>
                  <TimeUTC>1513909380</TimeUTC>
                  <Value UOM="mmHg" Q="">NODATA</Value>
                  <AlarmLimitLow />
                  <AlarmLimitHigh />
            </VitalSign>
            <VitalSign>
                  <Parameter>NBP-D</Parameter>
                  <BpChannel />
                  <Time>12/21/2017 8:23:00 PM</Time>
                  <TimeUTC>1513909380</TimeUTC>
                  <Value UOM="mmHg" Q="">NODATA</Value>
                  <AlarmLimitLow />
                  <AlarmLimitHigh />
            </VitalSign>
            <VitalSign>
                  <Parameter>NBP-M</Parameter>
                  <BpChannel />
                  <Time>12/21/2017 8:23:00 PM</Time>
                  <TimeUTC>1513909380</TimeUTC>
                  <Value UOM="mmHg" Q="">NODATA</Value>
                  <AlarmLimitLow />
                  <AlarmLimitHigh />
            </VitalSign>
            <VitalSign>
                  <Parameter>PVC</Parameter>
                  <BpChannel />
                  <Time>12/21/2017 1:52:22 PM</Time>
                  <TimeUTC>1513885942</TimeUTC>
                  <Value UOM="Bpm" Q="">0</Value>
                  <AlarmLimitLow />
                  <AlarmLimitHigh />
            </VitalSign>
            <VitalSign>
                  <Parameter>RHY</Parameter>
                  <BpChannel />
                  <Time>12/21/2017 1:52:22 PM</Time>
                  <TimeUTC>1513885942</TimeUTC>
                  <Value UOM="" Q="">SINUS RHYTHM</Value>
                  <AlarmLimitLow />
                  <AlarmLimitHigh />
            </VitalSign>
            <VitalSign>
                  <Parameter>ECT</Parameter>
                  <BpChannel />
                  <Time>12/21/2017 1:52:22 PM</Time>
                  <TimeUTC>1513885942</TimeUTC>
                  <Value UOM="" Q="" />
                  <AlarmLimitLow />
                  <AlarmLimitHigh />
            </VitalSign>
            <VitalSign>
                  <Parameter>RESP</Parameter>
                  <BpChannel />
                  <Time>12/21/2017 1:52:22 PM</Time>
                  <TimeUTC>1513885942</TimeUTC>
                  <Value UOM="BrMin" Q="">35</Value>
                  <AlarmLimitLow />
                  <AlarmLimitHigh />
            </VitalSign>
            <VitalSign>
                  <Parameter>SPO2</Parameter>
                  <BpChannel />
                  <Time>12/21/2017 1:52:22 PM</Time>
                  <TimeUTC>1513885942</TimeUTC>
                  <Value UOM="%" Q="">100</Value>
                  <AlarmLimitLow />
                  <AlarmLimitHigh />
            </VitalSign>
            <VitalSign>
                  <Parameter>PULSE</Parameter>
                  <BpChannel />
                  <Time>12/21/2017 1:52:22 PM</Time>
                  <TimeUTC>1513885942</TimeUTC>
                  <Value UOM="BPM" Q="">141</Value>
                  <AlarmLimitLow />
                  <AlarmLimitHigh />
            </VitalSign>
            <VitalSign>
                  <Parameter>ABP-S</Parameter>
                  <BpChannel />
                  <Time>12/21/2017 1:52:22 PM</Time>
                  <TimeUTC>1513885942</TimeUTC>
                  <Value UOM="mmHg" Q="">58</Value>
                  <AlarmLimitLow />
                  <AlarmLimitHigh />
            </VitalSign>
            <VitalSign>
                  <Parameter>ABP-D</Parameter>
                  <BpChannel />
                  <Time>12/21/2017 1:52:22 PM</Time>
                  <TimeUTC>1513885942</TimeUTC>
                  <Value UOM="mmHg" Q="">38</Value>
                  <AlarmLimitLow />
                  <AlarmLimitHigh />
            </VitalSign>
            <VitalSign>
                  <Parameter>ABP-M</Parameter>
                  <BpChannel />
                  <Time>12/21/2017 1:52:22 PM</Time>
                  <TimeUTC>1513885942</TimeUTC>
                  <Value UOM="mmHg" Q="">45</Value>
                  <AlarmLimitLow />
                  <AlarmLimitHigh />
            </VitalSign>
      </VitalSigns>
      <Alarms />
      <ImportedData />
      <Waveforms CollectionTime="12/21/2017 1:52:23 PM" CollectionTimeUTC="1513885943" TTX="" DisplayOrder="">
            <WaveformData ID="3230796" Label="RESP" UOM="Ohms" Cal="0,1,1230,2867" SampleRate="125" SamplePeriodInMsec="1000" Samples="125">0.4,0.4,0.3,0.3,0.3,0.3,0.2,0.2,0.2,0.2,0.2,0.1,0.1,0.1,0.1,0.1,0.0,0.0,0.0,0.0,0.0,0.0,0.0,0.0,-0.1,-0.1,-0.1,-0.1,-0.1,-0.1,-0.1,-0.1,-0.1,-0.1,-0.1,-0.1,-0.1,-0.1,-0.1,-0.1,-0.1,-0.1,-0.1,-0.1,-0.1,-0.1,-0.1,-0.1,-0.1,-0.1,-0.1,-0.1,-0.1,-0.1,-0.1,-0.1,-0.1,-0.1,-0.1,-0.1,-0.1,-0.1,-0.1,-0.2,-0.2,-0.2,-0.2,-0.2,-0.2,-0.2,-0.2,-0.2,-0.2,-0.2,-0.2,-0.2,-0.2,-0.2,-0.2,-0.2,-0.2,-0.2,-0.2,-0.2,-0.2,-0.2,-0.2,-0.2,-0.2,-0.2,-0.2,-0.2,-0.2,-0.2,-0.2,-0.1,-0.1,-0.1,-0.1,-0.1,-0.1,-0.1,-0.1,-0.1,-0.1,-0.1,-0.1,-0.1,-0.1,-0.1,-0.1,-0.1,-0.1,-0.1,-0.1,-0.1,-0.1,-0.1,-0.1,-0.1,-0.1,-0.1,-0.1,-0.1,-0.1</WaveformData>
            <WaveformData ID="4487318" Label="II" UOM="mV" Cal="0,1,1023,3071" SampleRate="125" SamplePeriodInMsec="1000" Samples="125">1.05,1.05,1.035,1.005,0.97,0.925,0.885,0.84,0.79,0.75,0.71,0.67,0.63,0.625,0.655,0.72,0.775,0.78,0.705,0.63,0.595,0.595,0.605,0.61,0.62,0.625,0.64,0.645,0.62,0.965,1.5,1.5,1.075,0.5,0.485,0.735,0.765,0.77,0.78,0.79,0.79,0.795,0.8,0.805,0.815,0.825,0.84,0.865,0.895,0.935,0.97,1,1.025,1.04,1.045,1.04,1.015,0.98,0.935,0.895,0.85,0.8,0.76,0.715,0.67,0.63,0.61,0.625,0.68,0.74,0.755,0.7,0.615,0.565,0.56,0.565,0.575,0.585,0.595,0.605,0.61,0.59,0.785,1.445,1.5,1.285,0.545,0.44,0.66,0.725,0.735,0.74,0.75,0.755,0.76,0.765,0.765,0.775,0.785,0.8,0.825,0.855,0.89,0.92,0.955,0.98,1,1.01,1,0.975,0.945,0.91,0.865,0.82,0.775,0.735,0.695,0.655,0.615,0.58,0.59,0.635,0.7,0.725,0.67</WaveformData>
            <WaveformData ID="4214093" Label="SPO2" UOM="Uncalib" Cal="0,0,0,0" SampleRate="125" SamplePeriodInMsec="1000" Samples="125">2759.0,2720.0,2681.0,2642.0,2603.0,2555.0,2506.0,2457.0,2408.0,2360.0,2301.0,2243.0,2184.0,2126.0,2057.0,2009.0,1950.0,1892.0,1833.0,1794.0,1755.0,1745.0,1745.0,1775.0,1833.0,1892.0,1989.0,2087.0,2194.0,2311.0,2428.0,2525.0,2613.0,2691.0,2740.0,2769.0,2779.0,2779.0,2759.0,2740.0,2711.0,2672.0,2642.0,2603.0,2574.0,2545.0,2506.0,2477.0,2438.0,2399.0,2350.0,2311.0,2262.0,2213.0,2165.0,2116.0,2057.0,2018.0,1960.0,1911.0,1853.0,1794.0,1745.0,1687.0,1628.0,1560.0,1474.0,1413.0,1351.0,1280.0,1228.0,1167.0,1136.0,1106.0,1095.0,1116.0,1157.0,1228.0,1321.0,1443.0,1577.0,1720.0,1874.0,2017.0,2150.0,2263.0,2365.0,2437.0,2488.0,2529.0,2539.0,2529.0,2519.0,2498.0,2467.0,2447.0,2416.0,2396.0,2365.0,2344.0,2314.0,2283.0,2252.0,2222.0,2181.0,2140.0,2099.0,2048.0,2017.0,1966.0,1914.0,1874.0,1822.0,1771.0,1720.0,1669.0,1618.0,1556.0,1505.0,1443.0,1392.0,1331.0,1280.0,1228.0,1187.0</WaveformData>
            <WaveformData ID="3289908" Label="ABP" UOM="mmHg" Cal="30,60,307,3378" SampleRate="125" SamplePeriodInMsec="1000" Samples="125">38.3,38.6,39.4,41.2,43.9,47.4,51.0,54.1,56.2,57.1,57.0,55.8,53.8,51.6,49.4,47.6,46.2,45.4,45.1,45.1,45.1,45.2,45.2,45.2,45.2,45.0,44.8,44.4,44.0,43.6,43.1,42.6,42.2,41.8,41.4,41.1,40.8,40.6,40.4,40.2,40.1,39.9,39.7,39.4,39.2,38.9,38.6,38.3,38.1,37.8,37.6,37.3,37.1,37.0,37.1,37.9,39.4,42.0,45.4,49.2,52.8,55.5,57.2,57.8,57.2,55.6,53.3,50.9,48.7,47.1,45.8,45.2,45.0,45.1,45.2,45.4,45.4,45.4,45.2,45.0,44.8,44.4,44.0,43.6,43.1,42.7,42.3,41.8,41.5,41.2,41.0,40.8,40.6,40.4,40.2,40.1,39.8,39.6,39.3,39.0,38.7,38.5,38.2,37.9,37.6,37.4,37.2,37.3,37.9,39.3,41.7,45.1,49.0,52.7,55.7,57.7,58.5,58.2,56.8,54.8,52.5,50.3,48.4,47.1,46.2</WaveformData>
            <WaveformData ID="4214108" Label="Unk lbl 4214108" UOM="Uncalib" Cal="0,0,0,0" SampleRate="125" SamplePeriodInMsec="1000" Samples="125">1612,1612,1612,1638,1664,1702,1766,1830,1932,2035,2137,2252,2380,2521,2636,2752,2854,2944,3020,3072,3110,3123,3136,3136,3123,3110,3097,3072,3046,3020,2995,2944,2905,2854,2803,2739,2688,2636,2585,2521,2470,2419,2355,2304,2252,2201,2150,2099,2060,2035,1984,1945,1907,1868,1830,1792,1779,1766,1766,1779,1804,1843,1907,1971,2048,2124,2214,2291,2380,2432,2496,2534,2547,2560,2547,2521,2496,2457,2419,2368,2329,2278,2227,2188,2150,2099,2060,2035,1984,1945,1907,1856,1817,1766,1728,1676,1638,1587,1548,1497,1459,1420,1382,1344,1305,1280,1241,1228,1203,1190,1203,1203,1241,1280,1344,1420,1497,1600,1715,1817,1932,2022,2112,2188,2252</WaveformData>
      </Waveforms>
      <VitalSigns CollectionTime="12/21/2017 1:52:23 PM" CollectionTimeUTC="1513885943">
            <VitalSign>
                  <Parameter>HR</Parameter>
                  <BpChannel />
                  <Time>12/21/2017 1:52:23 PM</Time>
                  <TimeUTC>1513885943</TimeUTC>
                  <Value UOM="Bpm" Q="">141</Value>
                  <AlarmLimitLow />
                  <AlarmLimitHigh />
            </VitalSign>
            <VitalSign>
                  <Parameter>NBP-S</Parameter>
                  <BpChannel />
                  <Time>12/21/2017 8:23:00 PM</Time>
                  <TimeUTC>1513909380</TimeUTC>
                  <Value UOM="mmHg" Q="">NODATA</Value>
                  <AlarmLimitLow />
                  <AlarmLimitHigh />
            </VitalSign>
            <VitalSign>
                  <Parameter>NBP-D</Parameter>
                  <BpChannel />
                  <Time>12/21/2017 8:23:00 PM</Time>
                  <TimeUTC>1513909380</TimeUTC>
                  <Value UOM="mmHg" Q="">NODATA</Value>
                  <AlarmLimitLow />
                  <AlarmLimitHigh />
            </VitalSign>
            <VitalSign>
                  <Parameter>NBP-M</Parameter>
                  <BpChannel />
                  <Time>12/21/2017 8:23:00 PM</Time>
                  <TimeUTC>1513909380</TimeUTC>
                  <Value UOM="mmHg" Q="">NODATA</Value>
                  <AlarmLimitLow />
                  <AlarmLimitHigh />
            </VitalSign>
            <VitalSign>
                  <Parameter>PVC</Parameter>
                  <BpChannel />
                  <Time>12/21/2017 1:52:23 PM</Time>
                  <TimeUTC>1513885943</TimeUTC>
                  <Value UOM="Bpm" Q="">0</Value>
                  <AlarmLimitLow />
                  <AlarmLimitHigh />
            </VitalSign>
            <VitalSign>
                  <Parameter>RHY</Parameter>
                  <BpChannel />
                  <Time>12/21/2017 1:52:23 PM</Time>
                  <TimeUTC>1513885943</TimeUTC>
                  <Value UOM="" Q="">SINUS RHYTHM</Value>
                  <AlarmLimitLow />
                  <AlarmLimitHigh />
            </VitalSign>
            <VitalSign>
                  <Parameter>ECT</Parameter>
                  <BpChannel />
                  <Time>12/21/2017 1:52:23 PM</Time>
                  <TimeUTC>1513885943</TimeUTC>
                  <Value UOM="" Q="" />
                  <AlarmLimitLow />
                  <AlarmLimitHigh />
            </VitalSign>
            <VitalSign>
                  <Parameter>RESP</Parameter>
                  <BpChannel />
                  <Time>12/21/2017 1:52:23 PM</Time>
                  <TimeUTC>1513885943</TimeUTC>
                  <Value UOM="BrMin" Q="">35</Value>
                  <AlarmLimitLow />
                  <AlarmLimitHigh />
            </VitalSign>
            <VitalSign>
                  <Parameter>SPO2</Parameter>
                  <BpChannel />
                  <Time>12/21/2017 1:52:23 PM</Time>
                  <TimeUTC>1513885943</TimeUTC>
                  <Value UOM="%" Q="">100</Value>
                  <AlarmLimitLow />
                  <AlarmLimitHigh />
            </VitalSign>
            <VitalSign>
                  <Parameter>PULSE</Parameter>
                  <BpChannel />
                  <Time>12/21/2017 1:52:23 PM</Time>
                  <TimeUTC>1513885943</TimeUTC>
                  <Value UOM="BPM" Q="">141</Value>
                  <AlarmLimitLow />
                  <AlarmLimitHigh />
            </VitalSign>
            <VitalSign>
                  <Parameter>ABP-S</Parameter>
                  <BpChannel />
                  <Time>12/21/2017 1:52:23 PM</Time>
                  <TimeUTC>1513885943</TimeUTC>
                  <Value UOM="mmHg" Q="">58</Value>
                  <AlarmLimitLow />
                  <AlarmLimitHigh />
            </VitalSign>
            <VitalSign>
                  <Parameter>ABP-D</Parameter>
                  <BpChannel />
                  <Time>12/21/2017 1:52:23 PM</Time>
                  <TimeUTC>1513885943</TimeUTC>
                  <Value UOM="mmHg" Q="">38</Value>
                  <AlarmLimitLow />
                  <AlarmLimitHigh />
            </VitalSign>
            <VitalSign>
                  <Parameter>ABP-M</Parameter>
                  <BpChannel />
                  <Time>12/21/2017 1:52:23 PM</Time>
                  <TimeUTC>1513885943</TimeUTC>
                  <Value UOM="mmHg" Q="">45</Value>
                  <AlarmLimitLow />
                  <AlarmLimitHigh />
            </VitalSign>
      </VitalSigns>
      <Alarms />
      <ImportedData />
      <Waveforms CollectionTime="12/21/2017 1:52:24 PM" CollectionTimeUTC="1513885944" TTX="" DisplayOrder="">
            <WaveformData ID="3230796" Label="RESP" UOM="Ohms" Cal="0,1,1230,2867" SampleRate="125" SamplePeriodInMsec="1000" Samples="125">-0.2,-0.2,-0.2,-0.2,-0.2,-0.2,-0.2,-0.2,-0.2,-0.1,-0.1,-0.1,-0.1,-0.1,-0.1,-0.1,-0.1,0.0,0.0,0.0,0.0,0.1,0.1,0.1,0.2,0.2,0.2,0.3,0.3,0.4,0.4,0.5,0.5,0.5,0.6,0.6,0.7,0.7,0.7,0.7,0.8,0.8,0.8,0.8,0.9,0.9,0.9,0.9,0.9,0.9,0.9,0.9,0.9,1.0,1.0,1.0,1.0,1.0,1.0,1.0,1.0,1.0,1.0,1.0,1.0,0.9,0.9,0.9,0.9,0.9,0.9,0.9,0.8,0.8,0.8,0.8,0.7,0.7,0.7,0.7,0.6,0.6,0.6,0.5,0.5,0.5,0.4,0.4,0.4,0.3,0.3,0.3,0.3,0.2,0.2,0.2,0.2,0.1,0.1,0.1,0.1,0.1,0.1,0.0,0.0,0.0,0.0,0.0,0.0,-0.1,-0.1,-0.1,-0.1,-0.1,-0.1,-0.1,-0.1,-0.1,-0.1,-0.1,-0.1,-0.1,-0.2,-0.2,-0.2</WaveformData>
            <WaveformData ID="4487318" Label="II" UOM="mV" Cal="0,1,1023,3071" SampleRate="125" SamplePeriodInMsec="1000" Samples="125">0.575,0.515,0.5,0.495,0.495,0.495,0.505,0.51,0.515,0.485,0.645,1.305,1.5,1.28,0.445,0.29,0.495,0.575,0.58,0.58,0.585,0.585,0.585,0.58,0.575,0.57,0.58,0.6,0.62,0.645,0.675,0.705,0.735,0.755,0.77,0.775,0.765,0.745,0.715,0.67,0.625,0.58,0.535,0.495,0.455,0.415,0.38,0.355,0.365,0.415,0.49,0.535,0.51,0.44,0.39,0.375,0.385,0.395,0.405,0.425,0.44,0.455,0.445,0.54,1.075,1.5,1.36,0.57,0.34,0.515,0.625,0.64,0.66,0.68,0.695,0.71,0.725,0.745,0.76,0.78,0.8,0.835,0.875,0.91,0.955,0.995,1.025,1.045,1.06,1.06,1.04,1.01,0.97,0.93,0.885,0.845,0.795,0.755,0.71,0.67,0.635,0.625,0.67,0.74,0.795,0.8,0.705,0.63,0.6,0.605,0.61,0.615,0.625,0.64,0.65,0.635,0.625,1.03,1.5,1.5,0.98,0.485,0.59,0.745,0.77</WaveformData>
            <WaveformData ID="4214093" Label="SPO2" UOM="Uncalib" Cal="0,0,0,0" SampleRate="125" SamplePeriodInMsec="1000" Samples="125">1146.0,1126.0,1126.0,1146.0,1198.0,1259.0,1362.0,1484.0,1618.0,1771.0,1925.0,2058.0,2201.0,2324.0,2426.0,2508.0,2560.0,2590.0,2600.0,2600.0,2590.0,2560.0,2539.0,2508.0,2488.0,2467.0,2437.0,2416.0,2385.0,2355.0,2324.0,2293.0,2252.0,2211.0,2160.0,2119.0,2068.0,2027.0,1976.0,1925.0,1863.0,1812.0,1761.0,1710.0,1658.0,1607.0,1556.0,1505.0,1443.0,1392.0,1341.0,1290.0,1249.0,1218.0,1208.0,1228.0,1259.0,1331.0,1423.0,1546.0,1699.0,1853.0,2027.0,2201.0,2375.0,2529.0,2672.0,2795.0,2887.0,2969.0,3010.0,3041.0,3061.0,3072.0,3072.0,3061.0,3061.0,3051.0,3041.0,3031.0,3010.0,3000.0,2979.0,2949.0,2928.0,2887.0,2856.0,2805.0,2744.0,2682.0,2621.0,2560.0,2498.0,2437.0,2365.0,2304.0,2232.0,2170.0,2109.0,2048.0,1996.0,1935.0,1874.0,1812.0,1751.0,1699.0,1669.0,1638.0,1638.0,1648.0,1689.0,1751.0,1833.0,1935.0,2048.0,2160.0,2283.0,2396.0,2498.0,2580.0,2652.0,2693.0,2713.0,2723.0,2713.0</WaveformData>
            <WaveformData ID="3289908" Label="ABP" UOM="mmHg" Cal="30,60,307,3378" SampleRate="125" SamplePeriodInMsec="1000" Samples="125">45.9,45.9,46.0,46.2,46.4,46.4,46.4,46.2,46.0,45.7,45.4,45.1,44.7,44.2,43.8,43.4,43.1,42.7,42.5,42.3,42.2,42.1,41.9,41.7,41.4,41.2,40.9,40.7,40.4,40.1,39.9,39.6,39.3,39.0,38.8,38.9,39.6,41.2,44.0,47.9,52.1,56.1,59.2,61.4,62.2,61.8,60.3,58.2,55.8,53.3,51.2,49.7,48.6,48.0,47.7,47.7,47.8,47.8,47.8,47.7,47.5,47.2,46.8,46.4,46.0,45.6,45.1,44.6,44.1,43.7,43.3,43.0,42.7,42.5,42.3,42.1,41.8,41.6,41.2,40.9,40.6,40.3,40.1,39.7,39.5,39.2,38.9,38.7,38.7,39.0,39.9,41.7,44.4,47.9,51.5,54.6,56.6,57.6,57.2,55.9,53.8,51.4,49.2,47.5,46.2,45.5,45.2,45.3,45.4,45.6,45.7,45.6,45.5,45.3,45.0,44.6,44.2,43.8,43.4,42.9,42.4,41.9,41.6,41.2,41.0</WaveformData>
            <WaveformData ID="4214108" Label="Unk lbl 4214108" UOM="Uncalib" Cal="0,0,0,0" SampleRate="125" SamplePeriodInMsec="1000" Samples="125">2291,2316,2329,2329,2316,2291,2265,2227,2201,2163,2124,2086,2048,2022,1984,1945,1920,1881,1843,1804,1766,1728,1689,1651,1612,1574,1536,1497,1459,1420,1382,1356,1331,1305,1280,1254,1241,1241,1241,1254,1292,1344,1420,1510,1612,1728,1843,1971,2073,2176,2278,2355,2432,2483,2508,2534,2534,2521,2496,2470,2432,2393,2355,2304,2265,2227,2188,2137,2099,2060,2035,1996,1958,1920,1894,1856,1817,1792,1766,1740,1715,1689,1676,1664,1651,1638,1625,1625,1612,1625,1625,1651,1676,1715,1779,1856,1945,2048,2163,2278,2406,2547,2662,2777,2867,2956,3020,3072,3110,3123,3123,3123,3110,3097,3072,3046,3020,2995,2969,2944,2892,2841,2790,2739,2688</WaveformData>
      </Waveforms>
      <VitalSigns CollectionTime="12/21/2017 1:52:24 PM" CollectionTimeUTC="1513885944">
            <VitalSign>
                  <Parameter>HR</Parameter>
                  <BpChannel />
                  <Time>12/21/2017 1:52:24 PM</Time>
                  <TimeUTC>1513885944</TimeUTC>
                  <Value UOM="Bpm" Q="">141</Value>
                  <AlarmLimitLow />
                  <AlarmLimitHigh />
            </VitalSign>
            <VitalSign>
                  <Parameter>NBP-S</Parameter>
                  <BpChannel />
                  <Time>12/21/2017 8:23:00 PM</Time>
                  <TimeUTC>1513909380</TimeUTC>
                  <Value UOM="mmHg" Q="">NODATA</Value>
                  <AlarmLimitLow />
                  <AlarmLimitHigh />
            </VitalSign>
            <VitalSign>
                  <Parameter>NBP-D</Parameter>
                  <BpChannel />
                  <Time>12/21/2017 8:23:00 PM</Time>
                  <TimeUTC>1513909380</TimeUTC>
                  <Value UOM="mmHg" Q="">NODATA</Value>
                  <AlarmLimitLow />
                  <AlarmLimitHigh />
            </VitalSign>
            <VitalSign>
                  <Parameter>NBP-M</Parameter>
                  <BpChannel />
                  <Time>12/21/2017 8:23:00 PM</Time>
                  <TimeUTC>1513909380</TimeUTC>
                  <Value UOM="mmHg" Q="">NODATA</Value>
                  <AlarmLimitLow />
                  <AlarmLimitHigh />
            </VitalSign>
            <VitalSign>
                  <Parameter>PVC</Parameter>
                  <BpChannel />
                  <Time>12/21/2017 1:52:24 PM</Time>
                  <TimeUTC>1513885944</TimeUTC>
                  <Value UOM="Bpm" Q="">0</Value>
                  <AlarmLimitLow />
                  <AlarmLimitHigh />
            </VitalSign>
            <VitalSign>
                  <Parameter>RHY</Parameter>
                  <BpChannel />
                  <Time>12/21/2017 1:52:24 PM</Time>
                  <TimeUTC>1513885944</TimeUTC>
                  <Value UOM="" Q="">SINUS RHYTHM</Value>
                  <AlarmLimitLow />
                  <AlarmLimitHigh />
            </VitalSign>
            <VitalSign>
                  <Parameter>ECT</Parameter>
                  <BpChannel />
                  <Time>12/21/2017 1:52:24 PM</Time>
                  <TimeUTC>1513885944</TimeUTC>
                  <Value UOM="" Q="" />
                  <AlarmLimitLow />
                  <AlarmLimitHigh />
            </VitalSign>
            <VitalSign>
                  <Parameter>RESP</Parameter>
                  <BpChannel />
                  <Time>12/21/2017 1:52:24 PM</Time>
                  <TimeUTC>1513885944</TimeUTC>
                  <Value UOM="BrMin" Q="">35</Value>
                  <AlarmLimitLow />
                  <AlarmLimitHigh />
            </VitalSign>
            <VitalSign>
                  <Parameter>SPO2</Parameter>
                  <BpChannel />
                  <Time>12/21/2017 1:52:24 PM</Time>
                  <TimeUTC>1513885944</TimeUTC>
                  <Value UOM="%" Q="">100</Value>
                  <AlarmLimitLow />
                  <AlarmLimitHigh />
            </VitalSign>
            <VitalSign>
                  <Parameter>PULSE</Parameter>
                  <BpChannel />
                  <Time>12/21/2017 1:52:24 PM</Time>
                  <TimeUTC>1513885944</TimeUTC>
                  <Value UOM="BPM" Q="">141</Value>
                  <AlarmLimitLow />
                  <AlarmLimitHigh />
            </VitalSign>
            <VitalSign>
                  <Parameter>ABP-S</Parameter>
                  <BpChannel />
                  <Time>12/21/2017 1:52:24 PM</Time>
                  <TimeUTC>1513885944</TimeUTC>
                  <Value UOM="mmHg" Q="">58</Value>
                  <AlarmLimitLow />
                  <AlarmLimitHigh />
            </VitalSign>
            <VitalSign>
                  <Parameter>ABP-D</Parameter>
                  <BpChannel />
                  <Time>12/21/2017 1:52:24 PM</Time>
                  <TimeUTC>1513885944</TimeUTC>
                  <Value UOM="mmHg" Q="">38</Value>
                  <AlarmLimitLow />
                  <AlarmLimitHigh />
            </VitalSign>
            <VitalSign>
                  <Parameter>ABP-M</Parameter>
                  <BpChannel />
                  <Time>12/21/2017 1:52:24 PM</Time>
                  <TimeUTC>1513885944</TimeUTC>
                  <Value UOM="mmHg" Q="">45</Value>
                  <AlarmLimitLow />
                  <AlarmLimitHigh />
            </VitalSign>
      </VitalSigns>
      <Alarms />
      <ImportedData />
      <Waveforms CollectionTime="12/21/2017 1:52:25 PM" CollectionTimeUTC="1513885945" TTX="" DisplayOrder="">
            <WaveformData ID="3230796" Label="RESP" UOM="Ohms" Cal="0,1,1230,2867" SampleRate="125" SamplePeriodInMsec="1000" Samples="125">-0.2,-0.2,-0.2,-0.2,-0.2,-0.2,-0.2,-0.2,-0.2,-0.2,-0.2,-0.2,-0.2,-0.2,-0.2,-0.2,-0.2,-0.2,-0.2,-0.2,-0.2,-0.2,-0.2,-0.2,-0.2,-0.2,-0.2,-0.2,-0.2,-0.2,-0.2,-0.2,-0.2,-0.2,-0.2,-0.2,-0.2,-0.2,-0.2,-0.2,-0.2,-0.2,-0.2,-0.2,-0.2,-0.2,-0.2,-0.2,-0.2,-0.2,-0.2,-0.2,-0.2,-0.2,-0.2,-0.2,-0.2,-0.2,-0.2,-0.2,-0.2,-0.1,-0.1,-0.1,-0.1,-0.1,-0.1,-0.1,-0.1,-0.1,-0.1,-0.1,-0.1,-0.1,-0.1,-0.1,-0.1,-0.1,-0.1,-0.1,-0.1,-0.1,-0.1,-0.1,-0.1,-0.1,-0.2,-0.2,-0.2,-0.2,-0.2,-0.2,-0.2,-0.2,-0.2,-0.2,-0.2,-0.2,-0.1,-0.1,-0.1,-0.1,-0.1,-0.1,-0.1,0.0,0.0,0.0,0.0,0.1,0.1,0.1,0.2,0.2,0.2,0.3,0.3,0.3,0.4,0.4,0.5,0.5,0.5,0.6,0.6</WaveformData>
            <WaveformData ID="4487318" Label="II" UOM="mV" Cal="0,1,1023,3071" SampleRate="125" SamplePeriodInMsec="1000" Samples="125">0.775,0.78,0.79,0.8,0.8,0.8,0.805,0.815,0.83,0.85,0.88,0.91,0.945,0.98,1.015,1.035,1.05,1.055,1.045,1.02,0.985,0.94,0.895,0.855,0.805,0.76,0.72,0.675,0.635,0.625,0.65,0.705,0.76,0.765,0.695,0.615,0.575,0.575,0.58,0.585,0.595,0.605,0.62,0.625,0.6,0.885,1.5,1.5,1.145,0.495,0.45,0.695,0.74,0.745,0.755,0.76,0.765,0.77,0.77,0.775,0.78,0.795,0.81,0.835,0.865,0.895,0.935,0.965,0.99,1.01,1.01,0.995,0.975,0.945,0.905,0.86,0.815,0.77,0.725,0.685,0.645,0.61,0.58,0.605,0.655,0.715,0.73,0.655,0.565,0.515,0.505,0.505,0.505,0.51,0.515,0.52,0.51,0.5,0.755,1.475,1.5,1.08,0.37,0.3,0.535,0.58,0.585,0.585,0.59,0.59,0.585,0.585,0.585,0.585,0.595,0.605,0.625,0.655,0.685,0.715,0.74,0.765,0.775,0.775,0.765</WaveformData>
            <WaveformData ID="4214093" Label="SPO2" UOM="Uncalib" Cal="0,0,0,0" SampleRate="125" SamplePeriodInMsec="1000" Samples="125">2693.0,2662.0,2631.0,2600.0,2570.0,2539.0,2508.0,2478.0,2447.0,2406.0,2375.0,2334.0,2293.0,2242.0,2201.0,2150.0,2099.0,2048.0,1996.0,1945.0,1884.0,1833.0,1771.0,1710.0,1658.0,1597.0,1536.0,1474.0,1413.0,1351.0,1290.0,1228.0,1177.0,1126.0,1095.0,1075.0,1075.0,1106.0,1157.0,1228.0,1331.0,1443.0,1587.0,1720.0,1874.0,2007.0,2129.0,2232.0,2324.0,2396.0,2437.0,2457.0,2467.0,2457.0,2447.0,2416.0,2396.0,2365.0,2344.0,2324.0,2324.0,2314.0,2283.0,2252.0,2242.0,2209.0,2166.0,2134.0,2091.0,2048.0,2015.0,1972.0,1918.0,1875.0,1821.0,1767.0,1713.0,1660.0,1606.0,1552.0,1498.0,1433.0,1379.0,1315.0,1261.0,1196.0,1142.0,1088.0,1045.0,1024.0,1002.0,1034.0,1078.0,1142.0,1261.0,1390.0,1552.0,1713.0,1886.0,2048.0,2188.0,2317.0,2425.0,2522.0,2576.0,2619.0,2640.0,2640.0,2630.0,2608.0,2586.0,2565.0,2533.0,2511.0,2479.0,2446.0,2425.0,2382.0,2349.0,2306.0,2263.0,2220.0,2177.0,2123.0,2069.0</WaveformData>
            <WaveformData ID="3289908" Label="ABP" UOM="mmHg" Cal="30,60,307,3378" SampleRate="125" SamplePeriodInMsec="1000" Samples="125">40.8,40.6,40.4,40.2,40.1,39.9,39.6,39.4,39.1,38.8,38.6,38.2,38.0,37.7,37.4,37.2,37.1,37.3,38.0,39.6,42.3,45.8,49.7,53.1,55.8,57.2,57.6,56.7,55.1,52.9,50.6,48.5,46.9,45.7,45.2,45.1,45.2,45.3,45.4,45.5,45.4,45.3,45.1,44.8,44.5,44.1,43.6,43.2,42.7,42.3,41.8,41.5,41.2,41.0,40.8,40.7,40.5,40.3,40.1,39.9,39.6,39.4,39.1,38.8,38.6,38.2,37.9,37.7,37.5,37.4,37.5,38.2,39.8,42.4,45.9,49.8,53.3,56.1,57.8,58.3,57.8,56.3,54.2,52.1,50.0,48.4,47.2,46.5,46.2,46.2,46.3,46.5,46.6,46.6,46.4,46.2,46.0,45.7,45.4,45.1,44.8,44.2,43.8,43.4,43.1,42.7,42.5,42.3,42.2,42.0,41.9,41.7,41.4,41.2,40.9,40.7,40.4,40.2,39.9,39.6,39.3,39.1,38.9,39.1,39.9</WaveformData>
            <WaveformData ID="4214108" Label="Unk lbl 4214108" UOM="Uncalib" Cal="0,0,0,0" SampleRate="125" SamplePeriodInMsec="1000" Samples="125">2624,2572,2521,2457,2406,2355,2291,2240,2188,2137,2099,2060,2022,1984,1932,1894,1856,1830,1792,1779,1766,1766,1779,1817,1856,1920,1996,2060,2150,2227,2316,2380,2444,2496,2534,2547,2547,2534,2508,2483,2432,2393,2342,2304,2252,2201,2163,2112,2073,2048,1996,1958,1920,1868,1830,1779,1728,1689,1638,1600,1548,1510,1472,1420,1382,1344,1318,1280,1254,1228,1203,1190,1177,1190,1203,1241,1292,1356,1433,1523,1625,1728,1843,1945,2048,2124,2188,2252,2278,2304,2316,2304,2291,2252,2227,2188,2150,2112,2073,2048,2009,1984,1945,1907,1868,1830,1792,1753,1715,1676,1638,1600,1561,1523,1484,1446,1408,1382,1344,1318,1292,1267,1241,1228,1216</WaveformData>
      </Waveforms>
      <VitalSigns CollectionTime="12/21/2017 1:52:25 PM" CollectionTimeUTC="1513885945">
            <VitalSign>
                  <Parameter>HR</Parameter>
                  <BpChannel />
                  <Time>12/21/2017 1:52:25 PM</Time>
                  <TimeUTC>1513885945</TimeUTC>
                  <Value UOM="Bpm" Q="">141</Value>
                  <AlarmLimitLow />
                  <AlarmLimitHigh />
            </VitalSign>
            <VitalSign>
                  <Parameter>NBP-S</Parameter>
                  <BpChannel />
                  <Time>12/21/2017 8:23:00 PM</Time>
                  <TimeUTC>1513909380</TimeUTC>
                  <Value UOM="mmHg" Q="">NODATA</Value>
                  <AlarmLimitLow />
                  <AlarmLimitHigh />
            </VitalSign>
            <VitalSign>
                  <Parameter>NBP-D</Parameter>
                  <BpChannel />
                  <Time>12/21/2017 8:23:00 PM</Time>
                  <TimeUTC>1513909380</TimeUTC>
                  <Value UOM="mmHg" Q="">NODATA</Value>
                  <AlarmLimitLow />
                  <AlarmLimitHigh />
            </VitalSign>
            <VitalSign>
                  <Parameter>NBP-M</Parameter>
                  <BpChannel />
                  <Time>12/21/2017 8:23:00 PM</Time>
                  <TimeUTC>1513909380</TimeUTC>
                  <Value UOM="mmHg" Q="">NODATA</Value>
                  <AlarmLimitLow />
                  <AlarmLimitHigh />
            </VitalSign>
            <VitalSign>
                  <Parameter>PVC</Parameter>
                  <BpChannel />
                  <Time>12/21/2017 1:52:25 PM</Time>
                  <TimeUTC>1513885945</TimeUTC>
                  <Value UOM="Bpm" Q="">0</Value>
                  <AlarmLimitLow />
                  <AlarmLimitHigh />
            </VitalSign>
            <VitalSign>
                  <Parameter>RHY</Parameter>
                  <BpChannel />
                  <Time>12/21/2017 1:52:25 PM</Time>
                  <TimeUTC>1513885945</TimeUTC>
                  <Value UOM="" Q="">SINUS RHYTHM</Value>
                  <AlarmLimitLow />
                  <AlarmLimitHigh />
            </VitalSign>
            <VitalSign>
                  <Parameter>ECT</Parameter>
                  <BpChannel />
                  <Time>12/21/2017 1:52:25 PM</Time>
                  <TimeUTC>1513885945</TimeUTC>
                  <Value UOM="" Q="" />
                  <AlarmLimitLow />
                  <AlarmLimitHigh />
            </VitalSign>
            <VitalSign>
                  <Parameter>RESP</Parameter>
                  <BpChannel />
                  <Time>12/21/2017 1:52:25 PM</Time>
                  <TimeUTC>1513885945</TimeUTC>
                  <Value UOM="BrMin" Q="">35</Value>
                  <AlarmLimitLow />
                  <AlarmLimitHigh />
            </VitalSign>
            <VitalSign>
                  <Parameter>SPO2</Parameter>
                  <BpChannel />
                  <Time>12/21/2017 1:52:25 PM</Time>
                  <TimeUTC>1513885945</TimeUTC>
                  <Value UOM="%" Q="">100</Value>
                  <AlarmLimitLow />
                  <AlarmLimitHigh />
            </VitalSign>
            <VitalSign>
                  <Parameter>PULSE</Parameter>
                  <BpChannel />
                  <Time>12/21/2017 1:52:25 PM</Time>
                  <TimeUTC>1513885945</TimeUTC>
                  <Value UOM="BPM" Q="">141</Value>
                  <AlarmLimitLow />
                  <AlarmLimitHigh />
            </VitalSign>
            <VitalSign>
                  <Parameter>ABP-S</Parameter>
                  <BpChannel />
                  <Time>12/21/2017 1:52:25 PM</Time>
                  <TimeUTC>1513885945</TimeUTC>
                  <Value UOM="mmHg" Q="">58</Value>
                  <AlarmLimitLow />
                  <AlarmLimitHigh />
            </VitalSign>
            <VitalSign>
                  <Parameter>ABP-D</Parameter>
                  <BpChannel />
                  <Time>12/21/2017 1:52:25 PM</Time>
                  <TimeUTC>1513885945</TimeUTC>
                  <Value UOM="mmHg" Q="">38</Value>
                  <AlarmLimitLow />
                  <AlarmLimitHigh />
            </VitalSign>
            <VitalSign>
                  <Parameter>ABP-M</Parameter>
                  <BpChannel />
                  <Time>12/21/2017 1:52:25 PM</Time>
                  <TimeUTC>1513885945</TimeUTC>
                  <Value UOM="mmHg" Q="">45</Value>
                  <AlarmLimitLow />
                  <AlarmLimitHigh />
            </VitalSign>
      </VitalSigns>
      <Alarms />
      <ImportedData />
      <Waveforms CollectionTime="12/21/2017 1:52:26 PM" CollectionTimeUTC="1513885946" TTX="" DisplayOrder="">
            <WaveformData ID="3230796" Label="RESP" UOM="Ohms" Cal="0,1,1230,2867" SampleRate="125" SamplePeriodInMsec="1000" Samples="125">0.7,0.7,0.7,0.8,0.8,0.8,0.8,0.8,0.9,0.9,0.9,0.9,0.9,0.9,0.9,0.9,1.0,1.0,1.0,1.0,1.0,1.0,1.0,1.0,1.0,1.0,1.0,1.0,1.0,0.9,0.9,0.9,0.9,0.9,0.9,0.9,0.9,0.8,0.8,0.8,0.7,0.7,0.7,0.7,0.6,0.6,0.6,0.5,0.5,0.5,0.4,0.4,0.4,0.3,0.3,0.3,0.3,0.2,0.2,0.2,0.2,0.1,0.1,0.1,0.1,0.1,0.0,0.0,0.0,0.0,0.0,0.0,0.0,-0.1,-0.1,-0.1,-0.1,-0.1,-0.1,-0.1,-0.1,-0.1,-0.1,-0.1,-0.1,-0.1,-0.1,-0.1,-0.1,-0.1,-0.1,-0.1,-0.1,-0.1,-0.1,-0.1,-0.1,-0.1,-0.1,-0.1,-0.1,-0.1,-0.1,-0.1,-0.1,-0.1,-0.1,-0.1,-0.1,-0.1,-0.1,-0.2,-0.2,-0.2,-0.2,-0.2,-0.2,-0.2,-0.2,-0.2,-0.2,-0.2,-0.2,-0.2,-0.2</WaveformData>
            <WaveformData ID="4487318" Label="II" UOM="mV" Cal="0,1,1023,3071" SampleRate="125" SamplePeriodInMsec="1000" Samples="125">0.745,0.71,0.665,0.62,0.57,0.525,0.48,0.44,0.405,0.37,0.35,0.365,0.425,0.495,0.525,0.475,0.405,0.365,0.36,0.37,0.385,0.395,0.415,0.44,0.445,0.435,0.635,1.295,1.5,1.135,0.415,0.31,0.55,0.62,0.635,0.655,0.67,0.685,0.7,0.72,0.73,0.75,0.77,0.8,0.835,0.875,0.92,0.96,0.995,1.025,1.04,1.05,1.045,1.03,1,0.96,0.915,0.875,0.83,0.78,0.735,0.695,0.655,0.625,0.635,0.685,0.755,0.785,0.75,0.67,0.61,0.595,0.6,0.605,0.61,0.625,0.64,0.65,0.625,0.72,1.26,1.5,1.5,0.73,0.485,0.66,0.76,0.765,0.775,0.78,0.79,0.795,0.795,0.8,0.805,0.815,0.835,0.855,0.885,0.92,0.955,0.99,1.02,1.04,1.05,1.05,1.03,1,0.965,0.92,0.875,0.83,0.785,0.74,0.695,0.655,0.62,0.625,0.66,0.72,0.76,0.73,0.65,0.58,0.56</WaveformData>
            <WaveformData ID="4214093" Label="SPO2" UOM="Uncalib" Cal="0,0,0,0" SampleRate="125" SamplePeriodInMsec="1000" Samples="125">2026.0,1972.0,1907.0,1854.0,1800.0,1746.0,1692.0,1627.0,1573.0,1519.0,1455.0,1401.0,1336.0,1282.0,1228.0,1185.0,1153.0,1142.0,1153.0,1185.0,1250.0,1347.0,1466.0,1616.0,1778.0,1972.0,2145.0,2317.0,2489.0,2651.0,2770.0,2877.0,2953.0,3007.0,3050.0,3061.0,3071.0,3071.0,3061.0,3050.0,3050.0,3028.0,3018.0,3007.0,2985.0,2964.0,2931.0,2899.0,2867.0,2824.0,2791.0,2727.0,2662.0,2608.0,2543.0,2479.0,2414.0,2349.0,2285.0,2231.0,2166.0,2112.0,2048.0,2001.0,1955.0,1899.0,1843.0,1787.0,1740.0,1703.0,1675.0,1666.0,1675.0,1713.0,1768.0,1834.0,1927.0,2029.0,2131.0,2234.0,2345.0,2438.0,2513.0,2578.0,2615.0,2643.0,2643.0,2634.0,2615.0,2587.0,2559.0,2532.0,2504.0,2466.0,2438.0,2411.0,2383.0,2355.0,2327.0,2290.0,2252.0,2215.0,2178.0,2131.0,2085.0,2048.0,2010.0,1955.0,1908.0,1861.0,1806.0,1759.0,1703.0,1647.0,1592.0,1536.0,1471.0,1415.0,1359.0,1303.0,1247.0,1201.0,1163.0,1145.0,1145.0</WaveformData>
            <WaveformData ID="3289908" Label="ABP" UOM="mmHg" Cal="30,60,307,3378" SampleRate="125" SamplePeriodInMsec="1000" Samples="125">41.8,44.9,48.8,53.1,56.8,59.7,61.5,62.1,61.4,59.9,57.7,55.2,52.8,50.8,49.4,48.4,47.9,47.7,47.7,47.7,47.7,47.7,47.6,47.4,47.1,46.7,46.3,45.9,45.4,44.9,44.4,43.9,43.6,43.2,42.9,42.6,42.4,42.2,42.0,41.8,41.4,41.1,40.8,40.6,40.2,39.9,39.7,39.4,39.1,38.8,38.6,38.6,39.1,40.0,41.7,44.3,47.9,51.7,55.0,56.9,57.6,57.1,55.6,53.4,51.1,48.9,47.3,46.1,45.4,45.2,45.3,45.4,45.5,45.6,45.6,45.4,45.2,44.9,44.6,44.1,43.6,43.1,42.7,42.3,41.9,41.6,41.3,41.1,40.9,40.7,40.6,40.4,40.1,39.9,39.6,39.3,39.1,38.7,38.5,38.2,37.9,37.6,37.4,37.2,37.2,37.6,38.6,40.6,43.6,47.2,50.9,54.2,56.6,57.7,57.6,56.5,54.6,52.4,50.2,48.1,46.5,45.5,45.1,45.1,45.2</WaveformData>
            <WaveformData ID="4214108" Label="Unk lbl 4214108" UOM="Uncalib" Cal="0,0,0,0" SampleRate="125" SamplePeriodInMsec="1000" Samples="125">1216,1228,1254,1305,1382,1459,1548,1664,1779,1907,2022,2137,2227,2329,2406,2457,2508,2534,2547,2534,2521,2483,2457,2419,2368,2329,2291,2240,2201,2163,2112,2073,2048,2009,1971,1932,1894,1856,1817,1779,1753,1728,1702,1676,1651,1638,1612,1600,1600,1587,1587,1574,1587,1600,1612,1664,1715,1779,1856,1958,2060,2176,2304,2432,2560,2675,2777,2880,2944,3008,3046,3072,3084,3072,3072,3059,3033,3020,2995,2969,2944,2918,2880,2854,2803,2752,2700,2649,2598,2534,2483,2432,2368,2316,2265,2214,2163,2124,2073,2048,2009,1958,1920,1881,1843,1817,1792,1766,1766,1779,1804,1843,1894,1958,2035,2112,2188,2278,2355,2419,2483,2508,2534,2547,2534</WaveformData>
      </Waveforms>
      <VitalSigns CollectionTime="12/21/2017 1:52:26 PM" CollectionTimeUTC="1513885946">
            <VitalSign>
                  <Parameter>HR</Parameter>
                  <BpChannel />
                  <Time>12/21/2017 1:52:26 PM</Time>
                  <TimeUTC>1513885946</TimeUTC>
                  <Value UOM="Bpm" Q="">141</Value>
                  <AlarmLimitLow />
                  <AlarmLimitHigh />
            </VitalSign>
            <VitalSign>
                  <Parameter>NBP-S</Parameter>
                  <BpChannel />
                  <Time>12/21/2017 8:23:00 PM</Time>
                  <TimeUTC>1513909380</TimeUTC>
                  <Value UOM="mmHg" Q="">NODATA</Value>
                  <AlarmLimitLow />
                  <AlarmLimitHigh />
            </VitalSign>
            <VitalSign>
                  <Parameter>NBP-D</Parameter>
                  <BpChannel />
                  <Time>12/21/2017 8:23:00 PM</Time>
                  <TimeUTC>1513909380</TimeUTC>
                  <Value UOM="mmHg" Q="">NODATA</Value>
                  <AlarmLimitLow />
                  <AlarmLimitHigh />
            </VitalSign>
            <VitalSign>
                  <Parameter>NBP-M</Parameter>
                  <BpChannel />
                  <Time>12/21/2017 8:23:00 PM</Time>
                  <TimeUTC>1513909380</TimeUTC>
                  <Value UOM="mmHg" Q="">NODATA</Value>
                  <AlarmLimitLow />
                  <AlarmLimitHigh />
            </VitalSign>
            <VitalSign>
                  <Parameter>PVC</Parameter>
                  <BpChannel />
                  <Time>12/21/2017 1:52:26 PM</Time>
                  <TimeUTC>1513885946</TimeUTC>
                  <Value UOM="Bpm" Q="">0</Value>
                  <AlarmLimitLow />
                  <AlarmLimitHigh />
            </VitalSign>
            <VitalSign>
                  <Parameter>RHY</Parameter>
                  <BpChannel />
                  <Time>12/21/2017 1:52:26 PM</Time>
                  <TimeUTC>1513885946</TimeUTC>
                  <Value UOM="" Q="">SINUS RHYTHM</Value>
                  <AlarmLimitLow />
                  <AlarmLimitHigh />
            </VitalSign>
            <VitalSign>
                  <Parameter>ECT</Parameter>
                  <BpChannel />
                  <Time>12/21/2017 1:52:26 PM</Time>
                  <TimeUTC>1513885946</TimeUTC>
                  <Value UOM="" Q="" />
                  <AlarmLimitLow />
                  <AlarmLimitHigh />
            </VitalSign>
            <VitalSign>
                  <Parameter>RESP</Parameter>
                  <BpChannel />
                  <Time>12/21/2017 1:52:26 PM</Time>
                  <TimeUTC>1513885946</TimeUTC>
                  <Value UOM="BrMin" Q="">35</Value>
                  <AlarmLimitLow />
                  <AlarmLimitHigh />
            </VitalSign>
            <VitalSign>
                  <Parameter>SPO2</Parameter>
                  <BpChannel />
                  <Time>12/21/2017 1:52:26 PM</Time>
                  <TimeUTC>1513885946</TimeUTC>
                  <Value UOM="%" Q="">100</Value>
                  <AlarmLimitLow />
                  <AlarmLimitHigh />
            </VitalSign>
            <VitalSign>
                  <Parameter>PULSE</Parameter>
                  <BpChannel />
                  <Time>12/21/2017 1:52:26 PM</Time>
                  <TimeUTC>1513885946</TimeUTC>
                  <Value UOM="BPM" Q="">141</Value>
                  <AlarmLimitLow />
                  <AlarmLimitHigh />
            </VitalSign>
            <VitalSign>
                  <Parameter>ABP-S</Parameter>
                  <BpChannel />
                  <Time>12/21/2017 1:52:26 PM</Time>
                  <TimeUTC>1513885946</TimeUTC>
                  <Value UOM="mmHg" Q="">58</Value>
                  <AlarmLimitLow />
                  <AlarmLimitHigh />
            </VitalSign>
            <VitalSign>
                  <Parameter>ABP-D</Parameter>
                  <BpChannel />
                  <Time>12/21/2017 1:52:26 PM</Time>
                  <TimeUTC>1513885946</TimeUTC>
                  <Value UOM="mmHg" Q="">38</Value>
                  <AlarmLimitLow />
                  <AlarmLimitHigh />
            </VitalSign>
            <VitalSign>
                  <Parameter>ABP-M</Parameter>
                  <BpChannel />
                  <Time>12/21/2017 1:52:26 PM</Time>
                  <TimeUTC>1513885946</TimeUTC>
                  <Value UOM="mmHg" Q="">45</Value>
                  <AlarmLimitLow />
                  <AlarmLimitHigh />
            </VitalSign>
      </VitalSigns>
      <Alarms />
      <ImportedData />
      <Waveforms CollectionTime="12/21/2017 1:52:27 PM" CollectionTimeUTC="1513885947" TTX="" DisplayOrder="">
            <WaveformData ID="3230796" Label="RESP" UOM="Ohms" Cal="0,1,1230,2867" SampleRate="125" SamplePeriodInMsec="1000" Samples="125">-0.2,-0.2,-0.2,-0.2,-0.2,-0.2,-0.2,-0.2,-0.2,-0.2,-0.2,-0.2,-0.2,-0.2,-0.2,-0.2,-0.2,-0.2,-0.2,-0.2,-0.2,-0.2,-0.2,-0.2,-0.2,-0.2,-0.1,-0.1,-0.1,-0.1,-0.1,-0.1,-0.1,-0.1,-0.1,-0.1,-0.1,-0.1,-0.1,-0.1,-0.1,-0.1,-0.2,-0.2,-0.2,-0.2,-0.2,-0.2,-0.2,-0.2,-0.2,-0.2,-0.2,-0.2,-0.2,-0.2,-0.2,-0.2,-0.2,-0.2,-0.2,-0.2,-0.1,-0.1,-0.1,-0.1,-0.1,-0.1,-0.1,0.0,0.0,0.0,0.1,0.1,0.1,0.2,0.2,0.3,0.3,0.3,0.4,0.4,0.5,0.5,0.5,0.6,0.6,0.6,0.7,0.7,0.7,0.8,0.8,0.8,0.8,0.8,0.9,0.9,0.9,0.9,0.9,0.9,0.9,0.9,0.9,0.9,0.9,1.0,1.0,1.0,1.0,1.0,0.9,0.9,0.9,0.9,0.9,0.9,0.9,0.9,0.9,0.9,0.8,0.8,0.8</WaveformData>
            <WaveformData ID="4487318" Label="II" UOM="mV" Cal="0,1,1023,3071" SampleRate="125" SamplePeriodInMsec="1000" Samples="125">0.565,0.57,0.575,0.585,0.605,0.615,0.595,0.655,1.135,1.5,1.5,0.79,0.425,0.58,0.715,0.73,0.74,0.745,0.755,0.76,0.76,0.765,0.77,0.78,0.79,0.81,0.84,0.87,0.905,0.935,0.965,0.99,1,1.005,0.98,0.955,0.92,0.875,0.835,0.79,0.745,0.705,0.665,0.625,0.59,0.58,0.62,0.685,0.725,0.695,0.605,0.525,0.5,0.5,0.5,0.495,0.5,0.505,0.515,0.49,0.485,1.02,1.5,1.5,0.66,0.29,0.435,0.555,0.57,0.575,0.58,0.585,0.58,0.575,0.57,0.57,0.575,0.59,0.605,0.63,0.655,0.685,0.715,0.745,0.76,0.77,0.775,0.75,0.725,0.685,0.64,0.59,0.545,0.5,0.46,0.42,0.38,0.35,0.345,0.385,0.46,0.52,0.525,0.44,0.375,0.355,0.36,0.375,0.385,0.4,0.42,0.435,0.43,0.475,0.9,1.5,1.5,0.715,0.305,0.445,0.595,0.625,0.64,0.655,0.675</WaveformData>
            <WaveformData ID="4214093" Label="SPO2" UOM="Uncalib" Cal="0,0,0,0" SampleRate="125" SamplePeriodInMsec="1000" Samples="125">1173.0,1210.0,1284.0,1377.0,1480.0,1610.0,1740.0,1871.0,1992.0,2103.0,2206.0,2290.0,2345.0,2383.0,2411.0,2411.0,2411.0,2392.0,2373.0,2345.0,2327.0,2299.0,2280.0,2252.0,2234.0,2206.0,2178.0,2150.0,2122.0,2085.0,2048.0,2020.0,1982.0,1945.0,1899.0,1861.0,1815.0,1768.0,1722.0,1675.0,1629.0,1573.0,1526.0,1471.0,1415.0,1359.0,1312.0,1256.0,1210.0,1182.0,1145.0,1145.0,1154.0,1182.0,1247.0,1322.0,1424.0,1545.0,1675.0,1806.0,1945.0,2066.0,2187.0,2299.0,2373.0,2438.0,2476.0,2494.0,2504.0,2494.0,2476.0,2457.0,2438.0,2411.0,2392.0,2364.0,2345.0,2317.0,2290.0,2262.0,2224.0,2187.0,2150.0,2113.0,2066.0,2038.0,1992.0,1945.0,1899.0,1852.0,1796.0,1750.0,1703.0,1657.0,1610.0,1554.0,1508.0,1461.0,1405.0,1359.0,1312.0,1275.0,1247.0,1238.0,1238.0,1266.0,1312.0,1396.0,1498.0,1619.0,1768.0,1917.0,2075.0,2224.0,2383.0,2513.0,2634.0,2727.0,2801.0,2857.0,2885.0,2904.0,2913.0,2904.0,2904.0</WaveformData>
            <WaveformData ID="3289908" Label="ABP" UOM="mmHg" Cal="30,60,307,3378" SampleRate="125" SamplePeriodInMsec="1000" Samples="125">45.3,45.4,45.5,45.4,45.2,45.0,44.7,44.2,43.8,43.3,42.9,42.4,42.0,41.6,41.2,41.0,40.8,40.7,40.6,40.4,40.2,39.9,39.6,39.4,39.1,38.7,38.5,38.2,38.0,37.7,37.4,37.2,37.2,37.5,38.6,40.6,43.6,47.3,51.1,54.4,56.7,58.0,58.1,57.1,55.4,53.2,51.0,49.1,47.6,46.6,46.1,46.0,46.1,46.2,46.4,46.5,46.5,46.3,46.1,45.8,45.4,45.1,44.7,44.2,43.8,43.4,43.1,42.7,42.4,42.3,42.1,42.0,41.9,41.7,41.5,41.3,41.1,40.7,40.5,40.2,39.9,39.6,39.3,39.0,38.8,38.8,39.3,40.5,42.9,46.4,50.6,54.7,58.2,60.6,61.9,62.1,61.1,59.1,56.7,54.2,52.0,50.2,48.8,48.0,47.6,47.4,47.4,47.6,47.6,47.6,47.4,47.2,46.8,46.4,46.1,45.6,45.1,44.6,44.1,43.7,43.3,42.9,42.7,42.4,42.2</WaveformData>
            <WaveformData ID="4214108" Label="Unk lbl 4214108" UOM="Uncalib" Cal="0,0,0,0" SampleRate="125" SamplePeriodInMsec="1000" Samples="125">2521,2496,2457,2419,2368,2316,2278,2227,2188,2137,2099,2048,2022,1984,1932,1894,1843,1804,1753,1715,1664,1625,1574,1536,1484,1446,1408,1369,1331,1292,1267,1241,1216,1190,1190,1190,1190,1228,1254,1318,1395,1472,1574,1676,1779,1894,1996,2060,2150,2214,2252,2291,2291,2291,2278,2252,2227,2201,2163,2124,2086,2048,2022,1984,1958,1920,1881,1843,1804,1766,1728,1689,1651,1612,1574,1536,1497,1459,1420,1395,1356,1331,1292,1267,1241,1228,1216,1216,1216,1241,1292,1344,1420,1523,1612,1740,1856,1984,2086,2188,2291,2368,2457,2512,2553,2566,2566,2553,2525,2484,2443,2402,2361,2307,2266,2225,2184,2129,2088,2048,2020,1979,1938,1897,1856</WaveformData>
      </Waveforms>
      <VitalSigns CollectionTime="12/21/2017 1:52:27 PM" CollectionTimeUTC="1513885947">
            <VitalSign>
                  <Parameter>HR</Parameter>
                  <BpChannel />
                  <Time>12/21/2017 1:52:27 PM</Time>
                  <TimeUTC>1513885947</TimeUTC>
                  <Value UOM="Bpm" Q="">141</Value>
                  <AlarmLimitLow />
                  <AlarmLimitHigh />
            </VitalSign>
            <VitalSign>
                  <Parameter>NBP-S</Parameter>
                  <BpChannel />
                  <Time>12/21/2017 8:23:00 PM</Time>
                  <TimeUTC>1513909380</TimeUTC>
                  <Value UOM="mmHg" Q="">NODATA</Value>
                  <AlarmLimitLow />
                  <AlarmLimitHigh />
            </VitalSign>
            <VitalSign>
                  <Parameter>NBP-D</Parameter>
                  <BpChannel />
                  <Time>12/21/2017 8:23:00 PM</Time>
                  <TimeUTC>1513909380</TimeUTC>
                  <Value UOM="mmHg" Q="">NODATA</Value>
                  <AlarmLimitLow />
                  <AlarmLimitHigh />
            </VitalSign>
            <VitalSign>
                  <Parameter>NBP-M</Parameter>
                  <BpChannel />
                  <Time>12/21/2017 8:23:00 PM</Time>
                  <TimeUTC>1513909380</TimeUTC>
                  <Value UOM="mmHg" Q="">NODATA</Value>
                  <AlarmLimitLow />
                  <AlarmLimitHigh />
            </VitalSign>
            <VitalSign>
                  <Parameter>PVC</Parameter>
                  <BpChannel />
                  <Time>12/21/2017 1:52:27 PM</Time>
                  <TimeUTC>1513885947</TimeUTC>
                  <Value UOM="Bpm" Q="">0</Value>
                  <AlarmLimitLow />
                  <AlarmLimitHigh />
            </VitalSign>
            <VitalSign>
                  <Parameter>RHY</Parameter>
                  <BpChannel />
                  <Time>12/21/2017 1:52:27 PM</Time>
                  <TimeUTC>1513885947</TimeUTC>
                  <Value UOM="" Q="">SINUS RHYTHM</Value>
                  <AlarmLimitLow />
                  <AlarmLimitHigh />
            </VitalSign>
            <VitalSign>
                  <Parameter>ECT</Parameter>
                  <BpChannel />
                  <Time>12/21/2017 1:52:27 PM</Time>
                  <TimeUTC>1513885947</TimeUTC>
                  <Value UOM="" Q="" />
                  <AlarmLimitLow />
                  <AlarmLimitHigh />
            </VitalSign>
            <VitalSign>
                  <Parameter>RESP</Parameter>
                  <BpChannel />
                  <Time>12/21/2017 1:52:27 PM</Time>
                  <TimeUTC>1513885947</TimeUTC>
                  <Value UOM="BrMin" Q="">35</Value>
                  <AlarmLimitLow />
                  <AlarmLimitHigh />
            </VitalSign>
            <VitalSign>
                  <Parameter>SPO2</Parameter>
                  <BpChannel />
                  <Time>12/21/2017 1:52:27 PM</Time>
                  <TimeUTC>1513885947</TimeUTC>
                  <Value UOM="%" Q="">100</Value>
                  <AlarmLimitLow />
                  <AlarmLimitHigh />
            </VitalSign>
            <VitalSign>
                  <Parameter>PULSE</Parameter>
                  <BpChannel />
                  <Time>12/21/2017 1:52:27 PM</Time>
                  <TimeUTC>1513885947</TimeUTC>
                  <Value UOM="BPM" Q="">141</Value>
                  <AlarmLimitLow />
                  <AlarmLimitHigh />
            </VitalSign>
            <VitalSign>
                  <Parameter>ABP-S</Parameter>
                  <BpChannel />
                  <Time>12/21/2017 1:52:27 PM</Time>
                  <TimeUTC>1513885947</TimeUTC>
                  <Value UOM="mmHg" Q="">58</Value>
                  <AlarmLimitLow />
                  <AlarmLimitHigh />
            </VitalSign>
            <VitalSign>
                  <Parameter>ABP-D</Parameter>
                  <BpChannel />
                  <Time>12/21/2017 1:52:27 PM</Time>
                  <TimeUTC>1513885947</TimeUTC>
                  <Value UOM="mmHg" Q="">38</Value>
                  <AlarmLimitLow />
                  <AlarmLimitHigh />
            </VitalSign>
            <VitalSign>
                  <Parameter>ABP-M</Parameter>
                  <BpChannel />
                  <Time>12/21/2017 1:52:27 PM</Time>
                  <TimeUTC>1513885947</TimeUTC>
                  <Value UOM="mmHg" Q="">45</Value>
                  <AlarmLimitLow />
                  <AlarmLimitHigh />
            </VitalSign>
      </VitalSigns>
      <Alarms />
      <ImportedData />
      <Waveforms CollectionTime="12/21/2017 1:52:28 PM" CollectionTimeUTC="1513885948" TTX="" DisplayOrder="">
            <WaveformData ID="3230796" Label="RESP" UOM="Ohms" Cal="0,1,1230,2867" SampleRate="125" SamplePeriodInMsec="1000" Samples="125">0.8,0.8,0.7,0.7,0.7,0.6,0.6,0.6,0.5,0.5,0.5,0.4,0.4,0.4,0.4,0.3,0.3,0.3,0.2,0.2,0.2,0.2,0.1,0.1,0.1,0.1,0.1,0.0,0.0,0.0,0.0,0.0,0.0,-0.1,-0.1,-0.1,-0.1,-0.1,-0.1,-0.1,-0.1,-0.1,-0.1,-0.1,-0.1,-0.2,-0.2,-0.2,-0.2,-0.2,-0.2,-0.2,-0.2,-0.2,-0.2,-0.2,-0.2,-0.2,-0.2,-0.2,-0.2,-0.2,-0.2,-0.2,-0.2,-0.2,-0.2,-0.2,-0.2,-0.2,-0.2,-0.2,-0.2,-0.2,-0.2,-0.2,-0.2,-0.2,-0.2,-0.2,-0.2,-0.2,-0.2,-0.2,-0.2,-0.2,-0.2,-0.2,-0.2,-0.2,-0.2,-0.2,-0.2,-0.2,-0.2,-0.2,-0.2,-0.2,-0.2,-0.2,-0.2,-0.2,-0.2,-0.2,-0.2,-0.2,-0.2,-0.2,-0.2,-0.2,-0.2,-0.2,-0.2,-0.2,-0.1,-0.1,-0.1,-0.1,-0.1,-0.1,-0.1,-0.1,-0.1,-0.1,-0.1</WaveformData>
            <WaveformData ID="4487318" Label="II" UOM="mV" Cal="0,1,1023,3071" SampleRate="125" SamplePeriodInMsec="1000" Samples="125">0.69,0.705,0.72,0.74,0.76,0.785,0.815,0.85,0.89,0.935,0.975,1.01,1.035,1.05,1.055,1.04,1.02,0.98,0.935,0.895,0.85,0.805,0.76,0.72,0.675,0.635,0.625,0.645,0.71,0.775,0.79,0.735,0.655,0.605,0.6,0.605,0.615,0.625,0.63,0.645,0.65,0.625,0.84,1.5,1.5,1.275,0.57,0.48,0.715,0.77,0.775,0.78,0.785,0.795,0.8,0.8,0.805,0.815,0.825,0.84,0.865,0.895,0.925,0.96,0.995,1.025,1.04,1.05,1.04,1.02,0.99,0.95,0.905,0.86,0.815,0.775,0.73,0.685,0.64,0.61,0.615,0.66,0.73,0.765,0.725,0.645,0.58,0.565,0.565,0.575,0.585,0.595,0.605,0.615,0.595,0.68,1.205,1.5,1.5,0.72,0.44,0.61,0.72,0.73,0.735,0.745,0.75,0.76,0.76,0.765,0.77,0.78,0.795,0.82,0.845,0.88,0.915,0.945,0.975,0.995,1.005,1.01,0.99,0.96,0.92</WaveformData>
            <WaveformData ID="4214093" Label="SPO2" UOM="Uncalib" Cal="0,0,0,0" SampleRate="125" SamplePeriodInMsec="1000" Samples="125">2895.0,2885.0,2876.0,2867.0,2848.0,2839.0,2820.0,2801.0,2783.0,2755.0,2727.0,2699.0,2662.0,2625.0,2587.0,2541.0,2522.0,2513.0,2466.0,2420.0,2373.0,2317.0,2262.0,2215.0,2159.0,2103.0,2048.0,1992.0,1927.0,1871.0,1815.0,1768.0,1731.0,1703.0,1703.0,1703.0,1750.0,1796.0,1871.0,1964.0,2057.0,2169.0,2271.0,2383.0,2466.0,2550.0,2606.0,2653.0,2680.0,2680.0,2671.0,2653.0,2625.0,2597.0,2559.0,2532.0,2504.0,2466.0,2438.0,2411.0,2383.0,2375.0,2334.0,2293.0,2242.0,2191.0,2140.0,2088.0,2037.0,1986.0,1925.0,1863.0,1802.0,1751.0,1689.0,1628.0,1566.0,1515.0,1454.0,1382.0,1321.0,1259.0,1198.0,1146.0,1095.0,1065.0,1034.0,1044.0,1065.0,1106.0,1198.0,1290.0,1413.0,1546.0,1689.0,1843.0,1986.0,2099.0,2211.0,2314.0,2375.0,2416.0,2447.0,2457.0,2447.0,2437.0,2416.0,2396.0,2365.0,2344.0,2324.0,2293.0,2273.0,2242.0,2211.0,2181.0,2140.0,2109.0,2068.0,2027.0,1986.0,1935.0,1894.0,1843.0,1792.0</WaveformData>
            <WaveformData ID="3289908" Label="ABP" UOM="mmHg" Cal="30,60,307,3378" SampleRate="125" SamplePeriodInMsec="1000" Samples="125">41.9,41.7,41.5,41.2,40.9,40.6,40.3,40.0,39.7,39.5,39.2,38.9,38.6,38.5,38.6,39.4,41.1,43.6,47.0,50.6,53.7,56.1,57.4,57.4,56.4,54.6,52.3,50.1,48.1,46.6,45.6,45.2,45.1,45.2,45.3,45.4,45.4,45.3,45.1,44.9,44.6,44.1,43.7,43.2,42.8,42.4,42.0,41.6,41.3,41.0,40.7,40.6,40.4,40.2,40.1,39.9,39.6,39.3,39.1,38.7,38.5,38.2,37.9,37.6,37.3,37.1,37.0,37.1,37.6,38.8,40.9,44.0,47.9,51.7,54.8,56.7,57.4,57.1,55.6,53.6,51.3,49.1,47.4,46.1,45.4,45.2,45.2,45.3,45.4,45.5,45.5,45.4,45.2,44.9,44.5,44.1,43.6,43.1,42.6,42.2,41.8,41.4,41.2,40.9,40.7,40.6,40.4,40.3,40.1,39.9,39.6,39.4,39.1,38.8,38.6,38.2,37.9,37.6,37.4,37.2,37.2,37.6,38.7,40.8,43.9</WaveformData>
            <WaveformData ID="4214108" Label="Unk lbl 4214108" UOM="Uncalib" Cal="0,0,0,0" SampleRate="125" SamplePeriodInMsec="1000" Samples="125">1816,1788,1747,1720,1693,1665,1638,1624,1611,1597,1583,1570,1556,1556,1570,1570,1597,1624,1679,1747,1816,1925,2034,2143,2280,2416,2539,2675,2785,2894,2976,3044,3099,3126,3140,3153,3140,3140,3112,3099,3071,3044,3030,3003,2962,2921,2867,2812,2757,2703,2648,2580,2525,2471,2402,2348,2293,2239,2184,2129,2088,2048,2007,1966,1925,1870,1829,1802,1775,1747,1747,1747,1775,1802,1856,1925,2007,2075,2170,2266,2348,2430,2484,2539,2566,2580,2580,2566,2539,2498,2457,2416,2361,2307,2266,2211,2170,2116,2075,2048,1993,1937,1890,1827,1780,1717,1670,1607,1544,1496,1433,1386,1339,1276,1228,1181,1150,1102,1071,1024,1008,992,976,992,1008</WaveformData>
      </Waveforms>
      <VitalSigns CollectionTime="12/21/2017 1:52:28 PM" CollectionTimeUTC="1513885948">
            <VitalSign>
                  <Parameter>HR</Parameter>
                  <BpChannel />
                  <Time>12/21/2017 1:52:28 PM</Time>
                  <TimeUTC>1513885948</TimeUTC>
                  <Value UOM="Bpm" Q="">141</Value>
                  <AlarmLimitLow />
                  <AlarmLimitHigh />
            </VitalSign>
            <VitalSign>
                  <Parameter>NBP-S</Parameter>
                  <BpChannel />
                  <Time>12/21/2017 8:23:00 PM</Time>
                  <TimeUTC>1513909380</TimeUTC>
                  <Value UOM="mmHg" Q="">NODATA</Value>
                  <AlarmLimitLow />
                  <AlarmLimitHigh />
            </VitalSign>
            <VitalSign>
                  <Parameter>NBP-D</Parameter>
                  <BpChannel />
                  <Time>12/21/2017 8:23:00 PM</Time>
                  <TimeUTC>1513909380</TimeUTC>
                  <Value UOM="mmHg" Q="">NODATA</Value>
                  <AlarmLimitLow />
                  <AlarmLimitHigh />
            </VitalSign>
            <VitalSign>
                  <Parameter>NBP-M</Parameter>
                  <BpChannel />
                  <Time>12/21/2017 8:23:00 PM</Time>
                  <TimeUTC>1513909380</TimeUTC>
                  <Value UOM="mmHg" Q="">NODATA</Value>
                  <AlarmLimitLow />
                  <AlarmLimitHigh />
            </VitalSign>
            <VitalSign>
                  <Parameter>PVC</Parameter>
                  <BpChannel />
                  <Time>12/21/2017 1:52:28 PM</Time>
                  <TimeUTC>1513885948</TimeUTC>
                  <Value UOM="Bpm" Q="">0</Value>
                  <AlarmLimitLow />
                  <AlarmLimitHigh />
            </VitalSign>
            <VitalSign>
                  <Parameter>RHY</Parameter>
                  <BpChannel />
                  <Time>12/21/2017 1:52:28 PM</Time>
                  <TimeUTC>1513885948</TimeUTC>
                  <Value UOM="" Q="">SINUS RHYTHM</Value>
                  <AlarmLimitLow />
                  <AlarmLimitHigh />
            </VitalSign>
            <VitalSign>
                  <Parameter>ECT</Parameter>
                  <BpChannel />
                  <Time>12/21/2017 1:52:28 PM</Time>
                  <TimeUTC>1513885948</TimeUTC>
                  <Value UOM="" Q="" />
                  <AlarmLimitLow />
                  <AlarmLimitHigh />
            </VitalSign>
            <VitalSign>
                  <Parameter>RESP</Parameter>
                  <BpChannel />
                  <Time>12/21/2017 1:52:28 PM</Time>
                  <TimeUTC>1513885948</TimeUTC>
                  <Value UOM="BrMin" Q="">35</Value>
                  <AlarmLimitLow />
                  <AlarmLimitHigh />
            </VitalSign>
            <VitalSign>
                  <Parameter>SPO2</Parameter>
                  <BpChannel />
                  <Time>12/21/2017 1:52:28 PM</Time>
                  <TimeUTC>1513885948</TimeUTC>
                  <Value UOM="%" Q="">100</Value>
                  <AlarmLimitLow />
                  <AlarmLimitHigh />
            </VitalSign>
            <VitalSign>
                  <Parameter>PULSE</Parameter>
                  <BpChannel />
                  <Time>12/21/2017 1:52:28 PM</Time>
                  <TimeUTC>1513885948</TimeUTC>
                  <Value UOM="BPM" Q="">141</Value>
                  <AlarmLimitLow />
                  <AlarmLimitHigh />
            </VitalSign>
            <VitalSign>
                  <Parameter>ABP-S</Parameter>
                  <BpChannel />
                  <Time>12/21/2017 1:52:28 PM</Time>
                  <TimeUTC>1513885948</TimeUTC>
                  <Value UOM="mmHg" Q="">58</Value>
                  <AlarmLimitLow />
                  <AlarmLimitHigh />
            </VitalSign>
            <VitalSign>
                  <Parameter>ABP-D</Parameter>
                  <BpChannel />
                  <Time>12/21/2017 1:52:28 PM</Time>
                  <TimeUTC>1513885948</TimeUTC>
                  <Value UOM="mmHg" Q="">39</Value>
                  <AlarmLimitLow />
                  <AlarmLimitHigh />
            </VitalSign>
            <VitalSign>
                  <Parameter>ABP-M</Parameter>
                  <BpChannel />
                  <Time>12/21/2017 1:52:28 PM</Time>
                  <TimeUTC>1513885948</TimeUTC>
                  <Value UOM="mmHg" Q="">45</Value>
                  <AlarmLimitLow />
                  <AlarmLimitHigh />
            </VitalSign>
      </VitalSigns>
      <Alarms />
      <ImportedData />
      <Waveforms CollectionTime="12/21/2017 1:52:29 PM" CollectionTimeUTC="1513885949" TTX="" DisplayOrder="">
            <WaveformData ID="3230796" Label="RESP" UOM="Ohms" Cal="0,1,1230,2867" SampleRate="125" SamplePeriodInMsec="1000" Samples="125">-0.1,-0.1,-0.1,-0.1,-0.1,-0.1,-0.1,-0.1,-0.1,-0.1,-0.2,-0.2,-0.2,-0.2,-0.2,-0.2,-0.2,-0.2,-0.2,-0.2,-0.2,-0.2,-0.2,-0.1,-0.1,-0.1,-0.1,-0.1,-0.1,-0.1,-0.1,-0.1,0.0,0.0,0.0,0.0,0.1,0.1,0.1,0.2,0.2,0.3,0.3,0.3,0.4,0.4,0.5,0.5,0.6,0.6,0.6,0.7,0.7,0.7,0.8,0.8,0.8,0.8,0.9,0.9,0.9,0.9,0.9,0.9,0.9,1.0,1.0,1.0,1.0,1.0,1.0,1.0,1.0,1.0,1.0,1.0,1.0,1.0,1.0,1.0,1.0,1.0,0.9,0.9,0.9,0.9,0.9,0.9,0.8,0.8,0.8,0.8,0.7,0.7,0.7,0.6,0.6,0.6,0.6,0.5,0.5,0.5,0.4,0.4,0.4,0.3,0.3,0.3,0.2,0.2,0.2,0.2,0.2,0.1,0.1,0.1,0.1,0.1,0.0,0.0,0.0,0.0,0.0,0.0,0.0</WaveformData>
            <WaveformData ID="4487318" Label="II" UOM="mV" Cal="0,1,1023,3071" SampleRate="125" SamplePeriodInMsec="1000" Samples="125">0.88,0.835,0.795,0.755,0.71,0.67,0.625,0.59,0.58,0.615,0.675,0.725,0.71,0.63,0.545,0.505,0.5,0.505,0.505,0.51,0.52,0.525,0.505,0.495,0.94,1.5,1.5,0.79,0.29,0.41,0.555,0.58,0.58,0.58,0.585,0.585,0.58,0.57,0.57,0.575,0.59,0.61,0.63,0.655,0.685,0.715,0.745,0.76,0.77,0.775,0.76,0.735,0.695,0.645,0.595,0.55,0.505,0.465,0.42,0.385,0.35,0.34,0.365,0.425,0.495,0.52,0.47,0.4,0.36,0.36,0.37,0.385,0.395,0.415,0.44,0.445,0.43,0.685,1.355,1.5,1.01,0.38,0.325,0.575,0.63,0.645,0.665,0.68,0.7,0.715,0.73,0.745,0.765,0.785,0.815,0.85,0.89,0.93,0.975,1.015,1.04,1.055,1.065,1.055,1.035,1.005,0.96,0.915,0.87,0.825,0.78,0.74,0.7,0.66,0.63,0.635,0.68,0.755,0.795,0.765,0.69,0.62,0.605,0.605,0.61</WaveformData>
            <WaveformData ID="4214093" Label="SPO2" UOM="Uncalib" Cal="0,0,0,0" SampleRate="125" SamplePeriodInMsec="1000" Samples="125">1751.0,1699.0,1648.0,1597.0,1546.0,1484.0,1433.0,1372.0,1321.0,1259.0,1198.0,1146.0,1106.0,1075.0,1054.0,1054.0,1085.0,1136.0,1218.0,1341.0,1474.0,1628.0,1792.0,1955.0,2088.0,2232.0,2344.0,2437.0,2519.0,2560.0,2590.0,2600.0,2590.0,2570.0,2549.0,2529.0,2498.0,2467.0,2447.0,2416.0,2385.0,2365.0,2324.0,2293.0,2263.0,2222.0,2170.0,2129.0,2078.0,2037.0,1986.0,1925.0,1874.0,1822.0,1761.0,1710.0,1658.0,1597.0,1546.0,1484.0,1433.0,1372.0,1321.0,1269.0,1218.0,1177.0,1146.0,1146.0,1157.0,1187.0,1269.0,1362.0,1484.0,1628.0,1792.0,1966.0,2129.0,2293.0,2447.0,2590.0,2703.0,2795.0,2867.0,2908.0,2938.0,2959.0,2959.0,2959.0,2949.0,2949.0,2938.0,2928.0,2918.0,2908.0,2887.0,2867.0,2846.0,2816.0,2785.0,2744.0,2703.0,2662.0,2621.0,2570.0,2519.0,2467.0,2416.0,2355.0,2304.0,2242.0,2191.0,2129.0,2068.0,2017.0,1945.0,1884.0,1822.0,1771.0,1720.0,1679.0,1648.0,1648.0,1658.0,1699.0,1761.0</WaveformData>
            <WaveformData ID="3289908" Label="ABP" UOM="mmHg" Cal="30,60,307,3378" SampleRate="125" SamplePeriodInMsec="1000" Samples="125">47.6,51.4,54.6,56.9,58.1,58.2,57.1,55.3,53.0,50.7,48.7,47.3,46.3,45.8,45.7,45.8,46.0,46.2,46.3,46.2,46.1,45.9,45.7,45.4,45.1,44.6,44.1,43.7,43.3,42.9,42.6,42.4,42.1,41.9,41.8,41.6,41.5,41.3,41.1,40.7,40.5,40.2,39.9,39.7,39.4,39.1,38.9,38.6,38.6,38.9,40.0,42.2,45.5,49.6,53.7,57.3,59.9,61.3,61.5,60.5,58.6,56.2,53.7,51.6,49.8,48.5,47.7,47.4,47.4,47.4,47.5,47.5,47.4,47.2,46.9,46.5,46.1,45.7,45.4,44.9,44.4,43.9,43.5,43.1,42.7,42.4,42.1,41.9,41.8,41.6,41.3,41.1,40.8,40.5,40.2,39.9,39.6,39.3,39.0,38.7,38.4,38.3,38.4,38.9,40.1,42.3,45.4,49.1,52.5,55.2,56.9,57.4,56.7,55.1,52.9,50.6,48.5,46.8,45.7,45.2,44.9,44.9,45.0,45.2,45.2</WaveformData>
            <WaveformData ID="4214108" Label="Unk lbl 4214108" UOM="Uncalib" Cal="0,0,0,0" SampleRate="125" SamplePeriodInMsec="1000" Samples="125">1055,1134,1228,1339,1465,1607,1748,1890,2032,2142,2237,2331,2394,2426,2457,2457,2441,2426,2394,2347,2315,2268,2221,2174,2126,2079,2048,2016,1969,1922,1874,1827,1780,1717,1670,1622,1575,1528,1481,1433,1386,1339,1292,1260,1213,1181,1150,1118,1087,1087,1071,1102,1134,1197,1276,1370,1496,1622,1764,1906,2048,2189,2315,2426,2520,2599,2646,2678,2693,2693,2678,2630,2599,2552,2504,2441,2394,2347,2284,2237,2189,2126,2079,2048,1985,1937,1890,1843,1796,1748,1717,1670,1638,1607,1591,1559,1544,1528,1512,1496,1481,1481,1481,1496,1528,1559,1622,1701,1796,1906,2048,2174,2331,2489,2646,2788,2930,3040,3134,3213,3276,3308,3323,3339,3323</WaveformData>
      </Waveforms>
      <VitalSigns CollectionTime="12/21/2017 1:52:29 PM" CollectionTimeUTC="1513885949">
            <VitalSign>
                  <Parameter>HR</Parameter>
                  <BpChannel />
                  <Time>12/21/2017 1:52:29 PM</Time>
                  <TimeUTC>1513885949</TimeUTC>
                  <Value UOM="Bpm" Q="">141</Value>
                  <AlarmLimitLow />
                  <AlarmLimitHigh />
            </VitalSign>
            <VitalSign>
                  <Parameter>NBP-S</Parameter>
                  <BpChannel />
                  <Time>12/21/2017 8:23:00 PM</Time>
                  <TimeUTC>1513909380</TimeUTC>
                  <Value UOM="mmHg" Q="">NODATA</Value>
                  <AlarmLimitLow />
                  <AlarmLimitHigh />
            </VitalSign>
            <VitalSign>
                  <Parameter>NBP-D</Parameter>
                  <BpChannel />
                  <Time>12/21/2017 8:23:00 PM</Time>
                  <TimeUTC>1513909380</TimeUTC>
                  <Value UOM="mmHg" Q="">NODATA</Value>
                  <AlarmLimitLow />
                  <AlarmLimitHigh />
            </VitalSign>
            <VitalSign>
                  <Parameter>NBP-M</Parameter>
                  <BpChannel />
                  <Time>12/21/2017 8:23:00 PM</Time>
                  <TimeUTC>1513909380</TimeUTC>
                  <Value UOM="mmHg" Q="">NODATA</Value>
                  <AlarmLimitLow />
                  <AlarmLimitHigh />
            </VitalSign>
            <VitalSign>
                  <Parameter>PVC</Parameter>
                  <BpChannel />
                  <Time>12/21/2017 1:52:29 PM</Time>
                  <TimeUTC>1513885949</TimeUTC>
                  <Value UOM="Bpm" Q="">0</Value>
                  <AlarmLimitLow />
                  <AlarmLimitHigh />
            </VitalSign>
            <VitalSign>
                  <Parameter>RHY</Parameter>
                  <BpChannel />
                  <Time>12/21/2017 1:52:29 PM</Time>
                  <TimeUTC>1513885949</TimeUTC>
                  <Value UOM="" Q="">SINUS RHYTHM</Value>
                  <AlarmLimitLow />
                  <AlarmLimitHigh />
            </VitalSign>
            <VitalSign>
                  <Parameter>ECT</Parameter>
                  <BpChannel />
                  <Time>12/21/2017 1:52:29 PM</Time>
                  <TimeUTC>1513885949</TimeUTC>
                  <Value UOM="" Q="" />
                  <AlarmLimitLow />
                  <AlarmLimitHigh />
            </VitalSign>
            <VitalSign>
                  <Parameter>RESP</Parameter>
                  <BpChannel />
                  <Time>12/21/2017 1:52:29 PM</Time>
                  <TimeUTC>1513885949</TimeUTC>
                  <Value UOM="BrMin" Q="">35</Value>
                  <AlarmLimitLow />
                  <AlarmLimitHigh />
            </VitalSign>
            <VitalSign>
                  <Parameter>SPO2</Parameter>
                  <BpChannel />
                  <Time>12/21/2017 1:52:29 PM</Time>
                  <TimeUTC>1513885949</TimeUTC>
                  <Value UOM="%" Q="">100</Value>
                  <AlarmLimitLow />
                  <AlarmLimitHigh />
            </VitalSign>
            <VitalSign>
                  <Parameter>PULSE</Parameter>
                  <BpChannel />
                  <Time>12/21/2017 1:52:29 PM</Time>
                  <TimeUTC>1513885949</TimeUTC>
                  <Value UOM="BPM" Q="">141</Value>
                  <AlarmLimitLow />
                  <AlarmLimitHigh />
            </VitalSign>
            <VitalSign>
                  <Parameter>ABP-S</Parameter>
                  <BpChannel />
                  <Time>12/21/2017 1:52:29 PM</Time>
                  <TimeUTC>1513885949</TimeUTC>
                  <Value UOM="mmHg" Q="">58</Value>
                  <AlarmLimitLow />
                  <AlarmLimitHigh />
            </VitalSign>
            <VitalSign>
                  <Parameter>ABP-D</Parameter>
                  <BpChannel />
                  <Time>12/21/2017 1:52:29 PM</Time>
                  <TimeUTC>1513885949</TimeUTC>
                  <Value UOM="mmHg" Q="">38</Value>
                  <AlarmLimitLow />
                  <AlarmLimitHigh />
            </VitalSign>
            <VitalSign>
                  <Parameter>ABP-M</Parameter>
                  <BpChannel />
                  <Time>12/21/2017 1:52:29 PM</Time>
                  <TimeUTC>1513885949</TimeUTC>
                  <Value UOM="mmHg" Q="">45</Value>
                  <AlarmLimitLow />
                  <AlarmLimitHigh />
            </VitalSign>
      </VitalSigns>
      <Alarms />
      <ImportedData />
      <Waveforms CollectionTime="12/21/2017 1:52:30 PM" CollectionTimeUTC="1513885950" TTX="" DisplayOrder="">
            <WaveformData ID="3230796" Label="RESP" UOM="Ohms" Cal="0,1,1230,2867" SampleRate="125" SamplePeriodInMsec="1000" Samples="125">-0.1,-0.1,-0.1,-0.1,-0.1,-0.1,-0.1,-0.1,-0.1,-0.1,-0.1,-0.1,-0.1,-0.1,-0.1,-0.1,-0.1,-0.1,-0.1,-0.1,-0.1,-0.1,-0.1,-0.1,-0.1,-0.1,-0.1,-0.1,-0.1,-0.1,-0.1,-0.1,-0.1,-0.1,-0.1,-0.2,-0.2,-0.2,-0.2,-0.2,-0.2,-0.2,-0.2,-0.2,-0.2,-0.2,-0.2,-0.2,-0.2,-0.2,-0.2,-0.2,-0.2,-0.2,-0.2,-0.2,-0.2,-0.2,-0.2,-0.2,-0.2,-0.2,-0.2,-0.2,-0.2,-0.2,-0.2,-0.2,-0.2,-0.2,-0.2,-0.2,-0.2,-0.1,-0.1,-0.1,-0.1,-0.1,-0.1,-0.1,-0.1,-0.1,-0.1,-0.1,-0.1,-0.1,-0.1,-0.1,-0.1,-0.1,-0.1,-0.1,-0.1,-0.1,-0.1,-0.1,-0.1,-0.1,-0.2,-0.2,-0.2,-0.2,-0.2,-0.2,-0.2,-0.2,-0.2,-0.2,-0.2,-0.2,-0.2,-0.2,-0.1,-0.1,-0.1,-0.1,-0.1,-0.1,-0.1,0.0,0.0,0.0,0.0,0.1,0.1</WaveformData>
            <WaveformData ID="4487318" Label="II" UOM="mV" Cal="0,1,1023,3071" SampleRate="125" SamplePeriodInMsec="1000" Samples="125">0.615,0.625,0.64,0.65,0.63,0.695,1.175,1.5,1.5,0.81,0.475,0.63,0.755,0.77,0.775,0.785,0.79,0.795,0.8,0.8,0.805,0.815,0.83,0.855,0.885,0.915,0.95,0.99,1.02,1.04,1.05,1.05,1.04,1.01,0.97,0.93,0.89,0.85,0.8,0.755,0.71,0.665,0.625,0.61,0.635,0.695,0.75,0.76,0.695,0.61,0.565,0.565,0.57,0.575,0.58,0.595,0.61,0.615,0.59,0.855,1.5,1.5,1.17,0.495,0.435,0.685,0.73,0.735,0.745,0.75,0.755,0.76,0.765,0.765,0.775,0.785,0.8,0.825,0.855,0.89,0.925,0.955,0.985,1,1.005,0.995,0.975,0.94,0.9,0.855,0.815,0.775,0.735,0.695,0.65,0.61,0.58,0.59,0.64,0.705,0.735,0.685,0.6,0.53,0.51,0.51,0.51,0.51,0.515,0.525,0.53,0.5,0.64,1.26,1.5,1.33,0.485,0.315,0.495,0.57,0.575,0.575,0.58,0.585,0.58</WaveformData>
            <WaveformData ID="4214093" Label="SPO2" UOM="Uncalib" Cal="0,0,0,0" SampleRate="125" SamplePeriodInMsec="1000" Samples="125">1833.0,1945.0,2048.0,2170.0,2293.0,2406.0,2508.0,2600.0,2672.0,2713.0,2744.0,2744.0,2734.0,2723.0,2682.0,2652.0,2621.0,2580.0,2549.0,2519.0,2488.0,2447.0,2416.0,2375.0,2344.0,2293.0,2252.0,2201.0,2150.0,2099.0,2048.0,1996.0,1945.0,1884.0,1833.0,1771.0,1710.0,1648.0,1587.0,1525.0,1464.0,1402.0,1341.0,1280.0,1218.0,1157.0,1106.0,1075.0,1044.0,1044.0,1065.0,1106.0,1177.0,1280.0,1392.0,1525.0,1669.0,1812.0,1955.0,2080.0,2198.0,2295.0,2371.0,2425.0,2457.0,2457.0,2457.0,2436.0,2414.0,2392.0,2371.0,2349.0,2328.0,2295.0,2274.0,2252.0,2220.0,2198.0,2155.0,2123.0,2080.0,2048.0,2004.0,2004.0,1983.0,1929.0,1886.0,1832.0,1778.0,1724.0,1670.0,1606.0,1552.0,1487.0,1433.0,1369.0,1315.0,1250.0,1185.0,1121.0,1067.0,1024.0,991.0,970.0,981.0,1013.0,1088.0,1196.0,1325.0,1476.0,1649.0,1821.0,1994.0,2155.0,2295.0,2425.0,2522.0,2597.0,2662.0,2683.0,2683.0,2683.0,2662.0,2640.0,2608.0</WaveformData>
            <WaveformData ID="3289908" Label="ABP" UOM="mmHg" Cal="30,60,307,3378" SampleRate="125" SamplePeriodInMsec="1000" Samples="125">45.2,45.1,44.9,44.6,44.2,43.9,43.4,42.9,42.4,42.0,41.6,41.2,40.9,40.7,40.4,40.3,40.2,40.1,39.9,39.6,39.4,39.1,38.7,38.5,38.2,38.0,37.7,37.4,37.2,37.0,36.9,37.1,38.1,39.9,42.7,46.3,50.0,53.3,55.7,56.9,57.0,56.0,54.2,52.0,49.8,47.8,46.3,45.4,45.0,44.9,44.9,45.0,45.2,45.2,45.2,45.1,44.8,44.5,44.1,43.7,43.2,42.7,42.3,41.8,41.4,41.1,40.9,40.6,40.4,40.3,40.2,40.0,39.8,39.6,39.3,39.0,38.7,38.4,38.2,37.9,37.7,37.4,37.2,37.1,37.2,37.9,39.4,41.9,45.4,49.4,53.1,55.9,57.8,58.4,57.9,56.4,54.4,52.0,49.8,48.0,46.7,45.9,45.6,45.6,45.8,46.1,46.2,46.2,46.2,46.1,45.9,45.6,45.2,44.8,44.4,43.9,43.6,43.2,42.9,42.6,42.3,42.1,42.0,41.9,41.7</WaveformData>
            <WaveformData ID="4214108" Label="Unk lbl 4214108" UOM="Uncalib" Cal="0,0,0,0" SampleRate="125" SamplePeriodInMsec="1000" Samples="125">3308,3292,3260,3245,3213,3166,3119,3071,3008,2945,2898,2835,2756,2693,2630,2567,2489,2426,2363,2300,2237,2174,2111,2063,2016,1969,1922,1859,1811,1764,1733,1701,1670,1670,1670,1685,1733,1796,1874,1953,2048,2142,2252,2363,2457,2520,2583,2630,2646,2646,2630,2615,2567,2520,2473,2410,2363,2300,2237,2189,2142,2079,2048,2000,1937,1890,1843,1780,1733,1670,1622,1559,1512,1449,1402,1339,1292,1244,1197,1165,1118,1087,1039,1024,992,976,992,1008,1039,1102,1181,1292,1418,1559,1701,1843,1985,2095,2205,2266,2321,2361,2389,2402,2389,2375,2348,2321,2280,2239,2198,2157,2116,2075,2048,2007,1966,1925,1884,1843,1802,1761,1720,1679,1638</WaveformData>
      </Waveforms>
      <VitalSigns CollectionTime="12/21/2017 1:52:30 PM" CollectionTimeUTC="1513885950">
            <VitalSign>
                  <Parameter>HR</Parameter>
                  <BpChannel />
                  <Time>12/21/2017 1:52:30 PM</Time>
                  <TimeUTC>1513885950</TimeUTC>
                  <Value UOM="Bpm" Q="">141</Value>
                  <AlarmLimitLow />
                  <AlarmLimitHigh />
            </VitalSign>
            <VitalSign>
                  <Parameter>NBP-S</Parameter>
                  <BpChannel />
                  <Time>12/21/2017 8:23:00 PM</Time>
                  <TimeUTC>1513909380</TimeUTC>
                  <Value UOM="mmHg" Q="">NODATA</Value>
                  <AlarmLimitLow />
                  <AlarmLimitHigh />
            </VitalSign>
            <VitalSign>
                  <Parameter>NBP-D</Parameter>
                  <BpChannel />
                  <Time>12/21/2017 8:23:00 PM</Time>
                  <TimeUTC>1513909380</TimeUTC>
                  <Value UOM="mmHg" Q="">NODATA</Value>
                  <AlarmLimitLow />
                  <AlarmLimitHigh />
            </VitalSign>
            <VitalSign>
                  <Parameter>NBP-M</Parameter>
                  <BpChannel />
                  <Time>12/21/2017 8:23:00 PM</Time>
                  <TimeUTC>1513909380</TimeUTC>
                  <Value UOM="mmHg" Q="">NODATA</Value>
                  <AlarmLimitLow />
                  <AlarmLimitHigh />
            </VitalSign>
            <VitalSign>
                  <Parameter>PVC</Parameter>
                  <BpChannel />
                  <Time>12/21/2017 1:52:30 PM</Time>
                  <TimeUTC>1513885950</TimeUTC>
                  <Value UOM="Bpm" Q="">0</Value>
                  <AlarmLimitLow />
                  <AlarmLimitHigh />
            </VitalSign>
            <VitalSign>
                  <Parameter>RHY</Parameter>
                  <BpChannel />
                  <Time>12/21/2017 1:52:30 PM</Time>
                  <TimeUTC>1513885950</TimeUTC>
                  <Value UOM="" Q="">SV RHYTHM</Value>
                  <AlarmLimitLow />
                  <AlarmLimitHigh />
            </VitalSign>
            <VitalSign>
                  <Parameter>ECT</Parameter>
                  <BpChannel />
                  <Time>12/21/2017 1:52:30 PM</Time>
                  <TimeUTC>1513885950</TimeUTC>
                  <Value UOM="" Q="" />
                  <AlarmLimitLow />
                  <AlarmLimitHigh />
            </VitalSign>
            <VitalSign>
                  <Parameter>RESP</Parameter>
                  <BpChannel />
                  <Time>12/21/2017 1:52:30 PM</Time>
                  <TimeUTC>1513885950</TimeUTC>
                  <Value UOM="BrMin" Q="">35</Value>
                  <AlarmLimitLow />
                  <AlarmLimitHigh />
            </VitalSign>
            <VitalSign>
                  <Parameter>SPO2</Parameter>
                  <BpChannel />
                  <Time>12/21/2017 1:52:30 PM</Time>
                  <TimeUTC>1513885950</TimeUTC>
                  <Value UOM="%" Q="">100</Value>
                  <AlarmLimitLow />
                  <AlarmLimitHigh />
            </VitalSign>
            <VitalSign>
                  <Parameter>PULSE</Parameter>
                  <BpChannel />
                  <Time>12/21/2017 1:52:30 PM</Time>
                  <TimeUTC>1513885950</TimeUTC>
                  <Value UOM="BPM" Q="">141</Value>
                  <AlarmLimitLow />
                  <AlarmLimitHigh />
            </VitalSign>
            <VitalSign>
                  <Parameter>ABP-S</Parameter>
                  <BpChannel />
                  <Time>12/21/2017 1:52:30 PM</Time>
                  <TimeUTC>1513885950</TimeUTC>
                  <Value UOM="mmHg" Q="">58</Value>
                  <AlarmLimitLow />
                  <AlarmLimitHigh />
            </VitalSign>
            <VitalSign>
                  <Parameter>ABP-D</Parameter>
                  <BpChannel />
                  <Time>12/21/2017 1:52:30 PM</Time>
                  <TimeUTC>1513885950</TimeUTC>
                  <Value UOM="mmHg" Q="">38</Value>
                  <AlarmLimitLow />
                  <AlarmLimitHigh />
            </VitalSign>
            <VitalSign>
                  <Parameter>ABP-M</Parameter>
                  <BpChannel />
                  <Time>12/21/2017 1:52:30 PM</Time>
                  <TimeUTC>1513885950</TimeUTC>
                  <Value UOM="mmHg" Q="">45</Value>
                  <AlarmLimitLow />
                  <AlarmLimitHigh />
            </VitalSign>
      </VitalSigns>
      <Alarms />
      <ImportedData />
      <Waveforms CollectionTime="12/21/2017 1:52:31 PM" CollectionTimeUTC="1513885951" TTX="" DisplayOrder="">
            <WaveformData ID="3230796" Label="RESP" UOM="Ohms" Cal="0,1,1230,2867" SampleRate="125" SamplePeriodInMsec="1000" Samples="125">0.1,0.2,0.2,0.2,0.3,0.3,0.4,0.4,0.4,0.5,0.5,0.5,0.6,0.6,0.7,0.7,0.7,0.8,0.8,0.8,0.8,0.8,0.9,0.9,0.9,0.9,0.9,0.9,0.9,0.9,0.9,0.9,0.9,1.0,1.0,1.0,1.0,1.0,1.0,1.0,0.9,0.9,0.9,0.9,0.9,0.9,0.9,0.9,0.9,0.8,0.8,0.8,0.8,0.7,0.7,0.7,0.6,0.6,0.6,0.6,0.5,0.5,0.5,0.4,0.4,0.4,0.3,0.3,0.3,0.3,0.2,0.2,0.2,0.2,0.1,0.1,0.1,0.1,0.0,0.0,0.0,0.0,0.0,0.0,-0.1,-0.1,-0.1,-0.1,-0.1,-0.1,-0.1,-0.1,-0.1,-0.1,-0.1,-0.1,-0.1,-0.2,-0.2,-0.2,-0.2,-0.2,-0.2,-0.2,-0.2,-0.2,-0.2,-0.2,-0.2,-0.2,-0.2,-0.2,-0.2,-0.2,-0.2,-0.2,-0.2,-0.2,-0.2,-0.2,-0.2,-0.2,-0.2,-0.2,-0.2</WaveformData>
            <WaveformData ID="4487318" Label="II" UOM="mV" Cal="0,1,1023,3071" SampleRate="125" SamplePeriodInMsec="1000" Samples="125">0.575,0.575,0.575,0.585,0.595,0.615,0.64,0.665,0.695,0.72,0.745,0.765,0.77,0.765,0.745,0.71,0.665,0.62,0.575,0.53,0.485,0.445,0.405,0.375,0.345,0.34,0.38,0.455,0.52,0.535,0.46,0.395,0.365,0.37,0.38,0.395,0.41,0.425,0.445,0.44,0.475,0.855,1.5,1.5,0.81,0.34,0.46,0.625,0.66,0.675,0.695,0.71,0.725,0.74,0.755,0.765,0.78,0.8,0.83,0.87,0.905,0.95,0.99,1.025,1.045,1.065,1.07,1.055,1.035,1,0.96,0.91,0.87,0.825,0.775,0.735,0.695,0.655,0.625,0.64,0.69,0.76,0.795,0.755,0.675,0.615,0.6,0.605,0.61,0.615,0.625,0.64,0.65,0.62,0.725,1.3,1.5,1.5,0.705,0.48,0.66,0.76,0.77,0.775,0.785,0.79,0.795,0.8,0.8,0.805,0.815,0.83,0.855,0.88,0.91,0.945,0.98,1.01,1.03,1.04,1.04,1.02,0.99,0.95,0.905</WaveformData>
            <WaveformData ID="4214093" Label="SPO2" UOM="Uncalib" Cal="0,0,0,0" SampleRate="125" SamplePeriodInMsec="1000" Samples="125">2586.0,2554.0,2522.0,2500.0,2468.0,2436.0,2403.0,2360.0,2317.0,2274.0,2231.0,2177.0,2123.0,2069.0,2015.0,1961.0,1907.0,1843.0,1789.0,1724.0,1670.0,1606.0,1552.0,1487.0,1433.0,1379.0,1315.0,1261.0,1218.0,1175.0,1153.0,1153.0,1175.0,1228.0,1293.0,1412.0,1541.0,1703.0,1875.0,2048.0,2231.0,2414.0,2576.0,2727.0,2845.0,2942.0,3018.0,3061.0,3093.0,3104.0,3115.0,3104.0,3093.0,3082.0,3071.0,3061.0,3050.0,3039.0,2925.0,2906.0,2876.0,2857.0,2818.0,2789.0,2730.0,2681.0,2623.0,2564.0,2506.0,2447.0,2389.0,2321.0,2262.0,2204.0,2145.0,2096.0,2048.0,1989.0,1931.0,1872.0,1814.0,1765.0,1716.0,1667.0,1648.0,1638.0,1648.0,1677.0,1736.0,1814.0,1901.0,2009.0,2116.0,2233.0,2350.0,2447.0,2535.0,2603.0,2652.0,2672.0,2691.0,2681.0,2662.0,2633.0,2603.0,2574.0,2545.0,2516.0,2486.0,2457.0,2428.0,2389.0,2360.0,2321.0,2282.0,2243.0,2194.0,2145.0,2096.0,2048.0,1999.0,1950.0,1950.0,1921.0,1872.0</WaveformData>
            <WaveformData ID="3289908" Label="ABP" UOM="mmHg" Cal="30,60,307,3378" SampleRate="125" SamplePeriodInMsec="1000" Samples="125">41.5,41.2,41.0,40.7,40.4,40.1,39.9,39.6,39.3,39.0,38.7,38.6,38.7,39.3,40.9,43.6,47.5,51.7,55.8,59.0,61.2,62.1,61.7,60.4,58.3,55.8,53.3,51.2,49.5,48.3,47.6,47.3,47.2,47.3,47.4,47.4,47.3,47.2,46.9,46.6,46.2,45.9,45.4,44.9,44.4,43.9,43.4,43.0,42.6,42.3,42.1,41.9,41.7,41.4,41.2,40.9,40.6,40.4,40.1,39.8,39.5,39.2,38.9,38.6,38.3,38.2,38.3,39.0,40.5,42.9,46.2,49.9,53.2,55.7,57.1,57.2,56.3,54.5,52.2,49.9,47.9,46.4,45.5,45.1,45.0,45.0,45.1,45.1,45.2,45.1,45.0,44.8,44.4,44.0,43.6,43.1,42.7,42.3,41.8,41.4,41.1,40.8,40.6,40.4,40.2,40.1,39.9,39.7,39.4,39.2,38.9,38.6,38.4,38.1,37.8,37.5,37.2,37.0,36.8,36.8,37.2,38.2,40.3,43.3,46.9</WaveformData>
            <WaveformData ID="4214108" Label="Unk lbl 4214108" UOM="Uncalib" Cal="0,0,0,0" SampleRate="125" SamplePeriodInMsec="1000" Samples="125">1583,1542,1502,1461,1433,1392,1351,1324,1283,1256,1228,1215,1201,1188,1188,1228,1269,1324,1406,1502,1611,1734,1870,1993,2116,2225,2334,2416,2498,2553,2594,2607,2607,2594,2580,2539,2498,2457,2416,2375,2321,2280,2239,2198,2143,2102,2061,2034,1993,1952,1911,1870,1843,1802,1775,1747,1720,1693,1679,1652,1638,1624,1624,1611,1611,1611,1611,1624,1665,1706,1761,1843,1938,2048,2157,2293,2430,2566,2689,2826,2935,3017,3099,3153,3194,3222,3235,3235,3222,3208,3181,3153,3126,3085,3044,2989,2935,2880,2777,2726,2675,2611,2560,2508,2444,2393,2342,2278,2227,2176,2124,2086,2048,2009,1971,1920,1881,1843,1804,1779,1753,1740,1728,1740,1766</WaveformData>
      </Waveforms>
      <VitalSigns CollectionTime="12/21/2017 1:52:31 PM" CollectionTimeUTC="1513885951">
            <VitalSign>
                  <Parameter>HR</Parameter>
                  <BpChannel />
                  <Time>12/21/2017 1:52:31 PM</Time>
                  <TimeUTC>1513885951</TimeUTC>
                  <Value UOM="Bpm" Q="">141</Value>
                  <AlarmLimitLow />
                  <AlarmLimitHigh />
            </VitalSign>
            <VitalSign>
                  <Parameter>NBP-S</Parameter>
                  <BpChannel />
                  <Time>12/21/2017 8:23:00 PM</Time>
                  <TimeUTC>1513909380</TimeUTC>
                  <Value UOM="mmHg" Q="">NODATA</Value>
                  <AlarmLimitLow />
                  <AlarmLimitHigh />
            </VitalSign>
            <VitalSign>
                  <Parameter>NBP-D</Parameter>
                  <BpChannel />
                  <Time>12/21/2017 8:23:00 PM</Time>
                  <TimeUTC>1513909380</TimeUTC>
                  <Value UOM="mmHg" Q="">NODATA</Value>
                  <AlarmLimitLow />
                  <AlarmLimitHigh />
            </VitalSign>
            <VitalSign>
                  <Parameter>NBP-M</Parameter>
                  <BpChannel />
                  <Time>12/21/2017 8:23:00 PM</Time>
                  <TimeUTC>1513909380</TimeUTC>
                  <Value UOM="mmHg" Q="">NODATA</Value>
                  <AlarmLimitLow />
                  <AlarmLimitHigh />
            </VitalSign>
            <VitalSign>
                  <Parameter>PVC</Parameter>
                  <BpChannel />
                  <Time>12/21/2017 1:52:31 PM</Time>
                  <TimeUTC>1513885951</TimeUTC>
                  <Value UOM="Bpm" Q="">0</Value>
                  <AlarmLimitLow />
                  <AlarmLimitHigh />
            </VitalSign>
            <VitalSign>
                  <Parameter>RHY</Parameter>
                  <BpChannel />
                  <Time>12/21/2017 1:52:31 PM</Time>
                  <TimeUTC>1513885951</TimeUTC>
                  <Value UOM="" Q="">SV RHYTHM</Value>
                  <AlarmLimitLow />
                  <AlarmLimitHigh />
            </VitalSign>
            <VitalSign>
                  <Parameter>ECT</Parameter>
                  <BpChannel />
                  <Time>12/21/2017 1:52:31 PM</Time>
                  <TimeUTC>1513885951</TimeUTC>
                  <Value UOM="" Q="" />
                  <AlarmLimitLow />
                  <AlarmLimitHigh />
            </VitalSign>
            <VitalSign>
                  <Parameter>RESP</Parameter>
                  <BpChannel />
                  <Time>12/21/2017 1:52:31 PM</Time>
                  <TimeUTC>1513885951</TimeUTC>
                  <Value UOM="BrMin" Q="">35</Value>
                  <AlarmLimitLow />
                  <AlarmLimitHigh />
            </VitalSign>
            <VitalSign>
                  <Parameter>SPO2</Parameter>
                  <BpChannel />
                  <Time>12/21/2017 1:52:31 PM</Time>
                  <TimeUTC>1513885951</TimeUTC>
                  <Value UOM="%" Q="">100</Value>
                  <AlarmLimitLow />
                  <AlarmLimitHigh />
            </VitalSign>
            <VitalSign>
                  <Parameter>PULSE</Parameter>
                  <BpChannel />
                  <Time>12/21/2017 1:52:31 PM</Time>
                  <TimeUTC>1513885951</TimeUTC>
                  <Value UOM="BPM" Q="">141</Value>
                  <AlarmLimitLow />
                  <AlarmLimitHigh />
            </VitalSign>
            <VitalSign>
                  <Parameter>ABP-S</Parameter>
                  <BpChannel />
                  <Time>12/21/2017 1:52:31 PM</Time>
                  <TimeUTC>1513885951</TimeUTC>
                  <Value UOM="mmHg" Q="">58</Value>
                  <AlarmLimitLow />
                  <AlarmLimitHigh />
            </VitalSign>
            <VitalSign>
                  <Parameter>ABP-D</Parameter>
                  <BpChannel />
                  <Time>12/21/2017 1:52:31 PM</Time>
                  <TimeUTC>1513885951</TimeUTC>
                  <Value UOM="mmHg" Q="">38</Value>
                  <AlarmLimitLow />
                  <AlarmLimitHigh />
            </VitalSign>
            <VitalSign>
                  <Parameter>ABP-M</Parameter>
                  <BpChannel />
                  <Time>12/21/2017 1:52:31 PM</Time>
                  <TimeUTC>1513885951</TimeUTC>
                  <Value UOM="mmHg" Q="">45</Value>
                  <AlarmLimitLow />
                  <AlarmLimitHigh />
            </VitalSign>
      </VitalSigns>
      <Alarms />
      <ImportedData />
      <Waveforms CollectionTime="12/21/2017 1:52:32 PM" CollectionTimeUTC="1513885952" TTX="" DisplayOrder="">
            <WaveformData ID="3230796" Label="RESP" UOM="Ohms" Cal="0,1,1230,2867" SampleRate="125" SamplePeriodInMsec="1000" Samples="125">-0.2,-0.2,-0.2,-0.2,-0.2,-0.2,-0.2,-0.2,-0.2,-0.2,-0.2,-0.2,-0.2,-0.2,-0.2,-0.2,-0.2,-0.2,-0.2,-0.2,-0.2,-0.2,-0.2,-0.2,-0.2,-0.2,-0.2,-0.2,-0.2,-0.2,-0.2,-0.2,-0.2,-0.2,-0.2,-0.2,-0.2,-0.2,-0.2,-0.1,-0.1,-0.1,-0.1,-0.1,-0.1,-0.1,-0.1,-0.1,-0.1,-0.1,-0.1,-0.1,-0.1,-0.1,-0.1,-0.1,-0.1,-0.1,-0.1,-0.1,-0.1,-0.1,-0.1,-0.1,-0.1,-0.2,-0.2,-0.2,-0.2,-0.2,-0.2,-0.2,-0.2,-0.2,-0.2,-0.2,-0.2,-0.1,-0.1,-0.1,-0.1,-0.1,-0.1,-0.1,0.0,0.0,0.0,0.0,0.1,0.1,0.2,0.2,0.2,0.3,0.3,0.4,0.4,0.4,0.5,0.5,0.6,0.6,0.6,0.7,0.7,0.7,0.7,0.8,0.8,0.8,0.8,0.9,0.9,0.9,0.9,0.9,0.9,0.9,0.9,0.9,0.9,0.9,1.0,1.0,1.0</WaveformData>
            <WaveformData ID="4487318" Label="II" UOM="mV" Cal="0,1,1023,3071" SampleRate="125" SamplePeriodInMsec="1000" Samples="125">0.86,0.82,0.775,0.73,0.685,0.645,0.605,0.595,0.63,0.695,0.75,0.755,0.675,0.6,0.56,0.555,0.565,0.565,0.575,0.59,0.6,0.59,0.58,0.905,1.5,1.5,1.06,0.465,0.445,0.69,0.73,0.735,0.74,0.75,0.755,0.755,0.76,0.765,0.775,0.785,0.805,0.83,0.86,0.89,0.925,0.955,0.98,1,1.005,0.995,0.97,0.935,0.895,0.855,0.815,0.775,0.73,0.685,0.645,0.605,0.575,0.59,0.64,0.71,0.74,0.685,0.59,0.53,0.51,0.51,0.51,0.51,0.515,0.525,0.53,0.5,0.665,1.31,1.5,1.28,0.45,0.3,0.5,0.57,0.57,0.575,0.58,0.58,0.575,0.57,0.565,0.565,0.575,0.585,0.61,0.635,0.66,0.69,0.72,0.745,0.76,0.765,0.755,0.73,0.7,0.66,0.61,0.565,0.515,0.475,0.435,0.4,0.36,0.335,0.335,0.375,0.455,0.515,0.525,0.45,0.385,0.36,0.365,0.38,0.39</WaveformData>
            <WaveformData ID="4214093" Label="SPO2" UOM="Uncalib" Cal="0,0,0,0" SampleRate="125" SamplePeriodInMsec="1000" Samples="125">1814.0,1765.0,1706.0,1658.0,1599.0,1540.0,1482.0,1414.0,1355.0,1297.0,1228.0,1180.0,1131.0,1092.0,1072.0,1072.0,1092.0,1141.0,1219.0,1316.0,1433.0,1570.0,1706.0,1853.0,1989.0,2106.0,2213.0,2311.0,2369.0,2418.0,2438.0,2447.0,2447.0,2428.0,2408.0,2379.0,2360.0,2330.0,2301.0,2282.0,2252.0,2233.0,2204.0,2165.0,2135.0,2096.0,2057.0,2028.0,1989.0,1940.0,1892.0,1843.0,1794.0,1745.0,1697.0,1648.0,1589.0,1540.0,1482.0,1433.0,1375.0,1316.0,1267.0,1209.0,1160.0,1121.0,1092.0,1072.0,1072.0,1102.0,1150.0,1228.0,1345.0,1472.0,1628.0,1784.0,1950.0,2096.0,2233.0,2350.0,2457.0,2525.0,2574.0,2613.0,2623.0,2623.0,2603.0,2584.0,2555.0,2535.0,2506.0,2477.0,2447.0,2418.0,2389.0,2360.0,2330.0,2291.0,2252.0,2213.0,2165.0,2116.0,2067.0,2028.0,1970.0,1921.0,1872.0,1814.0,1765.0,1706.0,1658.0,1599.0,1550.0,1492.0,1433.0,1384.0,1336.0,1287.0,1248.0,1219.0,1209.0,1219.0,1258.0,1316.0,1394.0</WaveformData>
            <WaveformData ID="3289908" Label="ABP" UOM="mmHg" Cal="30,60,307,3378" SampleRate="125" SamplePeriodInMsec="1000" Samples="125">50.7,53.9,56.2,57.3,57.2,56.1,54.1,51.7,49.4,47.5,46.1,45.2,44.9,44.8,44.9,45.0,45.1,45.2,45.1,44.9,44.7,44.3,43.9,43.5,43.1,42.6,42.2,41.8,41.4,41.1,40.8,40.6,40.4,40.2,40.1,39.9,39.7,39.4,39.2,38.9,38.7,38.4,38.1,37.9,37.5,37.2,37.0,36.9,37.1,37.9,39.6,42.3,45.8,49.7,53.2,56.0,57.7,58.3,57.8,56.2,54.1,51.8,49.6,47.8,46.6,45.9,45.6,45.6,45.8,46.0,46.2,46.2,46.2,46.1,45.8,45.5,45.2,44.8,44.2,43.7,43.4,43.1,42.7,42.4,42.2,41.9,41.8,41.7,41.6,41.4,41.1,40.9,40.6,40.3,40.1,39.7,39.5,39.2,38.9,38.7,38.6,38.7,39.3,40.9,43.6,47.4,51.6,55.6,58.7,60.9,61.8,61.5,60.1,57.9,55.5,53.0,50.9,49.2,48.1,47.5,47.3,47.2,47.3,47.3,47.3</WaveformData>
            <WaveformData ID="4214108" Label="Unk lbl 4214108" UOM="Uncalib" Cal="0,0,0,0" SampleRate="125" SamplePeriodInMsec="1000" Samples="125">1804,1868,1932,2009,2086,2163,2252,2329,2406,2457,2496,2521,2534,2534,2508,2483,2457,2406,2368,2329,2278,2227,2188,2150,2099,2060,2035,1984,1945,1907,1856,1817,1766,1728,1676,1625,1587,1536,1497,1459,1408,1369,1344,1305,1267,1241,1216,1190,1177,1177,1190,1203,1241,1292,1356,1446,1536,1638,1753,1856,1971,2048,2137,2214,2265,2304,2329,2329,2316,2304,2265,2240,2201,2163,2124,2086,2048,2022,1984,1958,1920,1881,1843,1804,1766,1728,1689,1651,1612,1574,1536,1497,1459,1420,1382,1356,1318,1292,1267,1241,1228,1216,1216,1216,1254,1305,1369,1446,1548,1651,1779,1894,2022,2137,2240,2329,2419,2483,2534,2560,2572,2572,2560,2534,2496</WaveformData>
      </Waveforms>
      <VitalSigns CollectionTime="12/21/2017 1:52:32 PM" CollectionTimeUTC="1513885952">
            <VitalSign>
                  <Parameter>HR</Parameter>
                  <BpChannel />
                  <Time>12/21/2017 1:52:32 PM</Time>
                  <TimeUTC>1513885952</TimeUTC>
                  <Value UOM="Bpm" Q="">141</Value>
                  <AlarmLimitLow />
                  <AlarmLimitHigh />
            </VitalSign>
            <VitalSign>
                  <Parameter>NBP-S</Parameter>
                  <BpChannel />
                  <Time>12/21/2017 8:23:00 PM</Time>
                  <TimeUTC>1513909380</TimeUTC>
                  <Value UOM="mmHg" Q="">NODATA</Value>
                  <AlarmLimitLow />
                  <AlarmLimitHigh />
            </VitalSign>
            <VitalSign>
                  <Parameter>NBP-D</Parameter>
                  <BpChannel />
                  <Time>12/21/2017 8:23:00 PM</Time>
                  <TimeUTC>1513909380</TimeUTC>
                  <Value UOM="mmHg" Q="">NODATA</Value>
                  <AlarmLimitLow />
                  <AlarmLimitHigh />
            </VitalSign>
            <VitalSign>
                  <Parameter>NBP-M</Parameter>
                  <BpChannel />
                  <Time>12/21/2017 8:23:00 PM</Time>
                  <TimeUTC>1513909380</TimeUTC>
                  <Value UOM="mmHg" Q="">NODATA</Value>
                  <AlarmLimitLow />
                  <AlarmLimitHigh />
            </VitalSign>
            <VitalSign>
                  <Parameter>PVC</Parameter>
                  <BpChannel />
                  <Time>12/21/2017 1:52:32 PM</Time>
                  <TimeUTC>1513885952</TimeUTC>
                  <Value UOM="Bpm" Q="">0</Value>
                  <AlarmLimitLow />
                  <AlarmLimitHigh />
            </VitalSign>
            <VitalSign>
                  <Parameter>RHY</Parameter>
                  <BpChannel />
                  <Time>12/21/2017 1:52:32 PM</Time>
                  <TimeUTC>1513885952</TimeUTC>
                  <Value UOM="" Q="">SV RHYTHM</Value>
                  <AlarmLimitLow />
                  <AlarmLimitHigh />
            </VitalSign>
            <VitalSign>
                  <Parameter>ECT</Parameter>
                  <BpChannel />
                  <Time>12/21/2017 1:52:32 PM</Time>
                  <TimeUTC>1513885952</TimeUTC>
                  <Value UOM="" Q="" />
                  <AlarmLimitLow />
                  <AlarmLimitHigh />
            </VitalSign>
            <VitalSign>
                  <Parameter>RESP</Parameter>
                  <BpChannel />
                  <Time>12/21/2017 1:52:32 PM</Time>
                  <TimeUTC>1513885952</TimeUTC>
                  <Value UOM="BrMin" Q="">35</Value>
                  <AlarmLimitLow />
                  <AlarmLimitHigh />
            </VitalSign>
            <VitalSign>
                  <Parameter>SPO2</Parameter>
                  <BpChannel />
                  <Time>12/21/2017 1:52:32 PM</Time>
                  <TimeUTC>1513885952</TimeUTC>
                  <Value UOM="%" Q="">100</Value>
                  <AlarmLimitLow />
                  <AlarmLimitHigh />
            </VitalSign>
            <VitalSign>
                  <Parameter>PULSE</Parameter>
                  <BpChannel />
                  <Time>12/21/2017 1:52:32 PM</Time>
                  <TimeUTC>1513885952</TimeUTC>
                  <Value UOM="BPM" Q="">141</Value>
                  <AlarmLimitLow />
                  <AlarmLimitHigh />
            </VitalSign>
            <VitalSign>
                  <Parameter>ABP-S</Parameter>
                  <BpChannel />
                  <Time>12/21/2017 1:52:32 PM</Time>
                  <TimeUTC>1513885952</TimeUTC>
                  <Value UOM="mmHg" Q="">58</Value>
                  <AlarmLimitLow />
                  <AlarmLimitHigh />
            </VitalSign>
            <VitalSign>
                  <Parameter>ABP-D</Parameter>
                  <BpChannel />
                  <Time>12/21/2017 1:52:32 PM</Time>
                  <TimeUTC>1513885952</TimeUTC>
                  <Value UOM="mmHg" Q="">38</Value>
                  <AlarmLimitLow />
                  <AlarmLimitHigh />
            </VitalSign>
            <VitalSign>
                  <Parameter>ABP-M</Parameter>
                  <BpChannel />
                  <Time>12/21/2017 1:52:32 PM</Time>
                  <TimeUTC>1513885952</TimeUTC>
                  <Value UOM="mmHg" Q="">45</Value>
                  <AlarmLimitLow />
                  <AlarmLimitHigh />
            </VitalSign>
      </VitalSigns>
      <Alarms />
      <ImportedData />
      <Waveforms CollectionTime="12/21/2017 1:52:33 PM" CollectionTimeUTC="1513885953" TTX="" DisplayOrder="">
            <WaveformData ID="3230796" Label="RESP" UOM="Ohms" Cal="0,1,1230,2867" SampleRate="125" SamplePeriodInMsec="1000" Samples="125">1.0,1.0,0.9,0.9,0.9,0.9,0.9,0.9,0.9,0.9,0.9,0.9,0.9,0.8,0.8,0.8,0.8,0.8,0.7,0.7,0.7,0.6,0.6,0.6,0.5,0.5,0.5,0.4,0.4,0.4,0.3,0.3,0.3,0.3,0.2,0.2,0.2,0.2,0.1,0.1,0.1,0.1,0.1,0.0,0.0,0.0,0.0,0.0,0.0,-0.1,-0.1,-0.1,-0.1,-0.1,-0.1,-0.1,-0.1,-0.1,-0.1,-0.1,-0.1,-0.1,-0.1,-0.2,-0.2,-0.2,-0.2,-0.2,-0.2,-0.2,-0.2,-0.2,-0.2,-0.2,-0.2,-0.2,-0.2,-0.2,-0.2,-0.2,-0.2,-0.2,-0.2,-0.2,-0.2,-0.2,-0.2,-0.2,-0.2,-0.2,-0.2,-0.2,-0.2,-0.2,-0.2,-0.2,-0.2,-0.2,-0.2,-0.2,-0.2,-0.2,-0.2,-0.2,-0.2,-0.2,-0.2,-0.2,-0.2,-0.2,-0.2,-0.2,-0.2,-0.2,-0.2,-0.2,-0.2,-0.2,-0.2,-0.2,-0.2,-0.2,-0.2,-0.2,-0.2</WaveformData>
            <WaveformData ID="4487318" Label="II" UOM="mV" Cal="0,1,1023,3071" SampleRate="125" SamplePeriodInMsec="1000" Samples="125">0.4,0.42,0.44,0.435,0.48,0.9,1.5,1.5,0.755,0.335,0.47,0.625,0.65,0.67,0.685,0.7,0.715,0.73,0.745,0.755,0.77,0.8,0.83,0.87,0.905,0.95,0.99,1.025,1.05,1.065,1.07,1.06,1.035,1,0.955,0.91,0.865,0.82,0.77,0.725,0.685,0.65,0.625,0.64,0.7,0.77,0.8,0.75,0.67,0.615,0.61,0.61,0.615,0.62,0.63,0.64,0.65,0.625,0.77,1.375,1.5,1.43,0.655,0.5,0.69,0.77,0.78,0.79,0.795,0.8,0.805,0.805,0.81,0.82,0.83,0.845,0.865,0.895,0.93,0.965,1,1.025,1.045,1.055,1.05,1.03,1,0.96,0.915,0.87,0.825,0.78,0.74,0.695,0.65,0.615,0.605,0.645,0.71,0.76,0.765,0.67,0.595,0.57,0.57,0.575,0.58,0.59,0.605,0.62,0.605,0.595,1.01,1.5,1.5,0.935,0.45,0.56,0.71,0.74,0.745,0.75,0.755,0.76,0.765</WaveformData>
            <WaveformData ID="4214093" Label="SPO2" UOM="Uncalib" Cal="0,0,0,0" SampleRate="125" SamplePeriodInMsec="1000" Samples="125">1511.0,1648.0,1804.0,1970.0,2126.0,2291.0,2438.0,2584.0,2701.0,2798.0,2867.0,2915.0,2954.0,2964.0,2964.0,2964.0,2954.0,2945.0,2935.0,2925.0,2915.0,2896.0,2886.0,2867.0,2847.0,2818.0,2789.0,2759.0,2730.0,2691.0,2652.0,2603.0,2564.0,2516.0,2467.0,2418.0,2360.0,2311.0,2252.0,2194.0,2135.0,2077.0,2018.0,1960.0,1901.0,1833.0,1784.0,1736.0,1697.0,1687.0,1677.0,1706.0,1755.0,1823.0,1911.0,2018.0,2126.0,2243.0,2360.0,2457.0,2555.0,2623.0,2681.0,2720.0,2730.0,2730.0,2720.0,2691.0,2662.0,2633.0,2603.0,2574.0,2545.0,2516.0,2486.0,2447.0,2408.0,2369.0,2330.0,2282.0,2233.0,2184.0,2135.0,2077.0,2028.0,1979.0,1921.0,1862.0,1804.0,1745.0,1687.0,1628.0,1570.0,1511.0,1453.0,1394.0,1326.0,1267.0,1209.0,1160.0,1121.0,1082.0,1072.0,1082.0,1111.0,1170.0,1258.0,1355.0,1482.0,1619.0,1765.0,1901.0,2038.0,2145.0,2252.0,2330.0,2389.0,2438.0,2447.0,2447.0,2438.0,2418.0,2399.0,2379.0,2350.0</WaveformData>
            <WaveformData ID="3289908" Label="ABP" UOM="mmHg" Cal="30,60,307,3378" SampleRate="125" SamplePeriodInMsec="1000" Samples="125">47.2,47.0,46.7,46.4,46.0,45.6,45.2,44.7,44.2,43.7,43.3,42.9,42.5,42.2,41.9,41.8,41.6,41.3,41.1,40.8,40.6,40.2,39.9,39.6,39.4,39.1,38.8,38.6,38.3,38.2,38.4,39.1,40.7,43.2,46.6,50.2,53.4,55.8,57.0,57.0,56.0,54.1,51.9,49.6,47.6,46.2,45.4,45.1,44.9,45.0,45.1,45.2,45.2,45.2,45.0,44.7,44.3,43.9,43.4,42.9,42.4,42.0,41.6,41.3,41.0,40.7,40.5,40.2,40.1,39.9,39.7,39.5,39.3,39.0,38.7,38.4,38.2,37.9,37.6,37.4,37.1,36.9,36.8,36.8,37.2,38.3,40.4,43.4,47.1,50.8,54.0,56.2,57.2,57.0,55.8,53.7,51.4,49.2,47.3,45.9,45.2,44.8,44.8,44.8,44.9,45.0,45.0,44.9,44.8,44.4,44.1,43.7,43.4,42.9,42.5,42.1,41.6,41.3,41.0,40.7,40.5,40.3,40.2,40.0,39.8</WaveformData>
            <WaveformData ID="4214108" Label="Unk lbl 4214108" UOM="Uncalib" Cal="0,0,0,0" SampleRate="125" SamplePeriodInMsec="1000" Samples="125">2457,2419,2380,2329,2291,2252,2214,2176,2124,2086,2048,2022,1984,1945,1907,1868,1830,1804,1766,1740,1715,1702,1676,1664,1651,1638,1625,1625,1612,1625,1625,1651,1676,1728,1792,1856,1958,2048,2163,2291,2419,2547,2675,2790,2880,2969,3033,3072,3110,3123,3136,3123,3110,3097,3084,3059,3033,3008,2982,2931,2892,2841,2790,2739,2675,2624,2560,2508,2457,2393,2342,2291,2227,2176,2124,2086,2048,2009,1971,1920,1881,1843,1804,1779,1753,1740,1740,1753,1792,1830,1894,1958,2048,2133,2252,2372,2474,2559,2628,2679,2696,2713,2696,2662,2628,2577,2525,2457,2406,2338,2269,2218,2167,2099,2048,2013,1945,1894,1826,1775,1706,1655,1587,1536,1467</WaveformData>
      </Waveforms>
      <VitalSigns CollectionTime="12/21/2017 1:52:33 PM" CollectionTimeUTC="1513885953">
            <VitalSign>
                  <Parameter>HR</Parameter>
                  <BpChannel />
                  <Time>12/21/2017 1:52:33 PM</Time>
                  <TimeUTC>1513885953</TimeUTC>
                  <Value UOM="Bpm" Q="">141</Value>
                  <AlarmLimitLow />
                  <AlarmLimitHigh />
            </VitalSign>
            <VitalSign>
                  <Parameter>NBP-S</Parameter>
                  <BpChannel />
                  <Time>12/21/2017 8:23:00 PM</Time>
                  <TimeUTC>1513909380</TimeUTC>
                  <Value UOM="mmHg" Q="">NODATA</Value>
                  <AlarmLimitLow />
                  <AlarmLimitHigh />
            </VitalSign>
            <VitalSign>
                  <Parameter>NBP-D</Parameter>
                  <BpChannel />
                  <Time>12/21/2017 8:23:00 PM</Time>
                  <TimeUTC>1513909380</TimeUTC>
                  <Value UOM="mmHg" Q="">NODATA</Value>
                  <AlarmLimitLow />
                  <AlarmLimitHigh />
            </VitalSign>
            <VitalSign>
                  <Parameter>NBP-M</Parameter>
                  <BpChannel />
                  <Time>12/21/2017 8:23:00 PM</Time>
                  <TimeUTC>1513909380</TimeUTC>
                  <Value UOM="mmHg" Q="">NODATA</Value>
                  <AlarmLimitLow />
                  <AlarmLimitHigh />
            </VitalSign>
            <VitalSign>
                  <Parameter>PVC</Parameter>
                  <BpChannel />
                  <Time>12/21/2017 1:52:33 PM</Time>
                  <TimeUTC>1513885953</TimeUTC>
                  <Value UOM="Bpm" Q="">0</Value>
                  <AlarmLimitLow />
                  <AlarmLimitHigh />
            </VitalSign>
            <VitalSign>
                  <Parameter>RHY</Parameter>
                  <BpChannel />
                  <Time>12/21/2017 1:52:33 PM</Time>
                  <TimeUTC>1513885953</TimeUTC>
                  <Value UOM="" Q="">SV RHYTHM</Value>
                  <AlarmLimitLow />
                  <AlarmLimitHigh />
            </VitalSign>
            <VitalSign>
                  <Parameter>ECT</Parameter>
                  <BpChannel />
                  <Time>12/21/2017 1:52:33 PM</Time>
                  <TimeUTC>1513885953</TimeUTC>
                  <Value UOM="" Q="" />
                  <AlarmLimitLow />
                  <AlarmLimitHigh />
            </VitalSign>
            <VitalSign>
                  <Parameter>RESP</Parameter>
                  <BpChannel />
                  <Time>12/21/2017 1:52:33 PM</Time>
                  <TimeUTC>1513885953</TimeUTC>
                  <Value UOM="BrMin" Q="">35</Value>
                  <AlarmLimitLow />
                  <AlarmLimitHigh />
            </VitalSign>
            <VitalSign>
                  <Parameter>SPO2</Parameter>
                  <BpChannel />
                  <Time>12/21/2017 1:52:33 PM</Time>
                  <TimeUTC>1513885953</TimeUTC>
                  <Value UOM="%" Q="">100</Value>
                  <AlarmLimitLow />
                  <AlarmLimitHigh />
            </VitalSign>
            <VitalSign>
                  <Parameter>PULSE</Parameter>
                  <BpChannel />
                  <Time>12/21/2017 1:52:33 PM</Time>
                  <TimeUTC>1513885953</TimeUTC>
                  <Value UOM="BPM" Q="">141</Value>
                  <AlarmLimitLow />
                  <AlarmLimitHigh />
            </VitalSign>
            <VitalSign>
                  <Parameter>ABP-S</Parameter>
                  <BpChannel />
                  <Time>12/21/2017 1:52:33 PM</Time>
                  <TimeUTC>1513885953</TimeUTC>
                  <Value UOM="mmHg" Q="">58</Value>
                  <AlarmLimitLow />
                  <AlarmLimitHigh />
            </VitalSign>
            <VitalSign>
                  <Parameter>ABP-D</Parameter>
                  <BpChannel />
                  <Time>12/21/2017 1:52:33 PM</Time>
                  <TimeUTC>1513885953</TimeUTC>
                  <Value UOM="mmHg" Q="">38</Value>
                  <AlarmLimitLow />
                  <AlarmLimitHigh />
            </VitalSign>
            <VitalSign>
                  <Parameter>ABP-M</Parameter>
                  <BpChannel />
                  <Time>12/21/2017 1:52:33 PM</Time>
                  <TimeUTC>1513885953</TimeUTC>
                  <Value UOM="mmHg" Q="">45</Value>
                  <AlarmLimitLow />
                  <AlarmLimitHigh />
            </VitalSign>
      </VitalSigns>
      <Alarms />
      <ImportedData />
</Segment>

<Segment N="1" Offset="58492">
      <Waveforms CollectionTime="12/21/2017 1:52:34 PM" CollectionTimeUTC="1513885954" TTX="" DisplayOrder="">
            <WaveformData ID="3230796" Label="RESP" UOM="Ohms" Cal="0,1,1230,2867" SampleRate="125" SamplePeriodInMsec="1000" Samples="125">-0.2,-0.2,-0.2,-0.1,-0.1,-0.1,-0.1,-0.1,-0.1,-0.1,-0.1,-0.1,-0.1,-0.1,-0.1,-0.1,-0.1,-0.1,-0.1,-0.1,-0.1,-0.1,-0.1,-0.1,-0.1,-0.2,-0.2,-0.2,-0.2,-0.2,-0.2,-0.2,-0.2,-0.2,-0.2,-0.2,-0.2,-0.2,-0.2,-0.1,-0.1,-0.1,-0.1,-0.1,-0.1,-0.1,-0.1,0.0,0.0,0.0,0.0,0.1,0.1,0.1,0.2,0.2,0.2,0.3,0.3,0.4,0.4,0.5,0.5,0.5,0.6,0.6,0.7,0.7,0.7,0.8,0.8,0.8,0.8,0.8,0.9,0.9,0.9,0.9,0.9,0.9,0.9,0.9,0.9,0.9,1.0,1.0,1.0,1.0,1.0,1.0,1.0,1.0,1.0,0.9,0.9,0.9,0.9,0.9,0.9,0.9,0.9,0.8,0.8,0.8,0.8,0.8,0.7,0.7,0.7,0.6,0.6,0.6,0.6,0.5,0.5,0.5,0.4,0.4,0.4,0.3,0.3,0.3,0.3,0.2,0.2</WaveformData>
            <WaveformData ID="4487318" Label="II" UOM="mV" Cal="0,1,1023,3071" SampleRate="125" SamplePeriodInMsec="1000" Samples="125">0.77,0.775,0.785,0.8,0.815,0.84,0.875,0.905,0.94,0.975,0.995,1.01,1.015,1,0.975,0.94,0.895,0.855,0.81,0.77,0.73,0.685,0.645,0.61,0.585,0.6,0.645,0.715,0.745,0.695,0.6,0.535,0.52,0.52,0.52,0.52,0.525,0.535,0.53,0.505,0.675,1.35,1.5,1.295,0.455,0.305,0.51,0.585,0.59,0.585,0.59,0.595,0.59,0.58,0.58,0.585,0.595,0.605,0.625,0.645,0.675,0.705,0.73,0.755,0.77,0.775,0.77,0.75,0.715,0.665,0.62,0.57,0.53,0.485,0.445,0.41,0.38,0.35,0.345,0.38,0.45,0.515,0.53,0.47,0.4,0.365,0.365,0.38,0.39,0.405,0.425,0.445,0.45,0.44,0.795,1.5,1.5,0.91,0.375,0.37,0.625,0.665,0.68,0.695,0.71,0.725,0.74,0.755,0.77,0.785,0.805,0.83,0.87,0.905,0.95,0.99,1.02,1.045,1.065,1.07,1.06,1.035,1,0.96,0.915</WaveformData>
            <WaveformData ID="4214093" Label="SPO2" UOM="Uncalib" Cal="0,0,0,0" SampleRate="125" SamplePeriodInMsec="1000" Samples="125">2330.0,2301.0,2282.0,2252.0,2223.0,2194.0,2165.0,2126.0,2087.0,2048.0,2018.0,1970.0,1921.0,1882.0,1833.0,1784.0,1736.0,1687.0,1638.0,1589.0,1540.0,1482.0,1433.0,1375.0,1316.0,1258.0,1209.0,1160.0,1111.0,1092.0,1072.0,1082.0,1121.0,1170.0,1267.0,1365.0,1511.0,1667.0,1823.0,1979.0,2116.0,2243.0,2350.0,2438.0,2496.0,2535.0,2564.0,2564.0,2555.0,2535.0,2525.0,2525.0,2496.0,2477.0,2447.0,2418.0,2399.0,2369.0,2340.0,2321.0,2282.0,2252.0,2213.0,2174.0,2135.0,2087.0,2048.0,1999.0,1950.0,1901.0,1843.0,1794.0,1745.0,1697.0,1638.0,1589.0,1531.0,1482.0,1423.0,1375.0,1316.0,1267.0,1228.0,1199.0,1170.0,1180.0,1209.0,1258.0,1336.0,1443.0,1580.0,1726.0,1892.0,2057.0,2233.0,2389.0,2545.0,2672.0,2779.0,2867.0,2925.0,2964.0,2984.0,2993.0,2993.0,2993.0,2984.0,2974.0,2964.0,2954.0,2945.0,2925.0,2915.0,2886.0,2867.0,2837.0,2808.0,2769.0,2730.0,2691.0,2642.0,2594.0,2545.0,2486.0,2418.0</WaveformData>
            <WaveformData ID="3289908" Label="ABP" UOM="mmHg" Cal="30,60,307,3378" SampleRate="125" SamplePeriodInMsec="1000" Samples="125">39.6,39.4,39.1,38.8,38.6,38.2,38.0,37.7,37.4,37.2,36.9,36.8,36.9,37.5,39.0,41.8,45.7,49.9,53.6,56.2,57.8,58.1,57.3,55.7,53.5,51.1,49.1,47.4,46.3,45.7,45.5,45.6,45.7,45.9,46.1,46.1,46.1,45.8,45.6,45.3,44.9,44.6,44.1,43.7,43.3,42.9,42.6,42.3,42.1,41.9,41.8,41.6,41.4,41.3,41.1,40.9,40.6,40.3,40.1,39.7,39.4,39.1,38.7,38.6,38.4,38.5,39.3,40.9,43.7,47.6,51.8,55.8,58.9,61.0,61.9,61.6,60.2,58.1,55.6,53.1,50.9,49.2,48.0,47.3,47.1,47.1,47.2,47.3,47.4,47.3,47.1,46.9,46.5,46.1,45.7,45.3,44.8,44.2,43.7,43.3,42.9,42.6,42.3,42.1,41.9,41.7,41.4,41.2,40.9,40.7,40.3,40.0,39.7,39.4,39.2,38.9,38.6,38.4,38.2,38.3,38.9,40.3,42.7,45.9,49.6</WaveformData>
            <WaveformData ID="4214108" Label="Unk lbl 4214108" UOM="Uncalib" Cal="0,0,0,0" SampleRate="125" SamplePeriodInMsec="1000" Samples="125">1399,1348,1297,1228,1177,1126,1075,1041,990,955,921,904,887,887,904,938,1007,1092,1211,1348,1484,1638,1792,1945,2082,2201,2303,2389,2457,2491,2508,2508,2491,2457,2406,2355,2303,2252,2201,2150,2099,2048,2013,1962,1911,1860,1809,1757,1706,1655,1604,1553,1484,1433,1382,1331,1280,1245,1194,1143,1109,1075,1041,1007,990,1007,1024,1058,1092,1177,1263,1382,1519,1655,1826,1996,2133,2286,2423,2542,2645,2713,2764,2798,2798,2798,2764,2713,2679,2611,2559,2508,2440,2389,2321,2269,2218,2150,2099,2048,2013,1962,1911,1860,1809,1757,1723,1689,1655,1621,1587,1570,1553,1536,1519,1501,1501,1501,1501,1519,1536,1587,1655,1740,1843</WaveformData>
      </Waveforms>
      <VitalSigns CollectionTime="12/21/2017 1:52:34 PM" CollectionTimeUTC="1513885954">
            <VitalSign>
                  <Parameter>HR</Parameter>
                  <BpChannel />
                  <Time>12/21/2017 1:52:34 PM</Time>
                  <TimeUTC>1513885954</TimeUTC>
                  <Value UOM="Bpm" Q="">141</Value>
                  <AlarmLimitLow />
                  <AlarmLimitHigh />
            </VitalSign>
            <VitalSign>
                  <Parameter>NBP-S</Parameter>
                  <BpChannel />
                  <Time>12/21/2017 8:23:00 PM</Time>
                  <TimeUTC>1513909380</TimeUTC>
                  <Value UOM="mmHg" Q="">NODATA</Value>
                  <AlarmLimitLow />
                  <AlarmLimitHigh />
            </VitalSign>
            <VitalSign>
                  <Parameter>NBP-D</Parameter>
                  <BpChannel />
                  <Time>12/21/2017 8:23:00 PM</Time>
                  <TimeUTC>1513909380</TimeUTC>
                  <Value UOM="mmHg" Q="">NODATA</Value>
                  <AlarmLimitLow />
                  <AlarmLimitHigh />
            </VitalSign>
            <VitalSign>
                  <Parameter>NBP-M</Parameter>
                  <BpChannel />
                  <Time>12/21/2017 8:23:00 PM</Time>
                  <TimeUTC>1513909380</TimeUTC>
                  <Value UOM="mmHg" Q="">NODATA</Value>
                  <AlarmLimitLow />
                  <AlarmLimitHigh />
            </VitalSign>
            <VitalSign>
                  <Parameter>PVC</Parameter>
                  <BpChannel />
                  <Time>12/21/2017 1:52:34 PM</Time>
                  <TimeUTC>1513885954</TimeUTC>
                  <Value UOM="Bpm" Q="">0</Value>
                  <AlarmLimitLow />
                  <AlarmLimitHigh />
            </VitalSign>
            <VitalSign>
                  <Parameter>RHY</Parameter>
                  <BpChannel />
                  <Time>12/21/2017 1:52:34 PM</Time>
                  <TimeUTC>1513885954</TimeUTC>
                  <Value UOM="" Q="">SV RHYTHM</Value>
                  <AlarmLimitLow />
                  <AlarmLimitHigh />
            </VitalSign>
            <VitalSign>
                  <Parameter>ECT</Parameter>
                  <BpChannel />
                  <Time>12/21/2017 1:52:34 PM</Time>
                  <TimeUTC>1513885954</TimeUTC>
                  <Value UOM="" Q="" />
                  <AlarmLimitLow />
                  <AlarmLimitHigh />
            </VitalSign>
            <VitalSign>
                  <Parameter>RESP</Parameter>
                  <BpChannel />
                  <Time>12/21/2017 1:52:34 PM</Time>
                  <TimeUTC>1513885954</TimeUTC>
                  <Value UOM="BrMin" Q="">35</Value>
                  <AlarmLimitLow />
                  <AlarmLimitHigh />
            </VitalSign>
            <VitalSign>
                  <Parameter>SPO2</Parameter>
                  <BpChannel />
                  <Time>12/21/2017 1:52:34 PM</Time>
                  <TimeUTC>1513885954</TimeUTC>
                  <Value UOM="%" Q="">100</Value>
                  <AlarmLimitLow />
                  <AlarmLimitHigh />
            </VitalSign>
            <VitalSign>
                  <Parameter>PULSE</Parameter>
                  <BpChannel />
                  <Time>12/21/2017 1:52:34 PM</Time>
                  <TimeUTC>1513885954</TimeUTC>
                  <Value UOM="BPM" Q="">140</Value>
                  <AlarmLimitLow />
                  <AlarmLimitHigh />
            </VitalSign>
            <VitalSign>
                  <Parameter>ABP-S</Parameter>
                  <BpChannel />
                  <Time>12/21/2017 1:52:34 PM</Time>
                  <TimeUTC>1513885954</TimeUTC>
                  <Value UOM="mmHg" Q="">58</Value>
                  <AlarmLimitLow />
                  <AlarmLimitHigh />
            </VitalSign>
            <VitalSign>
                  <Parameter>ABP-D</Parameter>
                  <BpChannel />
                  <Time>12/21/2017 1:52:34 PM</Time>
                  <TimeUTC>1513885954</TimeUTC>
                  <Value UOM="mmHg" Q="">38</Value>
                  <AlarmLimitLow />
                  <AlarmLimitHigh />
            </VitalSign>
            <VitalSign>
                  <Parameter>ABP-M</Parameter>
                  <BpChannel />
                  <Time>12/21/2017 1:52:34 PM</Time>
                  <TimeUTC>1513885954</TimeUTC>
                  <Value UOM="mmHg" Q="">45</Value>
                  <AlarmLimitLow />
                  <AlarmLimitHigh />
            </VitalSign>
      </VitalSigns>
      <Alarms />
      <ImportedData />
      <Waveforms CollectionTime="12/21/2017 1:52:35 PM" CollectionTimeUTC="1513885955" TTX="" DisplayOrder="">
            <WaveformData ID="3230796" Label="RESP" UOM="Ohms" Cal="0,1,1230,2867" SampleRate="125" SamplePeriodInMsec="1000" Samples="125">0.2,0.2,0.1,0.1,0.1,0.1,0.1,0.0,0.0,0.0,0.0,0.0,0.0,-0.1,-0.1,-0.1,-0.1,-0.1,-0.1,-0.1,-0.1,-0.1,-0.1,-0.1,-0.1,-0.1,-0.1,-0.1,-0.2,-0.2,-0.2,-0.2,-0.2,-0.2,-0.2,-0.2,-0.2,-0.2,-0.2,-0.2,-0.2,-0.2,-0.2,-0.2,-0.2,-0.2,-0.2,-0.2,-0.2,-0.2,-0.2,-0.2,-0.2,-0.2,-0.2,-0.2,-0.2,-0.2,-0.2,-0.2,-0.2,-0.2,-0.2,-0.2,-0.2,-0.2,-0.2,-0.2,-0.2,-0.2,-0.2,-0.2,-0.2,-0.2,-0.2,-0.2,-0.2,-0.2,-0.2,-0.2,-0.2,-0.2,-0.2,-0.2,-0.2,-0.2,-0.2,-0.2,-0.2,-0.2,-0.2,-0.2,-0.2,-0.2,-0.2,-0.2,-0.2,-0.2,-0.2,-0.1,-0.1,-0.1,-0.2,-0.2,-0.2,-0.2,-0.2,-0.2,-0.2,-0.2,-0.2,-0.2,-0.2,-0.2,-0.2,-0.2,-0.2,-0.2,-0.2,-0.2,-0.2,-0.2,-0.2,-0.2,-0.2</WaveformData>
            <WaveformData ID="4487318" Label="II" UOM="mV" Cal="0,1,1023,3071" SampleRate="125" SamplePeriodInMsec="1000" Samples="125">0.87,0.825,0.78,0.74,0.695,0.66,0.63,0.625,0.675,0.75,0.8,0.805,0.71,0.635,0.605,0.61,0.615,0.62,0.63,0.64,0.655,0.64,0.63,1.09,1.5,1.5,0.905,0.49,0.615,0.755,0.77,0.775,0.785,0.79,0.795,0.795,0.8,0.81,0.82,0.835,0.855,0.88,0.91,0.95,0.985,1.015,1.04,1.055,1.055,1.04,1.015,0.98,0.94,0.895,0.85,0.805,0.765,0.725,0.68,0.64,0.615,0.63,0.68,0.745,0.78,0.74,0.655,0.595,0.58,0.58,0.59,0.595,0.605,0.62,0.63,0.605,0.715,1.28,1.5,1.5,0.685,0.46,0.635,0.74,0.745,0.755,0.76,0.765,0.77,0.77,0.775,0.78,0.79,0.8,0.825,0.85,0.88,0.915,0.945,0.975,0.995,1.005,1.005,0.985,0.955,0.915,0.875,0.835,0.79,0.75,0.71,0.665,0.63,0.595,0.575,0.6,0.655,0.72,0.74,0.675,0.59,0.535,0.525,0.525,0.525</WaveformData>
            <WaveformData ID="4214093" Label="SPO2" UOM="Uncalib" Cal="0,0,0,0" SampleRate="125" SamplePeriodInMsec="1000" Samples="125">2360.0,2301.0,2252.0,2194.0,2135.0,2067.0,2018.0,1960.0,1892.0,1833.0,1775.0,1726.0,1687.0,1658.0,1658.0,1667.0,1706.0,1765.0,1843.0,1950.0,2048.0,2165.0,2282.0,2399.0,2496.0,2574.0,2642.0,2691.0,2711.0,2720.0,2711.0,2691.0,2662.0,2633.0,2603.0,2574.0,2545.0,2516.0,2486.0,2457.0,2418.0,2389.0,2340.0,2301.0,2252.0,2243.0,2223.0,2174.0,2126.0,2067.0,2028.0,1970.0,1911.0,1862.0,1804.0,1745.0,1697.0,1638.0,1580.0,1521.0,1462.0,1404.0,1345.0,1287.0,1228.0,1170.0,1131.0,1092.0,1072.0,1072.0,1102.0,1150.0,1219.0,1316.0,1433.0,1570.0,1706.0,1853.0,1989.0,2116.0,2223.0,2311.0,2389.0,2428.0,2447.0,2457.0,2447.0,2438.0,2418.0,2389.0,2369.0,2340.0,2321.0,2301.0,2272.0,2252.0,2223.0,2194.0,2165.0,2126.0,2096.0,2048.0,2018.0,1979.0,1931.0,1882.0,1833.0,1784.0,1736.0,1687.0,1638.0,1580.0,1531.0,1472.0,1423.0,1365.0,1306.0,1258.0,1199.0,1160.0,1121.0,1092.0,1092.0,1102.0,1150.0</WaveformData>
            <WaveformData ID="3289908" Label="ABP" UOM="mmHg" Cal="30,60,307,3378" SampleRate="125" SamplePeriodInMsec="1000" Samples="125">52.9,55.5,56.9,57.1,56.2,54.5,52.2,49.9,47.9,46.4,45.5,45.1,44.9,44.9,45.1,45.2,45.2,45.2,45.0,44.8,44.4,44.1,43.7,43.2,42.7,42.3,41.9,41.4,41.1,40.8,40.6,40.4,40.2,40.1,39.9,39.7,39.4,39.2,38.9,38.7,38.4,38.1,37.8,37.6,37.2,37.0,36.8,36.7,36.9,37.8,39.6,42.1,45.4,48.9,52.6,55.4,57.0,57.3,56.4,54.6,52.4,50.1,48.0,46.4,45.4,44.9,44.9,44.9,45.1,45.2,45.3,45.2,45.1,44.9,44.5,44.1,43.6,43.2,42.7,42.2,41.8,41.4,41.1,40.7,40.6,40.4,40.2,40.1,39.9,39.7,39.5,39.2,38.9,38.6,38.4,38.1,37.8,37.5,37.2,37.0,36.9,36.9,37.3,38.5,40.7,43.8,47.6,51.4,54.7,56.9,58.0,57.9,56.9,55.2,53.0,50.6,48.5,46.9,46.0,45.6,45.6,45.6,45.8,45.9,46.0</WaveformData>
            <WaveformData ID="4214108" Label="Unk lbl 4214108" UOM="Uncalib" Cal="0,0,0,0" SampleRate="125" SamplePeriodInMsec="1000" Samples="125">1962,2099,2252,2423,2594,2764,2935,3089,3208,3327,3396,3464,3498,3515,3532,3515,3498,3481,3430,3379,3327,3276,3208,3157,3089,3020,2952,2867,2798,2730,2645,2577,2491,2423,2355,2286,2218,2150,2082,2031,1979,1911,1860,1809,1757,1706,1655,1604,1587,1570,1570,1604,1638,1706,1775,1877,1996,2099,2218,2321,2440,2525,2594,2645,2679,2696,2679,2645,2611,2559,2508,2440,2389,2321,2269,2201,2150,2099,2048,1996,1945,1877,1826,1775,1706,1655,1587,1519,1467,1399,1488,1447,1392,1351,1310,1269,1242,1201,1174,1147,1119,1106,1106,1106,1147,1174,1242,1310,1406,1515,1652,1775,1897,2020,2102,2198,2266,2321,2361,2375,2389,2375,2348,2321,2293</WaveformData>
      </Waveforms>
      <VitalSigns CollectionTime="12/21/2017 1:52:35 PM" CollectionTimeUTC="1513885955">
            <VitalSign>
                  <Parameter>HR</Parameter>
                  <BpChannel />
                  <Time>12/21/2017 1:52:35 PM</Time>
                  <TimeUTC>1513885955</TimeUTC>
                  <Value UOM="Bpm" Q="">141</Value>
                  <AlarmLimitLow />
                  <AlarmLimitHigh />
            </VitalSign>
            <VitalSign>
                  <Parameter>NBP-S</Parameter>
                  <BpChannel />
                  <Time>12/21/2017 8:23:00 PM</Time>
                  <TimeUTC>1513909380</TimeUTC>
                  <Value UOM="mmHg" Q="">NODATA</Value>
                  <AlarmLimitLow />
                  <AlarmLimitHigh />
            </VitalSign>
            <VitalSign>
                  <Parameter>NBP-D</Parameter>
                  <BpChannel />
                  <Time>12/21/2017 8:23:00 PM</Time>
                  <TimeUTC>1513909380</TimeUTC>
                  <Value UOM="mmHg" Q="">NODATA</Value>
                  <AlarmLimitLow />
                  <AlarmLimitHigh />
            </VitalSign>
            <VitalSign>
                  <Parameter>NBP-M</Parameter>
                  <BpChannel />
                  <Time>12/21/2017 8:23:00 PM</Time>
                  <TimeUTC>1513909380</TimeUTC>
                  <Value UOM="mmHg" Q="">NODATA</Value>
                  <AlarmLimitLow />
                  <AlarmLimitHigh />
            </VitalSign>
            <VitalSign>
                  <Parameter>PVC</Parameter>
                  <BpChannel />
                  <Time>12/21/2017 1:52:35 PM</Time>
                  <TimeUTC>1513885955</TimeUTC>
                  <Value UOM="Bpm" Q="">0</Value>
                  <AlarmLimitLow />
                  <AlarmLimitHigh />
            </VitalSign>
            <VitalSign>
                  <Parameter>RHY</Parameter>
                  <BpChannel />
                  <Time>12/21/2017 1:52:35 PM</Time>
                  <TimeUTC>1513885955</TimeUTC>
                  <Value UOM="" Q="">SV RHYTHM</Value>
                  <AlarmLimitLow />
                  <AlarmLimitHigh />
            </VitalSign>
            <VitalSign>
                  <Parameter>ECT</Parameter>
                  <BpChannel />
                  <Time>12/21/2017 1:52:35 PM</Time>
                  <TimeUTC>1513885955</TimeUTC>
                  <Value UOM="" Q="" />
                  <AlarmLimitLow />
                  <AlarmLimitHigh />
            </VitalSign>
            <VitalSign>
                  <Parameter>RESP</Parameter>
                  <BpChannel />
                  <Time>12/21/2017 1:52:35 PM</Time>
                  <TimeUTC>1513885955</TimeUTC>
                  <Value UOM="BrMin" Q="">35</Value>
                  <AlarmLimitLow />
                  <AlarmLimitHigh />
            </VitalSign>
            <VitalSign>
                  <Parameter>SPO2</Parameter>
                  <BpChannel />
                  <Time>12/21/2017 1:52:35 PM</Time>
                  <TimeUTC>1513885955</TimeUTC>
                  <Value UOM="%" Q="">100</Value>
                  <AlarmLimitLow />
                  <AlarmLimitHigh />
            </VitalSign>
            <VitalSign>
                  <Parameter>PULSE</Parameter>
                  <BpChannel />
                  <Time>12/21/2017 1:52:35 PM</Time>
                  <TimeUTC>1513885955</TimeUTC>
                  <Value UOM="BPM" Q="">140</Value>
                  <AlarmLimitLow />
                  <AlarmLimitHigh />
            </VitalSign>
            <VitalSign>
                  <Parameter>ABP-S</Parameter>
                  <BpChannel />
                  <Time>12/21/2017 1:52:35 PM</Time>
                  <TimeUTC>1513885955</TimeUTC>
                  <Value UOM="mmHg" Q="">58</Value>
                  <AlarmLimitLow />
                  <AlarmLimitHigh />
            </VitalSign>
            <VitalSign>
                  <Parameter>ABP-D</Parameter>
                  <BpChannel />
                  <Time>12/21/2017 1:52:35 PM</Time>
                  <TimeUTC>1513885955</TimeUTC>
                  <Value UOM="mmHg" Q="">38</Value>
                  <AlarmLimitLow />
                  <AlarmLimitHigh />
            </VitalSign>
            <VitalSign>
                  <Parameter>ABP-M</Parameter>
                  <BpChannel />
                  <Time>12/21/2017 1:52:35 PM</Time>
                  <TimeUTC>1513885955</TimeUTC>
                  <Value UOM="mmHg" Q="">44</Value>
                  <AlarmLimitLow />
                  <AlarmLimitHigh />
            </VitalSign>
      </VitalSigns>
      <Alarms />
      <ImportedData />
      <Waveforms CollectionTime="12/21/2017 1:52:36 PM" CollectionTimeUTC="1513885956" TTX="" DisplayOrder="">
            <WaveformData ID="3230796" Label="RESP" UOM="Ohms" Cal="0,1,1230,2867" SampleRate="125" SamplePeriodInMsec="1000" Samples="125">-0.2,-0.2,-0.2,-0.2,-0.2,-0.2,-0.1,-0.1,-0.1,-0.1,-0.1,-0.1,0.0,0.0,0.0,0.0,0.1,0.1,0.1,0.2,0.2,0.2,0.3,0.3,0.3,0.4,0.4,0.5,0.5,0.6,0.6,0.6,0.7,0.7,0.7,0.8,0.8,0.8,0.8,0.9,0.9,0.9,0.9,0.9,0.9,0.9,0.9,0.9,1.0,1.0,1.0,1.0,1.0,1.0,1.0,1.0,1.0,1.0,0.9,0.9,0.9,0.9,0.9,0.9,0.9,0.9,0.9,0.8,0.8,0.8,0.7,0.7,0.7,0.7,0.6,0.6,0.6,0.5,0.5,0.5,0.4,0.4,0.4,0.3,0.3,0.3,0.3,0.2,0.2,0.2,0.1,0.1,0.1,0.1,0.1,0.0,0.0,0.0,0.0,0.0,0.0,-0.1,-0.1,-0.1,-0.1,-0.1,-0.1,-0.1,-0.1,-0.1,-0.1,-0.1,-0.1,-0.2,-0.2,-0.2,-0.2,-0.2,-0.2,-0.2,-0.2,-0.2,-0.2,-0.2,-0.2</WaveformData>
            <WaveformData ID="4487318" Label="II" UOM="mV" Cal="0,1,1023,3071" SampleRate="125" SamplePeriodInMsec="1000" Samples="125">0.525,0.53,0.54,0.53,0.515,0.78,1.5,1.5,1.085,0.37,0.3,0.545,0.59,0.595,0.595,0.6,0.6,0.59,0.59,0.585,0.585,0.59,0.605,0.625,0.65,0.675,0.705,0.73,0.75,0.765,0.765,0.76,0.735,0.695,0.65,0.605,0.56,0.52,0.475,0.43,0.395,0.365,0.34,0.335,0.37,0.45,0.515,0.53,0.46,0.395,0.37,0.37,0.38,0.39,0.405,0.43,0.455,0.45,0.48,0.87,1.5,1.5,0.835,0.355,0.47,0.63,0.66,0.675,0.695,0.715,0.73,0.745,0.76,0.77,0.785,0.805,0.83,0.865,0.905,0.945,0.985,1.02,1.045,1.06,1.065,1.05,1.03,0.995,0.955,0.91,0.87,0.825,0.775,0.73,0.69,0.65,0.625,0.62,0.67,0.745,0.795,0.8,0.705,0.63,0.605,0.605,0.615,0.62,0.63,0.64,0.655,0.635,0.625,1.095,1.5,1.5,0.91,0.485,0.62,0.755,0.77,0.775,0.78,0.785,0.79</WaveformData>
            <WaveformData ID="4214093" Label="SPO2" UOM="Uncalib" Cal="0,0,0,0" SampleRate="125" SamplePeriodInMsec="1000" Samples="125">1219.0,1306.0,1423.0,1560.0,1726.0,1882.0,2028.0,2155.0,2282.0,2379.0,2457.0,2525.0,2555.0,2574.0,2574.0,2564.0,2545.0,2516.0,2496.0,2467.0,2447.0,2418.0,2399.0,2369.0,2340.0,2311.0,2272.0,2233.0,2194.0,2145.0,2096.0,2048.0,2009.0,1960.0,1901.0,1853.0,1804.0,1745.0,1697.0,1648.0,1589.0,1540.0,1482.0,1433.0,1375.0,1326.0,1277.0,1228.0,1199.0,1170.0,1170.0,1199.0,1238.0,1316.0,1414.0,1540.0,1687.0,1843.0,2018.0,2174.0,2340.0,2486.0,2633.0,2740.0,2828.0,2896.0,2935.0,2964.0,2984.0,2984.0,2984.0,2984.0,2974.0,2964.0,2954.0,2935.0,2925.0,2906.0,2886.0,2857.0,2828.0,2798.0,2759.0,2720.0,2672.0,2633.0,2584.0,2535.0,2486.0,2438.0,2379.0,2330.0,2272.0,2223.0,2165.0,2106.0,2048.0,1999.0,1940.0,1882.0,1823.0,1765.0,1726.0,1697.0,1687.0,1687.0,1716.0,1775.0,1843.0,1940.0,2048.0,2155.0,2272.0,2389.0,2496.0,2584.0,2662.0,2711.0,2750.0,2759.0,2750.0,2740.0,2711.0,2681.0,2642.0</WaveformData>
            <WaveformData ID="3289908" Label="ABP" UOM="mmHg" Cal="30,60,307,3378" SampleRate="125" SamplePeriodInMsec="1000" Samples="125">46.0,45.9,45.6,45.4,45.1,44.8,44.4,43.9,43.5,43.1,42.7,42.4,42.1,41.9,41.8,41.6,41.5,41.4,41.2,40.9,40.7,40.4,40.1,39.9,39.6,39.3,39.0,38.7,38.4,38.3,38.6,39.4,41.2,44.3,48.3,52.6,56.4,59.2,61.1,61.7,61.2,59.6,57.3,54.8,52.4,50.3,48.7,47.7,47.2,47.0,47.1,47.3,47.3,47.3,47.1,46.9,46.7,46.4,46.0,45.6,45.1,44.6,44.1,43.6,43.1,42.7,42.4,42.1,41.9,41.8,41.6,41.4,41.1,40.8,40.5,40.2,39.9,39.6,39.3,39.0,38.7,38.4,38.2,38.1,38.2,38.9,40.4,42.9,46.2,49.8,53.2,55.7,57.0,57.2,56.2,54.4,52.1,49.9,47.9,46.4,45.5,45.1,45.0,45.0,45.1,45.1,45.1,45.1,44.8,44.6,44.3,44.0,43.6,43.1,42.6,42.1,41.7,41.3,41.0,40.7,40.5,40.3,40.1,39.9,39.8</WaveformData>
            <WaveformData ID="4214108" Label="Unk lbl 4214108" UOM="Uncalib" Cal="0,0,0,0" SampleRate="125" SamplePeriodInMsec="1000" Samples="125">2252,2211,2170,2129,2088,2061,2034,1993,1952,1911,1870,1829,1788,1747,1706,1665,1624,1583,1542,1502,1461,1420,1379,1351,1310,1283,1256,1228,1201,1188,1188,1188,1228,1283,1338,1433,1529,1652,1775,1897,2034,2143,2266,2361,2457,2512,2566,2594,2607,2607,2594,2566,2539,2498,2457,2402,2361,2321,2266,2225,2184,2129,2088,2048,2020,1979,1938,1897,1856,1816,1775,1747,1720,1693,1665,1638,1624,1611,1597,1583,1583,1570,1570,1583,1597,1624,1679,1734,1802,1915,2011,2108,2228,2349,2469,2590,2698,2806,2891,2951,3011,3047,3071,3083,3083,3071,3059,3035,3023,2999,2975,2951,2915,2891,2843,2794,2746,2698,2650,2590,2541,2481,2433,2385,2325</WaveformData>
      </Waveforms>
      <VitalSigns CollectionTime="12/21/2017 1:52:36 PM" CollectionTimeUTC="1513885956">
            <VitalSign>
                  <Parameter>HR</Parameter>
                  <BpChannel />
                  <Time>12/21/2017 1:52:36 PM</Time>
                  <TimeUTC>1513885956</TimeUTC>
                  <Value UOM="Bpm" Q="">140</Value>
                  <AlarmLimitLow />
                  <AlarmLimitHigh />
            </VitalSign>
            <VitalSign>
                  <Parameter>NBP-S</Parameter>
                  <BpChannel />
                  <Time>12/21/2017 8:23:00 PM</Time>
                  <TimeUTC>1513909380</TimeUTC>
                  <Value UOM="mmHg" Q="">NODATA</Value>
                  <AlarmLimitLow />
                  <AlarmLimitHigh />
            </VitalSign>
            <VitalSign>
                  <Parameter>NBP-D</Parameter>
                  <BpChannel />
                  <Time>12/21/2017 8:23:00 PM</Time>
                  <TimeUTC>1513909380</TimeUTC>
                  <Value UOM="mmHg" Q="">NODATA</Value>
                  <AlarmLimitLow />
                  <AlarmLimitHigh />
            </VitalSign>
            <VitalSign>
                  <Parameter>NBP-M</Parameter>
                  <BpChannel />
                  <Time>12/21/2017 8:23:00 PM</Time>
                  <TimeUTC>1513909380</TimeUTC>
                  <Value UOM="mmHg" Q="">NODATA</Value>
                  <AlarmLimitLow />
                  <AlarmLimitHigh />
            </VitalSign>
            <VitalSign>
                  <Parameter>PVC</Parameter>
                  <BpChannel />
                  <Time>12/21/2017 1:52:36 PM</Time>
                  <TimeUTC>1513885956</TimeUTC>
                  <Value UOM="Bpm" Q="">0</Value>
                  <AlarmLimitLow />
                  <AlarmLimitHigh />
            </VitalSign>
            <VitalSign>
                  <Parameter>RHY</Parameter>
                  <BpChannel />
                  <Time>12/21/2017 1:52:36 PM</Time>
                  <TimeUTC>1513885956</TimeUTC>
                  <Value UOM="" Q="">SV RHYTHM</Value>
                  <AlarmLimitLow />
                  <AlarmLimitHigh />
            </VitalSign>
            <VitalSign>
                  <Parameter>ECT</Parameter>
                  <BpChannel />
                  <Time>12/21/2017 1:52:36 PM</Time>
                  <TimeUTC>1513885956</TimeUTC>
                  <Value UOM="" Q="" />
                  <AlarmLimitLow />
                  <AlarmLimitHigh />
            </VitalSign>
            <VitalSign>
                  <Parameter>RESP</Parameter>
                  <BpChannel />
                  <Time>12/21/2017 1:52:36 PM</Time>
                  <TimeUTC>1513885956</TimeUTC>
                  <Value UOM="BrMin" Q="">35</Value>
                  <AlarmLimitLow />
                  <AlarmLimitHigh />
            </VitalSign>
            <VitalSign>
                  <Parameter>SPO2</Parameter>
                  <BpChannel />
                  <Time>12/21/2017 1:52:36 PM</Time>
                  <TimeUTC>1513885956</TimeUTC>
                  <Value UOM="%" Q="">100</Value>
                  <AlarmLimitLow />
                  <AlarmLimitHigh />
            </VitalSign>
            <VitalSign>
                  <Parameter>PULSE</Parameter>
                  <BpChannel />
                  <Time>12/21/2017 1:52:36 PM</Time>
                  <TimeUTC>1513885956</TimeUTC>
                  <Value UOM="BPM" Q="">140</Value>
                  <AlarmLimitLow />
                  <AlarmLimitHigh />
            </VitalSign>
            <VitalSign>
                  <Parameter>ABP-S</Parameter>
                  <BpChannel />
                  <Time>12/21/2017 1:52:36 PM</Time>
                  <TimeUTC>1513885956</TimeUTC>
                  <Value UOM="mmHg" Q="">58</Value>
                  <AlarmLimitLow />
                  <AlarmLimitHigh />
            </VitalSign>
            <VitalSign>
                  <Parameter>ABP-D</Parameter>
                  <BpChannel />
                  <Time>12/21/2017 1:52:36 PM</Time>
                  <TimeUTC>1513885956</TimeUTC>
                  <Value UOM="mmHg" Q="">38</Value>
                  <AlarmLimitLow />
                  <AlarmLimitHigh />
            </VitalSign>
            <VitalSign>
                  <Parameter>ABP-M</Parameter>
                  <BpChannel />
                  <Time>12/21/2017 1:52:36 PM</Time>
                  <TimeUTC>1513885956</TimeUTC>
                  <Value UOM="mmHg" Q="">45</Value>
                  <AlarmLimitLow />
                  <AlarmLimitHigh />
            </VitalSign>
      </VitalSigns>
      <Alarms />
      <ImportedData />
      <Waveforms CollectionTime="12/21/2017 1:52:37 PM" CollectionTimeUTC="1513885957" TTX="" DisplayOrder="">
            <WaveformData ID="3230796" Label="RESP" UOM="Ohms" Cal="0,1,1230,2867" SampleRate="125" SamplePeriodInMsec="1000" Samples="125">-0.2,-0.2,-0.2,-0.2,-0.2,-0.2,-0.2,-0.2,-0.2,-0.2,-0.2,-0.2,-0.2,-0.2,-0.2,-0.2,-0.2,-0.2,-0.2,-0.2,-0.2,-0.2,-0.2,-0.2,-0.2,-0.2,-0.2,-0.2,-0.2,-0.2,-0.2,-0.2,-0.2,-0.2,-0.2,-0.2,-0.2,-0.2,-0.2,-0.2,-0.2,-0.2,-0.2,-0.2,-0.2,-0.2,-0.2,-0.2,-0.2,-0.2,-0.2,-0.2,-0.2,-0.2,-0.2,-0.1,-0.1,-0.1,-0.1,-0.1,-0.1,-0.1,-0.1,-0.1,-0.1,-0.1,-0.1,-0.1,-0.1,-0.1,-0.1,-0.1,-0.1,-0.1,-0.1,-0.1,-0.1,-0.1,-0.1,-0.1,-0.1,-0.1,-0.2,-0.2,-0.2,-0.2,-0.2,-0.2,-0.2,-0.2,-0.2,-0.2,-0.2,-0.2,-0.1,-0.1,-0.1,-0.1,-0.1,-0.1,-0.1,-0.1,0.0,0.0,0.0,0.1,0.1,0.1,0.2,0.2,0.2,0.3,0.3,0.3,0.4,0.4,0.5,0.5,0.5,0.6,0.6,0.7,0.7,0.7,0.8</WaveformData>
            <WaveformData ID="4487318" Label="II" UOM="mV" Cal="0,1,1023,3071" SampleRate="125" SamplePeriodInMsec="1000" Samples="125">0.795,0.8,0.805,0.815,0.83,0.845,0.87,0.9,0.94,0.975,1.005,1.025,1.04,1.04,1.03,1.005,0.97,0.93,0.885,0.84,0.795,0.75,0.705,0.665,0.63,0.6,0.61,0.655,0.73,0.77,0.735,0.655,0.59,0.57,0.575,0.58,0.585,0.595,0.61,0.62,0.6,0.685,1.215,1.5,1.5,0.725,0.45,0.62,0.73,0.74,0.745,0.755,0.76,0.765,0.765,0.765,0.77,0.78,0.795,0.815,0.845,0.875,0.915,0.945,0.975,0.995,1.01,1.005,0.985,0.96,0.925,0.88,0.835,0.795,0.755,0.715,0.675,0.635,0.6,0.58,0.6,0.655,0.72,0.745,0.685,0.595,0.54,0.525,0.525,0.525,0.52,0.53,0.54,0.545,0.515,0.74,1.44,1.5,1.175,0.41,0.31,0.54,0.6,0.605,0.605,0.605,0.61,0.605,0.595,0.595,0.6,0.61,0.62,0.64,0.67,0.7,0.73,0.76,0.78,0.79,0.795,0.785,0.765,0.73,0.68</WaveformData>
            <WaveformData ID="4214093" Label="SPO2" UOM="Uncalib" Cal="0,0,0,0" SampleRate="125" SamplePeriodInMsec="1000" Samples="125">2613.0,2574.0,2545.0,2506.0,2477.0,2438.0,2399.0,2360.0,2321.0,2272.0,2223.0,2174.0,2116.0,2067.0,2018.0,1970.0,1911.0,1862.0,1804.0,1755.0,1697.0,1648.0,1589.0,1531.0,1472.0,1414.0,1355.0,1297.0,1238.0,1180.0,1131.0,1102.0,1082.0,1092.0,1121.0,1180.0,1258.0,1355.0,1482.0,1609.0,1755.0,1892.0,2038.0,2145.0,2252.0,2340.0,2399.0,2447.0,2457.0,2467.0,2467.0,2447.0,2428.0,2408.0,2379.0,2360.0,2340.0,2311.0,2282.0,2262.0,2233.0,2194.0,2165.0,2126.0,2087.0,2048.0,2009.0,1970.0,1921.0,1872.0,1823.0,1775.0,1726.0,1677.0,1619.0,1570.0,1521.0,1462.0,1404.0,1345.0,1297.0,1238.0,1189.0,1141.0,1111.0,1092.0,1092.0,1121.0,1160.0,1238.0,1336.0,1453.0,1599.0,1745.0,1892.0,2038.0,2165.0,2282.0,2389.0,2467.0,2525.0,2564.0,2574.0,2574.0,2564.0,2545.0,2525.0,2506.0,2486.0,2457.0,2438.0,2408.0,2379.0,2350.0,2321.0,2282.0,2243.0,2204.0,2155.0,2106.0,2057.0,2018.0,1970.0,1911.0,1862.0</WaveformData>
            <WaveformData ID="3289908" Label="ABP" UOM="mmHg" Cal="30,60,307,3378" SampleRate="125" SamplePeriodInMsec="1000" Samples="125">39.6,39.4,39.2,38.9,38.6,38.4,38.1,37.9,37.6,37.3,37.1,36.9,36.8,37.1,37.9,39.6,42.4,45.9,49.6,53.1,55.6,57.1,57.3,56.4,54.7,52.6,50.3,48.2,46.7,45.6,45.1,44.9,45.0,45.1,45.1,45.1,45.1,44.9,44.8,44.4,44.1,43.7,43.3,42.9,42.4,42.0,41.6,41.2,40.9,40.6,40.4,40.2,40.1,39.9,39.7,39.5,39.3,39.0,38.7,38.4,38.1,37.9,37.6,37.3,37.1,36.9,36.9,37.2,38.3,40.4,43.6,47.4,51.2,54.5,56.8,58.0,58.1,57.1,55.3,53.0,50.7,48.7,47.2,46.2,45.7,45.5,45.6,45.7,45.9,46.0,45.9,45.9,45.7,45.5,45.2,44.9,44.4,44.0,43.6,43.1,42.7,42.4,42.2,41.9,41.8,41.7,41.5,41.4,41.2,40.9,40.7,40.4,40.1,39.9,39.6,39.3,39.0,38.7,38.5,38.4,38.5,39.3,41.1,44.1,48.0</WaveformData>
            <WaveformData ID="4214108" Label="Unk lbl 4214108" UOM="Uncalib" Cal="0,0,0,0" SampleRate="125" SamplePeriodInMsec="1000" Samples="125">2276,2228,2180,2132,2084,2048,2011,1975,1927,1891,1855,1819,1795,1771,1771,1771,1783,1819,1867,1927,1999,2060,2144,2228,2313,2373,2445,2481,2517,2529,2529,2517,2493,2457,2421,2385,2349,2300,2252,2216,2168,2132,2096,2048,2024,1987,1939,1903,1855,1819,1771,1722,1686,1638,1590,1554,1518,1469,1433,1397,1361,1337,1301,1277,1253,1228,1216,1216,1228,1253,1289,1349,1409,1493,1590,1686,1795,1903,1999,2084,2156,2216,2264,2288,2313,2313,2300,2276,2265,2240,2201,2163,2124,2086,2048,2035,1996,1958,1920,1881,1843,1804,1766,1728,1689,1638,1587,1536,1484,1420,1356,1280,1216,1139,1062,998,947,896,857,844,857,883,934,1011,1113</WaveformData>
      </Waveforms>
      <VitalSigns CollectionTime="12/21/2017 1:52:37 PM" CollectionTimeUTC="1513885957">
            <VitalSign>
                  <Parameter>HR</Parameter>
                  <BpChannel />
                  <Time>12/21/2017 1:52:37 PM</Time>
                  <TimeUTC>1513885957</TimeUTC>
                  <Value UOM="Bpm" Q="">140</Value>
                  <AlarmLimitLow />
                  <AlarmLimitHigh />
            </VitalSign>
            <VitalSign>
                  <Parameter>NBP-S</Parameter>
                  <BpChannel />
                  <Time>12/21/2017 8:23:00 PM</Time>
                  <TimeUTC>1513909380</TimeUTC>
                  <Value UOM="mmHg" Q="">NODATA</Value>
                  <AlarmLimitLow />
                  <AlarmLimitHigh />
            </VitalSign>
            <VitalSign>
                  <Parameter>NBP-D</Parameter>
                  <BpChannel />
                  <Time>12/21/2017 8:23:00 PM</Time>
                  <TimeUTC>1513909380</TimeUTC>
                  <Value UOM="mmHg" Q="">NODATA</Value>
                  <AlarmLimitLow />
                  <AlarmLimitHigh />
            </VitalSign>
            <VitalSign>
                  <Parameter>NBP-M</Parameter>
                  <BpChannel />
                  <Time>12/21/2017 8:23:00 PM</Time>
                  <TimeUTC>1513909380</TimeUTC>
                  <Value UOM="mmHg" Q="">NODATA</Value>
                  <AlarmLimitLow />
                  <AlarmLimitHigh />
            </VitalSign>
            <VitalSign>
                  <Parameter>PVC</Parameter>
                  <BpChannel />
                  <Time>12/21/2017 1:52:37 PM</Time>
                  <TimeUTC>1513885957</TimeUTC>
                  <Value UOM="Bpm" Q="">0</Value>
                  <AlarmLimitLow />
                  <AlarmLimitHigh />
            </VitalSign>
            <VitalSign>
                  <Parameter>RHY</Parameter>
                  <BpChannel />
                  <Time>12/21/2017 1:52:37 PM</Time>
                  <TimeUTC>1513885957</TimeUTC>
                  <Value UOM="" Q="">SV RHYTHM</Value>
                  <AlarmLimitLow />
                  <AlarmLimitHigh />
            </VitalSign>
            <VitalSign>
                  <Parameter>ECT</Parameter>
                  <BpChannel />
                  <Time>12/21/2017 1:52:37 PM</Time>
                  <TimeUTC>1513885957</TimeUTC>
                  <Value UOM="" Q="" />
                  <AlarmLimitLow />
                  <AlarmLimitHigh />
            </VitalSign>
            <VitalSign>
                  <Parameter>RESP</Parameter>
                  <BpChannel />
                  <Time>12/21/2017 1:52:37 PM</Time>
                  <TimeUTC>1513885957</TimeUTC>
                  <Value UOM="BrMin" Q="">35</Value>
                  <AlarmLimitLow />
                  <AlarmLimitHigh />
            </VitalSign>
            <VitalSign>
                  <Parameter>SPO2</Parameter>
                  <BpChannel />
                  <Time>12/21/2017 1:52:37 PM</Time>
                  <TimeUTC>1513885957</TimeUTC>
                  <Value UOM="%" Q="">100</Value>
                  <AlarmLimitLow />
                  <AlarmLimitHigh />
            </VitalSign>
            <VitalSign>
                  <Parameter>PULSE</Parameter>
                  <BpChannel />
                  <Time>12/21/2017 1:52:37 PM</Time>
                  <TimeUTC>1513885957</TimeUTC>
                  <Value UOM="BPM" Q="">140</Value>
                  <AlarmLimitLow />
                  <AlarmLimitHigh />
            </VitalSign>
            <VitalSign>
                  <Parameter>ABP-S</Parameter>
                  <BpChannel />
                  <Time>12/21/2017 1:52:37 PM</Time>
                  <TimeUTC>1513885957</TimeUTC>
                  <Value UOM="mmHg" Q="">57</Value>
                  <AlarmLimitLow />
                  <AlarmLimitHigh />
            </VitalSign>
            <VitalSign>
                  <Parameter>ABP-D</Parameter>
                  <BpChannel />
                  <Time>12/21/2017 1:52:37 PM</Time>
                  <TimeUTC>1513885957</TimeUTC>
                  <Value UOM="mmHg" Q="">38</Value>
                  <AlarmLimitLow />
                  <AlarmLimitHigh />
            </VitalSign>
            <VitalSign>
                  <Parameter>ABP-M</Parameter>
                  <BpChannel />
                  <Time>12/21/2017 1:52:37 PM</Time>
                  <TimeUTC>1513885957</TimeUTC>
                  <Value UOM="mmHg" Q="">44</Value>
                  <AlarmLimitLow />
                  <AlarmLimitHigh />
            </VitalSign>
      </VitalSigns>
      <Alarms />
      <ImportedData />
      <Waveforms CollectionTime="12/21/2017 1:52:38 PM" CollectionTimeUTC="1513885958" TTX="" DisplayOrder="">
            <WaveformData ID="3230796" Label="RESP" UOM="Ohms" Cal="0,1,1230,2867" SampleRate="125" SamplePeriodInMsec="1000" Samples="125">0.8,0.8,0.8,0.9,0.9,0.9,0.9,0.9,0.9,0.9,1.0,1.0,1.0,1.0,1.0,1.0,1.0,1.0,1.0,1.0,1.0,1.0,1.0,1.0,1.0,1.0,0.9,0.9,0.9,0.9,0.9,0.9,0.9,0.8,0.8,0.8,0.8,0.7,0.7,0.7,0.6,0.6,0.6,0.5,0.5,0.5,0.5,0.4,0.4,0.4,0.3,0.3,0.3,0.3,0.2,0.2,0.2,0.2,0.1,0.1,0.1,0.1,0.1,0.0,0.0,0.0,0.0,0.0,0.0,0.0,0.0,-0.1,-0.1,-0.1,-0.1,-0.1,-0.1,-0.1,-0.1,-0.1,-0.1,-0.1,-0.1,-0.1,-0.1,-0.1,-0.1,-0.1,-0.1,-0.1,-0.1,-0.1,-0.1,-0.1,-0.1,-0.1,-0.1,-0.1,-0.1,-0.1,-0.1,-0.1,-0.1,-0.1,-0.1,-0.1,-0.1,-0.1,-0.1,-0.1,-0.1,-0.1,-0.1,-0.2,-0.2,-0.2,-0.2,-0.2,-0.2,-0.2,-0.2,-0.2,-0.2,-0.2,-0.2</WaveformData>
            <WaveformData ID="4487318" Label="II" UOM="mV" Cal="0,1,1023,3071" SampleRate="125" SamplePeriodInMsec="1000" Samples="125">0.635,0.59,0.545,0.5,0.46,0.42,0.39,0.36,0.355,0.395,0.47,0.54,0.555,0.49,0.42,0.39,0.39,0.4,0.41,0.425,0.445,0.46,0.45,0.475,0.83,1.5,1.5,0.875,0.345,0.44,0.61,0.645,0.66,0.68,0.695,0.715,0.73,0.74,0.755,0.77,0.79,0.815,0.855,0.895,0.935,0.975,1.01,1.035,1.05,1.06,1.05,1.025,0.99,0.95,0.905,0.865,0.82,0.77,0.73,0.69,0.655,0.62,0.615,0.66,0.73,0.785,0.77,0.695,0.625,0.595,0.6,0.605,0.615,0.62,0.63,0.645,0.625,0.62,1.09,1.5,1.5,0.91,0.475,0.605,0.75,0.765,0.775,0.78,0.785,0.79,0.795,0.8,0.805,0.815,0.825,0.845,0.87,0.905,0.94,0.975,1.005,1.03,1.04,1.045,1.035,1.005,0.97,0.93,0.885,0.84,0.795,0.75,0.705,0.665,0.625,0.6,0.605,0.65,0.725,0.765,0.74,0.66,0.595,0.57,0.575</WaveformData>
            <WaveformData ID="4214093" Label="SPO2" UOM="Uncalib" Cal="0,0,0,0" SampleRate="125" SamplePeriodInMsec="1000" Samples="125">1814.0,1755.0,1706.0,1658.0,1599.0,1550.0,1501.0,1443.0,1394.0,1336.0,1287.0,1248.0,1219.0,1199.0,1199.0,1228.0,1287.0,1355.0,1472.0,1599.0,1755.0,1921.0,2077.0,2252.0,2418.0,2564.0,2691.0,2808.0,2886.0,2945.0,2984.0,3003.0,3013.0,3013.0,3013.0,3003.0,2993.0,2984.0,2974.0,2964.0,2945.0,2935.0,2915.0,2896.0,2867.0,2847.0,2808.0,2746.0,2708.0,2662.0,2606.0,2550.0,2494.0,2438.0,2383.0,2327.0,2271.0,2224.0,2169.0,2122.0,2066.0,2020.0,1964.0,1908.0,1852.0,1796.0,1740.0,1703.0,1666.0,1657.0,1657.0,1675.0,1722.0,1787.0,1871.0,1973.0,2066.0,2187.0,2299.0,2401.0,2494.0,2578.0,2625.0,2671.0,2690.0,2690.0,2680.0,2653.0,2634.0,2597.0,2569.0,2541.0,2513.0,2485.0,2448.0,2420.0,2392.0,2355.0,2317.0,2280.0,2234.0,2187.0,2141.0,2094.0,2048.0,2001.0,1955.0,1899.0,1843.0,1796.0,1740.0,1685.0,1629.0,1573.0,1517.0,1461.0,1405.0,1349.0,1294.0,1238.0,1191.0,1154.0,1126.0,1126.0,1145.0</WaveformData>
            <WaveformData ID="3289908" Label="ABP" UOM="mmHg" Cal="30,60,307,3378" SampleRate="125" SamplePeriodInMsec="1000" Samples="125">52.3,56.1,59.2,61.1,61.9,61.4,59.9,57.7,55.3,52.9,50.7,49.2,48.1,47.5,47.3,47.2,47.3,47.4,47.4,47.3,47.0,46.7,46.4,46.0,45.7,45.2,44.6,44.1,43.6,43.2,42.8,42.5,42.3,42.0,41.8,41.6,41.4,41.1,40.9,40.6,40.3,40.0,39.7,39.4,39.1,38.8,38.6,38.3,38.2,38.3,38.9,40.4,42.8,46.1,49.7,53.1,55.6,57.0,57.2,56.4,54.6,52.4,50.1,48.1,46.6,45.6,45.2,45.1,45.1,45.2,45.2,45.2,45.2,45.0,44.8,44.4,44.1,43.6,43.2,42.7,42.4,41.9,41.6,41.2,40.9,40.7,40.5,40.3,40.1,39.9,39.7,39.6,39.3,39.0,38.7,38.4,38.2,37.9,37.6,37.4,37.1,36.9,36.8,37.1,37.9,39.5,41.9,45.3,49.2,52.8,55.5,57.0,57.2,56.4,54.7,52.5,50.3,48.2,46.7,45.6,45.1,45.0,45.1,45.1,45.2</WaveformData>
            <WaveformData ID="4214108" Label="Unk lbl 4214108" UOM="Uncalib" Cal="0,0,0,0" SampleRate="125" SamplePeriodInMsec="1000" Samples="125">1216,1344,1484,1638,1792,1932,2060,2201,2316,2406,2483,2534,2572,2585,2585,2585,2560,2534,2496,2457,2419,2380,2342,2304,2265,2227,2188,2150,2112,2073,2048,2022,1984,1945,1920,1881,1856,1830,1817,1792,1779,1766,1753,1740,1728,1728,1715,1715,1728,1740,1766,1792,1843,1894,1945,2009,2048,2086,2112,2124,2099,2073,2009,1920,1804,1689,1548,1420,1305,1203,1126,1049,1036,1024,1036,1062,1113,1177,1228,1305,1382,1446,1497,1548,1587,1612,1638,1624,1638,1652,1652,1652,1652,1652,1652,1638,1624,1611,1597,1583,1570,1556,1542,1542,1556,1583,1624,1679,1747,1829,1911,1993,2061,2143,2225,2266,2307,2334,2334,2307,2266,2198,2129,2048,1952</WaveformData>
      </Waveforms>
      <VitalSigns CollectionTime="12/21/2017 1:52:38 PM" CollectionTimeUTC="1513885958">
            <VitalSign>
                  <Parameter>HR</Parameter>
                  <BpChannel />
                  <Time>12/21/2017 1:52:38 PM</Time>
                  <TimeUTC>1513885958</TimeUTC>
                  <Value UOM="Bpm" Q="">140</Value>
                  <AlarmLimitLow />
                  <AlarmLimitHigh />
            </VitalSign>
            <VitalSign>
                  <Parameter>NBP-S</Parameter>
                  <BpChannel />
                  <Time>12/21/2017 8:23:00 PM</Time>
                  <TimeUTC>1513909380</TimeUTC>
                  <Value UOM="mmHg" Q="">NODATA</Value>
                  <AlarmLimitLow />
                  <AlarmLimitHigh />
            </VitalSign>
            <VitalSign>
                  <Parameter>NBP-D</Parameter>
                  <BpChannel />
                  <Time>12/21/2017 8:23:00 PM</Time>
                  <TimeUTC>1513909380</TimeUTC>
                  <Value UOM="mmHg" Q="">NODATA</Value>
                  <AlarmLimitLow />
                  <AlarmLimitHigh />
            </VitalSign>
            <VitalSign>
                  <Parameter>NBP-M</Parameter>
                  <BpChannel />
                  <Time>12/21/2017 8:23:00 PM</Time>
                  <TimeUTC>1513909380</TimeUTC>
                  <Value UOM="mmHg" Q="">NODATA</Value>
                  <AlarmLimitLow />
                  <AlarmLimitHigh />
            </VitalSign>
            <VitalSign>
                  <Parameter>PVC</Parameter>
                  <BpChannel />
                  <Time>12/21/2017 1:52:38 PM</Time>
                  <TimeUTC>1513885958</TimeUTC>
                  <Value UOM="Bpm" Q="">0</Value>
                  <AlarmLimitLow />
                  <AlarmLimitHigh />
            </VitalSign>
            <VitalSign>
                  <Parameter>RHY</Parameter>
                  <BpChannel />
                  <Time>12/21/2017 1:52:38 PM</Time>
                  <TimeUTC>1513885958</TimeUTC>
                  <Value UOM="" Q="">SV RHYTHM</Value>
                  <AlarmLimitLow />
                  <AlarmLimitHigh />
            </VitalSign>
            <VitalSign>
                  <Parameter>ECT</Parameter>
                  <BpChannel />
                  <Time>12/21/2017 1:52:38 PM</Time>
                  <TimeUTC>1513885958</TimeUTC>
                  <Value UOM="" Q="" />
                  <AlarmLimitLow />
                  <AlarmLimitHigh />
            </VitalSign>
            <VitalSign>
                  <Parameter>RESP</Parameter>
                  <BpChannel />
                  <Time>12/21/2017 1:52:38 PM</Time>
                  <TimeUTC>1513885958</TimeUTC>
                  <Value UOM="BrMin" Q="">35</Value>
                  <AlarmLimitLow />
                  <AlarmLimitHigh />
            </VitalSign>
            <VitalSign>
                  <Parameter>SPO2</Parameter>
                  <BpChannel />
                  <Time>12/21/2017 1:52:38 PM</Time>
                  <TimeUTC>1513885958</TimeUTC>
                  <Value UOM="%" Q="">100</Value>
                  <AlarmLimitLow />
                  <AlarmLimitHigh />
            </VitalSign>
            <VitalSign>
                  <Parameter>PULSE</Parameter>
                  <BpChannel />
                  <Time>12/21/2017 1:52:38 PM</Time>
                  <TimeUTC>1513885958</TimeUTC>
                  <Value UOM="BPM" Q="">140</Value>
                  <AlarmLimitLow />
                  <AlarmLimitHigh />
            </VitalSign>
            <VitalSign>
                  <Parameter>ABP-S</Parameter>
                  <BpChannel />
                  <Time>12/21/2017 1:52:38 PM</Time>
                  <TimeUTC>1513885958</TimeUTC>
                  <Value UOM="mmHg" Q="">58</Value>
                  <AlarmLimitLow />
                  <AlarmLimitHigh />
            </VitalSign>
            <VitalSign>
                  <Parameter>ABP-D</Parameter>
                  <BpChannel />
                  <Time>12/21/2017 1:52:38 PM</Time>
                  <TimeUTC>1513885958</TimeUTC>
                  <Value UOM="mmHg" Q="">38</Value>
                  <AlarmLimitLow />
                  <AlarmLimitHigh />
            </VitalSign>
            <VitalSign>
                  <Parameter>ABP-M</Parameter>
                  <BpChannel />
                  <Time>12/21/2017 1:52:38 PM</Time>
                  <TimeUTC>1513885958</TimeUTC>
                  <Value UOM="mmHg" Q="">45</Value>
                  <AlarmLimitLow />
                  <AlarmLimitHigh />
            </VitalSign>
      </VitalSigns>
      <Alarms />
      <ImportedData />
      <Waveforms CollectionTime="12/21/2017 1:52:39 PM" CollectionTimeUTC="1513885959" TTX="" DisplayOrder="">
            <WaveformData ID="3230796" Label="RESP" UOM="Ohms" Cal="0,1,1230,2867" SampleRate="125" SamplePeriodInMsec="1000" Samples="125">-0.2,-0.2,-0.2,-0.2,-0.2,-0.2,-0.2,-0.2,-0.2,-0.2,-0.2,-0.2,-0.2,-0.2,-0.2,-0.2,-0.2,-0.1,-0.1,-0.1,-0.1,-0.1,-0.1,-0.1,-0.1,-0.1,-0.1,-0.1,-0.1,-0.1,-0.1,-0.1,-0.1,-0.1,-0.1,-0.1,-0.1,-0.1,-0.1,-0.1,-0.1,-0.1,-0.1,-0.1,-0.1,-0.2,-0.2,-0.2,-0.2,-0.2,-0.2,-0.2,-0.2,-0.2,-0.2,-0.2,-0.2,-0.2,-0.2,-0.1,-0.1,-0.1,-0.1,-0.1,-0.1,-0.1,-0.1,-0.1,0.0,0.0,0.0,0.1,0.1,0.1,0.2,0.2,0.3,0.3,0.3,0.4,0.4,0.5,0.5,0.5,0.6,0.6,0.7,0.7,0.7,0.7,0.8,0.8,0.8,0.8,0.9,0.9,0.9,0.9,0.9,0.9,0.9,0.9,1.0,1.0,1.0,1.0,1.0,1.0,1.0,1.0,1.0,1.0,1.0,1.0,0.9,0.9,0.9,0.9,0.9,0.9,0.9,0.9,0.8,0.8,0.8</WaveformData>
            <WaveformData ID="4487318" Label="II" UOM="mV" Cal="0,1,1023,3071" SampleRate="125" SamplePeriodInMsec="1000" Samples="125">0.58,0.585,0.59,0.6,0.615,0.59,0.66,1.165,1.5,1.5,0.765,0.44,0.6,0.715,0.73,0.74,0.745,0.75,0.755,0.755,0.76,0.765,0.775,0.79,0.81,0.84,0.87,0.9,0.93,0.96,0.98,0.995,1,0.98,0.955,0.915,0.875,0.835,0.79,0.745,0.705,0.665,0.625,0.59,0.565,0.58,0.635,0.71,0.74,0.685,0.595,0.535,0.52,0.52,0.515,0.515,0.52,0.53,0.525,0.505,0.685,1.355,1.5,1.23,0.425,0.3,0.515,0.58,0.585,0.59,0.59,0.595,0.59,0.585,0.585,0.59,0.6,0.61,0.625,0.655,0.685,0.715,0.745,0.765,0.78,0.785,0.775,0.755,0.72,0.67,0.625,0.58,0.54,0.495,0.46,0.42,0.385,0.36,0.355,0.38,0.45,0.525,0.55,0.495,0.425,0.385,0.38,0.39,0.405,0.415,0.435,0.45,0.46,0.445,0.74,1.435,1.5,0.975,0.36,0.325,0.58,0.63,0.65,0.665,0.68</WaveformData>
            <WaveformData ID="4214093" Label="SPO2" UOM="Uncalib" Cal="0,0,0,0" SampleRate="125" SamplePeriodInMsec="1000" Samples="125">1191.0,1256.0,1340.0,1452.0,1582.0,1713.0,1852.0,1982.0,2094.0,2206.0,2299.0,2364.0,2411.0,2438.0,2457.0,2457.0,2448.0,2429.0,2411.0,2392.0,2373.0,2355.0,2336.0,2308.0,2290.0,2262.0,2234.0,2196.0,2159.0,2122.0,2075.0,2048.0,2001.0,1955.0,1908.0,1861.0,1815.0,1759.0,1713.0,1666.0,1610.0,1564.0,1508.0,1452.0,1396.0,1349.0,1294.0,1247.0,1201.0,1163.0,1135.0,1126.0,1145.0,1182.0,1247.0,1331.0,1433.0,1564.0,1694.0,1843.0,1982.0,2113.0,2234.0,2336.0,2420.0,2476.0,2522.0,2541.0,2550.0,2541.0,2522.0,2504.0,2485.0,2457.0,2438.0,2411.0,2392.0,2364.0,2336.0,2308.0,2271.0,2234.0,2196.0,2159.0,2113.0,2066.0,2029.0,1973.0,1927.0,1880.0,1824.0,1778.0,1722.0,1675.0,1629.0,1582.0,1536.0,1480.0,1433.0,1387.0,1340.0,1303.0,1266.0,1247.0,1247.0,1256.0,1303.0,1359.0,1461.0,1582.0,1713.0,1871.0,2029.0,2187.0,2345.0,2494.0,2625.0,2736.0,2820.0,2885.0,2941.0,2960.0,2978.0,2978.0,2978.0</WaveformData>
            <WaveformData ID="3289908" Label="ABP" UOM="mmHg" Cal="30,60,307,3378" SampleRate="125" SamplePeriodInMsec="1000" Samples="125">45.2,45.2,45.1,44.9,44.6,44.2,43.7,43.3,42.8,42.4,41.9,41.6,41.2,40.9,40.6,40.4,40.3,40.2,40.1,39.9,39.6,39.4,39.1,38.8,38.5,38.2,38.0,37.7,37.5,37.2,37.0,36.9,37.3,38.4,40.4,43.5,47.3,51.2,54.6,57.1,58.3,58.4,57.3,55.4,53.1,50.7,48.7,47.3,46.3,45.8,45.7,45.8,46.0,46.2,46.2,46.2,46.1,45.8,45.6,45.3,45.0,44.6,44.2,43.7,43.4,42.9,42.6,42.3,42.1,41.9,41.8,41.6,41.4,41.3,41.1,40.9,40.6,40.3,40.1,39.8,39.5,39.3,38.9,38.7,38.6,38.6,39.4,41.1,43.9,47.8,52.1,56.1,59.2,61.3,62.1,61.7,60.2,58.1,55.6,53.2,51.1,49.4,48.3,47.6,47.4,47.3,47.4,47.4,47.4,47.4,47.2,46.9,46.6,46.2,45.8,45.4,44.9,44.4,43.9,43.5,43.1,42.6,42.3,42.1,41.9</WaveformData>
            <WaveformData ID="4214108" Label="Unk lbl 4214108" UOM="Uncalib" Cal="0,0,0,0" SampleRate="125" SamplePeriodInMsec="1000" Samples="125">1856,1747,1638,1529,1406,1297,1201,1092,983,887,778,682,614,532,464,409,355,300,259,218,191,164,150,136,123,123,123,136,150,164,191,232,286,355,437,532,669,805,955,1119,1297,1474,1638,1788,1925,2048,2143,2211,2280,2307,2334,2334,2334,2321,2293,2280,2252,2225,2198,2184,2157,2129,2102,2075,2048,2020,1993,1966,1925,1884,1856,1816,1788,1747,1720,1693,1665,1652,1624,1611,1597,1583,1583,1570,1583,1597,1745,1775,1814,1872,1950,2028,2116,2213,2321,2428,2535,2642,2730,2818,2876,2935,2964,2993,3003,3003,3003,2984,2964,2945,2925,2906,2886,2867,2837,2818,2798,2779,2759,2730,2701,2662,2633,2594,2564</WaveformData>
      </Waveforms>
      <VitalSigns CollectionTime="12/21/2017 1:52:39 PM" CollectionTimeUTC="1513885959">
            <VitalSign>
                  <Parameter>HR</Parameter>
                  <BpChannel />
                  <Time>12/21/2017 1:52:39 PM</Time>
                  <TimeUTC>1513885959</TimeUTC>
                  <Value UOM="Bpm" Q="">140</Value>
                  <AlarmLimitLow />
                  <AlarmLimitHigh />
            </VitalSign>
            <VitalSign>
                  <Parameter>NBP-S</Parameter>
                  <BpChannel />
                  <Time>12/21/2017 8:23:00 PM</Time>
                  <TimeUTC>1513909380</TimeUTC>
                  <Value UOM="mmHg" Q="">NODATA</Value>
                  <AlarmLimitLow />
                  <AlarmLimitHigh />
            </VitalSign>
            <VitalSign>
                  <Parameter>NBP-D</Parameter>
                  <BpChannel />
                  <Time>12/21/2017 8:23:00 PM</Time>
                  <TimeUTC>1513909380</TimeUTC>
                  <Value UOM="mmHg" Q="">NODATA</Value>
                  <AlarmLimitLow />
                  <AlarmLimitHigh />
            </VitalSign>
            <VitalSign>
                  <Parameter>NBP-M</Parameter>
                  <BpChannel />
                  <Time>12/21/2017 8:23:00 PM</Time>
                  <TimeUTC>1513909380</TimeUTC>
                  <Value UOM="mmHg" Q="">NODATA</Value>
                  <AlarmLimitLow />
                  <AlarmLimitHigh />
            </VitalSign>
            <VitalSign>
                  <Parameter>PVC</Parameter>
                  <BpChannel />
                  <Time>12/21/2017 1:52:39 PM</Time>
                  <TimeUTC>1513885959</TimeUTC>
                  <Value UOM="Bpm" Q="">0</Value>
                  <AlarmLimitLow />
                  <AlarmLimitHigh />
            </VitalSign>
            <VitalSign>
                  <Parameter>RHY</Parameter>
                  <BpChannel />
                  <Time>12/21/2017 1:52:39 PM</Time>
                  <TimeUTC>1513885959</TimeUTC>
                  <Value UOM="" Q="">SV RHYTHM</Value>
                  <AlarmLimitLow />
                  <AlarmLimitHigh />
            </VitalSign>
            <VitalSign>
                  <Parameter>ECT</Parameter>
                  <BpChannel />
                  <Time>12/21/2017 1:52:39 PM</Time>
                  <TimeUTC>1513885959</TimeUTC>
                  <Value UOM="" Q="" />
                  <AlarmLimitLow />
                  <AlarmLimitHigh />
            </VitalSign>
            <VitalSign>
                  <Parameter>RESP</Parameter>
                  <BpChannel />
                  <Time>12/21/2017 1:52:39 PM</Time>
                  <TimeUTC>1513885959</TimeUTC>
                  <Value UOM="BrMin" Q="">35</Value>
                  <AlarmLimitLow />
                  <AlarmLimitHigh />
            </VitalSign>
            <VitalSign>
                  <Parameter>SPO2</Parameter>
                  <BpChannel />
                  <Time>12/21/2017 1:52:39 PM</Time>
                  <TimeUTC>1513885959</TimeUTC>
                  <Value UOM="%" Q="">100</Value>
                  <AlarmLimitLow />
                  <AlarmLimitHigh />
            </VitalSign>
            <VitalSign>
                  <Parameter>PULSE</Parameter>
                  <BpChannel />
                  <Time>12/21/2017 1:52:39 PM</Time>
                  <TimeUTC>1513885959</TimeUTC>
                  <Value UOM="BPM" Q="">140</Value>
                  <AlarmLimitLow />
                  <AlarmLimitHigh />
            </VitalSign>
            <VitalSign>
                  <Parameter>ABP-S</Parameter>
                  <BpChannel />
                  <Time>12/21/2017 1:52:39 PM</Time>
                  <TimeUTC>1513885959</TimeUTC>
                  <Value UOM="mmHg" Q="">58</Value>
                  <AlarmLimitLow />
                  <AlarmLimitHigh />
            </VitalSign>
            <VitalSign>
                  <Parameter>ABP-D</Parameter>
                  <BpChannel />
                  <Time>12/21/2017 1:52:39 PM</Time>
                  <TimeUTC>1513885959</TimeUTC>
                  <Value UOM="mmHg" Q="">38</Value>
                  <AlarmLimitLow />
                  <AlarmLimitHigh />
            </VitalSign>
            <VitalSign>
                  <Parameter>ABP-M</Parameter>
                  <BpChannel />
                  <Time>12/21/2017 1:52:39 PM</Time>
                  <TimeUTC>1513885959</TimeUTC>
                  <Value UOM="mmHg" Q="">45</Value>
                  <AlarmLimitLow />
                  <AlarmLimitHigh />
            </VitalSign>
      </VitalSigns>
      <Alarms />
      <ImportedData />
      <Waveforms CollectionTime="12/21/2017 1:52:40 PM" CollectionTimeUTC="1513885960" TTX="" DisplayOrder="">
            <WaveformData ID="3230796" Label="RESP" UOM="Ohms" Cal="0,1,1230,2867" SampleRate="125" SamplePeriodInMsec="1000" Samples="125">0.8,0.7,0.7,0.7,0.7,0.6,0.6,0.6,0.5,0.5,0.4,0.4,0.4,0.4,0.3,0.3,0.3,0.2,0.2,0.2,0.2,0.2,0.1,0.1,0.1,0.1,0.1,0.0,0.0,0.0,0.0,0.0,0.0,-0.1,-0.1,-0.1,-0.1,-0.1,-0.1,-0.1,-0.1,-0.1,-0.1,-0.1,-0.1,-0.1,-0.1,-0.1,-0.1,-0.1,-0.1,-0.1,-0.1,-0.1,-0.1,-0.1,-0.1,-0.1,-0.1,-0.1,-0.1,-0.1,-0.1,-0.1,-0.1,-0.2,-0.2,-0.2,-0.2,-0.2,-0.2,-0.2,-0.2,-0.2,-0.2,-0.2,-0.2,-0.2,-0.2,-0.2,-0.2,-0.2,-0.2,-0.2,-0.2,-0.2,-0.2,-0.2,-0.2,-0.2,-0.2,-0.2,-0.2,-0.2,-0.2,-0.2,-0.2,-0.2,-0.2,-0.2,-0.2,-0.2,-0.2,-0.2,-0.2,-0.2,-0.2,-0.2,-0.2,-0.2,-0.2,-0.2,-0.2,-0.1,-0.1,-0.1,-0.1,-0.1,-0.1,-0.1,-0.1,-0.1,-0.1,-0.1,-0.1</WaveformData>
            <WaveformData ID="4487318" Label="II" UOM="mV" Cal="0,1,1023,3071" SampleRate="125" SamplePeriodInMsec="1000" Samples="125">0.695,0.71,0.725,0.74,0.755,0.775,0.81,0.84,0.88,0.92,0.96,1,1.03,1.045,1.055,1.045,1.025,0.99,0.95,0.905,0.86,0.815,0.77,0.73,0.685,0.65,0.62,0.61,0.64,0.71,0.77,0.78,0.71,0.63,0.59,0.595,0.6,0.605,0.615,0.625,0.64,0.625,0.615,0.96,1.5,1.5,1.06,0.48,0.465,0.72,0.755,0.765,0.775,0.785,0.79,0.79,0.795,0.8,0.81,0.825,0.84,0.865,0.895,0.93,0.965,0.995,1.025,1.04,1.045,1.035,1.01,0.975,0.935,0.895,0.85,0.8,0.755,0.71,0.67,0.63,0.6,0.6,0.64,0.705,0.76,0.74,0.665,0.59,0.56,0.565,0.57,0.575,0.585,0.595,0.61,0.59,0.585,1.065,1.5,1.5,0.865,0.435,0.57,0.71,0.73,0.74,0.745,0.75,0.75,0.75,0.755,0.765,0.77,0.785,0.805,0.83,0.86,0.895,0.93,0.96,0.985,0.995,1,0.98,0.955</WaveformData>
            <WaveformData ID="4214093" Label="SPO2" UOM="Uncalib" Cal="0,0,0,0" SampleRate="125" SamplePeriodInMsec="1000" Samples="125">2969.0,2960.0,2950.0,2941.0,2932.0,2922.0,2904.0,2895.0,2867.0,2848.0,2820.0,2783.0,2746.0,2708.0,2671.0,2625.0,2578.0,2522.0,2457.0,2401.0,2336.0,2290.0,2234.0,2178.0,2122.0,2066.0,2020.0,1964.0,1908.0,1852.0,1806.0,1759.0,1731.0,1713.0,1713.0,1740.0,1778.0,1852.0,1936.0,2038.0,2131.0,2243.0,2355.0,2457.0,2550.0,2652.0,2720.0,2750.0,2769.0,2769.0,2759.0,2740.0,2720.0,2691.0,2662.0,2633.0,2603.0,2574.0,2545.0,2506.0,2496.0,2486.0,2447.0,2408.0,2369.0,2321.0,2282.0,2233.0,2174.0,2126.0,2067.0,2028.0,1970.0,1921.0,1862.0,1804.0,1745.0,1697.0,1638.0,1580.0,1521.0,1462.0,1394.0,1336.0,1287.0,1228.0,1189.0,1150.0,1141.0,1150.0,1170.0,1228.0,1306.0,1414.0,1531.0,1667.0,1804.0,1950.0,2067.0,2184.0,2291.0,2369.0,2428.0,2467.0,2486.0,2496.0,2486.0,2467.0,2447.0,2428.0,2408.0,2389.0,2360.0,2340.0,2311.0,2291.0,2262.0,2223.0,2194.0,2155.0,2116.0,2067.0,2028.0,1989.0,1940.0</WaveformData>
            <WaveformData ID="3289908" Label="ABP" UOM="mmHg" Cal="30,60,307,3378" SampleRate="125" SamplePeriodInMsec="1000" Samples="125">41.8,41.6,41.3,41.1,40.8,40.5,40.2,39.9,39.7,39.4,39.1,38.8,38.6,38.4,38.4,39.0,40.3,42.6,45.9,49.5,53.0,55.6,57.2,57.7,56.9,55.2,52.9,50.6,48.6,46.9,45.9,45.3,45.2,45.4,45.5,45.7,45.7,45.6,45.5,45.2,44.9,44.5,44.1,43.6,43.1,42.7,42.3,41.9,41.6,41.3,41.1,40.8,40.6,40.5,40.4,40.2,40.0,39.7,39.5,39.2,38.9,38.6,38.3,38.1,37.8,37.6,37.4,37.2,37.4,38.1,39.6,42.3,45.6,49.4,52.9,55.6,57.2,57.8,57.1,55.4,53.2,51.0,48.9,47.3,46.1,45.4,45.2,45.2,45.4,45.5,45.6,45.6,45.6,45.4,45.1,44.7,44.2,43.7,43.3,42.9,42.5,42.1,41.8,41.4,41.2,41.0,40.8,40.7,40.5,40.4,40.1,39.9,39.6,39.3,38.9,38.7,38.4,38.1,37.9,37.6,37.4,37.4,37.7,38.7,40.6</WaveformData>
            <WaveformData ID="4214108" Label="Unk lbl 4214108" UOM="Uncalib" Cal="0,0,0,0" SampleRate="125" SamplePeriodInMsec="1000" Samples="125">2535,2506,2477,2457,2428,2408,2389,2369,2360,2340,2330,2330,2330,2340,2350,2379,2418,2467,2525,2594,2681,2779,2867,2964,3052,3140,3208,3276,3315,3354,3374,3374,3364,3345,3315,3276,3237,3198,3149,3110,3062,3023,2974,2935,2886,2847,2798,2750,2711,2662,2623,2574,2535,2496,2457,2418,2379,2340,2301,2272,2233,2194,2165,2126,2096,2067,2048,2048,2038,2038,2048,2067,2106,2145,2204,2272,2340,2408,2486,2555,2613,2662,2701,2730,2740,2567,2559,2552,2530,2508,2486,2464,2442,2413,2391,2362,2340,2318,2289,2267,2245,2216,2186,2165,2135,2106,2084,2055,2033,2011,1982,1953,1931,1909,1879,1857,1835,1821,1799,1784,1770,1762,1762,1770,1784</WaveformData>
      </Waveforms>
      <VitalSigns CollectionTime="12/21/2017 1:52:40 PM" CollectionTimeUTC="1513885960">
            <VitalSign>
                  <Parameter>HR</Parameter>
                  <BpChannel />
                  <Time>12/21/2017 1:52:40 PM</Time>
                  <TimeUTC>1513885960</TimeUTC>
                  <Value UOM="Bpm" Q="">140</Value>
                  <AlarmLimitLow />
                  <AlarmLimitHigh />
            </VitalSign>
            <VitalSign>
                  <Parameter>NBP-S</Parameter>
                  <BpChannel />
                  <Time>12/21/2017 8:23:00 PM</Time>
                  <TimeUTC>1513909380</TimeUTC>
                  <Value UOM="mmHg" Q="">NODATA</Value>
                  <AlarmLimitLow />
                  <AlarmLimitHigh />
            </VitalSign>
            <VitalSign>
                  <Parameter>NBP-D</Parameter>
                  <BpChannel />
                  <Time>12/21/2017 8:23:00 PM</Time>
                  <TimeUTC>1513909380</TimeUTC>
                  <Value UOM="mmHg" Q="">NODATA</Value>
                  <AlarmLimitLow />
                  <AlarmLimitHigh />
            </VitalSign>
            <VitalSign>
                  <Parameter>NBP-M</Parameter>
                  <BpChannel />
                  <Time>12/21/2017 8:23:00 PM</Time>
                  <TimeUTC>1513909380</TimeUTC>
                  <Value UOM="mmHg" Q="">NODATA</Value>
                  <AlarmLimitLow />
                  <AlarmLimitHigh />
            </VitalSign>
            <VitalSign>
                  <Parameter>PVC</Parameter>
                  <BpChannel />
                  <Time>12/21/2017 1:52:40 PM</Time>
                  <TimeUTC>1513885960</TimeUTC>
                  <Value UOM="Bpm" Q="">0</Value>
                  <AlarmLimitLow />
                  <AlarmLimitHigh />
            </VitalSign>
            <VitalSign>
                  <Parameter>RHY</Parameter>
                  <BpChannel />
                  <Time>12/21/2017 1:52:40 PM</Time>
                  <TimeUTC>1513885960</TimeUTC>
                  <Value UOM="" Q="">SV RHYTHM</Value>
                  <AlarmLimitLow />
                  <AlarmLimitHigh />
            </VitalSign>
            <VitalSign>
                  <Parameter>ECT</Parameter>
                  <BpChannel />
                  <Time>12/21/2017 1:52:40 PM</Time>
                  <TimeUTC>1513885960</TimeUTC>
                  <Value UOM="" Q="" />
                  <AlarmLimitLow />
                  <AlarmLimitHigh />
            </VitalSign>
            <VitalSign>
                  <Parameter>RESP</Parameter>
                  <BpChannel />
                  <Time>12/21/2017 1:52:40 PM</Time>
                  <TimeUTC>1513885960</TimeUTC>
                  <Value UOM="BrMin" Q="">35</Value>
                  <AlarmLimitLow />
                  <AlarmLimitHigh />
            </VitalSign>
            <VitalSign>
                  <Parameter>SPO2</Parameter>
                  <BpChannel />
                  <Time>12/21/2017 1:52:40 PM</Time>
                  <TimeUTC>1513885960</TimeUTC>
                  <Value UOM="%" Q="">100</Value>
                  <AlarmLimitLow />
                  <AlarmLimitHigh />
            </VitalSign>
            <VitalSign>
                  <Parameter>PULSE</Parameter>
                  <BpChannel />
                  <Time>12/21/2017 1:52:40 PM</Time>
                  <TimeUTC>1513885960</TimeUTC>
                  <Value UOM="BPM" Q="">140</Value>
                  <AlarmLimitLow />
                  <AlarmLimitHigh />
            </VitalSign>
            <VitalSign>
                  <Parameter>ABP-S</Parameter>
                  <BpChannel />
                  <Time>12/21/2017 1:52:40 PM</Time>
                  <TimeUTC>1513885960</TimeUTC>
                  <Value UOM="mmHg" Q="">58</Value>
                  <AlarmLimitLow />
                  <AlarmLimitHigh />
            </VitalSign>
            <VitalSign>
                  <Parameter>ABP-D</Parameter>
                  <BpChannel />
                  <Time>12/21/2017 1:52:40 PM</Time>
                  <TimeUTC>1513885960</TimeUTC>
                  <Value UOM="mmHg" Q="">38</Value>
                  <AlarmLimitLow />
                  <AlarmLimitHigh />
            </VitalSign>
            <VitalSign>
                  <Parameter>ABP-M</Parameter>
                  <BpChannel />
                  <Time>12/21/2017 1:52:40 PM</Time>
                  <TimeUTC>1513885960</TimeUTC>
                  <Value UOM="mmHg" Q="">45</Value>
                  <AlarmLimitLow />
                  <AlarmLimitHigh />
            </VitalSign>
      </VitalSigns>
      <Alarms />
      <ImportedData />
      <Waveforms CollectionTime="12/21/2017 1:52:41 PM" CollectionTimeUTC="1513885961" TTX="" DisplayOrder="">
            <WaveformData ID="3230796" Label="RESP" UOM="Ohms" Cal="0,1,1230,2867" SampleRate="125" SamplePeriodInMsec="1000" Samples="125">-0.1,-0.1,-0.1,-0.1,-0.1,-0.1,-0.1,-0.1,-0.1,-0.1,-0.2,-0.2,-0.2,-0.2,-0.2,-0.2,-0.2,-0.2,-0.2,-0.2,-0.2,-0.2,-0.2,-0.2,-0.2,-0.1,-0.1,-0.1,-0.1,-0.1,-0.1,-0.1,0.0,0.0,0.0,0.0,0.1,0.1,0.1,0.1,0.2,0.2,0.3,0.3,0.4,0.4,0.5,0.5,0.5,0.6,0.6,0.6,0.7,0.7,0.7,0.8,0.8,0.8,0.8,0.9,0.9,0.9,0.9,0.9,0.9,0.9,0.9,1.0,1.0,1.0,1.0,1.0,1.0,1.0,1.0,1.0,1.0,1.0,1.0,1.0,1.0,0.9,0.9,0.9,0.9,0.9,0.9,0.9,0.8,0.8,0.8,0.8,0.7,0.7,0.7,0.6,0.6,0.6,0.6,0.5,0.5,0.5,0.4,0.4,0.4,0.3,0.3,0.3,0.2,0.2,0.2,0.2,0.2,0.1,0.1,0.1,0.1,0.1,0.0,0.0,0.0,0.0,0.0,0.0,0.0</WaveformData>
            <WaveformData ID="4487318" Label="II" UOM="mV" Cal="0,1,1023,3071" SampleRate="125" SamplePeriodInMsec="1000" Samples="125">0.92,0.88,0.84,0.795,0.755,0.715,0.67,0.635,0.6,0.57,0.585,0.635,0.71,0.745,0.7,0.61,0.54,0.52,0.52,0.525,0.525,0.525,0.53,0.535,0.505,0.66,1.295,1.5,1.305,0.475,0.32,0.505,0.585,0.59,0.595,0.6,0.6,0.6,0.6,0.6,0.6,0.605,0.62,0.64,0.665,0.695,0.725,0.755,0.77,0.785,0.79,0.785,0.765,0.735,0.69,0.64,0.595,0.55,0.51,0.47,0.435,0.405,0.375,0.365,0.39,0.46,0.54,0.56,0.505,0.435,0.395,0.395,0.405,0.415,0.425,0.44,0.46,0.47,0.455,0.75,1.435,1.5,0.985,0.38,0.345,0.6,0.65,0.67,0.69,0.705,0.725,0.74,0.75,0.765,0.78,0.805,0.83,0.865,0.9,0.945,0.98,1.015,1.04,1.06,1.07,1.06,1.04,1.005,0.97,0.92,0.88,0.83,0.785,0.745,0.7,0.665,0.63,0.625,0.66,0.73,0.79,0.8,0.72,0.64,0.61</WaveformData>
            <WaveformData ID="4214093" Label="SPO2" UOM="Uncalib" Cal="0,0,0,0" SampleRate="125" SamplePeriodInMsec="1000" Samples="125">1892.0,1843.0,1794.0,1745.0,1697.0,1648.0,1599.0,1550.0,1501.0,1443.0,1394.0,1336.0,1287.0,1238.0,1199.0,1170.0,1150.0,1160.0,1189.0,1238.0,1316.0,1404.0,1531.0,1667.0,1804.0,1950.0,2087.0,2213.0,2330.0,2418.0,2486.0,2545.0,2564.0,2584.0,2584.0,2564.0,2545.0,2525.0,2506.0,2486.0,2457.0,2438.0,2418.0,2389.0,2375.0,2344.0,2314.0,2273.0,2232.0,2181.0,2129.0,2078.0,2037.0,1986.0,1935.0,1884.0,1833.0,1781.0,1730.0,1679.0,1628.0,1566.0,1515.0,1454.0,1402.0,1351.0,1300.0,1249.0,1218.0,1208.0,1208.0,1239.0,1290.0,1382.0,1495.0,1628.0,1781.0,1945.0,2119.0,2283.0,2457.0,2600.0,2734.0,2836.0,2918.0,2979.0,3010.0,3031.0,3041.0,3041.0,3041.0,3041.0,3031.0,3020.0,3010.0,3010.0,2990.0,2979.0,2959.0,2928.0,2897.0,2867.0,2826.0,2764.0,2713.0,2652.0,2590.0,2519.0,2457.0,2396.0,2334.0,2273.0,2201.0,2140.0,2078.0,2027.0,1966.0,1904.0,1843.0,1781.0,1730.0,1679.0,1638.0,1618.0,1618.0</WaveformData>
            <WaveformData ID="3289908" Label="ABP" UOM="mmHg" Cal="30,60,307,3378" SampleRate="125" SamplePeriodInMsec="1000" Samples="125">43.6,47.3,51.1,54.4,56.7,58.1,58.3,57.4,55.8,53.6,51.4,49.5,48.0,47.0,46.4,46.2,46.3,46.5,46.7,46.8,46.8,46.7,46.4,46.1,45.7,45.4,45.0,44.6,44.2,43.7,43.4,43.1,42.8,42.6,42.4,42.3,42.1,41.9,41.8,41.5,41.3,41.1,40.8,40.6,40.3,40.0,39.7,39.4,39.1,38.9,39.1,39.7,41.3,44.1,48.0,52.2,56.1,59.2,61.4,62.3,61.9,60.6,58.4,56.0,53.6,51.6,49.9,48.8,48.2,47.9,47.9,48.0,48.1,48.1,48.0,47.8,47.5,47.1,46.7,46.2,45.8,45.3,44.8,44.3,43.9,43.6,43.2,42.9,42.6,42.4,42.3,42.1,41.8,41.6,41.2,40.9,40.6,40.3,40.1,39.7,39.5,39.2,38.9,38.7,38.8,39.4,40.7,43.0,46.2,49.9,53.3,55.9,57.5,57.9,57.1,55.4,53.2,50.9,48.9,47.3,46.2,45.6,45.4,45.5,45.6</WaveformData>
            <WaveformData ID="4214108" Label="Unk lbl 4214108" UOM="Uncalib" Cal="0,0,0,0" SampleRate="125" SamplePeriodInMsec="1000" Samples="125">1806,1835,1879,1931,1982,2048,2099,2157,2216,2260,2303,2340,2362,2377,2377,2377,2369,2347,2333,2311,2289,2267,2245,2223,2194,2172,2150,2128,2106,2084,2055,2040,2018,1989,1967,1945,1916,1894,1872,1850,1828,1799,1784,1762,1740,1726,1704,1689,1682,1675,1675,1675,1689,1711,1740,1784,1828,1887,1945,2011,2069,2128,2186,2238,2282,2311,2333,2347,2355,2347,2333,2318,2296,2274,2252,2230,2201,2179,2157,2128,2106,2084,2062,2048,2022,1988,1962,1945,1920,1894,1868,1851,1834,1817,1809,1792,1783,1775,1766,1758,1758,1758,1758,1766,1775,1792,1826,1868,1920,1979,2048,2124,2201,2286,2372,2457,2525,2585,2645,2687,2713,2730,2747,2747,2747</WaveformData>
      </Waveforms>
      <VitalSigns CollectionTime="12/21/2017 1:52:41 PM" CollectionTimeUTC="1513885961">
            <VitalSign>
                  <Parameter>HR</Parameter>
                  <BpChannel />
                  <Time>12/21/2017 1:52:41 PM</Time>
                  <TimeUTC>1513885961</TimeUTC>
                  <Value UOM="Bpm" Q="">140</Value>
                  <AlarmLimitLow />
                  <AlarmLimitHigh />
            </VitalSign>
            <VitalSign>
                  <Parameter>NBP-S</Parameter>
                  <BpChannel />
                  <Time>12/21/2017 8:23:00 PM</Time>
                  <TimeUTC>1513909380</TimeUTC>
                  <Value UOM="mmHg" Q="">NODATA</Value>
                  <AlarmLimitLow />
                  <AlarmLimitHigh />
            </VitalSign>
            <VitalSign>
                  <Parameter>NBP-D</Parameter>
                  <BpChannel />
                  <Time>12/21/2017 8:23:00 PM</Time>
                  <TimeUTC>1513909380</TimeUTC>
                  <Value UOM="mmHg" Q="">NODATA</Value>
                  <AlarmLimitLow />
                  <AlarmLimitHigh />
            </VitalSign>
            <VitalSign>
                  <Parameter>NBP-M</Parameter>
                  <BpChannel />
                  <Time>12/21/2017 8:23:00 PM</Time>
                  <TimeUTC>1513909380</TimeUTC>
                  <Value UOM="mmHg" Q="">NODATA</Value>
                  <AlarmLimitLow />
                  <AlarmLimitHigh />
            </VitalSign>
            <VitalSign>
                  <Parameter>PVC</Parameter>
                  <BpChannel />
                  <Time>12/21/2017 1:52:41 PM</Time>
                  <TimeUTC>1513885961</TimeUTC>
                  <Value UOM="Bpm" Q="">0</Value>
                  <AlarmLimitLow />
                  <AlarmLimitHigh />
            </VitalSign>
            <VitalSign>
                  <Parameter>RHY</Parameter>
                  <BpChannel />
                  <Time>12/21/2017 1:52:41 PM</Time>
                  <TimeUTC>1513885961</TimeUTC>
                  <Value UOM="" Q="">SV RHYTHM</Value>
                  <AlarmLimitLow />
                  <AlarmLimitHigh />
            </VitalSign>
            <VitalSign>
                  <Parameter>ECT</Parameter>
                  <BpChannel />
                  <Time>12/21/2017 1:52:41 PM</Time>
                  <TimeUTC>1513885961</TimeUTC>
                  <Value UOM="" Q="" />
                  <AlarmLimitLow />
                  <AlarmLimitHigh />
            </VitalSign>
            <VitalSign>
                  <Parameter>RESP</Parameter>
                  <BpChannel />
                  <Time>12/21/2017 1:52:41 PM</Time>
                  <TimeUTC>1513885961</TimeUTC>
                  <Value UOM="BrMin" Q="">35</Value>
                  <AlarmLimitLow />
                  <AlarmLimitHigh />
            </VitalSign>
            <VitalSign>
                  <Parameter>SPO2</Parameter>
                  <BpChannel />
                  <Time>12/21/2017 1:52:41 PM</Time>
                  <TimeUTC>1513885961</TimeUTC>
                  <Value UOM="%" Q="">100</Value>
                  <AlarmLimitLow />
                  <AlarmLimitHigh />
            </VitalSign>
            <VitalSign>
                  <Parameter>PULSE</Parameter>
                  <BpChannel />
                  <Time>12/21/2017 1:52:41 PM</Time>
                  <TimeUTC>1513885961</TimeUTC>
                  <Value UOM="BPM" Q="">140</Value>
                  <AlarmLimitLow />
                  <AlarmLimitHigh />
            </VitalSign>
            <VitalSign>
                  <Parameter>ABP-S</Parameter>
                  <BpChannel />
                  <Time>12/21/2017 1:52:41 PM</Time>
                  <TimeUTC>1513885961</TimeUTC>
                  <Value UOM="mmHg" Q="">58</Value>
                  <AlarmLimitLow />
                  <AlarmLimitHigh />
            </VitalSign>
            <VitalSign>
                  <Parameter>ABP-D</Parameter>
                  <BpChannel />
                  <Time>12/21/2017 1:52:41 PM</Time>
                  <TimeUTC>1513885961</TimeUTC>
                  <Value UOM="mmHg" Q="">38</Value>
                  <AlarmLimitLow />
                  <AlarmLimitHigh />
            </VitalSign>
            <VitalSign>
                  <Parameter>ABP-M</Parameter>
                  <BpChannel />
                  <Time>12/21/2017 1:52:41 PM</Time>
                  <TimeUTC>1513885961</TimeUTC>
                  <Value UOM="mmHg" Q="">45</Value>
                  <AlarmLimitLow />
                  <AlarmLimitHigh />
            </VitalSign>
      </VitalSigns>
      <Alarms />
      <ImportedData />
      <Waveforms CollectionTime="12/21/2017 1:52:42 PM" CollectionTimeUTC="1513885962" TTX="" DisplayOrder="">
            <WaveformData ID="3230796" Label="RESP" UOM="Ohms" Cal="0,1,1230,2867" SampleRate="125" SamplePeriodInMsec="1000" Samples="125">-0.1,-0.1,-0.1,-0.1,-0.1,-0.1,-0.1,-0.1,-0.1,-0.1,-0.1,-0.1,-0.1,-0.1,-0.1,-0.1,-0.1,-0.1,-0.1,-0.1,-0.1,-0.1,-0.1,-0.1,-0.1,-0.1,-0.1,-0.1,-0.1,-0.1,-0.1,-0.1,-0.1,-0.1,-0.1,-0.2,-0.2,-0.2,-0.2,-0.2,-0.2,-0.2,-0.2,-0.2,-0.2,-0.2,-0.2,-0.2,-0.2,-0.2,-0.2,-0.2,-0.2,-0.2,-0.2,-0.2,-0.2,-0.2,-0.2,-0.2,-0.2,-0.2,-0.2,-0.2,-0.2,-0.2,-0.2,-0.2,-0.2,-0.2,-0.2,-0.2,-0.2,-0.2,-0.2,-0.2,-0.1,-0.1,-0.1,-0.1,-0.1,-0.1,-0.1,-0.1,-0.1,-0.1,-0.1,-0.1,-0.1,-0.1,-0.1,-0.1,-0.1,-0.1,-0.1,-0.1,-0.1,-0.1,-0.1,-0.1,-0.2,-0.2,-0.2,-0.2,-0.2,-0.2,-0.2,-0.2,-0.2,-0.2,-0.2,-0.2,-0.2,-0.2,-0.1,-0.1,-0.1,-0.1,-0.1,-0.1,0.0,0.0,0.0,0.0,0.1</WaveformData>
            <WaveformData ID="4487318" Label="II" UOM="mV" Cal="0,1,1023,3071" SampleRate="125" SamplePeriodInMsec="1000" Samples="125">0.615,0.62,0.625,0.625,0.635,0.65,0.64,0.625,1.02,1.5,1.5,1,0.48,0.575,0.74,0.77,0.77,0.78,0.785,0.79,0.79,0.795,0.8,0.81,0.82,0.84,0.87,0.9,0.935,0.97,1,1.025,1.04,1.045,1.035,1.01,0.975,0.935,0.89,0.845,0.795,0.75,0.71,0.67,0.63,0.6,0.61,0.65,0.72,0.76,0.74,0.66,0.59,0.565,0.57,0.575,0.585,0.595,0.61,0.62,0.595,0.665,1.185,1.5,1.5,0.76,0.44,0.605,0.72,0.735,0.74,0.745,0.75,0.755,0.755,0.76,0.77,0.78,0.79,0.81,0.835,0.87,0.9,0.935,0.96,0.985,1,1,0.98,0.955,0.92,0.875,0.835,0.795,0.755,0.715,0.675,0.635,0.6,0.58,0.6,0.65,0.715,0.73,0.66,0.575,0.52,0.51,0.51,0.505,0.505,0.51,0.52,0.51,0.495,0.76,1.485,1.5,1.05,0.35,0.295,0.525,0.575,0.58,0.585</WaveformData>
            <WaveformData ID="4214093" Label="SPO2" UOM="Uncalib" Cal="0,0,0,0" SampleRate="125" SamplePeriodInMsec="1000" Samples="125">1638.0,1679.0,1751.0,1833.0,1935.0,2048.0,2160.0,2283.0,2396.0,2508.0,2590.0,2662.0,2703.0,2723.0,2734.0,2723.0,2703.0,2682.0,2662.0,2652.0,2621.0,2590.0,2560.0,2529.0,2498.0,2467.0,2437.0,2396.0,2355.0,2314.0,2263.0,2222.0,2160.0,2109.0,2058.0,2007.0,1955.0,1894.0,1843.0,1781.0,1730.0,1669.0,1607.0,1556.0,1495.0,1433.0,1372.0,1310.0,1249.0,1187.0,1136.0,1085.0,1054.0,1034.0,1044.0,1065.0,1126.0,1198.0,1300.0,1423.0,1566.0,1710.0,1853.0,1996.0,2119.0,2232.0,2324.0,2385.0,2437.0,2457.0,2467.0,2467.0,2447.0,2426.0,2406.0,2375.0,2355.0,2334.0,2304.0,2283.0,2252.0,2222.0,2191.0,2160.0,2119.0,2088.0,2048.0,2007.0,1966.0,1914.0,1874.0,1822.0,1771.0,1720.0,1669.0,1607.0,1556.0,1505.0,1443.0,1392.0,1331.0,1269.0,1218.0,1167.0,1116.0,1085.0,1054.0,1065.0,1085.0,1126.0,1208.0,1290.0,1433.0,1577.0,1740.0,1904.0,2048.0,2181.0,2304.0,2406.0,2478.0,2539.0,2570.0,2580.0,2590.0</WaveformData>
            <WaveformData ID="3289908" Label="ABP" UOM="mmHg" Cal="30,60,307,3378" SampleRate="125" SamplePeriodInMsec="1000" Samples="125">45.7,45.8,45.7,45.6,45.4,45.0,44.6,44.2,43.7,43.3,42.8,42.4,42.1,41.8,41.5,41.2,41.0,40.8,40.6,40.5,40.3,40.1,39.8,39.6,39.3,39.0,38.7,38.4,38.2,37.9,37.7,37.5,37.4,37.5,38.1,39.7,42.4,46.0,49.9,53.4,56.1,57.6,58.0,57.2,55.6,53.4,51.1,49.0,47.4,46.2,45.6,45.4,45.5,45.6,45.7,45.7,45.7,45.7,45.5,45.2,44.8,44.4,43.9,43.4,43.0,42.6,42.1,41.8,41.4,41.2,41.1,40.9,40.8,40.6,40.4,40.1,39.9,39.7,39.4,39.1,38.8,38.6,38.2,38.0,37.7,37.6,37.6,37.9,39.0,41.1,44.2,48.0,51.9,55.1,57.5,58.8,58.8,57.7,55.8,53.4,51.2,49.3,47.9,47.0,46.6,46.5,46.6,46.7,46.8,46.8,46.7,46.6,46.4,46.1,45.9,45.5,45.1,44.7,44.2,43.9,43.6,43.2,42.9,42.7,42.6</WaveformData>
            <WaveformData ID="4214108" Label="Unk lbl 4214108" UOM="Uncalib" Cal="0,0,0,0" SampleRate="125" SamplePeriodInMsec="1000" Samples="125">2739,2722,2713,2696,2679,2662,2645,2619,2602,2576,2559,2534,2508,2474,2449,2423,2389,2363,2329,2303,2269,2244,2210,2175,2141,2107,2082,2048,2022,1996,1962,1945,1928,1911,1911,1911,1928,1954,1988,2031,2073,2124,2175,2227,2278,2321,2355,2372,2389,2389,2380,2363,2346,2321,2286,2261,2227,2201,2167,2133,2107,2073,2048,2022,1996,1962,1937,1903,1868,1843,1809,1775,1749,1715,1689,1664,1630,1604,1578,1553,1527,1510,1484,1177,1164,1139,1139,1139,1164,1190,1241,1305,1382,1484,1574,1689,1792,1894,1984,2060,2124,2176,2214,2227,2240,2227,2201,2176,2150,2112,2073,2048,2009,1971,1932,1907,1868,1830,1792,1766,1728,1689,1651,1612,1574</WaveformData>
      </Waveforms>
      <VitalSigns CollectionTime="12/21/2017 1:52:42 PM" CollectionTimeUTC="1513885962">
            <VitalSign>
                  <Parameter>HR</Parameter>
                  <BpChannel />
                  <Time>12/21/2017 1:52:42 PM</Time>
                  <TimeUTC>1513885962</TimeUTC>
                  <Value UOM="Bpm" Q="">140</Value>
                  <AlarmLimitLow />
                  <AlarmLimitHigh />
            </VitalSign>
            <VitalSign>
                  <Parameter>NBP-S</Parameter>
                  <BpChannel />
                  <Time>12/21/2017 8:23:00 PM</Time>
                  <TimeUTC>1513909380</TimeUTC>
                  <Value UOM="mmHg" Q="">NODATA</Value>
                  <AlarmLimitLow />
                  <AlarmLimitHigh />
            </VitalSign>
            <VitalSign>
                  <Parameter>NBP-D</Parameter>
                  <BpChannel />
                  <Time>12/21/2017 8:23:00 PM</Time>
                  <TimeUTC>1513909380</TimeUTC>
                  <Value UOM="mmHg" Q="">NODATA</Value>
                  <AlarmLimitLow />
                  <AlarmLimitHigh />
            </VitalSign>
            <VitalSign>
                  <Parameter>NBP-M</Parameter>
                  <BpChannel />
                  <Time>12/21/2017 8:23:00 PM</Time>
                  <TimeUTC>1513909380</TimeUTC>
                  <Value UOM="mmHg" Q="">NODATA</Value>
                  <AlarmLimitLow />
                  <AlarmLimitHigh />
            </VitalSign>
            <VitalSign>
                  <Parameter>PVC</Parameter>
                  <BpChannel />
                  <Time>12/21/2017 1:52:42 PM</Time>
                  <TimeUTC>1513885962</TimeUTC>
                  <Value UOM="Bpm" Q="">0</Value>
                  <AlarmLimitLow />
                  <AlarmLimitHigh />
            </VitalSign>
            <VitalSign>
                  <Parameter>RHY</Parameter>
                  <BpChannel />
                  <Time>12/21/2017 1:52:42 PM</Time>
                  <TimeUTC>1513885962</TimeUTC>
                  <Value UOM="" Q="">SV RHYTHM</Value>
                  <AlarmLimitLow />
                  <AlarmLimitHigh />
            </VitalSign>
            <VitalSign>
                  <Parameter>ECT</Parameter>
                  <BpChannel />
                  <Time>12/21/2017 1:52:42 PM</Time>
                  <TimeUTC>1513885962</TimeUTC>
                  <Value UOM="" Q="" />
                  <AlarmLimitLow />
                  <AlarmLimitHigh />
            </VitalSign>
            <VitalSign>
                  <Parameter>RESP</Parameter>
                  <BpChannel />
                  <Time>12/21/2017 1:52:42 PM</Time>
                  <TimeUTC>1513885962</TimeUTC>
                  <Value UOM="BrMin" Q="">35</Value>
                  <AlarmLimitLow />
                  <AlarmLimitHigh />
            </VitalSign>
            <VitalSign>
                  <Parameter>SPO2</Parameter>
                  <BpChannel />
                  <Time>12/21/2017 1:52:42 PM</Time>
                  <TimeUTC>1513885962</TimeUTC>
                  <Value UOM="%" Q="">100</Value>
                  <AlarmLimitLow />
                  <AlarmLimitHigh />
            </VitalSign>
            <VitalSign>
                  <Parameter>PULSE</Parameter>
                  <BpChannel />
                  <Time>12/21/2017 1:52:42 PM</Time>
                  <TimeUTC>1513885962</TimeUTC>
                  <Value UOM="BPM" Q="">140</Value>
                  <AlarmLimitLow />
                  <AlarmLimitHigh />
            </VitalSign>
            <VitalSign>
                  <Parameter>ABP-S</Parameter>
                  <BpChannel />
                  <Time>12/21/2017 1:52:42 PM</Time>
                  <TimeUTC>1513885962</TimeUTC>
                  <Value UOM="mmHg" Q="">58</Value>
                  <AlarmLimitLow />
                  <AlarmLimitHigh />
            </VitalSign>
            <VitalSign>
                  <Parameter>ABP-D</Parameter>
                  <BpChannel />
                  <Time>12/21/2017 1:52:42 PM</Time>
                  <TimeUTC>1513885962</TimeUTC>
                  <Value UOM="mmHg" Q="">38</Value>
                  <AlarmLimitLow />
                  <AlarmLimitHigh />
            </VitalSign>
            <VitalSign>
                  <Parameter>ABP-M</Parameter>
                  <BpChannel />
                  <Time>12/21/2017 1:52:42 PM</Time>
                  <TimeUTC>1513885962</TimeUTC>
                  <Value UOM="mmHg" Q="">45</Value>
                  <AlarmLimitLow />
                  <AlarmLimitHigh />
            </VitalSign>
      </VitalSigns>
      <Alarms />
      <ImportedData />
      <Waveforms CollectionTime="12/21/2017 1:52:43 PM" CollectionTimeUTC="1513885963" TTX="" DisplayOrder="">
            <WaveformData ID="3230796" Label="RESP" UOM="Ohms" Cal="0,1,1230,2867" SampleRate="125" SamplePeriodInMsec="1000" Samples="125">0.1,0.1,0.2,0.2,0.3,0.3,0.3,0.4,0.4,0.4,0.5,0.5,0.6,0.6,0.7,0.7,0.7,0.8,0.8,0.8,0.8,0.9,0.9,0.9,0.9,0.9,0.9,0.9,0.9,1.0,1.0,1.0,1.0,1.0,1.0,1.0,1.0,1.0,1.0,1.0,1.0,1.0,0.9,0.9,0.9,0.9,0.9,0.9,0.9,0.9,0.8,0.8,0.8,0.8,0.7,0.7,0.7,0.6,0.6,0.6,0.5,0.5,0.5,0.4,0.4,0.4,0.3,0.3,0.3,0.3,0.2,0.2,0.2,0.1,0.1,0.1,0.1,0.1,0.1,0.0,0.0,0.0,0.0,0.0,0.0,-0.1,-0.1,-0.1,-0.1,-0.1,-0.1,-0.1,-0.1,-0.1,-0.1,-0.1,-0.1,-0.2,-0.2,-0.2,-0.2,-0.2,-0.2,-0.2,-0.2,-0.2,-0.2,-0.2,-0.2,-0.2,-0.2,-0.2,-0.2,-0.2,-0.2,-0.2,-0.2,-0.2,-0.2,-0.2,-0.2,-0.2,-0.2,-0.2,-0.2</WaveformData>
            <WaveformData ID="4487318" Label="II" UOM="mV" Cal="0,1,1023,3071" SampleRate="125" SamplePeriodInMsec="1000" Samples="125">0.585,0.59,0.585,0.58,0.58,0.585,0.6,0.615,0.635,0.66,0.685,0.72,0.745,0.76,0.77,0.775,0.76,0.735,0.7,0.655,0.61,0.57,0.53,0.485,0.45,0.415,0.39,0.37,0.365,0.415,0.495,0.56,0.565,0.485,0.415,0.395,0.4,0.41,0.415,0.43,0.45,0.47,0.46,0.51,0.935,1.5,1.5,0.75,0.35,0.495,0.64,0.67,0.69,0.705,0.72,0.735,0.745,0.755,0.765,0.785,0.805,0.83,0.87,0.905,0.95,0.99,1.02,1.045,1.06,1.065,1.045,1.02,0.99,0.945,0.895,0.85,0.805,0.76,0.72,0.68,0.64,0.615,0.625,0.675,0.745,0.785,0.755,0.675,0.615,0.595,0.6,0.605,0.605,0.615,0.63,0.64,0.615,0.725,1.295,1.5,1.5,0.7,0.47,0.65,0.755,0.765,0.775,0.78,0.785,0.79,0.79,0.795,0.8,0.81,0.825,0.85,0.875,0.905,0.94,0.975,1.005,1.03,1.04,1.045,1.025</WaveformData>
            <WaveformData ID="4214093" Label="SPO2" UOM="Uncalib" Cal="0,0,0,0" SampleRate="125" SamplePeriodInMsec="1000" Samples="125">2570.0,2560.0,2529.0,2508.0,2488.0,2457.0,2437.0,2416.0,2385.0,2355.0,2324.0,2283.0,2242.0,2201.0,2160.0,2109.0,2058.0,2017.0,1966.0,1914.0,1863.0,1812.0,1761.0,1699.0,1648.0,1597.0,1536.0,1484.0,1423.0,1372.0,1321.0,1269.0,1218.0,1187.0,1177.0,1177.0,1208.0,1259.0,1351.0,1464.0,1597.0,1761.0,1945.0,2103.0,2262.0,2420.0,2550.0,2680.0,2783.0,2857.0,2922.0,2950.0,2978.0,2988.0,2988.0,2988.0,2978.0,2969.0,2960.0,2941.0,2932.0,2913.0,2895.0,2876.0,2848.0,2820.0,2792.0,2755.0,2718.0,2671.0,2634.0,2587.0,2532.0,2494.0,2476.0,2448.0,2401.0,2345.0,2299.0,2243.0,2187.0,2141.0,2075.0,2029.0,1973.0,1917.0,1861.0,1815.0,1768.0,1731.0,1722.0,1713.0,1740.0,1787.0,1843.0,1927.0,2020.0,2113.0,2224.0,2327.0,2420.0,2513.0,2578.0,2625.0,2662.0,2671.0,2671.0,2653.0,2634.0,2606.0,2569.0,2541.0,2504.0,2476.0,2448.0,2411.0,2383.0,2345.0,2308.0,2271.0,2224.0,2178.0,2131.0,2085.0,2048.0</WaveformData>
            <WaveformData ID="3289908" Label="ABP" UOM="mmHg" Cal="30,60,307,3378" SampleRate="125" SamplePeriodInMsec="1000" Samples="125">42.4,42.3,42.1,41.8,41.6,41.2,41.0,40.7,40.5,40.2,39.9,39.6,39.4,39.1,39.0,39.3,40.1,42.1,45.2,49.2,53.5,57.3,60.2,62.1,62.7,62.2,60.6,58.3,55.8,53.2,51.1,49.6,48.6,48.0,47.8,47.9,48.0,48.1,48.1,48.0,47.7,47.4,47.0,46.5,46.1,45.6,45.1,44.6,44.2,43.8,43.4,43.1,42.8,42.6,42.4,42.3,42.1,41.8,41.6,41.2,41.0,40.7,40.4,40.1,39.7,39.4,39.1,38.9,38.7,39.0,39.7,41.1,43.3,46.5,50.3,53.8,56.3,57.6,57.6,56.5,54.6,52.4,50.2,48.2,46.8,46.0,45.6,45.5,45.6,45.7,45.7,45.7,45.6,45.4,45.2,44.8,44.4,43.9,43.5,43.1,42.7,42.3,41.9,41.6,41.3,41.1,40.9,40.8,40.6,40.5,40.2,40.0,39.7,39.4,39.2,38.9,38.6,38.2,38.0,37.7,37.4,37.3,37.3,37.7,38.8</WaveformData>
            <WaveformData ID="4214108" Label="Unk lbl 4214108" UOM="Uncalib" Cal="0,0,0,0" SampleRate="125" SamplePeriodInMsec="1000" Samples="125">1536,1497,1459,1420,1382,1344,1305,1280,1254,1216,1190,1177,1152,1152,1164,1190,1216,1267,1331,1408,1497,1600,1715,1843,1958,2060,2176,2278,2355,2419,2470,2496,2508,2508,2483,2457,2419,2380,2342,2304,2252,2214,2176,2137,2099,2060,2035,1996,1958,1920,1881,1843,1817,1779,1753,1728,1702,1676,1664,1651,1638,1625,1612,1612,1600,1600,1600,1612,1625,1651,1689,1740,1817,1894,1996,2099,2214,2342,2470,2585,2700,2816,2962,3030,3099,3140,3167,3181,3181,3181,3153,3140,3112,3085,3058,3017,2989,2935,2880,2826,2771,2716,2662,2594,2539,2484,2416,2361,2307,2252,2198,2143,2088,2048,2007,1966,1911,1870,1829,1788,1747,1720,1706,1693,1693</WaveformData>
      </Waveforms>
      <VitalSigns CollectionTime="12/21/2017 1:52:43 PM" CollectionTimeUTC="1513885963">
            <VitalSign>
                  <Parameter>HR</Parameter>
                  <BpChannel />
                  <Time>12/21/2017 1:52:43 PM</Time>
                  <TimeUTC>1513885963</TimeUTC>
                  <Value UOM="Bpm" Q="">140</Value>
                  <AlarmLimitLow />
                  <AlarmLimitHigh />
            </VitalSign>
            <VitalSign>
                  <Parameter>NBP-S</Parameter>
                  <BpChannel />
                  <Time>12/21/2017 8:23:00 PM</Time>
                  <TimeUTC>1513909380</TimeUTC>
                  <Value UOM="mmHg" Q="">NODATA</Value>
                  <AlarmLimitLow />
                  <AlarmLimitHigh />
            </VitalSign>
            <VitalSign>
                  <Parameter>NBP-D</Parameter>
                  <BpChannel />
                  <Time>12/21/2017 8:23:00 PM</Time>
                  <TimeUTC>1513909380</TimeUTC>
                  <Value UOM="mmHg" Q="">NODATA</Value>
                  <AlarmLimitLow />
                  <AlarmLimitHigh />
            </VitalSign>
            <VitalSign>
                  <Parameter>NBP-M</Parameter>
                  <BpChannel />
                  <Time>12/21/2017 8:23:00 PM</Time>
                  <TimeUTC>1513909380</TimeUTC>
                  <Value UOM="mmHg" Q="">NODATA</Value>
                  <AlarmLimitLow />
                  <AlarmLimitHigh />
            </VitalSign>
            <VitalSign>
                  <Parameter>PVC</Parameter>
                  <BpChannel />
                  <Time>12/21/2017 1:52:43 PM</Time>
                  <TimeUTC>1513885963</TimeUTC>
                  <Value UOM="Bpm" Q="">0</Value>
                  <AlarmLimitLow />
                  <AlarmLimitHigh />
            </VitalSign>
            <VitalSign>
                  <Parameter>RHY</Parameter>
                  <BpChannel />
                  <Time>12/21/2017 1:52:43 PM</Time>
                  <TimeUTC>1513885963</TimeUTC>
                  <Value UOM="" Q="">SV RHYTHM</Value>
                  <AlarmLimitLow />
                  <AlarmLimitHigh />
            </VitalSign>
            <VitalSign>
                  <Parameter>ECT</Parameter>
                  <BpChannel />
                  <Time>12/21/2017 1:52:43 PM</Time>
                  <TimeUTC>1513885963</TimeUTC>
                  <Value UOM="" Q="" />
                  <AlarmLimitLow />
                  <AlarmLimitHigh />
            </VitalSign>
            <VitalSign>
                  <Parameter>RESP</Parameter>
                  <BpChannel />
                  <Time>12/21/2017 1:52:43 PM</Time>
                  <TimeUTC>1513885963</TimeUTC>
                  <Value UOM="BrMin" Q="">35</Value>
                  <AlarmLimitLow />
                  <AlarmLimitHigh />
            </VitalSign>
            <VitalSign>
                  <Parameter>SPO2</Parameter>
                  <BpChannel />
                  <Time>12/21/2017 1:52:43 PM</Time>
                  <TimeUTC>1513885963</TimeUTC>
                  <Value UOM="%" Q="">100</Value>
                  <AlarmLimitLow />
                  <AlarmLimitHigh />
            </VitalSign>
            <VitalSign>
                  <Parameter>PULSE</Parameter>
                  <BpChannel />
                  <Time>12/21/2017 1:52:43 PM</Time>
                  <TimeUTC>1513885963</TimeUTC>
                  <Value UOM="BPM" Q="">140</Value>
                  <AlarmLimitLow />
                  <AlarmLimitHigh />
            </VitalSign>
            <VitalSign>
                  <Parameter>ABP-S</Parameter>
                  <BpChannel />
                  <Time>12/21/2017 1:52:43 PM</Time>
                  <TimeUTC>1513885963</TimeUTC>
                  <Value UOM="mmHg" Q="">58</Value>
                  <AlarmLimitLow />
                  <AlarmLimitHigh />
            </VitalSign>
            <VitalSign>
                  <Parameter>ABP-D</Parameter>
                  <BpChannel />
                  <Time>12/21/2017 1:52:43 PM</Time>
                  <TimeUTC>1513885963</TimeUTC>
                  <Value UOM="mmHg" Q="">39</Value>
                  <AlarmLimitLow />
                  <AlarmLimitHigh />
            </VitalSign>
            <VitalSign>
                  <Parameter>ABP-M</Parameter>
                  <BpChannel />
                  <Time>12/21/2017 1:52:43 PM</Time>
                  <TimeUTC>1513885963</TimeUTC>
                  <Value UOM="mmHg" Q="">45</Value>
                  <AlarmLimitLow />
                  <AlarmLimitHigh />
            </VitalSign>
      </VitalSigns>
      <Alarms />
      <ImportedData />
      <Waveforms CollectionTime="12/21/2017 1:52:44 PM" CollectionTimeUTC="1513885964" TTX="" DisplayOrder="">
            <WaveformData ID="3230796" Label="RESP" UOM="Ohms" Cal="0,1,1230,2867" SampleRate="125" SamplePeriodInMsec="1000" Samples="125">-0.2,-0.2,-0.2,-0.2,-0.2,-0.2,-0.2,-0.2,-0.2,-0.2,-0.2,-0.2,-0.2,-0.2,-0.2,-0.2,-0.2,-0.2,-0.2,-0.2,-0.2,-0.2,-0.2,-0.2,-0.2,-0.2,-0.2,-0.2,-0.2,-0.2,-0.2,-0.2,-0.2,-0.2,-0.2,-0.2,-0.2,-0.2,-0.2,-0.2,-0.2,-0.2,-0.2,-0.2,-0.2,-0.2,-0.2,-0.2,-0.2,-0.1,-0.1,-0.1,-0.1,-0.1,-0.1,-0.1,-0.1,-0.1,-0.1,-0.1,-0.1,-0.1,-0.1,-0.1,-0.1,-0.1,-0.1,-0.2,-0.2,-0.2,-0.2,-0.2,-0.2,-0.2,-0.2,-0.2,-0.2,-0.2,-0.1,-0.1,-0.1,-0.1,-0.1,-0.1,-0.1,-0.1,0.0,0.0,0.0,0.1,0.1,0.1,0.2,0.2,0.2,0.3,0.3,0.4,0.4,0.4,0.5,0.5,0.6,0.6,0.6,0.7,0.7,0.7,0.8,0.8,0.8,0.8,0.9,0.9,0.9,0.9,0.9,0.9,0.9,0.9,0.9,1.0,1.0,1.0,1.0</WaveformData>
            <WaveformData ID="4487318" Label="II" UOM="mV" Cal="0,1,1023,3071" SampleRate="125" SamplePeriodInMsec="1000" Samples="125">0.99,0.955,0.915,0.87,0.825,0.775,0.735,0.695,0.65,0.615,0.605,0.625,0.685,0.745,0.76,0.705,0.62,0.57,0.565,0.57,0.575,0.585,0.6,0.615,0.62,0.595,0.845,1.5,1.5,1.19,0.505,0.44,0.68,0.73,0.735,0.745,0.745,0.75,0.75,0.75,0.76,0.765,0.775,0.79,0.815,0.845,0.88,0.91,0.94,0.97,0.985,0.99,0.98,0.96,0.925,0.89,0.845,0.805,0.76,0.72,0.68,0.64,0.605,0.57,0.565,0.61,0.675,0.72,0.695,0.61,0.535,0.505,0.5,0.505,0.505,0.505,0.51,0.515,0.485,0.565,1.085,1.5,1.49,0.605,0.29,0.455,0.56,0.57,0.575,0.58,0.585,0.58,0.575,0.575,0.575,0.58,0.595,0.62,0.64,0.67,0.695,0.725,0.75,0.765,0.77,0.765,0.75,0.72,0.675,0.63,0.59,0.55,0.505,0.465,0.425,0.395,0.37,0.36,0.38,0.445,0.52,0.55,0.505,0.435,0.39</WaveformData>
            <WaveformData ID="4214093" Label="SPO2" UOM="Uncalib" Cal="0,0,0,0" SampleRate="125" SamplePeriodInMsec="1000" Samples="125">1992.0,1945.0,1889.0,1843.0,1796.0,1740.0,1685.0,1638.0,1582.0,1526.0,1471.0,1415.0,1359.0,1303.0,1247.0,1201.0,1154.0,1117.0,1107.0,1107.0,1126.0,1182.0,1256.0,1349.0,1461.0,1592.0,1722.0,1861.0,1992.0,2103.0,2215.0,2290.0,2355.0,2401.0,2420.0,2429.0,2420.0,2401.0,2383.0,2364.0,2336.0,2317.0,2299.0,2271.0,2252.0,2224.0,2196.0,2169.0,2141.0,2103.0,2075.0,2048.0,2001.0,1964.0,1917.0,1871.0,1824.0,1778.0,1731.0,1685.0,1629.0,1582.0,1526.0,1480.0,1424.0,1368.0,1322.0,1266.0,1219.0,1173.0,1145.0,1117.0,1126.0,1145.0,1182.0,1256.0,1349.0,1471.0,1592.0,1731.0,1871.0,2010.0,2131.0,2243.0,2336.0,2401.0,2457.0,2476.0,2494.0,2494.0,2476.0,2457.0,2438.0,2411.0,2383.0,2364.0,2336.0,2317.0,2290.0,2262.0,2224.0,2196.0,2159.0,2113.0,2075.0,2038.0,2001.0,1955.0,1908.0,1861.0,1815.0,1768.0,1722.0,1666.0,1619.0,1573.0,1526.0,1480.0,1424.0,1377.0,1331.0,1284.0,1247.0,1219.0,1210.0</WaveformData>
            <WaveformData ID="3289908" Label="ABP" UOM="mmHg" Cal="30,60,307,3378" SampleRate="125" SamplePeriodInMsec="1000" Samples="125">40.9,43.8,47.5,51.2,54.6,56.9,58.1,58.1,57.1,55.1,52.8,50.4,48.4,46.8,45.9,45.4,45.2,45.3,45.5,45.6,45.7,45.6,45.4,45.2,44.9,44.5,44.1,43.6,43.2,42.7,42.3,41.9,41.6,41.3,41.1,40.9,40.7,40.6,40.4,40.2,39.9,39.7,39.4,39.1,38.9,38.6,38.3,38.1,37.8,37.6,37.4,37.6,38.2,39.7,42.3,45.7,49.7,53.4,56.2,58.1,58.8,58.3,56.8,54.7,52.4,50.2,48.4,47.2,46.5,46.2,46.2,46.4,46.6,46.7,46.7,46.6,46.4,46.1,45.8,45.6,45.2,44.8,44.2,43.9,43.5,43.2,42.9,42.7,42.5,42.4,42.3,42.1,41.9,41.7,41.4,41.2,40.9,40.6,40.3,40.1,39.8,39.5,39.3,39.0,39.0,39.5,40.8,43.1,46.1,49.9,54.1,58.1,60.9,62.4,62.4,61.2,59.2,56.7,54.2,52.0,50.1,48.8,48.1,47.7,47.6</WaveformData>
            <WaveformData ID="4214108" Label="Unk lbl 4214108" UOM="Uncalib" Cal="0,0,0,0" SampleRate="125" SamplePeriodInMsec="1000" Samples="125">1720,1761,1802,1870,1952,2034,2116,2198,2293,2361,2430,2471,2512,2512,2512,2498,2471,2443,2402,2361,2307,2266,2211,2170,2129,2075,2048,2007,1966,1925,1870,1829,1788,1734,1693,1638,1597,1542,1502,1461,1406,1365,1324,1283,1256,1215,1188,1160,1133,1119,1106,1106,1133,1160,1215,1269,1351,1461,1570,1706,1829,1952,2048,2129,2211,2280,2321,2348,2361,2361,2348,2321,2293,2266,2225,2184,2143,2116,2075,2048,2007,1984,1945,1907,1868,1830,1792,1753,1715,1676,1638,1600,1561,1523,1497,1459,1420,1395,1369,1344,1318,1292,1280,1267,1267,1292,1305,1356,1420,1510,1612,1715,1830,1958,2060,2163,2265,2355,2419,2483,2521,2547,2547,2534,2521</WaveformData>
      </Waveforms>
      <VitalSigns CollectionTime="12/21/2017 1:52:44 PM" CollectionTimeUTC="1513885964">
            <VitalSign>
                  <Parameter>HR</Parameter>
                  <BpChannel />
                  <Time>12/21/2017 1:52:44 PM</Time>
                  <TimeUTC>1513885964</TimeUTC>
                  <Value UOM="Bpm" Q="">140</Value>
                  <AlarmLimitLow />
                  <AlarmLimitHigh />
            </VitalSign>
            <VitalSign>
                  <Parameter>NBP-S</Parameter>
                  <BpChannel />
                  <Time>12/21/2017 8:23:00 PM</Time>
                  <TimeUTC>1513909380</TimeUTC>
                  <Value UOM="mmHg" Q="">NODATA</Value>
                  <AlarmLimitLow />
                  <AlarmLimitHigh />
            </VitalSign>
            <VitalSign>
                  <Parameter>NBP-D</Parameter>
                  <BpChannel />
                  <Time>12/21/2017 8:23:00 PM</Time>
                  <TimeUTC>1513909380</TimeUTC>
                  <Value UOM="mmHg" Q="">NODATA</Value>
                  <AlarmLimitLow />
                  <AlarmLimitHigh />
            </VitalSign>
            <VitalSign>
                  <Parameter>NBP-M</Parameter>
                  <BpChannel />
                  <Time>12/21/2017 8:23:00 PM</Time>
                  <TimeUTC>1513909380</TimeUTC>
                  <Value UOM="mmHg" Q="">NODATA</Value>
                  <AlarmLimitLow />
                  <AlarmLimitHigh />
            </VitalSign>
            <VitalSign>
                  <Parameter>PVC</Parameter>
                  <BpChannel />
                  <Time>12/21/2017 1:52:44 PM</Time>
                  <TimeUTC>1513885964</TimeUTC>
                  <Value UOM="Bpm" Q="">0</Value>
                  <AlarmLimitLow />
                  <AlarmLimitHigh />
            </VitalSign>
            <VitalSign>
                  <Parameter>RHY</Parameter>
                  <BpChannel />
                  <Time>12/21/2017 1:52:44 PM</Time>
                  <TimeUTC>1513885964</TimeUTC>
                  <Value UOM="" Q="">SINUS RHYTHM</Value>
                  <AlarmLimitLow />
                  <AlarmLimitHigh />
            </VitalSign>
            <VitalSign>
                  <Parameter>ECT</Parameter>
                  <BpChannel />
                  <Time>12/21/2017 1:52:44 PM</Time>
                  <TimeUTC>1513885964</TimeUTC>
                  <Value UOM="" Q="" />
                  <AlarmLimitLow />
                  <AlarmLimitHigh />
            </VitalSign>
            <VitalSign>
                  <Parameter>RESP</Parameter>
                  <BpChannel />
                  <Time>12/21/2017 1:52:44 PM</Time>
                  <TimeUTC>1513885964</TimeUTC>
                  <Value UOM="BrMin" Q="">35</Value>
                  <AlarmLimitLow />
                  <AlarmLimitHigh />
            </VitalSign>
            <VitalSign>
                  <Parameter>SPO2</Parameter>
                  <BpChannel />
                  <Time>12/21/2017 1:52:44 PM</Time>
                  <TimeUTC>1513885964</TimeUTC>
                  <Value UOM="%" Q="">100</Value>
                  <AlarmLimitLow />
                  <AlarmLimitHigh />
            </VitalSign>
            <VitalSign>
                  <Parameter>PULSE</Parameter>
                  <BpChannel />
                  <Time>12/21/2017 1:52:44 PM</Time>
                  <TimeUTC>1513885964</TimeUTC>
                  <Value UOM="BPM" Q="">140</Value>
                  <AlarmLimitLow />
                  <AlarmLimitHigh />
            </VitalSign>
            <VitalSign>
                  <Parameter>ABP-S</Parameter>
                  <BpChannel />
                  <Time>12/21/2017 1:52:44 PM</Time>
                  <TimeUTC>1513885964</TimeUTC>
                  <Value UOM="mmHg" Q="">58</Value>
                  <AlarmLimitLow />
                  <AlarmLimitHigh />
            </VitalSign>
            <VitalSign>
                  <Parameter>ABP-D</Parameter>
                  <BpChannel />
                  <Time>12/21/2017 1:52:44 PM</Time>
                  <TimeUTC>1513885964</TimeUTC>
                  <Value UOM="mmHg" Q="">38</Value>
                  <AlarmLimitLow />
                  <AlarmLimitHigh />
            </VitalSign>
            <VitalSign>
                  <Parameter>ABP-M</Parameter>
                  <BpChannel />
                  <Time>12/21/2017 1:52:44 PM</Time>
                  <TimeUTC>1513885964</TimeUTC>
                  <Value UOM="mmHg" Q="">45</Value>
                  <AlarmLimitLow />
                  <AlarmLimitHigh />
            </VitalSign>
      </VitalSigns>
      <Alarms />
      <ImportedData />
      <Waveforms CollectionTime="12/21/2017 1:52:45 PM" CollectionTimeUTC="1513885965" TTX="" DisplayOrder="">
            <WaveformData ID="3230796" Label="RESP" UOM="Ohms" Cal="0,1,1230,2867" SampleRate="125" SamplePeriodInMsec="1000" Samples="125">1.0,1.0,1.0,1.0,1.0,0.9,0.9,0.9,0.9,0.9,0.9,0.9,0.9,0.9,0.9,0.8,0.8,0.8,0.8,0.7,0.7,0.7,0.7,0.6,0.6,0.5,0.5,0.5,0.5,0.4,0.4,0.4,0.3,0.3,0.3,0.2,0.2,0.2,0.2,0.2,0.1,0.1,0.1,0.1,0.1,0.0,0.0,0.0,0.0,0.0,0.0,-0.1,-0.1,-0.1,-0.1,-0.1,-0.1,-0.1,-0.1,-0.1,-0.1,-0.1,-0.1,-0.2,-0.2,-0.2,-0.2,-0.2,-0.2,-0.2,-0.2,-0.2,-0.2,-0.2,-0.2,-0.2,-0.2,-0.2,-0.2,-0.2,-0.2,-0.2,-0.2,-0.2,-0.2,-0.2,-0.2,-0.2,-0.2,-0.2,-0.2,-0.2,-0.2,-0.2,-0.2,-0.2,-0.2,-0.2,-0.2,-0.2,-0.2,-0.2,-0.2,-0.2,-0.2,-0.2,-0.2,-0.2,-0.2,-0.2,-0.2,-0.2,-0.2,-0.2,-0.2,-0.2,-0.2,-0.2,-0.2,-0.2,-0.2,-0.2,-0.2,-0.2,-0.2</WaveformData>
            <WaveformData ID="4487318" Label="II" UOM="mV" Cal="0,1,1023,3071" SampleRate="125" SamplePeriodInMsec="1000" Samples="125">0.385,0.395,0.405,0.415,0.435,0.455,0.465,0.455,0.68,1.345,1.5,1.12,0.425,0.335,0.585,0.655,0.675,0.695,0.71,0.73,0.74,0.75,0.76,0.77,0.795,0.825,0.86,0.895,0.94,0.98,1.015,1.04,1.06,1.07,1.065,1.04,1.01,0.97,0.92,0.875,0.825,0.78,0.74,0.7,0.66,0.62,0.615,0.65,0.715,0.775,0.785,0.71,0.635,0.595,0.595,0.6,0.605,0.615,0.625,0.64,0.625,0.615,0.995,1.5,1.5,1.02,0.48,0.57,0.725,0.755,0.76,0.765,0.775,0.78,0.785,0.79,0.795,0.805,0.82,0.84,0.865,0.895,0.93,0.96,0.995,1.02,1.04,1.04,1.03,1.01,0.97,0.93,0.885,0.84,0.795,0.75,0.705,0.665,0.625,0.595,0.605,0.655,0.72,0.76,0.72,0.645,0.58,0.56,0.565,0.57,0.575,0.59,0.6,0.61,0.585,0.695,1.265,1.5,1.5,0.67,0.445,0.62,0.715,0.725,0.735</WaveformData>
            <WaveformData ID="4214093" Label="SPO2" UOM="Uncalib" Cal="0,0,0,0" SampleRate="125" SamplePeriodInMsec="1000" Samples="125">1219.0,1256.0,1312.0,1396.0,1498.0,1629.0,1778.0,1936.0,2085.0,2243.0,2401.0,2532.0,2653.0,2746.0,2811.0,2876.0,2904.0,2922.0,2932.0,2932.0,2922.0,2922.0,2913.0,2895.0,2885.0,2867.0,2857.0,2829.0,2811.0,2783.0,2755.0,2718.0,2680.0,2643.0,2606.0,2559.0,2513.0,2466.0,2420.0,2373.0,2340.0,2282.0,2233.0,2174.0,2116.0,2057.0,2009.0,1950.0,1892.0,1833.0,1775.0,1726.0,1697.0,1677.0,1667.0,1697.0,1726.0,1794.0,1872.0,1970.0,2067.0,2184.0,2301.0,2408.0,2506.0,2584.0,2642.0,2681.0,2701.0,2711.0,2691.0,2672.0,2642.0,2613.0,2574.0,2545.0,2516.0,2477.0,2447.0,2418.0,2379.0,2340.0,2301.0,2262.0,2213.0,2165.0,2116.0,2057.0,2018.0,1970.0,1911.0,1862.0,1804.0,1755.0,1697.0,1648.0,1589.0,1531.0,1472.0,1414.0,1355.0,1297.0,1238.0,1189.0,1141.0,1102.0,1082.0,1072.0,1092.0,1141.0,1199.0,1297.0,1414.0,1540.0,1677.0,1814.0,1950.0,2067.0,2174.0,2262.0,2330.0,2379.0,2399.0,2418.0,2408.0</WaveformData>
            <WaveformData ID="3289908" Label="ABP" UOM="mmHg" Cal="30,60,307,3378" SampleRate="125" SamplePeriodInMsec="1000" Samples="125">47.7,47.8,47.9,47.8,47.6,47.4,47.1,46.7,46.2,45.8,45.3,44.8,44.3,43.9,43.4,43.1,42.7,42.5,42.3,42.1,41.9,41.7,41.4,41.1,40.8,40.5,40.2,39.9,39.6,39.4,39.1,38.8,38.6,38.6,39.1,40.3,42.4,45.5,49.1,52.6,55.5,57.2,57.8,57.2,55.7,53.6,51.2,49.2,47.5,46.3,45.7,45.5,45.5,45.6,45.7,45.7,45.7,45.5,45.2,44.9,44.6,44.1,43.7,43.2,42.8,42.4,42.1,41.8,41.4,41.1,40.9,40.7,40.6,40.4,40.2,40.1,39.8,39.5,39.2,38.9,38.6,38.4,38.1,37.9,37.6,37.4,37.4,37.5,38.2,39.7,42.4,45.9,49.7,53.2,55.8,57.2,57.7,56.9,55.4,53.2,51.0,48.9,47.3,46.2,45.6,45.3,45.3,45.4,45.5,45.6,45.5,45.4,45.2,45.0,44.7,44.2,43.8,43.3,42.9,42.4,42.1,41.7,41.4,41.1,40.9</WaveformData>
            <WaveformData ID="4214108" Label="Unk lbl 4214108" UOM="Uncalib" Cal="0,0,0,0" SampleRate="125" SamplePeriodInMsec="1000" Samples="125">2483,2457,2419,2380,2342,2304,2265,2227,2188,2150,2112,2073,2048,2009,1971,1945,1907,1868,1843,1817,1792,1766,1740,1728,1715,1702,1689,1689,1676,1676,1676,1676,1689,1715,1753,1804,1868,1945,2048,2137,2265,2393,2521,2649,2764,2880,2969,3059,3123,3161,3200,3212,3225,3212,3200,3187,3174,3148,3110,3059,3008,2969,2918,2854,2803,2752,2700,2636,2585,2521,2470,2419,2368,2304,2252,2201,2150,2099,2060,2022,1974,1931,1887,1843,1799,1770,1740,1740,1740,1755,1799,1843,1916,2004,2077,2179,2282,2369,2457,2530,2589,2633,2662,2662,2647,2633,2603,2559,2516,2457,2413,2369,2311,2267,2223,2179,2135,2077,2048,2004,1945,1901,1843,1799,1740</WaveformData>
      </Waveforms>
      <VitalSigns CollectionTime="12/21/2017 1:52:45 PM" CollectionTimeUTC="1513885965">
            <VitalSign>
                  <Parameter>HR</Parameter>
                  <BpChannel />
                  <Time>12/21/2017 1:52:45 PM</Time>
                  <TimeUTC>1513885965</TimeUTC>
                  <Value UOM="Bpm" Q="">140</Value>
                  <AlarmLimitLow />
                  <AlarmLimitHigh />
            </VitalSign>
            <VitalSign>
                  <Parameter>NBP-S</Parameter>
                  <BpChannel />
                  <Time>12/21/2017 8:23:00 PM</Time>
                  <TimeUTC>1513909380</TimeUTC>
                  <Value UOM="mmHg" Q="">NODATA</Value>
                  <AlarmLimitLow />
                  <AlarmLimitHigh />
            </VitalSign>
            <VitalSign>
                  <Parameter>NBP-D</Parameter>
                  <BpChannel />
                  <Time>12/21/2017 8:23:00 PM</Time>
                  <TimeUTC>1513909380</TimeUTC>
                  <Value UOM="mmHg" Q="">NODATA</Value>
                  <AlarmLimitLow />
                  <AlarmLimitHigh />
            </VitalSign>
            <VitalSign>
                  <Parameter>NBP-M</Parameter>
                  <BpChannel />
                  <Time>12/21/2017 8:23:00 PM</Time>
                  <TimeUTC>1513909380</TimeUTC>
                  <Value UOM="mmHg" Q="">NODATA</Value>
                  <AlarmLimitLow />
                  <AlarmLimitHigh />
            </VitalSign>
            <VitalSign>
                  <Parameter>PVC</Parameter>
                  <BpChannel />
                  <Time>12/21/2017 1:52:45 PM</Time>
                  <TimeUTC>1513885965</TimeUTC>
                  <Value UOM="Bpm" Q="">0</Value>
                  <AlarmLimitLow />
                  <AlarmLimitHigh />
            </VitalSign>
            <VitalSign>
                  <Parameter>RHY</Parameter>
                  <BpChannel />
                  <Time>12/21/2017 1:52:45 PM</Time>
                  <TimeUTC>1513885965</TimeUTC>
                  <Value UOM="" Q="">SINUS RHYTHM</Value>
                  <AlarmLimitLow />
                  <AlarmLimitHigh />
            </VitalSign>
            <VitalSign>
                  <Parameter>ECT</Parameter>
                  <BpChannel />
                  <Time>12/21/2017 1:52:45 PM</Time>
                  <TimeUTC>1513885965</TimeUTC>
                  <Value UOM="" Q="" />
                  <AlarmLimitLow />
                  <AlarmLimitHigh />
            </VitalSign>
            <VitalSign>
                  <Parameter>RESP</Parameter>
                  <BpChannel />
                  <Time>12/21/2017 1:52:45 PM</Time>
                  <TimeUTC>1513885965</TimeUTC>
                  <Value UOM="BrMin" Q="">35</Value>
                  <AlarmLimitLow />
                  <AlarmLimitHigh />
            </VitalSign>
            <VitalSign>
                  <Parameter>SPO2</Parameter>
                  <BpChannel />
                  <Time>12/21/2017 1:52:45 PM</Time>
                  <TimeUTC>1513885965</TimeUTC>
                  <Value UOM="%" Q="">100</Value>
                  <AlarmLimitLow />
                  <AlarmLimitHigh />
            </VitalSign>
            <VitalSign>
                  <Parameter>PULSE</Parameter>
                  <BpChannel />
                  <Time>12/21/2017 1:52:45 PM</Time>
                  <TimeUTC>1513885965</TimeUTC>
                  <Value UOM="BPM" Q="">140</Value>
                  <AlarmLimitLow />
                  <AlarmLimitHigh />
            </VitalSign>
            <VitalSign>
                  <Parameter>ABP-S</Parameter>
                  <BpChannel />
                  <Time>12/21/2017 1:52:45 PM</Time>
                  <TimeUTC>1513885965</TimeUTC>
                  <Value UOM="mmHg" Q="">58</Value>
                  <AlarmLimitLow />
                  <AlarmLimitHigh />
            </VitalSign>
            <VitalSign>
                  <Parameter>ABP-D</Parameter>
                  <BpChannel />
                  <Time>12/21/2017 1:52:45 PM</Time>
                  <TimeUTC>1513885965</TimeUTC>
                  <Value UOM="mmHg" Q="">39</Value>
                  <AlarmLimitLow />
                  <AlarmLimitHigh />
            </VitalSign>
            <VitalSign>
                  <Parameter>ABP-M</Parameter>
                  <BpChannel />
                  <Time>12/21/2017 1:52:45 PM</Time>
                  <TimeUTC>1513885965</TimeUTC>
                  <Value UOM="mmHg" Q="">45</Value>
                  <AlarmLimitLow />
                  <AlarmLimitHigh />
            </VitalSign>
      </VitalSigns>
      <Alarms />
      <ImportedData />
      <Waveforms CollectionTime="12/21/2017 1:52:46 PM" CollectionTimeUTC="1513885966" TTX="" DisplayOrder="">
            <WaveformData ID="3230796" Label="RESP" UOM="Ohms" Cal="0,1,1230,2867" SampleRate="125" SamplePeriodInMsec="1000" Samples="125">-0.2,-0.2,-0.2,-0.2,-0.2,-0.2,-0.2,-0.1,-0.1,-0.1,-0.1,-0.1,-0.1,-0.1,-0.1,-0.1,-0.1,-0.1,-0.1,-0.1,-0.1,-0.1,-0.1,-0.1,-0.1,-0.1,-0.1,-0.1,-0.1,-0.1,-0.1,-0.1,-0.1,-0.2,-0.2,-0.2,-0.2,-0.2,-0.2,-0.2,-0.2,-0.2,-0.2,-0.1,-0.1,-0.1,-0.1,-0.1,-0.1,-0.1,-0.1,0.0,0.0,0.0,0.1,0.1,0.1,0.2,0.2,0.3,0.3,0.3,0.4,0.4,0.5,0.5,0.6,0.6,0.6,0.7,0.7,0.7,0.8,0.8,0.8,0.8,0.9,0.9,0.9,0.9,0.9,0.9,1.0,1.0,1.0,1.0,1.0,1.0,1.0,1.0,1.0,1.0,1.0,1.0,1.0,1.0,1.0,1.0,1.0,1.0,0.9,0.9,0.9,0.9,0.9,0.9,0.9,0.8,0.8,0.8,0.7,0.7,0.7,0.7,0.6,0.6,0.6,0.5,0.5,0.5,0.4,0.4,0.4,0.3,0.3</WaveformData>
            <WaveformData ID="4487318" Label="II" UOM="mV" Cal="0,1,1023,3071" SampleRate="125" SamplePeriodInMsec="1000" Samples="125">0.74,0.75,0.75,0.75,0.75,0.76,0.765,0.78,0.805,0.83,0.865,0.895,0.925,0.955,0.975,0.99,0.985,0.97,0.94,0.9,0.86,0.82,0.785,0.745,0.705,0.665,0.625,0.59,0.575,0.605,0.67,0.73,0.74,0.65,0.565,0.52,0.52,0.525,0.52,0.52,0.525,0.53,0.51,0.495,0.9,1.5,1.5,0.855,0.305,0.4,0.55,0.575,0.58,0.58,0.585,0.585,0.58,0.58,0.58,0.585,0.595,0.61,0.63,0.66,0.69,0.715,0.745,0.76,0.77,0.775,0.76,0.735,0.695,0.645,0.605,0.56,0.52,0.48,0.44,0.4,0.37,0.35,0.365,0.415,0.49,0.535,0.505,0.44,0.39,0.38,0.39,0.4,0.41,0.425,0.445,0.455,0.445,0.595,1.195,1.5,1.3,0.515,0.345,0.55,0.645,0.66,0.68,0.7,0.715,0.73,0.745,0.75,0.765,0.78,0.805,0.835,0.875,0.915,0.96,1,1.03,1.05,1.06,1.06,1.04</WaveformData>
            <WaveformData ID="4214093" Label="SPO2" UOM="Uncalib" Cal="0,0,0,0" SampleRate="125" SamplePeriodInMsec="1000" Samples="125">2399.0,2379.0,2350.0,2330.0,2311.0,2282.0,2262.0,2233.0,2213.0,2184.0,2155.0,2126.0,2087.0,2048.0,2018.0,1979.0,1931.0,1892.0,1853.0,1853.0,1823.0,1784.0,1736.0,1687.0,1638.0,1589.0,1540.0,1482.0,1433.0,1375.0,1316.0,1258.0,1209.0,1160.0,1111.0,1082.0,1072.0,1082.0,1111.0,1160.0,1258.0,1375.0,1521.0,1667.0,1833.0,1989.0,2126.0,2262.0,2369.0,2467.0,2535.0,2584.0,2603.0,2613.0,2603.0,2584.0,2564.0,2535.0,2506.0,2477.0,2457.0,2428.0,2399.0,2369.0,2340.0,2301.0,2262.0,2223.0,2184.0,2135.0,2087.0,2048.0,1999.0,1950.0,1901.0,1843.0,1794.0,1745.0,1697.0,1638.0,1589.0,1531.0,1482.0,1423.0,1375.0,1326.0,1277.0,1238.0,1209.0,1209.0,1219.0,1258.0,1326.0,1414.0,1540.0,1677.0,1833.0,1999.0,2155.0,2321.0,2477.0,2613.0,2720.0,2818.0,2886.0,2935.0,2964.0,2984.0,2993.0,2993.0,2984.0,2974.0,2974.0,2964.0,2945.0,2935.0,2915.0,2896.0,2876.0,2847.0,2818.0,2779.0,2740.0,2701.0,2652.0</WaveformData>
            <WaveformData ID="3289908" Label="ABP" UOM="mmHg" Cal="30,60,307,3378" SampleRate="125" SamplePeriodInMsec="1000" Samples="125">40.8,40.6,40.5,40.2,40.1,39.8,39.5,39.3,38.9,38.6,38.4,38.1,37.8,37.6,37.4,37.4,37.9,39.1,41.3,44.5,48.3,52.1,55.3,57.5,58.7,58.7,57.6,55.7,53.4,51.1,49.0,47.5,46.5,46.0,45.9,45.9,46.1,46.3,46.4,46.4,46.2,46.1,45.9,45.6,45.4,45.0,44.6,44.1,43.6,43.2,42.9,42.7,42.4,42.3,42.1,41.9,41.8,41.6,41.3,41.1,40.8,40.6,40.3,40.1,39.8,39.6,39.3,38.9,38.9,39.2,40.2,42.4,45.7,49.9,54.1,57.6,60.2,61.8,62.1,61.3,59.6,57.2,54.7,52.4,50.5,49.2,48.3,47.9,47.7,47.8,47.9,47.9,47.9,47.8,47.6,47.2,46.8,46.4,45.9,45.4,44.9,44.4,43.9,43.6,43.2,42.9,42.7,42.5,42.3,42.1,41.9,41.6,41.3,41.0,40.7,40.3,40.0,39.7,39.4,39.2,38.9,38.7,38.7,39.0,40.0</WaveformData>
            <WaveformData ID="4214108" Label="Unk lbl 4214108" UOM="Uncalib" Cal="0,0,0,0" SampleRate="125" SamplePeriodInMsec="1000" Samples="125">1697,1638,1594,1550,1492,1448,1404,1360,1316,1287,1243,1214,1185,1170,1155,1155,1155,1185,1243,1302,1389,1477,1594,1711,1843,1974,2077,2179,2282,2355,2413,2442,2472,2472,2457,2442,2399,2369,2325,2282,2238,2208,2165,2121,2077,2048,2004,1960,1931,1887,1843,1799,1755,1711,1667,1623,1580,1536,1492,1448,1404,1375,1331,1302,1272,1243,1228,1214,1214,1228,1258,1302,1360,1448,1550,1682,1814,1945,2062,2205,2347,2457,2567,2646,2693,2741,2741,2741,2725,2693,2646,2599,2552,2504,2441,2394,2347,2300,2237,2189,2142,2095,2048,2016,1969,1937,1890,1859,1811,1780,1748,1733,1701,1685,1670,1654,1638,1622,1622,1622,1622,1638,1670,1701,1764</WaveformData>
      </Waveforms>
      <VitalSigns CollectionTime="12/21/2017 1:52:46 PM" CollectionTimeUTC="1513885966">
            <VitalSign>
                  <Parameter>HR</Parameter>
                  <BpChannel />
                  <Time>12/21/2017 1:52:46 PM</Time>
                  <TimeUTC>1513885966</TimeUTC>
                  <Value UOM="Bpm" Q="">140</Value>
                  <AlarmLimitLow />
                  <AlarmLimitHigh />
            </VitalSign>
            <VitalSign>
                  <Parameter>NBP-S</Parameter>
                  <BpChannel />
                  <Time>12/21/2017 8:23:00 PM</Time>
                  <TimeUTC>1513909380</TimeUTC>
                  <Value UOM="mmHg" Q="">NODATA</Value>
                  <AlarmLimitLow />
                  <AlarmLimitHigh />
            </VitalSign>
            <VitalSign>
                  <Parameter>NBP-D</Parameter>
                  <BpChannel />
                  <Time>12/21/2017 8:23:00 PM</Time>
                  <TimeUTC>1513909380</TimeUTC>
                  <Value UOM="mmHg" Q="">NODATA</Value>
                  <AlarmLimitLow />
                  <AlarmLimitHigh />
            </VitalSign>
            <VitalSign>
                  <Parameter>NBP-M</Parameter>
                  <BpChannel />
                  <Time>12/21/2017 8:23:00 PM</Time>
                  <TimeUTC>1513909380</TimeUTC>
                  <Value UOM="mmHg" Q="">NODATA</Value>
                  <AlarmLimitLow />
                  <AlarmLimitHigh />
            </VitalSign>
            <VitalSign>
                  <Parameter>PVC</Parameter>
                  <BpChannel />
                  <Time>12/21/2017 1:52:46 PM</Time>
                  <TimeUTC>1513885966</TimeUTC>
                  <Value UOM="Bpm" Q="">0</Value>
                  <AlarmLimitLow />
                  <AlarmLimitHigh />
            </VitalSign>
            <VitalSign>
                  <Parameter>RHY</Parameter>
                  <BpChannel />
                  <Time>12/21/2017 1:52:46 PM</Time>
                  <TimeUTC>1513885966</TimeUTC>
                  <Value UOM="" Q="">SINUS RHYTHM</Value>
                  <AlarmLimitLow />
                  <AlarmLimitHigh />
            </VitalSign>
            <VitalSign>
                  <Parameter>ECT</Parameter>
                  <BpChannel />
                  <Time>12/21/2017 1:52:46 PM</Time>
                  <TimeUTC>1513885966</TimeUTC>
                  <Value UOM="" Q="" />
                  <AlarmLimitLow />
                  <AlarmLimitHigh />
            </VitalSign>
            <VitalSign>
                  <Parameter>RESP</Parameter>
                  <BpChannel />
                  <Time>12/21/2017 1:52:46 PM</Time>
                  <TimeUTC>1513885966</TimeUTC>
                  <Value UOM="BrMin" Q="">35</Value>
                  <AlarmLimitLow />
                  <AlarmLimitHigh />
            </VitalSign>
            <VitalSign>
                  <Parameter>SPO2</Parameter>
                  <BpChannel />
                  <Time>12/21/2017 1:52:46 PM</Time>
                  <TimeUTC>1513885966</TimeUTC>
                  <Value UOM="%" Q="">100</Value>
                  <AlarmLimitLow />
                  <AlarmLimitHigh />
            </VitalSign>
            <VitalSign>
                  <Parameter>PULSE</Parameter>
                  <BpChannel />
                  <Time>12/21/2017 1:52:46 PM</Time>
                  <TimeUTC>1513885966</TimeUTC>
                  <Value UOM="BPM" Q="">140</Value>
                  <AlarmLimitLow />
                  <AlarmLimitHigh />
            </VitalSign>
            <VitalSign>
                  <Parameter>ABP-S</Parameter>
                  <BpChannel />
                  <Time>12/21/2017 1:52:46 PM</Time>
                  <TimeUTC>1513885966</TimeUTC>
                  <Value UOM="mmHg" Q="">58</Value>
                  <AlarmLimitLow />
                  <AlarmLimitHigh />
            </VitalSign>
            <VitalSign>
                  <Parameter>ABP-D</Parameter>
                  <BpChannel />
                  <Time>12/21/2017 1:52:46 PM</Time>
                  <TimeUTC>1513885966</TimeUTC>
                  <Value UOM="mmHg" Q="">39</Value>
                  <AlarmLimitLow />
                  <AlarmLimitHigh />
            </VitalSign>
            <VitalSign>
                  <Parameter>ABP-M</Parameter>
                  <BpChannel />
                  <Time>12/21/2017 1:52:46 PM</Time>
                  <TimeUTC>1513885966</TimeUTC>
                  <Value UOM="mmHg" Q="">45</Value>
                  <AlarmLimitLow />
                  <AlarmLimitHigh />
            </VitalSign>
      </VitalSigns>
      <Alarms />
      <ImportedData />
      <Waveforms CollectionTime="12/21/2017 1:52:47 PM" CollectionTimeUTC="1513885967" TTX="" DisplayOrder="">
            <WaveformData ID="3230796" Label="RESP" UOM="Ohms" Cal="0,1,1230,2867" SampleRate="125" SamplePeriodInMsec="1000" Samples="125">0.3,0.3,0.2,0.2,0.2,0.2,0.2,0.1,0.1,0.1,0.1,0.1,0.1,0.0,0.0,0.0,0.0,0.0,0.0,0.0,0.0,-0.1,-0.1,-0.1,-0.1,-0.1,-0.1,-0.1,-0.1,-0.1,-0.1,-0.1,-0.1,-0.1,-0.1,-0.1,-0.1,-0.1,-0.1,-0.1,-0.1,-0.1,-0.1,-0.1,-0.1,-0.1,-0.1,-0.1,-0.1,-0.1,-0.1,-0.1,-0.1,-0.1,-0.1,-0.1,-0.1,-0.1,-0.1,-0.1,-0.1,-0.1,-0.1,-0.1,-0.2,-0.2,-0.2,-0.2,-0.2,-0.2,-0.2,-0.2,-0.2,-0.2,-0.2,-0.2,-0.2,-0.2,-0.2,-0.2,-0.2,-0.2,-0.2,-0.2,-0.2,-0.2,-0.2,-0.2,-0.2,-0.2,-0.2,-0.2,-0.1,-0.1,-0.1,-0.1,-0.1,-0.1,-0.1,-0.1,-0.1,-0.1,-0.1,-0.1,-0.1,-0.1,-0.1,-0.1,-0.1,-0.1,-0.1,-0.1,-0.1,-0.1,-0.1,-0.1,-0.1,-0.1,-0.1,-0.1,-0.1,-0.2,-0.2,-0.2,-0.2</WaveformData>
            <WaveformData ID="4487318" Label="II" UOM="mV" Cal="0,1,1023,3071" SampleRate="125" SamplePeriodInMsec="1000" Samples="125">1.01,0.97,0.925,0.88,0.83,0.785,0.74,0.695,0.655,0.62,0.61,0.635,0.695,0.76,0.78,0.72,0.635,0.59,0.585,0.595,0.6,0.61,0.62,0.63,0.635,0.61,0.885,1.5,1.5,1.145,0.515,0.47,0.71,0.755,0.76,0.765,0.77,0.775,0.78,0.78,0.785,0.795,0.81,0.83,0.855,0.885,0.915,0.95,0.98,1.005,1.025,1.03,1.02,0.995,0.96,0.915,0.875,0.83,0.785,0.745,0.7,0.66,0.62,0.58,0.585,0.63,0.705,0.745,0.715,0.635,0.57,0.545,0.55,0.555,0.565,0.575,0.585,0.6,0.58,0.66,1.175,1.5,1.5,0.72,0.43,0.595,0.71,0.725,0.73,0.735,0.74,0.74,0.74,0.745,0.75,0.76,0.775,0.795,0.82,0.85,0.885,0.92,0.945,0.97,0.98,0.985,0.965,0.94,0.9,0.86,0.82,0.78,0.74,0.7,0.665,0.625,0.595,0.58,0.6,0.66,0.72,0.735,0.655,0.565,0.52</WaveformData>
            <WaveformData ID="4214093" Label="SPO2" UOM="Uncalib" Cal="0,0,0,0" SampleRate="125" SamplePeriodInMsec="1000" Samples="125">2603.0,2555.0,2506.0,2457.0,2399.0,2350.0,2301.0,2243.0,2194.0,2135.0,2077.0,2028.0,1970.0,1911.0,1853.0,1794.0,1755.0,1726.0,1706.0,1706.0,1745.0,1784.0,1853.0,1940.0,2038.0,2145.0,2252.0,2360.0,2467.0,2555.0,2623.0,2672.0,2701.0,2711.0,2711.0,2691.0,2672.0,2642.0,2603.0,2574.0,2535.0,2506.0,2477.0,2438.0,2408.0,2369.0,2330.0,2291.0,2243.0,2194.0,2145.0,2096.0,2048.0,1999.0,1950.0,1892.0,1843.0,1784.0,1726.0,1677.0,1619.0,1560.0,1501.0,1443.0,1384.0,1326.0,1267.0,1209.0,1160.0,1121.0,1082.0,1072.0,1082.0,1111.0,1180.0,1248.0,1365.0,1482.0,1619.0,1755.0,1901.0,2038.0,2145.0,2252.0,2330.0,2389.0,2428.0,2447.0,2457.0,2447.0,2438.0,2418.0,2399.0,2369.0,2350.0,2330.0,2301.0,2282.0,2252.0,2223.0,2184.0,2155.0,2106.0,2067.0,2038.0,1989.0,1940.0,1892.0,1843.0,1794.0,1745.0,1697.0,1648.0,1599.0,1550.0,1501.0,1443.0,1394.0,1336.0,1277.0,1228.0,1170.0,1131.0,1111.0,1092.0</WaveformData>
            <WaveformData ID="3289908" Label="ABP" UOM="mmHg" Cal="30,60,307,3378" SampleRate="125" SamplePeriodInMsec="1000" Samples="125">41.9,44.8,48.4,51.9,54.9,56.9,57.6,57.2,55.8,53.7,51.4,49.2,47.6,46.4,45.7,45.5,45.5,45.5,45.6,45.6,45.5,45.4,45.1,44.9,44.6,44.2,43.7,43.3,42.9,42.4,42.0,41.6,41.3,41.1,40.8,40.7,40.5,40.4,40.2,39.9,39.7,39.4,39.1,38.9,38.6,38.3,38.0,37.7,37.4,37.2,37.1,37.2,37.9,39.4,41.9,45.2,48.9,52.6,55.4,57.2,57.8,57.2,55.8,53.7,51.4,49.2,47.4,46.2,45.6,45.3,45.3,45.4,45.5,45.6,45.6,45.5,45.3,45.1,44.7,44.2,43.7,43.3,42.8,42.4,41.9,41.6,41.3,41.1,40.9,40.7,40.6,40.4,40.2,40.0,39.7,39.4,39.2,38.9,38.6,38.4,38.1,37.7,37.5,37.3,37.3,37.7,38.7,40.8,43.9,47.7,51.5,54.8,57.2,58.4,58.6,57.6,55.8,53.5,51.2,49.1,47.6,46.6,46.1,45.9,46.1</WaveformData>
            <WaveformData ID="4214108" Label="Unk lbl 4214108" UOM="Uncalib" Cal="0,0,0,0" SampleRate="125" SamplePeriodInMsec="1000" Samples="125">1843,1937,2048,2174,2331,2489,2646,2804,2961,3103,3229,3323,3402,3465,3497,3528,3528,3528,3512,3481,3434,3386,3339,3276,3229,3166,3103,3040,2961,2898,2835,2756,2693,2615,2552,2489,2410,2347,2284,2221,2158,2095,2048,2000,1937,1890,1843,1796,1748,1717,1701,1685,1685,1717,1748,1811,1874,1969,2063,2158,2268,2378,2473,2552,2630,2662,2693,2693,2678,2662,2615,2583,2520,2473,2410,2363,2300,2252,2218,2150,2099,2048,1996,1945,1894,1826,1775,1706,1655,1587,1519,1467,1399,1348,1297,1245,1194,1143,1092,1041,1007,972,955,938,938,955,990,1041,1143,1245,1382,1536,1689,1843,1996,2133,2252,2355,2440,2508,2559,2577,2577,2559,2525</WaveformData>
      </Waveforms>
      <VitalSigns CollectionTime="12/21/2017 1:52:47 PM" CollectionTimeUTC="1513885967">
            <VitalSign>
                  <Parameter>HR</Parameter>
                  <BpChannel />
                  <Time>12/21/2017 1:52:47 PM</Time>
                  <TimeUTC>1513885967</TimeUTC>
                  <Value UOM="Bpm" Q="">140</Value>
                  <AlarmLimitLow />
                  <AlarmLimitHigh />
            </VitalSign>
            <VitalSign>
                  <Parameter>NBP-S</Parameter>
                  <BpChannel />
                  <Time>12/21/2017 8:23:00 PM</Time>
                  <TimeUTC>1513909380</TimeUTC>
                  <Value UOM="mmHg" Q="">NODATA</Value>
                  <AlarmLimitLow />
                  <AlarmLimitHigh />
            </VitalSign>
            <VitalSign>
                  <Parameter>NBP-D</Parameter>
                  <BpChannel />
                  <Time>12/21/2017 8:23:00 PM</Time>
                  <TimeUTC>1513909380</TimeUTC>
                  <Value UOM="mmHg" Q="">NODATA</Value>
                  <AlarmLimitLow />
                  <AlarmLimitHigh />
            </VitalSign>
            <VitalSign>
                  <Parameter>NBP-M</Parameter>
                  <BpChannel />
                  <Time>12/21/2017 8:23:00 PM</Time>
                  <TimeUTC>1513909380</TimeUTC>
                  <Value UOM="mmHg" Q="">NODATA</Value>
                  <AlarmLimitLow />
                  <AlarmLimitHigh />
            </VitalSign>
            <VitalSign>
                  <Parameter>PVC</Parameter>
                  <BpChannel />
                  <Time>12/21/2017 1:52:47 PM</Time>
                  <TimeUTC>1513885967</TimeUTC>
                  <Value UOM="Bpm" Q="">0</Value>
                  <AlarmLimitLow />
                  <AlarmLimitHigh />
            </VitalSign>
            <VitalSign>
                  <Parameter>RHY</Parameter>
                  <BpChannel />
                  <Time>12/21/2017 1:52:47 PM</Time>
                  <TimeUTC>1513885967</TimeUTC>
                  <Value UOM="" Q="">SINUS RHYTHM</Value>
                  <AlarmLimitLow />
                  <AlarmLimitHigh />
            </VitalSign>
            <VitalSign>
                  <Parameter>ECT</Parameter>
                  <BpChannel />
                  <Time>12/21/2017 1:52:47 PM</Time>
                  <TimeUTC>1513885967</TimeUTC>
                  <Value UOM="" Q="" />
                  <AlarmLimitLow />
                  <AlarmLimitHigh />
            </VitalSign>
            <VitalSign>
                  <Parameter>RESP</Parameter>
                  <BpChannel />
                  <Time>12/21/2017 1:52:47 PM</Time>
                  <TimeUTC>1513885967</TimeUTC>
                  <Value UOM="BrMin" Q="">35</Value>
                  <AlarmLimitLow />
                  <AlarmLimitHigh />
            </VitalSign>
            <VitalSign>
                  <Parameter>SPO2</Parameter>
                  <BpChannel />
                  <Time>12/21/2017 1:52:47 PM</Time>
                  <TimeUTC>1513885967</TimeUTC>
                  <Value UOM="%" Q="">100</Value>
                  <AlarmLimitLow />
                  <AlarmLimitHigh />
            </VitalSign>
            <VitalSign>
                  <Parameter>PULSE</Parameter>
                  <BpChannel />
                  <Time>12/21/2017 1:52:47 PM</Time>
                  <TimeUTC>1513885967</TimeUTC>
                  <Value UOM="BPM" Q="">140</Value>
                  <AlarmLimitLow />
                  <AlarmLimitHigh />
            </VitalSign>
            <VitalSign>
                  <Parameter>ABP-S</Parameter>
                  <BpChannel />
                  <Time>12/21/2017 1:52:47 PM</Time>
                  <TimeUTC>1513885967</TimeUTC>
                  <Value UOM="mmHg" Q="">58</Value>
                  <AlarmLimitLow />
                  <AlarmLimitHigh />
            </VitalSign>
            <VitalSign>
                  <Parameter>ABP-D</Parameter>
                  <BpChannel />
                  <Time>12/21/2017 1:52:47 PM</Time>
                  <TimeUTC>1513885967</TimeUTC>
                  <Value UOM="mmHg" Q="">38</Value>
                  <AlarmLimitLow />
                  <AlarmLimitHigh />
            </VitalSign>
            <VitalSign>
                  <Parameter>ABP-M</Parameter>
                  <BpChannel />
                  <Time>12/21/2017 1:52:47 PM</Time>
                  <TimeUTC>1513885967</TimeUTC>
                  <Value UOM="mmHg" Q="">45</Value>
                  <AlarmLimitLow />
                  <AlarmLimitHigh />
            </VitalSign>
      </VitalSigns>
      <Alarms />
      <ImportedData />
      <Waveforms CollectionTime="12/21/2017 1:52:48 PM" CollectionTimeUTC="1513885968" TTX="" DisplayOrder="">
            <WaveformData ID="3230796" Label="RESP" UOM="Ohms" Cal="0,1,1230,2867" SampleRate="125" SamplePeriodInMsec="1000" Samples="125">-0.2,-0.2,-0.2,-0.2,-0.2,-0.2,-0.1,-0.1,-0.1,-0.1,-0.1,-0.1,-0.1,-0.1,0.0,0.0,0.0,0.0,0.1,0.1,0.1,0.2,0.2,0.2,0.3,0.3,0.4,0.4,0.5,0.5,0.5,0.6,0.6,0.7,0.7,0.7,0.8,0.8,0.8,0.8,0.9,0.9,0.9,0.9,0.9,0.9,0.9,1.0,1.0,1.0,1.0,1.0,1.0,1.0,1.0,1.0,1.0,1.0,1.0,1.0,1.0,1.0,1.0,0.9,0.9,0.9,0.9,0.9,0.9,0.8,0.8,0.8,0.8,0.7,0.7,0.7,0.6,0.6,0.6,0.6,0.5,0.5,0.5,0.4,0.4,0.4,0.3,0.3,0.3,0.3,0.2,0.2,0.2,0.2,0.1,0.1,0.1,0.1,0.1,0.0,0.0,0.0,0.0,0.0,0.0,0.0,0.0,-0.1,-0.1,-0.1,-0.1,-0.1,-0.1,-0.1,-0.1,-0.1,-0.1,-0.1,-0.1,-0.1,-0.1,-0.1,-0.1,-0.1,-0.1</WaveformData>
            <WaveformData ID="4487318" Label="II" UOM="mV" Cal="0,1,1023,3071" SampleRate="125" SamplePeriodInMsec="1000" Samples="125">0.515,0.515,0.52,0.52,0.53,0.535,0.52,0.505,0.865,1.5,1.5,0.935,0.32,0.305,0.555,0.585,0.585,0.59,0.595,0.6,0.59,0.585,0.59,0.595,0.605,0.62,0.64,0.665,0.695,0.73,0.76,0.775,0.79,0.79,0.775,0.75,0.71,0.665,0.62,0.575,0.535,0.49,0.455,0.415,0.385,0.36,0.375,0.425,0.505,0.555,0.53,0.46,0.405,0.39,0.395,0.405,0.415,0.435,0.455,0.47,0.455,0.58,1.155,1.5,1.335,0.555,0.37,0.56,0.655,0.675,0.695,0.715,0.73,0.745,0.755,0.765,0.775,0.795,0.82,0.85,0.885,0.925,0.97,1.005,1.035,1.06,1.07,1.075,1.05,1.02,0.98,0.935,0.89,0.845,0.795,0.75,0.705,0.67,0.63,0.62,0.64,0.71,0.77,0.785,0.72,0.64,0.6,0.595,0.6,0.605,0.615,0.625,0.64,0.63,0.62,0.905,1.5,1.5,1.13,0.515,0.48,0.72,0.76,0.765,0.77</WaveformData>
            <WaveformData ID="4214093" Label="SPO2" UOM="Uncalib" Cal="0,0,0,0" SampleRate="125" SamplePeriodInMsec="1000" Samples="125">1111.0,1141.0,1199.0,1287.0,1384.0,1521.0,1667.0,1823.0,1970.0,2096.0,2223.0,2330.0,2418.0,2477.0,2525.0,2545.0,2545.0,2535.0,2516.0,2496.0,2467.0,2438.0,2418.0,2389.0,2369.0,2340.0,2321.0,2291.0,2252.0,2213.0,2174.0,2135.0,2087.0,2048.0,1999.0,1950.0,1901.0,1843.0,1792.0,1740.0,1689.0,1638.0,1587.0,1536.0,1474.0,1423.0,1362.0,1310.0,1259.0,1208.0,1167.0,1157.0,1146.0,1167.0,1218.0,1290.0,1402.0,1525.0,1679.0,1853.0,1996.0,2007.0,2088.0,2263.0,2426.0,2580.0,2713.0,2816.0,2908.0,2959.0,3000.0,3020.0,3031.0,3031.0,3020.0,3010.0,2990.0,2979.0,2959.0,2949.0,2928.0,2908.0,2877.0,2856.0,2826.0,2795.0,2754.0,2713.0,2672.0,2621.0,2580.0,2529.0,2457.0,2396.0,2334.0,2283.0,2222.0,2160.0,2099.0,2048.0,1986.0,1925.0,1863.0,1802.0,1740.0,1699.0,1658.0,1638.0,1638.0,1648.0,1699.0,1761.0,1853.0,1955.0,2058.0,2181.0,2304.0,2416.0,2519.0,2600.0,2662.0,2703.0,2723.0,2723.0,2713.0</WaveformData>
            <WaveformData ID="3289908" Label="ABP" UOM="mmHg" Cal="30,60,307,3378" SampleRate="125" SamplePeriodInMsec="1000" Samples="125">46.2,46.4,46.6,46.6,46.4,46.1,45.9,45.6,45.2,44.8,44.3,43.9,43.6,43.2,42.9,42.7,42.4,42.3,42.1,41.9,41.8,41.5,41.2,41.0,40.7,40.5,40.2,39.9,39.7,39.4,39.1,38.9,38.7,39.1,40.0,42.1,45.2,49.4,53.6,57.2,60.1,61.7,62.1,61.3,59.4,57.1,54.7,52.4,50.4,48.9,48.0,47.4,47.3,47.3,47.3,47.4,47.4,47.3,47.1,46.7,46.4,46.1,45.6,45.1,44.6,44.1,43.7,43.3,42.9,42.6,42.3,42.1,41.9,41.8,41.5,41.2,40.9,40.6,40.3,40.1,39.8,39.6,39.3,38.9,38.6,38.4,38.4,38.7,39.6,41.6,44.4,47.9,51.5,54.5,56.6,57.4,57.1,55.7,53.6,51.4,49.3,47.4,46.1,45.4,45.1,45.1,45.1,45.3,45.4,45.3,45.2,45.0,44.8,44.4,44.1,43.6,43.2,42.7,42.3,41.9,41.6,41.2,40.9,40.6,40.4</WaveformData>
            <WaveformData ID="4214108" Label="Unk lbl 4214108" UOM="Uncalib" Cal="0,0,0,0" SampleRate="125" SamplePeriodInMsec="1000" Samples="125">2491,2440,2389,2338,2286,2235,2184,2133,2082,2048,2013,1962,1911,1860,1809,1740,1689,1638,1587,1519,1467,1416,1365,1314,1280,1228,1194,1143,1109,1092,1058,1058,1058,1075,1126,1194,1280,1399,1519,1672,1826,1979,2133,2286,2423,2542,2645,2713,2781,2798,2815,2798,2781,2747,2696,2645,2577,2525,2474,2406,2355,2303,2252,2201,2133,2082,2048,1996,1945,1894,1843,1809,1757,1723,1689,1672,1638,1621,1604,1587,1570,1710,1698,1698,1698,1710,1734,1758,1807,1867,1939,2036,2120,2240,2361,2481,2602,2710,2806,2903,2975,3023,3071,3096,3108,3108,3108,3096,3071,3059,3035,3011,2987,2951,2903,2855,2806,2758,2698,2650,2590,2541,2481,2433,2373</WaveformData>
      </Waveforms>
      <VitalSigns CollectionTime="12/21/2017 1:52:48 PM" CollectionTimeUTC="1513885968">
            <VitalSign>
                  <Parameter>HR</Parameter>
                  <BpChannel />
                  <Time>12/21/2017 1:52:48 PM</Time>
                  <TimeUTC>1513885968</TimeUTC>
                  <Value UOM="Bpm" Q="">140</Value>
                  <AlarmLimitLow />
                  <AlarmLimitHigh />
            </VitalSign>
            <VitalSign>
                  <Parameter>NBP-S</Parameter>
                  <BpChannel />
                  <Time>12/21/2017 8:23:00 PM</Time>
                  <TimeUTC>1513909380</TimeUTC>
                  <Value UOM="mmHg" Q="">NODATA</Value>
                  <AlarmLimitLow />
                  <AlarmLimitHigh />
            </VitalSign>
            <VitalSign>
                  <Parameter>NBP-D</Parameter>
                  <BpChannel />
                  <Time>12/21/2017 8:23:00 PM</Time>
                  <TimeUTC>1513909380</TimeUTC>
                  <Value UOM="mmHg" Q="">NODATA</Value>
                  <AlarmLimitLow />
                  <AlarmLimitHigh />
            </VitalSign>
            <VitalSign>
                  <Parameter>NBP-M</Parameter>
                  <BpChannel />
                  <Time>12/21/2017 8:23:00 PM</Time>
                  <TimeUTC>1513909380</TimeUTC>
                  <Value UOM="mmHg" Q="">NODATA</Value>
                  <AlarmLimitLow />
                  <AlarmLimitHigh />
            </VitalSign>
            <VitalSign>
                  <Parameter>PVC</Parameter>
                  <BpChannel />
                  <Time>12/21/2017 1:52:48 PM</Time>
                  <TimeUTC>1513885968</TimeUTC>
                  <Value UOM="Bpm" Q="">0</Value>
                  <AlarmLimitLow />
                  <AlarmLimitHigh />
            </VitalSign>
            <VitalSign>
                  <Parameter>RHY</Parameter>
                  <BpChannel />
                  <Time>12/21/2017 1:52:48 PM</Time>
                  <TimeUTC>1513885968</TimeUTC>
                  <Value UOM="" Q="">SINUS RHYTHM</Value>
                  <AlarmLimitLow />
                  <AlarmLimitHigh />
            </VitalSign>
            <VitalSign>
                  <Parameter>ECT</Parameter>
                  <BpChannel />
                  <Time>12/21/2017 1:52:48 PM</Time>
                  <TimeUTC>1513885968</TimeUTC>
                  <Value UOM="" Q="" />
                  <AlarmLimitLow />
                  <AlarmLimitHigh />
            </VitalSign>
            <VitalSign>
                  <Parameter>RESP</Parameter>
                  <BpChannel />
                  <Time>12/21/2017 1:52:48 PM</Time>
                  <TimeUTC>1513885968</TimeUTC>
                  <Value UOM="BrMin" Q="">35</Value>
                  <AlarmLimitLow />
                  <AlarmLimitHigh />
            </VitalSign>
            <VitalSign>
                  <Parameter>SPO2</Parameter>
                  <BpChannel />
                  <Time>12/21/2017 1:52:48 PM</Time>
                  <TimeUTC>1513885968</TimeUTC>
                  <Value UOM="%" Q="">100</Value>
                  <AlarmLimitLow />
                  <AlarmLimitHigh />
            </VitalSign>
            <VitalSign>
                  <Parameter>PULSE</Parameter>
                  <BpChannel />
                  <Time>12/21/2017 1:52:48 PM</Time>
                  <TimeUTC>1513885968</TimeUTC>
                  <Value UOM="BPM" Q="">140</Value>
                  <AlarmLimitLow />
                  <AlarmLimitHigh />
            </VitalSign>
            <VitalSign>
                  <Parameter>ABP-S</Parameter>
                  <BpChannel />
                  <Time>12/21/2017 1:52:48 PM</Time>
                  <TimeUTC>1513885968</TimeUTC>
                  <Value UOM="mmHg" Q="">58</Value>
                  <AlarmLimitLow />
                  <AlarmLimitHigh />
            </VitalSign>
            <VitalSign>
                  <Parameter>ABP-D</Parameter>
                  <BpChannel />
                  <Time>12/21/2017 1:52:48 PM</Time>
                  <TimeUTC>1513885968</TimeUTC>
                  <Value UOM="mmHg" Q="">39</Value>
                  <AlarmLimitLow />
                  <AlarmLimitHigh />
            </VitalSign>
            <VitalSign>
                  <Parameter>ABP-M</Parameter>
                  <BpChannel />
                  <Time>12/21/2017 1:52:48 PM</Time>
                  <TimeUTC>1513885968</TimeUTC>
                  <Value UOM="mmHg" Q="">45</Value>
                  <AlarmLimitLow />
                  <AlarmLimitHigh />
            </VitalSign>
      </VitalSigns>
      <Alarms />
      <ImportedData />
      <Waveforms CollectionTime="12/21/2017 1:52:49 PM" CollectionTimeUTC="1513885969" TTX="" DisplayOrder="">
            <WaveformData ID="3230796" Label="RESP" UOM="Ohms" Cal="0,1,1230,2867" SampleRate="125" SamplePeriodInMsec="1000" Samples="125">-0.1,-0.2,-0.2,-0.2,-0.2,-0.2,-0.2,-0.2,-0.2,-0.2,-0.2,-0.2,-0.2,-0.2,-0.2,-0.2,-0.2,-0.2,-0.2,-0.2,-0.2,-0.2,-0.2,-0.2,-0.2,-0.2,-0.2,-0.2,-0.2,-0.2,-0.2,-0.2,-0.2,-0.2,-0.2,-0.2,-0.2,-0.2,-0.2,-0.2,-0.2,-0.2,-0.2,-0.2,-0.2,-0.2,-0.2,-0.2,-0.2,-0.2,-0.2,-0.2,-0.2,-0.2,-0.2,-0.2,-0.2,-0.2,-0.2,-0.2,-0.2,-0.2,-0.2,-0.2,-0.2,-0.2,-0.1,-0.1,-0.1,-0.1,-0.1,-0.1,-0.1,-0.1,-0.1,-0.1,-0.1,-0.1,-0.1,-0.1,-0.1,-0.1,-0.2,-0.2,-0.2,-0.2,-0.2,-0.2,-0.2,-0.2,-0.2,-0.2,-0.2,-0.2,-0.2,-0.2,-0.2,-0.1,-0.1,-0.1,-0.1,-0.1,-0.1,0.0,0.0,0.0,0.0,0.1,0.1,0.1,0.2,0.2,0.2,0.3,0.3,0.4,0.4,0.4,0.5,0.5,0.6,0.6,0.6,0.7,0.7</WaveformData>
            <WaveformData ID="4487318" Label="II" UOM="mV" Cal="0,1,1023,3071" SampleRate="125" SamplePeriodInMsec="1000" Samples="125">0.78,0.785,0.79,0.795,0.8,0.805,0.82,0.835,0.86,0.895,0.925,0.965,1,1.025,1.04,1.045,1.035,1.015,0.98,0.935,0.895,0.85,0.805,0.76,0.715,0.675,0.635,0.6,0.61,0.65,0.715,0.755,0.72,0.64,0.575,0.56,0.565,0.57,0.575,0.585,0.6,0.61,0.585,0.68,1.225,1.5,1.5,0.7,0.425,0.605,0.72,0.73,0.74,0.745,0.75,0.755,0.76,0.76,0.765,0.775,0.79,0.81,0.84,0.875,0.905,0.94,0.97,0.99,1,1.005,0.98,0.955,0.915,0.875,0.83,0.79,0.75,0.71,0.67,0.635,0.595,0.58,0.61,0.675,0.74,0.75,0.66,0.575,0.535,0.53,0.53,0.53,0.535,0.545,0.55,0.535,0.52,0.91,1.5,1.5,0.88,0.33,0.42,0.57,0.595,0.595,0.595,0.6,0.6,0.595,0.59,0.59,0.59,0.6,0.62,0.64,0.665,0.695,0.725,0.75,0.77,0.785,0.79,0.775,0.75</WaveformData>
            <WaveformData ID="4214093" Label="SPO2" UOM="Uncalib" Cal="0,0,0,0" SampleRate="125" SamplePeriodInMsec="1000" Samples="125">2682.0,2652.0,2621.0,2590.0,2549.0,2519.0,2488.0,2457.0,2426.0,2385.0,2344.0,2304.0,2263.0,2211.0,2160.0,2109.0,2048.0,2007.0,1945.0,1894.0,1833.0,1781.0,1720.0,1669.0,1607.0,1556.0,1495.0,1433.0,1372.0,1310.0,1249.0,1187.0,1126.0,1085.0,1044.0,1024.0,1034.0,1054.0,1116.0,1198.0,1300.0,1423.0,1566.0,1710.0,1863.0,2007.0,2129.0,2242.0,2334.0,2396.0,2447.0,2467.0,2467.0,2467.0,2447.0,2426.0,2396.0,2375.0,2355.0,2334.0,2304.0,2283.0,2252.0,2232.0,2232.0,2211.0,2181.0,2150.0,2109.0,2068.0,2037.0,1996.0,1955.0,1904.0,1863.0,1812.0,1761.0,1710.0,1658.0,1607.0,1546.0,1495.0,1433.0,1372.0,1310.0,1259.0,1198.0,1146.0,1106.0,1065.0,1065.0,1065.0,1106.0,1167.0,1249.0,1372.0,1515.0,1679.0,1843.0,1996.0,2129.0,2273.0,2385.0,2478.0,2549.0,2590.0,2611.0,2621.0,2611.0,2590.0,2570.0,2539.0,2519.0,2488.0,2467.0,2437.0,2406.0,2385.0,2344.0,2314.0,2273.0,2232.0,2181.0,2129.0,2078.0</WaveformData>
            <WaveformData ID="3289908" Label="ABP" UOM="mmHg" Cal="30,60,307,3378" SampleRate="125" SamplePeriodInMsec="1000" Samples="125">40.3,40.2,40.0,39.7,39.5,39.3,39.1,38.7,38.5,38.2,37.9,37.6,37.4,37.2,37.1,37.2,37.8,39.3,41.8,45.1,48.9,52.5,55.3,57.0,57.6,56.9,55.4,53.3,51.0,48.9,47.2,46.1,45.5,45.3,45.3,45.4,45.4,45.5,45.5,45.4,45.2,44.9,44.6,44.2,43.7,43.2,42.7,42.3,41.9,41.6,41.2,41.0,40.8,40.6,40.5,40.3,40.1,39.9,39.6,39.4,39.1,38.8,38.5,38.2,37.9,37.7,37.4,37.2,37.2,37.6,38.7,40.9,44.0,47.8,51.6,54.9,57.2,58.4,58.3,57.2,55.3,53.1,50.8,48.9,47.5,46.6,46.1,45.9,46.1,46.2,46.4,46.5,46.4,46.3,46.1,45.9,45.6,45.2,44.8,44.3,43.9,43.5,43.2,42.9,42.6,42.3,42.1,41.9,41.8,41.7,41.5,41.2,41.0,40.7,40.5,40.2,39.9,39.6,39.3,39.0,38.7,38.7,39.1,40.1,42.3</WaveformData>
            <WaveformData ID="4214108" Label="Unk lbl 4214108" UOM="Uncalib" Cal="0,0,0,0" SampleRate="125" SamplePeriodInMsec="1000" Samples="125">2325,2276,2228,2180,2132,2084,2048,2011,1963,1927,1879,1843,1819,1783,1771,1758,1758,1771,1807,1855,1903,1975,2048,2120,2204,2288,2349,2409,2457,2493,2517,2505,2505,2481,2445,2409,2373,2325,2288,2240,2204,2156,2120,2072,2048,2011,1963,1927,1891,1843,1807,1758,1722,1674,1626,1590,1542,1506,1469,1433,1397,1361,1325,1301,1265,1241,1228,1228,1216,1241,1265,1301,1373,1433,1530,1626,1722,1819,1927,2024,2096,2180,2228,2288,2313,2325,2325,2313,2300,2264,2240,2204,2168,2132,2096,2072,2048,2011,1975,1939,1903,1867,1831,1795,1758,1722,1686,1650,1614,1578,1542,1506,1481,1445,1409,1385,1361,1337,1313,1301,1289,1289,1289,1301,1337</WaveformData>
      </Waveforms>
      <VitalSigns CollectionTime="12/21/2017 1:52:49 PM" CollectionTimeUTC="1513885969">
            <VitalSign>
                  <Parameter>HR</Parameter>
                  <BpChannel />
                  <Time>12/21/2017 1:52:49 PM</Time>
                  <TimeUTC>1513885969</TimeUTC>
                  <Value UOM="Bpm" Q="">140</Value>
                  <AlarmLimitLow />
                  <AlarmLimitHigh />
            </VitalSign>
            <VitalSign>
                  <Parameter>NBP-S</Parameter>
                  <BpChannel />
                  <Time>12/21/2017 8:23:00 PM</Time>
                  <TimeUTC>1513909380</TimeUTC>
                  <Value UOM="mmHg" Q="">NODATA</Value>
                  <AlarmLimitLow />
                  <AlarmLimitHigh />
            </VitalSign>
            <VitalSign>
                  <Parameter>NBP-D</Parameter>
                  <BpChannel />
                  <Time>12/21/2017 8:23:00 PM</Time>
                  <TimeUTC>1513909380</TimeUTC>
                  <Value UOM="mmHg" Q="">NODATA</Value>
                  <AlarmLimitLow />
                  <AlarmLimitHigh />
            </VitalSign>
            <VitalSign>
                  <Parameter>NBP-M</Parameter>
                  <BpChannel />
                  <Time>12/21/2017 8:23:00 PM</Time>
                  <TimeUTC>1513909380</TimeUTC>
                  <Value UOM="mmHg" Q="">NODATA</Value>
                  <AlarmLimitLow />
                  <AlarmLimitHigh />
            </VitalSign>
            <VitalSign>
                  <Parameter>PVC</Parameter>
                  <BpChannel />
                  <Time>12/21/2017 1:52:49 PM</Time>
                  <TimeUTC>1513885969</TimeUTC>
                  <Value UOM="Bpm" Q="">0</Value>
                  <AlarmLimitLow />
                  <AlarmLimitHigh />
            </VitalSign>
            <VitalSign>
                  <Parameter>RHY</Parameter>
                  <BpChannel />
                  <Time>12/21/2017 1:52:49 PM</Time>
                  <TimeUTC>1513885969</TimeUTC>
                  <Value UOM="" Q="">SINUS RHYTHM</Value>
                  <AlarmLimitLow />
                  <AlarmLimitHigh />
            </VitalSign>
            <VitalSign>
                  <Parameter>ECT</Parameter>
                  <BpChannel />
                  <Time>12/21/2017 1:52:49 PM</Time>
                  <TimeUTC>1513885969</TimeUTC>
                  <Value UOM="" Q="" />
                  <AlarmLimitLow />
                  <AlarmLimitHigh />
            </VitalSign>
            <VitalSign>
                  <Parameter>RESP</Parameter>
                  <BpChannel />
                  <Time>12/21/2017 1:52:49 PM</Time>
                  <TimeUTC>1513885969</TimeUTC>
                  <Value UOM="BrMin" Q="">35</Value>
                  <AlarmLimitLow />
                  <AlarmLimitHigh />
            </VitalSign>
            <VitalSign>
                  <Parameter>SPO2</Parameter>
                  <BpChannel />
                  <Time>12/21/2017 1:52:49 PM</Time>
                  <TimeUTC>1513885969</TimeUTC>
                  <Value UOM="%" Q="">100</Value>
                  <AlarmLimitLow />
                  <AlarmLimitHigh />
            </VitalSign>
            <VitalSign>
                  <Parameter>PULSE</Parameter>
                  <BpChannel />
                  <Time>12/21/2017 1:52:49 PM</Time>
                  <TimeUTC>1513885969</TimeUTC>
                  <Value UOM="BPM" Q="">140</Value>
                  <AlarmLimitLow />
                  <AlarmLimitHigh />
            </VitalSign>
            <VitalSign>
                  <Parameter>ABP-S</Parameter>
                  <BpChannel />
                  <Time>12/21/2017 1:52:49 PM</Time>
                  <TimeUTC>1513885969</TimeUTC>
                  <Value UOM="mmHg" Q="">58</Value>
                  <AlarmLimitLow />
                  <AlarmLimitHigh />
            </VitalSign>
            <VitalSign>
                  <Parameter>ABP-D</Parameter>
                  <BpChannel />
                  <Time>12/21/2017 1:52:49 PM</Time>
                  <TimeUTC>1513885969</TimeUTC>
                  <Value UOM="mmHg" Q="">38</Value>
                  <AlarmLimitLow />
                  <AlarmLimitHigh />
            </VitalSign>
            <VitalSign>
                  <Parameter>ABP-M</Parameter>
                  <BpChannel />
                  <Time>12/21/2017 1:52:49 PM</Time>
                  <TimeUTC>1513885969</TimeUTC>
                  <Value UOM="mmHg" Q="">45</Value>
                  <AlarmLimitLow />
                  <AlarmLimitHigh />
            </VitalSign>
      </VitalSigns>
      <Alarms />
      <ImportedData />
      <Waveforms CollectionTime="12/21/2017 1:52:50 PM" CollectionTimeUTC="1513885970" TTX="" DisplayOrder="">
            <WaveformData ID="3230796" Label="RESP" UOM="Ohms" Cal="0,1,1230,2867" SampleRate="125" SamplePeriodInMsec="1000" Samples="125">0.7,0.8,0.8,0.8,0.8,0.9,0.9,0.9,0.9,0.9,0.9,0.9,0.9,0.9,1.0,1.0,1.0,1.0,1.0,1.0,1.0,1.0,1.0,1.0,0.9,0.9,0.9,0.9,0.9,0.9,0.9,0.9,0.9,0.8,0.8,0.8,0.8,0.8,0.7,0.7,0.7,0.6,0.6,0.6,0.5,0.5,0.5,0.4,0.4,0.4,0.3,0.3,0.3,0.3,0.2,0.2,0.2,0.2,0.1,0.1,0.1,0.1,0.1,0.0,0.0,0.0,0.0,0.0,0.0,0.0,-0.1,-0.1,-0.1,-0.1,-0.1,-0.1,-0.1,-0.1,-0.1,-0.1,-0.1,-0.1,-0.1,-0.1,-0.1,-0.1,-0.1,-0.1,-0.1,-0.1,-0.1,-0.1,-0.1,-0.1,-0.1,-0.1,-0.1,-0.1,-0.1,-0.1,-0.1,-0.2,-0.2,-0.2,-0.2,-0.2,-0.2,-0.2,-0.2,-0.2,-0.2,-0.2,-0.2,-0.2,-0.2,-0.2,-0.2,-0.2,-0.2,-0.2,-0.2,-0.2,-0.2,-0.2,-0.2</WaveformData>
            <WaveformData ID="4487318" Label="II" UOM="mV" Cal="0,1,1023,3071" SampleRate="125" SamplePeriodInMsec="1000" Samples="125">0.705,0.66,0.615,0.57,0.525,0.485,0.445,0.415,0.385,0.36,0.375,0.43,0.51,0.55,0.515,0.445,0.395,0.385,0.39,0.4,0.415,0.43,0.455,0.47,0.46,0.61,1.215,1.5,1.255,0.5,0.36,0.57,0.66,0.68,0.695,0.715,0.73,0.74,0.755,0.765,0.775,0.795,0.82,0.85,0.89,0.93,0.97,1.005,1.035,1.055,1.065,1.06,1.04,1.01,0.97,0.925,0.885,0.84,0.795,0.75,0.705,0.665,0.625,0.615,0.645,0.715,0.775,0.785,0.705,0.625,0.59,0.59,0.595,0.6,0.61,0.625,0.64,0.63,0.615,0.985,1.5,1.5,1.02,0.475,0.565,0.73,0.76,0.765,0.77,0.775,0.78,0.78,0.785,0.795,0.805,0.815,0.83,0.86,0.89,0.925,0.96,0.995,1.02,1.035,1.04,1.025,1,0.965,0.925,0.88,0.835,0.79,0.75,0.705,0.66,0.62,0.595,0.61,0.66,0.73,0.76,0.71,0.625,0.565,0.555</WaveformData>
            <WaveformData ID="4214093" Label="SPO2" UOM="Uncalib" Cal="0,0,0,0" SampleRate="125" SamplePeriodInMsec="1000" Samples="125">2037.0,1986.0,1935.0,1874.0,1822.0,1771.0,1710.0,1658.0,1607.0,1546.0,1495.0,1433.0,1382.0,1321.0,1269.0,1228.0,1198.0,1177.0,1177.0,1198.0,1249.0,1331.0,1443.0,1566.0,1720.0,1884.0,2058.0,2222.0,2396.0,2539.0,2682.0,2795.0,2877.0,2949.0,2979.0,2922.0,2941.0,2941.0,2941.0,2932.0,2922.0,2913.0,2904.0,2895.0,2876.0,2857.0,2839.0,2811.0,2783.0,2755.0,2718.0,2680.0,2643.0,2606.0,2559.0,2513.0,2466.0,2420.0,2373.0,2327.0,2271.0,2224.0,2169.0,2113.0,2057.0,2010.0,1955.0,1889.0,1843.0,1796.0,1759.0,1731.0,1722.0,1731.0,1759.0,1824.0,1889.0,1982.0,2075.0,2187.0,2299.0,2401.0,2494.0,2578.0,2643.0,2680.0,2708.0,2718.0,2708.0,2690.0,2662.0,2625.0,2597.0,2559.0,2532.0,2504.0,2476.0,2448.0,2411.0,2373.0,2345.0,2299.0,2262.0,2215.0,2169.0,2122.0,2066.0,2029.0,1973.0,1917.0,1871.0,1815.0,1759.0,1703.0,1647.0,1592.0,1536.0,1480.0,1415.0,1359.0,1303.0,1247.0,1201.0,1163.0,1145.0</WaveformData>
            <WaveformData ID="3289908" Label="ABP" UOM="mmHg" Cal="30,60,307,3378" SampleRate="125" SamplePeriodInMsec="1000" Samples="125">45.5,49.6,53.8,57.4,60.1,61.5,61.7,60.9,59.1,56.8,54.3,52.1,50.2,48.9,48.1,47.7,47.5,47.6,47.6,47.6,47.6,47.4,47.1,46.8,46.5,46.1,45.6,45.1,44.6,44.1,43.6,43.2,42.8,42.6,42.3,42.1,41.9,41.8,41.5,41.2,41.0,40.7,40.4,40.1,39.7,39.5,39.2,38.9,38.6,38.4,38.4,38.8,39.8,41.8,44.7,48.2,51.9,54.9,56.9,57.6,57.2,55.8,53.7,51.4,49.2,47.4,46.2,45.5,45.2,45.2,45.2,45.3,45.4,45.3,45.2,44.9,44.7,44.3,43.9,43.6,43.1,42.7,42.3,41.8,41.4,41.1,40.9,40.6,40.4,40.3,40.1,40.0,39.8,39.6,39.3,39.0,38.7,38.4,38.2,37.9,37.7,37.4,37.2,37.1,37.2,37.9,39.6,42.1,45.6,49.4,52.9,55.7,57.3,57.8,57.1,55.4,53.2,50.9,48.7,47.1,45.9,45.3,45.2,45.2,45.4</WaveformData>
            <WaveformData ID="4214108" Label="Unk lbl 4214108" UOM="Uncalib" Cal="0,0,0,0" SampleRate="125" SamplePeriodInMsec="1000" Samples="125">1385,1457,1542,1638,1758,1867,1975,2072,2168,2264,2337,2409,2457,2493,2505,2505,2493,2469,2445,2409,2373,2337,2300,2264,2228,2180,2144,2108,2072,2048,2011,1975,1939,1903,1879,1843,1819,1795,1771,1746,1722,1710,1698,1686,1674,1662,1650,1650,1650,1650,1662,1686,1710,1758,1819,1891,1975,2072,2180,2300,2421,2541,2650,2758,2855,2939,2987,3035,3071,3083,3096,3083,3083,3059,3047,3023,2999,2975,2951,2915,2879,2830,2782,2734,2698,2674,2650,2602,2553,2505,2445,2397,2349,2300,2252,2204,2156,2108,2060,2036,1987,1951,1903,1843,1802,1761,1720,1693,1679,1665,1679,1693,1747,1788,1870,1952,2034,2116,2211,2293,2375,2443,2484,2512,2525</WaveformData>
      </Waveforms>
      <VitalSigns CollectionTime="12/21/2017 1:52:50 PM" CollectionTimeUTC="1513885970">
            <VitalSign>
                  <Parameter>HR</Parameter>
                  <BpChannel />
                  <Time>12/21/2017 1:52:50 PM</Time>
                  <TimeUTC>1513885970</TimeUTC>
                  <Value UOM="Bpm" Q="">140</Value>
                  <AlarmLimitLow />
                  <AlarmLimitHigh />
            </VitalSign>
            <VitalSign>
                  <Parameter>NBP-S</Parameter>
                  <BpChannel />
                  <Time>12/21/2017 8:23:00 PM</Time>
                  <TimeUTC>1513909380</TimeUTC>
                  <Value UOM="mmHg" Q="">NODATA</Value>
                  <AlarmLimitLow />
                  <AlarmLimitHigh />
            </VitalSign>
            <VitalSign>
                  <Parameter>NBP-D</Parameter>
                  <BpChannel />
                  <Time>12/21/2017 8:23:00 PM</Time>
                  <TimeUTC>1513909380</TimeUTC>
                  <Value UOM="mmHg" Q="">NODATA</Value>
                  <AlarmLimitLow />
                  <AlarmLimitHigh />
            </VitalSign>
            <VitalSign>
                  <Parameter>NBP-M</Parameter>
                  <BpChannel />
                  <Time>12/21/2017 8:23:00 PM</Time>
                  <TimeUTC>1513909380</TimeUTC>
                  <Value UOM="mmHg" Q="">NODATA</Value>
                  <AlarmLimitLow />
                  <AlarmLimitHigh />
            </VitalSign>
            <VitalSign>
                  <Parameter>PVC</Parameter>
                  <BpChannel />
                  <Time>12/21/2017 1:52:50 PM</Time>
                  <TimeUTC>1513885970</TimeUTC>
                  <Value UOM="Bpm" Q="">0</Value>
                  <AlarmLimitLow />
                  <AlarmLimitHigh />
            </VitalSign>
            <VitalSign>
                  <Parameter>RHY</Parameter>
                  <BpChannel />
                  <Time>12/21/2017 1:52:50 PM</Time>
                  <TimeUTC>1513885970</TimeUTC>
                  <Value UOM="" Q="">SINUS RHYTHM</Value>
                  <AlarmLimitLow />
                  <AlarmLimitHigh />
            </VitalSign>
            <VitalSign>
                  <Parameter>ECT</Parameter>
                  <BpChannel />
                  <Time>12/21/2017 1:52:50 PM</Time>
                  <TimeUTC>1513885970</TimeUTC>
                  <Value UOM="" Q="" />
                  <AlarmLimitLow />
                  <AlarmLimitHigh />
            </VitalSign>
            <VitalSign>
                  <Parameter>RESP</Parameter>
                  <BpChannel />
                  <Time>12/21/2017 1:52:50 PM</Time>
                  <TimeUTC>1513885970</TimeUTC>
                  <Value UOM="BrMin" Q="">35</Value>
                  <AlarmLimitLow />
                  <AlarmLimitHigh />
            </VitalSign>
            <VitalSign>
                  <Parameter>SPO2</Parameter>
                  <BpChannel />
                  <Time>12/21/2017 1:52:50 PM</Time>
                  <TimeUTC>1513885970</TimeUTC>
                  <Value UOM="%" Q="">100</Value>
                  <AlarmLimitLow />
                  <AlarmLimitHigh />
            </VitalSign>
            <VitalSign>
                  <Parameter>PULSE</Parameter>
                  <BpChannel />
                  <Time>12/21/2017 1:52:50 PM</Time>
                  <TimeUTC>1513885970</TimeUTC>
                  <Value UOM="BPM" Q="">140</Value>
                  <AlarmLimitLow />
                  <AlarmLimitHigh />
            </VitalSign>
            <VitalSign>
                  <Parameter>ABP-S</Parameter>
                  <BpChannel />
                  <Time>12/21/2017 1:52:50 PM</Time>
                  <TimeUTC>1513885970</TimeUTC>
                  <Value UOM="mmHg" Q="">58</Value>
                  <AlarmLimitLow />
                  <AlarmLimitHigh />
            </VitalSign>
            <VitalSign>
                  <Parameter>ABP-D</Parameter>
                  <BpChannel />
                  <Time>12/21/2017 1:52:50 PM</Time>
                  <TimeUTC>1513885970</TimeUTC>
                  <Value UOM="mmHg" Q="">38</Value>
                  <AlarmLimitLow />
                  <AlarmLimitHigh />
            </VitalSign>
            <VitalSign>
                  <Parameter>ABP-M</Parameter>
                  <BpChannel />
                  <Time>12/21/2017 1:52:50 PM</Time>
                  <TimeUTC>1513885970</TimeUTC>
                  <Value UOM="mmHg" Q="">45</Value>
                  <AlarmLimitLow />
                  <AlarmLimitHigh />
            </VitalSign>
      </VitalSigns>
      <Alarms />
      <ImportedData />
      <Waveforms CollectionTime="12/21/2017 1:52:51 PM" CollectionTimeUTC="1513885971" TTX="" DisplayOrder="">
            <WaveformData ID="3230796" Label="RESP" UOM="Ohms" Cal="0,1,1230,2867" SampleRate="125" SamplePeriodInMsec="1000" Samples="125">-0.2,-0.2,-0.2,-0.2,-0.2,-0.2,-0.2,-0.2,-0.2,-0.2,-0.2,-0.2,-0.2,-0.2,-0.2,-0.2,-0.2,-0.2,-0.2,-0.2,-0.2,-0.2,-0.1,-0.1,-0.1,-0.1,-0.1,-0.1,-0.1,-0.1,-0.1,-0.1,-0.1,-0.1,-0.1,-0.1,-0.1,-0.1,-0.1,-0.1,-0.1,-0.1,-0.1,-0.1,-0.1,-0.1,-0.1,-0.2,-0.2,-0.2,-0.2,-0.2,-0.2,-0.2,-0.2,-0.2,-0.2,-0.2,-0.2,-0.2,-0.2,-0.1,-0.1,-0.1,-0.1,-0.1,-0.1,-0.1,0.0,0.0,0.0,0.0,0.1,0.1,0.2,0.2,0.3,0.3,0.3,0.4,0.4,0.5,0.5,0.5,0.6,0.6,0.6,0.7,0.7,0.7,0.8,0.8,0.8,0.8,0.8,0.9,0.9,0.9,0.9,0.9,0.9,0.9,0.9,0.9,0.9,0.9,0.9,0.9,0.9,0.9,0.9,0.9,0.9,0.9,0.9,0.9,0.9,0.9,0.9,0.9,0.9,0.8,0.8,0.8,0.8</WaveformData>
            <WaveformData ID="4487318" Label="II" UOM="mV" Cal="0,1,1023,3071" SampleRate="125" SamplePeriodInMsec="1000" Samples="125">0.56,0.565,0.575,0.585,0.595,0.605,0.57,0.72,1.355,1.5,1.395,0.595,0.445,0.635,0.715,0.725,0.73,0.735,0.74,0.745,0.745,0.75,0.76,0.77,0.78,0.805,0.83,0.865,0.895,0.93,0.96,0.98,0.99,0.98,0.96,0.93,0.89,0.85,0.805,0.765,0.725,0.685,0.645,0.61,0.575,0.57,0.61,0.675,0.725,0.695,0.615,0.535,0.505,0.505,0.51,0.515,0.52,0.525,0.53,0.505,0.575,1.085,1.5,1.5,0.645,0.3,0.46,0.57,0.585,0.585,0.59,0.585,0.58,0.58,0.58,0.58,0.585,0.6,0.62,0.64,0.67,0.695,0.725,0.745,0.765,0.77,0.775,0.755,0.725,0.685,0.635,0.59,0.545,0.5,0.465,0.425,0.39,0.355,0.35,0.38,0.45,0.52,0.54,0.485,0.42,0.38,0.375,0.39,0.4,0.41,0.43,0.455,0.46,0.45,0.755,1.455,1.5,0.985,0.375,0.345,0.61,0.665,0.68,0.695,0.71</WaveformData>
            <WaveformData ID="4214093" Label="SPO2" UOM="Uncalib" Cal="0,0,0,0" SampleRate="125" SamplePeriodInMsec="1000" Samples="125">1135.0,1154.0,1201.0,1266.0,1359.0,1461.0,1592.0,1731.0,1871.0,2001.0,2122.0,2234.0,2317.0,2401.0,2438.0,2466.0,2476.0,2476.0,2457.0,2438.0,2420.0,2392.0,2373.0,2345.0,2327.0,2299.0,2280.0,2252.0,2224.0,2187.0,2150.0,2122.0,2075.0,2048.0,2001.0,1964.0,1917.0,1871.0,1824.0,1778.0,1731.0,1675.0,1629.0,1582.0,1526.0,1471.0,1415.0,1368.0,1312.0,1266.0,1219.0,1191.0,1163.0,1173.0,1182.0,1228.0,1294.0,1387.0,1498.0,1619.0,1759.0,1899.0,2038.0,2150.0,2262.0,2355.0,2429.0,2485.0,2504.0,2522.0,2522.0,2513.0,2494.0,2466.0,2448.0,2420.0,2401.0,2373.0,2355.0,2327.0,2299.0,2271.0,2234.0,2196.0,2159.0,2113.0,2066.0,2038.0,1982.0,1936.0,1889.0,1843.0,1796.0,1750.0,1703.0,1657.0,1610.0,1554.0,1508.0,1461.0,1405.0,1359.0,1312.0,1275.0,1247.0,1228.0,1247.0,1275.0,1331.0,1424.0,1526.0,1657.0,1806.0,1955.0,2113.0,2271.0,2420.0,2550.0,2671.0,2755.0,2829.0,2885.0,2913.0,2941.0,2950.0</WaveformData>
            <WaveformData ID="3289908" Label="ABP" UOM="mmHg" Cal="30,60,307,3378" SampleRate="125" SamplePeriodInMsec="1000" Samples="125">45.5,45.6,45.5,45.4,45.1,44.9,44.5,44.1,43.6,43.2,42.7,42.3,41.9,41.6,41.3,41.1,40.8,40.6,40.4,40.2,40.1,39.9,39.6,39.3,39.1,38.7,38.5,38.2,38.0,37.7,37.4,37.2,37.3,37.8,39.1,41.4,44.7,48.5,52.2,55.3,57.3,58.3,58.0,56.7,54.8,52.6,50.4,48.6,47.3,46.4,46.0,45.9,46.1,46.2,46.4,46.4,46.4,46.2,45.9,45.6,45.3,44.9,44.5,44.1,43.7,43.4,42.9,42.7,42.4,42.3,42.1,42.0,41.8,41.6,41.4,41.2,40.9,40.6,40.3,40.1,39.8,39.5,39.3,38.9,38.7,38.7,39.3,40.6,43.0,46.6,50.7,54.8,58.2,60.6,61.7,61.7,60.6,58.7,56.2,53.9,51.7,49.9,48.7,47.9,47.6,47.5,47.6,47.6,47.7,47.6,47.5,47.2,46.8,46.4,46.1,45.6,45.1,44.6,44.1,43.6,43.2,42.9,42.6,42.4,42.1</WaveformData>
            <WaveformData ID="4214108" Label="Unk lbl 4214108" UOM="Uncalib" Cal="0,0,0,0" SampleRate="125" SamplePeriodInMsec="1000" Samples="125">2525,2525,2484,2457,2416,2375,2321,2280,2239,2184,2143,2102,2048,2020,1979,1925,1884,1843,1788,1747,1693,1652,1597,1542,1502,1461,1406,1365,1324,1283,1242,1215,1174,1147,1119,1106,1106,1106,1133,1160,1215,1283,1379,1488,1611,1734,1870,1979,2075,2170,2239,2307,2348,2375,2389,2375,2361,2334,2293,2266,2225,2184,2143,2102,2061,2048,2007,1966,1925,1884,1843,1802,1761,1720,1679,1638,1597,1542,1502,1461,1433,1392,1351,1324,1283,1256,1228,1215,1201,1201,1201,1215,1269,1324,1420,1515,1624,1747,1884,2007,2129,2239,2334,2430,2498,2553,2580,2594,2594,2580,2553,2525,2484,2430,2389,2348,2293,2252,2211,2170,2129,2075,2048,2007,1966</WaveformData>
      </Waveforms>
      <VitalSigns CollectionTime="12/21/2017 1:52:51 PM" CollectionTimeUTC="1513885971">
            <VitalSign>
                  <Parameter>HR</Parameter>
                  <BpChannel />
                  <Time>12/21/2017 1:52:51 PM</Time>
                  <TimeUTC>1513885971</TimeUTC>
                  <Value UOM="Bpm" Q="">140</Value>
                  <AlarmLimitLow />
                  <AlarmLimitHigh />
            </VitalSign>
            <VitalSign>
                  <Parameter>NBP-S</Parameter>
                  <BpChannel />
                  <Time>12/21/2017 8:23:00 PM</Time>
                  <TimeUTC>1513909380</TimeUTC>
                  <Value UOM="mmHg" Q="">NODATA</Value>
                  <AlarmLimitLow />
                  <AlarmLimitHigh />
            </VitalSign>
            <VitalSign>
                  <Parameter>NBP-D</Parameter>
                  <BpChannel />
                  <Time>12/21/2017 8:23:00 PM</Time>
                  <TimeUTC>1513909380</TimeUTC>
                  <Value UOM="mmHg" Q="">NODATA</Value>
                  <AlarmLimitLow />
                  <AlarmLimitHigh />
            </VitalSign>
            <VitalSign>
                  <Parameter>NBP-M</Parameter>
                  <BpChannel />
                  <Time>12/21/2017 8:23:00 PM</Time>
                  <TimeUTC>1513909380</TimeUTC>
                  <Value UOM="mmHg" Q="">NODATA</Value>
                  <AlarmLimitLow />
                  <AlarmLimitHigh />
            </VitalSign>
            <VitalSign>
                  <Parameter>PVC</Parameter>
                  <BpChannel />
                  <Time>12/21/2017 1:52:51 PM</Time>
                  <TimeUTC>1513885971</TimeUTC>
                  <Value UOM="Bpm" Q="">0</Value>
                  <AlarmLimitLow />
                  <AlarmLimitHigh />
            </VitalSign>
            <VitalSign>
                  <Parameter>RHY</Parameter>
                  <BpChannel />
                  <Time>12/21/2017 1:52:51 PM</Time>
                  <TimeUTC>1513885971</TimeUTC>
                  <Value UOM="" Q="">SINUS RHYTHM</Value>
                  <AlarmLimitLow />
                  <AlarmLimitHigh />
            </VitalSign>
            <VitalSign>
                  <Parameter>ECT</Parameter>
                  <BpChannel />
                  <Time>12/21/2017 1:52:51 PM</Time>
                  <TimeUTC>1513885971</TimeUTC>
                  <Value UOM="" Q="" />
                  <AlarmLimitLow />
                  <AlarmLimitHigh />
            </VitalSign>
            <VitalSign>
                  <Parameter>RESP</Parameter>
                  <BpChannel />
                  <Time>12/21/2017 1:52:51 PM</Time>
                  <TimeUTC>1513885971</TimeUTC>
                  <Value UOM="BrMin" Q="">35</Value>
                  <AlarmLimitLow />
                  <AlarmLimitHigh />
            </VitalSign>
            <VitalSign>
                  <Parameter>SPO2</Parameter>
                  <BpChannel />
                  <Time>12/21/2017 1:52:51 PM</Time>
                  <TimeUTC>1513885971</TimeUTC>
                  <Value UOM="%" Q="">100</Value>
                  <AlarmLimitLow />
                  <AlarmLimitHigh />
            </VitalSign>
            <VitalSign>
                  <Parameter>PULSE</Parameter>
                  <BpChannel />
                  <Time>12/21/2017 1:52:51 PM</Time>
                  <TimeUTC>1513885971</TimeUTC>
                  <Value UOM="BPM" Q="">141</Value>
                  <AlarmLimitLow />
                  <AlarmLimitHigh />
            </VitalSign>
            <VitalSign>
                  <Parameter>ABP-S</Parameter>
                  <BpChannel />
                  <Time>12/21/2017 1:52:51 PM</Time>
                  <TimeUTC>1513885971</TimeUTC>
                  <Value UOM="mmHg" Q="">58</Value>
                  <AlarmLimitLow />
                  <AlarmLimitHigh />
            </VitalSign>
            <VitalSign>
                  <Parameter>ABP-D</Parameter>
                  <BpChannel />
                  <Time>12/21/2017 1:52:51 PM</Time>
                  <TimeUTC>1513885971</TimeUTC>
                  <Value UOM="mmHg" Q="">38</Value>
                  <AlarmLimitLow />
                  <AlarmLimitHigh />
            </VitalSign>
            <VitalSign>
                  <Parameter>ABP-M</Parameter>
                  <BpChannel />
                  <Time>12/21/2017 1:52:51 PM</Time>
                  <TimeUTC>1513885971</TimeUTC>
                  <Value UOM="mmHg" Q="">45</Value>
                  <AlarmLimitLow />
                  <AlarmLimitHigh />
            </VitalSign>
      </VitalSigns>
      <Alarms />
      <ImportedData />
      <Waveforms CollectionTime="12/21/2017 1:52:52 PM" CollectionTimeUTC="1513885972" TTX="" DisplayOrder="">
            <WaveformData ID="3230796" Label="RESP" UOM="Ohms" Cal="0,1,1230,2867" SampleRate="125" SamplePeriodInMsec="1000" Samples="125">0.7,0.7,0.7,0.7,0.6,0.6,0.6,0.5,0.5,0.5,0.4,0.4,0.4,0.3,0.3,0.3,0.2,0.2,0.2,0.2,0.1,0.1,0.1,0.1,0.1,0.0,0.0,0.0,0.0,0.0,0.0,-0.1,-0.1,-0.1,-0.1,-0.1,-0.1,-0.1,-0.1,-0.1,-0.1,-0.1,-0.2,-0.2,-0.2,-0.2,-0.2,-0.2,-0.2,-0.2,-0.2,-0.2,-0.2,-0.2,-0.2,-0.2,-0.2,-0.2,-0.2,-0.2,-0.2,-0.2,-0.2,-0.2,-0.2,-0.2,-0.2,-0.2,-0.2,-0.2,-0.2,-0.2,-0.2,-0.2,-0.2,-0.2,-0.2,-0.2,-0.2,-0.2,-0.2,-0.2,-0.2,-0.2,-0.2,-0.2,-0.2,-0.2,-0.2,-0.2,-0.2,-0.2,-0.2,-0.2,-0.2,-0.2,-0.2,-0.2,-0.2,-0.2,-0.2,-0.2,-0.2,-0.2,-0.2,-0.2,-0.2,-0.2,-0.2,-0.2,-0.2,-0.2,-0.2,-0.2,-0.2,-0.2,-0.2,-0.2,-0.1,-0.1,-0.1,-0.1,-0.1,-0.1,-0.1</WaveformData>
            <WaveformData ID="4487318" Label="II" UOM="mV" Cal="0,1,1023,3071" SampleRate="125" SamplePeriodInMsec="1000" Samples="125">0.72,0.735,0.745,0.76,0.775,0.795,0.82,0.855,0.895,0.935,0.97,1.005,1.035,1.055,1.06,1.045,1.025,0.99,0.945,0.9,0.86,0.815,0.765,0.72,0.68,0.64,0.615,0.62,0.66,0.735,0.775,0.745,0.67,0.605,0.58,0.585,0.59,0.6,0.61,0.625,0.635,0.61,0.695,1.225,1.5,1.5,0.74,0.475,0.64,0.745,0.755,0.765,0.77,0.775,0.78,0.785,0.785,0.795,0.805,0.82,0.84,0.87,0.905,0.94,0.975,1.005,1.025,1.04,1.04,1.02,0.99,0.955,0.91,0.87,0.825,0.775,0.735,0.69,0.65,0.61,0.6,0.63,0.695,0.75,0.755,0.67,0.595,0.56,0.555,0.565,0.57,0.58,0.59,0.605,0.595,0.58,0.96,1.5,1.5,0.975,0.44,0.53,0.695,0.725,0.73,0.735,0.745,0.75,0.75,0.755,0.76,0.765,0.78,0.8,0.825,0.855,0.89,0.92,0.95,0.975,0.99,0.995,0.98,0.955,0.92</WaveformData>
            <WaveformData ID="4214093" Label="SPO2" UOM="Uncalib" Cal="0,0,0,0" SampleRate="125" SamplePeriodInMsec="1000" Samples="125">2950.0,2950.0,2950.0,2941.0,2932.0,2922.0,2904.0,2895.0,2867.0,2848.0,2820.0,2792.0,2755.0,2718.0,2680.0,2634.0,2597.0,2587.0,2559.0,2513.0,2466.0,2420.0,2364.0,2317.0,2262.0,2206.0,2159.0,2103.0,2048.0,1992.0,1936.0,1880.0,1824.0,1765.0,1726.0,1697.0,1687.0,1697.0,1736.0,1784.0,1872.0,1960.0,2057.0,2174.0,2291.0,2399.0,2496.0,2584.0,2652.0,2701.0,2720.0,2730.0,2730.0,2711.0,2681.0,2652.0,2613.0,2584.0,2545.0,2516.0,2477.0,2438.0,2408.0,2369.0,2321.0,2282.0,2233.0,2184.0,2135.0,2087.0,2038.0,1989.0,1940.0,1882.0,1833.0,1775.0,1716.0,1667.0,1609.0,1550.0,1492.0,1433.0,1375.0,1316.0,1258.0,1199.0,1150.0,1111.0,1092.0,1092.0,1102.0,1141.0,1209.0,1297.0,1414.0,1540.0,1677.0,1814.0,1950.0,2067.0,2174.0,2272.0,2340.0,2389.0,2408.0,2418.0,2418.0,2399.0,2379.0,2360.0,2340.0,2311.0,2291.0,2262.0,2243.0,2213.0,2194.0,2165.0,2126.0,2096.0,2048.0,2018.0,1979.0,1931.0,1882.0</WaveformData>
            <WaveformData ID="3289908" Label="ABP" UOM="mmHg" Cal="30,60,307,3378" SampleRate="125" SamplePeriodInMsec="1000" Samples="125">41.9,41.8,41.5,41.2,40.9,40.6,40.3,40.1,39.7,39.4,39.1,38.9,38.6,38.4,38.6,39.1,40.4,42.6,45.7,49.3,52.8,55.4,56.9,57.4,56.6,54.9,52.8,50.4,48.4,46.8,45.9,45.4,45.2,45.2,45.3,45.4,45.4,45.3,45.2,44.9,44.6,44.2,43.7,43.4,42.9,42.5,42.1,41.7,41.3,41.1,40.8,40.6,40.4,40.2,40.1,39.9,39.7,39.4,39.1,38.9,38.6,38.3,38.1,37.7,37.4,37.2,37.0,37.0,37.2,38.2,40.1,43.1,46.7,50.6,53.7,56.1,57.2,57.1,56.1,54.1,51.8,49.5,47.6,46.1,45.4,45.0,44.9,44.9,45.1,45.1,45.1,45.0,44.8,44.6,44.3,44.0,43.6,43.2,42.7,42.2,41.8,41.4,41.1,40.7,40.6,40.4,40.3,40.1,39.9,39.7,39.4,39.2,38.9,38.7,38.4,38.2,37.9,37.6,37.3,37.1,36.9,37.2,38.1,39.8,42.6</WaveformData>
            <WaveformData ID="4214108" Label="Unk lbl 4214108" UOM="Uncalib" Cal="0,0,0,0" SampleRate="125" SamplePeriodInMsec="1000" Samples="125">1925,1884,1856,1816,1788,1761,1734,1706,1679,1665,1652,1638,1624,1611,1611,1611,1611,1624,1638,1679,1720,1788,1870,1966,2061,2184,2321,2457,2607,2730,2853,2962,3058,3126,3181,3222,3235,3249,3249,3235,3222,3194,3167,3153,3099,3058,3003,2949,2894,2839,2785,2730,2662,2607,2539,2484,2430,2361,2307,2252,2198,2143,2088,2048,2007,1952,1911,1870,1829,1788,1747,1720,1706,1706,1720,1747,1802,1856,1938,2020,2088,2184,2266,2348,2430,2484,2525,2553,2553,2539,2525,2484,2457,2402,2361,2321,2266,2225,2170,2129,2088,2048,2007,1966,1911,1870,1816,1775,1720,1679,1624,1583,1529,1488,1433,1392,1351,1310,1269,1228,1201,1160,1133,1119,1106</WaveformData>
      </Waveforms>
      <VitalSigns CollectionTime="12/21/2017 1:52:52 PM" CollectionTimeUTC="1513885972">
            <VitalSign>
                  <Parameter>HR</Parameter>
                  <BpChannel />
                  <Time>12/21/2017 1:52:52 PM</Time>
                  <TimeUTC>1513885972</TimeUTC>
                  <Value UOM="Bpm" Q="">140</Value>
                  <AlarmLimitLow />
                  <AlarmLimitHigh />
            </VitalSign>
            <VitalSign>
                  <Parameter>NBP-S</Parameter>
                  <BpChannel />
                  <Time>12/21/2017 8:23:00 PM</Time>
                  <TimeUTC>1513909380</TimeUTC>
                  <Value UOM="mmHg" Q="">NODATA</Value>
                  <AlarmLimitLow />
                  <AlarmLimitHigh />
            </VitalSign>
            <VitalSign>
                  <Parameter>NBP-D</Parameter>
                  <BpChannel />
                  <Time>12/21/2017 8:23:00 PM</Time>
                  <TimeUTC>1513909380</TimeUTC>
                  <Value UOM="mmHg" Q="">NODATA</Value>
                  <AlarmLimitLow />
                  <AlarmLimitHigh />
            </VitalSign>
            <VitalSign>
                  <Parameter>NBP-M</Parameter>
                  <BpChannel />
                  <Time>12/21/2017 8:23:00 PM</Time>
                  <TimeUTC>1513909380</TimeUTC>
                  <Value UOM="mmHg" Q="">NODATA</Value>
                  <AlarmLimitLow />
                  <AlarmLimitHigh />
            </VitalSign>
            <VitalSign>
                  <Parameter>PVC</Parameter>
                  <BpChannel />
                  <Time>12/21/2017 1:52:52 PM</Time>
                  <TimeUTC>1513885972</TimeUTC>
                  <Value UOM="Bpm" Q="">0</Value>
                  <AlarmLimitLow />
                  <AlarmLimitHigh />
            </VitalSign>
            <VitalSign>
                  <Parameter>RHY</Parameter>
                  <BpChannel />
                  <Time>12/21/2017 1:52:52 PM</Time>
                  <TimeUTC>1513885972</TimeUTC>
                  <Value UOM="" Q="">SINUS RHYTHM</Value>
                  <AlarmLimitLow />
                  <AlarmLimitHigh />
            </VitalSign>
            <VitalSign>
                  <Parameter>ECT</Parameter>
                  <BpChannel />
                  <Time>12/21/2017 1:52:52 PM</Time>
                  <TimeUTC>1513885972</TimeUTC>
                  <Value UOM="" Q="" />
                  <AlarmLimitLow />
                  <AlarmLimitHigh />
            </VitalSign>
            <VitalSign>
                  <Parameter>RESP</Parameter>
                  <BpChannel />
                  <Time>12/21/2017 1:52:52 PM</Time>
                  <TimeUTC>1513885972</TimeUTC>
                  <Value UOM="BrMin" Q="">35</Value>
                  <AlarmLimitLow />
                  <AlarmLimitHigh />
            </VitalSign>
            <VitalSign>
                  <Parameter>SPO2</Parameter>
                  <BpChannel />
                  <Time>12/21/2017 1:52:52 PM</Time>
                  <TimeUTC>1513885972</TimeUTC>
                  <Value UOM="%" Q="">100</Value>
                  <AlarmLimitLow />
                  <AlarmLimitHigh />
            </VitalSign>
            <VitalSign>
                  <Parameter>PULSE</Parameter>
                  <BpChannel />
                  <Time>12/21/2017 1:52:52 PM</Time>
                  <TimeUTC>1513885972</TimeUTC>
                  <Value UOM="BPM" Q="">140</Value>
                  <AlarmLimitLow />
                  <AlarmLimitHigh />
            </VitalSign>
            <VitalSign>
                  <Parameter>ABP-S</Parameter>
                  <BpChannel />
                  <Time>12/21/2017 1:52:52 PM</Time>
                  <TimeUTC>1513885972</TimeUTC>
                  <Value UOM="mmHg" Q="">58</Value>
                  <AlarmLimitLow />
                  <AlarmLimitHigh />
            </VitalSign>
            <VitalSign>
                  <Parameter>ABP-D</Parameter>
                  <BpChannel />
                  <Time>12/21/2017 1:52:52 PM</Time>
                  <TimeUTC>1513885972</TimeUTC>
                  <Value UOM="mmHg" Q="">38</Value>
                  <AlarmLimitLow />
                  <AlarmLimitHigh />
            </VitalSign>
            <VitalSign>
                  <Parameter>ABP-M</Parameter>
                  <BpChannel />
                  <Time>12/21/2017 1:52:52 PM</Time>
                  <TimeUTC>1513885972</TimeUTC>
                  <Value UOM="mmHg" Q="">45</Value>
                  <AlarmLimitLow />
                  <AlarmLimitHigh />
            </VitalSign>
      </VitalSigns>
      <Alarms />
      <ImportedData />
      <Waveforms CollectionTime="12/21/2017 1:52:53 PM" CollectionTimeUTC="1513885973" TTX="" DisplayOrder="">
            <WaveformData ID="3230796" Label="RESP" UOM="Ohms" Cal="0,1,1230,2867" SampleRate="125" SamplePeriodInMsec="1000" Samples="125">-0.1,-0.1,-0.1,-0.1,-0.2,-0.2,-0.2,-0.2,-0.2,-0.2,-0.2,-0.2,-0.2,-0.2,-0.2,-0.2,-0.2,-0.2,-0.2,-0.2,-0.2,-0.2,-0.2,-0.2,-0.2,-0.1,-0.1,-0.1,-0.1,-0.1,-0.1,-0.1,0.0,0.0,0.0,0.0,0.1,0.1,0.1,0.2,0.2,0.3,0.3,0.3,0.4,0.4,0.5,0.5,0.6,0.6,0.6,0.7,0.7,0.7,0.8,0.8,0.8,0.8,0.9,0.9,0.9,0.9,0.9,0.9,0.9,1.0,1.0,1.0,1.0,1.0,1.0,1.0,1.0,1.0,1.0,1.0,1.0,1.0,1.0,1.0,1.0,1.0,0.9,0.9,0.9,0.9,0.9,0.8,0.8,0.8,0.8,0.7,0.7,0.7,0.7,0.6,0.6,0.6,0.5,0.5,0.5,0.4,0.4,0.4,0.3,0.3,0.3,0.3,0.2,0.2,0.2,0.2,0.1,0.1,0.1,0.1,0.1,0.1,0.0,0.0,0.0,0.0,0.0,0.0,0.0</WaveformData>
            <WaveformData ID="4487318" Label="II" UOM="mV" Cal="0,1,1023,3071" SampleRate="125" SamplePeriodInMsec="1000" Samples="125">0.885,0.84,0.795,0.755,0.71,0.67,0.63,0.595,0.575,0.595,0.65,0.715,0.74,0.68,0.59,0.535,0.525,0.53,0.535,0.54,0.55,0.56,0.55,0.53,0.78,1.5,1.5,1.12,0.385,0.315,0.555,0.605,0.61,0.61,0.61,0.61,0.605,0.595,0.59,0.595,0.605,0.62,0.64,0.665,0.7,0.73,0.755,0.775,0.79,0.795,0.78,0.76,0.73,0.68,0.63,0.585,0.54,0.495,0.46,0.42,0.385,0.355,0.36,0.41,0.485,0.54,0.51,0.44,0.39,0.375,0.385,0.395,0.405,0.42,0.445,0.46,0.45,0.57,1.135,1.5,1.34,0.56,0.37,0.555,0.655,0.68,0.7,0.715,0.73,0.74,0.75,0.76,0.77,0.79,0.815,0.845,0.88,0.92,0.96,0.995,1.025,1.045,1.06,1.055,1.035,1.005,0.965,0.92,0.88,0.835,0.785,0.745,0.7,0.66,0.62,0.615,0.645,0.715,0.775,0.785,0.71,0.63,0.595,0.595,0.6</WaveformData>
            <WaveformData ID="4214093" Label="SPO2" UOM="Uncalib" Cal="0,0,0,0" SampleRate="125" SamplePeriodInMsec="1000" Samples="125">1843.0,1794.0,1745.0,1697.0,1648.0,1589.0,1540.0,1492.0,1433.0,1384.0,1326.0,1267.0,1219.0,1160.0,1121.0,1092.0,1072.0,1072.0,1102.0,1141.0,1219.0,1336.0,1462.0,1619.0,1775.0,1940.0,2077.0,2213.0,2330.0,2428.0,2506.0,2555.0,2621.0,2621.0,2621.0,2611.0,2590.0,2560.0,2539.0,2508.0,2488.0,2457.0,2426.0,2406.0,2375.0,2334.0,2304.0,2263.0,2211.0,2170.0,2119.0,2068.0,2027.0,1966.0,1914.0,1863.0,1802.0,1751.0,1689.0,1638.0,1577.0,1525.0,1464.0,1402.0,1351.0,1290.0,1249.0,1208.0,1177.0,1177.0,1177.0,1218.0,1290.0,1382.0,1505.0,1648.0,1812.0,1986.0,2150.0,2324.0,2478.0,2621.0,2734.0,2836.0,2908.0,2949.0,2979.0,3000.0,3000.0,3000.0,2990.0,2979.0,2979.0,2969.0,2949.0,2938.0,2928.0,2897.0,2877.0,2846.0,2816.0,2775.0,2734.0,2693.0,2652.0,2600.0,2549.0,2498.0,2447.0,2396.0,2344.0,2283.0,2232.0,2170.0,2109.0,2048.0,1996.0,1935.0,1863.0,1802.0,1751.0,1710.0,1669.0,1658.0,1658.0</WaveformData>
            <WaveformData ID="3289908" Label="ABP" UOM="mmHg" Cal="30,60,307,3378" SampleRate="125" SamplePeriodInMsec="1000" Samples="125">46.2,50.1,53.6,56.2,57.8,58.1,57.4,55.8,53.7,51.4,49.4,47.7,46.6,46.1,45.9,45.9,46.1,46.2,46.4,46.3,46.2,46.1,45.8,45.6,45.2,44.8,44.3,43.9,43.4,43.1,42.7,42.4,42.3,42.1,41.9,41.9,41.7,41.5,41.2,41.0,40.7,40.5,40.2,39.9,39.6,39.3,39.0,38.8,38.7,38.9,39.7,41.5,44.5,48.4,52.6,56.4,59.4,61.3,61.9,61.3,59.7,57.4,54.9,52.4,50.4,48.9,48.0,47.5,47.3,47.3,47.3,47.3,47.3,47.3,47.1,46.7,46.4,46.1,45.6,45.1,44.6,44.1,43.7,43.2,42.8,42.5,42.3,42.1,41.9,41.7,41.4,41.2,40.9,40.6,40.3,40.0,39.7,39.4,39.1,38.9,38.6,38.4,38.3,38.6,39.6,41.4,44.2,47.7,51.2,54.3,56.3,57.2,56.8,55.4,53.4,51.1,48.9,47.2,46.0,45.3,45.1,45.0,45.1,45.1,45.2</WaveformData>
            <WaveformData ID="4214108" Label="Unk lbl 4214108" UOM="Uncalib" Cal="0,0,0,0" SampleRate="125" SamplePeriodInMsec="1000" Samples="125">1106,1119,1147,1188,1242,1324,1420,1515,1638,1775,1884,1993,2088,2170,2239,2307,2334,2348,2348,2334,2321,2280,2252,2211,2170,2129,2088,2048,2020,1979,1938,1897,1856,1816,1775,1734,1693,1638,1597,1556,1515,1474,1433,1392,1365,1324,1283,1256,1228,1201,1174,1160,1160,1160,1201,1242,1297,1379,1474,1583,1706,1829,1966,2075,2211,2321,2416,2498,2553,2594,2621,2635,2621,2594,2566,2525,2484,2443,2389,2348,2307,2252,2211,2170,2129,2088,2048,2007,1966,1925,1884,1843,1802,1775,1747,1720,1693,1665,1652,1638,1624,1611,1597,1597,1597,1611,1624,1652,1693,1734,1816,1911,2020,2116,2252,2389,2525,2662,2785,2908,2989,3071,3140,3167,3194</WaveformData>
      </Waveforms>
      <VitalSigns CollectionTime="12/21/2017 1:52:53 PM" CollectionTimeUTC="1513885973">
            <VitalSign>
                  <Parameter>HR</Parameter>
                  <BpChannel />
                  <Time>12/21/2017 1:52:53 PM</Time>
                  <TimeUTC>1513885973</TimeUTC>
                  <Value UOM="Bpm" Q="">140</Value>
                  <AlarmLimitLow />
                  <AlarmLimitHigh />
            </VitalSign>
            <VitalSign>
                  <Parameter>NBP-S</Parameter>
                  <BpChannel />
                  <Time>12/21/2017 8:23:00 PM</Time>
                  <TimeUTC>1513909380</TimeUTC>
                  <Value UOM="mmHg" Q="">NODATA</Value>
                  <AlarmLimitLow />
                  <AlarmLimitHigh />
            </VitalSign>
            <VitalSign>
                  <Parameter>NBP-D</Parameter>
                  <BpChannel />
                  <Time>12/21/2017 8:23:00 PM</Time>
                  <TimeUTC>1513909380</TimeUTC>
                  <Value UOM="mmHg" Q="">NODATA</Value>
                  <AlarmLimitLow />
                  <AlarmLimitHigh />
            </VitalSign>
            <VitalSign>
                  <Parameter>NBP-M</Parameter>
                  <BpChannel />
                  <Time>12/21/2017 8:23:00 PM</Time>
                  <TimeUTC>1513909380</TimeUTC>
                  <Value UOM="mmHg" Q="">NODATA</Value>
                  <AlarmLimitLow />
                  <AlarmLimitHigh />
            </VitalSign>
            <VitalSign>
                  <Parameter>PVC</Parameter>
                  <BpChannel />
                  <Time>12/21/2017 1:52:53 PM</Time>
                  <TimeUTC>1513885973</TimeUTC>
                  <Value UOM="Bpm" Q="">0</Value>
                  <AlarmLimitLow />
                  <AlarmLimitHigh />
            </VitalSign>
            <VitalSign>
                  <Parameter>RHY</Parameter>
                  <BpChannel />
                  <Time>12/21/2017 1:52:53 PM</Time>
                  <TimeUTC>1513885973</TimeUTC>
                  <Value UOM="" Q="">SINUS RHYTHM</Value>
                  <AlarmLimitLow />
                  <AlarmLimitHigh />
            </VitalSign>
            <VitalSign>
                  <Parameter>ECT</Parameter>
                  <BpChannel />
                  <Time>12/21/2017 1:52:53 PM</Time>
                  <TimeUTC>1513885973</TimeUTC>
                  <Value UOM="" Q="" />
                  <AlarmLimitLow />
                  <AlarmLimitHigh />
            </VitalSign>
            <VitalSign>
                  <Parameter>RESP</Parameter>
                  <BpChannel />
                  <Time>12/21/2017 1:52:53 PM</Time>
                  <TimeUTC>1513885973</TimeUTC>
                  <Value UOM="BrMin" Q="">35</Value>
                  <AlarmLimitLow />
                  <AlarmLimitHigh />
            </VitalSign>
            <VitalSign>
                  <Parameter>SPO2</Parameter>
                  <BpChannel />
                  <Time>12/21/2017 1:52:53 PM</Time>
                  <TimeUTC>1513885973</TimeUTC>
                  <Value UOM="%" Q="">100</Value>
                  <AlarmLimitLow />
                  <AlarmLimitHigh />
            </VitalSign>
            <VitalSign>
                  <Parameter>PULSE</Parameter>
                  <BpChannel />
                  <Time>12/21/2017 1:52:53 PM</Time>
                  <TimeUTC>1513885973</TimeUTC>
                  <Value UOM="BPM" Q="">140</Value>
                  <AlarmLimitLow />
                  <AlarmLimitHigh />
            </VitalSign>
            <VitalSign>
                  <Parameter>ABP-S</Parameter>
                  <BpChannel />
                  <Time>12/21/2017 1:52:53 PM</Time>
                  <TimeUTC>1513885973</TimeUTC>
                  <Value UOM="mmHg" Q="">58</Value>
                  <AlarmLimitLow />
                  <AlarmLimitHigh />
            </VitalSign>
            <VitalSign>
                  <Parameter>ABP-D</Parameter>
                  <BpChannel />
                  <Time>12/21/2017 1:52:53 PM</Time>
                  <TimeUTC>1513885973</TimeUTC>
                  <Value UOM="mmHg" Q="">38</Value>
                  <AlarmLimitLow />
                  <AlarmLimitHigh />
            </VitalSign>
            <VitalSign>
                  <Parameter>ABP-M</Parameter>
                  <BpChannel />
                  <Time>12/21/2017 1:52:53 PM</Time>
                  <TimeUTC>1513885973</TimeUTC>
                  <Value UOM="mmHg" Q="">45</Value>
                  <AlarmLimitLow />
                  <AlarmLimitHigh />
            </VitalSign>
      </VitalSigns>
      <Alarms />
      <ImportedData />
      <Waveforms CollectionTime="12/21/2017 1:52:54 PM" CollectionTimeUTC="1513885974" TTX="" DisplayOrder="">
            <WaveformData ID="3230796" Label="RESP" UOM="Ohms" Cal="0,1,1230,2867" SampleRate="125" SamplePeriodInMsec="1000" Samples="125">0.0,-0.1,-0.1,-0.1,-0.1,-0.1,-0.1,-0.1,-0.1,-0.1,-0.1,-0.1,-0.1,-0.1,-0.1,-0.1,-0.1,-0.1,-0.1,-0.1,-0.1,-0.1,-0.1,-0.1,-0.1,-0.1,-0.1,-0.1,-0.1,-0.1,-0.1,-0.1,-0.1,-0.1,-0.1,-0.1,-0.1,-0.1,-0.1,-0.1,-0.1,-0.1,-0.2,-0.2,-0.2,-0.2,-0.2,-0.2,-0.2,-0.2,-0.2,-0.2,-0.2,-0.2,-0.2,-0.2,-0.2,-0.2,-0.2,-0.2,-0.2,-0.2,-0.2,-0.2,-0.2,-0.2,-0.2,-0.2,-0.2,-0.2,-0.2,-0.1,-0.1,-0.1,-0.1,-0.1,-0.1,-0.1,-0.1,-0.1,-0.1,-0.1,-0.1,-0.1,-0.1,-0.1,-0.1,-0.1,-0.1,-0.1,-0.1,-0.1,-0.1,-0.1,-0.1,-0.1,-0.1,-0.1,-0.1,-0.1,-0.2,-0.2,-0.2,-0.2,-0.2,-0.2,-0.2,-0.2,-0.2,-0.2,-0.2,-0.1,-0.1,-0.1,-0.1,-0.1,-0.1,-0.1,0.0,0.0,0.0,0.0,0.1,0.1,0.1</WaveformData>
            <WaveformData ID="4487318" Label="II" UOM="mV" Cal="0,1,1023,3071" SampleRate="125" SamplePeriodInMsec="1000" Samples="125">0.61,0.62,0.63,0.645,0.635,0.625,0.99,1.5,1.5,1.02,0.49,0.58,0.74,0.77,0.775,0.785,0.79,0.795,0.8,0.805,0.81,0.82,0.83,0.85,0.875,0.905,0.945,0.98,1.01,1.03,1.045,1.05,1.04,1.02,0.985,0.94,0.895,0.85,0.805,0.76,0.715,0.675,0.635,0.615,0.635,0.685,0.75,0.765,0.715,0.63,0.575,0.565,0.57,0.58,0.59,0.6,0.615,0.62,0.595,0.79,1.47,1.5,1.31,0.55,0.44,0.665,0.735,0.74,0.75,0.755,0.76,0.765,0.765,0.765,0.775,0.79,0.81,0.83,0.855,0.885,0.92,0.955,0.98,0.995,1.005,1,0.975,0.94,0.9,0.865,0.82,0.78,0.74,0.695,0.655,0.62,0.59,0.595,0.635,0.705,0.74,0.695,0.605,0.54,0.52,0.525,0.525,0.53,0.54,0.545,0.55,0.52,0.65,1.27,1.5,1.36,0.505,0.325,0.5,0.585,0.59,0.59,0.59,0.595,0.595</WaveformData>
            <WaveformData ID="4214093" Label="SPO2" UOM="Uncalib" Cal="0,0,0,0" SampleRate="125" SamplePeriodInMsec="1000" Samples="125">1699.0,1751.0,1822.0,1925.0,2027.0,2140.0,2263.0,2385.0,2498.0,2590.0,2662.0,2713.0,2744.0,2754.0,2754.0,2734.0,2703.0,2672.0,2641.0,2611.0,2570.0,2539.0,2508.0,2467.0,2437.0,2396.0,2355.0,2314.0,2263.0,2211.0,2160.0,2099.0,2048.0,1996.0,1945.0,1884.0,1833.0,1771.0,1720.0,1658.0,1597.0,1536.0,1474.0,1413.0,1351.0,1290.0,1228.0,1167.0,1116.0,1075.0,1044.0,1044.0,1054.0,1095.0,1177.0,1269.0,1382.0,1525.0,1669.0,1822.0,1966.0,2099.0,2222.0,2324.0,2396.0,2447.0,2488.0,2498.0,2498.0,2478.0,2478.0,2478.0,2457.0,2426.0,2396.0,2375.0,2344.0,2324.0,2293.0,2273.0,2242.0,2201.0,2170.0,2129.0,2088.0,2048.0,2007.0,1955.0,1904.0,1853.0,1802.0,1751.0,1699.0,1648.0,1597.0,1536.0,1484.0,1423.0,1362.0,1310.0,1249.0,1187.0,1136.0,1095.0,1065.0,1054.0,1065.0,1095.0,1157.0,1239.0,1351.0,1484.0,1638.0,1802.0,1955.0,2099.0,2232.0,2355.0,2437.0,2508.0,2560.0,2580.0,2590.0,2580.0,2560.0</WaveformData>
            <WaveformData ID="3289908" Label="ABP" UOM="mmHg" Cal="30,60,307,3378" SampleRate="125" SamplePeriodInMsec="1000" Samples="125">45.2,45.1,44.9,44.7,44.4,43.9,43.5,43.1,42.6,42.2,41.8,41.4,41.1,40.8,40.6,40.4,40.3,40.1,39.9,39.7,39.4,39.2,38.9,38.7,38.4,38.2,37.9,37.6,37.3,37.1,37.0,37.2,37.9,39.6,42.1,45.5,49.2,52.8,55.4,57.0,57.4,56.7,55.2,53.2,51.0,48.8,47.0,45.8,45.2,45.0,45.1,45.1,45.2,45.3,45.3,45.2,44.9,44.6,44.2,43.9,43.4,42.9,42.6,42.1,41.7,41.3,41.0,40.8,40.6,40.4,40.3,40.1,39.9,39.7,39.4,39.1,38.9,38.6,38.3,38.0,37.7,37.5,37.3,37.1,37.2,37.7,39.1,41.6,45.0,48.9,52.6,55.5,57.5,58.3,57.9,56.6,54.5,52.2,50.0,48.2,46.9,46.2,45.9,45.9,46.0,46.2,46.2,46.3,46.2,46.1,45.9,45.6,45.2,44.9,44.4,44.0,43.6,43.2,42.8,42.5,42.3,42.1,41.9,41.8,41.7</WaveformData>
            <WaveformData ID="4214108" Label="Unk lbl 4214108" UOM="Uncalib" Cal="0,0,0,0" SampleRate="125" SamplePeriodInMsec="1000" Samples="125">3208,3208,3194,3181,3167,3140,3112,3085,3044,3003,2962,2908,2853,2798,2744,2689,2621,2566,2512,2457,2389,2334,2280,2225,2170,2116,2061,2034,1993,1938,1897,1856,1816,1775,1747,1734,1734,1734,1761,1802,1856,1925,2007,2088,2170,2266,2348,2430,2484,2525,2566,2580,2566,2553,2525,2484,2443,2402,2348,2307,2252,2211,2157,2116,2075,2034,1993,1938,1897,1843,1802,1747,1706,1652,1597,1556,1502,1461,1420,1379,1338,1297,1256,1215,1188,1160,1147,1133,1119,1133,1147,1188,1242,1324,1406,1515,1624,1734,1856,1966,2061,2157,2225,2280,2321,2334,2348,2334,2321,2293,2252,2211,2170,2143,2102,2061,2034,1993,1952,1911,1870,1829,1788,1747,1706</WaveformData>
      </Waveforms>
      <VitalSigns CollectionTime="12/21/2017 1:52:54 PM" CollectionTimeUTC="1513885974">
            <VitalSign>
                  <Parameter>HR</Parameter>
                  <BpChannel />
                  <Time>12/21/2017 1:52:54 PM</Time>
                  <TimeUTC>1513885974</TimeUTC>
                  <Value UOM="Bpm" Q="">140</Value>
                  <AlarmLimitLow />
                  <AlarmLimitHigh />
            </VitalSign>
            <VitalSign>
                  <Parameter>NBP-S</Parameter>
                  <BpChannel />
                  <Time>12/21/2017 8:23:00 PM</Time>
                  <TimeUTC>1513909380</TimeUTC>
                  <Value UOM="mmHg" Q="">NODATA</Value>
                  <AlarmLimitLow />
                  <AlarmLimitHigh />
            </VitalSign>
            <VitalSign>
                  <Parameter>NBP-D</Parameter>
                  <BpChannel />
                  <Time>12/21/2017 8:23:00 PM</Time>
                  <TimeUTC>1513909380</TimeUTC>
                  <Value UOM="mmHg" Q="">NODATA</Value>
                  <AlarmLimitLow />
                  <AlarmLimitHigh />
            </VitalSign>
            <VitalSign>
                  <Parameter>NBP-M</Parameter>
                  <BpChannel />
                  <Time>12/21/2017 8:23:00 PM</Time>
                  <TimeUTC>1513909380</TimeUTC>
                  <Value UOM="mmHg" Q="">NODATA</Value>
                  <AlarmLimitLow />
                  <AlarmLimitHigh />
            </VitalSign>
            <VitalSign>
                  <Parameter>PVC</Parameter>
                  <BpChannel />
                  <Time>12/21/2017 1:52:54 PM</Time>
                  <TimeUTC>1513885974</TimeUTC>
                  <Value UOM="Bpm" Q="">0</Value>
                  <AlarmLimitLow />
                  <AlarmLimitHigh />
            </VitalSign>
            <VitalSign>
                  <Parameter>RHY</Parameter>
                  <BpChannel />
                  <Time>12/21/2017 1:52:54 PM</Time>
                  <TimeUTC>1513885974</TimeUTC>
                  <Value UOM="" Q="">SINUS RHYTHM</Value>
                  <AlarmLimitLow />
                  <AlarmLimitHigh />
            </VitalSign>
            <VitalSign>
                  <Parameter>ECT</Parameter>
                  <BpChannel />
                  <Time>12/21/2017 1:52:54 PM</Time>
                  <TimeUTC>1513885974</TimeUTC>
                  <Value UOM="" Q="" />
                  <AlarmLimitLow />
                  <AlarmLimitHigh />
            </VitalSign>
            <VitalSign>
                  <Parameter>RESP</Parameter>
                  <BpChannel />
                  <Time>12/21/2017 1:52:54 PM</Time>
                  <TimeUTC>1513885974</TimeUTC>
                  <Value UOM="BrMin" Q="">35</Value>
                  <AlarmLimitLow />
                  <AlarmLimitHigh />
            </VitalSign>
            <VitalSign>
                  <Parameter>SPO2</Parameter>
                  <BpChannel />
                  <Time>12/21/2017 1:52:54 PM</Time>
                  <TimeUTC>1513885974</TimeUTC>
                  <Value UOM="%" Q="">100</Value>
                  <AlarmLimitLow />
                  <AlarmLimitHigh />
            </VitalSign>
            <VitalSign>
                  <Parameter>PULSE</Parameter>
                  <BpChannel />
                  <Time>12/21/2017 1:52:54 PM</Time>
                  <TimeUTC>1513885974</TimeUTC>
                  <Value UOM="BPM" Q="">141</Value>
                  <AlarmLimitLow />
                  <AlarmLimitHigh />
            </VitalSign>
            <VitalSign>
                  <Parameter>ABP-S</Parameter>
                  <BpChannel />
                  <Time>12/21/2017 1:52:54 PM</Time>
                  <TimeUTC>1513885974</TimeUTC>
                  <Value UOM="mmHg" Q="">58</Value>
                  <AlarmLimitLow />
                  <AlarmLimitHigh />
            </VitalSign>
            <VitalSign>
                  <Parameter>ABP-D</Parameter>
                  <BpChannel />
                  <Time>12/21/2017 1:52:54 PM</Time>
                  <TimeUTC>1513885974</TimeUTC>
                  <Value UOM="mmHg" Q="">38</Value>
                  <AlarmLimitLow />
                  <AlarmLimitHigh />
            </VitalSign>
            <VitalSign>
                  <Parameter>ABP-M</Parameter>
                  <BpChannel />
                  <Time>12/21/2017 1:52:54 PM</Time>
                  <TimeUTC>1513885974</TimeUTC>
                  <Value UOM="mmHg" Q="">45</Value>
                  <AlarmLimitLow />
                  <AlarmLimitHigh />
            </VitalSign>
      </VitalSigns>
      <Alarms />
      <ImportedData />
      <Waveforms CollectionTime="12/21/2017 1:52:55 PM" CollectionTimeUTC="1513885975" TTX="" DisplayOrder="">
            <WaveformData ID="3230796" Label="RESP" UOM="Ohms" Cal="0,1,1230,2867" SampleRate="125" SamplePeriodInMsec="1000" Samples="125">0.2,0.2,0.3,0.3,0.3,0.4,0.4,0.5,0.5,0.5,0.6,0.6,0.7,0.7,0.7,0.8,0.8,0.8,0.8,0.9,0.9,0.9,0.9,0.9,0.9,0.9,0.9,1.0,1.0,1.0,1.0,1.0,1.0,1.0,1.0,1.0,1.0,1.0,1.0,1.0,1.0,1.0,0.9,0.9,0.9,0.9,0.9,0.9,0.9,0.8,0.8,0.8,0.8,0.7,0.7,0.7,0.6,0.6,0.6,0.5,0.5,0.5,0.5,0.4,0.4,0.4,0.3,0.3,0.3,0.3,0.2,0.2,0.2,0.2,0.2,0.1,0.1,0.1,0.1,0.1,0.0,0.0,0.0,0.0,0.0,0.0,0.0,0.0,0.0,-0.1,-0.1,-0.1,-0.1,-0.1,-0.1,-0.1,-0.1,-0.1,-0.1,-0.1,-0.1,-0.1,-0.1,-0.1,-0.1,-0.1,-0.1,-0.1,-0.1,-0.1,-0.1,-0.1,-0.1,-0.1,-0.1,-0.1,-0.1,-0.1,-0.1,-0.1,-0.1,-0.1,-0.1,-0.1,-0.1</WaveformData>
            <WaveformData ID="4487318" Label="II" UOM="mV" Cal="0,1,1023,3071" SampleRate="125" SamplePeriodInMsec="1000" Samples="125">0.585,0.585,0.585,0.6,0.615,0.63,0.655,0.685,0.715,0.74,0.76,0.775,0.79,0.78,0.76,0.72,0.675,0.63,0.59,0.55,0.505,0.47,0.43,0.4,0.37,0.375,0.42,0.5,0.56,0.565,0.475,0.41,0.39,0.395,0.405,0.415,0.435,0.455,0.475,0.47,0.545,1.02,1.5,1.5,0.705,0.37,0.535,0.67,0.695,0.71,0.73,0.745,0.76,0.765,0.775,0.785,0.8,0.825,0.855,0.89,0.925,0.97,1.005,1.035,1.06,1.075,1.075,1.055,1.03,0.995,0.95,0.905,0.86,0.815,0.765,0.725,0.685,0.65,0.63,0.655,0.715,0.775,0.795,0.735,0.65,0.605,0.6,0.605,0.61,0.62,0.63,0.645,0.64,0.625,0.87,1.5,1.5,1.215,0.54,0.475,0.715,0.765,0.77,0.775,0.785,0.79,0.795,0.8,0.805,0.815,0.825,0.845,0.87,0.895,0.93,0.97,1,1.025,1.04,1.045,1.04,1.015,0.98,0.94,0.895</WaveformData>
            <WaveformData ID="4214093" Label="SPO2" UOM="Uncalib" Cal="0,0,0,0" SampleRate="125" SamplePeriodInMsec="1000" Samples="125">2539.0,2519.0,2488.0,2467.0,2437.0,2416.0,2385.0,2355.0,2324.0,2293.0,2252.0,2211.0,2170.0,2119.0,2068.0,2037.0,1986.0,1935.0,1884.0,1822.0,1771.0,1720.0,1669.0,1618.0,1566.0,1515.0,1454.0,1402.0,1341.0,1290.0,1312.0,1284.0,1266.0,1256.0,1284.0,1331.0,1396.0,1498.0,1619.0,1759.0,1917.0,2066.0,2234.0,2392.0,2532.0,2662.0,2764.0,2848.0,2913.0,2950.0,2978.0,2997.0,2997.0,2997.0,2988.0,2978.0,2969.0,2960.0,2950.0,2932.0,2913.0,2895.0,2867.0,2839.0,2811.0,2774.0,2727.0,2690.0,2643.0,2597.0,2541.0,2476.0,2420.0,2355.0,2299.0,2243.0,2196.0,2141.0,2085.0,2038.0,1973.0,1917.0,1861.0,1806.0,1759.0,1722.0,1703.0,1694.0,1722.0,1750.0,1815.0,1889.0,1982.0,2075.0,2187.0,2299.0,2392.0,2494.0,2559.0,2625.0,2662.0,2680.0,2690.0,2671.0,2653.0,2634.0,2606.0,2569.0,2541.0,2513.0,2485.0,2457.0,2429.0,2392.0,2355.0,2317.0,2271.0,2224.0,2178.0,2131.0,2075.0,2038.0,1982.0,1927.0,1871.0</WaveformData>
            <WaveformData ID="3289908" Label="ABP" UOM="mmHg" Cal="30,60,307,3378" SampleRate="125" SamplePeriodInMsec="1000" Samples="125">41.5,41.3,41.1,40.7,40.4,40.2,39.9,39.7,39.4,39.1,38.9,38.7,38.7,39.3,40.9,43.6,47.4,51.7,55.8,58.9,61.1,62.1,61.8,60.4,58.4,55.9,53.4,51.1,49.4,48.2,47.6,47.3,47.3,47.4,47.5,47.6,47.5,47.3,47.1,46.7,46.3,46.0,45.6,44.9,44.4,43.9,43.5,43.1,42.7,42.4,42.2,42.0,41.9,41.7,41.4,41.1,40.9,40.5,40.2,39.9,39.6,39.4,39.1,38.8,38.6,38.5,38.7,39.5,41.1,43.7,47.1,50.7,53.9,56.1,57.2,57.1,55.9,53.9,51.7,49.4,47.5,46.2,45.4,45.1,45.1,45.1,45.2,45.3,45.2,45.1,44.9,44.7,44.3,43.9,43.5,43.1,42.6,42.3,41.8,41.4,41.1,40.9,40.6,40.4,40.3,40.1,39.9,39.7,39.5,39.3,39.0,38.7,38.4,38.2,37.9,37.6,37.3,37.1,36.9,37.1,37.7,39.1,41.5,44.8,48.6</WaveformData>
            <WaveformData ID="4214108" Label="Unk lbl 4214108" UOM="Uncalib" Cal="0,0,0,0" SampleRate="125" SamplePeriodInMsec="1000" Samples="125">1665,1624,1583,1542,1502,1461,1420,1379,1351,1310,1283,1242,1215,1201,1174,1174,1174,1188,1242,1283,1365,1461,1556,1679,1802,1938,2061,2184,2293,2389,2471,2539,2580,2607,2621,2607,2594,2566,2525,2484,2430,2389,2348,2293,2252,2198,2157,2116,2075,2048,2007,1966,1925,1884,1856,1829,1788,1761,1747,1720,1706,1679,1665,1652,1652,1638,1664,1664,1664,1676,1702,1740,1792,1856,1945,2035,2137,2252,2380,2521,2649,2764,2880,2969,3046,3110,3161,3187,3200,3200,3200,3187,3161,3136,3110,3084,3046,2995,2944,2892,2828,2777,2726,2662,2611,2547,2496,2432,2380,2316,2265,2214,2163,2112,2060,2022,1984,1932,1894,1856,1817,1779,1753,1740,1728</WaveformData>
      </Waveforms>
      <VitalSigns CollectionTime="12/21/2017 1:52:55 PM" CollectionTimeUTC="1513885975">
            <VitalSign>
                  <Parameter>HR</Parameter>
                  <BpChannel />
                  <Time>12/21/2017 1:52:55 PM</Time>
                  <TimeUTC>1513885975</TimeUTC>
                  <Value UOM="Bpm" Q="">141</Value>
                  <AlarmLimitLow />
                  <AlarmLimitHigh />
            </VitalSign>
            <VitalSign>
                  <Parameter>NBP-S</Parameter>
                  <BpChannel />
                  <Time>12/21/2017 8:23:00 PM</Time>
                  <TimeUTC>1513909380</TimeUTC>
                  <Value UOM="mmHg" Q="">NODATA</Value>
                  <AlarmLimitLow />
                  <AlarmLimitHigh />
            </VitalSign>
            <VitalSign>
                  <Parameter>NBP-D</Parameter>
                  <BpChannel />
                  <Time>12/21/2017 8:23:00 PM</Time>
                  <TimeUTC>1513909380</TimeUTC>
                  <Value UOM="mmHg" Q="">NODATA</Value>
                  <AlarmLimitLow />
                  <AlarmLimitHigh />
            </VitalSign>
            <VitalSign>
                  <Parameter>NBP-M</Parameter>
                  <BpChannel />
                  <Time>12/21/2017 8:23:00 PM</Time>
                  <TimeUTC>1513909380</TimeUTC>
                  <Value UOM="mmHg" Q="">NODATA</Value>
                  <AlarmLimitLow />
                  <AlarmLimitHigh />
            </VitalSign>
            <VitalSign>
                  <Parameter>PVC</Parameter>
                  <BpChannel />
                  <Time>12/21/2017 1:52:55 PM</Time>
                  <TimeUTC>1513885975</TimeUTC>
                  <Value UOM="Bpm" Q="">0</Value>
                  <AlarmLimitLow />
                  <AlarmLimitHigh />
            </VitalSign>
            <VitalSign>
                  <Parameter>RHY</Parameter>
                  <BpChannel />
                  <Time>12/21/2017 1:52:55 PM</Time>
                  <TimeUTC>1513885975</TimeUTC>
                  <Value UOM="" Q="">SINUS RHYTHM</Value>
                  <AlarmLimitLow />
                  <AlarmLimitHigh />
            </VitalSign>
            <VitalSign>
                  <Parameter>ECT</Parameter>
                  <BpChannel />
                  <Time>12/21/2017 1:52:55 PM</Time>
                  <TimeUTC>1513885975</TimeUTC>
                  <Value UOM="" Q="" />
                  <AlarmLimitLow />
                  <AlarmLimitHigh />
            </VitalSign>
            <VitalSign>
                  <Parameter>RESP</Parameter>
                  <BpChannel />
                  <Time>12/21/2017 1:52:55 PM</Time>
                  <TimeUTC>1513885975</TimeUTC>
                  <Value UOM="BrMin" Q="">35</Value>
                  <AlarmLimitLow />
                  <AlarmLimitHigh />
            </VitalSign>
            <VitalSign>
                  <Parameter>SPO2</Parameter>
                  <BpChannel />
                  <Time>12/21/2017 1:52:55 PM</Time>
                  <TimeUTC>1513885975</TimeUTC>
                  <Value UOM="%" Q="">100</Value>
                  <AlarmLimitLow />
                  <AlarmLimitHigh />
            </VitalSign>
            <VitalSign>
                  <Parameter>PULSE</Parameter>
                  <BpChannel />
                  <Time>12/21/2017 1:52:55 PM</Time>
                  <TimeUTC>1513885975</TimeUTC>
                  <Value UOM="BPM" Q="">140</Value>
                  <AlarmLimitLow />
                  <AlarmLimitHigh />
            </VitalSign>
            <VitalSign>
                  <Parameter>ABP-S</Parameter>
                  <BpChannel />
                  <Time>12/21/2017 1:52:55 PM</Time>
                  <TimeUTC>1513885975</TimeUTC>
                  <Value UOM="mmHg" Q="">58</Value>
                  <AlarmLimitLow />
                  <AlarmLimitHigh />
            </VitalSign>
            <VitalSign>
                  <Parameter>ABP-D</Parameter>
                  <BpChannel />
                  <Time>12/21/2017 1:52:55 PM</Time>
                  <TimeUTC>1513885975</TimeUTC>
                  <Value UOM="mmHg" Q="">38</Value>
                  <AlarmLimitLow />
                  <AlarmLimitHigh />
            </VitalSign>
            <VitalSign>
                  <Parameter>ABP-M</Parameter>
                  <BpChannel />
                  <Time>12/21/2017 1:52:55 PM</Time>
                  <TimeUTC>1513885975</TimeUTC>
                  <Value UOM="mmHg" Q="">45</Value>
                  <AlarmLimitLow />
                  <AlarmLimitHigh />
            </VitalSign>
      </VitalSigns>
      <Alarms />
      <ImportedData />
      <Waveforms CollectionTime="12/21/2017 1:52:56 PM" CollectionTimeUTC="1513885976" TTX="" DisplayOrder="">
            <WaveformData ID="3230796" Label="RESP" UOM="Ohms" Cal="0,1,1230,2867" SampleRate="125" SamplePeriodInMsec="1000" Samples="125">-0.1,-0.1,-0.1,-0.1,-0.1,-0.2,-0.2,-0.2,-0.2,-0.2,-0.2,-0.2,-0.2,-0.2,-0.2,-0.2,-0.2,-0.2,-0.2,-0.2,-0.2,-0.2,-0.2,-0.2,-0.2,-0.2,-0.2,-0.2,-0.2,-0.2,-0.2,-0.2,-0.2,-0.2,-0.2,-0.2,-0.2,-0.1,-0.1,-0.1,-0.1,-0.1,-0.1,-0.1,-0.1,-0.1,-0.1,-0.1,-0.1,-0.1,-0.1,-0.1,-0.1,-0.1,-0.1,-0.1,-0.1,-0.1,-0.1,-0.1,-0.1,-0.1,-0.1,-0.1,-0.1,-0.1,-0.2,-0.2,-0.2,-0.2,-0.2,-0.2,-0.2,-0.2,-0.1,-0.1,-0.1,-0.1,-0.1,-0.1,-0.1,-0.1,-0.1,0.0,0.0,0.0,0.1,0.1,0.1,0.2,0.2,0.3,0.3,0.3,0.4,0.4,0.5,0.5,0.5,0.6,0.6,0.6,0.7,0.7,0.7,0.8,0.8,0.8,0.8,0.9,0.9,0.9,0.9,0.9,0.9,0.9,0.9,0.9,1.0,1.0,1.0,1.0,1.0,1.0,1.0</WaveformData>
            <WaveformData ID="4487318" Label="II" UOM="mV" Cal="0,1,1023,3071" SampleRate="125" SamplePeriodInMsec="1000" Samples="125">0.85,0.805,0.76,0.72,0.68,0.635,0.605,0.615,0.665,0.735,0.765,0.72,0.635,0.58,0.565,0.57,0.57,0.58,0.59,0.605,0.615,0.59,0.73,1.325,1.5,1.44,0.63,0.46,0.645,0.735,0.74,0.75,0.76,0.765,0.765,0.765,0.77,0.78,0.79,0.805,0.825,0.855,0.89,0.92,0.95,0.98,1,1.005,1,0.98,0.95,0.91,0.865,0.825,0.78,0.74,0.7,0.66,0.625,0.59,0.585,0.625,0.695,0.74,0.71,0.63,0.555,0.53,0.53,0.535,0.535,0.54,0.55,0.55,0.52,0.61,1.17,1.5,1.5,0.615,0.315,0.485,0.595,0.6,0.6,0.605,0.6,0.595,0.59,0.585,0.585,0.59,0.6,0.62,0.645,0.675,0.705,0.735,0.76,0.77,0.78,0.77,0.755,0.725,0.68,0.63,0.585,0.545,0.5,0.465,0.425,0.39,0.355,0.345,0.375,0.435,0.515,0.545,0.495,0.42,0.38,0.375,0.385,0.395,0.405</WaveformData>
            <WaveformData ID="4214093" Label="SPO2" UOM="Uncalib" Cal="0,0,0,0" SampleRate="125" SamplePeriodInMsec="1000" Samples="125">1815.0,1759.0,1703.0,1647.0,1592.0,1536.0,1480.0,1424.0,1359.0,1303.0,1256.0,1201.0,1163.0,1135.0,1126.0,1126.0,1154.0,1210.0,1284.0,1387.0,1498.0,1629.0,1768.0,1908.0,2038.0,2150.0,2252.0,2336.0,2401.0,2438.0,2457.0,2466.0,2457.0,2438.0,2420.0,2392.0,2373.0,2345.0,2327.0,2299.0,2280.0,2252.0,2224.0,2196.0,2159.0,2122.0,2085.0,2048.0,2020.0,1973.0,1927.0,1880.0,1834.0,1787.0,1740.0,1694.0,1647.0,1592.0,1545.0,1489.0,1433.0,1387.0,1331.0,1284.0,1238.0,1201.0,1173.0,1163.0,1173.0,1210.0,1266.0,1349.0,1443.0,1573.0,1703.0,1843.0,1982.0,2113.0,2224.0,2336.0,2420.0,2476.0,2522.0,2541.0,2550.0,2541.0,2522.0,2504.0,2485.0,2457.0,2438.0,2411.0,2392.0,2364.0,2345.0,2308.0,2280.0,2243.0,2206.0,2159.0,2122.0,2075.0,2029.0,1982.0,1964.0,1964.0,1917.0,1861.0,1815.0,1768.0,1722.0,1666.0,1619.0,1573.0,1517.0,1471.0,1415.0,1368.0,1322.0,1284.0,1256.0,1247.0,1256.0,1275.0,1340.0</WaveformData>
            <WaveformData ID="3289908" Label="ABP" UOM="mmHg" Cal="30,60,307,3378" SampleRate="125" SamplePeriodInMsec="1000" Samples="125">52.2,55.1,57.0,57.8,57.2,55.8,53.6,51.3,49.1,47.3,46.1,45.4,45.1,45.1,45.2,45.3,45.4,45.4,45.2,44.9,44.7,44.4,44.0,43.6,43.1,42.6,42.3,41.8,41.5,41.2,40.9,40.7,40.6,40.4,40.3,40.1,39.8,39.6,39.3,39.0,38.7,38.5,38.2,38.0,37.7,37.4,37.2,37.2,37.6,38.9,41.1,44.4,48.2,52.1,55.3,57.4,58.4,58.3,57.1,55.1,52.8,50.4,48.5,47.1,46.2,45.7,45.7,45.8,46.1,46.2,46.3,46.3,46.2,46.0,45.7,45.4,45.0,44.6,44.1,43.7,43.3,42.9,42.7,42.4,42.3,42.1,41.9,41.8,41.6,41.4,41.1,40.9,40.6,40.4,40.1,39.8,39.5,39.2,38.9,38.7,38.7,39.3,40.6,43.2,46.8,51.1,55.1,58.4,60.8,61.9,61.7,60.5,58.4,55.9,53.4,51.2,49.5,48.4,47.7,47.4,47.4,47.5,47.6,47.6,47.6</WaveformData>
            <WaveformData ID="4214108" Label="Unk lbl 4214108" UOM="Uncalib" Cal="0,0,0,0" SampleRate="125" SamplePeriodInMsec="1000" Samples="125">1740,1753,1792,1843,1907,1984,2060,2137,2227,2304,2380,2444,2483,2508,2521,2521,2508,2483,2444,2406,2355,2316,2265,2227,2176,2137,2086,2048,2009,1971,1932,1881,1843,1792,1753,1702,1664,1612,1561,1523,1472,1433,1395,1356,1318,1280,1241,1216,1190,1164,1164,1152,1164,1177,1216,1267,1344,1420,1523,1625,1740,1843,1958,2048,2137,2201,2252,2291,2316,2316,2316,2291,2265,2240,2201,2163,2124,2086,2060,2035,1996,1958,1920,1881,1843,1804,1766,1728,1689,1651,1612,1574,1536,1497,1459,1420,1382,1356,1318,1292,1267,1241,1228,1216,1216,1228,1267,1318,1382,1472,1561,1676,1792,1920,2048,2150,2252,2342,2432,2483,2534,2560,2572,2572,2547</WaveformData>
      </Waveforms>
      <VitalSigns CollectionTime="12/21/2017 1:52:56 PM" CollectionTimeUTC="1513885976">
            <VitalSign>
                  <Parameter>HR</Parameter>
                  <BpChannel />
                  <Time>12/21/2017 1:52:56 PM</Time>
                  <TimeUTC>1513885976</TimeUTC>
                  <Value UOM="Bpm" Q="">141</Value>
                  <AlarmLimitLow />
                  <AlarmLimitHigh />
            </VitalSign>
            <VitalSign>
                  <Parameter>NBP-S</Parameter>
                  <BpChannel />
                  <Time>12/21/2017 8:23:00 PM</Time>
                  <TimeUTC>1513909380</TimeUTC>
                  <Value UOM="mmHg" Q="">NODATA</Value>
                  <AlarmLimitLow />
                  <AlarmLimitHigh />
            </VitalSign>
            <VitalSign>
                  <Parameter>NBP-D</Parameter>
                  <BpChannel />
                  <Time>12/21/2017 8:23:00 PM</Time>
                  <TimeUTC>1513909380</TimeUTC>
                  <Value UOM="mmHg" Q="">NODATA</Value>
                  <AlarmLimitLow />
                  <AlarmLimitHigh />
            </VitalSign>
            <VitalSign>
                  <Parameter>NBP-M</Parameter>
                  <BpChannel />
                  <Time>12/21/2017 8:23:00 PM</Time>
                  <TimeUTC>1513909380</TimeUTC>
                  <Value UOM="mmHg" Q="">NODATA</Value>
                  <AlarmLimitLow />
                  <AlarmLimitHigh />
            </VitalSign>
            <VitalSign>
                  <Parameter>PVC</Parameter>
                  <BpChannel />
                  <Time>12/21/2017 1:52:56 PM</Time>
                  <TimeUTC>1513885976</TimeUTC>
                  <Value UOM="Bpm" Q="">0</Value>
                  <AlarmLimitLow />
                  <AlarmLimitHigh />
            </VitalSign>
            <VitalSign>
                  <Parameter>RHY</Parameter>
                  <BpChannel />
                  <Time>12/21/2017 1:52:56 PM</Time>
                  <TimeUTC>1513885976</TimeUTC>
                  <Value UOM="" Q="">SINUS RHYTHM</Value>
                  <AlarmLimitLow />
                  <AlarmLimitHigh />
            </VitalSign>
            <VitalSign>
                  <Parameter>ECT</Parameter>
                  <BpChannel />
                  <Time>12/21/2017 1:52:56 PM</Time>
                  <TimeUTC>1513885976</TimeUTC>
                  <Value UOM="" Q="" />
                  <AlarmLimitLow />
                  <AlarmLimitHigh />
            </VitalSign>
            <VitalSign>
                  <Parameter>RESP</Parameter>
                  <BpChannel />
                  <Time>12/21/2017 1:52:56 PM</Time>
                  <TimeUTC>1513885976</TimeUTC>
                  <Value UOM="BrMin" Q="">35</Value>
                  <AlarmLimitLow />
                  <AlarmLimitHigh />
            </VitalSign>
            <VitalSign>
                  <Parameter>SPO2</Parameter>
                  <BpChannel />
                  <Time>12/21/2017 1:52:56 PM</Time>
                  <TimeUTC>1513885976</TimeUTC>
                  <Value UOM="%" Q="">100</Value>
                  <AlarmLimitLow />
                  <AlarmLimitHigh />
            </VitalSign>
            <VitalSign>
                  <Parameter>PULSE</Parameter>
                  <BpChannel />
                  <Time>12/21/2017 1:52:56 PM</Time>
                  <TimeUTC>1513885976</TimeUTC>
                  <Value UOM="BPM" Q="">141</Value>
                  <AlarmLimitLow />
                  <AlarmLimitHigh />
            </VitalSign>
            <VitalSign>
                  <Parameter>ABP-S</Parameter>
                  <BpChannel />
                  <Time>12/21/2017 1:52:56 PM</Time>
                  <TimeUTC>1513885976</TimeUTC>
                  <Value UOM="mmHg" Q="">58</Value>
                  <AlarmLimitLow />
                  <AlarmLimitHigh />
            </VitalSign>
            <VitalSign>
                  <Parameter>ABP-D</Parameter>
                  <BpChannel />
                  <Time>12/21/2017 1:52:56 PM</Time>
                  <TimeUTC>1513885976</TimeUTC>
                  <Value UOM="mmHg" Q="">38</Value>
                  <AlarmLimitLow />
                  <AlarmLimitHigh />
            </VitalSign>
            <VitalSign>
                  <Parameter>ABP-M</Parameter>
                  <BpChannel />
                  <Time>12/21/2017 1:52:56 PM</Time>
                  <TimeUTC>1513885976</TimeUTC>
                  <Value UOM="mmHg" Q="">45</Value>
                  <AlarmLimitLow />
                  <AlarmLimitHigh />
            </VitalSign>
      </VitalSigns>
      <Alarms />
      <ImportedData />
      <Waveforms CollectionTime="12/21/2017 1:52:57 PM" CollectionTimeUTC="1513885977" TTX="" DisplayOrder="">
            <WaveformData ID="3230796" Label="RESP" UOM="Ohms" Cal="0,1,1230,2867" SampleRate="125" SamplePeriodInMsec="1000" Samples="125">1.0,1.0,1.0,0.9,0.9,0.9,0.9,0.9,0.9,0.9,0.9,0.9,0.8,0.8,0.8,0.8,0.7,0.7,0.7,0.7,0.6,0.6,0.6,0.5,0.5,0.5,0.4,0.4,0.4,0.4,0.3,0.3,0.3,0.2,0.2,0.2,0.2,0.2,0.1,0.1,0.1,0.1,0.1,0.0,0.0,0.0,0.0,0.0,0.0,0.0,-0.1,-0.1,-0.1,-0.1,-0.1,-0.1,-0.1,-0.1,-0.1,-0.1,-0.1,-0.1,-0.1,-0.1,-0.1,-0.1,-0.1,-0.1,-0.1,-0.1,-0.1,-0.1,-0.1,-0.1,-0.1,-0.1,-0.1,-0.1,-0.1,-0.1,-0.1,-0.1,-0.1,-0.1,-0.1,-0.1,-0.2,-0.2,-0.2,-0.2,-0.2,-0.2,-0.2,-0.2,-0.2,-0.2,-0.2,-0.2,-0.2,-0.2,-0.2,-0.2,-0.2,-0.2,-0.2,-0.2,-0.2,-0.2,-0.2,-0.2,-0.2,-0.2,-0.2,-0.2,-0.2,-0.2,-0.1,-0.1,-0.1,-0.1,-0.1,0.0,0.0,0.0,0.1</WaveformData>
            <WaveformData ID="4487318" Label="II" UOM="mV" Cal="0,1,1023,3071" SampleRate="125" SamplePeriodInMsec="1000" Samples="125">0.425,0.445,0.455,0.445,0.695,1.375,1.5,1.07,0.415,0.35,0.6,0.655,0.67,0.69,0.705,0.72,0.73,0.745,0.755,0.77,0.79,0.82,0.855,0.89,0.93,0.97,1.005,1.035,1.05,1.06,1.05,1.03,0.995,0.95,0.91,0.865,0.815,0.77,0.725,0.685,0.645,0.615,0.61,0.64,0.715,0.77,0.78,0.705,0.63,0.59,0.59,0.595,0.6,0.61,0.625,0.635,0.62,0.61,0.975,1.5,1.5,0.995,0.475,0.565,0.725,0.755,0.76,0.77,0.775,0.78,0.785,0.79,0.795,0.805,0.815,0.835,0.86,0.895,0.925,0.96,0.99,1.015,1.03,1.035,1.025,1,0.965,0.92,0.88,0.835,0.79,0.75,0.705,0.665,0.63,0.595,0.6,0.65,0.72,0.765,0.735,0.65,0.585,0.56,0.56,0.56,0.565,0.57,0.575,0.58,0.555,0.67,1.255,1.5,1.435,0.565,0.345,0.53,0.62,0.625,0.625,0.625,0.625,0.62,0.615</WaveformData>
            <WaveformData ID="4214093" Label="SPO2" UOM="Uncalib" Cal="0,0,0,0" SampleRate="125" SamplePeriodInMsec="1000" Samples="125">1424.0,1536.0,1666.0,1815.0,1973.0,2122.0,2280.0,2429.0,2569.0,2680.0,2774.0,2848.0,2895.0,2922.0,2941.0,2950.0,2950.0,2941.0,2941.0,2932.0,2922.0,2913.0,2904.0,2885.0,2876.0,2857.0,2829.0,2801.0,2808.0,2769.0,2730.0,2691.0,2642.0,2594.0,2545.0,2496.0,2438.0,2389.0,2330.0,2272.0,2213.0,2155.0,2096.0,2048.0,1989.0,1921.0,1862.0,1814.0,1765.0,1726.0,1706.0,1706.0,1726.0,1775.0,1833.0,1921.0,2028.0,2126.0,2252.0,2360.0,2477.0,2564.0,2652.0,2701.0,2740.0,2750.0,2750.0,2740.0,2711.0,2681.0,2652.0,2613.0,2584.0,2555.0,2516.0,2486.0,2447.0,2418.0,2379.0,2330.0,2291.0,2243.0,2184.0,2135.0,2077.0,2038.0,1979.0,1921.0,1862.0,1804.0,1755.0,1697.0,1638.0,1580.0,1521.0,1462.0,1404.0,1345.0,1287.0,1228.0,1180.0,1131.0,1092.0,1072.0,1082.0,1102.0,1150.0,1228.0,1326.0,1443.0,1580.0,1726.0,1872.0,2009.0,2126.0,2233.0,2330.0,2389.0,2438.0,2457.0,2457.0,2447.0,2418.0,2389.0,2360.0</WaveformData>
            <WaveformData ID="3289908" Label="ABP" UOM="mmHg" Cal="30,60,307,3378" SampleRate="125" SamplePeriodInMsec="1000" Samples="125">47.4,47.1,46.7,46.4,45.9,45.5,44.9,44.4,43.9,43.6,43.1,42.8,42.5,42.3,42.1,41.9,41.7,41.4,41.1,40.8,40.5,40.2,39.9,39.6,39.3,39.1,38.7,38.6,38.4,38.4,38.9,40.2,42.4,45.6,49.1,52.6,55.3,57.0,57.6,56.9,55.3,53.0,50.6,48.6,46.9,45.8,45.2,45.1,45.1,45.1,45.2,45.3,45.2,45.1,44.9,44.7,44.3,43.9,43.4,43.0,42.6,42.1,41.8,41.4,41.1,40.8,40.6,40.4,40.3,40.2,39.9,39.7,39.4,39.2,38.9,38.6,38.4,38.1,37.8,37.6,37.3,37.1,36.9,37.1,37.9,39.4,42.1,45.5,49.3,52.8,55.6,57.2,57.8,57.1,55.4,53.2,50.9,48.9,47.3,46.1,45.4,45.2,45.2,45.3,45.4,45.6,45.6,45.5,45.4,45.1,44.8,44.4,44.0,43.6,43.1,42.7,42.4,42.1,41.9,41.6,41.4,41.3,41.2,41.1,40.9</WaveformData>
            <WaveformData ID="4214108" Label="Unk lbl 4214108" UOM="Uncalib" Cal="0,0,0,0" SampleRate="125" SamplePeriodInMsec="1000" Samples="125">2521,2496,2457,2406,2368,2329,2278,2240,2201,2163,2112,2073,2048,2009,1971,1932,1894,1856,1817,1792,1766,1740,1715,1702,1676,1664,1651,1638,1638,1625,1625,1638,1651,1664,1702,1753,1817,1907,2009,2112,2227,2355,2483,2624,2739,2854,2944,3020,3084,3136,3161,3174,3174,3161,3148,3136,3110,3097,3072,3046,2995,2944,2905,2854,2790,2739,2688,2624,2572,2508,2457,2393,2342,2278,2227,2176,2124,2073,2048,1996,1958,1907,1868,1830,1792,1766,1740,1728,1728,1740,1779,1830,1894,1958,2048,2112,2201,2291,2368,2432,2470,2508,2534,2534,2521,2496,2470,2432,2393,2342,2304,2252,2214,2163,2124,2073,2048,2009,1958,1920,1881,1830,1779,1740,1689</WaveformData>
      </Waveforms>
      <VitalSigns CollectionTime="12/21/2017 1:52:57 PM" CollectionTimeUTC="1513885977">
            <VitalSign>
                  <Parameter>HR</Parameter>
                  <BpChannel />
                  <Time>12/21/2017 1:52:57 PM</Time>
                  <TimeUTC>1513885977</TimeUTC>
                  <Value UOM="Bpm" Q="">141</Value>
                  <AlarmLimitLow />
                  <AlarmLimitHigh />
            </VitalSign>
            <VitalSign>
                  <Parameter>NBP-S</Parameter>
                  <BpChannel />
                  <Time>12/21/2017 8:23:00 PM</Time>
                  <TimeUTC>1513909380</TimeUTC>
                  <Value UOM="mmHg" Q="">NODATA</Value>
                  <AlarmLimitLow />
                  <AlarmLimitHigh />
            </VitalSign>
            <VitalSign>
                  <Parameter>NBP-D</Parameter>
                  <BpChannel />
                  <Time>12/21/2017 8:23:00 PM</Time>
                  <TimeUTC>1513909380</TimeUTC>
                  <Value UOM="mmHg" Q="">NODATA</Value>
                  <AlarmLimitLow />
                  <AlarmLimitHigh />
            </VitalSign>
            <VitalSign>
                  <Parameter>NBP-M</Parameter>
                  <BpChannel />
                  <Time>12/21/2017 8:23:00 PM</Time>
                  <TimeUTC>1513909380</TimeUTC>
                  <Value UOM="mmHg" Q="">NODATA</Value>
                  <AlarmLimitLow />
                  <AlarmLimitHigh />
            </VitalSign>
            <VitalSign>
                  <Parameter>PVC</Parameter>
                  <BpChannel />
                  <Time>12/21/2017 1:52:57 PM</Time>
                  <TimeUTC>1513885977</TimeUTC>
                  <Value UOM="Bpm" Q="">0</Value>
                  <AlarmLimitLow />
                  <AlarmLimitHigh />
            </VitalSign>
            <VitalSign>
                  <Parameter>RHY</Parameter>
                  <BpChannel />
                  <Time>12/21/2017 1:52:57 PM</Time>
                  <TimeUTC>1513885977</TimeUTC>
                  <Value UOM="" Q="">SINUS RHYTHM</Value>
                  <AlarmLimitLow />
                  <AlarmLimitHigh />
            </VitalSign>
            <VitalSign>
                  <Parameter>ECT</Parameter>
                  <BpChannel />
                  <Time>12/21/2017 1:52:57 PM</Time>
                  <TimeUTC>1513885977</TimeUTC>
                  <Value UOM="" Q="" />
                  <AlarmLimitLow />
                  <AlarmLimitHigh />
            </VitalSign>
            <VitalSign>
                  <Parameter>RESP</Parameter>
                  <BpChannel />
                  <Time>12/21/2017 1:52:57 PM</Time>
                  <TimeUTC>1513885977</TimeUTC>
                  <Value UOM="BrMin" Q="">36</Value>
                  <AlarmLimitLow />
                  <AlarmLimitHigh />
            </VitalSign>
            <VitalSign>
                  <Parameter>SPO2</Parameter>
                  <BpChannel />
                  <Time>12/21/2017 1:52:57 PM</Time>
                  <TimeUTC>1513885977</TimeUTC>
                  <Value UOM="%" Q="">100</Value>
                  <AlarmLimitLow />
                  <AlarmLimitHigh />
            </VitalSign>
            <VitalSign>
                  <Parameter>PULSE</Parameter>
                  <BpChannel />
                  <Time>12/21/2017 1:52:57 PM</Time>
                  <TimeUTC>1513885977</TimeUTC>
                  <Value UOM="BPM" Q="">140</Value>
                  <AlarmLimitLow />
                  <AlarmLimitHigh />
            </VitalSign>
            <VitalSign>
                  <Parameter>ABP-S</Parameter>
                  <BpChannel />
                  <Time>12/21/2017 1:52:57 PM</Time>
                  <TimeUTC>1513885977</TimeUTC>
                  <Value UOM="mmHg" Q="">58</Value>
                  <AlarmLimitLow />
                  <AlarmLimitHigh />
            </VitalSign>
            <VitalSign>
                  <Parameter>ABP-D</Parameter>
                  <BpChannel />
                  <Time>12/21/2017 1:52:57 PM</Time>
                  <TimeUTC>1513885977</TimeUTC>
                  <Value UOM="mmHg" Q="">38</Value>
                  <AlarmLimitLow />
                  <AlarmLimitHigh />
            </VitalSign>
            <VitalSign>
                  <Parameter>ABP-M</Parameter>
                  <BpChannel />
                  <Time>12/21/2017 1:52:57 PM</Time>
                  <TimeUTC>1513885977</TimeUTC>
                  <Value UOM="mmHg" Q="">45</Value>
                  <AlarmLimitLow />
                  <AlarmLimitHigh />
            </VitalSign>
      </VitalSigns>
      <Alarms />
      <ImportedData />
      <Waveforms CollectionTime="12/21/2017 1:52:58 PM" CollectionTimeUTC="1513885978" TTX="" DisplayOrder="">
            <WaveformData ID="3230796" Label="RESP" UOM="Ohms" Cal="0,1,1230,2867" SampleRate="125" SamplePeriodInMsec="1000" Samples="125">0.1,0.1,0.2,0.2,0.3,0.3,0.3,0.4,0.4,0.5,0.5,0.5,0.6,0.6,0.6,0.7,0.7,0.7,0.8,0.8,0.8,0.8,0.8,0.9,0.9,0.9,0.9,0.9,0.9,0.9,0.9,0.9,0.9,0.9,0.9,0.9,0.9,0.9,0.9,0.9,0.9,0.9,0.9,0.9,0.9,0.9,0.9,0.8,0.8,0.8,0.8,0.8,0.7,0.7,0.7,0.7,0.6,0.6,0.6,0.5,0.5,0.5,0.4,0.4,0.4,0.3,0.3,0.3,0.3,0.2,0.2,0.2,0.2,0.1,0.1,0.1,0.1,0.1,0.0,0.0,0.0,0.0,0.0,-0.1,-0.1,-0.1,-0.1,-0.1,-0.1,-0.1,-0.1,-0.1,-0.1,-0.2,-0.2,-0.2,-0.2,-0.2,-0.2,-0.2,-0.2,-0.2,-0.2,-0.2,-0.2,-0.2,-0.2,-0.2,-0.2,-0.2,-0.2,-0.2,-0.2,-0.2,-0.2,-0.2,-0.2,-0.2,-0.2,-0.2,-0.2,-0.2,-0.2,-0.2,-0.2</WaveformData>
            <WaveformData ID="4487318" Label="II" UOM="mV" Cal="0,1,1023,3071" SampleRate="125" SamplePeriodInMsec="1000" Samples="125">0.61,0.61,0.615,0.625,0.645,0.665,0.695,0.73,0.76,0.78,0.795,0.805,0.795,0.775,0.75,0.71,0.66,0.61,0.565,0.52,0.48,0.44,0.405,0.375,0.36,0.375,0.435,0.51,0.54,0.49,0.42,0.38,0.38,0.39,0.405,0.415,0.435,0.46,0.47,0.46,0.715,1.405,1.5,1.085,0.42,0.355,0.61,0.67,0.685,0.7,0.715,0.73,0.745,0.76,0.77,0.785,0.805,0.83,0.865,0.9,0.94,0.98,1.015,1.04,1.055,1.065,1.06,1.04,1.005,0.965,0.92,0.875,0.83,0.78,0.74,0.695,0.66,0.63,0.62,0.65,0.715,0.775,0.79,0.73,0.65,0.605,0.605,0.61,0.615,0.625,0.635,0.645,0.65,0.625,0.94,1.5,1.5,1.09,0.505,0.485,0.73,0.765,0.765,0.775,0.78,0.785,0.79,0.79,0.795,0.805,0.815,0.835,0.86,0.89,0.92,0.955,0.99,1.02,1.035,1.04,1.025,1.005,0.965,0.92,0.875</WaveformData>
            <WaveformData ID="4214093" Label="SPO2" UOM="Uncalib" Cal="0,0,0,0" SampleRate="125" SamplePeriodInMsec="1000" Samples="125">2330.0,2301.0,2272.0,2243.0,2213.0,2184.0,2145.0,2116.0,2077.0,2048.0,2009.0,1960.0,1911.0,1862.0,1804.0,1755.0,1697.0,1648.0,1589.0,1531.0,1482.0,1423.0,1375.0,1316.0,1267.0,1209.0,1160.0,1102.0,1063.0,1024.0,994.0,985.0,994.0,1053.0,1121.0,1228.0,1365.0,1521.0,1697.0,1872.0,2048.0,2213.0,2379.0,2516.0,2623.0,2720.0,2779.0,2828.0,2847.0,2857.0,2857.0,2857.0,2847.0,2828.0,2818.0,2808.0,2798.0,2789.0,2779.0,2759.0,2740.0,2711.0,2691.0,2681.0,2662.0,2623.0,2584.0,2545.0,2506.0,2457.0,2408.0,2360.0,2311.0,2252.0,2204.0,2145.0,2087.0,2038.0,1970.0,1911.0,1853.0,1784.0,1726.0,1667.0,1619.0,1580.0,1550.0,1540.0,1550.0,1589.0,1638.0,1716.0,1823.0,1931.0,2048.0,2174.0,2301.0,2408.0,2506.0,2584.0,2642.0,2681.0,2691.0,2701.0,2681.0,2652.0,2623.0,2584.0,2555.0,2516.0,2486.0,2457.0,2428.0,2389.0,2360.0,2321.0,2282.0,2233.0,2184.0,2135.0,2087.0,2048.0,1989.0,1931.0,1882.0</WaveformData>
            <WaveformData ID="3289908" Label="ABP" UOM="mmHg" Cal="30,60,307,3378" SampleRate="125" SamplePeriodInMsec="1000" Samples="125">40.6,40.4,40.1,39.9,39.6,39.4,39.1,38.9,38.6,38.4,38.2,38.2,38.7,40.1,42.6,46.2,50.5,54.6,57.9,60.2,61.4,61.3,59.9,57.8,55.2,52.6,50.4,48.6,47.5,46.9,46.7,46.7,46.8,46.9,46.9,46.9,46.7,46.5,46.2,45.9,45.4,44.9,44.4,43.9,43.4,43.0,42.6,42.2,41.9,41.7,41.5,41.4,41.2,40.9,40.7,40.4,40.1,39.7,39.5,39.2,38.9,38.6,38.4,38.1,38.0,38.0,38.4,39.6,41.8,44.9,48.6,52.1,54.9,56.7,57.4,56.9,55.4,53.2,50.9,48.7,46.9,45.7,45.1,44.9,44.8,44.8,44.9,44.9,44.8,44.7,44.5,44.2,43.9,43.6,43.1,42.7,42.2,41.8,41.4,41.0,40.7,40.5,40.3,40.1,39.9,39.7,39.6,39.4,39.1,38.9,38.6,38.3,38.1,37.8,37.6,37.3,37.1,36.9,36.8,36.9,37.6,39.0,41.5,44.9,48.6</WaveformData>
            <WaveformData ID="4214108" Label="Unk lbl 4214108" UOM="Uncalib" Cal="0,0,0,0" SampleRate="125" SamplePeriodInMsec="1000" Samples="125">1651,1600,1548,1510,1459,1420,1382,1344,1305,1267,1241,1216,1190,1164,1152,1152,1164,1190,1228,1292,1356,1446,1548,1651,1766,1881,1984,2073,2150,2227,2278,2304,2329,2329,2316,2291,2265,2227,2188,2150,2099,2060,2022,1984,1945,1907,1856,1817,1779,1740,1689,1651,1625,1587,1548,1523,1497,1472,1446,1433,1420,1408,1395,1228,1213,1213,1213,1228,1244,1292,1355,1433,1544,1654,1796,1937,2079,2252,2410,2567,2709,2851,2961,3056,3119,3182,3213,3213,3229,3213,3197,3166,3150,3119,3087,3056,3024,2993,2961,2914,2867,2804,2741,2678,2615,2552,2489,2410,2347,2284,2221,2158,2095,2048,2016,1953,1906,1859,1811,1748,1717,1670,1654,1638,1638</WaveformData>
      </Waveforms>
      <VitalSigns CollectionTime="12/21/2017 1:52:58 PM" CollectionTimeUTC="1513885978">
            <VitalSign>
                  <Parameter>HR</Parameter>
                  <BpChannel />
                  <Time>12/21/2017 1:52:58 PM</Time>
                  <TimeUTC>1513885978</TimeUTC>
                  <Value UOM="Bpm" Q="">141</Value>
                  <AlarmLimitLow />
                  <AlarmLimitHigh />
            </VitalSign>
            <VitalSign>
                  <Parameter>NBP-S</Parameter>
                  <BpChannel />
                  <Time>12/21/2017 8:23:00 PM</Time>
                  <TimeUTC>1513909380</TimeUTC>
                  <Value UOM="mmHg" Q="">NODATA</Value>
                  <AlarmLimitLow />
                  <AlarmLimitHigh />
            </VitalSign>
            <VitalSign>
                  <Parameter>NBP-D</Parameter>
                  <BpChannel />
                  <Time>12/21/2017 8:23:00 PM</Time>
                  <TimeUTC>1513909380</TimeUTC>
                  <Value UOM="mmHg" Q="">NODATA</Value>
                  <AlarmLimitLow />
                  <AlarmLimitHigh />
            </VitalSign>
            <VitalSign>
                  <Parameter>NBP-M</Parameter>
                  <BpChannel />
                  <Time>12/21/2017 8:23:00 PM</Time>
                  <TimeUTC>1513909380</TimeUTC>
                  <Value UOM="mmHg" Q="">NODATA</Value>
                  <AlarmLimitLow />
                  <AlarmLimitHigh />
            </VitalSign>
            <VitalSign>
                  <Parameter>PVC</Parameter>
                  <BpChannel />
                  <Time>12/21/2017 1:52:58 PM</Time>
                  <TimeUTC>1513885978</TimeUTC>
                  <Value UOM="Bpm" Q="">0</Value>
                  <AlarmLimitLow />
                  <AlarmLimitHigh />
            </VitalSign>
            <VitalSign>
                  <Parameter>RHY</Parameter>
                  <BpChannel />
                  <Time>12/21/2017 1:52:58 PM</Time>
                  <TimeUTC>1513885978</TimeUTC>
                  <Value UOM="" Q="">SINUS RHYTHM</Value>
                  <AlarmLimitLow />
                  <AlarmLimitHigh />
            </VitalSign>
            <VitalSign>
                  <Parameter>ECT</Parameter>
                  <BpChannel />
                  <Time>12/21/2017 1:52:58 PM</Time>
                  <TimeUTC>1513885978</TimeUTC>
                  <Value UOM="" Q="" />
                  <AlarmLimitLow />
                  <AlarmLimitHigh />
            </VitalSign>
            <VitalSign>
                  <Parameter>RESP</Parameter>
                  <BpChannel />
                  <Time>12/21/2017 1:52:58 PM</Time>
                  <TimeUTC>1513885978</TimeUTC>
                  <Value UOM="BrMin" Q="">37</Value>
                  <AlarmLimitLow />
                  <AlarmLimitHigh />
            </VitalSign>
            <VitalSign>
                  <Parameter>SPO2</Parameter>
                  <BpChannel />
                  <Time>12/21/2017 1:52:58 PM</Time>
                  <TimeUTC>1513885978</TimeUTC>
                  <Value UOM="%" Q="">100</Value>
                  <AlarmLimitLow />
                  <AlarmLimitHigh />
            </VitalSign>
            <VitalSign>
                  <Parameter>PULSE</Parameter>
                  <BpChannel />
                  <Time>12/21/2017 1:52:58 PM</Time>
                  <TimeUTC>1513885978</TimeUTC>
                  <Value UOM="BPM" Q="">140</Value>
                  <AlarmLimitLow />
                  <AlarmLimitHigh />
            </VitalSign>
            <VitalSign>
                  <Parameter>ABP-S</Parameter>
                  <BpChannel />
                  <Time>12/21/2017 1:52:58 PM</Time>
                  <TimeUTC>1513885978</TimeUTC>
                  <Value UOM="mmHg" Q="">58</Value>
                  <AlarmLimitLow />
                  <AlarmLimitHigh />
            </VitalSign>
            <VitalSign>
                  <Parameter>ABP-D</Parameter>
                  <BpChannel />
                  <Time>12/21/2017 1:52:58 PM</Time>
                  <TimeUTC>1513885978</TimeUTC>
                  <Value UOM="mmHg" Q="">38</Value>
                  <AlarmLimitLow />
                  <AlarmLimitHigh />
            </VitalSign>
            <VitalSign>
                  <Parameter>ABP-M</Parameter>
                  <BpChannel />
                  <Time>12/21/2017 1:52:58 PM</Time>
                  <TimeUTC>1513885978</TimeUTC>
                  <Value UOM="mmHg" Q="">45</Value>
                  <AlarmLimitLow />
                  <AlarmLimitHigh />
            </VitalSign>
      </VitalSigns>
      <Alarms />
      <ImportedData />
      <Waveforms CollectionTime="12/21/2017 1:52:59 PM" CollectionTimeUTC="1513885979" TTX="" DisplayOrder="">
            <WaveformData ID="3230796" Label="RESP" UOM="Ohms" Cal="0,1,1230,2867" SampleRate="125" SamplePeriodInMsec="1000" Samples="125">-0.2,-0.2,-0.2,-0.2,-0.2,-0.2,-0.2,-0.2,-0.2,-0.2,-0.2,-0.2,-0.2,-0.2,-0.2,-0.2,-0.2,-0.2,-0.2,-0.2,-0.2,-0.2,-0.2,-0.2,-0.2,-0.2,-0.1,-0.1,-0.1,-0.1,-0.1,0.0,0.0,0.0,0.1,0.1,0.1,0.2,0.2,0.3,0.3,0.3,0.4,0.4,0.5,0.5,0.5,0.6,0.6,0.7,0.7,0.7,0.7,0.8,0.8,0.8,0.8,0.9,0.9,0.9,0.9,0.9,0.9,0.9,0.9,0.9,0.9,0.9,0.9,0.9,0.9,0.9,0.9,0.9,0.9,0.9,0.9,0.9,0.9,0.9,0.9,0.9,0.8,0.8,0.8,0.8,0.8,0.7,0.7,0.7,0.7,0.6,0.6,0.6,0.5,0.5,0.5,0.4,0.4,0.4,0.3,0.3,0.3,0.3,0.2,0.2,0.2,0.2,0.1,0.1,0.1,0.1,0.0,0.0,0.0,0.0,0.0,0.0,-0.1,-0.1,-0.1,-0.1,-0.1,-0.1,-0.1</WaveformData>
            <WaveformData ID="4487318" Label="II" UOM="mV" Cal="0,1,1023,3071" SampleRate="125" SamplePeriodInMsec="1000" Samples="125">0.83,0.785,0.745,0.705,0.665,0.63,0.6,0.595,0.635,0.705,0.76,0.74,0.66,0.585,0.555,0.555,0.56,0.56,0.56,0.57,0.575,0.545,0.61,1.115,1.5,1.5,0.665,0.335,0.495,0.605,0.615,0.62,0.62,0.62,0.615,0.61,0.605,0.605,0.61,0.625,0.645,0.665,0.695,0.725,0.755,0.775,0.795,0.8,0.8,0.78,0.755,0.715,0.665,0.615,0.57,0.525,0.485,0.45,0.415,0.385,0.365,0.38,0.435,0.515,0.565,0.535,0.46,0.41,0.4,0.41,0.42,0.43,0.45,0.475,0.485,0.48,0.635,1.235,1.5,1.28,0.52,0.37,0.59,0.685,0.7,0.72,0.735,0.75,0.755,0.765,0.775,0.795,0.815,0.835,0.865,0.9,0.94,0.98,1.02,1.05,1.07,1.08,1.08,1.055,1.03,0.985,0.94,0.895,0.85,0.8,0.755,0.715,0.675,0.64,0.625,0.64,0.7,0.775,0.805,0.755,0.675,0.62,0.61,0.615,0.62</WaveformData>
            <WaveformData ID="4214093" Label="SPO2" UOM="Uncalib" Cal="0,0,0,0" SampleRate="125" SamplePeriodInMsec="1000" Samples="125">1823.0,1765.0,1706.0,1658.0,1599.0,1540.0,1482.0,1414.0,1355.0,1297.0,1238.0,1180.0,1121.0,1082.0,1053.0,1043.0,1053.0,1082.0,1141.0,1228.0,1336.0,1462.0,1599.0,1745.0,1892.0,2038.0,2145.0,2252.0,2330.0,2399.0,2438.0,2447.0,2447.0,2438.0,2408.0,2389.0,2360.0,2330.0,2301.0,2272.0,2243.0,2223.0,2184.0,2155.0,2116.0,2087.0,2048.0,2009.0,1960.0,1911.0,1862.0,1804.0,1755.0,1706.0,1648.0,1599.0,1540.0,1492.0,1443.0,1384.0,1336.0,1277.0,1228.0,1170.0,1121.0,1072.0,1033.0,1014.0,994.0,1014.0,1072.0,1150.0,1267.0,1394.0,1560.0,1726.0,1911.0,2077.0,2252.0,2399.0,2535.0,2652.0,2730.0,2798.0,2847.0,2876.0,2886.0,2886.0,2886.0,2876.0,2867.0,2857.0,2847.0,2837.0,2818.0,2808.0,2789.0,2769.0,2740.0,2711.0,2681.0,2642.0,2603.0,2555.0,2516.0,2467.0,2418.0,2369.0,2311.0,2262.0,2213.0,2155.0,2096.0,2048.0,1989.0,1931.0,1872.0,1804.0,1745.0,1697.0,1648.0,1609.0,1580.0,1589.0,1609.0</WaveformData>
            <WaveformData ID="3289908" Label="ABP" UOM="mmHg" Cal="30,60,307,3378" SampleRate="125" SamplePeriodInMsec="1000" Samples="125">52.2,54.9,56.6,57.2,56.5,54.9,52.8,50.4,48.4,46.8,45.7,45.2,45.1,45.1,45.2,45.4,45.5,45.5,45.4,45.2,45.0,44.7,44.3,43.9,43.5,43.1,42.7,42.3,42.1,41.8,41.6,41.4,41.2,41.1,40.9,40.7,40.6,40.3,40.1,39.8,39.6,39.3,39.0,38.7,38.4,38.2,38.1,38.0,38.4,39.6,41.9,45.4,49.5,53.7,57.2,59.7,61.1,61.1,60.1,58.1,55.7,53.2,50.9,49.1,47.8,47.0,46.6,46.6,46.7,46.9,46.9,46.9,46.7,46.5,46.2,45.8,45.4,44.9,44.4,43.9,43.5,43.1,42.6,42.3,42.0,41.8,41.6,41.4,41.2,40.9,40.7,40.4,40.1,39.9,39.6,39.3,38.9,38.7,38.4,38.1,37.9,37.9,38.2,39.2,41.1,44.0,47.5,51.1,54.0,56.0,56.8,56.4,55.0,52.9,50.6,48.4,46.7,45.6,45.0,44.7,44.6,44.8,44.9,44.9,44.8</WaveformData>
            <WaveformData ID="4214108" Label="Unk lbl 4214108" UOM="Uncalib" Cal="0,0,0,0" SampleRate="125" SamplePeriodInMsec="1000" Samples="125">1670,1701,1764,1843,1922,2032,2111,2221,2315,2410,2489,2552,2599,2615,2630,2599,2583,2536,2489,2441,2394,2331,2284,2221,2174,2126,2063,2032,1985,1922,1874,1827,1764,1717,1654,1591,1544,1481,1418,1370,1307,1260,1213,1165,1118,1071,1039,1008,976,945,929,929,945,992,1071,1150,1260,1386,1528,1670,1827,1969,2088,2198,2280,2348,2402,2430,2443,2443,2430,2402,2361,2321,2280,2225,2184,2129,2088,2048,2007,1966,1911,1870,1829,1788,1734,1693,1652,1624,1583,1556,1529,1502,1474,1461,1447,1433,1420,1406,1406,1406,1406,1406,1433,1447,1488,1556,1624,1720,1829,1938,2061,2198,2348,2484,2607,2730,2826,2908,2976,3030,3058,3071,3071</WaveformData>
      </Waveforms>
      <VitalSigns CollectionTime="12/21/2017 1:52:59 PM" CollectionTimeUTC="1513885979">
            <VitalSign>
                  <Parameter>HR</Parameter>
                  <BpChannel />
                  <Time>12/21/2017 1:52:59 PM</Time>
                  <TimeUTC>1513885979</TimeUTC>
                  <Value UOM="Bpm" Q="">141</Value>
                  <AlarmLimitLow />
                  <AlarmLimitHigh />
            </VitalSign>
            <VitalSign>
                  <Parameter>NBP-S</Parameter>
                  <BpChannel />
                  <Time>12/21/2017 8:23:00 PM</Time>
                  <TimeUTC>1513909380</TimeUTC>
                  <Value UOM="mmHg" Q="">NODATA</Value>
                  <AlarmLimitLow />
                  <AlarmLimitHigh />
            </VitalSign>
            <VitalSign>
                  <Parameter>NBP-D</Parameter>
                  <BpChannel />
                  <Time>12/21/2017 8:23:00 PM</Time>
                  <TimeUTC>1513909380</TimeUTC>
                  <Value UOM="mmHg" Q="">NODATA</Value>
                  <AlarmLimitLow />
                  <AlarmLimitHigh />
            </VitalSign>
            <VitalSign>
                  <Parameter>NBP-M</Parameter>
                  <BpChannel />
                  <Time>12/21/2017 8:23:00 PM</Time>
                  <TimeUTC>1513909380</TimeUTC>
                  <Value UOM="mmHg" Q="">NODATA</Value>
                  <AlarmLimitLow />
                  <AlarmLimitHigh />
            </VitalSign>
            <VitalSign>
                  <Parameter>PVC</Parameter>
                  <BpChannel />
                  <Time>12/21/2017 1:52:59 PM</Time>
                  <TimeUTC>1513885979</TimeUTC>
                  <Value UOM="Bpm" Q="">0</Value>
                  <AlarmLimitLow />
                  <AlarmLimitHigh />
            </VitalSign>
            <VitalSign>
                  <Parameter>RHY</Parameter>
                  <BpChannel />
                  <Time>12/21/2017 1:52:59 PM</Time>
                  <TimeUTC>1513885979</TimeUTC>
                  <Value UOM="" Q="">SINUS RHYTHM</Value>
                  <AlarmLimitLow />
                  <AlarmLimitHigh />
            </VitalSign>
            <VitalSign>
                  <Parameter>ECT</Parameter>
                  <BpChannel />
                  <Time>12/21/2017 1:52:59 PM</Time>
                  <TimeUTC>1513885979</TimeUTC>
                  <Value UOM="" Q="" />
                  <AlarmLimitLow />
                  <AlarmLimitHigh />
            </VitalSign>
            <VitalSign>
                  <Parameter>RESP</Parameter>
                  <BpChannel />
                  <Time>12/21/2017 1:52:59 PM</Time>
                  <TimeUTC>1513885979</TimeUTC>
                  <Value UOM="BrMin" Q="">37</Value>
                  <AlarmLimitLow />
                  <AlarmLimitHigh />
            </VitalSign>
            <VitalSign>
                  <Parameter>SPO2</Parameter>
                  <BpChannel />
                  <Time>12/21/2017 1:52:59 PM</Time>
                  <TimeUTC>1513885979</TimeUTC>
                  <Value UOM="%" Q="">100</Value>
                  <AlarmLimitLow />
                  <AlarmLimitHigh />
            </VitalSign>
            <VitalSign>
                  <Parameter>PULSE</Parameter>
                  <BpChannel />
                  <Time>12/21/2017 1:52:59 PM</Time>
                  <TimeUTC>1513885979</TimeUTC>
                  <Value UOM="BPM" Q="">140</Value>
                  <AlarmLimitLow />
                  <AlarmLimitHigh />
            </VitalSign>
            <VitalSign>
                  <Parameter>ABP-S</Parameter>
                  <BpChannel />
                  <Time>12/21/2017 1:52:59 PM</Time>
                  <TimeUTC>1513885979</TimeUTC>
                  <Value UOM="mmHg" Q="">58</Value>
                  <AlarmLimitLow />
                  <AlarmLimitHigh />
            </VitalSign>
            <VitalSign>
                  <Parameter>ABP-D</Parameter>
                  <BpChannel />
                  <Time>12/21/2017 1:52:59 PM</Time>
                  <TimeUTC>1513885979</TimeUTC>
                  <Value UOM="mmHg" Q="">38</Value>
                  <AlarmLimitLow />
                  <AlarmLimitHigh />
            </VitalSign>
            <VitalSign>
                  <Parameter>ABP-M</Parameter>
                  <BpChannel />
                  <Time>12/21/2017 1:52:59 PM</Time>
                  <TimeUTC>1513885979</TimeUTC>
                  <Value UOM="mmHg" Q="">45</Value>
                  <AlarmLimitLow />
                  <AlarmLimitHigh />
            </VitalSign>
      </VitalSigns>
      <Alarms />
      <ImportedData />
      <Waveforms CollectionTime="12/21/2017 1:53:00 PM" CollectionTimeUTC="1513885980" TTX="" DisplayOrder="">
            <WaveformData ID="3230796" Label="RESP" UOM="Ohms" Cal="0,1,1230,2867" SampleRate="125" SamplePeriodInMsec="1000" Samples="125">-0.1,-0.1,-0.1,-0.2,-0.2,-0.2,-0.2,-0.2,-0.2,-0.2,-0.2,-0.2,-0.2,-0.2,-0.2,-0.2,-0.2,-0.2,-0.2,-0.2,-0.2,-0.2,-0.2,-0.2,-0.2,-0.2,-0.2,-0.2,-0.2,-0.2,-0.2,-0.2,-0.2,-0.2,-0.2,-0.2,-0.2,-0.2,-0.2,-0.2,-0.2,-0.2,-0.2,-0.2,-0.2,-0.2,-0.2,-0.2,-0.2,-0.2,-0.2,-0.2,-0.2,-0.2,-0.2,-0.2,-0.2,-0.2,-0.2,-0.2,-0.2,-0.2,-0.2,-0.2,-0.2,-0.2,-0.2,-0.2,-0.2,-0.2,-0.2,-0.2,-0.2,-0.2,-0.2,-0.2,-0.2,-0.2,-0.2,-0.2,-0.2,-0.2,-0.2,-0.2,-0.2,-0.2,-0.2,-0.2,-0.2,-0.2,-0.2,-0.2,-0.2,-0.2,-0.2,-0.2,-0.2,-0.2,-0.2,-0.2,-0.2,-0.2,-0.2,-0.2,-0.2,-0.2,-0.2,-0.2,-0.2,-0.2,-0.2,-0.2,-0.2,-0.1,-0.1,-0.1,-0.1,-0.1,-0.1,-0.1,0.0,0.0,0.0,0.0,0.1</WaveformData>
            <WaveformData ID="4487318" Label="II" UOM="mV" Cal="0,1,1023,3071" SampleRate="125" SamplePeriodInMsec="1000" Samples="125">0.63,0.64,0.65,0.655,0.635,0.83,1.5,1.5,1.34,0.58,0.47,0.7,0.765,0.775,0.78,0.79,0.795,0.795,0.795,0.8,0.805,0.815,0.835,0.86,0.89,0.92,0.955,0.99,1.02,1.04,1.05,1.045,1.025,0.995,0.955,0.91,0.865,0.825,0.78,0.735,0.695,0.65,0.62,0.61,0.635,0.7,0.76,0.77,0.705,0.62,0.58,0.575,0.585,0.59,0.595,0.605,0.62,0.625,0.6,0.92,1.5,1.5,1.085,0.475,0.45,0.7,0.74,0.75,0.755,0.76,0.765,0.765,0.765,0.77,0.78,0.79,0.81,0.83,0.86,0.895,0.925,0.96,0.985,1.005,1.01,0.995,0.97,0.94,0.895,0.855,0.81,0.765,0.725,0.685,0.645,0.61,0.575,0.57,0.62,0.69,0.74,0.72,0.64,0.56,0.53,0.53,0.53,0.535,0.54,0.545,0.55,0.525,0.595,1.11,1.5,1.5,0.655,0.32,0.48,0.595,0.605,0.605,0.61,0.61,0.61</WaveformData>
            <WaveformData ID="4214093" Label="SPO2" UOM="Uncalib" Cal="0,0,0,0" SampleRate="125" SamplePeriodInMsec="1000" Samples="125">1648.0,1716.0,1804.0,1911.0,2028.0,2135.0,2252.0,2369.0,2467.0,2545.0,2613.0,2642.0,2662.0,2662.0,2652.0,2633.0,2603.0,2574.0,2545.0,2516.0,2486.0,2457.0,2428.0,2389.0,2360.0,2330.0,2291.0,2243.0,2204.0,2155.0,2106.0,2048.0,2009.0,1950.0,1901.0,1843.0,1784.0,1736.0,1677.0,1619.0,1560.0,1501.0,1443.0,1384.0,1326.0,1267.0,1199.0,1150.0,1102.0,1063.0,1043.0,1043.0,1072.0,1121.0,1209.0,1306.0,1423.0,1570.0,1716.0,1872.0,2018.0,2145.0,2252.0,2350.0,2428.0,2467.0,2506.0,2506.0,2506.0,2496.0,2477.0,2447.0,2428.0,2408.0,2389.0,2360.0,2340.0,2311.0,2291.0,2252.0,2223.0,2184.0,2145.0,2106.0,2057.0,2018.0,1979.0,1931.0,1882.0,1833.0,1784.0,1736.0,1677.0,1628.0,1580.0,1521.0,1472.0,1414.0,1355.0,1306.0,1248.0,1209.0,1170.0,1150.0,1150.0,1160.0,1209.0,1277.0,1375.0,1492.0,1628.0,1775.0,1931.0,2077.0,2213.0,2350.0,2447.0,2545.0,2603.0,2633.0,2652.0,2652.0,2642.0,2623.0,2603.0</WaveformData>
            <WaveformData ID="3289908" Label="ABP" UOM="mmHg" Cal="30,60,307,3378" SampleRate="125" SamplePeriodInMsec="1000" Samples="125">44.7,44.6,44.2,43.9,43.4,43.0,42.6,42.1,41.8,41.4,41.1,40.7,40.5,40.2,40.1,39.9,39.7,39.6,39.3,39.1,38.9,38.6,38.4,38.1,37.9,37.6,37.4,37.1,36.9,36.8,36.7,37.2,38.4,40.7,44.0,47.8,51.5,54.5,56.4,57.2,56.9,55.6,53.6,51.2,49.1,47.3,46.0,45.2,45.0,45.0,45.1,45.1,45.2,45.2,45.1,44.9,44.6,44.3,43.9,43.5,43.1,42.6,42.1,41.8,41.4,41.0,40.7,40.5,40.4,40.2,40.1,39.9,39.7,39.4,39.1,38.9,38.6,38.3,38.1,37.8,37.5,37.2,37.1,37.0,37.1,37.9,39.6,42.3,45.7,49.3,52.8,55.8,57.9,58.7,58.2,56.6,54.5,52.2,49.9,48.1,46.8,46.1,45.8,45.8,45.9,46.1,46.2,46.3,46.2,46.0,45.8,45.6,45.2,44.9,44.4,44.0,43.6,43.2,42.8,42.5,42.3,42.1,41.9,41.8,41.6</WaveformData>
            <WaveformData ID="4214108" Label="Unk lbl 4214108" UOM="Uncalib" Cal="0,0,0,0" SampleRate="125" SamplePeriodInMsec="1000" Samples="125">3071,3058,3030,3017,2989,2962,2935,2908,2880,2853,2812,2771,2730,2689,2648,2607,2553,2498,2443,2389,2334,2280,2239,2184,2143,2088,2048,2007,1952,1911,1856,1816,1788,1761,1734,1747,1761,1788,1829,1897,1966,2048,2129,2225,2307,2389,2457,2512,2553,2566,2566,2553,2539,2498,2457,2416,2361,2321,2266,2225,2170,2129,2075,2048,2007,1952,1911,1856,1816,1761,1706,1665,1611,1570,1515,1461,1420,1379,1324,1283,1242,1215,1174,1147,1119,1092,1078,1078,1092,1119,1160,1215,1297,1392,1515,1638,1775,1911,2020,2116,2211,2280,2348,2375,2402,2416,2402,2375,2348,2321,2280,2239,2198,2157,2116,2075,2048,2007,1966,1938,1897,1843,1802,1761,1720</WaveformData>
      </Waveforms>
      <VitalSigns CollectionTime="12/21/2017 1:53:00 PM" CollectionTimeUTC="1513885980">
            <VitalSign>
                  <Parameter>HR</Parameter>
                  <BpChannel />
                  <Time>12/21/2017 1:53:00 PM</Time>
                  <TimeUTC>1513885980</TimeUTC>
                  <Value UOM="Bpm" Q="">140</Value>
                  <AlarmLimitLow />
                  <AlarmLimitHigh />
            </VitalSign>
            <VitalSign>
                  <Parameter>NBP-S</Parameter>
                  <BpChannel />
                  <Time>12/21/2017 8:23:00 PM</Time>
                  <TimeUTC>1513909380</TimeUTC>
                  <Value UOM="mmHg" Q="">NODATA</Value>
                  <AlarmLimitLow />
                  <AlarmLimitHigh />
            </VitalSign>
            <VitalSign>
                  <Parameter>NBP-D</Parameter>
                  <BpChannel />
                  <Time>12/21/2017 8:23:00 PM</Time>
                  <TimeUTC>1513909380</TimeUTC>
                  <Value UOM="mmHg" Q="">NODATA</Value>
                  <AlarmLimitLow />
                  <AlarmLimitHigh />
            </VitalSign>
            <VitalSign>
                  <Parameter>NBP-M</Parameter>
                  <BpChannel />
                  <Time>12/21/2017 8:23:00 PM</Time>
                  <TimeUTC>1513909380</TimeUTC>
                  <Value UOM="mmHg" Q="">NODATA</Value>
                  <AlarmLimitLow />
                  <AlarmLimitHigh />
            </VitalSign>
            <VitalSign>
                  <Parameter>PVC</Parameter>
                  <BpChannel />
                  <Time>12/21/2017 1:53:00 PM</Time>
                  <TimeUTC>1513885980</TimeUTC>
                  <Value UOM="Bpm" Q="">0</Value>
                  <AlarmLimitLow />
                  <AlarmLimitHigh />
            </VitalSign>
            <VitalSign>
                  <Parameter>RHY</Parameter>
                  <BpChannel />
                  <Time>12/21/2017 1:53:00 PM</Time>
                  <TimeUTC>1513885980</TimeUTC>
                  <Value UOM="" Q="">SINUS RHYTHM</Value>
                  <AlarmLimitLow />
                  <AlarmLimitHigh />
            </VitalSign>
            <VitalSign>
                  <Parameter>ECT</Parameter>
                  <BpChannel />
                  <Time>12/21/2017 1:53:00 PM</Time>
                  <TimeUTC>1513885980</TimeUTC>
                  <Value UOM="" Q="" />
                  <AlarmLimitLow />
                  <AlarmLimitHigh />
            </VitalSign>
            <VitalSign>
                  <Parameter>RESP</Parameter>
                  <BpChannel />
                  <Time>12/21/2017 1:53:00 PM</Time>
                  <TimeUTC>1513885980</TimeUTC>
                  <Value UOM="BrMin" Q="">37</Value>
                  <AlarmLimitLow />
                  <AlarmLimitHigh />
            </VitalSign>
            <VitalSign>
                  <Parameter>SPO2</Parameter>
                  <BpChannel />
                  <Time>12/21/2017 1:53:00 PM</Time>
                  <TimeUTC>1513885980</TimeUTC>
                  <Value UOM="%" Q="">100</Value>
                  <AlarmLimitLow />
                  <AlarmLimitHigh />
            </VitalSign>
            <VitalSign>
                  <Parameter>PULSE</Parameter>
                  <BpChannel />
                  <Time>12/21/2017 1:53:00 PM</Time>
                  <TimeUTC>1513885980</TimeUTC>
                  <Value UOM="BPM" Q="">140</Value>
                  <AlarmLimitLow />
                  <AlarmLimitHigh />
            </VitalSign>
            <VitalSign>
                  <Parameter>ABP-S</Parameter>
                  <BpChannel />
                  <Time>12/21/2017 1:53:00 PM</Time>
                  <TimeUTC>1513885980</TimeUTC>
                  <Value UOM="mmHg" Q="">58</Value>
                  <AlarmLimitLow />
                  <AlarmLimitHigh />
            </VitalSign>
            <VitalSign>
                  <Parameter>ABP-D</Parameter>
                  <BpChannel />
                  <Time>12/21/2017 1:53:00 PM</Time>
                  <TimeUTC>1513885980</TimeUTC>
                  <Value UOM="mmHg" Q="">38</Value>
                  <AlarmLimitLow />
                  <AlarmLimitHigh />
            </VitalSign>
            <VitalSign>
                  <Parameter>ABP-M</Parameter>
                  <BpChannel />
                  <Time>12/21/2017 1:53:00 PM</Time>
                  <TimeUTC>1513885980</TimeUTC>
                  <Value UOM="mmHg" Q="">45</Value>
                  <AlarmLimitLow />
                  <AlarmLimitHigh />
            </VitalSign>
      </VitalSigns>
      <Alarms />
      <ImportedData />
      <Waveforms CollectionTime="12/21/2017 1:53:01 PM" CollectionTimeUTC="1513885981" TTX="" DisplayOrder="">
            <WaveformData ID="3230796" Label="RESP" UOM="Ohms" Cal="0,1,1230,2867" SampleRate="125" SamplePeriodInMsec="1000" Samples="125">0.1,0.1,0.2,0.2,0.3,0.3,0.4,0.4,0.5,0.5,0.5,0.6,0.6,0.7,0.7,0.7,0.7,0.8,0.8,0.8,0.8,0.9,0.9,0.9,0.9,0.9,0.9,0.9,0.9,0.9,0.9,1.0,1.0,1.0,1.0,1.0,1.0,1.0,1.0,1.0,0.9,0.9,0.9,0.9,0.9,0.9,0.9,0.9,0.8,0.8,0.8,0.8,0.8,0.7,0.7,0.7,0.6,0.6,0.6,0.5,0.5,0.5,0.4,0.4,0.4,0.3,0.3,0.3,0.3,0.2,0.2,0.2,0.2,0.1,0.1,0.1,0.1,0.1,0.0,0.0,0.0,0.0,0.0,0.0,0.0,-0.1,-0.1,-0.1,-0.1,-0.1,-0.1,-0.1,-0.1,-0.1,-0.1,-0.1,-0.1,-0.1,-0.1,-0.1,-0.2,-0.2,-0.2,-0.2,-0.2,-0.2,-0.2,-0.2,-0.2,-0.2,-0.2,-0.2,-0.2,-0.2,-0.2,-0.2,-0.2,-0.2,-0.2,-0.2,-0.2,-0.2,-0.2,-0.2,-0.2</WaveformData>
            <WaveformData ID="4487318" Label="II" UOM="mV" Cal="0,1,1023,3071" SampleRate="125" SamplePeriodInMsec="1000" Samples="125">0.605,0.6,0.6,0.61,0.62,0.635,0.66,0.69,0.72,0.745,0.765,0.785,0.795,0.79,0.775,0.745,0.7,0.65,0.61,0.565,0.525,0.48,0.445,0.41,0.38,0.37,0.385,0.445,0.525,0.57,0.535,0.465,0.415,0.4,0.41,0.415,0.425,0.445,0.47,0.485,0.475,0.635,1.245,1.5,1.255,0.505,0.365,0.585,0.67,0.685,0.7,0.715,0.73,0.74,0.755,0.765,0.77,0.79,0.815,0.845,0.88,0.915,0.955,0.995,1.02,1.04,1.055,1.06,1.035,1,0.96,0.915,0.875,0.825,0.78,0.735,0.695,0.655,0.62,0.605,0.63,0.69,0.76,0.79,0.74,0.65,0.6,0.59,0.595,0.6,0.605,0.615,0.63,0.635,0.615,0.82,1.495,1.5,1.27,0.545,0.45,0.695,0.755,0.76,0.765,0.77,0.775,0.78,0.79,0.795,0.805,0.815,0.83,0.855,0.88,0.915,0.95,0.985,1.01,1.03,1.04,1.035,1.01,0.98,0.935</WaveformData>
            <WaveformData ID="4214093" Label="SPO2" UOM="Uncalib" Cal="0,0,0,0" SampleRate="125" SamplePeriodInMsec="1000" Samples="125">2574.0,2555.0,2525.0,2506.0,2477.0,2457.0,2428.0,2399.0,2360.0,2321.0,2282.0,2243.0,2194.0,2145.0,2096.0,2057.0,2057.0,2038.0,1989.0,1931.0,1882.0,1833.0,1775.0,1726.0,1667.0,1609.0,1560.0,1501.0,1443.0,1384.0,1336.0,1297.0,1267.0,1248.0,1258.0,1287.0,1336.0,1423.0,1531.0,1677.0,1823.0,1989.0,2155.0,2330.0,2486.0,2633.0,2769.0,2867.0,2945.0,3003.0,3042.0,3071.0,3071.0,3081.0,3071.0,3062.0,3052.0,3042.0,3032.0,3013.0,3003.0,2984.0,2954.0,2925.0,2896.0,2847.0,2798.0,2740.0,2681.0,2623.0,2564.0,2496.0,2438.0,2369.0,2311.0,2243.0,2184.0,2116.0,2057.0,2018.0,1960.0,1901.0,1833.0,1775.0,1726.0,1677.0,1638.0,1619.0,1619.0,1628.0,1667.0,1736.0,1814.0,1921.0,2028.0,2145.0,2262.0,2379.0,2486.0,2574.0,2642.0,2691.0,2720.0,2730.0,2720.0,2711.0,2681.0,2652.0,2623.0,2594.0,2555.0,2525.0,2496.0,2467.0,2438.0,2399.0,2360.0,2321.0,2272.0,2223.0,2174.0,2126.0,2067.0,2028.0,1970.0</WaveformData>
            <WaveformData ID="3289908" Label="ABP" UOM="mmHg" Cal="30,60,307,3378" SampleRate="125" SamplePeriodInMsec="1000" Samples="125">41.5,41.3,41.1,40.8,40.6,40.2,40.0,39.7,39.4,39.1,38.7,38.6,38.6,39.0,40.4,42.9,46.6,50.9,55.0,58.4,60.8,62.1,62.1,61.0,59.1,56.7,54.2,51.9,50.1,48.7,47.9,47.4,47.3,47.4,47.4,47.5,47.5,47.4,47.2,46.9,46.5,46.1,45.7,45.2,44.6,44.1,43.7,43.3,42.9,42.6,42.3,42.1,41.9,41.8,41.5,41.2,40.9,40.6,40.3,40.0,39.7,39.4,39.1,38.8,38.6,38.4,38.4,38.7,39.8,41.8,44.8,48.3,51.9,54.9,56.8,57.6,57.2,55.8,53.7,51.4,49.2,47.4,46.2,45.6,45.2,45.2,45.3,45.4,45.5,45.5,45.3,45.1,44.8,44.4,44.0,43.6,43.1,42.7,42.3,41.9,41.6,41.2,40.9,40.7,40.5,40.3,40.1,39.9,39.7,39.5,39.3,39.0,38.7,38.4,38.1,37.9,37.6,37.4,37.2,37.0,37.1,37.6,38.9,41.2,44.4</WaveformData>
            <WaveformData ID="4214108" Label="Unk lbl 4214108" UOM="Uncalib" Cal="0,0,0,0" SampleRate="125" SamplePeriodInMsec="1000" Samples="125">1679,1638,1597,1556,1515,1474,1433,1392,1351,1324,1283,1256,1228,1215,1201,1188,1201,1215,1256,1338,1420,1515,1624,1747,1884,2020,2143,2252,2361,2457,2539,2594,2621,2648,2648,2635,2607,2580,2539,2498,2443,2402,2348,2307,2252,2211,2170,2116,2075,2048,2007,1966,1925,1884,1843,1802,1775,1747,1720,1693,1702,1676,1664,1651,1638,1638,1638,1638,1638,1651,1689,1728,1779,1856,1945,2048,2150,2278,2419,2547,2675,2803,2918,3008,3084,3148,3187,3212,3225,3225,3225,3212,3187,3161,3148,3097,3046,3008,2956,2905,2841,2790,2739,2675,2624,2560,2496,2444,2393,2329,2278,2227,2176,2112,2060,2035,1984,1945,1894,1856,1817,1779,1753,1728,1715</WaveformData>
      </Waveforms>
      <VitalSigns CollectionTime="12/21/2017 1:53:01 PM" CollectionTimeUTC="1513885981">
            <VitalSign>
                  <Parameter>HR</Parameter>
                  <BpChannel />
                  <Time>12/21/2017 1:53:01 PM</Time>
                  <TimeUTC>1513885981</TimeUTC>
                  <Value UOM="Bpm" Q="">140</Value>
                  <AlarmLimitLow />
                  <AlarmLimitHigh />
            </VitalSign>
            <VitalSign>
                  <Parameter>NBP-S</Parameter>
                  <BpChannel />
                  <Time>12/21/2017 8:23:00 PM</Time>
                  <TimeUTC>1513909380</TimeUTC>
                  <Value UOM="mmHg" Q="">NODATA</Value>
                  <AlarmLimitLow />
                  <AlarmLimitHigh />
            </VitalSign>
            <VitalSign>
                  <Parameter>NBP-D</Parameter>
                  <BpChannel />
                  <Time>12/21/2017 8:23:00 PM</Time>
                  <TimeUTC>1513909380</TimeUTC>
                  <Value UOM="mmHg" Q="">NODATA</Value>
                  <AlarmLimitLow />
                  <AlarmLimitHigh />
            </VitalSign>
            <VitalSign>
                  <Parameter>NBP-M</Parameter>
                  <BpChannel />
                  <Time>12/21/2017 8:23:00 PM</Time>
                  <TimeUTC>1513909380</TimeUTC>
                  <Value UOM="mmHg" Q="">NODATA</Value>
                  <AlarmLimitLow />
                  <AlarmLimitHigh />
            </VitalSign>
            <VitalSign>
                  <Parameter>PVC</Parameter>
                  <BpChannel />
                  <Time>12/21/2017 1:53:01 PM</Time>
                  <TimeUTC>1513885981</TimeUTC>
                  <Value UOM="Bpm" Q="">0</Value>
                  <AlarmLimitLow />
                  <AlarmLimitHigh />
            </VitalSign>
            <VitalSign>
                  <Parameter>RHY</Parameter>
                  <BpChannel />
                  <Time>12/21/2017 1:53:01 PM</Time>
                  <TimeUTC>1513885981</TimeUTC>
                  <Value UOM="" Q="">SINUS RHYTHM</Value>
                  <AlarmLimitLow />
                  <AlarmLimitHigh />
            </VitalSign>
            <VitalSign>
                  <Parameter>ECT</Parameter>
                  <BpChannel />
                  <Time>12/21/2017 1:53:01 PM</Time>
                  <TimeUTC>1513885981</TimeUTC>
                  <Value UOM="" Q="" />
                  <AlarmLimitLow />
                  <AlarmLimitHigh />
            </VitalSign>
            <VitalSign>
                  <Parameter>RESP</Parameter>
                  <BpChannel />
                  <Time>12/21/2017 1:53:01 PM</Time>
                  <TimeUTC>1513885981</TimeUTC>
                  <Value UOM="BrMin" Q="">38</Value>
                  <AlarmLimitLow />
                  <AlarmLimitHigh />
            </VitalSign>
            <VitalSign>
                  <Parameter>SPO2</Parameter>
                  <BpChannel />
                  <Time>12/21/2017 1:53:01 PM</Time>
                  <TimeUTC>1513885981</TimeUTC>
                  <Value UOM="%" Q="">100</Value>
                  <AlarmLimitLow />
                  <AlarmLimitHigh />
            </VitalSign>
            <VitalSign>
                  <Parameter>PULSE</Parameter>
                  <BpChannel />
                  <Time>12/21/2017 1:53:01 PM</Time>
                  <TimeUTC>1513885981</TimeUTC>
                  <Value UOM="BPM" Q="">140</Value>
                  <AlarmLimitLow />
                  <AlarmLimitHigh />
            </VitalSign>
            <VitalSign>
                  <Parameter>ABP-S</Parameter>
                  <BpChannel />
                  <Time>12/21/2017 1:53:01 PM</Time>
                  <TimeUTC>1513885981</TimeUTC>
                  <Value UOM="mmHg" Q="">58</Value>
                  <AlarmLimitLow />
                  <AlarmLimitHigh />
            </VitalSign>
            <VitalSign>
                  <Parameter>ABP-D</Parameter>
                  <BpChannel />
                  <Time>12/21/2017 1:53:01 PM</Time>
                  <TimeUTC>1513885981</TimeUTC>
                  <Value UOM="mmHg" Q="">38</Value>
                  <AlarmLimitLow />
                  <AlarmLimitHigh />
            </VitalSign>
            <VitalSign>
                  <Parameter>ABP-M</Parameter>
                  <BpChannel />
                  <Time>12/21/2017 1:53:01 PM</Time>
                  <TimeUTC>1513885981</TimeUTC>
                  <Value UOM="mmHg" Q="">45</Value>
                  <AlarmLimitLow />
                  <AlarmLimitHigh />
            </VitalSign>
      </VitalSigns>
      <Alarms />
      <ImportedData />
      <Waveforms CollectionTime="12/21/2017 1:53:02 PM" CollectionTimeUTC="1513885982" TTX="" DisplayOrder="">
            <WaveformData ID="3230796" Label="RESP" UOM="Ohms" Cal="0,1,1230,2867" SampleRate="125" SamplePeriodInMsec="1000" Samples="125">-0.2,-0.2,-0.2,-0.2,-0.2,-0.2,-0.2,-0.2,-0.2,-0.2,-0.2,-0.2,-0.2,-0.2,-0.2,-0.2,-0.2,-0.2,-0.2,-0.2,-0.2,-0.2,-0.2,-0.2,-0.2,-0.2,-0.2,-0.2,-0.1,-0.1,-0.1,-0.1,-0.1,-0.1,-0.1,-0.1,0.0,0.0,0.0,0.0,0.0,0.1,0.1,0.1,0.1,0.1,0.2,0.2,0.2,0.2,0.2,0.3,0.3,0.3,0.3,0.3,0.3,0.3,0.3,0.4,0.4,0.4,0.4,0.4,0.4,0.4,0.4,0.4,0.4,0.4,0.4,0.4,0.4,0.4,0.4,0.4,0.4,0.4,0.4,0.4,0.4,0.4,0.4,0.4,0.4,0.4,0.4,0.4,0.4,0.4,0.4,0.4,0.4,0.4,0.4,0.3,0.3,0.3,0.3,0.2,0.2,0.2,0.2,0.2,0.1,0.1,0.1,0.1,0.1,0.0,0.0,0.0,0.0,0.0,0.0,0.0,-0.1,-0.1,-0.1,-0.1,-0.1,-0.1,-0.1,-0.1,-0.1</WaveformData>
            <WaveformData ID="4487318" Label="II" UOM="mV" Cal="0,1,1023,3071" SampleRate="125" SamplePeriodInMsec="1000" Samples="125">0.89,0.845,0.8,0.755,0.71,0.67,0.63,0.595,0.585,0.615,0.675,0.735,0.745,0.66,0.58,0.54,0.535,0.545,0.545,0.555,0.565,0.58,0.565,0.55,0.95,1.5,1.5,0.945,0.405,0.5,0.655,0.685,0.69,0.7,0.705,0.715,0.715,0.715,0.72,0.725,0.735,0.755,0.785,0.815,0.85,0.885,0.915,0.935,0.955,0.96,0.95,0.925,0.89,0.85,0.805,0.765,0.715,0.67,0.63,0.59,0.545,0.51,0.5,0.55,0.62,0.67,0.64,0.565,0.495,0.48,0.485,0.49,0.5,0.515,0.535,0.55,0.53,0.61,1.13,1.5,1.5,0.695,0.4,0.56,0.675,0.69,0.7,0.71,0.715,0.725,0.73,0.735,0.74,0.75,0.765,0.79,0.82,0.855,0.895,0.93,0.96,0.98,0.995,1,0.98,0.955,0.915,0.875,0.83,0.79,0.745,0.705,0.66,0.62,0.585,0.56,0.575,0.63,0.7,0.735,0.685,0.605,0.545,0.53,0.535</WaveformData>
            <WaveformData ID="4214093" Label="SPO2" UOM="Uncalib" Cal="0,0,0,0" SampleRate="125" SamplePeriodInMsec="1000" Samples="125">1911.0,1862.0,1804.0,1745.0,1697.0,1638.0,1580.0,1521.0,1462.0,1404.0,1336.0,1277.0,1228.0,1170.0,1131.0,1111.0,1092.0,1111.0,1150.0,1219.0,1306.0,1404.0,1540.0,1677.0,1823.0,1960.0,2087.0,2194.0,2291.0,2369.0,2418.0,2457.0,2457.0,2457.0,2438.0,2418.0,2389.0,2369.0,2340.0,2311.0,2291.0,2262.0,2243.0,2213.0,2184.0,2145.0,2106.0,2067.0,2038.0,1989.0,1940.0,1901.0,1853.0,1804.0,1755.0,1697.0,1648.0,1599.0,1550.0,1501.0,1453.0,1394.0,1345.0,1287.0,1238.0,1180.0,1131.0,1092.0,1072.0,1063.0,1072.0,1111.0,1170.0,1267.0,1394.0,1531.0,1697.0,1862.0,2018.0,2155.0,2291.0,2399.0,2486.0,2555.0,2594.0,2623.0,2623.0,2613.0,2603.0,2584.0,2564.0,2564.0,2555.0,2535.0,2516.0,2496.0,2486.0,2467.0,2447.0,2428.0,2399.0,2369.0,2330.0,2291.0,2252.0,2213.0,2165.0,2116.0,2067.0,2028.0,1979.0,1931.0,1872.0,1823.0,1775.0,1716.0,1667.0,1609.0,1560.0,1501.0,1443.0,1394.0,1355.0,1316.0,1306.0</WaveformData>
            <WaveformData ID="3289908" Label="ABP" UOM="mmHg" Cal="30,60,307,3378" SampleRate="125" SamplePeriodInMsec="1000" Samples="125">48.1,51.7,54.7,56.6,57.3,56.8,55.4,53.3,51.1,48.9,47.2,46.1,45.4,45.2,45.2,45.3,45.4,45.5,45.4,45.4,45.2,44.9,44.6,44.2,43.8,43.4,42.9,42.5,42.1,41.8,41.5,41.2,41.0,40.9,40.7,40.5,40.3,40.1,39.9,39.6,39.4,39.1,38.9,38.6,38.4,38.1,37.8,37.6,37.5,37.7,38.6,40.4,43.3,47.1,51.0,54.5,57.1,58.6,58.9,58.1,56.3,54.1,51.7,49.8,48.1,46.8,46.0,45.7,45.7,45.9,46.0,46.1,46.1,45.9,45.7,45.4,45.1,44.6,44.1,43.6,43.1,42.6,42.2,41.8,41.6,41.3,41.1,40.9,40.7,40.6,40.4,40.1,39.8,39.6,39.3,38.9,38.7,38.4,38.1,37.9,37.6,37.4,37.4,37.7,38.7,40.7,43.8,47.6,51.4,54.7,57.0,58.3,58.3,57.2,55.3,52.9,50.6,48.5,47.0,46.0,45.5,45.3,45.4,45.5,45.7</WaveformData>
            <WaveformData ID="4214108" Label="Unk lbl 4214108" UOM="Uncalib" Cal="0,0,0,0" SampleRate="125" SamplePeriodInMsec="1000" Samples="125">1715,1740,1766,1817,1881,1958,2048,2124,2214,2291,2368,2432,2483,2521,2534,2547,2534,2508,2483,2444,2406,2355,2316,2265,2227,2188,2137,2099,2060,2035,1984,1945,1894,1856,1804,1753,1715,1664,1612,1574,1523,1484,1446,1395,1356,1331,1292,1254,1228,1203,1190,1177,1177,1177,1203,1254,1305,1382,1459,1561,1664,1779,1881,1984,2073,2150,2227,2265,2304,2316,2316,2316,2291,2252,2227,2188,2150,2112,2073,2048,2009,1971,1932,1894,1856,1817,1779,1740,1702,1664,1625,1587,1561,1523,1497,1459,1433,1420,1395,1369,1356,1344,1331,1331,1318,1331,1356,1382,1433,1497,1587,1689,1804,1920,2035,2137,2252,2368,2470,2560,2624,2675,2700,2713,2713</WaveformData>
      </Waveforms>
      <VitalSigns CollectionTime="12/21/2017 1:53:02 PM" CollectionTimeUTC="1513885982">
            <VitalSign>
                  <Parameter>HR</Parameter>
                  <BpChannel />
                  <Time>12/21/2017 1:53:02 PM</Time>
                  <TimeUTC>1513885982</TimeUTC>
                  <Value UOM="Bpm" Q="">140</Value>
                  <AlarmLimitLow />
                  <AlarmLimitHigh />
            </VitalSign>
            <VitalSign>
                  <Parameter>NBP-S</Parameter>
                  <BpChannel />
                  <Time>12/21/2017 8:23:00 PM</Time>
                  <TimeUTC>1513909380</TimeUTC>
                  <Value UOM="mmHg" Q="">NODATA</Value>
                  <AlarmLimitLow />
                  <AlarmLimitHigh />
            </VitalSign>
            <VitalSign>
                  <Parameter>NBP-D</Parameter>
                  <BpChannel />
                  <Time>12/21/2017 8:23:00 PM</Time>
                  <TimeUTC>1513909380</TimeUTC>
                  <Value UOM="mmHg" Q="">NODATA</Value>
                  <AlarmLimitLow />
                  <AlarmLimitHigh />
            </VitalSign>
            <VitalSign>
                  <Parameter>NBP-M</Parameter>
                  <BpChannel />
                  <Time>12/21/2017 8:23:00 PM</Time>
                  <TimeUTC>1513909380</TimeUTC>
                  <Value UOM="mmHg" Q="">NODATA</Value>
                  <AlarmLimitLow />
                  <AlarmLimitHigh />
            </VitalSign>
            <VitalSign>
                  <Parameter>PVC</Parameter>
                  <BpChannel />
                  <Time>12/21/2017 1:53:02 PM</Time>
                  <TimeUTC>1513885982</TimeUTC>
                  <Value UOM="Bpm" Q="">0</Value>
                  <AlarmLimitLow />
                  <AlarmLimitHigh />
            </VitalSign>
            <VitalSign>
                  <Parameter>RHY</Parameter>
                  <BpChannel />
                  <Time>12/21/2017 1:53:02 PM</Time>
                  <TimeUTC>1513885982</TimeUTC>
                  <Value UOM="" Q="">SINUS RHYTHM</Value>
                  <AlarmLimitLow />
                  <AlarmLimitHigh />
            </VitalSign>
            <VitalSign>
                  <Parameter>ECT</Parameter>
                  <BpChannel />
                  <Time>12/21/2017 1:53:02 PM</Time>
                  <TimeUTC>1513885982</TimeUTC>
                  <Value UOM="" Q="" />
                  <AlarmLimitLow />
                  <AlarmLimitHigh />
            </VitalSign>
            <VitalSign>
                  <Parameter>RESP</Parameter>
                  <BpChannel />
                  <Time>12/21/2017 1:53:02 PM</Time>
                  <TimeUTC>1513885982</TimeUTC>
                  <Value UOM="BrMin" Q="">40</Value>
                  <AlarmLimitLow />
                  <AlarmLimitHigh />
            </VitalSign>
            <VitalSign>
                  <Parameter>SPO2</Parameter>
                  <BpChannel />
                  <Time>12/21/2017 1:53:02 PM</Time>
                  <TimeUTC>1513885982</TimeUTC>
                  <Value UOM="%" Q="">100</Value>
                  <AlarmLimitLow />
                  <AlarmLimitHigh />
            </VitalSign>
            <VitalSign>
                  <Parameter>PULSE</Parameter>
                  <BpChannel />
                  <Time>12/21/2017 1:53:02 PM</Time>
                  <TimeUTC>1513885982</TimeUTC>
                  <Value UOM="BPM" Q="">140</Value>
                  <AlarmLimitLow />
                  <AlarmLimitHigh />
            </VitalSign>
            <VitalSign>
                  <Parameter>ABP-S</Parameter>
                  <BpChannel />
                  <Time>12/21/2017 1:53:02 PM</Time>
                  <TimeUTC>1513885982</TimeUTC>
                  <Value UOM="mmHg" Q="">58</Value>
                  <AlarmLimitLow />
                  <AlarmLimitHigh />
            </VitalSign>
            <VitalSign>
                  <Parameter>ABP-D</Parameter>
                  <BpChannel />
                  <Time>12/21/2017 1:53:02 PM</Time>
                  <TimeUTC>1513885982</TimeUTC>
                  <Value UOM="mmHg" Q="">38</Value>
                  <AlarmLimitLow />
                  <AlarmLimitHigh />
            </VitalSign>
            <VitalSign>
                  <Parameter>ABP-M</Parameter>
                  <BpChannel />
                  <Time>12/21/2017 1:53:02 PM</Time>
                  <TimeUTC>1513885982</TimeUTC>
                  <Value UOM="mmHg" Q="">45</Value>
                  <AlarmLimitLow />
                  <AlarmLimitHigh />
            </VitalSign>
      </VitalSigns>
      <Alarms />
      <ImportedData />
      <Waveforms CollectionTime="12/21/2017 1:53:03 PM" CollectionTimeUTC="1513885983" TTX="" DisplayOrder="">
            <WaveformData ID="3230796" Label="RESP" UOM="Ohms" Cal="0,1,1230,2867" SampleRate="125" SamplePeriodInMsec="1000" Samples="125">-0.1,-0.1,-0.1,-0.1,-0.1,-0.1,-0.1,-0.1,-0.1,-0.1,-0.1,-0.1,-0.1,-0.1,-0.1,-0.1,-0.1,-0.1,-0.1,-0.1,-0.1,-0.1,-0.1,-0.1,-0.1,-0.1,-0.1,-0.1,-0.1,-0.1,-0.1,-0.1,-0.1,-0.1,-0.1,-0.1,-0.1,-0.1,-0.1,-0.1,-0.1,-0.1,-0.1,-0.1,-0.1,-0.2,-0.2,-0.2,-0.2,-0.2,-0.2,-0.2,-0.2,-0.2,-0.2,-0.2,-0.2,-0.2,-0.2,-0.2,-0.1,-0.1,-0.1,-0.1,-0.1,-0.1,-0.1,-0.1,0.0,0.0,0.0,0.0,0.1,0.1,0.2,0.2,0.2,0.3,0.3,0.4,0.4,0.4,0.5,0.5,0.6,0.6,0.6,0.7,0.7,0.7,0.7,0.8,0.8,0.8,0.8,0.9,0.9,0.9,0.9,0.9,0.9,0.9,0.9,0.9,0.9,0.9,0.9,0.9,0.9,0.9,0.9,0.9,0.9,0.9,0.9,0.9,0.9,0.9,0.9,0.9,0.9,0.8,0.8,0.8,0.8</WaveformData>
            <WaveformData ID="4487318" Label="II" UOM="mV" Cal="0,1,1023,3071" SampleRate="125" SamplePeriodInMsec="1000" Samples="125">0.545,0.55,0.56,0.575,0.58,0.56,0.72,1.34,1.5,1.34,0.565,0.42,0.625,0.705,0.715,0.725,0.73,0.735,0.735,0.74,0.745,0.755,0.765,0.775,0.795,0.825,0.86,0.895,0.93,0.96,0.98,0.99,0.995,0.97,0.935,0.9,0.855,0.815,0.77,0.725,0.685,0.645,0.61,0.575,0.56,0.59,0.655,0.715,0.73,0.65,0.565,0.52,0.52,0.52,0.525,0.53,0.54,0.545,0.535,0.52,0.88,1.5,1.5,0.93,0.34,0.335,0.585,0.615,0.62,0.625,0.625,0.625,0.625,0.62,0.62,0.625,0.635,0.65,0.675,0.7,0.73,0.76,0.785,0.805,0.815,0.82,0.8,0.775,0.74,0.69,0.64,0.595,0.55,0.505,0.465,0.425,0.39,0.365,0.37,0.41,0.49,0.555,0.56,0.475,0.405,0.385,0.39,0.4,0.41,0.425,0.45,0.465,0.45,0.53,1.04,1.5,1.46,0.64,0.345,0.51,0.635,0.655,0.665,0.68,0.695</WaveformData>
            <WaveformData ID="4214093" Label="SPO2" UOM="Uncalib" Cal="0,0,0,0" SampleRate="125" SamplePeriodInMsec="1000" Samples="125">1306.0,1326.0,1394.0,1462.0,1570.0,1697.0,1823.0,1970.0,2106.0,2243.0,2369.0,2477.0,2564.0,2623.0,2672.0,2681.0,2691.0,2681.0,2672.0,2642.0,2623.0,2594.0,2574.0,2555.0,2535.0,2506.0,2486.0,2457.0,2428.0,2389.0,2350.0,2311.0,2272.0,2223.0,2174.0,2126.0,2077.0,2028.0,1979.0,1921.0,1872.0,1814.0,1765.0,1706.0,1648.0,1589.0,1531.0,1472.0,1414.0,1355.0,1306.0,1277.0,1248.0,1248.0,1267.0,1316.0,1394.0,1482.0,1599.0,1736.0,1882.0,2028.0,2165.0,2291.0,2408.0,2516.0,2574.0,2633.0,2662.0,2662.0,2662.0,2642.0,2623.0,2603.0,2574.0,2545.0,2525.0,2496.0,2467.0,2438.0,2408.0,2369.0,2330.0,2291.0,2243.0,2194.0,2145.0,2087.0,2048.0,1989.0,1931.0,1882.0,1823.0,1775.0,1716.0,1658.0,1609.0,1550.0,1501.0,1443.0,1384.0,1336.0,1287.0,1238.0,1209.0,1189.0,1189.0,1228.0,1277.0,1365.0,1482.0,1609.0,1765.0,1921.0,2087.0,2252.0,2408.0,2545.0,2672.0,2769.0,2837.0,2896.0,2925.0,2945.0,2954.0</WaveformData>
            <WaveformData ID="3289908" Label="ABP" UOM="mmHg" Cal="30,60,307,3378" SampleRate="125" SamplePeriodInMsec="1000" Samples="125">45.7,45.7,45.6,45.4,45.1,44.7,44.2,43.7,43.2,42.7,42.3,41.9,41.6,41.3,41.1,40.8,40.7,40.5,40.4,40.2,40.0,39.7,39.4,39.0,38.7,38.4,38.1,37.8,37.6,37.3,37.2,37.3,37.8,39.1,41.4,44.6,48.4,52.1,55.3,57.3,58.3,58.1,56.7,54.7,52.3,50.1,48.2,46.8,46.0,45.7,45.7,45.8,46.0,46.1,46.1,46.1,45.9,45.7,45.4,45.1,44.8,44.3,43.9,43.5,43.1,42.7,42.4,42.2,42.0,41.9,41.7,41.5,41.4,41.2,40.9,40.7,40.4,40.2,39.9,39.7,39.4,39.1,38.8,38.6,38.4,38.7,39.7,41.8,44.9,49.1,53.3,57.0,59.7,61.4,61.7,60.8,58.9,56.6,54.1,51.8,50.0,48.7,47.9,47.4,47.3,47.3,47.4,47.4,47.4,47.3,47.1,46.7,46.3,45.9,45.5,45.0,44.4,43.9,43.5,43.1,42.7,42.4,42.1,41.9,41.8</WaveformData>
            <WaveformData ID="4214108" Label="Unk lbl 4214108" UOM="Uncalib" Cal="0,0,0,0" SampleRate="125" SamplePeriodInMsec="1000" Samples="125">2700,2688,2662,2624,2598,2560,2534,2496,2470,2444,2419,2380,2355,2316,2291,2252,2214,2176,2137,2099,2048,2022,1971,1932,1881,1843,1804,1753,1715,1676,1651,1612,1587,1561,1548,1548,1561,1587,1625,1689,1766,1856,1945,2048,2150,2252,2342,2432,2496,2547,2585,2598,2598,2585,2572,2534,2496,2457,2419,2380,2342,2304,2252,2214,2176,2137,2099,2060,2035,1984,1945,1907,1856,1817,1766,1728,1689,1638,1600,1561,1523,1484,1459,1420,1395,1369,1356,1344,1344,1356,1395,1433,1497,1561,1664,1753,1868,1984,2086,2188,2291,2380,2444,2496,2534,2547,2547,2534,2521,2483,2444,2406,2368,2316,2278,2240,2188,2150,2112,2073,2035,1996,1958,1920,1881</WaveformData>
      </Waveforms>
      <VitalSigns CollectionTime="12/21/2017 1:53:03 PM" CollectionTimeUTC="1513885983">
            <VitalSign>
                  <Parameter>HR</Parameter>
                  <BpChannel />
                  <Time>12/21/2017 1:53:03 PM</Time>
                  <TimeUTC>1513885983</TimeUTC>
                  <Value UOM="Bpm" Q="">140</Value>
                  <AlarmLimitLow />
                  <AlarmLimitHigh />
            </VitalSign>
            <VitalSign>
                  <Parameter>NBP-S</Parameter>
                  <BpChannel />
                  <Time>12/21/2017 8:23:00 PM</Time>
                  <TimeUTC>1513909380</TimeUTC>
                  <Value UOM="mmHg" Q="">NODATA</Value>
                  <AlarmLimitLow />
                  <AlarmLimitHigh />
            </VitalSign>
            <VitalSign>
                  <Parameter>NBP-D</Parameter>
                  <BpChannel />
                  <Time>12/21/2017 8:23:00 PM</Time>
                  <TimeUTC>1513909380</TimeUTC>
                  <Value UOM="mmHg" Q="">NODATA</Value>
                  <AlarmLimitLow />
                  <AlarmLimitHigh />
            </VitalSign>
            <VitalSign>
                  <Parameter>NBP-M</Parameter>
                  <BpChannel />
                  <Time>12/21/2017 8:23:00 PM</Time>
                  <TimeUTC>1513909380</TimeUTC>
                  <Value UOM="mmHg" Q="">NODATA</Value>
                  <AlarmLimitLow />
                  <AlarmLimitHigh />
            </VitalSign>
            <VitalSign>
                  <Parameter>PVC</Parameter>
                  <BpChannel />
                  <Time>12/21/2017 1:53:03 PM</Time>
                  <TimeUTC>1513885983</TimeUTC>
                  <Value UOM="Bpm" Q="">0</Value>
                  <AlarmLimitLow />
                  <AlarmLimitHigh />
            </VitalSign>
            <VitalSign>
                  <Parameter>RHY</Parameter>
                  <BpChannel />
                  <Time>12/21/2017 1:53:03 PM</Time>
                  <TimeUTC>1513885983</TimeUTC>
                  <Value UOM="" Q="">SINUS RHYTHM</Value>
                  <AlarmLimitLow />
                  <AlarmLimitHigh />
            </VitalSign>
            <VitalSign>
                  <Parameter>ECT</Parameter>
                  <BpChannel />
                  <Time>12/21/2017 1:53:03 PM</Time>
                  <TimeUTC>1513885983</TimeUTC>
                  <Value UOM="" Q="" />
                  <AlarmLimitLow />
                  <AlarmLimitHigh />
            </VitalSign>
            <VitalSign>
                  <Parameter>RESP</Parameter>
                  <BpChannel />
                  <Time>12/21/2017 1:53:03 PM</Time>
                  <TimeUTC>1513885983</TimeUTC>
                  <Value UOM="BrMin" Q="">41</Value>
                  <AlarmLimitLow />
                  <AlarmLimitHigh />
            </VitalSign>
            <VitalSign>
                  <Parameter>SPO2</Parameter>
                  <BpChannel />
                  <Time>12/21/2017 1:53:03 PM</Time>
                  <TimeUTC>1513885983</TimeUTC>
                  <Value UOM="%" Q="">100</Value>
                  <AlarmLimitLow />
                  <AlarmLimitHigh />
            </VitalSign>
            <VitalSign>
                  <Parameter>PULSE</Parameter>
                  <BpChannel />
                  <Time>12/21/2017 1:53:03 PM</Time>
                  <TimeUTC>1513885983</TimeUTC>
                  <Value UOM="BPM" Q="">140</Value>
                  <AlarmLimitLow />
                  <AlarmLimitHigh />
            </VitalSign>
            <VitalSign>
                  <Parameter>ABP-S</Parameter>
                  <BpChannel />
                  <Time>12/21/2017 1:53:03 PM</Time>
                  <TimeUTC>1513885983</TimeUTC>
                  <Value UOM="mmHg" Q="">58</Value>
                  <AlarmLimitLow />
                  <AlarmLimitHigh />
            </VitalSign>
            <VitalSign>
                  <Parameter>ABP-D</Parameter>
                  <BpChannel />
                  <Time>12/21/2017 1:53:03 PM</Time>
                  <TimeUTC>1513885983</TimeUTC>
                  <Value UOM="mmHg" Q="">38</Value>
                  <AlarmLimitLow />
                  <AlarmLimitHigh />
            </VitalSign>
            <VitalSign>
                  <Parameter>ABP-M</Parameter>
                  <BpChannel />
                  <Time>12/21/2017 1:53:03 PM</Time>
                  <TimeUTC>1513885983</TimeUTC>
                  <Value UOM="mmHg" Q="">45</Value>
                  <AlarmLimitLow />
                  <AlarmLimitHigh />
            </VitalSign>
      </VitalSigns>
      <Alarms />
      <ImportedData />
      <Waveforms CollectionTime="12/21/2017 1:53:04 PM" CollectionTimeUTC="1513885984" TTX="" DisplayOrder="">
            <WaveformData ID="3230796" Label="RESP" UOM="Ohms" Cal="0,1,1230,2867" SampleRate="125" SamplePeriodInMsec="1000" Samples="125">0.8,0.7,0.7,0.7,0.7,0.6,0.6,0.6,0.5,0.5,0.5,0.4,0.4,0.4,0.3,0.3,0.3,0.3,0.2,0.2,0.2,0.2,0.1,0.1,0.1,0.1,0.1,0.0,0.0,0.0,0.0,0.0,0.0,-0.1,-0.1,-0.1,-0.1,-0.1,-0.1,-0.1,-0.1,-0.1,-0.1,-0.1,-0.1,-0.1,-0.1,-0.1,-0.1,-0.1,-0.1,-0.1,-0.1,-0.1,-0.1,-0.1,-0.1,-0.1,-0.1,-0.1,-0.1,-0.1,-0.1,-0.2,-0.2,-0.2,-0.2,-0.2,-0.2,-0.2,-0.2,-0.2,-0.2,-0.2,-0.2,-0.2,-0.2,-0.2,-0.2,-0.2,-0.2,-0.2,-0.2,-0.2,-0.2,-0.2,-0.2,-0.2,-0.2,-0.2,-0.2,-0.2,-0.2,-0.2,-0.2,-0.2,-0.2,-0.2,-0.2,-0.1,-0.1,-0.1,-0.1,-0.1,-0.1,0.0,0.0,0.0,0.1,0.1,0.2,0.2,0.2,0.3,0.3,0.4,0.4,0.4,0.5,0.5,0.6,0.6,0.6,0.7,0.7</WaveformData>
            <WaveformData ID="4487318" Label="II" UOM="mV" Cal="0,1,1023,3071" SampleRate="125" SamplePeriodInMsec="1000" Samples="125">0.71,0.72,0.73,0.74,0.76,0.78,0.805,0.84,0.88,0.915,0.955,0.99,1.015,1.03,1.035,1.01,0.985,0.945,0.9,0.86,0.815,0.77,0.72,0.675,0.635,0.605,0.58,0.59,0.64,0.715,0.755,0.725,0.65,0.585,0.565,0.57,0.575,0.585,0.595,0.605,0.615,0.59,0.69,1.245,1.5,1.5,0.685,0.45,0.625,0.725,0.74,0.745,0.755,0.76,0.765,0.765,0.77,0.775,0.785,0.805,0.825,0.855,0.89,0.925,0.96,0.99,1.01,1.025,1.02,1,0.97,0.93,0.89,0.845,0.805,0.76,0.715,0.675,0.635,0.6,0.575,0.595,0.645,0.715,0.74,0.69,0.605,0.55,0.535,0.535,0.535,0.535,0.545,0.55,0.555,0.53,0.75,1.445,1.5,1.165,0.415,0.33,0.56,0.61,0.615,0.62,0.625,0.625,0.62,0.62,0.62,0.62,0.625,0.64,0.66,0.69,0.72,0.75,0.77,0.79,0.81,0.815,0.805,0.78,0.75</WaveformData>
            <WaveformData ID="4214093" Label="SPO2" UOM="Uncalib" Cal="0,0,0,0" SampleRate="125" SamplePeriodInMsec="1000" Samples="125">2945.0,2945.0,2935.0,2925.0,2915.0,2906.0,2886.0,2876.0,2857.0,2837.0,2808.0,2779.0,2750.0,2711.0,2672.0,2623.0,2584.0,2616.0,2559.0,2503.0,2434.0,2377.0,2309.0,2252.0,2184.0,2116.0,2048.0,1991.0,1922.0,1843.0,1775.0,1718.0,1649.0,1604.0,1581.0,1570.0,1593.0,1627.0,1706.0,1797.0,1911.0,2048.0,2173.0,2309.0,2434.0,2548.0,2639.0,2719.0,2764.0,2787.0,2798.0,2787.0,2764.0,2730.0,2696.0,2662.0,2628.0,2594.0,2559.0,2525.0,2480.0,2446.0,2400.0,2355.0,2309.0,2264.0,2207.0,2150.0,2093.0,2036.0,1979.0,1922.0,1854.0,1797.0,1729.0,1661.0,1604.0,1524.0,1456.0,1388.0,1320.0,1240.0,1172.0,1092.0,1024.0,967.0,910.0,887.0,876.0,887.0,944.0,1012.0,1126.0,1251.0,1399.0,1570.0,1740.0,1911.0,2059.0,2195.0,2309.0,2400.0,2468.0,2503.0,2514.0,2503.0,2491.0,2457.0,2423.0,2389.0,2366.0,2332.0,2298.0,2264.0,2230.0,2195.0,2161.0,2116.0,2070.0,2036.0,1979.0,1922.0,1866.0,1809.0,1752.0</WaveformData>
            <WaveformData ID="3289908" Label="ABP" UOM="mmHg" Cal="30,60,307,3378" SampleRate="125" SamplePeriodInMsec="1000" Samples="125">41.5,41.3,41.0,40.7,40.4,40.2,39.9,39.6,39.4,39.1,38.7,38.4,38.2,38.1,38.4,39.3,40.9,43.6,47.1,50.6,53.8,56.0,57.0,56.8,55.6,53.6,51.2,49.1,47.3,45.9,45.2,44.9,44.8,44.9,45.0,45.1,45.1,45.0,44.9,44.6,44.2,43.9,43.4,43.0,42.6,42.1,41.7,41.4,41.1,40.7,40.5,40.3,40.1,39.9,39.8,39.6,39.4,39.1,38.9,38.6,38.3,38.0,37.7,37.5,37.2,36.9,36.8,36.9,37.2,38.2,40.2,43.2,46.8,50.6,53.8,56.1,57.2,57.2,56.0,54.1,51.7,49.4,47.4,46.1,45.2,45.0,45.0,45.2,45.4,45.5,45.6,45.5,45.4,45.1,44.8,44.5,44.1,43.7,43.2,42.9,42.5,42.2,41.9,41.7,41.5,41.3,41.1,41.0,40.9,40.7,40.4,40.2,39.9,39.7,39.4,39.2,38.9,38.7,38.4,38.2,38.1,38.2,38.9,40.6,43.6</WaveformData>
            <WaveformData ID="4214108" Label="Unk lbl 4214108" UOM="Uncalib" Cal="0,0,0,0" SampleRate="125" SamplePeriodInMsec="1000" Samples="125">1843,1804,1766,1740,1702,1676,1664,1638,1625,1612,1600,1587,1574,1574,1574,1574,1587,1612,1651,1702,1766,1856,1958,2048,2176,2304,2432,2560,2688,2803,2892,2969,3033,3072,3097,3110,3110,3097,3084,3072,3046,3033,3008,2982,2956,2918,2880,2828,2777,2726,2675,2611,2560,2496,2444,2393,2329,2355,2286,2218,2150,2082,2048,1979,1928,1860,1809,1757,1706,1672,1638,1621,1621,1638,1689,1740,1826,1911,2031,2116,2235,2355,2457,2542,2611,2662,2679,2696,2679,2645,2611,2559,2491,2440,2372,2321,2252,2201,2150,2082,2048,1996,1928,1877,1809,1757,1689,1638,1570,1519,1450,1382,1331,1263,1211,1160,1109,1058,1007,972,921,887,870,853,853</WaveformData>
      </Waveforms>
      <VitalSigns CollectionTime="12/21/2017 1:53:04 PM" CollectionTimeUTC="1513885984">
            <VitalSign>
                  <Parameter>HR</Parameter>
                  <BpChannel />
                  <Time>12/21/2017 1:53:04 PM</Time>
                  <TimeUTC>1513885984</TimeUTC>
                  <Value UOM="Bpm" Q="">140</Value>
                  <AlarmLimitLow />
                  <AlarmLimitHigh />
            </VitalSign>
            <VitalSign>
                  <Parameter>NBP-S</Parameter>
                  <BpChannel />
                  <Time>12/21/2017 8:23:00 PM</Time>
                  <TimeUTC>1513909380</TimeUTC>
                  <Value UOM="mmHg" Q="">NODATA</Value>
                  <AlarmLimitLow />
                  <AlarmLimitHigh />
            </VitalSign>
            <VitalSign>
                  <Parameter>NBP-D</Parameter>
                  <BpChannel />
                  <Time>12/21/2017 8:23:00 PM</Time>
                  <TimeUTC>1513909380</TimeUTC>
                  <Value UOM="mmHg" Q="">NODATA</Value>
                  <AlarmLimitLow />
                  <AlarmLimitHigh />
            </VitalSign>
            <VitalSign>
                  <Parameter>NBP-M</Parameter>
                  <BpChannel />
                  <Time>12/21/2017 8:23:00 PM</Time>
                  <TimeUTC>1513909380</TimeUTC>
                  <Value UOM="mmHg" Q="">NODATA</Value>
                  <AlarmLimitLow />
                  <AlarmLimitHigh />
            </VitalSign>
            <VitalSign>
                  <Parameter>PVC</Parameter>
                  <BpChannel />
                  <Time>12/21/2017 1:53:04 PM</Time>
                  <TimeUTC>1513885984</TimeUTC>
                  <Value UOM="Bpm" Q="">0</Value>
                  <AlarmLimitLow />
                  <AlarmLimitHigh />
            </VitalSign>
            <VitalSign>
                  <Parameter>RHY</Parameter>
                  <BpChannel />
                  <Time>12/21/2017 1:53:04 PM</Time>
                  <TimeUTC>1513885984</TimeUTC>
                  <Value UOM="" Q="">SINUS RHYTHM</Value>
                  <AlarmLimitLow />
                  <AlarmLimitHigh />
            </VitalSign>
            <VitalSign>
                  <Parameter>ECT</Parameter>
                  <BpChannel />
                  <Time>12/21/2017 1:53:04 PM</Time>
                  <TimeUTC>1513885984</TimeUTC>
                  <Value UOM="" Q="" />
                  <AlarmLimitLow />
                  <AlarmLimitHigh />
            </VitalSign>
            <VitalSign>
                  <Parameter>RESP</Parameter>
                  <BpChannel />
                  <Time>12/21/2017 1:53:04 PM</Time>
                  <TimeUTC>1513885984</TimeUTC>
                  <Value UOM="BrMin" Q="">41</Value>
                  <AlarmLimitLow />
                  <AlarmLimitHigh />
            </VitalSign>
            <VitalSign>
                  <Parameter>SPO2</Parameter>
                  <BpChannel />
                  <Time>12/21/2017 1:53:04 PM</Time>
                  <TimeUTC>1513885984</TimeUTC>
                  <Value UOM="%" Q="">100</Value>
                  <AlarmLimitLow />
                  <AlarmLimitHigh />
            </VitalSign>
            <VitalSign>
                  <Parameter>PULSE</Parameter>
                  <BpChannel />
                  <Time>12/21/2017 1:53:04 PM</Time>
                  <TimeUTC>1513885984</TimeUTC>
                  <Value UOM="BPM" Q="">140</Value>
                  <AlarmLimitLow />
                  <AlarmLimitHigh />
            </VitalSign>
            <VitalSign>
                  <Parameter>ABP-S</Parameter>
                  <BpChannel />
                  <Time>12/21/2017 1:53:04 PM</Time>
                  <TimeUTC>1513885984</TimeUTC>
                  <Value UOM="mmHg" Q="">58</Value>
                  <AlarmLimitLow />
                  <AlarmLimitHigh />
            </VitalSign>
            <VitalSign>
                  <Parameter>ABP-D</Parameter>
                  <BpChannel />
                  <Time>12/21/2017 1:53:04 PM</Time>
                  <TimeUTC>1513885984</TimeUTC>
                  <Value UOM="mmHg" Q="">38</Value>
                  <AlarmLimitLow />
                  <AlarmLimitHigh />
            </VitalSign>
            <VitalSign>
                  <Parameter>ABP-M</Parameter>
                  <BpChannel />
                  <Time>12/21/2017 1:53:04 PM</Time>
                  <TimeUTC>1513885984</TimeUTC>
                  <Value UOM="mmHg" Q="">45</Value>
                  <AlarmLimitLow />
                  <AlarmLimitHigh />
            </VitalSign>
      </VitalSigns>
      <Alarms />
      <ImportedData />
      <Waveforms CollectionTime="12/21/2017 1:53:05 PM" CollectionTimeUTC="1513885985" TTX="" DisplayOrder="">
            <WaveformData ID="3230796" Label="RESP" UOM="Ohms" Cal="0,1,1230,2867" SampleRate="125" SamplePeriodInMsec="1000" Samples="125">0.7,0.7,0.8,0.8,0.8,0.8,0.8,0.9,0.9,0.9,0.9,0.9,0.9,0.9,0.9,0.9,0.9,0.9,0.9,0.9,0.9,0.9,0.9,0.9,0.9,0.9,0.9,0.9,0.9,0.9,0.8,0.8,0.8,0.8,0.8,0.8,0.7,0.7,0.7,0.7,0.6,0.6,0.6,0.5,0.5,0.5,0.4,0.4,0.4,0.3,0.3,0.3,0.3,0.2,0.2,0.2,0.2,0.1,0.1,0.1,0.1,0.1,0.0,0.0,0.0,0.0,0.0,0.0,-0.1,-0.1,-0.1,-0.1,-0.1,-0.1,-0.1,-0.1,-0.1,-0.1,-0.1,-0.1,-0.1,-0.2,-0.2,-0.2,-0.2,-0.2,-0.2,-0.2,-0.2,-0.2,-0.2,-0.2,-0.2,-0.2,-0.2,-0.2,-0.2,-0.2,-0.2,-0.2,-0.2,-0.2,-0.2,-0.2,-0.2,-0.2,-0.2,-0.2,-0.2,-0.2,-0.2,-0.2,-0.2,-0.2,-0.2,-0.2,-0.2,-0.2,-0.2,-0.2,-0.2,-0.2,-0.2,-0.2,-0.2</WaveformData>
            <WaveformData ID="4487318" Label="II" UOM="mV" Cal="0,1,1023,3071" SampleRate="125" SamplePeriodInMsec="1000" Samples="125">0.7,0.65,0.605,0.56,0.52,0.48,0.44,0.41,0.38,0.37,0.4,0.47,0.545,0.565,0.51,0.44,0.4,0.4,0.41,0.42,0.435,0.455,0.475,0.485,0.47,0.81,1.5,1.5,0.94,0.38,0.365,0.63,0.675,0.69,0.7,0.715,0.73,0.74,0.75,0.76,0.77,0.79,0.815,0.85,0.885,0.925,0.965,1,1.025,1.04,1.045,1.04,1.015,0.98,0.935,0.895,0.85,0.805,0.76,0.715,0.675,0.635,0.605,0.6,0.63,0.7,0.765,0.77,0.695,0.62,0.58,0.585,0.59,0.595,0.605,0.62,0.63,0.615,0.605,0.985,1.5,1.5,1.005,0.47,0.56,0.725,0.76,0.76,0.765,0.77,0.775,0.78,0.785,0.795,0.805,0.815,0.83,0.86,0.89,0.92,0.955,0.99,1.02,1.04,1.045,1.03,1.005,0.97,0.93,0.885,0.84,0.795,0.75,0.705,0.665,0.625,0.595,0.6,0.635,0.705,0.76,0.765,0.67,0.595,0.56</WaveformData>
            <WaveformData ID="4214093" Label="SPO2" UOM="Uncalib" Cal="0,0,0,0" SampleRate="125" SamplePeriodInMsec="1000" Samples="125">1763.0,1718.0,1661.0,1593.0,1536.0,1467.0,1411.0,1354.0,1285.0,1229.0,1160.0,1149.0,1160.0,1092.0,1035.0,978.0,1044.0,1003.0,993.0,1003.0,1034.0,1106.0,1187.0,1310.0,1464.0,1618.0,1812.0,1996.0,2181.0,2355.0,2529.0,2662.0,2785.0,2877.0,2949.0,3000.0,3020.0,3031.0,3041.0,3031.0,3020.0,3010.0,3000.0,2979.0,2969.0,2949.0,2928.0,2897.0,2877.0,2836.0,2805.0,2764.0,2723.0,2672.0,2621.0,2570.0,2519.0,2467.0,2406.0,2355.0,2293.0,2242.0,2181.0,2119.0,2058.0,2007.0,1945.0,1874.0,1812.0,1751.0,1699.0,1648.0,1607.0,1587.0,1587.0,1618.0,1658.0,1740.0,1833.0,1945.0,2058.0,2191.0,2314.0,2426.0,2539.0,2621.0,2682.0,2723.0,2744.0,2754.0,2734.0,2713.0,2682.0,2652.0,2611.0,2580.0,2539.0,2508.0,2478.0,2437.0,2406.0,2365.0,2324.0,2273.0,2232.0,2181.0,2129.0,2068.0,2027.0,1966.0,1914.0,1853.0,1792.0,1740.0,1679.0,1618.0,1556.0,1495.0,1433.0,1372.0,1310.0,1249.0,1187.0,1136.0,1085.0</WaveformData>
            <WaveformData ID="3289908" Label="ABP" UOM="mmHg" Cal="30,60,307,3378" SampleRate="125" SamplePeriodInMsec="1000" Samples="125">47.5,51.7,55.7,58.7,60.6,61.3,60.6,59.0,56.7,54.3,51.9,49.9,48.4,47.4,46.9,46.7,46.7,46.9,46.9,46.9,46.9,46.6,46.4,46.1,45.7,45.2,44.8,44.2,43.7,43.2,42.8,42.4,42.1,41.8,41.6,41.4,41.2,41.1,40.8,40.6,40.2,39.9,39.6,39.3,39.0,38.7,38.5,38.2,38.0,37.8,37.9,38.5,39.9,42.2,45.4,49.1,52.6,55.2,56.7,57.1,56.3,54.6,52.4,50.1,47.9,46.4,45.4,44.9,44.6,44.6,44.7,44.8,44.9,44.8,44.7,44.5,44.2,43.9,43.5,43.1,42.6,42.2,41.8,41.4,41.1,40.7,40.4,40.2,40.1,39.9,39.7,39.6,39.4,39.1,38.8,38.6,38.2,38.0,37.7,37.4,37.2,36.9,36.7,36.6,36.8,37.4,39.0,41.6,45.0,48.8,52.4,55.1,56.7,57.1,56.4,54.7,52.5,50.2,48.1,46.6,45.5,44.9,44.8,44.8,44.9</WaveformData>
            <WaveformData ID="4214108" Label="Unk lbl 4214108" UOM="Uncalib" Cal="0,0,0,0" SampleRate="125" SamplePeriodInMsec="1000" Samples="125">853,904,972,1058,1177,1314,1467,1621,1775,1945,2082,2218,2338,2423,2491,2525,2559,2542,2525,2491,2457,2406,2338,2286,2218,2167,2099,2048,2013,1945,1894,1843,1775,1723,1672,1621,1570,1519,1484,1433,1399,1365,1348,1314,1297,1280,1263,1245,1245,1245,1245,1245,1263,1314,1365,1450,1623,1726,1843,1974,2121,2267,2413,2574,2720,2837,2954,3042,3115,3174,3203,3218,3218,3218,3203,3174,3159,3130,3101,3071,3028,2998,2969,2925,2867,2808,2750,2677,2618,2559,2486,2428,2369,2296,2238,2179,2121,2077,2033,1989,1931,1887,1828,1784,1740,1697,1667,1653,1653,1667,1682,1740,1799,1887,1974,2062,2165,2252,2355,2428,2501,2545,2574,2589,2574</WaveformData>
      </Waveforms>
      <VitalSigns CollectionTime="12/21/2017 1:53:05 PM" CollectionTimeUTC="1513885985">
            <VitalSign>
                  <Parameter>HR</Parameter>
                  <BpChannel />
                  <Time>12/21/2017 1:53:05 PM</Time>
                  <TimeUTC>1513885985</TimeUTC>
                  <Value UOM="Bpm" Q="">140</Value>
                  <AlarmLimitLow />
                  <AlarmLimitHigh />
            </VitalSign>
            <VitalSign>
                  <Parameter>NBP-S</Parameter>
                  <BpChannel />
                  <Time>12/21/2017 8:23:00 PM</Time>
                  <TimeUTC>1513909380</TimeUTC>
                  <Value UOM="mmHg" Q="">NODATA</Value>
                  <AlarmLimitLow />
                  <AlarmLimitHigh />
            </VitalSign>
            <VitalSign>
                  <Parameter>NBP-D</Parameter>
                  <BpChannel />
                  <Time>12/21/2017 8:23:00 PM</Time>
                  <TimeUTC>1513909380</TimeUTC>
                  <Value UOM="mmHg" Q="">NODATA</Value>
                  <AlarmLimitLow />
                  <AlarmLimitHigh />
            </VitalSign>
            <VitalSign>
                  <Parameter>NBP-M</Parameter>
                  <BpChannel />
                  <Time>12/21/2017 8:23:00 PM</Time>
                  <TimeUTC>1513909380</TimeUTC>
                  <Value UOM="mmHg" Q="">NODATA</Value>
                  <AlarmLimitLow />
                  <AlarmLimitHigh />
            </VitalSign>
            <VitalSign>
                  <Parameter>PVC</Parameter>
                  <BpChannel />
                  <Time>12/21/2017 1:53:05 PM</Time>
                  <TimeUTC>1513885985</TimeUTC>
                  <Value UOM="Bpm" Q="">0</Value>
                  <AlarmLimitLow />
                  <AlarmLimitHigh />
            </VitalSign>
            <VitalSign>
                  <Parameter>RHY</Parameter>
                  <BpChannel />
                  <Time>12/21/2017 1:53:05 PM</Time>
                  <TimeUTC>1513885985</TimeUTC>
                  <Value UOM="" Q="">SINUS RHYTHM</Value>
                  <AlarmLimitLow />
                  <AlarmLimitHigh />
            </VitalSign>
            <VitalSign>
                  <Parameter>ECT</Parameter>
                  <BpChannel />
                  <Time>12/21/2017 1:53:05 PM</Time>
                  <TimeUTC>1513885985</TimeUTC>
                  <Value UOM="" Q="" />
                  <AlarmLimitLow />
                  <AlarmLimitHigh />
            </VitalSign>
            <VitalSign>
                  <Parameter>RESP</Parameter>
                  <BpChannel />
                  <Time>12/21/2017 1:53:05 PM</Time>
                  <TimeUTC>1513885985</TimeUTC>
                  <Value UOM="BrMin" Q="">41</Value>
                  <AlarmLimitLow />
                  <AlarmLimitHigh />
            </VitalSign>
            <VitalSign>
                  <Parameter>SPO2</Parameter>
                  <BpChannel />
                  <Time>12/21/2017 1:53:05 PM</Time>
                  <TimeUTC>1513885985</TimeUTC>
                  <Value UOM="%" Q="">100</Value>
                  <AlarmLimitLow />
                  <AlarmLimitHigh />
            </VitalSign>
            <VitalSign>
                  <Parameter>PULSE</Parameter>
                  <BpChannel />
                  <Time>12/21/2017 1:53:05 PM</Time>
                  <TimeUTC>1513885985</TimeUTC>
                  <Value UOM="BPM" Q="">140</Value>
                  <AlarmLimitLow />
                  <AlarmLimitHigh />
            </VitalSign>
            <VitalSign>
                  <Parameter>ABP-S</Parameter>
                  <BpChannel />
                  <Time>12/21/2017 1:53:05 PM</Time>
                  <TimeUTC>1513885985</TimeUTC>
                  <Value UOM="mmHg" Q="">57</Value>
                  <AlarmLimitLow />
                  <AlarmLimitHigh />
            </VitalSign>
            <VitalSign>
                  <Parameter>ABP-D</Parameter>
                  <BpChannel />
                  <Time>12/21/2017 1:53:05 PM</Time>
                  <TimeUTC>1513885985</TimeUTC>
                  <Value UOM="mmHg" Q="">38</Value>
                  <AlarmLimitLow />
                  <AlarmLimitHigh />
            </VitalSign>
            <VitalSign>
                  <Parameter>ABP-M</Parameter>
                  <BpChannel />
                  <Time>12/21/2017 1:53:05 PM</Time>
                  <TimeUTC>1513885985</TimeUTC>
                  <Value UOM="mmHg" Q="">44</Value>
                  <AlarmLimitLow />
                  <AlarmLimitHigh />
            </VitalSign>
      </VitalSigns>
      <Alarms />
      <ImportedData />
      <Waveforms CollectionTime="12/21/2017 1:53:06 PM" CollectionTimeUTC="1513885986" TTX="" DisplayOrder="">
            <WaveformData ID="3230796" Label="RESP" UOM="Ohms" Cal="0,1,1230,2867" SampleRate="125" SamplePeriodInMsec="1000" Samples="125">-0.2,-0.2,-0.2,-0.2,-0.2,-0.2,-0.2,-0.2,-0.2,-0.2,-0.2,-0.2,-0.2,-0.2,-0.2,-0.2,-0.2,-0.2,-0.2,-0.2,-0.2,-0.2,-0.2,-0.2,-0.2,-0.2,-0.1,-0.1,-0.1,-0.1,-0.1,-0.1,-0.1,-0.1,-0.1,-0.1,-0.1,-0.1,-0.1,-0.1,-0.1,-0.1,-0.1,-0.1,-0.1,-0.1,-0.1,-0.2,-0.2,-0.2,-0.2,-0.2,-0.2,-0.2,-0.2,-0.2,-0.2,-0.2,-0.2,-0.1,-0.1,-0.1,-0.1,-0.1,-0.1,-0.1,-0.1,0.0,0.0,0.0,0.0,0.1,0.1,0.1,0.2,0.2,0.2,0.3,0.3,0.4,0.4,0.5,0.5,0.5,0.6,0.6,0.7,0.7,0.7,0.7,0.8,0.8,0.8,0.8,0.9,0.9,0.9,0.9,0.9,0.9,0.9,0.9,0.9,0.9,0.9,0.9,0.9,0.9,0.9,0.9,0.9,0.9,0.9,0.9,0.9,0.9,0.9,0.9,0.9,0.9,0.8,0.8,0.8,0.8,0.8</WaveformData>
            <WaveformData ID="4487318" Label="II" UOM="mV" Cal="0,1,1023,3071" SampleRate="125" SamplePeriodInMsec="1000" Samples="125">0.56,0.57,0.58,0.59,0.6,0.61,0.59,0.585,1.07,1.5,1.5,0.86,0.43,0.565,0.71,0.73,0.74,0.745,0.75,0.755,0.76,0.76,0.765,0.77,0.785,0.805,0.83,0.86,0.895,0.93,0.96,0.98,0.995,0.995,0.98,0.955,0.915,0.875,0.835,0.795,0.755,0.71,0.67,0.63,0.595,0.565,0.575,0.625,0.69,0.725,0.69,0.605,0.535,0.51,0.51,0.515,0.515,0.52,0.53,0.535,0.51,0.655,1.285,1.5,1.35,0.51,0.335,0.515,0.595,0.6,0.605,0.615,0.62,0.62,0.615,0.61,0.615,0.62,0.63,0.655,0.68,0.71,0.74,0.765,0.79,0.805,0.815,0.805,0.78,0.745,0.705,0.66,0.615,0.57,0.53,0.49,0.45,0.42,0.4,0.39,0.415,0.48,0.555,0.59,0.54,0.465,0.42,0.415,0.42,0.425,0.44,0.455,0.48,0.49,0.48,0.69,1.34,1.5,1.145,0.455,0.37,0.605,0.665,0.68,0.695</WaveformData>
            <WaveformData ID="4214093" Label="SPO2" UOM="Uncalib" Cal="0,0,0,0" SampleRate="125" SamplePeriodInMsec="1000" Samples="125">1044.0,1024.0,1024.0,1044.0,1095.0,1167.0,1269.0,1392.0,1536.0,1679.0,1833.0,1986.0,2109.0,2232.0,2324.0,2406.0,2457.0,2478.0,2498.0,2448.0,2438.0,2420.0,2401.0,2373.0,2355.0,2336.0,2317.0,2299.0,2271.0,2243.0,2215.0,2187.0,2150.0,2113.0,2075.0,2038.0,2001.0,1955.0,1908.0,1861.0,1815.0,1768.0,1722.0,1666.0,1619.0,1573.0,1517.0,1461.0,1415.0,1359.0,1303.0,1256.0,1210.0,1173.0,1145.0,1145.0,1154.0,1201.0,1256.0,1340.0,1461.0,1582.0,1722.0,1871.0,2020.0,2141.0,2271.0,2373.0,2457.0,2522.0,2559.0,2578.0,2587.0,2578.0,2569.0,2541.0,2522.0,2504.0,2476.0,2457.0,2438.0,2411.0,2383.0,2355.0,2327.0,2290.0,2252.0,2206.0,2159.0,2113.0,2066.0,2029.0,1982.0,1936.0,1880.0,1834.0,1787.0,1731.0,1685.0,1629.0,1582.0,1526.0,1471.0,1415.0,1368.0,1322.0,1294.0,1266.0,1266.0,1284.0,1312.0,1396.0,1489.0,1610.0,1750.0,1908.0,2066.0,2234.0,2401.0,2541.0,2680.0,2792.0,2876.0,2950.0,2997.0</WaveformData>
            <WaveformData ID="3289908" Label="ABP" UOM="mmHg" Cal="30,60,307,3378" SampleRate="125" SamplePeriodInMsec="1000" Samples="125">44.9,45.0,45.0,44.8,44.6,44.2,43.9,43.5,43.1,42.6,42.2,41.8,41.4,41.1,40.8,40.5,40.3,40.1,40.1,39.9,39.7,39.5,39.3,39.0,38.7,38.5,38.2,37.9,37.7,37.4,37.1,36.9,36.9,37.1,38.1,40.0,42.9,46.6,50.4,53.9,56.4,57.9,58.2,57.3,55.6,53.4,51.1,49.1,47.4,46.3,45.7,45.6,45.6,45.8,45.9,46.0,46.0,45.9,45.7,45.5,45.2,44.9,44.6,44.1,43.7,43.3,42.9,42.6,42.3,42.1,41.9,41.7,41.5,41.4,41.2,41.0,40.7,40.4,40.2,39.9,39.6,39.3,39.1,38.8,38.5,38.4,38.4,39.1,40.7,43.6,47.4,51.6,55.6,58.6,60.7,61.7,61.6,60.4,58.3,55.9,53.4,51.2,49.4,48.2,47.6,47.3,47.3,47.4,47.6,47.5,47.4,47.2,46.9,46.6,46.2,45.7,45.3,44.8,44.3,43.9,43.4,43.1,42.7,42.5,42.3</WaveformData>
            <WaveformData ID="4214108" Label="Unk lbl 4214108" UOM="Uncalib" Cal="0,0,0,0" SampleRate="125" SamplePeriodInMsec="1000" Samples="125">2559,2530,2486,2442,2399,2340,2296,2238,2194,2135,2091,2048,2004,1960,1901,1857,1799,1755,1697,1653,1594,1536,1492,1433,1389,1345,1287,1243,1214,1170,1126,1097,1068,1038,1024,1024,1024,1053,1082,1141,1228,1345,1462,1594,1740,1872,2004,2121,2223,2296,2369,2413,2442,2442,2442,2368,2342,2316,2278,2240,2201,2163,2124,2086,2048,2022,1984,1945,1907,1868,1830,1792,1740,1702,1664,1625,1574,1536,1497,1459,1420,1395,1356,1331,1292,1267,1254,1228,1228,1228,1241,1267,1318,1395,1484,1587,1702,1830,1958,2073,2188,2291,2380,2457,2521,2560,2585,2598,2585,2560,2534,2496,2457,2419,2380,2329,2291,2240,2201,2163,2124,2086,2048,2022,1984</WaveformData>
      </Waveforms>
      <VitalSigns CollectionTime="12/21/2017 1:53:06 PM" CollectionTimeUTC="1513885986">
            <VitalSign>
                  <Parameter>HR</Parameter>
                  <BpChannel />
                  <Time>12/21/2017 1:53:06 PM</Time>
                  <TimeUTC>1513885986</TimeUTC>
                  <Value UOM="Bpm" Q="">140</Value>
                  <AlarmLimitLow />
                  <AlarmLimitHigh />
            </VitalSign>
            <VitalSign>
                  <Parameter>NBP-S</Parameter>
                  <BpChannel />
                  <Time>12/21/2017 8:23:00 PM</Time>
                  <TimeUTC>1513909380</TimeUTC>
                  <Value UOM="mmHg" Q="">NODATA</Value>
                  <AlarmLimitLow />
                  <AlarmLimitHigh />
            </VitalSign>
            <VitalSign>
                  <Parameter>NBP-D</Parameter>
                  <BpChannel />
                  <Time>12/21/2017 8:23:00 PM</Time>
                  <TimeUTC>1513909380</TimeUTC>
                  <Value UOM="mmHg" Q="">NODATA</Value>
                  <AlarmLimitLow />
                  <AlarmLimitHigh />
            </VitalSign>
            <VitalSign>
                  <Parameter>NBP-M</Parameter>
                  <BpChannel />
                  <Time>12/21/2017 8:23:00 PM</Time>
                  <TimeUTC>1513909380</TimeUTC>
                  <Value UOM="mmHg" Q="">NODATA</Value>
                  <AlarmLimitLow />
                  <AlarmLimitHigh />
            </VitalSign>
            <VitalSign>
                  <Parameter>PVC</Parameter>
                  <BpChannel />
                  <Time>12/21/2017 1:53:06 PM</Time>
                  <TimeUTC>1513885986</TimeUTC>
                  <Value UOM="Bpm" Q="">0</Value>
                  <AlarmLimitLow />
                  <AlarmLimitHigh />
            </VitalSign>
            <VitalSign>
                  <Parameter>RHY</Parameter>
                  <BpChannel />
                  <Time>12/21/2017 1:53:06 PM</Time>
                  <TimeUTC>1513885986</TimeUTC>
                  <Value UOM="" Q="">SINUS RHYTHM</Value>
                  <AlarmLimitLow />
                  <AlarmLimitHigh />
            </VitalSign>
            <VitalSign>
                  <Parameter>ECT</Parameter>
                  <BpChannel />
                  <Time>12/21/2017 1:53:06 PM</Time>
                  <TimeUTC>1513885986</TimeUTC>
                  <Value UOM="" Q="" />
                  <AlarmLimitLow />
                  <AlarmLimitHigh />
            </VitalSign>
            <VitalSign>
                  <Parameter>RESP</Parameter>
                  <BpChannel />
                  <Time>12/21/2017 1:53:06 PM</Time>
                  <TimeUTC>1513885986</TimeUTC>
                  <Value UOM="BrMin" Q="">41</Value>
                  <AlarmLimitLow />
                  <AlarmLimitHigh />
            </VitalSign>
            <VitalSign>
                  <Parameter>SPO2</Parameter>
                  <BpChannel />
                  <Time>12/21/2017 1:53:06 PM</Time>
                  <TimeUTC>1513885986</TimeUTC>
                  <Value UOM="%" Q="">100</Value>
                  <AlarmLimitLow />
                  <AlarmLimitHigh />
            </VitalSign>
            <VitalSign>
                  <Parameter>PULSE</Parameter>
                  <BpChannel />
                  <Time>12/21/2017 1:53:06 PM</Time>
                  <TimeUTC>1513885986</TimeUTC>
                  <Value UOM="BPM" Q="">140</Value>
                  <AlarmLimitLow />
                  <AlarmLimitHigh />
            </VitalSign>
            <VitalSign>
                  <Parameter>ABP-S</Parameter>
                  <BpChannel />
                  <Time>12/21/2017 1:53:06 PM</Time>
                  <TimeUTC>1513885986</TimeUTC>
                  <Value UOM="mmHg" Q="">57</Value>
                  <AlarmLimitLow />
                  <AlarmLimitHigh />
            </VitalSign>
            <VitalSign>
                  <Parameter>ABP-D</Parameter>
                  <BpChannel />
                  <Time>12/21/2017 1:53:06 PM</Time>
                  <TimeUTC>1513885986</TimeUTC>
                  <Value UOM="mmHg" Q="">38</Value>
                  <AlarmLimitLow />
                  <AlarmLimitHigh />
            </VitalSign>
            <VitalSign>
                  <Parameter>ABP-M</Parameter>
                  <BpChannel />
                  <Time>12/21/2017 1:53:06 PM</Time>
                  <TimeUTC>1513885986</TimeUTC>
                  <Value UOM="mmHg" Q="">44</Value>
                  <AlarmLimitLow />
                  <AlarmLimitHigh />
            </VitalSign>
      </VitalSigns>
      <Alarms />
      <ImportedData />
      <Waveforms CollectionTime="12/21/2017 1:53:07 PM" CollectionTimeUTC="1513885987" TTX="" DisplayOrder="">
            <WaveformData ID="3230796" Label="RESP" UOM="Ohms" Cal="0,1,1230,2867" SampleRate="125" SamplePeriodInMsec="1000" Samples="125">0.7,0.7,0.7,0.6,0.6,0.6,0.6,0.5,0.5,0.5,0.4,0.4,0.4,0.3,0.3,0.3,0.2,0.2,0.2,0.2,0.1,0.1,0.1,0.1,0.1,0.0,0.0,0.0,0.0,0.0,0.0,0.0,-0.1,-0.1,-0.1,-0.1,-0.1,-0.1,-0.1,-0.1,-0.1,-0.1,-0.2,-0.2,-0.2,-0.2,-0.2,-0.2,-0.2,-0.2,-0.2,-0.2,-0.2,-0.2,-0.2,-0.2,-0.2,-0.2,-0.2,-0.2,-0.2,-0.2,-0.2,-0.2,-0.2,-0.2,-0.2,-0.2,-0.2,-0.2,-0.2,-0.2,-0.2,-0.2,-0.2,-0.2,-0.2,-0.2,-0.2,-0.2,-0.2,-0.2,-0.2,-0.2,-0.2,-0.2,-0.2,-0.2,-0.2,-0.2,-0.2,-0.2,-0.2,-0.2,-0.2,-0.2,-0.2,-0.2,-0.2,-0.2,-0.1,-0.1,-0.1,-0.1,-0.1,-0.1,0.0,0.0,0.0,0.0,0.1,0.1,0.2,0.2,0.3,0.3,0.3,0.4,0.4,0.5,0.5,0.5,0.6,0.6,0.6</WaveformData>
            <WaveformData ID="4487318" Label="II" UOM="mV" Cal="0,1,1023,3071" SampleRate="125" SamplePeriodInMsec="1000" Samples="125">0.71,0.725,0.735,0.745,0.755,0.765,0.775,0.8,0.83,0.87,0.91,0.95,0.985,1.01,1.03,1.04,1.035,1.01,0.98,0.94,0.895,0.85,0.805,0.76,0.715,0.67,0.635,0.6,0.585,0.61,0.68,0.745,0.76,0.7,0.615,0.575,0.57,0.575,0.585,0.595,0.61,0.625,0.615,0.605,0.875,1.5,1.5,1.15,0.5,0.455,0.7,0.745,0.755,0.76,0.765,0.775,0.78,0.785,0.79,0.795,0.805,0.825,0.85,0.88,0.915,0.95,0.985,1.01,1.025,1.035,1.025,1.005,0.975,0.93,0.89,0.85,0.805,0.76,0.72,0.68,0.64,0.61,0.6,0.635,0.705,0.76,0.765,0.665,0.585,0.555,0.555,0.56,0.56,0.565,0.575,0.58,0.555,0.55,1.065,1.5,1.5,0.76,0.34,0.485,0.62,0.635,0.635,0.64,0.64,0.64,0.64,0.635,0.63,0.635,0.645,0.67,0.695,0.725,0.75,0.78,0.805,0.825,0.835,0.835,0.815</WaveformData>
            <WaveformData ID="4214093" Label="SPO2" UOM="Uncalib" Cal="0,0,0,0" SampleRate="125" SamplePeriodInMsec="1000" Samples="125">3025.0,3043.0,3043.0,3043.0,3043.0,3034.0,3025.0,3016.0,3006.0,2988.0,2978.0,2960.0,2932.0,2904.0,2876.0,2839.0,2783.0,2727.0,2671.0,2606.0,2550.0,2485.0,2420.0,2364.0,2299.0,2234.0,2178.0,2122.0,2075.0,2029.0,1973.0,1917.0,1861.0,1806.0,1750.0,1713.0,1675.0,1666.0,1666.0,1694.0,1740.0,1806.0,1899.0,2001.0,2103.0,2215.0,2327.0,2438.0,2532.0,2615.0,2662.0,2699.0,2718.0,2718.0,2699.0,2680.0,2653.0,2615.0,2587.0,2559.0,2522.0,2494.0,2466.0,2429.0,2401.0,2364.0,2327.0,2280.0,2234.0,2187.0,2141.0,2085.0,2048.0,1992.0,1945.0,1889.0,1834.0,1778.0,1731.0,1675.0,1619.0,1564.0,1508.0,1443.0,1387.0,1331.0,1266.0,1219.0,1173.0,1135.0,1117.0,1126.0,1145.0,1191.0,1275.0,1359.0,1489.0,1619.0,1759.0,1899.0,2038.0,2150.0,2252.0,2345.0,2401.0,2438.0,2457.0,2457.0,2448.0,2429.0,2401.0,2373.0,2345.0,2317.0,2299.0,2271.0,2243.0,2215.0,2187.0,2150.0,2113.0,2075.0,2048.0,2001.0,1955.0</WaveformData>
            <WaveformData ID="3289908" Label="ABP" UOM="mmHg" Cal="30,60,307,3378" SampleRate="125" SamplePeriodInMsec="1000" Samples="125">42.1,41.8,41.6,41.3,41.1,40.8,40.5,40.2,39.9,39.6,39.4,39.1,38.7,38.5,38.3,38.3,38.7,39.9,42.1,45.1,48.7,52.2,55.1,56.8,57.4,56.7,55.2,53.0,50.7,48.7,47.1,45.9,45.2,45.0,45.0,45.1,45.2,45.3,45.2,45.1,44.8,44.5,44.1,43.7,43.3,42.9,42.5,42.1,41.6,41.2,41.0,40.7,40.4,40.2,40.1,39.9,39.7,39.5,39.3,38.9,38.7,38.4,38.1,37.9,37.6,37.4,37.1,36.9,36.8,36.8,37.2,38.6,41.0,44.5,48.4,52.1,55.0,56.9,57.5,56.9,55.3,53.1,50.7,48.6,46.9,45.7,45.1,44.9,45.0,45.2,45.4,45.6,45.6,45.6,45.4,45.1,44.8,44.4,44.0,43.6,43.2,42.7,42.4,42.1,41.9,41.7,41.5,41.3,41.1,40.9,40.7,40.6,40.3,40.1,39.9,39.6,39.3,39.1,38.7,38.5,38.2,38.1,38.0,38.4,39.6</WaveformData>
            <WaveformData ID="4214108" Label="Unk lbl 4214108" UOM="Uncalib" Cal="0,0,0,0" SampleRate="125" SamplePeriodInMsec="1000" Samples="125">1945,1907,1881,1843,1817,1792,1766,1753,1728,1715,1702,1689,1689,1676,1676,1676,1676,1689,1715,1740,1792,1856,1932,2035,2137,2252,2393,2521,2649,2777,2905,2995,3084,3148,3200,3238,3251,3264,3264,3251,3238,3212,3187,3148,3097,3046,2995,2944,2880,2828,2764,2713,2649,2585,2534,2470,2419,2355,2304,2240,2188,2137,2086,2048,1996,1958,1907,1868,1830,1792,1753,1728,1715,1702,1715,1740,1792,1843,1907,1996,2060,2163,2240,2329,2393,2457,2508,2521,2547,2534,2521,2496,2457,2419,2368,2329,2278,2240,2188,2150,2099,2060,2035,1996,1945,1907,1856,1817,1766,1728,1676,1625,1587,1536,1497,1446,1408,1369,1331,1292,1267,1228,1203,1190,1164</WaveformData>
      </Waveforms>
      <VitalSigns CollectionTime="12/21/2017 1:53:07 PM" CollectionTimeUTC="1513885987">
            <VitalSign>
                  <Parameter>HR</Parameter>
                  <BpChannel />
                  <Time>12/21/2017 1:53:07 PM</Time>
                  <TimeUTC>1513885987</TimeUTC>
                  <Value UOM="Bpm" Q="">140</Value>
                  <AlarmLimitLow />
                  <AlarmLimitHigh />
            </VitalSign>
            <VitalSign>
                  <Parameter>NBP-S</Parameter>
                  <BpChannel />
                  <Time>12/21/2017 8:23:00 PM</Time>
                  <TimeUTC>1513909380</TimeUTC>
                  <Value UOM="mmHg" Q="">NODATA</Value>
                  <AlarmLimitLow />
                  <AlarmLimitHigh />
            </VitalSign>
            <VitalSign>
                  <Parameter>NBP-D</Parameter>
                  <BpChannel />
                  <Time>12/21/2017 8:23:00 PM</Time>
                  <TimeUTC>1513909380</TimeUTC>
                  <Value UOM="mmHg" Q="">NODATA</Value>
                  <AlarmLimitLow />
                  <AlarmLimitHigh />
            </VitalSign>
            <VitalSign>
                  <Parameter>NBP-M</Parameter>
                  <BpChannel />
                  <Time>12/21/2017 8:23:00 PM</Time>
                  <TimeUTC>1513909380</TimeUTC>
                  <Value UOM="mmHg" Q="">NODATA</Value>
                  <AlarmLimitLow />
                  <AlarmLimitHigh />
            </VitalSign>
            <VitalSign>
                  <Parameter>PVC</Parameter>
                  <BpChannel />
                  <Time>12/21/2017 1:53:07 PM</Time>
                  <TimeUTC>1513885987</TimeUTC>
                  <Value UOM="Bpm" Q="">0</Value>
                  <AlarmLimitLow />
                  <AlarmLimitHigh />
            </VitalSign>
            <VitalSign>
                  <Parameter>RHY</Parameter>
                  <BpChannel />
                  <Time>12/21/2017 1:53:07 PM</Time>
                  <TimeUTC>1513885987</TimeUTC>
                  <Value UOM="" Q="">SINUS RHYTHM</Value>
                  <AlarmLimitLow />
                  <AlarmLimitHigh />
            </VitalSign>
            <VitalSign>
                  <Parameter>ECT</Parameter>
                  <BpChannel />
                  <Time>12/21/2017 1:53:07 PM</Time>
                  <TimeUTC>1513885987</TimeUTC>
                  <Value UOM="" Q="" />
                  <AlarmLimitLow />
                  <AlarmLimitHigh />
            </VitalSign>
            <VitalSign>
                  <Parameter>RESP</Parameter>
                  <BpChannel />
                  <Time>12/21/2017 1:53:07 PM</Time>
                  <TimeUTC>1513885987</TimeUTC>
                  <Value UOM="BrMin" Q="">43</Value>
                  <AlarmLimitLow />
                  <AlarmLimitHigh />
            </VitalSign>
            <VitalSign>
                  <Parameter>SPO2</Parameter>
                  <BpChannel />
                  <Time>12/21/2017 1:53:07 PM</Time>
                  <TimeUTC>1513885987</TimeUTC>
                  <Value UOM="%" Q="">100</Value>
                  <AlarmLimitLow />
                  <AlarmLimitHigh />
            </VitalSign>
            <VitalSign>
                  <Parameter>PULSE</Parameter>
                  <BpChannel />
                  <Time>12/21/2017 1:53:07 PM</Time>
                  <TimeUTC>1513885987</TimeUTC>
                  <Value UOM="BPM" Q="">140</Value>
                  <AlarmLimitLow />
                  <AlarmLimitHigh />
            </VitalSign>
            <VitalSign>
                  <Parameter>ABP-S</Parameter>
                  <BpChannel />
                  <Time>12/21/2017 1:53:07 PM</Time>
                  <TimeUTC>1513885987</TimeUTC>
                  <Value UOM="mmHg" Q="">58</Value>
                  <AlarmLimitLow />
                  <AlarmLimitHigh />
            </VitalSign>
            <VitalSign>
                  <Parameter>ABP-D</Parameter>
                  <BpChannel />
                  <Time>12/21/2017 1:53:07 PM</Time>
                  <TimeUTC>1513885987</TimeUTC>
                  <Value UOM="mmHg" Q="">38</Value>
                  <AlarmLimitLow />
                  <AlarmLimitHigh />
            </VitalSign>
            <VitalSign>
                  <Parameter>ABP-M</Parameter>
                  <BpChannel />
                  <Time>12/21/2017 1:53:07 PM</Time>
                  <TimeUTC>1513885987</TimeUTC>
                  <Value UOM="mmHg" Q="">45</Value>
                  <AlarmLimitLow />
                  <AlarmLimitHigh />
            </VitalSign>
      </VitalSigns>
      <Alarms />
      <ImportedData />
      <Waveforms CollectionTime="12/21/2017 1:53:08 PM" CollectionTimeUTC="1513885988" TTX="" DisplayOrder="">
            <WaveformData ID="3230796" Label="RESP" UOM="Ohms" Cal="0,1,1230,2867" SampleRate="125" SamplePeriodInMsec="1000" Samples="125">0.7,0.7,0.7,0.8,0.8,0.8,0.8,0.8,0.8,0.9,0.9,0.9,0.9,0.9,0.9,0.9,0.9,0.9,0.9,0.9,0.9,0.9,0.9,0.9,0.9,0.9,0.9,0.9,0.9,0.9,0.9,0.8,0.8,0.8,0.8,0.8,0.8,0.7,0.7,0.7,0.6,0.6,0.6,0.6,0.5,0.5,0.5,0.4,0.4,0.4,0.3,0.3,0.3,0.2,0.2,0.2,0.2,0.1,0.1,0.1,0.1,0.1,0.0,0.0,0.0,0.0,0.0,0.0,-0.1,-0.1,-0.1,-0.1,-0.1,-0.1,-0.1,-0.1,-0.1,-0.2,-0.2,-0.2,-0.2,-0.2,-0.2,-0.2,-0.2,-0.2,-0.2,-0.2,-0.2,-0.2,-0.2,-0.2,-0.2,-0.2,-0.2,-0.2,-0.2,-0.2,-0.2,-0.2,-0.2,-0.2,-0.2,-0.2,-0.2,-0.2,-0.2,-0.2,-0.2,-0.2,-0.2,-0.2,-0.2,-0.2,-0.2,-0.2,-0.2,-0.2,-0.2,-0.2,-0.2,-0.2,-0.2,-0.2,-0.2</WaveformData>
            <WaveformData ID="4487318" Label="II" UOM="mV" Cal="0,1,1023,3071" SampleRate="125" SamplePeriodInMsec="1000" Samples="125">0.785,0.75,0.7,0.65,0.61,0.565,0.52,0.48,0.445,0.415,0.39,0.405,0.46,0.54,0.59,0.56,0.485,0.43,0.42,0.425,0.44,0.45,0.465,0.48,0.49,0.48,0.61,1.2,1.5,1.325,0.55,0.385,0.58,0.67,0.685,0.7,0.715,0.73,0.74,0.75,0.76,0.765,0.78,0.805,0.84,0.875,0.91,0.955,0.995,1.02,1.04,1.045,1.05,1.025,0.995,0.955,0.915,0.87,0.825,0.775,0.73,0.69,0.65,0.615,0.6,0.62,0.68,0.75,0.775,0.725,0.645,0.595,0.585,0.59,0.595,0.6,0.615,0.63,0.635,0.615,0.81,1.475,1.5,1.27,0.56,0.47,0.695,0.755,0.76,0.765,0.77,0.78,0.785,0.785,0.79,0.795,0.805,0.825,0.85,0.88,0.915,0.95,0.985,1.01,1.03,1.04,1.035,1.015,0.985,0.945,0.895,0.855,0.805,0.76,0.72,0.68,0.64,0.605,0.595,0.635,0.7,0.76,0.765,0.68,0.6</WaveformData>
            <WaveformData ID="4214093" Label="SPO2" UOM="Uncalib" Cal="0,0,0,0" SampleRate="125" SamplePeriodInMsec="1000" Samples="125">1908.0,1852.0,1806.0,1759.0,1713.0,1657.0,1610.0,1564.0,1508.0,1461.0,1405.0,1359.0,1303.0,1209.0,1160.0,1111.0,1063.0,1043.0,1024.0,1033.0,1072.0,1121.0,1228.0,1365.0,1511.0,1687.0,1862.0,2048.0,2204.0,2369.0,2506.0,2623.0,2720.0,2789.0,2847.0,2876.0,2886.0,2886.0,2886.0,2876.0,2867.0,2857.0,2847.0,2828.0,2818.0,2808.0,2789.0,2769.0,2740.0,2711.0,2681.0,2642.0,2603.0,2555.0,2516.0,2467.0,2418.0,2369.0,2311.0,2262.0,2204.0,2155.0,2096.0,2048.0,1989.0,1921.0,1862.0,1804.0,1745.0,1687.0,1638.0,1599.0,1580.0,1570.0,1599.0,1628.0,1697.0,1784.0,1882.0,1999.0,2106.0,2223.0,2340.0,2447.0,2525.0,2603.0,2642.0,2672.0,2681.0,2672.0,2652.0,2623.0,2594.0,2564.0,2525.0,2496.0,2467.0,2428.0,2399.0,2360.0,2330.0,2282.0,2243.0,2204.0,2155.0,2106.0,2057.0,2009.0,1960.0,1901.0,1853.0,1794.0,1736.0,1687.0,1628.0,1570.0,1511.0,1443.0,1384.0,1326.0,1258.0,1199.0,1150.0,1102.0,1063.0</WaveformData>
            <WaveformData ID="3289908" Label="ABP" UOM="mmHg" Cal="30,60,307,3378" SampleRate="125" SamplePeriodInMsec="1000" Samples="125">41.8,45.2,49.4,53.6,57.1,59.7,61.2,61.4,60.2,58.3,55.8,53.2,50.8,48.9,47.6,46.9,46.6,46.6,46.7,46.9,46.9,46.9,46.7,46.5,46.2,45.9,45.4,45.0,44.5,44.0,43.5,43.0,42.6,42.3,42.0,41.8,41.5,41.3,41.1,40.9,40.7,40.4,40.1,39.8,39.5,39.3,38.9,38.7,38.4,38.2,38.0,37.9,38.2,39.2,41.0,43.8,47.3,50.9,53.9,55.9,56.9,56.6,55.2,53.2,50.9,48.7,46.9,45.7,45.1,44.7,44.6,44.6,44.7,44.8,44.8,44.6,44.4,44.2,43.9,43.4,43.1,42.6,42.3,41.8,41.4,41.1,40.8,40.6,40.3,40.1,39.9,39.7,39.6,39.4,39.1,38.9,38.6,38.3,38.1,37.8,37.6,37.2,37.0,36.8,36.6,36.7,37.1,38.3,40.3,43.4,47.3,51.2,54.4,56.4,57.1,56.7,55.2,53.1,50.8,48.7,46.9,45.7,45.1,44.9,44.9</WaveformData>
            <WaveformData ID="4214108" Label="Unk lbl 4214108" UOM="Uncalib" Cal="0,0,0,0" SampleRate="125" SamplePeriodInMsec="1000" Samples="125">1164,1164,1190,1216,1267,1331,1420,1510,1612,1728,1843,1945,2048,2137,2214,2278,2316,2342,2355,2342,2329,2304,2265,2227,2188,2150,2112,2060,2035,1996,1958,1907,1868,1830,1792,1753,1715,1676,1638,1600,1574,1548,1523,1497,1484,1472,1459,1446,1433,1433,1433,1433,1433,1406,1433,1461,1515,1570,1652,1761,1870,1993,2116,2266,2402,2539,2662,2785,2880,2949,3017,3044,3071,3085,3085,3071,3058,3030,3017,2989,2962,2935,2908,2880,2839,2812,2771,2730,2689,2635,2580,2525,2457,2402,2348,2280,2239,2184,2143,2088,2048,2007,1966,1911,1870,1829,1788,1761,1734,1734,1734,1747,1788,1843,1911,1993,2061,2157,2252,2334,2402,2471,2512,2539,2553</WaveformData>
      </Waveforms>
      <VitalSigns CollectionTime="12/21/2017 1:53:08 PM" CollectionTimeUTC="1513885988">
            <VitalSign>
                  <Parameter>HR</Parameter>
                  <BpChannel />
                  <Time>12/21/2017 1:53:08 PM</Time>
                  <TimeUTC>1513885988</TimeUTC>
                  <Value UOM="Bpm" Q="">140</Value>
                  <AlarmLimitLow />
                  <AlarmLimitHigh />
            </VitalSign>
            <VitalSign>
                  <Parameter>NBP-S</Parameter>
                  <BpChannel />
                  <Time>12/21/2017 8:23:00 PM</Time>
                  <TimeUTC>1513909380</TimeUTC>
                  <Value UOM="mmHg" Q="">NODATA</Value>
                  <AlarmLimitLow />
                  <AlarmLimitHigh />
            </VitalSign>
            <VitalSign>
                  <Parameter>NBP-D</Parameter>
                  <BpChannel />
                  <Time>12/21/2017 8:23:00 PM</Time>
                  <TimeUTC>1513909380</TimeUTC>
                  <Value UOM="mmHg" Q="">NODATA</Value>
                  <AlarmLimitLow />
                  <AlarmLimitHigh />
            </VitalSign>
            <VitalSign>
                  <Parameter>NBP-M</Parameter>
                  <BpChannel />
                  <Time>12/21/2017 8:23:00 PM</Time>
                  <TimeUTC>1513909380</TimeUTC>
                  <Value UOM="mmHg" Q="">NODATA</Value>
                  <AlarmLimitLow />
                  <AlarmLimitHigh />
            </VitalSign>
            <VitalSign>
                  <Parameter>PVC</Parameter>
                  <BpChannel />
                  <Time>12/21/2017 1:53:08 PM</Time>
                  <TimeUTC>1513885988</TimeUTC>
                  <Value UOM="Bpm" Q="">0</Value>
                  <AlarmLimitLow />
                  <AlarmLimitHigh />
            </VitalSign>
            <VitalSign>
                  <Parameter>RHY</Parameter>
                  <BpChannel />
                  <Time>12/21/2017 1:53:08 PM</Time>
                  <TimeUTC>1513885988</TimeUTC>
                  <Value UOM="" Q="">SINUS RHYTHM</Value>
                  <AlarmLimitLow />
                  <AlarmLimitHigh />
            </VitalSign>
            <VitalSign>
                  <Parameter>ECT</Parameter>
                  <BpChannel />
                  <Time>12/21/2017 1:53:08 PM</Time>
                  <TimeUTC>1513885988</TimeUTC>
                  <Value UOM="" Q="" />
                  <AlarmLimitLow />
                  <AlarmLimitHigh />
            </VitalSign>
            <VitalSign>
                  <Parameter>RESP</Parameter>
                  <BpChannel />
                  <Time>12/21/2017 1:53:08 PM</Time>
                  <TimeUTC>1513885988</TimeUTC>
                  <Value UOM="BrMin" Q="">43</Value>
                  <AlarmLimitLow />
                  <AlarmLimitHigh />
            </VitalSign>
            <VitalSign>
                  <Parameter>SPO2</Parameter>
                  <BpChannel />
                  <Time>12/21/2017 1:53:08 PM</Time>
                  <TimeUTC>1513885988</TimeUTC>
                  <Value UOM="%" Q="">100</Value>
                  <AlarmLimitLow />
                  <AlarmLimitHigh />
            </VitalSign>
            <VitalSign>
                  <Parameter>PULSE</Parameter>
                  <BpChannel />
                  <Time>12/21/2017 1:53:08 PM</Time>
                  <TimeUTC>1513885988</TimeUTC>
                  <Value UOM="BPM" Q="">140</Value>
                  <AlarmLimitLow />
                  <AlarmLimitHigh />
            </VitalSign>
            <VitalSign>
                  <Parameter>ABP-S</Parameter>
                  <BpChannel />
                  <Time>12/21/2017 1:53:08 PM</Time>
                  <TimeUTC>1513885988</TimeUTC>
                  <Value UOM="mmHg" Q="">58</Value>
                  <AlarmLimitLow />
                  <AlarmLimitHigh />
            </VitalSign>
            <VitalSign>
                  <Parameter>ABP-D</Parameter>
                  <BpChannel />
                  <Time>12/21/2017 1:53:08 PM</Time>
                  <TimeUTC>1513885988</TimeUTC>
                  <Value UOM="mmHg" Q="">38</Value>
                  <AlarmLimitLow />
                  <AlarmLimitHigh />
            </VitalSign>
            <VitalSign>
                  <Parameter>ABP-M</Parameter>
                  <BpChannel />
                  <Time>12/21/2017 1:53:08 PM</Time>
                  <TimeUTC>1513885988</TimeUTC>
                  <Value UOM="mmHg" Q="">45</Value>
                  <AlarmLimitLow />
                  <AlarmLimitHigh />
            </VitalSign>
      </VitalSigns>
      <Alarms />
      <ImportedData />
      <Waveforms CollectionTime="12/21/2017 1:53:09 PM" CollectionTimeUTC="1513885989" TTX="" DisplayOrder="">
            <WaveformData ID="3230796" Label="RESP" UOM="Ohms" Cal="0,1,1230,2867" SampleRate="125" SamplePeriodInMsec="1000" Samples="125">-0.2,-0.2,-0.2,-0.2,-0.2,-0.2,-0.2,-0.2,-0.2,-0.2,-0.2,-0.2,-0.2,-0.2,-0.2,-0.2,-0.2,-0.2,-0.2,-0.2,-0.2,-0.2,-0.2,-0.2,-0.2,-0.2,-0.2,-0.1,-0.1,-0.1,-0.1,-0.1,-0.1,-0.1,-0.1,-0.1,-0.1,-0.1,-0.1,-0.1,-0.1,-0.1,-0.1,-0.1,-0.1,-0.1,-0.1,-0.1,-0.1,-0.1,-0.2,-0.2,-0.2,-0.2,-0.2,-0.2,-0.2,-0.2,-0.2,-0.2,-0.2,-0.2,-0.1,-0.1,-0.1,-0.1,-0.1,-0.1,-0.1,0.0,0.0,0.0,0.0,0.1,0.1,0.1,0.2,0.2,0.2,0.3,0.3,0.4,0.4,0.5,0.5,0.5,0.6,0.6,0.7,0.7,0.7,0.8,0.8,0.8,0.8,0.9,0.9,0.9,0.9,0.9,0.9,0.9,0.9,0.9,0.9,0.9,0.9,1.0,1.0,1.0,1.0,1.0,0.9,0.9,0.9,0.9,0.9,0.9,0.9,0.9,0.9,0.9,0.9,0.8,0.8</WaveformData>
            <WaveformData ID="4487318" Label="II" UOM="mV" Cal="0,1,1023,3071" SampleRate="125" SamplePeriodInMsec="1000" Samples="125">0.565,0.565,0.575,0.58,0.59,0.605,0.62,0.605,0.595,1.005,1.5,1.5,0.935,0.445,0.555,0.71,0.735,0.74,0.75,0.755,0.76,0.76,0.765,0.765,0.775,0.79,0.805,0.83,0.865,0.895,0.93,0.965,0.985,1,1.005,0.99,0.965,0.93,0.89,0.85,0.81,0.77,0.73,0.69,0.65,0.615,0.585,0.6,0.645,0.715,0.75,0.705,0.615,0.55,0.535,0.535,0.535,0.54,0.55,0.555,0.56,0.53,0.69,1.345,1.5,1.345,0.495,0.335,0.535,0.615,0.62,0.625,0.63,0.63,0.625,0.625,0.62,0.62,0.625,0.64,0.665,0.69,0.725,0.75,0.775,0.8,0.82,0.825,0.815,0.795,0.765,0.72,0.67,0.625,0.58,0.535,0.495,0.455,0.42,0.39,0.385,0.42,0.49,0.56,0.575,0.51,0.445,0.41,0.415,0.425,0.43,0.445,0.46,0.48,0.485,0.475,0.845,1.5,1.5,0.88,0.375,0.475,0.635,0.67,0.685</WaveformData>
            <WaveformData ID="4214093" Label="SPO2" UOM="Uncalib" Cal="0,0,0,0" SampleRate="125" SamplePeriodInMsec="1000" Samples="125">1043.0,1043.0,1063.0,1111.0,1180.0,1287.0,1404.0,1540.0,1677.0,1833.0,1979.0,2096.0,2223.0,2311.0,2399.0,2438.0,2477.0,2486.0,2486.0,2477.0,2477.0,2467.0,2447.0,2418.0,2399.0,2369.0,2350.0,2321.0,2301.0,2272.0,2243.0,2204.0,2174.0,2126.0,2087.0,2048.0,2009.0,1960.0,1921.0,1872.0,1823.0,1775.0,1726.0,1677.0,1628.0,1580.0,1521.0,1472.0,1414.0,1365.0,1306.0,1258.0,1209.0,1160.0,1141.0,1111.0,1121.0,1150.0,1199.0,1287.0,1375.0,1501.0,1638.0,1784.0,1940.0,2077.0,2213.0,2330.0,2438.0,2506.0,2555.0,2584.0,2594.0,2594.0,2584.0,2564.0,2535.0,2516.0,2486.0,2467.0,2438.0,2418.0,2389.0,2360.0,2330.0,2291.0,2252.0,2213.0,2174.0,2126.0,2077.0,2038.0,1979.0,1931.0,1882.0,1833.0,1784.0,1726.0,1677.0,1628.0,1570.0,1521.0,1462.0,1414.0,1355.0,1306.0,1267.0,1238.0,1228.0,1228.0,1267.0,1326.0,1414.0,1531.0,1658.0,1814.0,1979.0,2145.0,2311.0,2477.0,2623.0,2740.0,2847.0,2915.0,2974.0</WaveformData>
            <WaveformData ID="3289908" Label="ABP" UOM="mmHg" Cal="30,60,307,3378" SampleRate="125" SamplePeriodInMsec="1000" Samples="125">44.9,45.0,45.1,45.1,45.0,44.8,44.5,44.2,43.7,43.4,42.9,42.5,42.0,41.6,41.2,40.9,40.6,40.4,40.2,40.2,40.0,39.8,39.6,39.4,39.1,38.8,38.6,38.3,38.0,37.7,37.5,37.2,37.0,36.9,37.1,37.9,39.7,42.6,46.2,50.1,53.6,56.2,57.8,58.2,57.6,56.0,53.7,51.3,49.1,47.4,46.3,45.7,45.5,45.6,45.7,45.9,46.1,46.1,46.0,45.8,45.6,45.3,45.0,44.6,44.2,43.8,43.4,43.1,42.7,42.4,42.2,41.9,41.8,41.6,41.4,41.2,41.1,40.7,40.4,40.2,39.9,39.7,39.4,39.1,38.9,38.6,38.4,38.5,39.2,40.8,43.6,47.5,51.7,55.7,58.9,61.1,62.0,61.6,60.1,57.9,55.4,52.9,50.8,49.1,48.0,47.4,47.1,47.2,47.3,47.4,47.5,47.4,47.1,46.8,46.4,46.1,45.7,45.2,44.8,44.2,43.8,43.4,43.1,42.7,42.4</WaveformData>
            <WaveformData ID="4214108" Label="Unk lbl 4214108" UOM="Uncalib" Cal="0,0,0,0" SampleRate="125" SamplePeriodInMsec="1000" Samples="125">2539,2525,2498,2457,2416,2375,2321,2280,2225,2184,2129,2088,2048,2007,1966,1911,1870,1816,1775,1720,1679,1624,1570,1515,1474,1420,1379,1338,1297,1256,1215,1174,1147,1119,1092,1078,1065,1078,1092,1119,1174,1242,1351,1461,1583,1720,1843,1966,2061,2170,2252,2307,2342,2368,2380,2368,2355,2329,2304,2265,2227,2201,2163,2124,2086,2048,2022,1984,1945,1907,1868,1830,1792,1740,1702,1664,1625,1587,1548,1510,1472,1433,1395,1369,1331,1305,1280,1267,1241,1241,1241,1254,1280,1344,1420,1510,1612,1728,1856,1971,2086,2188,2304,2393,2470,2534,2560,2585,2585,2585,2560,2534,2496,2457,2419,2380,2329,2291,2240,2201,2163,2124,2073,2048,2009</WaveformData>
      </Waveforms>
      <VitalSigns CollectionTime="12/21/2017 1:53:09 PM" CollectionTimeUTC="1513885989">
            <VitalSign>
                  <Parameter>HR</Parameter>
                  <BpChannel />
                  <Time>12/21/2017 1:53:09 PM</Time>
                  <TimeUTC>1513885989</TimeUTC>
                  <Value UOM="Bpm" Q="">140</Value>
                  <AlarmLimitLow />
                  <AlarmLimitHigh />
            </VitalSign>
            <VitalSign>
                  <Parameter>NBP-S</Parameter>
                  <BpChannel />
                  <Time>12/21/2017 8:23:00 PM</Time>
                  <TimeUTC>1513909380</TimeUTC>
                  <Value UOM="mmHg" Q="">NODATA</Value>
                  <AlarmLimitLow />
                  <AlarmLimitHigh />
            </VitalSign>
            <VitalSign>
                  <Parameter>NBP-D</Parameter>
                  <BpChannel />
                  <Time>12/21/2017 8:23:00 PM</Time>
                  <TimeUTC>1513909380</TimeUTC>
                  <Value UOM="mmHg" Q="">NODATA</Value>
                  <AlarmLimitLow />
                  <AlarmLimitHigh />
            </VitalSign>
            <VitalSign>
                  <Parameter>NBP-M</Parameter>
                  <BpChannel />
                  <Time>12/21/2017 8:23:00 PM</Time>
                  <TimeUTC>1513909380</TimeUTC>
                  <Value UOM="mmHg" Q="">NODATA</Value>
                  <AlarmLimitLow />
                  <AlarmLimitHigh />
            </VitalSign>
            <VitalSign>
                  <Parameter>PVC</Parameter>
                  <BpChannel />
                  <Time>12/21/2017 1:53:09 PM</Time>
                  <TimeUTC>1513885989</TimeUTC>
                  <Value UOM="Bpm" Q="">0</Value>
                  <AlarmLimitLow />
                  <AlarmLimitHigh />
            </VitalSign>
            <VitalSign>
                  <Parameter>RHY</Parameter>
                  <BpChannel />
                  <Time>12/21/2017 1:53:09 PM</Time>
                  <TimeUTC>1513885989</TimeUTC>
                  <Value UOM="" Q="">SINUS RHYTHM</Value>
                  <AlarmLimitLow />
                  <AlarmLimitHigh />
            </VitalSign>
            <VitalSign>
                  <Parameter>ECT</Parameter>
                  <BpChannel />
                  <Time>12/21/2017 1:53:09 PM</Time>
                  <TimeUTC>1513885989</TimeUTC>
                  <Value UOM="" Q="" />
                  <AlarmLimitLow />
                  <AlarmLimitHigh />
            </VitalSign>
            <VitalSign>
                  <Parameter>RESP</Parameter>
                  <BpChannel />
                  <Time>12/21/2017 1:53:09 PM</Time>
                  <TimeUTC>1513885989</TimeUTC>
                  <Value UOM="BrMin" Q="">41</Value>
                  <AlarmLimitLow />
                  <AlarmLimitHigh />
            </VitalSign>
            <VitalSign>
                  <Parameter>SPO2</Parameter>
                  <BpChannel />
                  <Time>12/21/2017 1:53:09 PM</Time>
                  <TimeUTC>1513885989</TimeUTC>
                  <Value UOM="%" Q="">100</Value>
                  <AlarmLimitLow />
                  <AlarmLimitHigh />
            </VitalSign>
            <VitalSign>
                  <Parameter>PULSE</Parameter>
                  <BpChannel />
                  <Time>12/21/2017 1:53:09 PM</Time>
                  <TimeUTC>1513885989</TimeUTC>
                  <Value UOM="BPM" Q="">140</Value>
                  <AlarmLimitLow />
                  <AlarmLimitHigh />
            </VitalSign>
            <VitalSign>
                  <Parameter>ABP-S</Parameter>
                  <BpChannel />
                  <Time>12/21/2017 1:53:09 PM</Time>
                  <TimeUTC>1513885989</TimeUTC>
                  <Value UOM="mmHg" Q="">57</Value>
                  <AlarmLimitLow />
                  <AlarmLimitHigh />
            </VitalSign>
            <VitalSign>
                  <Parameter>ABP-D</Parameter>
                  <BpChannel />
                  <Time>12/21/2017 1:53:09 PM</Time>
                  <TimeUTC>1513885989</TimeUTC>
                  <Value UOM="mmHg" Q="">38</Value>
                  <AlarmLimitLow />
                  <AlarmLimitHigh />
            </VitalSign>
            <VitalSign>
                  <Parameter>ABP-M</Parameter>
                  <BpChannel />
                  <Time>12/21/2017 1:53:09 PM</Time>
                  <TimeUTC>1513885989</TimeUTC>
                  <Value UOM="mmHg" Q="">44</Value>
                  <AlarmLimitLow />
                  <AlarmLimitHigh />
            </VitalSign>
      </VitalSigns>
      <Alarms />
      <ImportedData />
      <Waveforms CollectionTime="12/21/2017 1:53:10 PM" CollectionTimeUTC="1513885990" TTX="" DisplayOrder="">
            <WaveformData ID="3230796" Label="RESP" UOM="Ohms" Cal="0,1,1230,2867" SampleRate="125" SamplePeriodInMsec="1000" Samples="125">0.8,0.8,0.7,0.7,0.7,0.7,0.6,0.6,0.6,0.5,0.5,0.5,0.5,0.4,0.4,0.4,0.3,0.3,0.3,0.2,0.2,0.2,0.2,0.1,0.1,0.1,0.1,0.1,0.0,0.0,0.0,0.0,0.0,0.0,-0.1,-0.1,-0.1,-0.1,-0.1,-0.1,-0.1,-0.1,-0.1,-0.1,-0.1,-0.1,-0.1,-0.2,-0.2,-0.2,-0.2,-0.2,-0.2,-0.2,-0.2,-0.2,-0.2,-0.2,-0.2,-0.2,-0.2,-0.2,-0.2,-0.2,-0.2,-0.2,-0.2,-0.2,-0.2,-0.2,-0.2,-0.2,-0.2,-0.2,-0.2,-0.2,-0.2,-0.2,-0.2,-0.2,-0.2,-0.2,-0.2,-0.2,-0.2,-0.2,-0.2,-0.2,-0.2,-0.2,-0.2,-0.2,-0.2,-0.2,-0.2,-0.2,-0.2,-0.2,-0.2,-0.2,-0.2,-0.2,-0.2,-0.2,-0.2,-0.2,-0.2,-0.2,-0.2,-0.2,-0.1,-0.1,-0.1,-0.1,-0.1,-0.1,-0.1,-0.1,-0.1,-0.1,-0.1,-0.1,-0.1,-0.1,-0.1</WaveformData>
            <WaveformData ID="4487318" Label="II" UOM="mV" Cal="0,1,1023,3071" SampleRate="125" SamplePeriodInMsec="1000" Samples="125">0.7,0.715,0.725,0.735,0.745,0.755,0.765,0.79,0.815,0.85,0.89,0.93,0.97,1,1.03,1.045,1.05,1.04,1.015,0.98,0.935,0.89,0.84,0.795,0.75,0.705,0.665,0.625,0.595,0.6,0.645,0.72,0.765,0.735,0.66,0.595,0.58,0.585,0.59,0.595,0.605,0.62,0.63,0.605,0.695,1.22,1.5,1.5,0.73,0.465,0.63,0.74,0.755,0.76,0.765,0.77,0.775,0.78,0.785,0.795,0.805,0.815,0.84,0.87,0.905,0.945,0.975,1.005,1.03,1.04,1.045,1.025,1,0.965,0.92,0.875,0.83,0.79,0.745,0.705,0.66,0.625,0.61,0.635,0.69,0.755,0.765,0.7,0.62,0.575,0.57,0.575,0.58,0.59,0.6,0.61,0.615,0.59,0.88,1.5,1.5,1.13,0.47,0.425,0.68,0.725,0.73,0.74,0.75,0.755,0.755,0.76,0.765,0.77,0.78,0.795,0.815,0.85,0.885,0.915,0.945,0.975,0.99,1,0.99</WaveformData>
            <WaveformData ID="4214093" Label="SPO2" UOM="Uncalib" Cal="0,0,0,0" SampleRate="125" SamplePeriodInMsec="1000" Samples="125">3013.0,3032.0,3042.0,3042.0,3042.0,3032.0,3023.0,3023.0,3013.0,3003.0,2993.0,2984.0,2964.0,2935.0,2906.0,2876.0,2837.0,2789.0,2720.0,2662.0,2603.0,2535.0,2467.0,2399.0,2340.0,2272.0,2204.0,2135.0,2087.0,2028.0,1970.0,1911.0,1853.0,1794.0,1745.0,1697.0,1667.0,1648.0,1648.0,1677.0,1726.0,1794.0,1882.0,1989.0,2096.0,2223.0,2340.0,2457.0,2555.0,2633.0,2701.0,2740.0,2759.0,2769.0,2750.0,2730.0,2701.0,2672.0,2642.0,2603.0,2574.0,2545.0,2516.0,2477.0,2447.0,2408.0,2369.0,2321.0,2272.0,2223.0,2174.0,2126.0,2067.0,2018.0,1970.0,1911.0,1853.0,1794.0,1736.0,1677.0,1619.0,1560.0,1501.0,1443.0,1375.0,1316.0,1258.0,1199.0,1160.0,1121.0,1102.0,1102.0,1131.0,1189.0,1258.0,1375.0,1492.0,1628.0,1775.0,1921.0,2048.0,2184.0,2291.0,2379.0,2447.0,2486.0,2516.0,2525.0,2516.0,2496.0,2477.0,2447.0,2418.0,2399.0,2369.0,2340.0,2311.0,2291.0,2252.0,2223.0,2184.0,2145.0,2106.0,2067.0,2038.0</WaveformData>
            <WaveformData ID="3289908" Label="ABP" UOM="mmHg" Cal="30,60,307,3378" SampleRate="125" SamplePeriodInMsec="1000" Samples="125">42.1,41.9,41.8,41.5,41.2,40.9,40.6,40.4,40.1,39.9,39.6,39.3,38.9,38.7,38.5,38.4,38.4,39.1,40.5,42.9,46.0,49.4,52.6,55.3,56.9,57.3,56.4,54.6,52.4,50.1,48.1,46.5,45.6,45.1,45.0,45.0,45.1,45.2,45.2,45.2,45.0,44.7,44.4,44.1,43.7,43.2,42.8,42.4,42.0,41.6,41.3,41.0,40.7,40.5,40.3,40.2,40.0,39.8,39.6,39.3,39.1,38.8,38.5,38.2,37.9,37.7,37.4,37.2,37.0,36.9,37.3,38.3,40.3,43.2,46.9,50.6,53.9,56.2,57.4,57.4,56.2,54.4,52.2,50.1,48.2,46.7,45.6,45.1,44.9,45.0,45.1,45.1,45.2,45.1,45.0,44.8,44.5,44.1,43.7,43.3,42.9,42.5,42.1,41.7,41.3,41.0,40.7,40.6,40.4,40.2,40.1,39.8,39.6,39.3,39.1,38.8,38.5,38.2,38.0,37.7,37.4,37.2,37.0,37.1,37.7</WaveformData>
            <WaveformData ID="4214108" Label="Unk lbl 4214108" UOM="Uncalib" Cal="0,0,0,0" SampleRate="125" SamplePeriodInMsec="1000" Samples="125">1971,1932,1894,1856,1830,1792,1766,1740,1715,1702,1689,1676,1664,1651,1638,1638,1638,1651,1651,1689,1715,1766,1843,1920,2022,2124,2252,2380,2521,2649,2764,2880,2982,3059,3123,3174,3200,3212,3212,3212,3200,3187,3161,3136,3110,3072,3020,2982,2931,2867,2816,2764,2700,2649,2585,2521,2470,2406,2355,2291,2240,2188,2137,2086,2048,2009,1958,1920,1868,1830,1792,1766,1740,1740,1740,1753,1792,1830,1894,1971,2048,2124,2214,2291,2380,2432,2483,2521,2547,2547,2534,2508,2483,2444,2406,2355,2316,2265,2227,2176,2137,2099,2048,2022,1984,1932,1894,1843,1792,1753,1702,1651,1612,1561,1523,1472,1433,1395,1356,1318,1280,1254,1216,1203,1177</WaveformData>
      </Waveforms>
      <VitalSigns CollectionTime="12/21/2017 1:53:10 PM" CollectionTimeUTC="1513885990">
            <VitalSign>
                  <Parameter>HR</Parameter>
                  <BpChannel />
                  <Time>12/21/2017 1:53:10 PM</Time>
                  <TimeUTC>1513885990</TimeUTC>
                  <Value UOM="Bpm" Q="">140</Value>
                  <AlarmLimitLow />
                  <AlarmLimitHigh />
            </VitalSign>
            <VitalSign>
                  <Parameter>NBP-S</Parameter>
                  <BpChannel />
                  <Time>12/21/2017 8:23:00 PM</Time>
                  <TimeUTC>1513909380</TimeUTC>
                  <Value UOM="mmHg" Q="">NODATA</Value>
                  <AlarmLimitLow />
                  <AlarmLimitHigh />
            </VitalSign>
            <VitalSign>
                  <Parameter>NBP-D</Parameter>
                  <BpChannel />
                  <Time>12/21/2017 8:23:00 PM</Time>
                  <TimeUTC>1513909380</TimeUTC>
                  <Value UOM="mmHg" Q="">NODATA</Value>
                  <AlarmLimitLow />
                  <AlarmLimitHigh />
            </VitalSign>
            <VitalSign>
                  <Parameter>NBP-M</Parameter>
                  <BpChannel />
                  <Time>12/21/2017 8:23:00 PM</Time>
                  <TimeUTC>1513909380</TimeUTC>
                  <Value UOM="mmHg" Q="">NODATA</Value>
                  <AlarmLimitLow />
                  <AlarmLimitHigh />
            </VitalSign>
            <VitalSign>
                  <Parameter>PVC</Parameter>
                  <BpChannel />
                  <Time>12/21/2017 1:53:10 PM</Time>
                  <TimeUTC>1513885990</TimeUTC>
                  <Value UOM="Bpm" Q="">0</Value>
                  <AlarmLimitLow />
                  <AlarmLimitHigh />
            </VitalSign>
            <VitalSign>
                  <Parameter>RHY</Parameter>
                  <BpChannel />
                  <Time>12/21/2017 1:53:10 PM</Time>
                  <TimeUTC>1513885990</TimeUTC>
                  <Value UOM="" Q="">SINUS RHYTHM</Value>
                  <AlarmLimitLow />
                  <AlarmLimitHigh />
            </VitalSign>
            <VitalSign>
                  <Parameter>ECT</Parameter>
                  <BpChannel />
                  <Time>12/21/2017 1:53:10 PM</Time>
                  <TimeUTC>1513885990</TimeUTC>
                  <Value UOM="" Q="" />
                  <AlarmLimitLow />
                  <AlarmLimitHigh />
            </VitalSign>
            <VitalSign>
                  <Parameter>RESP</Parameter>
                  <BpChannel />
                  <Time>12/21/2017 1:53:10 PM</Time>
                  <TimeUTC>1513885990</TimeUTC>
                  <Value UOM="BrMin" Q="">41</Value>
                  <AlarmLimitLow />
                  <AlarmLimitHigh />
            </VitalSign>
            <VitalSign>
                  <Parameter>SPO2</Parameter>
                  <BpChannel />
                  <Time>12/21/2017 1:53:10 PM</Time>
                  <TimeUTC>1513885990</TimeUTC>
                  <Value UOM="%" Q="">100</Value>
                  <AlarmLimitLow />
                  <AlarmLimitHigh />
            </VitalSign>
            <VitalSign>
                  <Parameter>PULSE</Parameter>
                  <BpChannel />
                  <Time>12/21/2017 1:53:10 PM</Time>
                  <TimeUTC>1513885990</TimeUTC>
                  <Value UOM="BPM" Q="">140</Value>
                  <AlarmLimitLow />
                  <AlarmLimitHigh />
            </VitalSign>
            <VitalSign>
                  <Parameter>ABP-S</Parameter>
                  <BpChannel />
                  <Time>12/21/2017 1:53:10 PM</Time>
                  <TimeUTC>1513885990</TimeUTC>
                  <Value UOM="mmHg" Q="">58</Value>
                  <AlarmLimitLow />
                  <AlarmLimitHigh />
            </VitalSign>
            <VitalSign>
                  <Parameter>ABP-D</Parameter>
                  <BpChannel />
                  <Time>12/21/2017 1:53:10 PM</Time>
                  <TimeUTC>1513885990</TimeUTC>
                  <Value UOM="mmHg" Q="">38</Value>
                  <AlarmLimitLow />
                  <AlarmLimitHigh />
            </VitalSign>
            <VitalSign>
                  <Parameter>ABP-M</Parameter>
                  <BpChannel />
                  <Time>12/21/2017 1:53:10 PM</Time>
                  <TimeUTC>1513885990</TimeUTC>
                  <Value UOM="mmHg" Q="">45</Value>
                  <AlarmLimitLow />
                  <AlarmLimitHigh />
            </VitalSign>
      </VitalSigns>
      <Alarms />
      <ImportedData />
      <Waveforms CollectionTime="12/21/2017 1:53:11 PM" CollectionTimeUTC="1513885991" TTX="" DisplayOrder="">
            <WaveformData ID="3230796" Label="RESP" UOM="Ohms" Cal="0,1,1230,2867" SampleRate="125" SamplePeriodInMsec="1000" Samples="125">-0.1,-0.1,-0.1,-0.1,-0.1,-0.1,-0.1,-0.1,-0.1,-0.1,-0.1,-0.1,-0.1,-0.1,-0.1,-0.1,-0.1,-0.2,-0.2,-0.2,-0.2,-0.2,-0.2,-0.2,-0.1,-0.1,-0.1,-0.1,-0.1,-0.1,-0.1,-0.1,-0.1,0.0,0.0,0.0,0.1,0.1,0.1,0.2,0.2,0.2,0.3,0.3,0.4,0.4,0.5,0.5,0.5,0.6,0.6,0.6,0.7,0.7,0.7,0.8,0.8,0.8,0.9,0.9,0.9,0.9,0.9,0.9,0.9,0.9,1.0,1.0,1.0,1.0,1.0,1.0,1.0,1.0,1.0,1.0,1.0,1.0,1.0,1.0,0.9,0.9,0.9,0.9,0.9,0.9,0.9,0.9,0.8,0.8,0.8,0.8,0.7,0.7,0.7,0.6,0.6,0.6,0.5,0.5,0.5,0.5,0.4,0.4,0.4,0.3,0.3,0.3,0.3,0.2,0.2,0.2,0.2,0.1,0.1,0.1,0.1,0.1,0.0,0.0,0.0,0.0,0.0,0.0,0.0</WaveformData>
            <WaveformData ID="4487318" Label="II" UOM="mV" Cal="0,1,1023,3071" SampleRate="125" SamplePeriodInMsec="1000" Samples="125">0.965,0.935,0.895,0.85,0.81,0.765,0.72,0.68,0.645,0.61,0.575,0.585,0.63,0.7,0.74,0.7,0.615,0.55,0.53,0.53,0.54,0.54,0.545,0.555,0.555,0.525,0.655,1.275,1.5,1.405,0.55,0.355,0.535,0.62,0.63,0.63,0.63,0.635,0.635,0.63,0.625,0.63,0.64,0.65,0.67,0.69,0.72,0.755,0.78,0.8,0.815,0.82,0.825,0.795,0.76,0.715,0.67,0.625,0.58,0.535,0.495,0.46,0.43,0.4,0.39,0.425,0.495,0.565,0.58,0.51,0.435,0.4,0.405,0.415,0.425,0.44,0.46,0.48,0.475,0.505,0.865,1.5,1.5,0.85,0.37,0.475,0.63,0.665,0.68,0.695,0.71,0.725,0.74,0.75,0.76,0.765,0.78,0.81,0.845,0.885,0.925,0.96,0.99,1.02,1.035,1.04,1.025,1,0.965,0.925,0.88,0.835,0.785,0.745,0.7,0.66,0.625,0.595,0.605,0.65,0.725,0.765,0.74,0.66,0.595</WaveformData>
            <WaveformData ID="4214093" Label="SPO2" UOM="Uncalib" Cal="0,0,0,0" SampleRate="125" SamplePeriodInMsec="1000" Samples="125">1989.0,1950.0,1901.0,1853.0,1804.0,1755.0,1697.0,1648.0,1589.0,1540.0,1454.0,1392.0,1331.0,1269.0,1208.0,1157.0,1116.0,1075.0,1054.0,1065.0,1095.0,1146.0,1239.0,1341.0,1474.0,1618.0,1781.0,1935.0,2078.0,2222.0,2344.0,2447.0,2519.0,2580.0,2600.0,2611.0,2600.0,2600.0,2600.0,2580.0,2549.0,2519.0,2498.0,2467.0,2437.0,2406.0,2375.0,2344.0,2314.0,2273.0,2232.0,2191.0,2150.0,2099.0,2058.0,2017.0,1966.0,1914.0,1863.0,1802.0,1751.0,1699.0,1638.0,1587.0,1525.0,1474.0,1413.0,1351.0,1300.0,1239.0,1198.0,1157.0,1136.0,1136.0,1146.0,1208.0,1290.0,1392.0,1536.0,1679.0,1863.0,2037.0,2211.0,2385.0,2549.0,2682.0,2805.0,2897.0,2959.0,3010.0,3031.0,3051.0,3051.0,3041.0,3041.0,3031.0,3010.0,3000.0,2990.0,2969.0,2949.0,2928.0,2908.0,2877.0,2836.0,2795.0,2754.0,2713.0,2662.0,2600.0,2539.0,2478.0,2416.0,2344.0,2283.0,2222.0,2160.0,2099.0,2048.0,1986.0,1925.0,1853.0,1792.0,1730.0,1679.0</WaveformData>
            <WaveformData ID="3289908" Label="ABP" UOM="mmHg" Cal="30,60,307,3378" SampleRate="125" SamplePeriodInMsec="1000" Samples="125">39.4,42.1,45.7,49.6,53.2,56.0,57.8,58.4,58.0,56.5,54.4,52.1,49.9,48.1,46.9,46.1,45.8,45.7,45.9,46.1,46.2,46.3,46.2,46.1,45.8,45.6,45.2,44.9,44.4,44.0,43.6,43.1,42.8,42.5,42.3,42.1,41.9,41.8,41.6,41.4,41.2,40.9,40.7,40.4,40.2,39.9,39.6,39.3,39.0,38.7,38.6,38.6,39.3,40.8,43.5,47.3,51.6,55.6,58.7,60.9,61.9,61.7,60.4,58.4,56.0,53.5,51.2,49.5,48.3,47.6,47.3,47.3,47.3,47.4,47.5,47.4,47.3,46.9,46.6,46.2,45.8,45.4,44.9,44.3,43.9,43.5,43.1,42.7,42.4,42.1,41.9,41.7,41.5,41.2,41.0,40.7,40.4,40.1,39.8,39.5,39.3,39.0,38.7,38.4,38.2,38.4,39.0,40.4,42.9,46.2,49.9,53.2,55.7,57.0,57.2,56.2,54.4,52.2,49.9,47.9,46.4,45.4,45.0,44.9,45.0</WaveformData>
            <WaveformData ID="4214108" Label="Unk lbl 4214108" UOM="Uncalib" Cal="0,0,0,0" SampleRate="125" SamplePeriodInMsec="1000" Samples="125">1164,1177,1190,1216,1254,1318,1395,1484,1587,1702,1804,1920,2022,2112,2188,2252,2304,2329,2342,2342,2342,2316,2291,2252,2214,2188,2150,2112,2073,2048,2009,1971,1945,1907,1868,1817,1779,1740,1702,1651,1612,1574,1536,1497,1459,1420,1395,1356,1331,1305,1170,1141,1126,1111,1111,1126,1170,1243,1316,1419,1536,1667,1814,1960,2077,2223,2340,2442,2530,2603,2647,2677,2677,2662,2647,2603,2559,2516,2472,2413,2369,2325,2267,2223,2179,2121,2077,2048,2004,1960,1916,1872,1828,1799,1755,1726,1697,1682,1653,1638,1623,1609,1594,1594,1580,1580,1594,1609,1638,1667,1740,1814,1901,2018,2135,2282,2428,2574,2720,2867,2984,3101,3188,3247,3306</WaveformData>
      </Waveforms>
      <VitalSigns CollectionTime="12/21/2017 1:53:11 PM" CollectionTimeUTC="1513885991">
            <VitalSign>
                  <Parameter>HR</Parameter>
                  <BpChannel />
                  <Time>12/21/2017 1:53:11 PM</Time>
                  <TimeUTC>1513885991</TimeUTC>
                  <Value UOM="Bpm" Q="">140</Value>
                  <AlarmLimitLow />
                  <AlarmLimitHigh />
            </VitalSign>
            <VitalSign>
                  <Parameter>NBP-S</Parameter>
                  <BpChannel />
                  <Time>12/21/2017 8:23:00 PM</Time>
                  <TimeUTC>1513909380</TimeUTC>
                  <Value UOM="mmHg" Q="">NODATA</Value>
                  <AlarmLimitLow />
                  <AlarmLimitHigh />
            </VitalSign>
            <VitalSign>
                  <Parameter>NBP-D</Parameter>
                  <BpChannel />
                  <Time>12/21/2017 8:23:00 PM</Time>
                  <TimeUTC>1513909380</TimeUTC>
                  <Value UOM="mmHg" Q="">NODATA</Value>
                  <AlarmLimitLow />
                  <AlarmLimitHigh />
            </VitalSign>
            <VitalSign>
                  <Parameter>NBP-M</Parameter>
                  <BpChannel />
                  <Time>12/21/2017 8:23:00 PM</Time>
                  <TimeUTC>1513909380</TimeUTC>
                  <Value UOM="mmHg" Q="">NODATA</Value>
                  <AlarmLimitLow />
                  <AlarmLimitHigh />
            </VitalSign>
            <VitalSign>
                  <Parameter>PVC</Parameter>
                  <BpChannel />
                  <Time>12/21/2017 1:53:11 PM</Time>
                  <TimeUTC>1513885991</TimeUTC>
                  <Value UOM="Bpm" Q="">0</Value>
                  <AlarmLimitLow />
                  <AlarmLimitHigh />
            </VitalSign>
            <VitalSign>
                  <Parameter>RHY</Parameter>
                  <BpChannel />
                  <Time>12/21/2017 1:53:11 PM</Time>
                  <TimeUTC>1513885991</TimeUTC>
                  <Value UOM="" Q="">SINUS RHYTHM</Value>
                  <AlarmLimitLow />
                  <AlarmLimitHigh />
            </VitalSign>
            <VitalSign>
                  <Parameter>ECT</Parameter>
                  <BpChannel />
                  <Time>12/21/2017 1:53:11 PM</Time>
                  <TimeUTC>1513885991</TimeUTC>
                  <Value UOM="" Q="" />
                  <AlarmLimitLow />
                  <AlarmLimitHigh />
            </VitalSign>
            <VitalSign>
                  <Parameter>RESP</Parameter>
                  <BpChannel />
                  <Time>12/21/2017 1:53:11 PM</Time>
                  <TimeUTC>1513885991</TimeUTC>
                  <Value UOM="BrMin" Q="">40</Value>
                  <AlarmLimitLow />
                  <AlarmLimitHigh />
            </VitalSign>
            <VitalSign>
                  <Parameter>SPO2</Parameter>
                  <BpChannel />
                  <Time>12/21/2017 1:53:11 PM</Time>
                  <TimeUTC>1513885991</TimeUTC>
                  <Value UOM="%" Q="">100</Value>
                  <AlarmLimitLow />
                  <AlarmLimitHigh />
            </VitalSign>
            <VitalSign>
                  <Parameter>PULSE</Parameter>
                  <BpChannel />
                  <Time>12/21/2017 1:53:11 PM</Time>
                  <TimeUTC>1513885991</TimeUTC>
                  <Value UOM="BPM" Q="">140</Value>
                  <AlarmLimitLow />
                  <AlarmLimitHigh />
            </VitalSign>
            <VitalSign>
                  <Parameter>ABP-S</Parameter>
                  <BpChannel />
                  <Time>12/21/2017 1:53:11 PM</Time>
                  <TimeUTC>1513885991</TimeUTC>
                  <Value UOM="mmHg" Q="">58</Value>
                  <AlarmLimitLow />
                  <AlarmLimitHigh />
            </VitalSign>
            <VitalSign>
                  <Parameter>ABP-D</Parameter>
                  <BpChannel />
                  <Time>12/21/2017 1:53:11 PM</Time>
                  <TimeUTC>1513885991</TimeUTC>
                  <Value UOM="mmHg" Q="">38</Value>
                  <AlarmLimitLow />
                  <AlarmLimitHigh />
            </VitalSign>
            <VitalSign>
                  <Parameter>ABP-M</Parameter>
                  <BpChannel />
                  <Time>12/21/2017 1:53:11 PM</Time>
                  <TimeUTC>1513885991</TimeUTC>
                  <Value UOM="mmHg" Q="">45</Value>
                  <AlarmLimitLow />
                  <AlarmLimitHigh />
            </VitalSign>
      </VitalSigns>
      <Alarms />
      <ImportedData />
      <Waveforms CollectionTime="12/21/2017 1:53:12 PM" CollectionTimeUTC="1513885992" TTX="" DisplayOrder="">
            <WaveformData ID="3230796" Label="RESP" UOM="Ohms" Cal="0,1,1230,2867" SampleRate="125" SamplePeriodInMsec="1000" Samples="125">-0.1,-0.1,-0.1,-0.1,-0.1,-0.1,-0.1,-0.1,-0.1,-0.1,-0.1,-0.1,-0.1,-0.1,-0.1,-0.1,-0.1,-0.1,-0.1,-0.1,-0.1,-0.1,-0.1,-0.1,-0.1,-0.1,-0.1,-0.1,-0.1,-0.1,-0.1,-0.1,-0.1,-0.1,-0.1,-0.1,-0.1,-0.1,-0.1,-0.1,-0.1,-0.1,-0.1,-0.2,-0.2,-0.2,-0.2,-0.2,-0.2,-0.2,-0.2,-0.2,-0.2,-0.2,-0.2,-0.2,-0.2,-0.2,-0.2,-0.2,-0.2,-0.2,-0.2,-0.2,-0.2,-0.2,-0.2,-0.2,-0.2,-0.2,-0.2,-0.2,-0.2,-0.2,-0.2,-0.2,-0.2,-0.2,-0.1,-0.1,-0.1,-0.1,-0.1,-0.1,-0.1,-0.1,-0.1,-0.1,-0.1,-0.1,-0.1,-0.1,-0.1,-0.1,-0.1,-0.1,-0.1,-0.1,-0.1,-0.1,-0.1,-0.1,-0.2,-0.2,-0.2,-0.2,-0.2,-0.2,-0.2,-0.2,-0.2,-0.2,-0.2,-0.2,-0.1,-0.1,-0.1,-0.1,-0.1,-0.1,-0.1,0.0,0.0,0.0,0.0</WaveformData>
            <WaveformData ID="4487318" Label="II" UOM="mV" Cal="0,1,1023,3071" SampleRate="125" SamplePeriodInMsec="1000" Samples="125">0.575,0.58,0.585,0.595,0.605,0.615,0.625,0.605,0.695,1.235,1.5,1.5,0.71,0.455,0.635,0.74,0.755,0.755,0.765,0.77,0.775,0.78,0.785,0.79,0.8,0.815,0.84,0.87,0.9,0.935,0.965,0.995,1.02,1.035,1.035,1.015,0.985,0.945,0.9,0.855,0.81,0.765,0.72,0.68,0.635,0.6,0.585,0.61,0.67,0.73,0.74,0.675,0.595,0.55,0.545,0.55,0.56,0.565,0.58,0.595,0.585,0.57,0.87,1.5,1.5,1.095,0.46,0.42,0.67,0.715,0.72,0.725,0.73,0.735,0.74,0.745,0.75,0.755,0.765,0.79,0.81,0.84,0.875,0.905,0.935,0.96,0.98,0.985,0.975,0.955,0.92,0.88,0.84,0.8,0.76,0.715,0.675,0.635,0.6,0.57,0.575,0.62,0.69,0.725,0.68,0.595,0.53,0.51,0.515,0.52,0.52,0.525,0.535,0.54,0.515,0.655,1.28,1.5,1.345,0.505,0.335,0.52,0.605,0.61,0.615</WaveformData>
            <WaveformData ID="4214093" Label="SPO2" UOM="Uncalib" Cal="0,0,0,0" SampleRate="125" SamplePeriodInMsec="1000" Samples="125">1638.0,1607.0,1607.0,1618.0,1658.0,1720.0,1802.0,1914.0,2027.0,2140.0,2273.0,2396.0,2498.0,2600.0,2662.0,2713.0,2744.0,2754.0,2744.0,2723.0,2693.0,2662.0,2631.0,2590.0,2560.0,2519.0,2488.0,2447.0,2406.0,2365.0,2324.0,2283.0,2232.0,2181.0,2129.0,2068.0,2027.0,1966.0,1914.0,1853.0,1792.0,1740.0,1679.0,1618.0,1556.0,1495.0,1433.0,1372.0,1300.0,1239.0,1177.0,1116.0,1065.0,1034.0,1003.0,1003.0,1024.0,1065.0,1146.0,1239.0,1372.0,1515.0,1669.0,1822.0,1955.0,1966.0,2037.0,2170.0,2283.0,2375.0,2447.0,2488.0,2519.0,2519.0,2508.0,2498.0,2467.0,2447.0,2416.0,2385.0,2365.0,2334.0,2314.0,2283.0,2252.0,2222.0,2181.0,2150.0,2109.0,2058.0,2027.0,1976.0,1925.0,1884.0,1833.0,1781.0,1730.0,1679.0,1628.0,1566.0,1515.0,1454.0,1392.0,1331.0,1269.0,1208.0,1157.0,1116.0,1075.0,1065.0,1065.0,1095.0,1157.0,1228.0,1351.0,1474.0,1638.0,1802.0,1966.0,2099.0,2242.0,2365.0,2457.0,2539.0,2580.0</WaveformData>
            <WaveformData ID="3289908" Label="ABP" UOM="mmHg" Cal="30,60,307,3378" SampleRate="125" SamplePeriodInMsec="1000" Samples="125">45.1,45.2,45.2,45.1,44.9,44.7,44.4,44.0,43.6,43.2,42.7,42.3,41.9,41.5,41.2,40.9,40.6,40.4,40.2,40.1,39.9,39.7,39.5,39.2,38.9,38.7,38.4,38.2,37.9,37.6,37.4,37.1,36.9,36.9,37.3,38.3,40.3,43.3,46.9,50.7,54.0,56.3,57.5,57.5,56.3,54.4,52.1,49.8,47.9,46.4,45.5,45.1,44.9,45.1,45.2,45.2,45.3,45.2,45.1,44.9,44.6,44.2,43.7,43.3,42.9,42.4,42.1,41.7,41.3,41.0,40.8,40.6,40.4,40.2,40.1,39.9,39.7,39.4,39.2,38.9,38.6,38.2,38.0,37.7,37.5,37.2,37.2,37.3,38.1,39.7,42.4,46.0,49.9,53.4,56.2,57.9,58.5,57.9,56.3,54.2,51.9,49.8,48.1,46.9,46.2,45.9,45.9,46.1,46.2,46.4,46.4,46.2,46.1,45.9,45.6,45.3,44.9,44.5,44.1,43.7,43.3,42.9,42.6,42.4,42.2</WaveformData>
            <WaveformData ID="4214108" Label="Unk lbl 4214108" UOM="Uncalib" Cal="0,0,0,0" SampleRate="125" SamplePeriodInMsec="1000" Samples="125">3335,3349,3349,3349,3335,3306,3291,3247,3188,3145,3086,3028,2969,2911,2852,2779,2720,2647,2589,2516,2457,2384,2325,2267,2208,2135,2077,2048,1989,1931,1887,1828,1784,1740,1697,1667,1653,1638,1653,1667,1711,1770,1843,1931,2018,2106,2208,2296,2384,2457,2516,2545,2559,2559,2545,2530,2486,2442,2399,2340,2296,2238,2194,2135,2091,2048,2004,1960,1901,1857,1814,1755,1711,1653,1594,1550,1492,1448,1389,1345,1302,1258,1214,1170,1126,1097,1053,1038,1009,1009,1009,1024,1068,1126,1214,1331,1448,1580,1711,1857,1989,2106,2208,2296,2369,2413,2442,2457,2457,2442,2413,2384,2340,2296,2252,2208,2165,2121,2091,2048,2018,1974,1931,1887,1828</WaveformData>
      </Waveforms>
      <VitalSigns CollectionTime="12/21/2017 1:53:12 PM" CollectionTimeUTC="1513885992">
            <VitalSign>
                  <Parameter>HR</Parameter>
                  <BpChannel />
                  <Time>12/21/2017 1:53:12 PM</Time>
                  <TimeUTC>1513885992</TimeUTC>
                  <Value UOM="Bpm" Q="">140</Value>
                  <AlarmLimitLow />
                  <AlarmLimitHigh />
            </VitalSign>
            <VitalSign>
                  <Parameter>NBP-S</Parameter>
                  <BpChannel />
                  <Time>12/21/2017 8:23:00 PM</Time>
                  <TimeUTC>1513909380</TimeUTC>
                  <Value UOM="mmHg" Q="">NODATA</Value>
                  <AlarmLimitLow />
                  <AlarmLimitHigh />
            </VitalSign>
            <VitalSign>
                  <Parameter>NBP-D</Parameter>
                  <BpChannel />
                  <Time>12/21/2017 8:23:00 PM</Time>
                  <TimeUTC>1513909380</TimeUTC>
                  <Value UOM="mmHg" Q="">NODATA</Value>
                  <AlarmLimitLow />
                  <AlarmLimitHigh />
            </VitalSign>
            <VitalSign>
                  <Parameter>NBP-M</Parameter>
                  <BpChannel />
                  <Time>12/21/2017 8:23:00 PM</Time>
                  <TimeUTC>1513909380</TimeUTC>
                  <Value UOM="mmHg" Q="">NODATA</Value>
                  <AlarmLimitLow />
                  <AlarmLimitHigh />
            </VitalSign>
            <VitalSign>
                  <Parameter>PVC</Parameter>
                  <BpChannel />
                  <Time>12/21/2017 1:53:12 PM</Time>
                  <TimeUTC>1513885992</TimeUTC>
                  <Value UOM="Bpm" Q="">0</Value>
                  <AlarmLimitLow />
                  <AlarmLimitHigh />
            </VitalSign>
            <VitalSign>
                  <Parameter>RHY</Parameter>
                  <BpChannel />
                  <Time>12/21/2017 1:53:12 PM</Time>
                  <TimeUTC>1513885992</TimeUTC>
                  <Value UOM="" Q="">SINUS RHYTHM</Value>
                  <AlarmLimitLow />
                  <AlarmLimitHigh />
            </VitalSign>
            <VitalSign>
                  <Parameter>ECT</Parameter>
                  <BpChannel />
                  <Time>12/21/2017 1:53:12 PM</Time>
                  <TimeUTC>1513885992</TimeUTC>
                  <Value UOM="" Q="" />
                  <AlarmLimitLow />
                  <AlarmLimitHigh />
            </VitalSign>
            <VitalSign>
                  <Parameter>RESP</Parameter>
                  <BpChannel />
                  <Time>12/21/2017 1:53:12 PM</Time>
                  <TimeUTC>1513885992</TimeUTC>
                  <Value UOM="BrMin" Q="">40</Value>
                  <AlarmLimitLow />
                  <AlarmLimitHigh />
            </VitalSign>
            <VitalSign>
                  <Parameter>SPO2</Parameter>
                  <BpChannel />
                  <Time>12/21/2017 1:53:12 PM</Time>
                  <TimeUTC>1513885992</TimeUTC>
                  <Value UOM="%" Q="">100</Value>
                  <AlarmLimitLow />
                  <AlarmLimitHigh />
            </VitalSign>
            <VitalSign>
                  <Parameter>PULSE</Parameter>
                  <BpChannel />
                  <Time>12/21/2017 1:53:12 PM</Time>
                  <TimeUTC>1513885992</TimeUTC>
                  <Value UOM="BPM" Q="">140</Value>
                  <AlarmLimitLow />
                  <AlarmLimitHigh />
            </VitalSign>
            <VitalSign>
                  <Parameter>ABP-S</Parameter>
                  <BpChannel />
                  <Time>12/21/2017 1:53:12 PM</Time>
                  <TimeUTC>1513885992</TimeUTC>
                  <Value UOM="mmHg" Q="">58</Value>
                  <AlarmLimitLow />
                  <AlarmLimitHigh />
            </VitalSign>
            <VitalSign>
                  <Parameter>ABP-D</Parameter>
                  <BpChannel />
                  <Time>12/21/2017 1:53:12 PM</Time>
                  <TimeUTC>1513885992</TimeUTC>
                  <Value UOM="mmHg" Q="">38</Value>
                  <AlarmLimitLow />
                  <AlarmLimitHigh />
            </VitalSign>
            <VitalSign>
                  <Parameter>ABP-M</Parameter>
                  <BpChannel />
                  <Time>12/21/2017 1:53:12 PM</Time>
                  <TimeUTC>1513885992</TimeUTC>
                  <Value UOM="mmHg" Q="">45</Value>
                  <AlarmLimitLow />
                  <AlarmLimitHigh />
            </VitalSign>
      </VitalSigns>
      <Alarms />
      <ImportedData />
      <Waveforms CollectionTime="12/21/2017 1:53:13 PM" CollectionTimeUTC="1513885993" TTX="" DisplayOrder="">
            <WaveformData ID="3230796" Label="RESP" UOM="Ohms" Cal="0,1,1230,2867" SampleRate="125" SamplePeriodInMsec="1000" Samples="125">0.1,0.1,0.1,0.2,0.2,0.3,0.3,0.4,0.4,0.4,0.5,0.5,0.6,0.6,0.6,0.7,0.7,0.7,0.8,0.8,0.8,0.8,0.8,0.9,0.9,0.9,0.9,0.9,0.9,0.9,0.9,0.9,1.0,1.0,1.0,1.0,1.0,1.0,1.0,1.0,1.0,0.9,0.9,0.9,0.9,0.9,0.9,0.9,0.9,0.9,0.8,0.8,0.8,0.8,0.7,0.7,0.7,0.7,0.6,0.6,0.6,0.5,0.5,0.5,0.4,0.4,0.4,0.3,0.3,0.3,0.3,0.2,0.2,0.2,0.2,0.1,0.1,0.1,0.1,0.1,0.0,0.0,0.0,0.0,0.0,0.0,0.0,-0.1,-0.1,-0.1,-0.1,-0.1,-0.1,-0.1,-0.1,-0.1,-0.1,-0.1,-0.1,-0.1,-0.2,-0.2,-0.2,-0.2,-0.2,-0.2,-0.2,-0.2,-0.2,-0.2,-0.2,-0.2,-0.2,-0.2,-0.2,-0.2,-0.2,-0.2,-0.2,-0.2,-0.2,-0.2,-0.2,-0.2,-0.2</WaveformData>
            <WaveformData ID="4487318" Label="II" UOM="mV" Cal="0,1,1023,3071" SampleRate="125" SamplePeriodInMsec="1000" Samples="125">0.62,0.62,0.62,0.615,0.615,0.615,0.625,0.635,0.66,0.685,0.72,0.75,0.775,0.795,0.81,0.82,0.81,0.785,0.755,0.71,0.66,0.615,0.57,0.525,0.485,0.45,0.42,0.39,0.385,0.425,0.495,0.565,0.575,0.5,0.43,0.4,0.4,0.41,0.42,0.435,0.45,0.47,0.465,0.5,0.88,1.5,1.5,0.81,0.35,0.465,0.625,0.655,0.665,0.68,0.695,0.705,0.715,0.725,0.735,0.75,0.77,0.8,0.835,0.87,0.905,0.945,0.98,1.005,1.025,1.025,1.01,0.98,0.945,0.9,0.855,0.81,0.765,0.725,0.675,0.635,0.6,0.575,0.585,0.635,0.705,0.745,0.705,0.625,0.565,0.55,0.56,0.57,0.575,0.59,0.6,0.605,0.575,0.7,1.3,1.5,1.445,0.63,0.45,0.635,0.725,0.735,0.74,0.75,0.755,0.76,0.76,0.765,0.77,0.78,0.795,0.82,0.85,0.885,0.92,0.955,0.985,1.005,1.01,1.005,0.985</WaveformData>
            <WaveformData ID="4214093" Label="SPO2" UOM="Uncalib" Cal="0,0,0,0" SampleRate="125" SamplePeriodInMsec="1000" Samples="125">2611.0,2621.0,2611.0,2600.0,2570.0,2549.0,2519.0,2498.0,2413.0,2395.0,2368.0,2341.0,2315.0,2288.0,2252.0,2226.0,2181.0,2145.0,2101.0,2065.0,2030.0,1976.0,1932.0,1887.0,1843.0,1789.0,1745.0,1691.0,1647.0,1593.0,1540.0,1496.0,1442.0,1389.0,1344.0,1317.0,1291.0,1282.0,1300.0,1335.0,1398.0,1487.0,1593.0,1736.0,1878.0,2039.0,2181.0,2341.0,2484.0,2617.0,2724.0,2804.0,2898.0,2933.0,2956.0,2965.0,2960.0,2951.0,2933.0,2920.0,2906.0,2875.0,2853.0,2826.0,2787.0,2751.0,2715.0,2671.0,2626.0,2582.0,2537.0,2493.0,2439.0,2395.0,2341.0,2288.0,2243.0,2190.0,2137.0,2083.0,2030.0,1976.0,1923.0,1870.0,1816.0,1780.0,1745.0,1736.0,1736.0,1754.0,1807.0,1870.0,1950.0,2048.0,2137.0,2243.0,2341.0,2439.0,2519.0,2582.0,2626.0,2653.0,2662.0,2662.0,2644.0,2617.0,2591.0,2564.0,2528.0,2502.0,2466.0,2439.0,2404.0,2377.0,2341.0,2297.0,2261.0,2217.0,2172.0,2128.0,2074.0,2039.0,1985.0,1941.0,1887.0</WaveformData>
            <WaveformData ID="3289908" Label="ABP" UOM="mmHg" Cal="30,60,307,3378" SampleRate="125" SamplePeriodInMsec="1000" Samples="125">42.0,41.9,41.7,41.5,41.2,41.0,40.7,40.5,40.2,39.9,39.6,39.3,39.0,38.8,38.6,38.7,39.4,40.9,43.7,47.6,51.8,55.8,59.0,61.1,62.1,61.8,60.4,58.3,55.8,53.2,51.0,49.2,48.1,47.4,47.2,47.3,47.5,47.6,47.6,47.6,47.3,46.9,46.6,46.1,45.7,45.3,44.9,44.3,43.9,43.5,43.1,42.7,42.5,42.3,42.1,41.9,41.6,41.4,41.1,40.8,40.5,40.2,39.9,39.6,39.3,39.1,38.7,38.5,38.4,38.5,39.1,40.7,43.1,46.4,50.1,53.3,55.8,57.0,57.1,56.1,54.2,52.0,49.8,47.9,46.4,45.5,45.1,45.1,45.1,45.2,45.3,45.4,45.2,45.0,44.8,44.4,44.0,43.6,43.1,42.7,42.3,41.9,41.5,41.1,40.8,40.6,40.4,40.2,40.1,39.9,39.7,39.4,39.2,38.9,38.6,38.3,38.1,37.8,37.6,37.3,37.1,36.9,36.9,37.2,38.4</WaveformData>
            <WaveformData ID="4214108" Label="Unk lbl 4214108" UOM="Uncalib" Cal="0,0,0,0" SampleRate="125" SamplePeriodInMsec="1000" Samples="125">1784,1740,1682,1638,1594,1550,1492,1448,1404,1360,1331,1287,1258,1214,1185,1155,1141,1141,1141,1155,1199,1258,1345,1448,1565,1711,1843,1989,2121,2252,2369,2472,2559,2618,2662,2677,2691,2677,2647,2618,2574,2530,2486,2428,2384,2340,2296,2238,2168,2132,2096,2060,2036,1999,1963,1927,1903,1867,1843,1819,1795,1783,1758,1746,1734,1734,1722,1710,1710,1710,1722,1734,1758,1795,1843,1903,1987,2072,2180,2300,2421,2541,2662,2770,2879,2963,3035,3096,3132,3156,3168,3168,3168,3156,3132,3108,3083,3035,2999,2951,2903,2843,2794,2746,2686,2626,2578,2517,2457,2409,2349,2300,2240,2192,2144,2096,2048,2011,1963,1927,1879,1843,1807,1771,1746</WaveformData>
      </Waveforms>
      <VitalSigns CollectionTime="12/21/2017 1:53:13 PM" CollectionTimeUTC="1513885993">
            <VitalSign>
                  <Parameter>HR</Parameter>
                  <BpChannel />
                  <Time>12/21/2017 1:53:13 PM</Time>
                  <TimeUTC>1513885993</TimeUTC>
                  <Value UOM="Bpm" Q="">140</Value>
                  <AlarmLimitLow />
                  <AlarmLimitHigh />
            </VitalSign>
            <VitalSign>
                  <Parameter>NBP-S</Parameter>
                  <BpChannel />
                  <Time>12/21/2017 8:23:00 PM</Time>
                  <TimeUTC>1513909380</TimeUTC>
                  <Value UOM="mmHg" Q="">NODATA</Value>
                  <AlarmLimitLow />
                  <AlarmLimitHigh />
            </VitalSign>
            <VitalSign>
                  <Parameter>NBP-D</Parameter>
                  <BpChannel />
                  <Time>12/21/2017 8:23:00 PM</Time>
                  <TimeUTC>1513909380</TimeUTC>
                  <Value UOM="mmHg" Q="">NODATA</Value>
                  <AlarmLimitLow />
                  <AlarmLimitHigh />
            </VitalSign>
            <VitalSign>
                  <Parameter>NBP-M</Parameter>
                  <BpChannel />
                  <Time>12/21/2017 8:23:00 PM</Time>
                  <TimeUTC>1513909380</TimeUTC>
                  <Value UOM="mmHg" Q="">NODATA</Value>
                  <AlarmLimitLow />
                  <AlarmLimitHigh />
            </VitalSign>
            <VitalSign>
                  <Parameter>PVC</Parameter>
                  <BpChannel />
                  <Time>12/21/2017 1:53:13 PM</Time>
                  <TimeUTC>1513885993</TimeUTC>
                  <Value UOM="Bpm" Q="">0</Value>
                  <AlarmLimitLow />
                  <AlarmLimitHigh />
            </VitalSign>
            <VitalSign>
                  <Parameter>RHY</Parameter>
                  <BpChannel />
                  <Time>12/21/2017 1:53:13 PM</Time>
                  <TimeUTC>1513885993</TimeUTC>
                  <Value UOM="" Q="">SINUS RHYTHM</Value>
                  <AlarmLimitLow />
                  <AlarmLimitHigh />
            </VitalSign>
            <VitalSign>
                  <Parameter>ECT</Parameter>
                  <BpChannel />
                  <Time>12/21/2017 1:53:13 PM</Time>
                  <TimeUTC>1513885993</TimeUTC>
                  <Value UOM="" Q="" />
                  <AlarmLimitLow />
                  <AlarmLimitHigh />
            </VitalSign>
            <VitalSign>
                  <Parameter>RESP</Parameter>
                  <BpChannel />
                  <Time>12/21/2017 1:53:13 PM</Time>
                  <TimeUTC>1513885993</TimeUTC>
                  <Value UOM="BrMin" Q="">40</Value>
                  <AlarmLimitLow />
                  <AlarmLimitHigh />
            </VitalSign>
            <VitalSign>
                  <Parameter>SPO2</Parameter>
                  <BpChannel />
                  <Time>12/21/2017 1:53:13 PM</Time>
                  <TimeUTC>1513885993</TimeUTC>
                  <Value UOM="%" Q="">100</Value>
                  <AlarmLimitLow />
                  <AlarmLimitHigh />
            </VitalSign>
            <VitalSign>
                  <Parameter>PULSE</Parameter>
                  <BpChannel />
                  <Time>12/21/2017 1:53:13 PM</Time>
                  <TimeUTC>1513885993</TimeUTC>
                  <Value UOM="BPM" Q="">140</Value>
                  <AlarmLimitLow />
                  <AlarmLimitHigh />
            </VitalSign>
            <VitalSign>
                  <Parameter>ABP-S</Parameter>
                  <BpChannel />
                  <Time>12/21/2017 1:53:13 PM</Time>
                  <TimeUTC>1513885993</TimeUTC>
                  <Value UOM="mmHg" Q="">58</Value>
                  <AlarmLimitLow />
                  <AlarmLimitHigh />
            </VitalSign>
            <VitalSign>
                  <Parameter>ABP-D</Parameter>
                  <BpChannel />
                  <Time>12/21/2017 1:53:13 PM</Time>
                  <TimeUTC>1513885993</TimeUTC>
                  <Value UOM="mmHg" Q="">38</Value>
                  <AlarmLimitLow />
                  <AlarmLimitHigh />
            </VitalSign>
            <VitalSign>
                  <Parameter>ABP-M</Parameter>
                  <BpChannel />
                  <Time>12/21/2017 1:53:13 PM</Time>
                  <TimeUTC>1513885993</TimeUTC>
                  <Value UOM="mmHg" Q="">45</Value>
                  <AlarmLimitLow />
                  <AlarmLimitHigh />
            </VitalSign>
      </VitalSigns>
      <Alarms />
      <ImportedData />
      <Waveforms CollectionTime="12/21/2017 1:53:14 PM" CollectionTimeUTC="1513885994" TTX="" DisplayOrder="">
            <WaveformData ID="3230796" Label="RESP" UOM="Ohms" Cal="0,1,1230,2867" SampleRate="125" SamplePeriodInMsec="1000" Samples="125">-0.2,-0.2,-0.2,-0.2,-0.2,-0.2,-0.2,-0.2,-0.2,-0.2,-0.2,-0.2,-0.2,-0.2,-0.2,-0.2,-0.2,-0.2,-0.2,-0.2,-0.2,-0.2,-0.2,-0.2,-0.2,-0.2,-0.2,-0.2,-0.2,-0.2,-0.2,-0.2,-0.2,-0.2,-0.2,-0.2,-0.2,-0.2,-0.2,-0.2,-0.2,-0.2,-0.1,-0.1,-0.1,-0.1,-0.1,-0.1,-0.1,-0.1,-0.1,-0.1,-0.1,-0.1,-0.1,-0.1,-0.1,-0.1,-0.1,-0.1,-0.1,-0.1,-0.2,-0.2,-0.2,-0.2,-0.2,-0.2,-0.2,-0.2,-0.2,-0.2,-0.2,-0.2,-0.2,-0.2,-0.2,-0.2,-0.2,-0.1,-0.1,-0.1,-0.1,-0.1,-0.1,0.0,0.0,0.0,0.0,0.1,0.1,0.1,0.2,0.2,0.2,0.3,0.3,0.4,0.4,0.5,0.5,0.6,0.6,0.6,0.7,0.7,0.7,0.8,0.8,0.8,0.8,0.8,0.9,0.9,0.9,0.9,0.9,0.9,0.9,0.9,0.9,0.9,0.9,0.9,0.9</WaveformData>
            <WaveformData ID="4487318" Label="II" UOM="mV" Cal="0,1,1023,3071" SampleRate="125" SamplePeriodInMsec="1000" Samples="125">0.955,0.915,0.875,0.835,0.785,0.745,0.7,0.655,0.615,0.575,0.565,0.6,0.66,0.72,0.725,0.645,0.57,0.53,0.53,0.54,0.55,0.56,0.575,0.585,0.575,0.56,0.955,1.5,1.5,0.935,0.43,0.53,0.685,0.71,0.72,0.725,0.735,0.735,0.74,0.74,0.75,0.76,0.77,0.79,0.815,0.85,0.885,0.915,0.945,0.97,0.985,0.99,0.975,0.955,0.92,0.88,0.84,0.795,0.755,0.715,0.675,0.635,0.6,0.575,0.595,0.645,0.715,0.74,0.675,0.585,0.53,0.52,0.52,0.525,0.525,0.535,0.545,0.535,0.52,0.755,1.47,1.5,1.155,0.405,0.32,0.555,0.61,0.615,0.62,0.625,0.625,0.625,0.62,0.62,0.625,0.63,0.645,0.67,0.695,0.725,0.755,0.78,0.805,0.82,0.825,0.81,0.78,0.745,0.7,0.65,0.61,0.565,0.525,0.485,0.45,0.42,0.4,0.405,0.455,0.535,0.595,0.575,0.505,0.44,0.42</WaveformData>
            <WaveformData ID="4214093" Label="SPO2" UOM="Uncalib" Cal="0,0,0,0" SampleRate="125" SamplePeriodInMsec="1000" Samples="125">1843.0,1789.0,1745.0,1691.0,1638.0,1593.0,1531.0,1478.0,1424.0,1371.0,1309.0,1255.0,1211.0,1166.0,1148.0,1130.0,1148.0,1175.0,1228.0,1317.0,1415.0,1531.0,1656.0,1789.0,1914.0,2039.0,2137.0,2226.0,2306.0,2350.0,2377.0,2395.0,2395.0,2386.0,2368.0,2341.0,2324.0,2297.0,2279.0,2252.0,2234.0,2208.0,2190.0,2154.0,2128.0,2092.0,2065.0,2030.0,1994.0,1959.0,1914.0,1870.0,1825.0,1780.0,1736.0,1691.0,1647.0,1602.0,1549.0,1504.0,1451.0,1407.0,1353.0,1300.0,1246.0,1202.0,1166.0,1139.0,1139.0,1139.0,1184.0,1237.0,1326.0,1424.0,1540.0,1683.0,1816.0,1959.0,2074.0,2190.0,2288.0,2368.0,2430.0,2466.0,2484.0,2484.0,2484.0,2466.0,2448.0,2430.0,2404.0,2386.0,2368.0,2341.0,2324.0,2297.0,2261.0,2234.0,2199.0,2154.0,2119.0,2074.0,2039.0,1994.0,1950.0,1905.0,1852.0,1807.0,1763.0,1709.0,1665.0,1611.0,1567.0,1513.0,1469.0,1415.0,1371.0,1326.0,1291.0,1264.0,1246.0,1255.0,1282.0,1326.0,1407.0</WaveformData>
            <WaveformData ID="3289908" Label="ABP" UOM="mmHg" Cal="30,60,307,3378" SampleRate="125" SamplePeriodInMsec="1000" Samples="125">40.4,43.5,47.1,50.9,54.0,56.1,57.1,56.9,55.7,53.7,51.5,49.2,47.4,46.1,45.2,44.9,44.8,44.9,45.0,45.1,45.1,45.1,44.9,44.7,44.4,44.0,43.6,43.1,42.6,42.2,41.8,41.4,41.1,40.7,40.5,40.3,40.2,40.1,39.9,39.6,39.4,39.1,38.9,38.6,38.3,38.1,37.8,37.6,37.3,37.1,37.1,37.3,38.1,39.8,42.6,46.2,50.1,53.6,56.2,57.7,58.1,57.4,55.7,53.6,51.4,49.3,47.7,46.7,46.1,45.9,45.9,46.0,46.1,46.1,46.1,46.0,45.8,45.6,45.4,45.1,44.6,44.2,43.8,43.4,43.1,42.8,42.5,42.3,42.1,41.9,41.8,41.6,41.3,41.1,40.8,40.6,40.4,40.1,39.9,39.6,39.3,39.0,38.7,38.6,38.7,39.6,41.4,44.5,48.5,52.8,56.6,59.6,61.6,62.3,61.7,60.1,57.8,55.2,52.7,50.6,49.0,47.9,47.4,47.3,47.3</WaveformData>
            <WaveformData ID="4214108" Label="Unk lbl 4214108" UOM="Uncalib" Cal="0,0,0,0" SampleRate="125" SamplePeriodInMsec="1000" Samples="125">1734,1722,1734,1746,1783,1831,1891,1963,2048,2120,2192,2276,2337,2397,2445,2469,2481,2481,2469,2445,2409,2373,2337,2288,2240,2204,2156,2120,2084,2048,2011,1963,1927,1879,1843,1795,1758,1710,1662,1626,1578,1542,1493,1457,1421,1385,1349,1313,1277,1253,1228,1204,1192,1180,1192,1204,1241,1289,1349,1421,1518,1614,1722,1819,1927,2024,2096,2168,2216,2264,2276,2288,2288,2264,2252,2216,2180,2144,2108,2084,2048,2024,1987,1951,1915,1879,1843,1807,1771,1734,1698,1662,1626,1590,1554,1506,1481,1445,1409,1373,1349,1325,1289,1277,1253,1241,1241,1241,1265,1313,1373,1445,1530,1638,1746,1867,1987,2096,2192,2288,2373,2433,2481,2505,2517</WaveformData>
      </Waveforms>
      <VitalSigns CollectionTime="12/21/2017 1:53:14 PM" CollectionTimeUTC="1513885994">
            <VitalSign>
                  <Parameter>HR</Parameter>
                  <BpChannel />
                  <Time>12/21/2017 1:53:14 PM</Time>
                  <TimeUTC>1513885994</TimeUTC>
                  <Value UOM="Bpm" Q="">140</Value>
                  <AlarmLimitLow />
                  <AlarmLimitHigh />
            </VitalSign>
            <VitalSign>
                  <Parameter>NBP-S</Parameter>
                  <BpChannel />
                  <Time>12/21/2017 8:23:00 PM</Time>
                  <TimeUTC>1513909380</TimeUTC>
                  <Value UOM="mmHg" Q="">NODATA</Value>
                  <AlarmLimitLow />
                  <AlarmLimitHigh />
            </VitalSign>
            <VitalSign>
                  <Parameter>NBP-D</Parameter>
                  <BpChannel />
                  <Time>12/21/2017 8:23:00 PM</Time>
                  <TimeUTC>1513909380</TimeUTC>
                  <Value UOM="mmHg" Q="">NODATA</Value>
                  <AlarmLimitLow />
                  <AlarmLimitHigh />
            </VitalSign>
            <VitalSign>
                  <Parameter>NBP-M</Parameter>
                  <BpChannel />
                  <Time>12/21/2017 8:23:00 PM</Time>
                  <TimeUTC>1513909380</TimeUTC>
                  <Value UOM="mmHg" Q="">NODATA</Value>
                  <AlarmLimitLow />
                  <AlarmLimitHigh />
            </VitalSign>
            <VitalSign>
                  <Parameter>PVC</Parameter>
                  <BpChannel />
                  <Time>12/21/2017 1:53:14 PM</Time>
                  <TimeUTC>1513885994</TimeUTC>
                  <Value UOM="Bpm" Q="">0</Value>
                  <AlarmLimitLow />
                  <AlarmLimitHigh />
            </VitalSign>
            <VitalSign>
                  <Parameter>RHY</Parameter>
                  <BpChannel />
                  <Time>12/21/2017 1:53:14 PM</Time>
                  <TimeUTC>1513885994</TimeUTC>
                  <Value UOM="" Q="">SINUS RHYTHM</Value>
                  <AlarmLimitLow />
                  <AlarmLimitHigh />
            </VitalSign>
            <VitalSign>
                  <Parameter>ECT</Parameter>
                  <BpChannel />
                  <Time>12/21/2017 1:53:14 PM</Time>
                  <TimeUTC>1513885994</TimeUTC>
                  <Value UOM="" Q="" />
                  <AlarmLimitLow />
                  <AlarmLimitHigh />
            </VitalSign>
            <VitalSign>
                  <Parameter>RESP</Parameter>
                  <BpChannel />
                  <Time>12/21/2017 1:53:14 PM</Time>
                  <TimeUTC>1513885994</TimeUTC>
                  <Value UOM="BrMin" Q="">39</Value>
                  <AlarmLimitLow />
                  <AlarmLimitHigh />
            </VitalSign>
            <VitalSign>
                  <Parameter>SPO2</Parameter>
                  <BpChannel />
                  <Time>12/21/2017 1:53:14 PM</Time>
                  <TimeUTC>1513885994</TimeUTC>
                  <Value UOM="%" Q="">100</Value>
                  <AlarmLimitLow />
                  <AlarmLimitHigh />
            </VitalSign>
            <VitalSign>
                  <Parameter>PULSE</Parameter>
                  <BpChannel />
                  <Time>12/21/2017 1:53:14 PM</Time>
                  <TimeUTC>1513885994</TimeUTC>
                  <Value UOM="BPM" Q="">140</Value>
                  <AlarmLimitLow />
                  <AlarmLimitHigh />
            </VitalSign>
            <VitalSign>
                  <Parameter>ABP-S</Parameter>
                  <BpChannel />
                  <Time>12/21/2017 1:53:14 PM</Time>
                  <TimeUTC>1513885994</TimeUTC>
                  <Value UOM="mmHg" Q="">58</Value>
                  <AlarmLimitLow />
                  <AlarmLimitHigh />
            </VitalSign>
            <VitalSign>
                  <Parameter>ABP-D</Parameter>
                  <BpChannel />
                  <Time>12/21/2017 1:53:14 PM</Time>
                  <TimeUTC>1513885994</TimeUTC>
                  <Value UOM="mmHg" Q="">38</Value>
                  <AlarmLimitLow />
                  <AlarmLimitHigh />
            </VitalSign>
            <VitalSign>
                  <Parameter>ABP-M</Parameter>
                  <BpChannel />
                  <Time>12/21/2017 1:53:14 PM</Time>
                  <TimeUTC>1513885994</TimeUTC>
                  <Value UOM="mmHg" Q="">45</Value>
                  <AlarmLimitLow />
                  <AlarmLimitHigh />
            </VitalSign>
      </VitalSigns>
      <Alarms />
      <ImportedData />
      <Waveforms CollectionTime="12/21/2017 1:53:15 PM" CollectionTimeUTC="1513885995" TTX="" DisplayOrder="">
            <WaveformData ID="3230796" Label="RESP" UOM="Ohms" Cal="0,1,1230,2867" SampleRate="125" SamplePeriodInMsec="1000" Samples="125">0.9,0.9,0.9,0.9,0.9,0.9,0.9,0.9,0.9,0.9,0.9,0.9,0.9,0.8,0.8,0.8,0.8,0.7,0.7,0.7,0.7,0.6,0.6,0.6,0.5,0.5,0.5,0.4,0.4,0.4,0.3,0.3,0.3,0.3,0.2,0.2,0.2,0.1,0.1,0.1,0.1,0.1,0.0,0.0,0.0,0.0,0.0,0.0,-0.1,-0.1,-0.1,-0.1,-0.1,-0.1,-0.1,-0.1,-0.1,-0.1,-0.2,-0.2,-0.2,-0.2,-0.2,-0.2,-0.2,-0.2,-0.2,-0.2,-0.2,-0.2,-0.2,-0.2,-0.2,-0.2,-0.2,-0.2,-0.2,-0.2,-0.2,-0.2,-0.2,-0.2,-0.2,-0.2,-0.2,-0.2,-0.2,-0.2,-0.2,-0.2,-0.2,-0.2,-0.2,-0.2,-0.2,-0.2,-0.2,-0.2,-0.2,-0.2,-0.2,-0.2,-0.2,-0.2,-0.2,-0.2,-0.2,-0.2,-0.2,-0.2,-0.2,-0.2,-0.2,-0.2,-0.2,-0.2,-0.2,-0.2,-0.2,-0.2,-0.2,-0.2,-0.2,-0.2,-0.2</WaveformData>
            <WaveformData ID="4487318" Label="II" UOM="mV" Cal="0,1,1023,3071" SampleRate="125" SamplePeriodInMsec="1000" Samples="125">0.425,0.435,0.445,0.455,0.475,0.49,0.48,0.555,1.055,1.5,1.5,0.675,0.365,0.53,0.655,0.68,0.695,0.71,0.72,0.73,0.74,0.75,0.755,0.77,0.79,0.815,0.85,0.89,0.93,0.97,1,1.025,1.04,1.04,1.02,0.995,0.955,0.915,0.87,0.825,0.775,0.73,0.69,0.65,0.615,0.595,0.615,0.675,0.74,0.76,0.705,0.625,0.58,0.575,0.58,0.59,0.595,0.605,0.62,0.625,0.605,0.825,1.5,1.5,1.23,0.54,0.46,0.69,0.745,0.755,0.76,0.765,0.77,0.77,0.775,0.775,0.785,0.795,0.81,0.835,0.87,0.905,0.94,0.975,1,1.015,1.025,1.015,0.99,0.955,0.915,0.875,0.825,0.78,0.735,0.69,0.65,0.61,0.58,0.575,0.625,0.69,0.735,0.705,0.625,0.56,0.54,0.545,0.55,0.555,0.565,0.58,0.59,0.57,0.65,1.165,1.5,1.5,0.72,0.415,0.585,0.705,0.715,0.72,0.73</WaveformData>
            <WaveformData ID="4214093" Label="SPO2" UOM="Uncalib" Cal="0,0,0,0" SampleRate="125" SamplePeriodInMsec="1000" Samples="125">1504.0,1629.0,1759.0,1917.0,2075.0,2243.0,2401.0,2541.0,2671.0,2764.0,2848.0,2913.0,2950.0,2978.0,2978.0,2988.0,2978.0,2969.0,2969.0,2960.0,2941.0,2932.0,2922.0,2904.0,2885.0,2857.0,2829.0,2792.0,2755.0,2718.0,2671.0,2625.0,2578.0,2532.0,2485.0,2429.0,2373.0,2327.0,2271.0,2215.0,2159.0,2103.0,2048.0,2001.0,1945.0,1889.0,1843.0,1796.0,1759.0,1740.0,1740.0,1759.0,1796.0,1861.0,1936.0,2038.0,2131.0,2243.0,2355.0,2466.0,2550.0,2625.0,2690.0,2718.0,2736.0,2736.0,2718.0,2699.0,2662.0,2643.0,2634.0,2606.0,2569.0,2541.0,2504.0,2476.0,2438.0,2401.0,2364.0,2327.0,2290.0,2243.0,2196.0,2150.0,2103.0,2048.0,2001.0,1955.0,1899.0,1843.0,1787.0,1731.0,1685.0,1629.0,1573.0,1517.0,1452.0,1396.0,1340.0,1284.0,1228.0,1182.0,1145.0,1117.0,1107.0,1117.0,1154.0,1210.0,1294.0,1396.0,1517.0,1647.0,1787.0,1927.0,2048.0,2169.0,2262.0,2345.0,2401.0,2438.0,2457.0,2457.0,2448.0,2429.0,2411.0</WaveformData>
            <WaveformData ID="3289908" Label="ABP" UOM="mmHg" Cal="30,60,307,3378" SampleRate="125" SamplePeriodInMsec="1000" Samples="125">47.4,47.5,47.5,47.4,47.2,46.9,46.5,46.1,45.7,45.3,44.8,44.2,43.7,43.3,42.9,42.6,42.4,42.2,41.9,41.8,41.6,41.3,41.0,40.7,40.4,40.1,39.9,39.6,39.3,39.0,38.7,38.5,38.4,38.6,39.4,41.1,43.7,47.3,50.9,54.0,56.2,57.2,57.1,55.9,54.0,51.7,49.4,47.6,46.2,45.4,45.1,45.0,45.1,45.1,45.2,45.2,45.1,44.9,44.7,44.4,44.0,43.6,43.1,42.6,42.2,41.8,41.4,41.1,40.9,40.7,40.4,40.3,40.1,40.0,39.7,39.5,39.3,38.9,38.7,38.4,38.1,37.8,37.5,37.2,37.0,36.9,37.0,37.6,38.9,41.3,44.6,48.4,52.1,55.0,56.9,57.6,57.2,55.8,53.6,51.3,49.1,47.4,46.1,45.4,45.1,45.1,45.2,45.3,45.4,45.4,45.2,45.0,44.8,44.4,44.0,43.6,43.1,42.7,42.3,41.9,41.5,41.2,40.9,40.7,40.5</WaveformData>
            <WaveformData ID="4214108" Label="Unk lbl 4214108" UOM="Uncalib" Cal="0,0,0,0" SampleRate="125" SamplePeriodInMsec="1000" Samples="125">2529,2505,2481,2457,2421,2385,2349,2313,2264,2228,2192,2156,2120,2084,2048,2024,1987,1951,1915,1879,1855,1819,1795,1771,1746,1734,1722,1710,1698,1686,1686,1674,1674,1674,1686,1710,1734,1783,1831,1903,1999,2084,2204,2313,2445,2565,2739,2854,2956,3046,3123,3174,3212,3238,3238,3238,3238,3212,3200,3174,3136,3097,3046,2995,2944,2880,2828,2764,2713,2649,2585,2534,2470,2419,2355,2304,2240,2188,2137,2073,2035,1996,1945,1907,1856,1817,1779,1740,1728,1702,1702,1715,1740,1792,1843,1907,1984,2060,2150,2240,2316,2380,2432,2470,2508,2508,2508,2483,2457,2419,2380,2342,2291,2252,2201,2163,2112,2073,2048,1996,1958,1907,1868,1817,1779</WaveformData>
      </Waveforms>
      <VitalSigns CollectionTime="12/21/2017 1:53:15 PM" CollectionTimeUTC="1513885995">
            <VitalSign>
                  <Parameter>HR</Parameter>
                  <BpChannel />
                  <Time>12/21/2017 1:53:15 PM</Time>
                  <TimeUTC>1513885995</TimeUTC>
                  <Value UOM="Bpm" Q="">140</Value>
                  <AlarmLimitLow />
                  <AlarmLimitHigh />
            </VitalSign>
            <VitalSign>
                  <Parameter>NBP-S</Parameter>
                  <BpChannel />
                  <Time>12/21/2017 8:23:00 PM</Time>
                  <TimeUTC>1513909380</TimeUTC>
                  <Value UOM="mmHg" Q="">NODATA</Value>
                  <AlarmLimitLow />
                  <AlarmLimitHigh />
            </VitalSign>
            <VitalSign>
                  <Parameter>NBP-D</Parameter>
                  <BpChannel />
                  <Time>12/21/2017 8:23:00 PM</Time>
                  <TimeUTC>1513909380</TimeUTC>
                  <Value UOM="mmHg" Q="">NODATA</Value>
                  <AlarmLimitLow />
                  <AlarmLimitHigh />
            </VitalSign>
            <VitalSign>
                  <Parameter>NBP-M</Parameter>
                  <BpChannel />
                  <Time>12/21/2017 8:23:00 PM</Time>
                  <TimeUTC>1513909380</TimeUTC>
                  <Value UOM="mmHg" Q="">NODATA</Value>
                  <AlarmLimitLow />
                  <AlarmLimitHigh />
            </VitalSign>
            <VitalSign>
                  <Parameter>PVC</Parameter>
                  <BpChannel />
                  <Time>12/21/2017 1:53:15 PM</Time>
                  <TimeUTC>1513885995</TimeUTC>
                  <Value UOM="Bpm" Q="">0</Value>
                  <AlarmLimitLow />
                  <AlarmLimitHigh />
            </VitalSign>
            <VitalSign>
                  <Parameter>RHY</Parameter>
                  <BpChannel />
                  <Time>12/21/2017 1:53:15 PM</Time>
                  <TimeUTC>1513885995</TimeUTC>
                  <Value UOM="" Q="">SINUS RHYTHM</Value>
                  <AlarmLimitLow />
                  <AlarmLimitHigh />
            </VitalSign>
            <VitalSign>
                  <Parameter>ECT</Parameter>
                  <BpChannel />
                  <Time>12/21/2017 1:53:15 PM</Time>
                  <TimeUTC>1513885995</TimeUTC>
                  <Value UOM="" Q="" />
                  <AlarmLimitLow />
                  <AlarmLimitHigh />
            </VitalSign>
            <VitalSign>
                  <Parameter>RESP</Parameter>
                  <BpChannel />
                  <Time>12/21/2017 1:53:15 PM</Time>
                  <TimeUTC>1513885995</TimeUTC>
                  <Value UOM="BrMin" Q="">39</Value>
                  <AlarmLimitLow />
                  <AlarmLimitHigh />
            </VitalSign>
            <VitalSign>
                  <Parameter>SPO2</Parameter>
                  <BpChannel />
                  <Time>12/21/2017 1:53:15 PM</Time>
                  <TimeUTC>1513885995</TimeUTC>
                  <Value UOM="%" Q="">100</Value>
                  <AlarmLimitLow />
                  <AlarmLimitHigh />
            </VitalSign>
            <VitalSign>
                  <Parameter>PULSE</Parameter>
                  <BpChannel />
                  <Time>12/21/2017 1:53:15 PM</Time>
                  <TimeUTC>1513885995</TimeUTC>
                  <Value UOM="BPM" Q="">140</Value>
                  <AlarmLimitLow />
                  <AlarmLimitHigh />
            </VitalSign>
            <VitalSign>
                  <Parameter>ABP-S</Parameter>
                  <BpChannel />
                  <Time>12/21/2017 1:53:15 PM</Time>
                  <TimeUTC>1513885995</TimeUTC>
                  <Value UOM="mmHg" Q="">58</Value>
                  <AlarmLimitLow />
                  <AlarmLimitHigh />
            </VitalSign>
            <VitalSign>
                  <Parameter>ABP-D</Parameter>
                  <BpChannel />
                  <Time>12/21/2017 1:53:15 PM</Time>
                  <TimeUTC>1513885995</TimeUTC>
                  <Value UOM="mmHg" Q="">38</Value>
                  <AlarmLimitLow />
                  <AlarmLimitHigh />
            </VitalSign>
            <VitalSign>
                  <Parameter>ABP-M</Parameter>
                  <BpChannel />
                  <Time>12/21/2017 1:53:15 PM</Time>
                  <TimeUTC>1513885995</TimeUTC>
                  <Value UOM="mmHg" Q="">45</Value>
                  <AlarmLimitLow />
                  <AlarmLimitHigh />
            </VitalSign>
      </VitalSigns>
      <Alarms />
      <ImportedData />
      <Waveforms CollectionTime="12/21/2017 1:53:16 PM" CollectionTimeUTC="1513885996" TTX="" DisplayOrder="">
            <WaveformData ID="3230796" Label="RESP" UOM="Ohms" Cal="0,1,1230,2867" SampleRate="125" SamplePeriodInMsec="1000" Samples="125">-0.2,-0.2,-0.2,-0.2,-0.2,-0.1,-0.1,-0.1,-0.1,-0.1,-0.1,-0.1,-0.1,-0.1,-0.1,-0.1,-0.1,-0.1,-0.1,-0.1,-0.1,-0.1,-0.1,-0.1,-0.1,-0.1,-0.1,-0.1,-0.1,-0.2,-0.2,-0.2,-0.2,-0.2,-0.2,-0.2,-0.2,-0.2,-0.2,-0.2,-0.2,-0.1,-0.1,-0.1,-0.1,-0.1,-0.1,-0.1,0.0,0.0,0.0,0.1,0.1,0.1,0.1,0.2,0.2,0.3,0.3,0.4,0.4,0.4,0.5,0.5,0.5,0.6,0.6,0.7,0.7,0.7,0.8,0.8,0.8,0.8,0.9,0.9,0.9,0.9,0.9,0.9,0.9,1.0,1.0,1.0,1.0,1.0,1.0,1.0,1.0,1.0,1.0,1.0,1.0,1.0,1.0,1.0,0.9,0.9,0.9,0.9,0.9,0.9,0.9,0.9,0.8,0.8,0.8,0.7,0.7,0.7,0.7,0.6,0.6,0.6,0.5,0.5,0.5,0.4,0.4,0.4,0.3,0.3,0.3,0.3,0.2</WaveformData>
            <WaveformData ID="4487318" Label="II" UOM="mV" Cal="0,1,1023,3071" SampleRate="125" SamplePeriodInMsec="1000" Samples="125">0.74,0.745,0.75,0.75,0.76,0.77,0.78,0.795,0.825,0.86,0.895,0.93,0.955,0.98,0.995,0.99,0.97,0.94,0.905,0.87,0.83,0.79,0.745,0.7,0.66,0.62,0.585,0.575,0.605,0.665,0.725,0.735,0.645,0.565,0.525,0.525,0.53,0.53,0.53,0.54,0.545,0.525,0.51,0.93,1.5,1.5,0.88,0.33,0.43,0.58,0.61,0.61,0.615,0.62,0.62,0.62,0.615,0.615,0.625,0.635,0.655,0.675,0.705,0.735,0.765,0.79,0.81,0.82,0.825,0.8,0.77,0.73,0.685,0.64,0.595,0.555,0.515,0.475,0.44,0.41,0.395,0.415,0.47,0.545,0.585,0.54,0.47,0.415,0.405,0.415,0.425,0.435,0.45,0.47,0.485,0.475,0.655,1.285,1.5,1.195,0.475,0.365,0.585,0.66,0.675,0.69,0.705,0.715,0.73,0.735,0.745,0.755,0.765,0.79,0.825,0.865,0.905,0.945,0.98,1.01,1.025,1.035,1.025,1.005,0.975</WaveformData>
            <WaveformData ID="4214093" Label="SPO2" UOM="Uncalib" Cal="0,0,0,0" SampleRate="125" SamplePeriodInMsec="1000" Samples="125">2392.0,2364.0,2345.0,2317.0,2299.0,2271.0,2243.0,2215.0,2187.0,2150.0,2113.0,2075.0,2048.0,2010.0,1964.0,1917.0,1880.0,1834.0,1787.0,1740.0,1685.0,1638.0,1582.0,1536.0,1480.0,1424.0,1368.0,1312.0,1266.0,1210.0,1182.0,1154.0,1145.0,1154.0,1182.0,1256.0,1331.0,1443.0,1564.0,1694.0,1843.0,1982.0,2113.0,2224.0,2336.0,2420.0,2476.0,2522.0,2532.0,2541.0,2532.0,2513.0,2494.0,2476.0,2448.0,2429.0,2411.0,2392.0,2364.0,2345.0,2317.0,2280.0,2252.0,2206.0,2169.0,2122.0,2075.0,2038.0,1982.0,1936.0,1889.0,1834.0,1787.0,1740.0,1685.0,1638.0,1592.0,1545.0,1498.0,1443.0,1396.0,1349.0,1312.0,1275.0,1266.0,1256.0,1284.0,1331.0,1405.0,1508.0,1629.0,1768.0,1927.0,2075.0,2243.0,2392.0,2541.0,2662.0,2774.0,2848.0,2904.0,2950.0,2978.0,2988.0,2997.0,2997.0,2988.0,2988.0,2978.0,2969.0,2960.0,2941.0,2922.0,2904.0,2876.0,2848.0,2811.0,2774.0,2736.0,2690.0,2643.0,2578.0,2522.0,2457.0,2401.0</WaveformData>
            <WaveformData ID="3289908" Label="ABP" UOM="mmHg" Cal="30,60,307,3378" SampleRate="125" SamplePeriodInMsec="1000" Samples="125">40.3,40.2,40.0,39.7,39.5,39.2,38.9,38.6,38.3,38.1,37.8,37.6,37.3,37.1,37.1,37.4,38.5,40.6,43.7,47.6,51.4,54.7,57.0,58.2,58.3,57.4,55.7,53.4,51.1,49.1,47.6,46.6,46.1,45.9,46.0,46.2,46.3,46.4,46.4,46.2,46.1,45.7,45.5,45.1,44.8,44.2,43.8,43.4,43.1,42.7,42.5,42.3,42.1,41.9,41.8,41.6,41.4,41.1,40.8,40.6,40.3,40.1,39.7,39.5,39.3,39.1,38.9,38.7,39.0,40.1,42.3,45.7,49.8,54.0,57.5,60.1,61.6,61.9,61.1,59.2,56.9,54.4,52.1,50.1,48.7,47.8,47.4,47.4,47.4,47.5,47.5,47.4,47.3,47.1,46.7,46.4,46.0,45.6,45.1,44.6,44.1,43.6,43.2,42.9,42.6,42.3,42.1,41.9,41.8,41.5,41.2,41.0,40.7,40.4,40.1,39.7,39.5,39.2,38.9,38.7,38.5,38.5,38.9,39.9,42.0</WaveformData>
            <WaveformData ID="4214108" Label="Unk lbl 4214108" UOM="Uncalib" Cal="0,0,0,0" SampleRate="125" SamplePeriodInMsec="1000" Samples="125">1728,1676,1638,1587,1548,1497,1459,1420,1369,1331,1292,1267,1228,1203,1177,1152,1139,1139,1152,1177,1216,1267,1344,1433,1523,1638,1753,1856,1971,2060,2150,2214,2265,2304,2316,2329,2316,2304,2278,2240,2214,2176,2137,2099,2060,2048,2000,1953,1906,1859,1811,1764,1717,1670,1622,1559,1512,1465,1418,1370,1323,1276,1228,1181,1150,1118,1087,1055,1055,1055,1071,1102,1150,1213,1307,1402,1528,1670,1811,1969,2111,2252,2394,2504,2599,2678,2725,2741,2756,2741,2725,2678,2630,2583,2536,2473,2426,2363,2315,2268,2221,2174,2126,2079,2048,2016,1969,1922,1874,1843,1811,1780,1748,1717,1701,1670,1654,1654,1638,1622,1622,1622,1622,1638,1670</WaveformData>
      </Waveforms>
      <VitalSigns CollectionTime="12/21/2017 1:53:16 PM" CollectionTimeUTC="1513885996">
            <VitalSign>
                  <Parameter>HR</Parameter>
                  <BpChannel />
                  <Time>12/21/2017 1:53:16 PM</Time>
                  <TimeUTC>1513885996</TimeUTC>
                  <Value UOM="Bpm" Q="">140</Value>
                  <AlarmLimitLow />
                  <AlarmLimitHigh />
            </VitalSign>
            <VitalSign>
                  <Parameter>NBP-S</Parameter>
                  <BpChannel />
                  <Time>12/21/2017 8:23:00 PM</Time>
                  <TimeUTC>1513909380</TimeUTC>
                  <Value UOM="mmHg" Q="">NODATA</Value>
                  <AlarmLimitLow />
                  <AlarmLimitHigh />
            </VitalSign>
            <VitalSign>
                  <Parameter>NBP-D</Parameter>
                  <BpChannel />
                  <Time>12/21/2017 8:23:00 PM</Time>
                  <TimeUTC>1513909380</TimeUTC>
                  <Value UOM="mmHg" Q="">NODATA</Value>
                  <AlarmLimitLow />
                  <AlarmLimitHigh />
            </VitalSign>
            <VitalSign>
                  <Parameter>NBP-M</Parameter>
                  <BpChannel />
                  <Time>12/21/2017 8:23:00 PM</Time>
                  <TimeUTC>1513909380</TimeUTC>
                  <Value UOM="mmHg" Q="">NODATA</Value>
                  <AlarmLimitLow />
                  <AlarmLimitHigh />
            </VitalSign>
            <VitalSign>
                  <Parameter>PVC</Parameter>
                  <BpChannel />
                  <Time>12/21/2017 1:53:16 PM</Time>
                  <TimeUTC>1513885996</TimeUTC>
                  <Value UOM="Bpm" Q="">0</Value>
                  <AlarmLimitLow />
                  <AlarmLimitHigh />
            </VitalSign>
            <VitalSign>
                  <Parameter>RHY</Parameter>
                  <BpChannel />
                  <Time>12/21/2017 1:53:16 PM</Time>
                  <TimeUTC>1513885996</TimeUTC>
                  <Value UOM="" Q="">SINUS RHYTHM</Value>
                  <AlarmLimitLow />
                  <AlarmLimitHigh />
            </VitalSign>
            <VitalSign>
                  <Parameter>ECT</Parameter>
                  <BpChannel />
                  <Time>12/21/2017 1:53:16 PM</Time>
                  <TimeUTC>1513885996</TimeUTC>
                  <Value UOM="" Q="" />
                  <AlarmLimitLow />
                  <AlarmLimitHigh />
            </VitalSign>
            <VitalSign>
                  <Parameter>RESP</Parameter>
                  <BpChannel />
                  <Time>12/21/2017 1:53:16 PM</Time>
                  <TimeUTC>1513885996</TimeUTC>
                  <Value UOM="BrMin" Q="">37</Value>
                  <AlarmLimitLow />
                  <AlarmLimitHigh />
            </VitalSign>
            <VitalSign>
                  <Parameter>SPO2</Parameter>
                  <BpChannel />
                  <Time>12/21/2017 1:53:16 PM</Time>
                  <TimeUTC>1513885996</TimeUTC>
                  <Value UOM="%" Q="">100</Value>
                  <AlarmLimitLow />
                  <AlarmLimitHigh />
            </VitalSign>
            <VitalSign>
                  <Parameter>PULSE</Parameter>
                  <BpChannel />
                  <Time>12/21/2017 1:53:16 PM</Time>
                  <TimeUTC>1513885996</TimeUTC>
                  <Value UOM="BPM" Q="">140</Value>
                  <AlarmLimitLow />
                  <AlarmLimitHigh />
            </VitalSign>
            <VitalSign>
                  <Parameter>ABP-S</Parameter>
                  <BpChannel />
                  <Time>12/21/2017 1:53:16 PM</Time>
                  <TimeUTC>1513885996</TimeUTC>
                  <Value UOM="mmHg" Q="">58</Value>
                  <AlarmLimitLow />
                  <AlarmLimitHigh />
            </VitalSign>
            <VitalSign>
                  <Parameter>ABP-D</Parameter>
                  <BpChannel />
                  <Time>12/21/2017 1:53:16 PM</Time>
                  <TimeUTC>1513885996</TimeUTC>
                  <Value UOM="mmHg" Q="">38</Value>
                  <AlarmLimitLow />
                  <AlarmLimitHigh />
            </VitalSign>
            <VitalSign>
                  <Parameter>ABP-M</Parameter>
                  <BpChannel />
                  <Time>12/21/2017 1:53:16 PM</Time>
                  <TimeUTC>1513885996</TimeUTC>
                  <Value UOM="mmHg" Q="">45</Value>
                  <AlarmLimitLow />
                  <AlarmLimitHigh />
            </VitalSign>
      </VitalSigns>
      <Alarms />
      <ImportedData />
      <Waveforms CollectionTime="12/21/2017 1:53:17 PM" CollectionTimeUTC="1513885997" TTX="" DisplayOrder="">
            <WaveformData ID="3230796" Label="RESP" UOM="Ohms" Cal="0,1,1230,2867" SampleRate="125" SamplePeriodInMsec="1000" Samples="125">0.2,0.2,0.2,0.1,0.1,0.1,0.1,0.1,0.0,0.0,0.0,0.0,0.0,0.0,0.0,-0.1,-0.1,-0.1,-0.1,-0.1,-0.1,-0.1,-0.1,-0.1,-0.1,-0.1,-0.1,-0.1,-0.1,-0.1,-0.1,-0.1,-0.1,-0.1,-0.2,-0.2,-0.2,-0.2,-0.2,-0.2,-0.2,-0.2,-0.2,-0.2,-0.2,-0.2,-0.2,-0.2,-0.2,-0.2,-0.2,-0.2,-0.2,-0.2,-0.2,-0.2,-0.2,-0.2,-0.2,-0.2,-0.2,-0.2,-0.2,-0.2,-0.2,-0.2,-0.2,-0.2,-0.2,-0.2,-0.2,-0.2,-0.2,-0.2,-0.2,-0.2,-0.2,-0.2,-0.2,-0.2,-0.2,-0.2,-0.2,-0.1,-0.1,-0.1,-0.1,-0.1,-0.1,-0.1,-0.1,0.0,0.0,0.0,0.0,0.0,0.1,0.1,0.1,0.1,0.1,0.2,0.2,0.2,0.2,0.2,0.2,0.3,0.3,0.3,0.3,0.3,0.3,0.3,0.3,0.3,0.3,0.3,0.4,0.4,0.4,0.4,0.4,0.4,0.4</WaveformData>
            <WaveformData ID="4487318" Label="II" UOM="mV" Cal="0,1,1023,3071" SampleRate="125" SamplePeriodInMsec="1000" Samples="125">0.935,0.89,0.845,0.795,0.75,0.705,0.665,0.625,0.595,0.585,0.625,0.69,0.75,0.755,0.665,0.59,0.56,0.565,0.57,0.575,0.585,0.6,0.615,0.6,0.59,1.035,1.5,1.5,0.885,0.44,0.565,0.715,0.74,0.75,0.76,0.765,0.765,0.765,0.77,0.775,0.785,0.795,0.815,0.845,0.875,0.91,0.95,0.98,1.005,1.015,1.02,1.005,0.975,0.935,0.895,0.85,0.81,0.765,0.725,0.68,0.64,0.605,0.58,0.6,0.65,0.715,0.735,0.68,0.595,0.54,0.535,0.54,0.545,0.55,0.565,0.575,0.58,0.555,0.795,1.5,1.5,1.19,0.475,0.4,0.63,0.685,0.69,0.7,0.71,0.715,0.72,0.72,0.725,0.735,0.745,0.765,0.785,0.815,0.85,0.89,0.915,0.945,0.96,0.97,0.96,0.935,0.905,0.86,0.81,0.765,0.72,0.68,0.64,0.6,0.56,0.53,0.535,0.59,0.66,0.705,0.675,0.6,0.535,0.52,0.525</WaveformData>
            <WaveformData ID="4214093" Label="SPO2" UOM="Uncalib" Cal="0,0,0,0" SampleRate="125" SamplePeriodInMsec="1000" Samples="125">2336.0,2271.0,2215.0,2169.0,2113.0,2048.0,2001.0,1945.0,1889.0,1834.0,1778.0,1731.0,1694.0,1675.0,1666.0,1694.0,1731.0,1787.0,1871.0,1964.0,2057.0,2169.0,2280.0,2383.0,2485.0,2559.0,2615.0,2662.0,2671.0,2680.0,2671.0,2653.0,2625.0,2587.0,2559.0,2522.0,2494.0,2466.0,2438.0,2401.0,2373.0,2336.0,2290.0,2252.0,2206.0,2159.0,2113.0,2066.0,2020.0,1973.0,1917.0,1871.0,1815.0,1759.0,1703.0,1657.0,1601.0,1545.0,1480.0,1424.0,1368.0,1312.0,1256.0,1201.0,1163.0,1126.0,1117.0,1117.0,1145.0,1201.0,1266.0,1368.0,1489.0,1610.0,1750.0,1889.0,2029.0,2131.0,2243.0,2317.0,2373.0,2420.0,2429.0,2438.0,2438.0,2429.0,2420.0,2392.0,2373.0,2345.0,2317.0,2290.0,2271.0,2252.0,2224.0,2196.0,2178.0,2141.0,2113.0,2075.0,2048.0,2010.0,1964.0,1917.0,1871.0,1824.0,1778.0,1731.0,1685.0,1629.0,1582.0,1536.0,1480.0,1433.0,1377.0,1322.0,1275.0,1219.0,1182.0,1135.0,1117.0,1117.0,1126.0,1173.0,1189.0</WaveformData>
            <WaveformData ID="3289908" Label="ABP" UOM="mmHg" Cal="30,60,307,3378" SampleRate="125" SamplePeriodInMsec="1000" Samples="125">45.1,48.6,52.1,54.7,56.4,57.1,56.7,55.3,53.1,50.8,48.7,47.0,45.9,45.3,45.1,45.0,45.1,45.2,45.3,45.3,45.2,44.9,44.7,44.3,43.9,43.4,42.9,42.5,42.1,41.8,41.4,41.1,40.9,40.6,40.4,40.3,40.1,39.9,39.7,39.5,39.3,39.0,38.7,38.4,38.1,37.9,37.6,37.4,37.2,37.1,37.3,38.1,39.9,42.6,46.1,49.9,53.3,55.8,57.2,57.4,56.6,54.8,52.5,50.3,48.2,46.7,45.7,45.2,45.1,45.2,45.4,45.6,45.7,45.6,45.5,45.2,45.0,44.6,44.2,43.8,43.4,42.9,42.6,42.2,41.8,41.6,41.3,41.1,40.9,40.7,40.6,40.3,40.1,39.7,39.5,39.3,39.1,38.8,38.6,38.3,38.1,37.8,37.7,37.7,38.3,39.6,42.1,45.7,49.9,53.7,56.6,58.4,59.0,58.4,56.9,54.7,52.2,50.0,48.1,46.7,45.9,45.4,45.4,45.4,45.6</WaveformData>
            <WaveformData ID="4214108" Label="Unk lbl 4214108" UOM="Uncalib" Cal="0,0,0,0" SampleRate="125" SamplePeriodInMsec="1000" Samples="125">1717,1764,1859,1953,2063,2205,2347,2504,2678,2835,2977,3119,3229,3323,3418,3465,3497,3512,3512,3512,3497,3449,3402,3355,3292,3229,3166,3103,3024,2961,2882,2819,2741,2678,2599,2520,2457,2394,2315,2252,2189,2111,2048,2000,1937,1890,1827,1780,1733,1685,1638,1607,1575,1575,1575,1591,1638,1701,1780,1874,1985,2079,2174,2284,2378,2457,2520,2567,2583,2583,2583,2552,2504,2473,2410,2363,2300,2252,2189,2142,2095,2048,2000,1937,1890,1827,1780,1717,1670,1607,1559,1496,1449,1386,1339,1276,1228,1181,1134,1087,1055,1008,976,945,929,913,929,945,992,1071,1165,1292,1418,1559,1701,1859,2000,2111,2237,2331,2394,2457,2473,2489,2489</WaveformData>
      </Waveforms>
      <VitalSigns CollectionTime="12/21/2017 1:53:17 PM" CollectionTimeUTC="1513885997">
            <VitalSign>
                  <Parameter>HR</Parameter>
                  <BpChannel />
                  <Time>12/21/2017 1:53:17 PM</Time>
                  <TimeUTC>1513885997</TimeUTC>
                  <Value UOM="Bpm" Q="">140</Value>
                  <AlarmLimitLow />
                  <AlarmLimitHigh />
            </VitalSign>
            <VitalSign>
                  <Parameter>NBP-S</Parameter>
                  <BpChannel />
                  <Time>12/21/2017 8:23:00 PM</Time>
                  <TimeUTC>1513909380</TimeUTC>
                  <Value UOM="mmHg" Q="">NODATA</Value>
                  <AlarmLimitLow />
                  <AlarmLimitHigh />
            </VitalSign>
            <VitalSign>
                  <Parameter>NBP-D</Parameter>
                  <BpChannel />
                  <Time>12/21/2017 8:23:00 PM</Time>
                  <TimeUTC>1513909380</TimeUTC>
                  <Value UOM="mmHg" Q="">NODATA</Value>
                  <AlarmLimitLow />
                  <AlarmLimitHigh />
            </VitalSign>
            <VitalSign>
                  <Parameter>NBP-M</Parameter>
                  <BpChannel />
                  <Time>12/21/2017 8:23:00 PM</Time>
                  <TimeUTC>1513909380</TimeUTC>
                  <Value UOM="mmHg" Q="">NODATA</Value>
                  <AlarmLimitLow />
                  <AlarmLimitHigh />
            </VitalSign>
            <VitalSign>
                  <Parameter>PVC</Parameter>
                  <BpChannel />
                  <Time>12/21/2017 1:53:17 PM</Time>
                  <TimeUTC>1513885997</TimeUTC>
                  <Value UOM="Bpm" Q="">0</Value>
                  <AlarmLimitLow />
                  <AlarmLimitHigh />
            </VitalSign>
            <VitalSign>
                  <Parameter>RHY</Parameter>
                  <BpChannel />
                  <Time>12/21/2017 1:53:17 PM</Time>
                  <TimeUTC>1513885997</TimeUTC>
                  <Value UOM="" Q="">SINUS RHYTHM</Value>
                  <AlarmLimitLow />
                  <AlarmLimitHigh />
            </VitalSign>
            <VitalSign>
                  <Parameter>ECT</Parameter>
                  <BpChannel />
                  <Time>12/21/2017 1:53:17 PM</Time>
                  <TimeUTC>1513885997</TimeUTC>
                  <Value UOM="" Q="" />
                  <AlarmLimitLow />
                  <AlarmLimitHigh />
            </VitalSign>
            <VitalSign>
                  <Parameter>RESP</Parameter>
                  <BpChannel />
                  <Time>12/21/2017 1:53:17 PM</Time>
                  <TimeUTC>1513885997</TimeUTC>
                  <Value UOM="BrMin" Q="">37</Value>
                  <AlarmLimitLow />
                  <AlarmLimitHigh />
            </VitalSign>
            <VitalSign>
                  <Parameter>SPO2</Parameter>
                  <BpChannel />
                  <Time>12/21/2017 1:53:17 PM</Time>
                  <TimeUTC>1513885997</TimeUTC>
                  <Value UOM="%" Q="">100</Value>
                  <AlarmLimitLow />
                  <AlarmLimitHigh />
            </VitalSign>
            <VitalSign>
                  <Parameter>PULSE</Parameter>
                  <BpChannel />
                  <Time>12/21/2017 1:53:17 PM</Time>
                  <TimeUTC>1513885997</TimeUTC>
                  <Value UOM="BPM" Q="">140</Value>
                  <AlarmLimitLow />
                  <AlarmLimitHigh />
            </VitalSign>
            <VitalSign>
                  <Parameter>ABP-S</Parameter>
                  <BpChannel />
                  <Time>12/21/2017 1:53:17 PM</Time>
                  <TimeUTC>1513885997</TimeUTC>
                  <Value UOM="mmHg" Q="">58</Value>
                  <AlarmLimitLow />
                  <AlarmLimitHigh />
            </VitalSign>
            <VitalSign>
                  <Parameter>ABP-D</Parameter>
                  <BpChannel />
                  <Time>12/21/2017 1:53:17 PM</Time>
                  <TimeUTC>1513885997</TimeUTC>
                  <Value UOM="mmHg" Q="">38</Value>
                  <AlarmLimitLow />
                  <AlarmLimitHigh />
            </VitalSign>
            <VitalSign>
                  <Parameter>ABP-M</Parameter>
                  <BpChannel />
                  <Time>12/21/2017 1:53:17 PM</Time>
                  <TimeUTC>1513885997</TimeUTC>
                  <Value UOM="mmHg" Q="">45</Value>
                  <AlarmLimitLow />
                  <AlarmLimitHigh />
            </VitalSign>
      </VitalSigns>
      <Alarms />
      <ImportedData />
      <Waveforms CollectionTime="12/21/2017 1:53:18 PM" CollectionTimeUTC="1513885998" TTX="" DisplayOrder="">
            <WaveformData ID="3230796" Label="RESP" UOM="Ohms" Cal="0,1,1230,2867" SampleRate="125" SamplePeriodInMsec="1000" Samples="125">0.4,0.4,0.4,0.4,0.4,0.4,0.4,0.4,0.4,0.4,0.4,0.3,0.3,0.3,0.3,0.3,0.3,0.3,0.2,0.2,0.2,0.2,0.1,0.1,0.1,0.1,0.1,0.0,0.0,0.0,0.0,0.0,0.0,0.0,-0.1,-0.1,-0.1,-0.1,-0.1,-0.1,-0.1,-0.1,-0.1,-0.1,-0.1,-0.1,-0.1,-0.1,-0.2,-0.2,-0.2,-0.2,-0.2,-0.2,-0.2,-0.2,-0.2,-0.2,-0.2,-0.2,-0.2,-0.2,-0.2,-0.2,-0.2,-0.2,-0.2,-0.2,-0.2,-0.2,-0.2,-0.2,-0.2,-0.2,-0.2,-0.2,-0.2,-0.2,-0.2,-0.2,-0.2,-0.2,-0.2,-0.2,-0.2,-0.2,-0.2,-0.2,-0.2,-0.1,-0.1,-0.1,-0.1,-0.1,-0.1,-0.1,-0.2,-0.2,-0.2,-0.2,-0.2,-0.2,-0.2,-0.2,-0.2,-0.2,-0.2,-0.2,-0.2,-0.2,-0.2,-0.2,-0.2,-0.1,-0.1,-0.1,-0.1,-0.1,-0.1,0.0,0.0,0.0,0.0,0.1,0.1</WaveformData>
            <WaveformData ID="4487318" Label="II" UOM="mV" Cal="0,1,1023,3071" SampleRate="125" SamplePeriodInMsec="1000" Samples="125">0.535,0.545,0.555,0.57,0.58,0.56,0.65,1.18,1.5,1.5,0.69,0.425,0.595,0.7,0.715,0.725,0.735,0.74,0.745,0.75,0.755,0.765,0.77,0.785,0.805,0.835,0.87,0.905,0.94,0.97,0.99,1.005,1,0.985,0.955,0.915,0.87,0.83,0.785,0.74,0.695,0.65,0.615,0.575,0.565,0.6,0.66,0.715,0.725,0.645,0.565,0.525,0.53,0.535,0.54,0.55,0.565,0.58,0.57,0.555,0.94,1.5,1.5,0.965,0.415,0.51,0.675,0.705,0.71,0.72,0.73,0.735,0.74,0.745,0.75,0.76,0.77,0.785,0.81,0.845,0.88,0.915,0.945,0.97,0.98,0.985,0.975,0.95,0.915,0.88,0.83,0.79,0.75,0.71,0.665,0.625,0.59,0.57,0.59,0.645,0.71,0.73,0.67,0.585,0.53,0.52,0.53,0.535,0.54,0.545,0.555,0.545,0.53,0.795,1.5,1.5,1.11,0.41,0.345,0.58,0.625,0.625,0.63,0.635,0.635</WaveformData>
            <WaveformData ID="4214093" Label="SPO2" UOM="Uncalib" Cal="0,0,0,0" SampleRate="125" SamplePeriodInMsec="1000" Samples="125">1297.0,1404.0,1540.0,1697.0,1853.0,2009.0,2135.0,2272.0,2379.0,2467.0,2535.0,2574.0,2603.0,2613.0,2613.0,2603.0,2584.0,2574.0,2555.0,2535.0,2516.0,2496.0,2477.0,2457.0,2428.0,2399.0,2369.0,2330.0,2301.0,2262.0,2223.0,2174.0,2135.0,2087.0,2048.0,1999.0,1950.0,1901.0,1843.0,1794.0,1736.0,1677.0,1619.0,1550.0,1492.0,1443.0,1384.0,1345.0,1316.0,1306.0,1306.0,1345.0,1404.0,1482.0,1589.0,1706.0,1853.0,1989.0,2126.0,2262.0,2379.0,2486.0,2574.0,2633.0,2672.0,2691.0,2701.0,2691.0,2672.0,2652.0,2633.0,2603.0,2584.0,2564.0,2535.0,2516.0,2486.0,2457.0,2418.0,2389.0,2350.0,2311.0,2262.0,2223.0,2174.0,2126.0,2077.0,2038.0,1989.0,1931.0,1882.0,1833.0,1775.0,1716.0,1667.0,1599.0,1540.0,1482.0,1433.0,1375.0,1336.0,1306.0,1297.0,1306.0,1336.0,1404.0,1492.0,1599.0,1726.0,1872.0,2018.0,2165.0,2301.0,2428.0,2545.0,2633.0,2691.0,2740.0,2750.0,2759.0,2750.0,2730.0,2701.0,2701.0,2681.0</WaveformData>
            <WaveformData ID="3289908" Label="ABP" UOM="mmHg" Cal="30,60,307,3378" SampleRate="125" SamplePeriodInMsec="1000" Samples="125">45.7,45.7,45.7,45.6,45.4,45.1,44.7,44.2,43.7,43.2,42.7,42.3,41.9,41.6,41.3,41.1,40.9,40.7,40.6,40.4,40.2,39.9,39.6,39.3,39.1,38.8,38.6,38.2,37.9,37.7,37.6,37.6,37.9,39.0,41.1,44.1,47.9,51.6,54.7,56.9,58.1,58.1,56.9,55.1,52.8,50.6,48.6,47.1,46.2,45.7,45.5,45.6,45.8,45.9,45.9,45.8,45.7,45.4,45.2,44.8,44.4,43.9,43.4,43.0,42.5,42.1,41.7,41.4,41.2,41.1,40.9,40.7,40.5,40.3,40.1,39.8,39.6,39.3,39.0,38.7,38.5,38.2,37.9,37.7,37.6,37.8,38.6,40.4,43.2,46.9,50.9,54.4,57.1,58.6,59.0,58.3,56.6,54.4,52.1,49.9,48.2,47.1,46.4,46.2,46.2,46.4,46.6,46.7,46.7,46.6,46.4,46.1,45.8,45.5,45.2,44.8,44.4,44.0,43.7,43.3,43.0,42.7,42.5,42.3,42.1</WaveformData>
            <WaveformData ID="4214108" Label="Unk lbl 4214108" UOM="Uncalib" Cal="0,0,0,0" SampleRate="125" SamplePeriodInMsec="1000" Samples="125">2457,2426,2378,2331,2284,2237,2189,2126,2079,2048,2000,1953,1906,1859,1811,1764,1717,1670,1622,1575,1528,1496,1449,1418,1370,1339,1307,1292,1260,1244,1228,1213,1213,1228,1244,1292,1355,1433,1528,1734,1843,1951,2060,2168,2276,2385,2481,2553,2626,2674,2710,2734,2734,2734,2722,2698,2674,2650,2614,2590,2553,2517,2481,2445,2409,2373,2325,2288,2240,2204,2156,2120,2072,2036,1999,1951,1915,1867,1831,1783,1746,1710,1662,1626,1590,1566,1542,1530,1530,1542,1566,1614,1662,1746,1831,1927,2024,2120,2216,2313,2397,2457,2505,2541,2553,2553,2541,2517,2493,2457,2421,2385,2349,2313,2276,2240,2204,2168,2132,2096,2060,2024,1987,1951,1903</WaveformData>
      </Waveforms>
      <VitalSigns CollectionTime="12/21/2017 1:53:18 PM" CollectionTimeUTC="1513885998">
            <VitalSign>
                  <Parameter>HR</Parameter>
                  <BpChannel />
                  <Time>12/21/2017 1:53:18 PM</Time>
                  <TimeUTC>1513885998</TimeUTC>
                  <Value UOM="Bpm" Q="">140</Value>
                  <AlarmLimitLow />
                  <AlarmLimitHigh />
            </VitalSign>
            <VitalSign>
                  <Parameter>NBP-S</Parameter>
                  <BpChannel />
                  <Time>12/21/2017 8:23:00 PM</Time>
                  <TimeUTC>1513909380</TimeUTC>
                  <Value UOM="mmHg" Q="">NODATA</Value>
                  <AlarmLimitLow />
                  <AlarmLimitHigh />
            </VitalSign>
            <VitalSign>
                  <Parameter>NBP-D</Parameter>
                  <BpChannel />
                  <Time>12/21/2017 8:23:00 PM</Time>
                  <TimeUTC>1513909380</TimeUTC>
                  <Value UOM="mmHg" Q="">NODATA</Value>
                  <AlarmLimitLow />
                  <AlarmLimitHigh />
            </VitalSign>
            <VitalSign>
                  <Parameter>NBP-M</Parameter>
                  <BpChannel />
                  <Time>12/21/2017 8:23:00 PM</Time>
                  <TimeUTC>1513909380</TimeUTC>
                  <Value UOM="mmHg" Q="">NODATA</Value>
                  <AlarmLimitLow />
                  <AlarmLimitHigh />
            </VitalSign>
            <VitalSign>
                  <Parameter>PVC</Parameter>
                  <BpChannel />
                  <Time>12/21/2017 1:53:18 PM</Time>
                  <TimeUTC>1513885998</TimeUTC>
                  <Value UOM="Bpm" Q="">0</Value>
                  <AlarmLimitLow />
                  <AlarmLimitHigh />
            </VitalSign>
            <VitalSign>
                  <Parameter>RHY</Parameter>
                  <BpChannel />
                  <Time>12/21/2017 1:53:18 PM</Time>
                  <TimeUTC>1513885998</TimeUTC>
                  <Value UOM="" Q="">SINUS RHYTHM</Value>
                  <AlarmLimitLow />
                  <AlarmLimitHigh />
            </VitalSign>
            <VitalSign>
                  <Parameter>ECT</Parameter>
                  <BpChannel />
                  <Time>12/21/2017 1:53:18 PM</Time>
                  <TimeUTC>1513885998</TimeUTC>
                  <Value UOM="" Q="" />
                  <AlarmLimitLow />
                  <AlarmLimitHigh />
            </VitalSign>
            <VitalSign>
                  <Parameter>RESP</Parameter>
                  <BpChannel />
                  <Time>12/21/2017 1:53:18 PM</Time>
                  <TimeUTC>1513885998</TimeUTC>
                  <Value UOM="BrMin" Q="">39</Value>
                  <AlarmLimitLow />
                  <AlarmLimitHigh />
            </VitalSign>
            <VitalSign>
                  <Parameter>SPO2</Parameter>
                  <BpChannel />
                  <Time>12/21/2017 1:53:18 PM</Time>
                  <TimeUTC>1513885998</TimeUTC>
                  <Value UOM="%" Q="">100</Value>
                  <AlarmLimitLow />
                  <AlarmLimitHigh />
            </VitalSign>
            <VitalSign>
                  <Parameter>PULSE</Parameter>
                  <BpChannel />
                  <Time>12/21/2017 1:53:18 PM</Time>
                  <TimeUTC>1513885998</TimeUTC>
                  <Value UOM="BPM" Q="">141</Value>
                  <AlarmLimitLow />
                  <AlarmLimitHigh />
            </VitalSign>
            <VitalSign>
                  <Parameter>ABP-S</Parameter>
                  <BpChannel />
                  <Time>12/21/2017 1:53:18 PM</Time>
                  <TimeUTC>1513885998</TimeUTC>
                  <Value UOM="mmHg" Q="">58</Value>
                  <AlarmLimitLow />
                  <AlarmLimitHigh />
            </VitalSign>
            <VitalSign>
                  <Parameter>ABP-D</Parameter>
                  <BpChannel />
                  <Time>12/21/2017 1:53:18 PM</Time>
                  <TimeUTC>1513885998</TimeUTC>
                  <Value UOM="mmHg" Q="">38</Value>
                  <AlarmLimitLow />
                  <AlarmLimitHigh />
            </VitalSign>
            <VitalSign>
                  <Parameter>ABP-M</Parameter>
                  <BpChannel />
                  <Time>12/21/2017 1:53:18 PM</Time>
                  <TimeUTC>1513885998</TimeUTC>
                  <Value UOM="mmHg" Q="">45</Value>
                  <AlarmLimitLow />
                  <AlarmLimitHigh />
            </VitalSign>
      </VitalSigns>
      <Alarms />
      <ImportedData />
      <Waveforms CollectionTime="12/21/2017 1:53:19 PM" CollectionTimeUTC="1513885999" TTX="" DisplayOrder="">
            <WaveformData ID="3230796" Label="RESP" UOM="Ohms" Cal="0,1,1230,2867" SampleRate="125" SamplePeriodInMsec="1000" Samples="125">0.1,0.2,0.2,0.2,0.3,0.3,0.4,0.4,0.4,0.5,0.5,0.5,0.6,0.6,0.7,0.7,0.7,0.7,0.8,0.8,0.8,0.8,0.8,0.9,0.9,0.9,0.9,0.9,0.9,0.9,0.9,0.9,0.9,0.9,0.9,0.9,0.9,0.9,0.9,0.9,0.9,0.9,0.9,0.9,0.9,0.9,0.9,0.9,0.9,0.8,0.8,0.8,0.8,0.7,0.7,0.7,0.6,0.6,0.6,0.5,0.5,0.5,0.5,0.4,0.4,0.4,0.3,0.3,0.3,0.3,0.2,0.2,0.2,0.2,0.1,0.1,0.1,0.1,0.1,0.1,0.0,0.0,0.0,0.0,0.0,0.0,0.0,-0.1,-0.1,-0.1,-0.1,-0.1,-0.1,-0.1,-0.1,-0.1,-0.1,-0.1,-0.1,-0.1,-0.1,-0.1,-0.1,-0.1,-0.1,-0.1,-0.1,-0.1,-0.1,-0.1,-0.1,-0.1,-0.1,-0.1,-0.1,-0.1,-0.1,-0.1,-0.1,-0.1,-0.1,-0.1,-0.1,-0.1,-0.1</WaveformData>
            <WaveformData ID="4487318" Label="II" UOM="mV" Cal="0,1,1023,3071" SampleRate="125" SamplePeriodInMsec="1000" Samples="125">0.635,0.635,0.635,0.635,0.645,0.66,0.68,0.71,0.74,0.77,0.8,0.82,0.83,0.835,0.82,0.795,0.755,0.71,0.66,0.615,0.575,0.53,0.49,0.45,0.42,0.4,0.415,0.47,0.545,0.585,0.55,0.475,0.425,0.415,0.425,0.435,0.44,0.46,0.48,0.495,0.485,0.64,1.24,1.5,1.285,0.525,0.375,0.59,0.68,0.69,0.705,0.715,0.73,0.735,0.745,0.75,0.765,0.78,0.805,0.835,0.875,0.91,0.95,0.99,1.015,1.035,1.04,1.045,1.02,0.99,0.95,0.905,0.865,0.815,0.765,0.72,0.68,0.64,0.605,0.6,0.645,0.715,0.765,0.755,0.675,0.6,0.57,0.575,0.59,0.595,0.605,0.615,0.625,0.61,0.6,1.08,1.5,1.5,0.885,0.46,0.595,0.735,0.75,0.755,0.765,0.77,0.775,0.775,0.78,0.785,0.795,0.81,0.83,0.86,0.895,0.93,0.965,0.99,1.015,1.03,1.03,1.015,0.985,0.95,0.905</WaveformData>
            <WaveformData ID="4214093" Label="SPO2" UOM="Uncalib" Cal="0,0,0,0" SampleRate="125" SamplePeriodInMsec="1000" Samples="125">2652.0,2623.0,2594.0,2564.0,2535.0,2506.0,2477.0,2447.0,2408.0,2369.0,2321.0,2272.0,2223.0,2174.0,2116.0,2067.0,2018.0,1970.0,1911.0,1853.0,1804.0,1745.0,1697.0,1638.0,1580.0,1521.0,1472.0,1414.0,1365.0,1326.0,1287.0,1277.0,1287.0,1316.0,1384.0,1462.0,1580.0,1716.0,1862.0,2038.0,2194.0,2360.0,2516.0,2662.0,2769.0,2867.0,2945.0,2993.0,3023.0,3032.0,3042.0,3032.0,3023.0,3003.0,2993.0,2974.0,2954.0,2935.0,2915.0,2896.0,2867.0,2837.0,2808.0,2759.0,2701.0,2642.0,2584.0,2525.0,2467.0,2408.0,2350.0,2282.0,2223.0,2165.0,2106.0,2057.0,2009.0,1950.0,1892.0,1833.0,1775.0,1716.0,1658.0,1619.0,1589.0,1580.0,1580.0,1609.0,1667.0,1736.0,1823.0,1931.0,2038.0,2145.0,2262.0,2360.0,2447.0,2516.0,2564.0,2594.0,2603.0,2594.0,2584.0,2555.0,2525.0,2496.0,2457.0,2428.0,2399.0,2369.0,2340.0,2311.0,2272.0,2233.0,2194.0,2155.0,2106.0,2057.0,2018.0,1960.0,1911.0,1853.0,1792.0,1730.0,1679.0</WaveformData>
            <WaveformData ID="3289908" Label="ABP" UOM="mmHg" Cal="30,60,307,3378" SampleRate="125" SamplePeriodInMsec="1000" Samples="125">41.9,41.8,41.5,41.2,41.0,40.7,40.5,40.2,40.0,39.7,39.4,39.1,39.1,39.3,40.1,42.1,45.2,49.1,53.2,56.7,59.7,61.7,62.3,61.7,60.2,58.0,55.6,53.1,51.1,49.4,48.4,47.8,47.6,47.6,47.6,47.7,47.6,47.5,47.3,47.0,46.6,46.2,45.9,45.4,44.9,44.4,44.0,43.6,43.2,42.9,42.6,42.4,42.2,42.1,41.8,41.6,41.2,40.9,40.6,40.4,40.1,39.8,39.5,39.3,38.9,38.7,38.7,39.1,40.1,42.1,45.1,48.6,52.2,55.1,57.0,57.8,57.3,55.9,53.7,51.4,49.2,47.5,46.3,45.6,45.3,45.4,45.6,45.7,45.7,45.7,45.6,45.3,45.0,44.6,44.2,43.8,43.4,42.9,42.6,42.2,41.8,41.5,41.2,41.0,40.8,40.6,40.5,40.3,40.1,39.9,39.6,39.4,39.1,38.7,38.5,38.2,38.0,37.7,37.6,37.5,37.6,38.4,40.2,43.1,46.8</WaveformData>
            <WaveformData ID="4214108" Label="Unk lbl 4214108" UOM="Uncalib" Cal="0,0,0,0" SampleRate="125" SamplePeriodInMsec="1000" Samples="125">1867,1831,1783,1746,1698,1662,1626,1590,1554,1518,1493,1457,1433,1409,1397,1397,1397,1421,1445,1506,1566,1650,1734,1831,1951,2048,2156,2252,2349,2421,2481,2517,2541,2553,2553,2541,2517,2481,2445,2409,2361,2325,2288,2240,2204,2168,2132,2084,2048,2024,1987,1951,1915,1879,1855,1819,1795,1771,1746,1734,1710,1698,1686,1686,1674,1662,1662,1674,1686,1698,1734,1771,1843,1915,1999,2096,2204,2325,2445,2565,2674,2770,2855,2939,2999,3035,3059,3071,3071,3071,3059,3035,3011,2987,2963,2939,2903,2855,2806,2758,2710,2662,2602,2541,2493,2433,2385,2325,2276,2216,2168,2120,2072,2036,1987,1951,1903,1855,1819,1771,1734,1710,1686,1662,1662</WaveformData>
      </Waveforms>
      <VitalSigns CollectionTime="12/21/2017 1:53:19 PM" CollectionTimeUTC="1513885999">
            <VitalSign>
                  <Parameter>HR</Parameter>
                  <BpChannel />
                  <Time>12/21/2017 1:53:19 PM</Time>
                  <TimeUTC>1513885999</TimeUTC>
                  <Value UOM="Bpm" Q="">141</Value>
                  <AlarmLimitLow />
                  <AlarmLimitHigh />
            </VitalSign>
            <VitalSign>
                  <Parameter>NBP-S</Parameter>
                  <BpChannel />
                  <Time>12/21/2017 8:23:00 PM</Time>
                  <TimeUTC>1513909380</TimeUTC>
                  <Value UOM="mmHg" Q="">NODATA</Value>
                  <AlarmLimitLow />
                  <AlarmLimitHigh />
            </VitalSign>
            <VitalSign>
                  <Parameter>NBP-D</Parameter>
                  <BpChannel />
                  <Time>12/21/2017 8:23:00 PM</Time>
                  <TimeUTC>1513909380</TimeUTC>
                  <Value UOM="mmHg" Q="">NODATA</Value>
                  <AlarmLimitLow />
                  <AlarmLimitHigh />
            </VitalSign>
            <VitalSign>
                  <Parameter>NBP-M</Parameter>
                  <BpChannel />
                  <Time>12/21/2017 8:23:00 PM</Time>
                  <TimeUTC>1513909380</TimeUTC>
                  <Value UOM="mmHg" Q="">NODATA</Value>
                  <AlarmLimitLow />
                  <AlarmLimitHigh />
            </VitalSign>
            <VitalSign>
                  <Parameter>PVC</Parameter>
                  <BpChannel />
                  <Time>12/21/2017 1:53:19 PM</Time>
                  <TimeUTC>1513885999</TimeUTC>
                  <Value UOM="Bpm" Q="">0</Value>
                  <AlarmLimitLow />
                  <AlarmLimitHigh />
            </VitalSign>
            <VitalSign>
                  <Parameter>RHY</Parameter>
                  <BpChannel />
                  <Time>12/21/2017 1:53:19 PM</Time>
                  <TimeUTC>1513885999</TimeUTC>
                  <Value UOM="" Q="">SINUS RHYTHM</Value>
                  <AlarmLimitLow />
                  <AlarmLimitHigh />
            </VitalSign>
            <VitalSign>
                  <Parameter>ECT</Parameter>
                  <BpChannel />
                  <Time>12/21/2017 1:53:19 PM</Time>
                  <TimeUTC>1513885999</TimeUTC>
                  <Value UOM="" Q="" />
                  <AlarmLimitLow />
                  <AlarmLimitHigh />
            </VitalSign>
            <VitalSign>
                  <Parameter>RESP</Parameter>
                  <BpChannel />
                  <Time>12/21/2017 1:53:19 PM</Time>
                  <TimeUTC>1513885999</TimeUTC>
                  <Value UOM="BrMin" Q="">39</Value>
                  <AlarmLimitLow />
                  <AlarmLimitHigh />
            </VitalSign>
            <VitalSign>
                  <Parameter>SPO2</Parameter>
                  <BpChannel />
                  <Time>12/21/2017 1:53:19 PM</Time>
                  <TimeUTC>1513885999</TimeUTC>
                  <Value UOM="%" Q="">100</Value>
                  <AlarmLimitLow />
                  <AlarmLimitHigh />
            </VitalSign>
            <VitalSign>
                  <Parameter>PULSE</Parameter>
                  <BpChannel />
                  <Time>12/21/2017 1:53:19 PM</Time>
                  <TimeUTC>1513885999</TimeUTC>
                  <Value UOM="BPM" Q="">141</Value>
                  <AlarmLimitLow />
                  <AlarmLimitHigh />
            </VitalSign>
            <VitalSign>
                  <Parameter>ABP-S</Parameter>
                  <BpChannel />
                  <Time>12/21/2017 1:53:19 PM</Time>
                  <TimeUTC>1513885999</TimeUTC>
                  <Value UOM="mmHg" Q="">58</Value>
                  <AlarmLimitLow />
                  <AlarmLimitHigh />
            </VitalSign>
            <VitalSign>
                  <Parameter>ABP-D</Parameter>
                  <BpChannel />
                  <Time>12/21/2017 1:53:19 PM</Time>
                  <TimeUTC>1513885999</TimeUTC>
                  <Value UOM="mmHg" Q="">39</Value>
                  <AlarmLimitLow />
                  <AlarmLimitHigh />
            </VitalSign>
            <VitalSign>
                  <Parameter>ABP-M</Parameter>
                  <BpChannel />
                  <Time>12/21/2017 1:53:19 PM</Time>
                  <TimeUTC>1513885999</TimeUTC>
                  <Value UOM="mmHg" Q="">45</Value>
                  <AlarmLimitLow />
                  <AlarmLimitHigh />
            </VitalSign>
      </VitalSigns>
      <Alarms />
      <ImportedData />
      <Waveforms CollectionTime="12/21/2017 1:53:20 PM" CollectionTimeUTC="1513886000" TTX="" DisplayOrder="">
            <WaveformData ID="3230796" Label="RESP" UOM="Ohms" Cal="0,1,1230,2867" SampleRate="125" SamplePeriodInMsec="1000" Samples="125">-0.1,-0.1,-0.1,-0.1,-0.2,-0.2,-0.2,-0.2,-0.2,-0.2,-0.2,-0.2,-0.2,-0.2,-0.2,-0.2,-0.2,-0.2,-0.2,-0.2,-0.2,-0.2,-0.2,-0.2,-0.2,-0.2,-0.2,-0.2,-0.2,-0.2,-0.2,-0.2,-0.2,-0.2,-0.2,-0.2,-0.2,-0.2,-0.1,-0.1,-0.1,-0.1,-0.1,-0.1,-0.1,-0.1,-0.1,-0.1,-0.1,-0.1,-0.1,-0.1,-0.1,-0.1,-0.1,-0.1,-0.1,-0.1,-0.1,-0.1,-0.1,-0.1,-0.1,-0.1,-0.2,-0.2,-0.2,-0.2,-0.2,-0.2,-0.2,-0.2,-0.2,-0.2,-0.1,-0.1,-0.1,-0.1,-0.1,-0.1,-0.1,-0.1,0.0,0.0,0.0,0.0,0.1,0.1,0.1,0.2,0.2,0.3,0.3,0.4,0.4,0.4,0.5,0.5,0.6,0.6,0.6,0.7,0.7,0.7,0.7,0.8,0.8,0.8,0.8,0.9,0.9,0.9,0.9,0.9,0.9,0.9,0.9,0.9,0.9,0.9,0.9,0.9,0.9,0.9,0.9</WaveformData>
            <WaveformData ID="4487318" Label="II" UOM="mV" Cal="0,1,1023,3071" SampleRate="125" SamplePeriodInMsec="1000" Samples="125">0.86,0.815,0.77,0.73,0.685,0.64,0.605,0.59,0.62,0.685,0.74,0.75,0.675,0.595,0.55,0.55,0.555,0.565,0.575,0.585,0.605,0.61,0.58,0.895,1.5,1.5,1.055,0.46,0.44,0.69,0.73,0.735,0.745,0.75,0.755,0.76,0.765,0.765,0.775,0.79,0.805,0.83,0.86,0.895,0.925,0.955,0.98,0.995,1,0.985,0.965,0.93,0.89,0.85,0.805,0.765,0.725,0.68,0.645,0.605,0.585,0.605,0.655,0.72,0.74,0.68,0.595,0.54,0.53,0.53,0.535,0.535,0.545,0.555,0.545,0.525,0.785,1.5,1.5,1.14,0.405,0.335,0.575,0.625,0.625,0.625,0.635,0.635,0.63,0.63,0.63,0.635,0.645,0.66,0.685,0.71,0.74,0.77,0.795,0.815,0.825,0.835,0.82,0.79,0.755,0.71,0.665,0.62,0.575,0.53,0.49,0.46,0.43,0.41,0.42,0.47,0.55,0.6,0.575,0.5,0.44,0.42,0.425,0.435,0.445</WaveformData>
            <WaveformData ID="4214093" Label="SPO2" UOM="Uncalib" Cal="0,0,0,0" SampleRate="125" SamplePeriodInMsec="1000" Samples="125">1618.0,1556.0,1495.0,1443.0,1382.0,1310.0,1249.0,1187.0,1126.0,1065.0,1013.0,972.0,952.0,942.0,962.0,1003.0,1065.0,1167.0,1269.0,1423.0,1577.0,1730.0,1884.0,2017.0,2109.0,2201.0,2273.0,2314.0,2344.0,2344.0,2344.0,2324.0,2293.0,2263.0,2242.0,2211.0,2181.0,2150.0,2119.0,2088.0,2058.0,2027.0,1986.0,1945.0,1904.0,1853.0,1812.0,1761.0,1710.0,1648.0,1597.0,1546.0,1484.0,1433.0,1372.0,1321.0,1259.0,1208.0,1146.0,1095.0,1034.0,983.0,931.0,901.0,880.0,890.0,911.0,952.0,1024.0,1116.0,1228.0,1362.0,1515.0,1669.0,1822.0,1966.0,2088.0,2201.0,2283.0,2344.0,2375.0,2385.0,2385.0,2355.0,2344.0,2344.0,2324.0,2283.0,2242.0,2211.0,2170.0,2129.0,2099.0,2058.0,2027.0,1986.0,1945.0,1894.0,1843.0,1792.0,1740.0,1689.0,1628.0,1577.0,1525.0,1464.0,1413.0,1351.0,1300.0,1239.0,1187.0,1126.0,1075.0,1024.0,962.0,911.0,870.0,850.0,829.0,829.0,850.0,890.0,962.0,1044.0,1177.0</WaveformData>
            <WaveformData ID="3289908" Label="ABP" UOM="mmHg" Cal="30,60,307,3378" SampleRate="125" SamplePeriodInMsec="1000" Samples="125">50.6,54.1,56.6,57.9,58.2,57.2,55.4,53.2,50.8,48.7,47.1,46.0,45.5,45.3,45.4,45.5,45.6,45.7,45.7,45.6,45.4,45.1,44.8,44.3,43.9,43.4,43.0,42.6,42.2,41.9,41.6,41.3,41.1,40.9,40.7,40.6,40.4,40.2,39.9,39.7,39.4,39.1,38.9,38.6,38.3,38.0,37.8,37.7,37.9,38.7,40.4,43.1,46.8,50.7,54.3,57.1,58.7,59.2,58.5,56.9,54.7,52.4,50.4,48.7,47.7,47.1,46.8,46.8,47.0,47.2,47.3,47.3,47.2,46.9,46.6,46.2,45.9,45.6,45.2,44.9,44.4,44.1,43.8,43.5,43.2,43.1,42.9,42.7,42.6,42.4,42.1,41.9,41.6,41.4,41.2,40.9,40.6,40.3,40.0,39.7,39.6,39.8,40.7,42.7,45.9,50.1,54.4,58.2,61.2,63.1,63.6,62.9,61.3,59.1,56.6,54.1,52.0,50.4,49.4,48.9,48.7,48.7,48.8,48.8,48.8</WaveformData>
            <WaveformData ID="4214108" Label="Unk lbl 4214108" UOM="Uncalib" Cal="0,0,0,0" SampleRate="125" SamplePeriodInMsec="1000" Samples="125">1662,1686,1722,1771,1831,1903,1975,2048,2108,2180,2240,2288,2325,2349,2349,2349,2325,2300,2264,2228,2180,2144,2096,2048,2024,1975,1939,1891,1855,1807,1771,1722,1686,1638,1590,1554,1506,1457,1421,1373,1337,1289,1253,1216,1168,1144,1108,1072,1048,1024,1036,1048,1072,1096,1096,1120,1144,1192,1241,1313,1397,1481,1590,1698,1807,1903,1999,2072,2144,2238,2282,2311,2311,2311,2282,2252,2208,2165,2121,2062,2033,1974,1931,1872,1828,1770,1726,1667,1609,1565,1506,1462,1404,1360,1302,1243,1199,1155,1097,1053,1009,980,950,936,921,907,907,921,936,965,1009,1082,1155,1258,1375,1492,1623,1755,1887,2004,2106,2194,2267,2311,2340</WaveformData>
      </Waveforms>
      <VitalSigns CollectionTime="12/21/2017 1:53:20 PM" CollectionTimeUTC="1513886000">
            <VitalSign>
                  <Parameter>HR</Parameter>
                  <BpChannel />
                  <Time>12/21/2017 1:53:20 PM</Time>
                  <TimeUTC>1513886000</TimeUTC>
                  <Value UOM="Bpm" Q="">141</Value>
                  <AlarmLimitLow />
                  <AlarmLimitHigh />
            </VitalSign>
            <VitalSign>
                  <Parameter>NBP-S</Parameter>
                  <BpChannel />
                  <Time>12/21/2017 8:23:00 PM</Time>
                  <TimeUTC>1513909380</TimeUTC>
                  <Value UOM="mmHg" Q="">NODATA</Value>
                  <AlarmLimitLow />
                  <AlarmLimitHigh />
            </VitalSign>
            <VitalSign>
                  <Parameter>NBP-D</Parameter>
                  <BpChannel />
                  <Time>12/21/2017 8:23:00 PM</Time>
                  <TimeUTC>1513909380</TimeUTC>
                  <Value UOM="mmHg" Q="">NODATA</Value>
                  <AlarmLimitLow />
                  <AlarmLimitHigh />
            </VitalSign>
            <VitalSign>
                  <Parameter>NBP-M</Parameter>
                  <BpChannel />
                  <Time>12/21/2017 8:23:00 PM</Time>
                  <TimeUTC>1513909380</TimeUTC>
                  <Value UOM="mmHg" Q="">NODATA</Value>
                  <AlarmLimitLow />
                  <AlarmLimitHigh />
            </VitalSign>
            <VitalSign>
                  <Parameter>PVC</Parameter>
                  <BpChannel />
                  <Time>12/21/2017 1:53:20 PM</Time>
                  <TimeUTC>1513886000</TimeUTC>
                  <Value UOM="Bpm" Q="">0</Value>
                  <AlarmLimitLow />
                  <AlarmLimitHigh />
            </VitalSign>
            <VitalSign>
                  <Parameter>RHY</Parameter>
                  <BpChannel />
                  <Time>12/21/2017 1:53:20 PM</Time>
                  <TimeUTC>1513886000</TimeUTC>
                  <Value UOM="" Q="">SINUS RHYTHM</Value>
                  <AlarmLimitLow />
                  <AlarmLimitHigh />
            </VitalSign>
            <VitalSign>
                  <Parameter>ECT</Parameter>
                  <BpChannel />
                  <Time>12/21/2017 1:53:20 PM</Time>
                  <TimeUTC>1513886000</TimeUTC>
                  <Value UOM="" Q="" />
                  <AlarmLimitLow />
                  <AlarmLimitHigh />
            </VitalSign>
            <VitalSign>
                  <Parameter>RESP</Parameter>
                  <BpChannel />
                  <Time>12/21/2017 1:53:20 PM</Time>
                  <TimeUTC>1513886000</TimeUTC>
                  <Value UOM="BrMin" Q="">37</Value>
                  <AlarmLimitLow />
                  <AlarmLimitHigh />
            </VitalSign>
            <VitalSign>
                  <Parameter>SPO2</Parameter>
                  <BpChannel />
                  <Time>12/21/2017 1:53:20 PM</Time>
                  <TimeUTC>1513886000</TimeUTC>
                  <Value UOM="%" Q="">100</Value>
                  <AlarmLimitLow />
                  <AlarmLimitHigh />
            </VitalSign>
            <VitalSign>
                  <Parameter>PULSE</Parameter>
                  <BpChannel />
                  <Time>12/21/2017 1:53:20 PM</Time>
                  <TimeUTC>1513886000</TimeUTC>
                  <Value UOM="BPM" Q="">140</Value>
                  <AlarmLimitLow />
                  <AlarmLimitHigh />
            </VitalSign>
            <VitalSign>
                  <Parameter>ABP-S</Parameter>
                  <BpChannel />
                  <Time>12/21/2017 1:53:20 PM</Time>
                  <TimeUTC>1513886000</TimeUTC>
                  <Value UOM="mmHg" Q="">58</Value>
                  <AlarmLimitLow />
                  <AlarmLimitHigh />
            </VitalSign>
            <VitalSign>
                  <Parameter>ABP-D</Parameter>
                  <BpChannel />
                  <Time>12/21/2017 1:53:20 PM</Time>
                  <TimeUTC>1513886000</TimeUTC>
                  <Value UOM="mmHg" Q="">38</Value>
                  <AlarmLimitLow />
                  <AlarmLimitHigh />
            </VitalSign>
            <VitalSign>
                  <Parameter>ABP-M</Parameter>
                  <BpChannel />
                  <Time>12/21/2017 1:53:20 PM</Time>
                  <TimeUTC>1513886000</TimeUTC>
                  <Value UOM="mmHg" Q="">45</Value>
                  <AlarmLimitLow />
                  <AlarmLimitHigh />
            </VitalSign>
      </VitalSigns>
      <Alarms />
      <ImportedData />
      <Waveforms CollectionTime="12/21/2017 1:53:21 PM" CollectionTimeUTC="1513886001" TTX="" DisplayOrder="">
            <WaveformData ID="3230796" Label="RESP" UOM="Ohms" Cal="0,1,1230,2867" SampleRate="125" SamplePeriodInMsec="1000" Samples="125">0.9,0.9,0.9,0.9,0.9,0.9,0.9,0.9,0.9,0.9,0.8,0.8,0.8,0.8,0.8,0.7,0.7,0.7,0.7,0.6,0.6,0.6,0.5,0.5,0.5,0.4,0.4,0.4,0.3,0.3,0.3,0.3,0.2,0.2,0.2,0.2,0.1,0.1,0.1,0.1,0.1,0.1,0.0,0.0,0.0,0.0,0.0,0.0,0.0,-0.1,-0.1,-0.1,-0.1,-0.1,-0.1,-0.1,-0.1,-0.1,-0.1,-0.1,-0.1,-0.1,-0.1,-0.1,-0.1,-0.1,-0.1,-0.1,-0.1,-0.1,-0.1,-0.1,-0.1,-0.1,-0.1,-0.1,-0.1,-0.1,-0.1,-0.1,-0.1,-0.1,-0.1,-0.1,-0.1,-0.1,-0.1,-0.2,-0.2,-0.2,-0.2,-0.2,-0.2,-0.2,-0.2,-0.2,-0.2,-0.2,-0.2,-0.2,-0.2,-0.2,-0.2,-0.2,-0.2,-0.2,-0.2,-0.2,-0.2,-0.2,-0.2,-0.2,-0.2,-0.2,-0.1,-0.1,-0.1,-0.1,-0.1,-0.1,0.0,0.0,0.0,0.1,0.1</WaveformData>
            <WaveformData ID="4487318" Label="II" UOM="mV" Cal="0,1,1023,3071" SampleRate="125" SamplePeriodInMsec="1000" Samples="125">0.46,0.48,0.495,0.48,0.575,1.115,1.5,1.425,0.625,0.38,0.555,0.66,0.68,0.695,0.705,0.715,0.725,0.735,0.745,0.755,0.765,0.79,0.82,0.855,0.895,0.935,0.97,1.005,1.025,1.035,1.04,1.015,0.985,0.945,0.9,0.855,0.81,0.765,0.72,0.675,0.635,0.6,0.585,0.61,0.675,0.74,0.76,0.69,0.61,0.565,0.56,0.57,0.575,0.585,0.6,0.615,0.62,0.595,0.88,1.5,1.5,1.115,0.49,0.45,0.695,0.735,0.745,0.755,0.76,0.765,0.77,0.77,0.775,0.78,0.795,0.81,0.835,0.865,0.895,0.935,0.965,0.995,1.01,1.015,1,0.975,0.94,0.895,0.855,0.815,0.77,0.73,0.69,0.65,0.615,0.585,0.59,0.64,0.71,0.75,0.71,0.62,0.55,0.535,0.54,0.55,0.55,0.56,0.57,0.57,0.545,0.685,1.32,1.5,1.39,0.54,0.365,0.55,0.635,0.64,0.64,0.645,0.65,0.65,0.645</WaveformData>
            <WaveformData ID="4214093" Label="SPO2" UOM="Uncalib" Cal="0,0,0,0" SampleRate="125" SamplePeriodInMsec="1000" Samples="125">1310.0,1464.0,1638.0,1802.0,1966.0,2109.0,2242.0,2344.0,2437.0,2488.0,2529.0,2549.0,2549.0,2539.0,2519.0,2498.0,2478.0,2457.0,2437.0,2406.0,2385.0,2355.0,2324.0,2293.0,2252.0,2222.0,2170.0,2129.0,2078.0,2048.0,1996.0,1935.0,1884.0,1833.0,1781.0,1720.0,1669.0,1607.0,1546.0,1495.0,1433.0,1372.0,1310.0,1249.0,1198.0,1136.0,1095.0,1054.0,1034.0,1024.0,1044.0,1085.0,1136.0,1228.0,1331.0,1443.0,1556.0,1669.0,1771.0,1853.0,1925.0,1976.0,1996.0,1996.0,1986.0,1966.0,1935.0,1894.0,1853.0,1812.0,1771.0,1740.0,1699.0,1658.0,1618.0,1577.0,1536.0,1484.0,1443.0,1392.0,1341.0,1290.0,1239.0,1198.0,1157.0,1126.0,1085.0,1054.0,1013.0,983.0,952.0,921.0,890.0,860.0,829.0,798.0,768.0,747.0,727.0,716.0,716.0,727.0,757.0,809.0,890.0,983.0,1095.0,1218.0,1351.0,1495.0,1628.0,1751.0,1853.0,1945.0,2007.0,2037.0,2048.0,2048.0,2037.0,2007.0,1957.0,1911.0,1854.0,1809.0,1752.0</WaveformData>
            <WaveformData ID="3289908" Label="ABP" UOM="mmHg" Cal="30,60,307,3378" SampleRate="125" SamplePeriodInMsec="1000" Samples="125">48.7,48.4,48.1,47.7,47.2,46.7,46.4,46.0,45.5,45.1,44.6,44.3,44.0,43.7,43.5,43.3,43.1,42.9,42.6,42.4,42.1,41.8,41.5,41.2,40.9,40.6,40.3,40.0,39.8,39.7,40.1,41.1,43.1,46.1,49.8,53.5,56.6,58.7,59.6,59.2,57.8,55.7,53.3,51.1,49.2,47.9,47.1,46.8,46.8,46.9,47.0,47.0,46.9,46.8,46.6,46.3,46.1,45.7,45.3,44.8,44.4,43.9,43.5,43.1,42.8,42.6,42.4,42.2,42.0,41.8,41.6,41.4,41.1,40.9,40.6,40.3,40.1,39.8,39.6,39.3,39.0,38.8,38.6,38.8,39.5,41.1,43.8,47.4,51.4,55.1,57.9,59.6,60.1,59.4,57.8,55.5,53.1,51.0,49.2,48.0,47.4,47.1,47.3,47.4,47.6,47.6,47.6,47.5,47.3,47.1,46.7,46.4,46.1,45.8,45.5,45.1,44.8,44.4,44.1,43.9,43.6,43.4,43.3,43.1,42.9</WaveformData>
            <WaveformData ID="4214108" Label="Unk lbl 4214108" UOM="Uncalib" Cal="0,0,0,0" SampleRate="125" SamplePeriodInMsec="1000" Samples="125">2340,2325,2296,2252,2208,2150,2091,2048,1989,1931,1872,1814,1755,1697,1638,1594,1536,1492,1433,1389,1345,1302,1258,1228,1185,1155,1141,1126,1126,1111,1126,1126,1126,1141,1155,1185,1214,1272,1316,1404,1492,1594,1711,1843,1974,2091,2223,2340,2457,2545,2618,2677,2706,2735,2735,2720,2706,2677,2647,2603,2574,2530,2486,2442,2399,2355,2296,2252,2194,2150,2091,2048,1989,1931,1872,1814,1755,1697,1638,1580,1521,1462,1404,1345,1287,1228,1170,1126,1082,1053,1024,1009,1024,1038,1068,1126,1199,1287,1375,1477,1565,1638,1697,1755,1784,1799,1784,1770,1740,1697,1638,1580,1521,1477,1419,1375,1331,1287,1243,1214,1170,1141,1097,1068,1024</WaveformData>
      </Waveforms>
      <VitalSigns CollectionTime="12/21/2017 1:53:21 PM" CollectionTimeUTC="1513886001">
            <VitalSign>
                  <Parameter>HR</Parameter>
                  <BpChannel />
                  <Time>12/21/2017 1:53:21 PM</Time>
                  <TimeUTC>1513886001</TimeUTC>
                  <Value UOM="Bpm" Q="">141</Value>
                  <AlarmLimitLow />
                  <AlarmLimitHigh />
            </VitalSign>
            <VitalSign>
                  <Parameter>NBP-S</Parameter>
                  <BpChannel />
                  <Time>12/21/2017 8:23:00 PM</Time>
                  <TimeUTC>1513909380</TimeUTC>
                  <Value UOM="mmHg" Q="">NODATA</Value>
                  <AlarmLimitLow />
                  <AlarmLimitHigh />
            </VitalSign>
            <VitalSign>
                  <Parameter>NBP-D</Parameter>
                  <BpChannel />
                  <Time>12/21/2017 8:23:00 PM</Time>
                  <TimeUTC>1513909380</TimeUTC>
                  <Value UOM="mmHg" Q="">NODATA</Value>
                  <AlarmLimitLow />
                  <AlarmLimitHigh />
            </VitalSign>
            <VitalSign>
                  <Parameter>NBP-M</Parameter>
                  <BpChannel />
                  <Time>12/21/2017 8:23:00 PM</Time>
                  <TimeUTC>1513909380</TimeUTC>
                  <Value UOM="mmHg" Q="">NODATA</Value>
                  <AlarmLimitLow />
                  <AlarmLimitHigh />
            </VitalSign>
            <VitalSign>
                  <Parameter>PVC</Parameter>
                  <BpChannel />
                  <Time>12/21/2017 1:53:21 PM</Time>
                  <TimeUTC>1513886001</TimeUTC>
                  <Value UOM="Bpm" Q="">0</Value>
                  <AlarmLimitLow />
                  <AlarmLimitHigh />
            </VitalSign>
            <VitalSign>
                  <Parameter>RHY</Parameter>
                  <BpChannel />
                  <Time>12/21/2017 1:53:21 PM</Time>
                  <TimeUTC>1513886001</TimeUTC>
                  <Value UOM="" Q="">SINUS RHYTHM</Value>
                  <AlarmLimitLow />
                  <AlarmLimitHigh />
            </VitalSign>
            <VitalSign>
                  <Parameter>ECT</Parameter>
                  <BpChannel />
                  <Time>12/21/2017 1:53:21 PM</Time>
                  <TimeUTC>1513886001</TimeUTC>
                  <Value UOM="" Q="" />
                  <AlarmLimitLow />
                  <AlarmLimitHigh />
            </VitalSign>
            <VitalSign>
                  <Parameter>RESP</Parameter>
                  <BpChannel />
                  <Time>12/21/2017 1:53:21 PM</Time>
                  <TimeUTC>1513886001</TimeUTC>
                  <Value UOM="BrMin" Q="">39</Value>
                  <AlarmLimitLow />
                  <AlarmLimitHigh />
            </VitalSign>
            <VitalSign>
                  <Parameter>SPO2</Parameter>
                  <BpChannel />
                  <Time>12/21/2017 1:53:21 PM</Time>
                  <TimeUTC>1513886001</TimeUTC>
                  <Value UOM="%" Q="">99</Value>
                  <AlarmLimitLow />
                  <AlarmLimitHigh />
            </VitalSign>
            <VitalSign>
                  <Parameter>PULSE</Parameter>
                  <BpChannel />
                  <Time>12/21/2017 1:53:21 PM</Time>
                  <TimeUTC>1513886001</TimeUTC>
                  <Value UOM="BPM" Q="">140</Value>
                  <AlarmLimitLow />
                  <AlarmLimitHigh />
            </VitalSign>
            <VitalSign>
                  <Parameter>ABP-S</Parameter>
                  <BpChannel />
                  <Time>12/21/2017 1:53:21 PM</Time>
                  <TimeUTC>1513886001</TimeUTC>
                  <Value UOM="mmHg" Q="">59</Value>
                  <AlarmLimitLow />
                  <AlarmLimitHigh />
            </VitalSign>
            <VitalSign>
                  <Parameter>ABP-D</Parameter>
                  <BpChannel />
                  <Time>12/21/2017 1:53:21 PM</Time>
                  <TimeUTC>1513886001</TimeUTC>
                  <Value UOM="mmHg" Q="">39</Value>
                  <AlarmLimitLow />
                  <AlarmLimitHigh />
            </VitalSign>
            <VitalSign>
                  <Parameter>ABP-M</Parameter>
                  <BpChannel />
                  <Time>12/21/2017 1:53:21 PM</Time>
                  <TimeUTC>1513886001</TimeUTC>
                  <Value UOM="mmHg" Q="">45</Value>
                  <AlarmLimitLow />
                  <AlarmLimitHigh />
            </VitalSign>
      </VitalSigns>
      <Alarms />
      <ImportedData />
</Segment>
</BedMasterEx>